<?xml version="1.0" encoding="UTF-8"?>
<testsuites name="Full Sanity Test (US, mobile)" time="1072" tests="10" failures="10" errors="1">
   <testsuite name="Full Sanity Test (US, mobile)" tests="10" failures="10" errors="1" time="1072" timestamp="2018-09-27 10:00:03" hostname="vbrooks - PLEMKTPLACE-08.esa.winadroot.com" id="Test Suites/Full Sanity Test (US, mobile)">
      <properties>
         <property name="deviceName" value=""/>
         <property name="devicePlatform" value=""/>
         <property name="logFolder" value="C:\\Users\\vbrooks\\Katalon Studio\\Birchbox\\Reports\\Full Sanity Test (US, mobile)\\20180927_095956"/>
         <property name="logFiles" value="C:\\Users\\vbrooks\\Katalon Studio\\Birchbox\\Reports\\Full Sanity Test (US, mobile)\\20180927_095956\\execution0.log"/>
         <property name="attachments" value=""/>
         <property name="hostName" value="vbrooks - PLEMKTPLACE-08.esa.winadroot.com"/>
         <property name="os" value="Windows 7 64bit"/>
         <property name="katalonVersion" value="5.7.1.1"/>
         <property name="browser" value="Chrome 69.0.3497.100"/>
         <property name="hostAddress" value="10.241.184.32"/>
         <property name="sessionId" value="72ec86358b66c8116ce6d6f4818f3380"/>
         <property name="seleniumVersion" value="3.7.1"/>
         <property name="proxyInformation" value="ProxyInformation{proxyOption=NO_PROXY, proxyServerType=HTTP, password=, proxyServerAddress=, proxyServerPort=0}"/>
         <property name="platform" value="Windows 7"/>
      </properties>
      <testcase name="Test Cases/US mobile test/Launch the Birchbox site in the required locale - US (www.staging.birchbox.com)" classname="Test Cases/US mobile test/Launch the Birchbox site in the required locale - US (www.staging.birchbox.com)" status="PASSED">
         <system-out><![CDATA[2018-09-27 10:00:04 - [TEST_CASE][PASSED] - Test Cases/US mobile test/Launch the Birchbox site in the required locale - US (www.staging.birchbox.com): Test Cases/US mobile test/Launch the Birchbox site in the required locale - US (www.staging.birchbox.com)

2018-09-27 10:00:04 - [TEST_STEP][PASSED] - openBrowser: Browser is opened with url: ''

2018-09-27 10:00:43 - [MESSAGE][PASSED] - Browser is opened with url: ''

2018-09-27 10:00:43 - [TEST_STEP][PASSED] - Statement - viewportHeight = com.kms.katalon.core.webui.keyword.WebUiBuiltInKeywords.getViewportHeight(): Viewport height is 707

2018-09-27 10:00:43 - [MESSAGE][PASSED] - Viewport height is 707

2018-09-27 10:00:43 - [TEST_STEP][PASSED] - Statement - viewportWidth = com.kms.katalon.core.webui.keyword.WebUiBuiltInKeywords.getViewportWidth(): Viewport width is 1040

2018-09-27 10:00:43 - [MESSAGE][PASSED] - Viewport width is 1040

2018-09-27 10:00:43 - [TEST_STEP][PASSED] - Statement - println("Browser size: " + viewportWidth + "X" + viewportHeight): null

2018-09-27 10:00:43 - [TEST_STEP][PASSED] - navigateToUrl: Navigate to 'https://www.staging.birchbox.com' successfully

2018-09-27 10:00:52 - [MESSAGE][PASSED] - Navigate to 'https://www.staging.birchbox.com' successfully

2018-09-27 10:00:52 - [TEST_STEP][PASSED] - Statement - If (viewportWidth > 1000): Viewport is set to new size with width = 400 and height = 900

2018-09-27 10:00:52 - [TEST_STEP][PASSED] - setViewPortSize: Viewport is set to new size with width = 400 and height = 900

2018-09-27 10:00:53 - [MESSAGE][PASSED] - Viewport is set to new size with width = 400 and height = 900

2018-09-27 10:00:53 - [TEST_STEP][PASSED] - delay: Delayed 10 second(s)

2018-09-27 10:01:03 - [MESSAGE][PASSED] - Delayed 10 second(s)

2018-09-27 10:01:03 - [TEST_STEP][PASSED] - click: Object: 'Object Repository/Page_Beauty Box Subscription for Wo/svg_icon__close_popup' is clicked on

2018-09-27 10:01:04 - [MESSAGE][PASSED] - Object: 'Object Repository/Page_Beauty Box Subscription for Wo/svg_icon__close_popup' is clicked on]]></system-out>
         <system-err><![CDATA[]]></system-err>
      </testcase>
      <testcase name="Test Cases/US mobile test/Purchase subscription and create profile" classname="Test Cases/US mobile test/Purchase subscription and create profile" status="PASSED">
         <system-out><![CDATA[2018-09-27 10:01:04 - [TEST_CASE][PASSED] - Test Cases/US mobile test/Purchase subscription and create profile: Test Cases/US mobile test/Purchase subscription and create profile

2018-09-27 10:01:04 - [TEST_STEP][PASSED] - Statement - date = new java.util.Date(): null

2018-09-27 10:01:04 - [TEST_STEP][PASSED] - Statement - datetimeMMddyyhhmm = date.format("MMddyyhhmm"): null

2018-09-27 10:01:04 - [TEST_STEP][PASSED] - Statement - uniqueUSEmail = "birchbox.intertek+us" + datetimeMMddyyhhmm + "@gmail.com": null

2018-09-27 10:01:04 - [TEST_STEP][NOT_RUN] - callTestCase: NOT_RUN: callTestCase

2018-09-27 10:01:04 - [MESSAGE][NOT_RUN] - NOT_RUN: callTestCase

2018-09-27 10:01:04 - [TEST_STEP][PASSED] - click: Object: 'Object Repository/Page_Beauty Box Subscription for Wo/svg_icon__hamburger_menu (1)' is clicked on

2018-09-27 10:01:05 - [MESSAGE][PASSED] - Object: 'Object Repository/Page_Beauty Box Subscription for Wo/svg_icon__hamburger_menu (1)' is clicked on

2018-09-27 10:01:05 - [TEST_STEP][PASSED] - comment: Test - Navigate to the subscription page and initiate a purchase

2018-09-27 10:01:05 - [TEST_STEP][PASSED] - waitForElementClickable: Object 'Object Repository/Page_Beauty Box Subscription for Wo/a_Join' is clickable

2018-09-27 10:01:05 - [MESSAGE][WARNING] - Timeout '0' is invalid. Using default page load timeout: '90'

2018-09-27 10:01:05 - [MESSAGE][PASSED] - Object 'Object Repository/Page_Beauty Box Subscription for Wo/a_Join' is clickable

2018-09-27 10:01:05 - [TEST_STEP][PASSED] - click: Object: 'Object Repository/Page_Beauty Box Subscription for Wo/a_Join' is clicked on

2018-09-27 10:01:06 - [MESSAGE][PASSED] - Object: 'Object Repository/Page_Beauty Box Subscription for Wo/a_Join' is clicked on

2018-09-27 10:01:06 - [TEST_STEP][PASSED] - delay: Delayed 2 second(s)

2018-09-27 10:01:08 - [MESSAGE][PASSED] - Delayed 2 second(s)

2018-09-27 10:01:08 - [TEST_STEP][PASSED] - waitForElementVisible: Object 'Object Repository/Page_Beauty Box Subscription for Wo/button_Get Your September Box' is visible

2018-09-27 10:01:08 - [MESSAGE][WARNING] - Timeout '0' is invalid. Using default page load timeout: '90'

2018-09-27 10:01:08 - [MESSAGE][PASSED] - Object 'Object Repository/Page_Beauty Box Subscription for Wo/button_Get Your September Box' is visible

2018-09-27 10:01:08 - [TEST_STEP][PASSED] - waitForElementClickable: Object 'Object Repository/Page_Beauty Box Subscription for Wo/button_Get Your September Box' is clickable

2018-09-27 10:01:08 - [MESSAGE][WARNING] - Timeout '0' is invalid. Using default page load timeout: '90'

2018-09-27 10:01:08 - [MESSAGE][PASSED] - Object 'Object Repository/Page_Beauty Box Subscription for Wo/button_Get Your September Box' is clickable

2018-09-27 10:01:08 - [TEST_STEP][PASSED] - click: Object: 'Object Repository/Page_Beauty Box Subscription for Wo/button_Get Your September Box' is clicked on

2018-09-27 10:01:08 - [MESSAGE][PASSED] - Object: 'Object Repository/Page_Beauty Box Subscription for Wo/button_Get Your September Box' is clicked on

2018-09-27 10:01:08 - [TEST_STEP][PASSED] - delay: Delayed 4 second(s)

2018-09-27 10:01:12 - [MESSAGE][PASSED] - Delayed 4 second(s)

2018-09-27 10:01:12 - [TEST_STEP][PASSED] - comment: Register as a new user

2018-09-27 10:01:12 - [TEST_STEP][PASSED] - click: Object: 'Object Repository/Page_Beauty Box Subscription for Wo/div_Password (7)' is clicked on

2018-09-27 10:01:14 - [MESSAGE][PASSED] - Object: 'Object Repository/Page_Beauty Box Subscription for Wo/div_Password (7)' is clicked on

2018-09-27 10:01:14 - [TEST_STEP][PASSED] - setText: Text 'Peter' is set on object 'Object Repository/Page_Beauty Box Subscription for Wo/input_firstName (4)'

2018-09-27 10:01:14 - [MESSAGE][PASSED] - Text 'Peter' is set on object 'Object Repository/Page_Beauty Box Subscription for Wo/input_firstName (4)'

2018-09-27 10:01:14 - [TEST_STEP][PASSED] - setText: Text 'Gibbons' is set on object 'Object Repository/Page_Beauty Box Subscription for Wo/input_lastName (4)'

2018-09-27 10:01:15 - [MESSAGE][PASSED] - Text 'Gibbons' is set on object 'Object Repository/Page_Beauty Box Subscription for Wo/input_lastName (4)'

2018-09-27 10:01:15 - [TEST_STEP][PASSED] - setText: Text 'birchbox.intertek+us0927181001@gmail.com' is set on object 'Object Repository/Page_Beauty Box Subscription for Wo/input_emailAddress (4)'

2018-09-27 10:01:15 - [MESSAGE][PASSED] - Text 'birchbox.intertek+us0927181001@gmail.com' is set on object 'Object Repository/Page_Beauty Box Subscription for Wo/input_emailAddress (4)'

2018-09-27 10:01:15 - [TEST_STEP][PASSED] - setEncryptedText: Text ****** has been set on object 'Object Repository/Page_Beauty Box Subscription for Wo/input_password (5)'

2018-09-27 10:01:16 - [MESSAGE][PASSED] - Text ****** has been set on object 'Object Repository/Page_Beauty Box Subscription for Wo/input_password (5)'

2018-09-27 10:01:16 - [TEST_STEP][PASSED] - click: Object: 'Object Repository/Page_Beauty Box Subscription for Wo/button_Next (3)' is clicked on

2018-09-27 10:01:16 - [MESSAGE][PASSED] - Object: 'Object Repository/Page_Beauty Box Subscription for Wo/button_Next (3)' is clicked on

2018-09-27 10:01:16 - [TEST_STEP][PASSED] - comment: Enter shipping and credit card information

2018-09-27 10:01:16 - [TEST_STEP][PASSED] - setText: Text 'Bill' is set on object 'Object Repository/Page_Beauty Box Subscription for Wo/input_shipping.firstName (2)'

2018-09-27 10:01:23 - [MESSAGE][PASSED] - Text 'Bill' is set on object 'Object Repository/Page_Beauty Box Subscription for Wo/input_shipping.firstName (2)'

2018-09-27 10:01:23 - [TEST_STEP][PASSED] - setText: Text 'Lumbergh' is set on object 'Object Repository/Page_Beauty Box Subscription for Wo/input_shipping.lastName (2)'

2018-09-27 10:01:23 - [MESSAGE][PASSED] - Text 'Lumbergh' is set on object 'Object Repository/Page_Beauty Box Subscription for Wo/input_shipping.lastName (2)'

2018-09-27 10:01:23 - [TEST_STEP][PASSED] - setText: Text '4683 Chabot Drive' is set on object 'Object Repository/Page_Beauty Box Subscription for Wo/input_shipping.streetAddress1 (2)'

2018-09-27 10:01:23 - [MESSAGE][PASSED] - Text '4683 Chabot Drive' is set on object 'Object Repository/Page_Beauty Box Subscription for Wo/input_shipping.streetAddress1 (2)'

2018-09-27 10:01:23 - [TEST_STEP][PASSED] - setText: Text 'Suite 200' is set on object 'Object Repository/Page_Beauty Box Subscription for Wo/input_shipping.streetAddress2 (2)'

2018-09-27 10:01:24 - [MESSAGE][PASSED] - Text 'Suite 200' is set on object 'Object Repository/Page_Beauty Box Subscription for Wo/input_shipping.streetAddress2 (2)'

2018-09-27 10:01:24 - [TEST_STEP][PASSED] - setText: Text 'Pleasanton' is set on object 'Object Repository/Page_Beauty Box Subscription for Wo/input_shipping.city (2)'

2018-09-27 10:01:24 - [MESSAGE][PASSED] - Text 'Pleasanton' is set on object 'Object Repository/Page_Beauty Box Subscription for Wo/input_shipping.city (2)'

2018-09-27 10:01:24 - [TEST_STEP][PASSED] - selectOptionByValue: All options with value 'California' are selected in object 'Object Repository/Page_Beauty Box Subscription for Wo/select_AAACAEAFAKALAMAPARAZCAC (3)'  using regular expression

2018-09-27 10:01:25 - [MESSAGE][PASSED] - All options with value 'California' are selected in object 'Object Repository/Page_Beauty Box Subscription for Wo/select_AAACAEAFAKALAMAPARAZCAC (3)'  using regular expression

2018-09-27 10:01:25 - [TEST_STEP][PASSED] - setText: Text '94588' is set on object 'Object Repository/Page_Beauty Box Subscription for Wo/input_shipping.postCode (2)'

2018-09-27 10:01:25 - [MESSAGE][PASSED] - Text '94588' is set on object 'Object Repository/Page_Beauty Box Subscription for Wo/input_shipping.postCode (2)'

2018-09-27 10:01:25 - [TEST_STEP][PASSED] - setText: Text '4977949494949497' is set on object 'Object Repository/Page_Beauty Box Subscription for Wo/input_payment.creditCardNumber (2)'

2018-09-27 10:01:25 - [MESSAGE][PASSED] - Text '4977949494949497' is set on object 'Object Repository/Page_Beauty Box Subscription for Wo/input_payment.creditCardNumber (2)'

2018-09-27 10:01:25 - [TEST_STEP][PASSED] - selectOptionByValue: All options with value '10' are selected in object 'Object Repository/Page_Beauty Box Subscription for Wo/select_01020304050607080910111 (3)'  using regular expression

2018-09-27 10:01:26 - [MESSAGE][PASSED] - All options with value '10' are selected in object 'Object Repository/Page_Beauty Box Subscription for Wo/select_01020304050607080910111 (3)'  using regular expression

2018-09-27 10:01:26 - [TEST_STEP][PASSED] - selectOptionByValue: All options with value '20' are selected in object 'Object Repository/Page_Beauty Box Subscription for Wo/select_16171819202122232425262 (3)'  using regular expression

2018-09-27 10:01:26 - [MESSAGE][PASSED] - All options with value '20' are selected in object 'Object Repository/Page_Beauty Box Subscription for Wo/select_16171819202122232425262 (3)'  using regular expression

2018-09-27 10:01:26 - [TEST_STEP][PASSED] - setText: Text '737' is set on object 'Object Repository/Page_Beauty Box Subscription for Wo/input_payment.cvv (2)'

2018-09-27 10:01:27 - [MESSAGE][PASSED] - Text '737' is set on object 'Object Repository/Page_Beauty Box Subscription for Wo/input_payment.cvv (2)'

2018-09-27 10:01:27 - [TEST_STEP][PASSED] - click: Object: 'Object Repository/Page_Beauty Box Subscription for Wo/button_Review Your Order (2)' is clicked on

2018-09-27 10:01:27 - [MESSAGE][PASSED] - Object: 'Object Repository/Page_Beauty Box Subscription for Wo/button_Review Your Order (2)' is clicked on

2018-09-27 10:01:27 - [TEST_STEP][PASSED] - delay: Delayed 3 second(s)

2018-09-27 10:01:30 - [MESSAGE][PASSED] - Delayed 3 second(s)

2018-09-27 10:01:30 - [TEST_STEP][PASSED] - comment: Test - Check for correct sales tax calculation and currency symbol

2018-09-27 10:01:30 - [TEST_STEP][PASSED] - Statement - dollar_amount = com.kms.katalon.core.webui.keyword.WebUiBuiltInKeywords.getText(com.kms.katalon.core.testobject.ObjectRepository.findTestObject(Page_Beauty Box Subscription for Wo/div_checkout_total), STOP_ON_FAILURE): Text of object 'Object Repository/Page_Beauty Box Subscription for Wo/div_checkout_total' is: '$65.55'

2018-09-27 10:01:44 - [MESSAGE][PASSED] - Text of object 'Object Repository/Page_Beauty Box Subscription for Wo/div_checkout_total' is: '$65.55'

2018-09-27 10:01:44 - [TEST_STEP][PASSED] - verifyMatch: Actual text '$65.55' and expected text '^\$[0-9]+\.[0-9]{2}$' are matched  using regular expression

2018-09-27 10:01:44 - [MESSAGE][PASSED] - Actual text '$65.55' and expected text '^\$[0-9]+\.[0-9]{2}$' are matched  using regular expression

2018-09-27 10:01:44 - [TEST_STEP][PASSED] - delay: Delayed 1 second(s)

2018-09-27 10:01:45 - [MESSAGE][PASSED] - Delayed 1 second(s)

2018-09-27 10:01:45 - [TEST_STEP][PASSED] - scrollToElement: Scroll to object 'Object Repository/Page_Beauty Box Subscription for Wo/button_Confirm Subscription (2)' successfully

2018-09-27 10:01:45 - [MESSAGE][WARNING] - Timeout '0' is invalid. Using default page load timeout: '90'

2018-09-27 10:01:45 - [MESSAGE][PASSED] - Scroll to object 'Object Repository/Page_Beauty Box Subscription for Wo/button_Confirm Subscription (2)' successfully

2018-09-27 10:01:45 - [TEST_STEP][PASSED] - click: Object: 'Object Repository/Page_Beauty Box Subscription for Wo/button_Confirm Subscription (2)' is clicked on

2018-09-27 10:01:46 - [MESSAGE][PASSED] - Object: 'Object Repository/Page_Beauty Box Subscription for Wo/button_Confirm Subscription (2)' is clicked on

2018-09-27 10:01:46 - [TEST_STEP][PASSED] - delay: Delayed 2 second(s)

2018-09-27 10:01:48 - [MESSAGE][PASSED] - Delayed 2 second(s)

2018-09-27 10:01:48 - [TEST_STEP][PASSED] - comment: Test - Fill in profile as directed when you subscribed

2018-09-27 10:01:48 - [TEST_STEP][NOT_RUN] - Statement - While (!(com.kms.katalon.core.testobject.ObjectRepository.findTestObject(Object Repository/Page_Beauty Box Subscription for Wo/a_Go to your profile (2)))): NOT_RUN: Statement - While (!(com.kms.katalon.core.testobject.ObjectRepository.findTestObject(Object Repository/Page_Beauty Box Subscription for Wo/a_Go to your profile (2))))

2018-09-27 10:01:48 - [MESSAGE][NOT_RUN] - NOT_RUN: Statement - While (!(com.kms.katalon.core.testobject.ObjectRepository.findTestObject(Object Repository/Page_Beauty Box Subscription for Wo/a_Go to your profile (2))))

2018-09-27 10:01:48 - [TEST_STEP][PASSED] - delay: Delayed 15 second(s)

2018-09-27 10:02:03 - [MESSAGE][PASSED] - Delayed 15 second(s)

2018-09-27 10:02:03 - [TEST_STEP][PASSED] - verifyElementNotPresent: Web element with id: 'Object Repository/Page_Birchbox Join the UKs 1 beauty/div_503Backend fetch failed' located by 'By.xpath: //*[@class = 'notifier__error___3_acs notifier__notice___25iXv utilities__relative___1GEg3 utilities__flexContainer___2sCJV']' is not present after '90' second(s)

2018-09-27 10:02:03 - [MESSAGE][WARNING] - Timeout '0' is invalid. Using default page load timeout: '90'

2018-09-27 10:02:03 - [MESSAGE][PASSED] - Web element with id: 'Object Repository/Page_Birchbox Join the UKs 1 beauty/div_503Backend fetch failed' located by 'By.xpath: //*[@class = 'notifier__error___3_acs notifier__notice___25iXv utilities__relative___1GEg3 utilities__flexContainer___2sCJV']' is not present after '90' second(s)

2018-09-27 10:02:03 - [TEST_STEP][PASSED] - click: Object: 'Object Repository/Page_Beauty Box Subscription for Wo/a_Go to your profile (2)' is clicked on

2018-09-27 10:02:03 - [MESSAGE][PASSED] - Object: 'Object Repository/Page_Beauty Box Subscription for Wo/a_Go to your profile (2)' is clicked on

2018-09-27 10:02:03 - [TEST_STEP][PASSED] - click: Object: 'Object Repository/Page_Beauty Box Subscription for Wo/div_SkinComplexion concerns co (2)' is clicked on

2018-09-27 10:02:04 - [MESSAGE][PASSED] - Object: 'Object Repository/Page_Beauty Box Subscription for Wo/div_SkinComplexion concerns co (2)' is clicked on

2018-09-27 10:02:04 - [TEST_STEP][PASSED] - waitForElementClickable: Object 'Object Repository/Page_Beauty Box Subscription for Wo/div_Normal (2)' is clickable

2018-09-27 10:02:04 - [MESSAGE][WARNING] - Timeout '0' is invalid. Using default page load timeout: '90'

2018-09-27 10:02:04 - [MESSAGE][PASSED] - Object 'Object Repository/Page_Beauty Box Subscription for Wo/div_Normal (2)' is clickable

2018-09-27 10:02:04 - [TEST_STEP][PASSED] - click: Object: 'Object Repository/Page_Beauty Box Subscription for Wo/div_Normal (2)' is clicked on

2018-09-27 10:02:04 - [MESSAGE][PASSED] - Object: 'Object Repository/Page_Beauty Box Subscription for Wo/div_Normal (2)' is clicked on

2018-09-27 10:02:04 - [TEST_STEP][PASSED] - waitForElementClickable: Object 'Object Repository/Page_Beauty Box Subscription for Wo/div_Acne (2)' is clickable

2018-09-27 10:02:05 - [MESSAGE][WARNING] - Timeout '0' is invalid. Using default page load timeout: '90'

2018-09-27 10:02:05 - [MESSAGE][PASSED] - Object 'Object Repository/Page_Beauty Box Subscription for Wo/div_Acne (2)' is clickable

2018-09-27 10:02:05 - [TEST_STEP][PASSED] - click: Object: 'Object Repository/Page_Beauty Box Subscription for Wo/div_Acne (2)' is clicked on

2018-09-27 10:02:05 - [MESSAGE][PASSED] - Object: 'Object Repository/Page_Beauty Box Subscription for Wo/div_Acne (2)' is clicked on

2018-09-27 10:02:05 - [TEST_STEP][PASSED] - click: Object: 'Object Repository/Page_Beauty Box Subscription for Wo/div_Aging (2)' is clicked on

2018-09-27 10:02:05 - [MESSAGE][PASSED] - Object: 'Object Repository/Page_Beauty Box Subscription for Wo/div_Aging (2)' is clicked on

2018-09-27 10:02:05 - [TEST_STEP][PASSED] - click: Object: 'Object Repository/Page_Beauty Box Subscription for Wo/div_Cellulite (2)' is clicked on

2018-09-27 10:02:05 - [MESSAGE][PASSED] - Object: 'Object Repository/Page_Beauty Box Subscription for Wo/div_Cellulite (2)' is clicked on

2018-09-27 10:02:05 - [TEST_STEP][PASSED] - click: Object: 'Object Repository/Page_Beauty Box Subscription for Wo/div_Dark spots or uneven skin (2)' is clicked on

2018-09-27 10:02:05 - [MESSAGE][PASSED] - Object: 'Object Repository/Page_Beauty Box Subscription for Wo/div_Dark spots or uneven skin (2)' is clicked on

2018-09-27 10:02:05 - [TEST_STEP][PASSED] - scrollToElement: Scroll to object 'Object Repository/Page_Beauty Box Subscription for Wo/div_Dark spots or uneven skin (2)' successfully

2018-09-27 10:02:05 - [MESSAGE][WARNING] - Timeout '0' is invalid. Using default page load timeout: '90'

2018-09-27 10:02:05 - [MESSAGE][PASSED] - Scroll to object 'Object Repository/Page_Beauty Box Subscription for Wo/div_Dark spots or uneven skin (2)' successfully

2018-09-27 10:02:05 - [TEST_STEP][PASSED] - click: Object: 'Object Repository/Page_Beauty Box Subscription for Wo/div_Undereye circlespuffiness (2)' is clicked on

2018-09-27 10:02:06 - [MESSAGE][PASSED] - Object: 'Object Repository/Page_Beauty Box Subscription for Wo/div_Undereye circlespuffiness (2)' is clicked on

2018-09-27 10:02:06 - [TEST_STEP][PASSED] - click: Object: 'Object Repository/Page_Beauty Box Subscription for Wo/div_Redness or rosacea (2)' is clicked on

2018-09-27 10:02:06 - [MESSAGE][PASSED] - Object: 'Object Repository/Page_Beauty Box Subscription for Wo/div_Redness or rosacea (2)' is clicked on

2018-09-27 10:02:06 - [TEST_STEP][PASSED] - click: Object: 'Object Repository/Page_Beauty Box Subscription for Wo/div_Sensitivity (2)' is clicked on

2018-09-27 10:02:06 - [MESSAGE][PASSED] - Object: 'Object Repository/Page_Beauty Box Subscription for Wo/div_Sensitivity (2)' is clicked on

2018-09-27 10:02:06 - [TEST_STEP][PASSED] - click: Object: 'Object Repository/Page_Beauty Box Subscription for Wo/div_Stretch marks' is clicked on

2018-09-27 10:02:06 - [MESSAGE][PASSED] - Object: 'Object Repository/Page_Beauty Box Subscription for Wo/div_Stretch marks' is clicked on

2018-09-27 10:02:06 - [TEST_STEP][PASSED] - scrollToElement: Scroll to object 'Object Repository/Page_Beauty Box Subscription for Wo/div_Stretch marks' successfully

2018-09-27 10:02:06 - [MESSAGE][WARNING] - Timeout '0' is invalid. Using default page load timeout: '90'

2018-09-27 10:02:06 - [MESSAGE][PASSED] - Scroll to object 'Object Repository/Page_Beauty Box Subscription for Wo/div_Stretch marks' successfully

2018-09-27 10:02:06 - [TEST_STEP][PASSED] - click: Object: 'Object Repository/Page_Beauty Box Subscription for Wo/div_Sun protection' is clicked on

2018-09-27 10:02:06 - [MESSAGE][PASSED] - Object: 'Object Repository/Page_Beauty Box Subscription for Wo/div_Sun protection' is clicked on

2018-09-27 10:02:06 - [TEST_STEP][PASSED] - click: Object: 'Object Repository/Page_Beauty Box Subscription for Wo/div_Other (2)' is clicked on

2018-09-27 10:02:06 - [MESSAGE][PASSED] - Object: 'Object Repository/Page_Beauty Box Subscription for Wo/div_Other (2)' is clicked on

2018-09-27 10:02:06 - [TEST_STEP][PASSED] - click: Object: 'Object Repository/Page_Beauty Box Subscription for Wo/div_Next (2)' is clicked on

2018-09-27 10:02:07 - [MESSAGE][PASSED] - Object: 'Object Repository/Page_Beauty Box Subscription for Wo/div_Next (2)' is clicked on

2018-09-27 10:02:07 - [TEST_STEP][PASSED] - waitForElementClickable: Object 'Object Repository/Page_Beauty Box Subscription for Wo/div_Fair (2)' is clickable

2018-09-27 10:02:07 - [MESSAGE][WARNING] - Timeout '0' is invalid. Using default page load timeout: '90'

2018-09-27 10:02:07 - [MESSAGE][PASSED] - Object 'Object Repository/Page_Beauty Box Subscription for Wo/div_Fair (2)' is clickable

2018-09-27 10:02:07 - [TEST_STEP][PASSED] - click: Object: 'Object Repository/Page_Beauty Box Subscription for Wo/div_Fair (2)' is clicked on

2018-09-27 10:02:07 - [MESSAGE][PASSED] - Object: 'Object Repository/Page_Beauty Box Subscription for Wo/div_Fair (2)' is clicked on

2018-09-27 10:02:07 - [TEST_STEP][PASSED] - waitForElementClickable: Object 'Object Repository/Page_Beauty Box Subscription for Wo/div_Brown (2)' is clickable

2018-09-27 10:02:07 - [MESSAGE][WARNING] - Timeout '0' is invalid. Using default page load timeout: '90'

2018-09-27 10:02:07 - [MESSAGE][PASSED] - Object 'Object Repository/Page_Beauty Box Subscription for Wo/div_Brown (2)' is clickable

2018-09-27 10:02:07 - [TEST_STEP][PASSED] - click: Object: 'Object Repository/Page_Beauty Box Subscription for Wo/div_Brown (2)' is clicked on

2018-09-27 10:02:07 - [MESSAGE][PASSED] - Object: 'Object Repository/Page_Beauty Box Subscription for Wo/div_Brown (2)' is clicked on

2018-09-27 10:02:07 - [TEST_STEP][PASSED] - waitForElementClickable: Object 'Object Repository/Page_Beauty Box Subscription for Wo/div_Thick (2)' is clickable

2018-09-27 10:02:07 - [MESSAGE][WARNING] - Timeout '0' is invalid. Using default page load timeout: '90'

2018-09-27 10:02:08 - [MESSAGE][PASSED] - Object 'Object Repository/Page_Beauty Box Subscription for Wo/div_Thick (2)' is clickable

2018-09-27 10:02:08 - [TEST_STEP][PASSED] - click: Object: 'Object Repository/Page_Beauty Box Subscription for Wo/div_Thick (2)' is clicked on

2018-09-27 10:02:08 - [MESSAGE][PASSED] - Object: 'Object Repository/Page_Beauty Box Subscription for Wo/div_Thick (2)' is clicked on

2018-09-27 10:02:08 - [TEST_STEP][PASSED] - click: Object: 'Object Repository/Page_Beauty Box Subscription for Wo/div_Fine (2)' is clicked on

2018-09-27 10:02:08 - [MESSAGE][PASSED] - Object: 'Object Repository/Page_Beauty Box Subscription for Wo/div_Fine (2)' is clicked on

2018-09-27 10:02:08 - [TEST_STEP][PASSED] - scrollToElement: Scroll to object 'Object Repository/Page_Beauty Box Subscription for Wo/div_Fine (2)' successfully

2018-09-27 10:02:08 - [MESSAGE][WARNING] - Timeout '0' is invalid. Using default page load timeout: '90'

2018-09-27 10:02:08 - [MESSAGE][PASSED] - Scroll to object 'Object Repository/Page_Beauty Box Subscription for Wo/div_Fine (2)' successfully

2018-09-27 10:02:08 - [TEST_STEP][PASSED] - click: Object: 'Object Repository/Page_Beauty Box Subscription for Wo/div_Straight (2)' is clicked on

2018-09-27 10:02:08 - [MESSAGE][PASSED] - Object: 'Object Repository/Page_Beauty Box Subscription for Wo/div_Straight (2)' is clicked on

2018-09-27 10:02:08 - [TEST_STEP][PASSED] - click: Object: 'Object Repository/Page_Beauty Box Subscription for Wo/div_Wavy (2)' is clicked on

2018-09-27 10:02:08 - [MESSAGE][PASSED] - Object: 'Object Repository/Page_Beauty Box Subscription for Wo/div_Wavy (2)' is clicked on

2018-09-27 10:02:08 - [TEST_STEP][PASSED] - click: Object: 'Object Repository/Page_Beauty Box Subscription for Wo/div_Curly (2)' is clicked on

2018-09-27 10:02:09 - [MESSAGE][PASSED] - Object: 'Object Repository/Page_Beauty Box Subscription for Wo/div_Curly (2)' is clicked on

2018-09-27 10:02:09 - [TEST_STEP][PASSED] - click: Object: 'Object Repository/Page_Beauty Box Subscription for Wo/div_Frizzy (2)' is clicked on

2018-09-27 10:02:09 - [MESSAGE][PASSED] - Object: 'Object Repository/Page_Beauty Box Subscription for Wo/div_Frizzy (2)' is clicked on

2018-09-27 10:02:09 - [TEST_STEP][PASSED] - scrollToElement: Scroll to object 'Object Repository/Page_Beauty Box Subscription for Wo/div_Frizzy (2)' successfully

2018-09-27 10:02:09 - [MESSAGE][WARNING] - Timeout '0' is invalid. Using default page load timeout: '90'

2018-09-27 10:02:09 - [MESSAGE][PASSED] - Scroll to object 'Object Repository/Page_Beauty Box Subscription for Wo/div_Frizzy (2)' successfully

2018-09-27 10:02:09 - [TEST_STEP][PASSED] - click: Object: 'Object Repository/Page_Beauty Box Subscription for Wo/div_Kinky (2)' is clicked on

2018-09-27 10:02:09 - [MESSAGE][PASSED] - Object: 'Object Repository/Page_Beauty Box Subscription for Wo/div_Kinky (2)' is clicked on

2018-09-27 10:02:09 - [TEST_STEP][PASSED] - click: Object: 'Object Repository/Page_Beauty Box Subscription for Wo/div_Dry' is clicked on

2018-09-27 10:02:09 - [MESSAGE][PASSED] - Object: 'Object Repository/Page_Beauty Box Subscription for Wo/div_Dry' is clicked on

2018-09-27 10:02:09 - [TEST_STEP][PASSED] - click: Object: 'Object Repository/Page_Beauty Box Subscription for Wo/div_Normal (3)' is clicked on

2018-09-27 10:02:09 - [MESSAGE][PASSED] - Object: 'Object Repository/Page_Beauty Box Subscription for Wo/div_Normal (3)' is clicked on

2018-09-27 10:02:09 - [TEST_STEP][PASSED] - click: Object: 'Object Repository/Page_Beauty Box Subscription for Wo/div_Oily' is clicked on

2018-09-27 10:02:10 - [MESSAGE][PASSED] - Object: 'Object Repository/Page_Beauty Box Subscription for Wo/div_Oily' is clicked on

2018-09-27 10:02:10 - [TEST_STEP][PASSED] - scrollToElement: Scroll to object 'Object Repository/Page_Beauty Box Subscription for Wo/div_Oily' successfully

2018-09-27 10:02:10 - [MESSAGE][WARNING] - Timeout '0' is invalid. Using default page load timeout: '90'

2018-09-27 10:02:10 - [MESSAGE][PASSED] - Scroll to object 'Object Repository/Page_Beauty Box Subscription for Wo/div_Oily' successfully

2018-09-27 10:02:10 - [TEST_STEP][PASSED] - click: Object: 'Object Repository/Page_Beauty Box Subscription for Wo/div_Too short for a ponytail' is clicked on

2018-09-27 10:02:10 - [MESSAGE][PASSED] - Object: 'Object Repository/Page_Beauty Box Subscription for Wo/div_Too short for a ponytail' is clicked on

2018-09-27 10:02:10 - [TEST_STEP][PASSED] - click: Object: 'Object Repository/Page_Beauty Box Subscription for Wo/div_Next (2)' is clicked on

2018-09-27 10:02:10 - [MESSAGE][PASSED] - Object: 'Object Repository/Page_Beauty Box Subscription for Wo/div_Next (2)' is clicked on

2018-09-27 10:02:10 - [TEST_STEP][PASSED] - verifyElementClickable: Object 'Object Repository/Page_Beauty Box Subscription for Wo/div_Chemically treat (2)' is clickable

2018-09-27 10:02:10 - [MESSAGE][PASSED] - Object 'Object Repository/Page_Beauty Box Subscription for Wo/div_Chemically treat (2)' is clickable

2018-09-27 10:02:10 - [TEST_STEP][PASSED] - click: Object: 'Object Repository/Page_Beauty Box Subscription for Wo/div_Chemically treat (2)' is clicked on

2018-09-27 10:02:10 - [MESSAGE][PASSED] - Object: 'Object Repository/Page_Beauty Box Subscription for Wo/div_Chemically treat (2)' is clicked on

2018-09-27 10:02:10 - [TEST_STEP][PASSED] - click: Object: 'Object Repository/Page_Beauty Box Subscription for Wo/div_Color treat (2)' is clicked on

2018-09-27 10:02:11 - [MESSAGE][PASSED] - Object: 'Object Repository/Page_Beauty Box Subscription for Wo/div_Color treat (2)' is clicked on

2018-09-27 10:02:11 - [TEST_STEP][PASSED] - click: Object: 'Object Repository/Page_Beauty Box Subscription for Wo/div_Style with a curling iron (2)' is clicked on

2018-09-27 10:02:11 - [MESSAGE][PASSED] - Object: 'Object Repository/Page_Beauty Box Subscription for Wo/div_Style with a curling iron (2)' is clicked on

2018-09-27 10:02:11 - [TEST_STEP][PASSED] - click: Object: 'Object Repository/Page_Beauty Box Subscription for Wo/div_Blow dry frequently (2)' is clicked on

2018-09-27 10:02:11 - [MESSAGE][PASSED] - Object: 'Object Repository/Page_Beauty Box Subscription for Wo/div_Blow dry frequently (2)' is clicked on

2018-09-27 10:02:11 - [TEST_STEP][PASSED] - scrollToElement: Scroll to object 'Object Repository/Page_Beauty Box Subscription for Wo/div_Blow dry frequently (2)' successfully

2018-09-27 10:02:11 - [MESSAGE][WARNING] - Timeout '0' is invalid. Using default page load timeout: '90'

2018-09-27 10:02:11 - [MESSAGE][PASSED] - Scroll to object 'Object Repository/Page_Beauty Box Subscription for Wo/div_Blow dry frequently (2)' successfully

2018-09-27 10:02:11 - [TEST_STEP][PASSED] - click: Object: 'Object Repository/Page_Beauty Box Subscription for Wo/div_Straighten with a flat iro (2)' is clicked on

2018-09-27 10:02:11 - [MESSAGE][PASSED] - Object: 'Object Repository/Page_Beauty Box Subscription for Wo/div_Straighten with a flat iro (2)' is clicked on

2018-09-27 10:02:11 - [TEST_STEP][PASSED] - click: Object: 'Object Repository/Page_Beauty Box Subscription for Wo/div_Air dry most of the time (2)' is clicked on

2018-09-27 10:02:11 - [MESSAGE][PASSED] - Object: 'Object Repository/Page_Beauty Box Subscription for Wo/div_Air dry most of the time (2)' is clicked on

2018-09-27 10:02:11 - [TEST_STEP][PASSED] - click: Object: 'Object Repository/Page_Beauty Box Subscription for Wo/div_Close (1)' is clicked on

2018-09-27 10:02:12 - [MESSAGE][PASSED] - Object: 'Object Repository/Page_Beauty Box Subscription for Wo/div_Close (1)' is clicked on

2018-09-27 10:02:12 - [TEST_STEP][PASSED] - verifyElementClickable: Object 'Object Repository/Page_Beauty Box Subscription for Wo/div_Beauty Style (2)' is clickable

2018-09-27 10:02:12 - [MESSAGE][PASSED] - Object 'Object Repository/Page_Beauty Box Subscription for Wo/div_Beauty Style (2)' is clickable

2018-09-27 10:02:12 - [TEST_STEP][PASSED] - click: Object: 'Object Repository/Page_Beauty Box Subscription for Wo/div_Beauty Style (2)' is clicked on

2018-09-27 10:02:12 - [MESSAGE][PASSED] - Object: 'Object Repository/Page_Beauty Box Subscription for Wo/div_Beauty Style (2)' is clicked on

2018-09-27 10:02:12 - [TEST_STEP][PASSED] - waitForElementClickable: Object 'Object Repository/Page_Beauty Box Subscription for Wo/div_Newbie Ill take all the he (2)' is clickable

2018-09-27 10:02:12 - [MESSAGE][WARNING] - Timeout '0' is invalid. Using default page load timeout: '90'

2018-09-27 10:02:12 - [MESSAGE][PASSED] - Object 'Object Repository/Page_Beauty Box Subscription for Wo/div_Newbie Ill take all the he (2)' is clickable

2018-09-27 10:02:12 - [TEST_STEP][PASSED] - click: Object: 'Object Repository/Page_Beauty Box Subscription for Wo/div_Newbie Ill take all the he (2)' is clicked on

2018-09-27 10:02:12 - [MESSAGE][PASSED] - Object: 'Object Repository/Page_Beauty Box Subscription for Wo/div_Newbie Ill take all the he (2)' is clicked on

2018-09-27 10:02:12 - [TEST_STEP][PASSED] - waitForElementClickable: Object 'Object Repository/Page_Beauty Box Subscription for Wo/div_Adventurous Ill try any pr (2)' is clickable

2018-09-27 10:02:12 - [MESSAGE][WARNING] - Timeout '0' is invalid. Using default page load timeout: '90'

2018-09-27 10:02:13 - [MESSAGE][PASSED] - Object 'Object Repository/Page_Beauty Box Subscription for Wo/div_Adventurous Ill try any pr (2)' is clickable

2018-09-27 10:02:13 - [TEST_STEP][PASSED] - click: Object: 'Object Repository/Page_Beauty Box Subscription for Wo/div_Adventurous Ill try any pr (2)' is clicked on

2018-09-27 10:02:13 - [MESSAGE][PASSED] - Object: 'Object Repository/Page_Beauty Box Subscription for Wo/div_Adventurous Ill try any pr (2)' is clicked on

2018-09-27 10:02:13 - [TEST_STEP][PASSED] - click: Object: 'Object Repository/Page_Beauty Box Subscription for Wo/div_Classic I tend towards the (2)' is clicked on

2018-09-27 10:02:13 - [MESSAGE][PASSED] - Object: 'Object Repository/Page_Beauty Box Subscription for Wo/div_Classic I tend towards the (2)' is clicked on

2018-09-27 10:02:13 - [TEST_STEP][PASSED] - click: Object: 'Object Repository/Page_Beauty Box Subscription for Wo/div_Trendy Im the first to pic (2)' is clicked on

2018-09-27 10:02:13 - [MESSAGE][PASSED] - Object: 'Object Repository/Page_Beauty Box Subscription for Wo/div_Trendy Im the first to pic (2)' is clicked on

2018-09-27 10:02:13 - [TEST_STEP][PASSED] - click: Object: 'Object Repository/Page_Beauty Box Subscription for Wo/div_Low-maintenance I often ke (2)' is clicked on

2018-09-27 10:02:13 - [MESSAGE][PASSED] - Object: 'Object Repository/Page_Beauty Box Subscription for Wo/div_Low-maintenance I often ke (2)' is clicked on

2018-09-27 10:02:13 - [TEST_STEP][PASSED] - click: Object: 'Object Repository/Page_Beauty Box Subscription for Wo/div_Next (2)' is clicked on

2018-09-27 10:02:13 - [MESSAGE][PASSED] - Object: 'Object Repository/Page_Beauty Box Subscription for Wo/div_Next (2)' is clicked on

2018-09-27 10:02:13 - [TEST_STEP][PASSED] - delay: Delayed 1 second(s)

2018-09-27 10:02:14 - [MESSAGE][PASSED] - Delayed 1 second(s)

2018-09-27 10:02:14 - [TEST_STEP][PASSED] - waitForElementVisible: Object 'Object Repository/Page_Beauty Box Subscription for Wo/div_Bath and body (2)' is visible

2018-09-27 10:02:15 - [MESSAGE][WARNING] - Timeout '0' is invalid. Using default page load timeout: '90'

2018-09-27 10:02:15 - [MESSAGE][PASSED] - Object 'Object Repository/Page_Beauty Box Subscription for Wo/div_Bath and body (2)' is visible

2018-09-27 10:02:15 - [TEST_STEP][PASSED] - waitForElementClickable: Object 'Object Repository/Page_Beauty Box Subscription for Wo/div_Bath and body (2)' is clickable

2018-09-27 10:02:15 - [MESSAGE][WARNING] - Timeout '0' is invalid. Using default page load timeout: '90'

2018-09-27 10:02:15 - [MESSAGE][PASSED] - Object 'Object Repository/Page_Beauty Box Subscription for Wo/div_Bath and body (2)' is clickable

2018-09-27 10:02:15 - [TEST_STEP][PASSED] - click: Object: 'Object Repository/Page_Beauty Box Subscription for Wo/div_Bath and body (2)' is clicked on

2018-09-27 10:02:15 - [MESSAGE][PASSED] - Object: 'Object Repository/Page_Beauty Box Subscription for Wo/div_Bath and body (2)' is clicked on

2018-09-27 10:02:15 - [TEST_STEP][PASSED] - click: Object: 'Object Repository/Page_Beauty Box Subscription for Wo/div_Fragrance (2)' is clicked on

2018-09-27 10:02:15 - [MESSAGE][PASSED] - Object: 'Object Repository/Page_Beauty Box Subscription for Wo/div_Fragrance (2)' is clicked on

2018-09-27 10:02:15 - [TEST_STEP][PASSED] - click: Object: 'Object Repository/Page_Beauty Box Subscription for Wo/div_Haircare (2)' is clicked on

2018-09-27 10:02:15 - [MESSAGE][PASSED] - Object: 'Object Repository/Page_Beauty Box Subscription for Wo/div_Haircare (2)' is clicked on

2018-09-27 10:02:15 - [TEST_STEP][PASSED] - click: Object: 'Object Repository/Page_Beauty Box Subscription for Wo/div_Makeup (3)' is clicked on

2018-09-27 10:02:15 - [MESSAGE][PASSED] - Object: 'Object Repository/Page_Beauty Box Subscription for Wo/div_Makeup (3)' is clicked on

2018-09-27 10:02:15 - [TEST_STEP][PASSED] - scrollToElement: Scroll to object 'Object Repository/Page_Beauty Box Subscription for Wo/div_Makeup (3)' successfully

2018-09-27 10:02:15 - [MESSAGE][WARNING] - Timeout '0' is invalid. Using default page load timeout: '90'

2018-09-27 10:02:15 - [MESSAGE][PASSED] - Scroll to object 'Object Repository/Page_Beauty Box Subscription for Wo/div_Makeup (3)' successfully

2018-09-27 10:02:15 - [TEST_STEP][PASSED] - click: Object: 'Object Repository/Page_Beauty Box Subscription for Wo/div_Skincare (2)' is clicked on

2018-09-27 10:02:15 - [MESSAGE][PASSED] - Object: 'Object Repository/Page_Beauty Box Subscription for Wo/div_Skincare (2)' is clicked on

2018-09-27 10:02:15 - [TEST_STEP][PASSED] - click: Object: 'Object Repository/Page_Beauty Box Subscription for Wo/div_Next (2)' is clicked on

2018-09-27 10:02:16 - [MESSAGE][PASSED] - Object: 'Object Repository/Page_Beauty Box Subscription for Wo/div_Next (2)' is clicked on

2018-09-27 10:02:16 - [TEST_STEP][PASSED] - delay: Delayed 1 second(s)

2018-09-27 10:02:17 - [MESSAGE][PASSED] - Delayed 1 second(s)

2018-09-27 10:02:17 - [TEST_STEP][PASSED] - waitForElementClickable: Object 'Object Repository/Page_Beauty Box Subscription for Wo/div_Anytime (2)' is clickable

2018-09-27 10:02:17 - [MESSAGE][WARNING] - Timeout '0' is invalid. Using default page load timeout: '90'

2018-09-27 10:02:17 - [MESSAGE][PASSED] - Object 'Object Repository/Page_Beauty Box Subscription for Wo/div_Anytime (2)' is clickable

2018-09-27 10:02:17 - [TEST_STEP][PASSED] - click: Object: 'Object Repository/Page_Beauty Box Subscription for Wo/div_Anytime (2)' is clicked on

2018-09-27 10:02:17 - [MESSAGE][PASSED] - Object: 'Object Repository/Page_Beauty Box Subscription for Wo/div_Anytime (2)' is clicked on

2018-09-27 10:02:17 - [TEST_STEP][PASSED] - delay: Delayed 2 second(s)

2018-09-27 10:02:19 - [MESSAGE][PASSED] - Delayed 2 second(s)

2018-09-27 10:02:19 - [TEST_STEP][PASSED] - waitForElementVisible: Object 'Object Repository/Page_Beauty Box Subscription for Wo/div_Yes please (2)' is visible

2018-09-27 10:02:19 - [MESSAGE][WARNING] - Timeout '0' is invalid. Using default page load timeout: '90'

2018-09-27 10:02:19 - [MESSAGE][PASSED] - Object 'Object Repository/Page_Beauty Box Subscription for Wo/div_Yes please (2)' is visible

2018-09-27 10:02:19 - [TEST_STEP][PASSED] - waitForElementClickable: Object 'Object Repository/Page_Beauty Box Subscription for Wo/div_Yes please (2)' is clickable

2018-09-27 10:02:19 - [MESSAGE][WARNING] - Timeout '0' is invalid. Using default page load timeout: '90'

2018-09-27 10:02:19 - [MESSAGE][PASSED] - Object 'Object Repository/Page_Beauty Box Subscription for Wo/div_Yes please (2)' is clickable

2018-09-27 10:02:19 - [TEST_STEP][PASSED] - click: Object: 'Object Repository/Page_Beauty Box Subscription for Wo/div_Yes please (2)' is clicked on

2018-09-27 10:02:19 - [MESSAGE][PASSED] - Object: 'Object Repository/Page_Beauty Box Subscription for Wo/div_Yes please (2)' is clicked on

2018-09-27 10:02:19 - [TEST_STEP][PASSED] - delay: Delayed 1 second(s)

2018-09-27 10:02:20 - [MESSAGE][PASSED] - Delayed 1 second(s)

2018-09-27 10:02:20 - [TEST_STEP][PASSED] - waitForElementClickable: Object 'Object Repository/Page_Beauty Box Subscription for Wo/div_Beauty-related tools (2)' is clickable

2018-09-27 10:02:20 - [MESSAGE][WARNING] - Timeout '0' is invalid. Using default page load timeout: '90'

2018-09-27 10:02:20 - [MESSAGE][PASSED] - Object 'Object Repository/Page_Beauty Box Subscription for Wo/div_Beauty-related tools (2)' is clickable

2018-09-27 10:02:20 - [TEST_STEP][PASSED] - click: Object: 'Object Repository/Page_Beauty Box Subscription for Wo/div_Beauty-related tools (2)' is clicked on

2018-09-27 10:02:20 - [MESSAGE][PASSED] - Object: 'Object Repository/Page_Beauty Box Subscription for Wo/div_Beauty-related tools (2)' is clicked on

2018-09-27 10:02:20 - [TEST_STEP][PASSED] - click: Object: 'Object Repository/Page_Beauty Box Subscription for Wo/div_Organic and natural produc (2)' is clicked on

2018-09-27 10:02:20 - [MESSAGE][PASSED] - Object: 'Object Repository/Page_Beauty Box Subscription for Wo/div_Organic and natural produc (2)' is clicked on

2018-09-27 10:02:20 - [TEST_STEP][PASSED] - click: Object: 'Object Repository/Page_Beauty Box Subscription for Wo/div_Small accessories (2)' is clicked on

2018-09-27 10:02:21 - [MESSAGE][PASSED] - Object: 'Object Repository/Page_Beauty Box Subscription for Wo/div_Small accessories (2)' is clicked on

2018-09-27 10:02:21 - [TEST_STEP][PASSED] - click: Object: 'Object Repository/Page_Beauty Box Subscription for Wo/div_Wellness-related items (2)' is clicked on

2018-09-27 10:02:21 - [MESSAGE][PASSED] - Object: 'Object Repository/Page_Beauty Box Subscription for Wo/div_Wellness-related items (2)' is clicked on

2018-09-27 10:02:21 - [TEST_STEP][PASSED] - scrollToElement: Scroll to object 'Object Repository/Page_Beauty Box Subscription for Wo/div_Wellness-related items (2)' successfully

2018-09-27 10:02:21 - [MESSAGE][WARNING] - Timeout '0' is invalid. Using default page load timeout: '90'

2018-09-27 10:02:21 - [MESSAGE][PASSED] - Scroll to object 'Object Repository/Page_Beauty Box Subscription for Wo/div_Wellness-related items (2)' successfully

2018-09-27 10:02:21 - [TEST_STEP][PASSED] - click: Object: 'Object Repository/Page_Beauty Box Subscription for Wo/div_Products for a mom (2)' is clicked on

2018-09-27 10:02:21 - [MESSAGE][PASSED] - Object: 'Object Repository/Page_Beauty Box Subscription for Wo/div_Products for a mom (2)' is clicked on

2018-09-27 10:02:21 - [TEST_STEP][PASSED] - click: Object: 'Object Repository/Page_Beauty Box Subscription for Wo/div_Close (1)' is clicked on

2018-09-27 10:02:21 - [MESSAGE][PASSED] - Object: 'Object Repository/Page_Beauty Box Subscription for Wo/div_Close (1)' is clicked on

2018-09-27 10:02:21 - [TEST_STEP][PASSED] - click: Object: 'Object Repository/Page_Beauty Box Subscription for Wo/div_More About You...and all t (2)' is clicked on

2018-09-27 10:02:21 - [MESSAGE][PASSED] - Object: 'Object Repository/Page_Beauty Box Subscription for Wo/div_More About You...and all t (2)' is clicked on

2018-09-27 10:02:21 - [TEST_STEP][PASSED] - comment: Issue - Not sure how to enter the date of birth at this point, so the script just selects the Next button

2018-09-27 10:02:21 - [TEST_STEP][PASSED] - click: Object: 'Object Repository/Page_Beauty Box Subscription for Wo/div_Next (2)' is clicked on

2018-09-27 10:02:22 - [MESSAGE][PASSED] - Object: 'Object Repository/Page_Beauty Box Subscription for Wo/div_Next (2)' is clicked on

2018-09-27 10:02:22 - [TEST_STEP][PASSED] - waitForElementClickable: Object 'Object Repository/Page_Beauty Box Subscription for Wo/div_Other race ethnicity or an (2)' is clickable

2018-09-27 10:02:22 - [MESSAGE][WARNING] - Timeout '0' is invalid. Using default page load timeout: '90'

2018-09-27 10:02:22 - [MESSAGE][PASSED] - Object 'Object Repository/Page_Beauty Box Subscription for Wo/div_Other race ethnicity or an (2)' is clickable

2018-09-27 10:02:22 - [TEST_STEP][PASSED] - click: Object: 'Object Repository/Page_Beauty Box Subscription for Wo/div_Other race ethnicity or an (2)' is clicked on

2018-09-27 10:02:22 - [MESSAGE][PASSED] - Object: 'Object Repository/Page_Beauty Box Subscription for Wo/div_Other race ethnicity or an (2)' is clicked on

2018-09-27 10:02:22 - [TEST_STEP][PASSED] - waitForElementClickable: Object 'Object Repository/Page_Beauty Box Subscription for Wo/div_Under 36000 (2)' is clickable

2018-09-27 10:02:22 - [MESSAGE][WARNING] - Timeout '0' is invalid. Using default page load timeout: '90'

2018-09-27 10:02:22 - [MESSAGE][PASSED] - Object 'Object Repository/Page_Beauty Box Subscription for Wo/div_Under 36000 (2)' is clickable

2018-09-27 10:02:22 - [TEST_STEP][PASSED] - click: Object: 'Object Repository/Page_Beauty Box Subscription for Wo/div_Under 36000 (2)' is clicked on

2018-09-27 10:02:22 - [MESSAGE][PASSED] - Object: 'Object Repository/Page_Beauty Box Subscription for Wo/div_Under 36000 (2)' is clicked on

2018-09-27 10:02:22 - [TEST_STEP][PASSED] - waitForElementClickable: Object 'Object Repository/Page_Beauty Box Subscription for Wo/div_I want lots of beauty samp (2)' is clickable

2018-09-27 10:02:23 - [MESSAGE][WARNING] - Timeout '0' is invalid. Using default page load timeout: '90'

2018-09-27 10:02:23 - [MESSAGE][PASSED] - Object 'Object Repository/Page_Beauty Box Subscription for Wo/div_I want lots of beauty samp (2)' is clickable

2018-09-27 10:02:23 - [TEST_STEP][PASSED] - click: Object: 'Object Repository/Page_Beauty Box Subscription for Wo/div_I want lots of beauty samp (2)' is clicked on

2018-09-27 10:02:23 - [MESSAGE][PASSED] - Object: 'Object Repository/Page_Beauty Box Subscription for Wo/div_I want lots of beauty samp (2)' is clicked on

2018-09-27 10:02:23 - [TEST_STEP][PASSED] - click: Object: 'Object Repository/Page_Beauty Box Subscription for Wo/div_Id like to experiment with (2)' is clicked on

2018-09-27 10:02:23 - [MESSAGE][PASSED] - Object: 'Object Repository/Page_Beauty Box Subscription for Wo/div_Id like to experiment with (2)' is clicked on

2018-09-27 10:02:23 - [TEST_STEP][PASSED] - click: Object: 'Object Repository/Page_Beauty Box Subscription for Wo/div_I dont have time to shop f (2)' is clicked on

2018-09-27 10:02:23 - [MESSAGE][PASSED] - Object: 'Object Repository/Page_Beauty Box Subscription for Wo/div_I dont have time to shop f (2)' is clicked on

2018-09-27 10:02:23 - [TEST_STEP][PASSED] - click: Object: 'Object Repository/Page_Beauty Box Subscription for Wo/div_I want to receive relevant (2)' is clicked on

2018-09-27 10:02:23 - [MESSAGE][PASSED] - Object: 'Object Repository/Page_Beauty Box Subscription for Wo/div_I want to receive relevant (2)' is clicked on

2018-09-27 10:02:23 - [TEST_STEP][PASSED] - scrollToElement: Scroll to object 'Object Repository/Page_Beauty Box Subscription for Wo/div_I want to receive relevant (2)' successfully

2018-09-27 10:02:23 - [MESSAGE][WARNING] - Timeout '0' is invalid. Using default page load timeout: '90'

2018-09-27 10:02:24 - [MESSAGE][PASSED] - Scroll to object 'Object Repository/Page_Beauty Box Subscription for Wo/div_I want to receive relevant (2)' successfully

2018-09-27 10:02:24 - [TEST_STEP][PASSED] - click: Object: 'Object Repository/Page_Beauty Box Subscription for Wo/div_Its hard to buy high-end b (2)' is clicked on

2018-09-27 10:02:24 - [MESSAGE][PASSED] - Object: 'Object Repository/Page_Beauty Box Subscription for Wo/div_Its hard to buy high-end b (2)' is clicked on

2018-09-27 10:02:24 - [TEST_STEP][PASSED] - click: Object: 'Object Repository/Page_Beauty Box Subscription for Wo/div_Other (2)' is clicked on

2018-09-27 10:02:24 - [MESSAGE][PASSED] - Object: 'Object Repository/Page_Beauty Box Subscription for Wo/div_Other (2)' is clicked on

2018-09-27 10:02:24 - [TEST_STEP][PASSED] - click: Object: 'Object Repository/Page_Beauty Box Subscription for Wo/div_Next (2)' is clicked on

2018-09-27 10:02:24 - [MESSAGE][PASSED] - Object: 'Object Repository/Page_Beauty Box Subscription for Wo/div_Next (2)' is clicked on

2018-09-27 10:02:24 - [TEST_STEP][PASSED] - waitForElementClickable: Object 'Object Repository/Page_Beauty Box Subscription for Wo/div_Friend family or coworker (2)' is clickable

2018-09-27 10:02:24 - [MESSAGE][WARNING] - Timeout '0' is invalid. Using default page load timeout: '90'

2018-09-27 10:02:24 - [MESSAGE][PASSED] - Object 'Object Repository/Page_Beauty Box Subscription for Wo/div_Friend family or coworker (2)' is clickable

2018-09-27 10:02:24 - [TEST_STEP][PASSED] - click: Object: 'Object Repository/Page_Beauty Box Subscription for Wo/div_Friend family or coworker (2)' is clicked on

2018-09-27 10:02:24 - [MESSAGE][PASSED] - Object: 'Object Repository/Page_Beauty Box Subscription for Wo/div_Friend family or coworker (2)' is clicked on

2018-09-27 10:02:24 - [TEST_STEP][PASSED] - click: Object: 'Object Repository/Page_Beauty Box Subscription for Wo/div_Given to me as a gift (2)' is clicked on

2018-09-27 10:02:25 - [MESSAGE][PASSED] - Object: 'Object Repository/Page_Beauty Box Subscription for Wo/div_Given to me as a gift (2)' is clicked on

2018-09-27 10:02:25 - [TEST_STEP][PASSED] - click: Object: 'Object Repository/Page_Beauty Box Subscription for Wo/div_Search (e.g. Google Bing) (2)' is clicked on

2018-09-27 10:02:25 - [MESSAGE][PASSED] - Object: 'Object Repository/Page_Beauty Box Subscription for Wo/div_Search (e.g. Google Bing) (2)' is clicked on

2018-09-27 10:02:25 - [TEST_STEP][PASSED] - click: Object: 'Object Repository/Page_Beauty Box Subscription for Wo/div_Facebook (2)' is clicked on

2018-09-27 10:02:25 - [MESSAGE][PASSED] - Object: 'Object Repository/Page_Beauty Box Subscription for Wo/div_Facebook (2)' is clicked on

2018-09-27 10:02:25 - [TEST_STEP][PASSED] - scrollToElement: Scroll to object 'Object Repository/Page_Beauty Box Subscription for Wo/div_Facebook (2)' successfully

2018-09-27 10:02:25 - [MESSAGE][WARNING] - Timeout '0' is invalid. Using default page load timeout: '90'

2018-09-27 10:02:25 - [MESSAGE][PASSED] - Scroll to object 'Object Repository/Page_Beauty Box Subscription for Wo/div_Facebook (2)' successfully

2018-09-27 10:02:25 - [TEST_STEP][PASSED] - click: Object: 'Object Repository/Page_Beauty Box Subscription for Wo/div_Instagram (2)' is clicked on

2018-09-27 10:02:25 - [MESSAGE][PASSED] - Object: 'Object Repository/Page_Beauty Box Subscription for Wo/div_Instagram (2)' is clicked on

2018-09-27 10:02:25 - [TEST_STEP][PASSED] - click: Object: 'Object Repository/Page_Beauty Box Subscription for Wo/div_Youtube (2)' is clicked on

2018-09-27 10:02:25 - [MESSAGE][PASSED] - Object: 'Object Repository/Page_Beauty Box Subscription for Wo/div_Youtube (2)' is clicked on

2018-09-27 10:02:25 - [TEST_STEP][PASSED] - click: Object: 'Object Repository/Page_Beauty Box Subscription for Wo/div_Other social media (e.g. T (2)' is clicked on

2018-09-27 10:02:25 - [MESSAGE][PASSED] - Object: 'Object Repository/Page_Beauty Box Subscription for Wo/div_Other social media (e.g. T (2)' is clicked on

2018-09-27 10:02:25 - [TEST_STEP][PASSED] - click: Object: 'Object Repository/Page_Beauty Box Subscription for Wo/div_TV advertising' is clicked on

2018-09-27 10:02:26 - [MESSAGE][PASSED] - Object: 'Object Repository/Page_Beauty Box Subscription for Wo/div_TV advertising' is clicked on

2018-09-27 10:02:26 - [TEST_STEP][PASSED] - scrollToElement: Scroll to object 'Object Repository/Page_Beauty Box Subscription for Wo/div_TV advertising' successfully

2018-09-27 10:02:26 - [MESSAGE][WARNING] - Timeout '0' is invalid. Using default page load timeout: '90'

2018-09-27 10:02:26 - [MESSAGE][PASSED] - Scroll to object 'Object Repository/Page_Beauty Box Subscription for Wo/div_TV advertising' successfully

2018-09-27 10:02:26 - [TEST_STEP][PASSED] - click: Object: 'Object Repository/Page_Beauty Box Subscription for Wo/div_Podcasts' is clicked on

2018-09-27 10:02:26 - [MESSAGE][PASSED] - Object: 'Object Repository/Page_Beauty Box Subscription for Wo/div_Podcasts' is clicked on

2018-09-27 10:02:26 - [TEST_STEP][PASSED] - click: Object: 'Object Repository/Page_Beauty Box Subscription for Wo/div_Other advertising (banner' is clicked on

2018-09-27 10:02:26 - [MESSAGE][PASSED] - Object: 'Object Repository/Page_Beauty Box Subscription for Wo/div_Other advertising (banner' is clicked on

2018-09-27 10:02:26 - [TEST_STEP][PASSED] - click: Object: 'Object Repository/Page_Beauty Box Subscription for Wo/div_Partnership - other (e.g.' is clicked on

2018-09-27 10:02:26 - [MESSAGE][PASSED] - Object: 'Object Repository/Page_Beauty Box Subscription for Wo/div_Partnership - other (e.g.' is clicked on

2018-09-27 10:02:26 - [TEST_STEP][PASSED] - click: Object: 'Object Repository/Page_Beauty Box Subscription for Wo/div_Personality I follow (e.g.' is clicked on

2018-09-27 10:02:26 - [MESSAGE][PASSED] - Object: 'Object Repository/Page_Beauty Box Subscription for Wo/div_Personality I follow (e.g.' is clicked on

2018-09-27 10:02:26 - [TEST_STEP][PASSED] - scrollToElement: Scroll to object 'Object Repository/Page_Beauty Box Subscription for Wo/div_Personality I follow (e.g.' successfully

2018-09-27 10:02:26 - [MESSAGE][WARNING] - Timeout '0' is invalid. Using default page load timeout: '90'

2018-09-27 10:02:26 - [MESSAGE][PASSED] - Scroll to object 'Object Repository/Page_Beauty Box Subscription for Wo/div_Personality I follow (e.g.' successfully

2018-09-27 10:02:26 - [TEST_STEP][PASSED] - click: Object: 'Object Repository/Page_Beauty Box Subscription for Wo/div_Media coverage (e.g. artic' is clicked on

2018-09-27 10:02:26 - [MESSAGE][PASSED] - Object: 'Object Repository/Page_Beauty Box Subscription for Wo/div_Media coverage (e.g. artic' is clicked on

2018-09-27 10:02:26 - [TEST_STEP][PASSED] - scrollToElement: Scroll to object 'Object Repository/Page_Beauty Box Subscription for Wo/div_Other (2)' successfully

2018-09-27 10:02:27 - [MESSAGE][WARNING] - Timeout '0' is invalid. Using default page load timeout: '90'

2018-09-27 10:02:27 - [MESSAGE][PASSED] - Scroll to object 'Object Repository/Page_Beauty Box Subscription for Wo/div_Other (2)' successfully

2018-09-27 10:02:27 - [TEST_STEP][PASSED] - click: Object: 'Object Repository/Page_Beauty Box Subscription for Wo/div_Birchbox physical store (N' is clicked on

2018-09-27 10:02:27 - [MESSAGE][PASSED] - Object: 'Object Repository/Page_Beauty Box Subscription for Wo/div_Birchbox physical store (N' is clicked on

2018-09-27 10:02:27 - [TEST_STEP][PASSED] - click: Object: 'Object Repository/Page_Beauty Box Subscription for Wo/div_Other (2)' is clicked on

2018-09-27 10:02:27 - [MESSAGE][PASSED] - Object: 'Object Repository/Page_Beauty Box Subscription for Wo/div_Other (2)' is clicked on

2018-09-27 10:02:27 - [TEST_STEP][PASSED] - click: Object: 'Object Repository/Page_Beauty Box Subscription for Wo/div_Close (1)' is clicked on

2018-09-27 10:02:27 - [MESSAGE][PASSED] - Object: 'Object Repository/Page_Beauty Box Subscription for Wo/div_Close (1)' is clicked on

2018-09-27 10:02:27 - [TEST_STEP][PASSED] - waitForElementClickable: Object 'Object Repository/Page_Beauty Box Subscription for Wo/svg_icon__Birchbox' is clickable

2018-09-27 10:02:27 - [MESSAGE][WARNING] - Timeout '0' is invalid. Using default page load timeout: '90'

2018-09-27 10:02:27 - [MESSAGE][PASSED] - Object 'Object Repository/Page_Beauty Box Subscription for Wo/svg_icon__Birchbox' is clickable

2018-09-27 10:02:27 - [TEST_STEP][PASSED] - click: Object: 'Object Repository/Page_Beauty Box Subscription for Wo/svg_icon__Birchbox' is clicked on

2018-09-27 10:02:28 - [MESSAGE][PASSED] - Object: 'Object Repository/Page_Beauty Box Subscription for Wo/svg_icon__Birchbox' is clicked on]]></system-out>
         <system-err><![CDATA[]]></system-err>
      </testcase>
      <testcase name="Test Cases/US mobile test/Add a regular full sized item to your cart and place an order" classname="Test Cases/US mobile test/Add a regular full sized item to your cart and place an order" status="PASSED">
         <system-out><![CDATA[2018-09-27 10:02:28 - [TEST_CASE][PASSED] - Test Cases/US mobile test/Add a regular full sized item to your cart and place an order: Test Cases/US mobile test/Add a regular full sized item to your cart and place an order

2018-09-27 10:02:28 - [TEST_STEP][NOT_RUN] - callTestCase: NOT_RUN: callTestCase

2018-09-27 10:02:28 - [MESSAGE][NOT_RUN] - NOT_RUN: callTestCase

2018-09-27 10:02:28 - [TEST_STEP][PASSED] - click: Object: 'Object Repository/Page_Beauty Box Subscription for Wo/svg_icon__hamburger_menu (1)' is clicked on

2018-09-27 10:02:29 - [MESSAGE][PASSED] - Object: 'Object Repository/Page_Beauty Box Subscription for Wo/svg_icon__hamburger_menu (1)' is clicked on

2018-09-27 10:02:29 - [TEST_STEP][PASSED] - delay: Delayed 3 second(s)

2018-09-27 10:02:32 - [MESSAGE][PASSED] - Delayed 3 second(s)

2018-09-27 10:02:32 - [TEST_STEP][PASSED] - waitForElementVisible: Object 'Object Repository/Page_Beauty Box Subscription for Wo/div_Hair (1)' is visible

2018-09-27 10:02:33 - [MESSAGE][WARNING] - Timeout '0' is invalid. Using default page load timeout: '90'

2018-09-27 10:02:33 - [MESSAGE][PASSED] - Object 'Object Repository/Page_Beauty Box Subscription for Wo/div_Hair (1)' is visible

2018-09-27 10:02:33 - [TEST_STEP][PASSED] - click: Object: 'Object Repository/Page_Beauty Box Subscription for Wo/div_Hair (1)' is clicked on

2018-09-27 10:02:33 - [MESSAGE][PASSED] - Object: 'Object Repository/Page_Beauty Box Subscription for Wo/div_Hair (1)' is clicked on

2018-09-27 10:02:33 - [TEST_STEP][PASSED] - scrollToElement: Scroll to object 'Object Repository/Page_Beauty Box Subscription for Wo/div_See all Haircare (1)' successfully

2018-09-27 10:02:33 - [MESSAGE][WARNING] - Timeout '0' is invalid. Using default page load timeout: '90'

2018-09-27 10:02:34 - [MESSAGE][PASSED] - Scroll to object 'Object Repository/Page_Beauty Box Subscription for Wo/div_See all Haircare (1)' successfully

2018-09-27 10:02:34 - [TEST_STEP][PASSED] - click: Object: 'Object Repository/Page_Beauty Box Subscription for Wo/div_See all Haircare (1)' is clicked on

2018-09-27 10:02:34 - [MESSAGE][PASSED] - Object: 'Object Repository/Page_Beauty Box Subscription for Wo/div_See all Haircare (1)' is clicked on

2018-09-27 10:02:34 - [TEST_STEP][PASSED] - delay: Delayed 1 second(s)

2018-09-27 10:02:35 - [MESSAGE][PASSED] - Delayed 1 second(s)

2018-09-27 10:02:35 - [TEST_STEP][PASSED] - scrollToElement: Scroll to object 'Object Repository/Page_Beauty Box Subscription for Wo/a_Style (1)' successfully

2018-09-27 10:02:35 - [MESSAGE][WARNING] - Timeout '0' is invalid. Using default page load timeout: '90'

2018-09-27 10:02:35 - [MESSAGE][PASSED] - Scroll to object 'Object Repository/Page_Beauty Box Subscription for Wo/a_Style (1)' successfully

2018-09-27 10:02:35 - [TEST_STEP][PASSED] - delay: Delayed 2 second(s)

2018-09-27 10:02:37 - [MESSAGE][PASSED] - Delayed 2 second(s)

2018-09-27 10:02:37 - [TEST_STEP][PASSED] - click: Object: 'Object Repository/Page_Beauty Box Subscription for Wo/a_Hot Tools (1)' is clicked on

2018-09-27 10:02:38 - [MESSAGE][PASSED] - Object: 'Object Repository/Page_Beauty Box Subscription for Wo/a_Hot Tools (1)' is clicked on

2018-09-27 10:02:38 - [TEST_STEP][PASSED] - click: Object: 'Object Repository/Page_Shop Hair Tools/a_Spornette Little Wonder (1)' is clicked on

2018-09-27 10:02:40 - [MESSAGE][PASSED] - Object: 'Object Repository/Page_Shop Hair Tools/a_Spornette Little Wonder (1)' is clicked on

2018-09-27 10:02:40 - [TEST_STEP][PASSED] - comment: Scroll the page to get the Add To Cart button to display

2018-09-27 10:02:40 - [TEST_STEP][PASSED] - scrollToPosition: Browser is scrolled to position x = 0, y = 0

2018-09-27 10:02:40 - [MESSAGE][PASSED] - Browser is scrolled to position x = 0, y = 0

2018-09-27 10:02:40 - [TEST_STEP][PASSED] - delay: Delayed 3 second(s)

2018-09-27 10:02:43 - [MESSAGE][PASSED] - Delayed 3 second(s)

2018-09-27 10:02:43 - [TEST_STEP][PASSED] - scrollToPosition: Browser is scrolled to position x = 0, y = 99999

2018-09-27 10:02:43 - [MESSAGE][PASSED] - Browser is scrolled to position x = 0, y = 99999

2018-09-27 10:02:43 - [TEST_STEP][PASSED] - delay: Delayed 3 second(s)

2018-09-27 10:02:46 - [MESSAGE][PASSED] - Delayed 3 second(s)

2018-09-27 10:02:46 - [TEST_STEP][PASSED] - scrollToPosition: Browser is scrolled to position x = 0, y = 0

2018-09-27 10:02:46 - [MESSAGE][PASSED] - Browser is scrolled to position x = 0, y = 0

2018-09-27 10:02:46 - [TEST_STEP][PASSED] - delay: Delayed 3 second(s)

2018-09-27 10:02:49 - [MESSAGE][PASSED] - Delayed 3 second(s)

2018-09-27 10:02:49 - [TEST_STEP][PASSED] - waitForElementVisible: Object 'Object Repository/Page_Spornette Little Wonder/div_Add to Cart8.00 (1)' is visible

2018-09-27 10:02:49 - [MESSAGE][WARNING] - Timeout '0' is invalid. Using default page load timeout: '90'

2018-09-27 10:02:49 - [MESSAGE][PASSED] - Object 'Object Repository/Page_Spornette Little Wonder/div_Add to Cart8.00 (1)' is visible

2018-09-27 10:02:49 - [TEST_STEP][PASSED] - waitForElementClickable: Object 'Object Repository/Page_Spornette Little Wonder/div_Add to Cart8.00 (1)' is clickable

2018-09-27 10:02:49 - [MESSAGE][WARNING] - Timeout '0' is invalid. Using default page load timeout: '90'

2018-09-27 10:02:49 - [MESSAGE][PASSED] - Object 'Object Repository/Page_Spornette Little Wonder/div_Add to Cart8.00 (1)' is clickable

2018-09-27 10:02:49 - [TEST_STEP][PASSED] - click: Object: 'Object Repository/Page_Spornette Little Wonder/div_Add to Cart8.00 (1)' is clicked on

2018-09-27 10:02:50 - [MESSAGE][PASSED] - Object: 'Object Repository/Page_Spornette Little Wonder/div_Add to Cart8.00 (1)' is clicked on

2018-09-27 10:02:50 - [TEST_STEP][PASSED] - delay: Delayed 5 second(s)

2018-09-27 10:02:55 - [MESSAGE][PASSED] - Delayed 5 second(s)

2018-09-27 10:02:55 - [TEST_STEP][PASSED] - waitForElementVisible: Object 'Object Repository/Page_Spornette Little Wonder/svg_ 2018 Birchbox_icon__svg__' is visible

2018-09-27 10:02:55 - [MESSAGE][WARNING] - Timeout '0' is invalid. Using default page load timeout: '90'

2018-09-27 10:02:55 - [MESSAGE][PASSED] - Object 'Object Repository/Page_Spornette Little Wonder/svg_ 2018 Birchbox_icon__svg__' is visible

2018-09-27 10:02:55 - [TEST_STEP][PASSED] - waitForElementClickable: Object 'Object Repository/Page_Spornette Little Wonder/svg_ 2018 Birchbox_icon__svg__' is clickable

2018-09-27 10:02:55 - [MESSAGE][WARNING] - Timeout '0' is invalid. Using default page load timeout: '90'

2018-09-27 10:02:55 - [MESSAGE][PASSED] - Object 'Object Repository/Page_Spornette Little Wonder/svg_ 2018 Birchbox_icon__svg__' is clickable

2018-09-27 10:02:55 - [TEST_STEP][PASSED] - click: Object: 'Object Repository/Page_Spornette Little Wonder/svg_ 2018 Birchbox_icon__svg__' is clicked on

2018-09-27 10:02:55 - [MESSAGE][PASSED] - Object: 'Object Repository/Page_Spornette Little Wonder/svg_ 2018 Birchbox_icon__svg__' is clicked on

2018-09-27 10:02:55 - [TEST_STEP][PASSED] - delay: Delayed 5 second(s)

2018-09-27 10:03:00 - [MESSAGE][PASSED] - Delayed 5 second(s)

2018-09-27 10:03:00 - [TEST_STEP][PASSED] - click: Object: 'Object Repository/Page_Beauty Box Subscription for Wo/svg_icon__checkout' is clicked on

2018-09-27 10:03:01 - [MESSAGE][PASSED] - Object: 'Object Repository/Page_Beauty Box Subscription for Wo/svg_icon__checkout' is clicked on

2018-09-27 10:03:01 - [TEST_STEP][PASSED] - delay: Delayed 10 second(s)

2018-09-27 10:03:11 - [MESSAGE][PASSED] - Delayed 10 second(s)

2018-09-27 10:03:11 - [TEST_STEP][PASSED] - callTestCase: Call Test Case 'Test Cases/1. Common script/Complete checkout (US)' successfully

2018-09-27 10:03:11 - [TEST_CASE][PASSED] - Test Cases/1. Common script/Complete checkout (US): Test Cases/1. Common script/Complete checkout (US)

2018-09-27 10:03:11 - [TEST_STEP][PASSED] - delay: Delayed 3 second(s)

2018-09-27 10:03:14 - [MESSAGE][PASSED] - Delayed 3 second(s)

2018-09-27 10:03:14 - [TEST_STEP][PASSED] - waitForElementVisible: Object 'Object Repository/Page_Beauty Box Subscription for Wo/a_Checkout' is visible

2018-09-27 10:03:14 - [MESSAGE][WARNING] - Timeout '0' is invalid. Using default page load timeout: '90'

2018-09-27 10:03:14 - [MESSAGE][PASSED] - Object 'Object Repository/Page_Beauty Box Subscription for Wo/a_Checkout' is visible

2018-09-27 10:03:14 - [TEST_STEP][PASSED] - waitForElementClickable: Object 'Object Repository/Page_Beauty Box Subscription for Wo/a_Checkout' is clickable

2018-09-27 10:03:14 - [MESSAGE][WARNING] - Timeout '0' is invalid. Using default page load timeout: '90'

2018-09-27 10:03:14 - [MESSAGE][PASSED] - Object 'Object Repository/Page_Beauty Box Subscription for Wo/a_Checkout' is clickable

2018-09-27 10:03:14 - [TEST_STEP][PASSED] - click: Object: 'Object Repository/Page_Beauty Box Subscription for Wo/a_Checkout' is clicked on

2018-09-27 10:03:15 - [MESSAGE][PASSED] - Object: 'Object Repository/Page_Beauty Box Subscription for Wo/a_Checkout' is clicked on

2018-09-27 10:03:15 - [TEST_STEP][PASSED] - Statement - If (com.kms.katalon.core.webui.keyword.WebUiBuiltInKeywords.verifyElementPresent(com.kms.katalon.core.testobject.ObjectRepository.findTestObject(Page_Beauty Box Subscription for Wo/div_Email Address (3)), 5, OPTIONAL)): com.kms.katalon.core.webui.exception.WebElementNotFoundException: Web element with id: 'Object Repository/Page_Beauty Box Subscription for Wo/div_Email Address (3)' located by 'By.xpath: //div[(text() = 'Email Address' or . = 'Email Address')]' not found

2018-09-27 10:03:20 - [MESSAGE][WARNING] - com.kms.katalon.core.webui.exception.WebElementNotFoundException: Web element with id: 'Object Repository/Page_Beauty Box Subscription for Wo/div_Email Address (3)' located by 'By.xpath: //div[(text() = 'Email Address' or . = 'Email Address')]' not found

2018-09-27 10:03:20 - [TEST_STEP][PASSED] - delay: Delayed 10 second(s)

2018-09-27 10:03:30 - [MESSAGE][PASSED] - Delayed 10 second(s)

2018-09-27 10:03:30 - [TEST_STEP][PASSED] - Statement - If (com.kms.katalon.core.webui.keyword.WebUiBuiltInKeywords.verifyElementPresent(com.kms.katalon.core.testobject.ObjectRepository.findTestObject(Page_Beauty Box Subscription for Wo/div_Enter shipping address), 5, OPTIONAL)): com.kms.katalon.core.webui.exception.WebElementNotFoundException: Web element with id: 'Object Repository/Page_Beauty Box Subscription for Wo/div_Enter shipping address' located by 'By.xpath: //div[(text() = 'Enter shipping address' or . = 'Enter shipping address')]' not found

2018-09-27 10:03:37 - [MESSAGE][WARNING] - com.kms.katalon.core.webui.exception.WebElementNotFoundException: Web element with id: 'Object Repository/Page_Beauty Box Subscription for Wo/div_Enter shipping address' located by 'By.xpath: //div[(text() = 'Enter shipping address' or . = 'Enter shipping address')]' not found

2018-09-27 10:03:37 - [TEST_STEP][PASSED] - delay: Delayed 8 second(s)

2018-09-27 10:03:45 - [MESSAGE][PASSED] - Delayed 8 second(s)

2018-09-27 10:03:45 - [TEST_STEP][PASSED] - waitForElementVisible: Object 'Object Repository/Page_Beauty Box Subscription for Wo/div_Select shipping method' is visible

2018-09-27 10:03:45 - [MESSAGE][WARNING] - Timeout '0' is invalid. Using default page load timeout: '90'

2018-09-27 10:03:45 - [MESSAGE][PASSED] - Object 'Object Repository/Page_Beauty Box Subscription for Wo/div_Select shipping method' is visible

2018-09-27 10:03:45 - [TEST_STEP][PASSED] - click: Object: 'Object Repository/Page_Beauty Box Subscription for Wo/div_Select shipping method' is clicked on

2018-09-27 10:03:46 - [MESSAGE][PASSED] - Object: 'Object Repository/Page_Beauty Box Subscription for Wo/div_Select shipping method' is clicked on

2018-09-27 10:03:46 - [TEST_STEP][PASSED] - delay: Delayed 5 second(s)

2018-09-27 10:03:51 - [MESSAGE][PASSED] - Delayed 5 second(s)

2018-09-27 10:03:51 - [TEST_STEP][PASSED] - waitForElementVisible: Object 'Object Repository/Page_Beauty Box Subscription for Wo/div_UPS Ground 7.00' is visible

2018-09-27 10:03:51 - [MESSAGE][WARNING] - Timeout '0' is invalid. Using default page load timeout: '90'

2018-09-27 10:03:51 - [MESSAGE][PASSED] - Object 'Object Repository/Page_Beauty Box Subscription for Wo/div_UPS Ground 7.00' is visible

2018-09-27 10:03:51 - [TEST_STEP][PASSED] - delay: Delayed 8 second(s)

2018-09-27 10:03:59 - [MESSAGE][PASSED] - Delayed 8 second(s)

2018-09-27 10:03:59 - [TEST_STEP][PASSED] - click: Object: 'Object Repository/Page_Beauty Box Subscription for Wo/div_UPS Ground 7.00' is clicked on

2018-09-27 10:03:59 - [MESSAGE][PASSED] - Object: 'Object Repository/Page_Beauty Box Subscription for Wo/div_UPS Ground 7.00' is clicked on

2018-09-27 10:03:59 - [TEST_STEP][PASSED] - click: Object: 'Object Repository/Page_Beauty Box Subscription for Wo/button_Continue' is clicked on

2018-09-27 10:03:59 - [MESSAGE][PASSED] - Object: 'Object Repository/Page_Beauty Box Subscription for Wo/button_Continue' is clicked on

2018-09-27 10:03:59 - [TEST_STEP][PASSED] - Statement - If (com.kms.katalon.core.webui.keyword.WebUiBuiltInKeywords.verifyElementPresent(com.kms.katalon.core.testobject.ObjectRepository.findTestObject(Page_Beauty Box Subscription for Wo/div_Add payment information), 5, OPTIONAL)): com.kms.katalon.core.webui.exception.WebElementNotFoundException: Web element with id: 'Object Repository/Page_Beauty Box Subscription for Wo/div_Add payment information' located by 'By.xpath: //*[@class = 'checkout__actionPrompt___2wOf7 theme__themeColor___2NAYX' and (text() = 'Add payment information' or . = 'Add payment information')]' not found

2018-09-27 10:04:06 - [MESSAGE][WARNING] - com.kms.katalon.core.webui.exception.WebElementNotFoundException: Web element with id: 'Object Repository/Page_Beauty Box Subscription for Wo/div_Add payment information' located by 'By.xpath: //*[@class = 'checkout__actionPrompt___2wOf7 theme__themeColor___2NAYX' and (text() = 'Add payment information' or . = 'Add payment information')]' not found

2018-09-27 10:04:06 - [TEST_STEP][PASSED] - delay: Delayed 5 second(s)

2018-09-27 10:04:11 - [MESSAGE][PASSED] - Delayed 5 second(s)

2018-09-27 10:04:11 - [TEST_STEP][PASSED] - delay: Delayed 5 second(s)

2018-09-27 10:04:16 - [MESSAGE][PASSED] - Delayed 5 second(s)

2018-09-27 10:04:16 - [TEST_STEP][PASSED] - scrollToPosition: Browser is scrolled to position x = 0, y = 0

2018-09-27 10:04:16 - [MESSAGE][PASSED] - Browser is scrolled to position x = 0, y = 0

2018-09-27 10:04:16 - [TEST_STEP][PASSED] - comment: Test - Check for correct sales tax calculation and currency symbol

2018-09-27 10:04:16 - [TEST_STEP][NOT_RUN] - Statement - subtotal = com.kms.katalon.core.webui.keyword.WebUiBuiltInKeywords.getText(com.kms.katalon.core.testobject.ObjectRepository.findTestObject(Page_Beauty Box Subscription for Wo/div_subtotal), STOP_ON_FAILURE): NOT_RUN: Statement - subtotal = com.kms.katalon.core.webui.keyword.WebUiBuiltInKeywords.getText(com.kms.katalon.core.testobject.ObjectRepository.findTestObject(Page_Beauty Box Subscription for Wo/div_subtotal), STOP_ON_FAILURE)

2018-09-27 10:04:16 - [MESSAGE][NOT_RUN] - NOT_RUN: Statement - subtotal = com.kms.katalon.core.webui.keyword.WebUiBuiltInKeywords.getText(com.kms.katalon.core.testobject.ObjectRepository.findTestObject(Page_Beauty Box Subscription for Wo/div_subtotal), STOP_ON_FAILURE)

2018-09-27 10:04:16 - [TEST_STEP][NOT_RUN] - Statement - tax = com.kms.katalon.core.webui.keyword.WebUiBuiltInKeywords.getText(com.kms.katalon.core.testobject.ObjectRepository.findTestObject(Page_Beauty Box Subscription for Wo/div_tax), STOP_ON_FAILURE): NOT_RUN: Statement - tax = com.kms.katalon.core.webui.keyword.WebUiBuiltInKeywords.getText(com.kms.katalon.core.testobject.ObjectRepository.findTestObject(Page_Beauty Box Subscription for Wo/div_tax), STOP_ON_FAILURE)

2018-09-27 10:04:16 - [MESSAGE][NOT_RUN] - NOT_RUN: Statement - tax = com.kms.katalon.core.webui.keyword.WebUiBuiltInKeywords.getText(com.kms.katalon.core.testobject.ObjectRepository.findTestObject(Page_Beauty Box Subscription for Wo/div_tax), STOP_ON_FAILURE)

2018-09-27 10:04:16 - [TEST_STEP][NOT_RUN] - Statement - shipping = com.kms.katalon.core.webui.keyword.WebUiBuiltInKeywords.getText(com.kms.katalon.core.testobject.ObjectRepository.findTestObject(Page_Beauty Box Subscription for Wo/div_shipping), STOP_ON_FAILURE): NOT_RUN: Statement - shipping = com.kms.katalon.core.webui.keyword.WebUiBuiltInKeywords.getText(com.kms.katalon.core.testobject.ObjectRepository.findTestObject(Page_Beauty Box Subscription for Wo/div_shipping), STOP_ON_FAILURE)

2018-09-27 10:04:16 - [MESSAGE][NOT_RUN] - NOT_RUN: Statement - shipping = com.kms.katalon.core.webui.keyword.WebUiBuiltInKeywords.getText(com.kms.katalon.core.testobject.ObjectRepository.findTestObject(Page_Beauty Box Subscription for Wo/div_shipping), STOP_ON_FAILURE)

2018-09-27 10:04:16 - [TEST_STEP][NOT_RUN] - Statement - discount = com.kms.katalon.core.webui.keyword.WebUiBuiltInKeywords.getText(com.kms.katalon.core.testobject.ObjectRepository.findTestObject(Page_Beauty Box Subscription for Wo/div_discount), STOP_ON_FAILURE): NOT_RUN: Statement - discount = com.kms.katalon.core.webui.keyword.WebUiBuiltInKeywords.getText(com.kms.katalon.core.testobject.ObjectRepository.findTestObject(Page_Beauty Box Subscription for Wo/div_discount), STOP_ON_FAILURE)

2018-09-27 10:04:16 - [MESSAGE][NOT_RUN] - NOT_RUN: Statement - discount = com.kms.katalon.core.webui.keyword.WebUiBuiltInKeywords.getText(com.kms.katalon.core.testobject.ObjectRepository.findTestObject(Page_Beauty Box Subscription for Wo/div_discount), STOP_ON_FAILURE)

2018-09-27 10:04:16 - [TEST_STEP][NOT_RUN] - Statement - total = com.kms.katalon.core.webui.keyword.WebUiBuiltInKeywords.getText(com.kms.katalon.core.testobject.ObjectRepository.findTestObject(Page_Beauty Box Subscription for Wo/div_total), STOP_ON_FAILURE): NOT_RUN: Statement - total = com.kms.katalon.core.webui.keyword.WebUiBuiltInKeywords.getText(com.kms.katalon.core.testobject.ObjectRepository.findTestObject(Page_Beauty Box Subscription for Wo/div_total), STOP_ON_FAILURE)

2018-09-27 10:04:16 - [MESSAGE][NOT_RUN] - NOT_RUN: Statement - total = com.kms.katalon.core.webui.keyword.WebUiBuiltInKeywords.getText(com.kms.katalon.core.testobject.ObjectRepository.findTestObject(Page_Beauty Box Subscription for Wo/div_total), STOP_ON_FAILURE)

2018-09-27 10:04:16 - [TEST_STEP][NOT_RUN] - verifyMatch: NOT_RUN: verifyMatch

2018-09-27 10:04:16 - [MESSAGE][NOT_RUN] - NOT_RUN: verifyMatch

2018-09-27 10:04:16 - [TEST_STEP][NOT_RUN] - verifyMatch: NOT_RUN: verifyMatch

2018-09-27 10:04:16 - [MESSAGE][NOT_RUN] - NOT_RUN: verifyMatch

2018-09-27 10:04:16 - [TEST_STEP][NOT_RUN] - verifyMatch: NOT_RUN: verifyMatch

2018-09-27 10:04:16 - [MESSAGE][NOT_RUN] - NOT_RUN: verifyMatch

2018-09-27 10:04:16 - [TEST_STEP][NOT_RUN] - verifyMatch: NOT_RUN: verifyMatch

2018-09-27 10:04:16 - [MESSAGE][NOT_RUN] - NOT_RUN: verifyMatch

2018-09-27 10:04:16 - [TEST_STEP][NOT_RUN] - verifyMatch: NOT_RUN: verifyMatch

2018-09-27 10:04:16 - [MESSAGE][NOT_RUN] - NOT_RUN: verifyMatch

2018-09-27 10:04:16 - [TEST_STEP][PASSED] - delay: Delayed 5 second(s)

2018-09-27 10:04:21 - [MESSAGE][PASSED] - Delayed 5 second(s)

2018-09-27 10:04:21 - [TEST_STEP][PASSED] - waitForElementVisible: Object 'Object Repository/Page_Beauty Box Subscription for Wo/button_Place Order' is visible

2018-09-27 10:04:21 - [MESSAGE][WARNING] - Timeout '0' is invalid. Using default page load timeout: '90'

2018-09-27 10:04:21 - [MESSAGE][PASSED] - Object 'Object Repository/Page_Beauty Box Subscription for Wo/button_Place Order' is visible

2018-09-27 10:04:21 - [TEST_STEP][PASSED] - click: Object: 'Object Repository/Page_Beauty Box Subscription for Wo/button_Place Order' is clicked on

2018-09-27 10:04:21 - [MESSAGE][PASSED] - Object: 'Object Repository/Page_Beauty Box Subscription for Wo/button_Place Order' is clicked on

2018-09-27 10:04:21 - [TEST_STEP][PASSED] - delay: Delayed 17 second(s)

2018-09-27 10:04:38 - [MESSAGE][PASSED] - Delayed 17 second(s)

2018-09-27 10:04:38 - [TEST_STEP][PASSED] - waitForElementVisible: Object 'Object Repository/Page_Beauty Box Subscription for Wo/a_Continue Shopping (2)' is visible

2018-09-27 10:04:38 - [MESSAGE][WARNING] - Timeout '0' is invalid. Using default page load timeout: '90'

2018-09-27 10:04:38 - [MESSAGE][PASSED] - Object 'Object Repository/Page_Beauty Box Subscription for Wo/a_Continue Shopping (2)' is visible

2018-09-27 10:04:38 - [TEST_STEP][PASSED] - click: Object: 'Object Repository/Page_Beauty Box Subscription for Wo/a_Continue Shopping (2)' is clicked on

2018-09-27 10:04:39 - [MESSAGE][PASSED] - Object: 'Object Repository/Page_Beauty Box Subscription for Wo/a_Continue Shopping (2)' is clicked on

2018-09-27 10:04:39 - [TEST_STEP][PASSED] - delay: Delayed 8 second(s)

2018-09-27 10:04:47 - [MESSAGE][PASSED] - Delayed 8 second(s)

2018-09-27 10:04:47 - [TEST_STEP][PASSED] - Comment - "Click the Birchbox icon": null

2018-09-27 10:04:47 - [TEST_STEP][PASSED] - Statement - If (com.kms.katalon.core.webui.keyword.WebUiBuiltInKeywords.verifyElementPresent(com.kms.katalon.core.testobject.ObjectRepository.findTestObject(Page_Shop Best Sellers/svg_Log In_icon__svg___Birchbox), 5, OPTIONAL)): com.kms.katalon.core.webui.exception.WebElementNotFoundException: Web element with id: 'Object Repository/Page_Shop Best Sellers/svg_Log In_icon__svg___Birchbox' located by 'By.xpath: //*[@viewBox = '0 0 535.32 61.03']' not found

2018-09-27 10:04:53 - [MESSAGE][WARNING] - com.kms.katalon.core.webui.exception.WebElementNotFoundException: Web element with id: 'Object Repository/Page_Shop Best Sellers/svg_Log In_icon__svg___Birchbox' located by 'By.xpath: //*[@viewBox = '0 0 535.32 61.03']' not found

2018-09-27 10:04:53 - [TEST_STEP][PASSED] - Statement - Else: Object: 'Object Repository/Page_Shop Best Sellers/svg_ 2018 Birchbox_icon__svg__' is clicked on

2018-09-27 10:04:53 - [TEST_STEP][PASSED] - click: Object: 'Object Repository/Page_Shop Best Sellers/svg_ 2018 Birchbox_icon__svg__' is clicked on

2018-09-27 10:04:54 - [MESSAGE][PASSED] - Object: 'Object Repository/Page_Shop Best Sellers/svg_ 2018 Birchbox_icon__svg__' is clicked on

2018-09-27 10:04:54 - [MESSAGE][PASSED] - Call Test Case 'Test Cases/1. Common script/Complete checkout (US)' successfully]]></system-out>
         <system-err><![CDATA[]]></system-err>
      </testcase>
      <testcase name="Test Cases/US mobile test/Add a configurable item and place an order" classname="Test Cases/US mobile test/Add a configurable item and place an order" status="PASSED">
         <system-out><![CDATA[2018-09-27 10:04:54 - [TEST_CASE][PASSED] - Test Cases/US mobile test/Add a configurable item and place an order: Test Cases/US mobile test/Add a configurable item and place an order

2018-09-27 10:04:55 - [TEST_STEP][NOT_RUN] - callTestCase: NOT_RUN: callTestCase

2018-09-27 10:04:55 - [MESSAGE][NOT_RUN] - NOT_RUN: callTestCase

2018-09-27 10:04:55 - [TEST_STEP][PASSED] - delay: Delayed 3 second(s)

2018-09-27 10:04:58 - [MESSAGE][PASSED] - Delayed 3 second(s)

2018-09-27 10:04:58 - [TEST_STEP][PASSED] - waitForElementVisible: Object 'Object Repository/Page_Beauty Box Subscription for Wo/svg_icon__hamburger_menu (1)' is visible

2018-09-27 10:04:58 - [MESSAGE][WARNING] - Timeout '0' is invalid. Using default page load timeout: '90'

2018-09-27 10:04:58 - [MESSAGE][PASSED] - Object 'Object Repository/Page_Beauty Box Subscription for Wo/svg_icon__hamburger_menu (1)' is visible

2018-09-27 10:04:58 - [TEST_STEP][PASSED] - waitForElementClickable: Object 'Object Repository/Page_Beauty Box Subscription for Wo/svg_icon__hamburger_menu (1)' is clickable

2018-09-27 10:04:58 - [MESSAGE][WARNING] - Timeout '0' is invalid. Using default page load timeout: '90'

2018-09-27 10:04:58 - [MESSAGE][PASSED] - Object 'Object Repository/Page_Beauty Box Subscription for Wo/svg_icon__hamburger_menu (1)' is clickable

2018-09-27 10:04:58 - [TEST_STEP][PASSED] - click: Object: 'Object Repository/Page_Beauty Box Subscription for Wo/svg_icon__hamburger_menu (1)' is clicked on

2018-09-27 10:04:58 - [MESSAGE][PASSED] - Object: 'Object Repository/Page_Beauty Box Subscription for Wo/svg_icon__hamburger_menu (1)' is clicked on

2018-09-27 10:04:58 - [TEST_STEP][PASSED] - delay: Delayed 1 second(s)

2018-09-27 10:04:59 - [MESSAGE][PASSED] - Delayed 1 second(s)

2018-09-27 10:04:59 - [TEST_STEP][PASSED] - waitForElementClickable: Object 'Object Repository/Page_Beauty Box Subscription for Wo/div_Makeup (2) (1) (1) (1)' is clickable

2018-09-27 10:04:59 - [MESSAGE][WARNING] - Timeout '0' is invalid. Using default page load timeout: '90'

2018-09-27 10:05:00 - [MESSAGE][PASSED] - Object 'Object Repository/Page_Beauty Box Subscription for Wo/div_Makeup (2) (1) (1) (1)' is clickable

2018-09-27 10:05:00 - [TEST_STEP][PASSED] - click: Object: 'Object Repository/Page_Beauty Box Subscription for Wo/div_Makeup (2) (1) (1) (1)' is clicked on

2018-09-27 10:05:00 - [MESSAGE][PASSED] - Object: 'Object Repository/Page_Beauty Box Subscription for Wo/div_Makeup (2) (1) (1) (1)' is clicked on

2018-09-27 10:05:00 - [TEST_STEP][PASSED] - delay: Delayed 3 second(s)

2018-09-27 10:05:03 - [MESSAGE][PASSED] - Delayed 3 second(s)

2018-09-27 10:05:03 - [TEST_STEP][PASSED] - waitForElementClickable: Object 'Object Repository/Page_Beauty Box Subscription for Wo/div_Lip (1) (1) (1)' is clickable

2018-09-27 10:05:03 - [MESSAGE][WARNING] - Timeout '0' is invalid. Using default page load timeout: '90'

2018-09-27 10:05:03 - [MESSAGE][PASSED] - Object 'Object Repository/Page_Beauty Box Subscription for Wo/div_Lip (1) (1) (1)' is clickable

2018-09-27 10:05:03 - [TEST_STEP][PASSED] - click: Object: 'Object Repository/Page_Beauty Box Subscription for Wo/div_Lip (1) (1) (1)' is clicked on

2018-09-27 10:05:03 - [MESSAGE][PASSED] - Object: 'Object Repository/Page_Beauty Box Subscription for Wo/div_Lip (1) (1) (1)' is clicked on

2018-09-27 10:05:03 - [TEST_STEP][PASSED] - delay: Delayed 3 second(s)

2018-09-27 10:05:06 - [MESSAGE][PASSED] - Delayed 3 second(s)

2018-09-27 10:05:06 - [TEST_STEP][PASSED] - waitForElementClickable: Object 'Object Repository/Page_Beauty Box Subscription for Wo/a_Lipsticks (1) (1) (1)' is clickable

2018-09-27 10:05:06 - [MESSAGE][WARNING] - Timeout '0' is invalid. Using default page load timeout: '90'

2018-09-27 10:05:06 - [MESSAGE][PASSED] - Object 'Object Repository/Page_Beauty Box Subscription for Wo/a_Lipsticks (1) (1) (1)' is clickable

2018-09-27 10:05:06 - [TEST_STEP][PASSED] - click: Object: 'Object Repository/Page_Beauty Box Subscription for Wo/a_Lipsticks (1) (1) (1)' is clicked on

2018-09-27 10:05:06 - [MESSAGE][PASSED] - Object: 'Object Repository/Page_Beauty Box Subscription for Wo/a_Lipsticks (1) (1) (1)' is clicked on

2018-09-27 10:05:06 - [TEST_STEP][PASSED] - delay: Delayed 5 second(s)

2018-09-27 10:05:11 - [MESSAGE][PASSED] - Delayed 5 second(s)

2018-09-27 10:05:11 - [TEST_STEP][PASSED] - scrollToPosition: Browser is scrolled to position x = 0, y = 1000

2018-09-27 10:05:11 - [MESSAGE][PASSED] - Browser is scrolled to position x = 0, y = 1000

2018-09-27 10:05:11 - [TEST_STEP][PASSED] - waitForPageLoad: Wait for page load successfully

2018-09-27 10:05:11 - [MESSAGE][WARNING] - Timeout '0' is invalid. Using default page load timeout: '90'

2018-09-27 10:05:11 - [MESSAGE][PASSED] - Wait for page load successfully

2018-09-27 10:05:11 - [TEST_STEP][PASSED] - scrollToElement: Scroll to object 'Object Repository/Page_Shop Lipsticks/img_image__absolute___2DQnl ut (1)' successfully

2018-09-27 10:05:11 - [MESSAGE][WARNING] - Timeout '0' is invalid. Using default page load timeout: '90'

2018-09-27 10:05:12 - [MESSAGE][PASSED] - Scroll to object 'Object Repository/Page_Shop Lipsticks/img_image__absolute___2DQnl ut (1)' successfully

2018-09-27 10:05:12 - [TEST_STEP][PASSED] - click: Object: 'Object Repository/Page_Lipsticks/a_Mally Beauty High-Shine Liqu (1) (1) (1)' is clicked on

2018-09-27 10:05:13 - [MESSAGE][PASSED] - Object: 'Object Repository/Page_Lipsticks/a_Mally Beauty High-Shine Liqu (1) (1) (1)' is clicked on

2018-09-27 10:05:13 - [TEST_STEP][PASSED] - comment: Navigate to a configurable product and explore

2018-09-27 10:05:13 - [TEST_STEP][PASSED] - comment: Issue - Can only select between two different shades

2018-09-27 10:05:13 - [TEST_STEP][PASSED] - scrollToPosition: Browser is scrolled to position x = 0, y = 100

2018-09-27 10:05:13 - [MESSAGE][PASSED] - Browser is scrolled to position x = 0, y = 100

2018-09-27 10:05:13 - [TEST_STEP][PASSED] - delay: Delayed 2 second(s)

2018-09-27 10:05:15 - [MESSAGE][PASSED] - Delayed 2 second(s)

2018-09-27 10:05:15 - [TEST_STEP][PASSED] - scrollToPosition: Browser is scrolled to position x = 0, y = 600

2018-09-27 10:05:15 - [MESSAGE][PASSED] - Browser is scrolled to position x = 0, y = 600

2018-09-27 10:05:15 - [TEST_STEP][PASSED] - delay: Delayed 2 second(s)

2018-09-27 10:05:17 - [MESSAGE][PASSED] - Delayed 2 second(s)

2018-09-27 10:05:17 - [TEST_STEP][PASSED] - verifyTextPresent: Text 'Lipety Split' is present on page 

2018-09-27 10:05:17 - [MESSAGE][PASSED] - Text 'Lipety Split' is present on page 

2018-09-27 10:05:17 - [TEST_STEP][PASSED] - delay: Delayed 2 second(s)

2018-09-27 10:05:19 - [MESSAGE][PASSED] - Delayed 2 second(s)

2018-09-27 10:05:19 - [TEST_STEP][PASSED] - scrollToPosition: Browser is scrolled to position x = 0, y = 99999

2018-09-27 10:05:19 - [MESSAGE][PASSED] - Browser is scrolled to position x = 0, y = 99999

2018-09-27 10:05:19 - [TEST_STEP][PASSED] - click: Object: 'Object Repository/Page_Mally Beauty High-Shine Liquid/div_Add to Cart20.00 (1) (1) (1)' is clicked on

2018-09-27 10:05:20 - [MESSAGE][PASSED] - Object: 'Object Repository/Page_Mally Beauty High-Shine Liquid/div_Add to Cart20.00 (1) (1) (1)' is clicked on

2018-09-27 10:05:20 - [TEST_STEP][PASSED] - delay: Delayed 4 second(s)

2018-09-27 10:05:24 - [MESSAGE][PASSED] - Delayed 4 second(s)

2018-09-27 10:05:24 - [TEST_STEP][PASSED] - click: Object: 'Object Repository/Page_Mally Beauty High-Shine Liquid/svg_icon__svg___Birchbox_icon (1)' is clicked on

2018-09-27 10:05:24 - [MESSAGE][PASSED] - Object: 'Object Repository/Page_Mally Beauty High-Shine Liquid/svg_icon__svg___Birchbox_icon (1)' is clicked on

2018-09-27 10:05:24 - [TEST_STEP][PASSED] - delay: Delayed 5 second(s)

2018-09-27 10:05:29 - [MESSAGE][PASSED] - Delayed 5 second(s)

2018-09-27 10:05:29 - [TEST_STEP][PASSED] - click: Object: 'Object Repository/Page_Beauty Box Subscription for Wo/svg_icon__checkout' is clicked on

2018-09-27 10:05:30 - [MESSAGE][PASSED] - Object: 'Object Repository/Page_Beauty Box Subscription for Wo/svg_icon__checkout' is clicked on

2018-09-27 10:05:30 - [TEST_STEP][PASSED] - delay: Delayed 18 second(s)

2018-09-27 10:05:48 - [MESSAGE][PASSED] - Delayed 18 second(s)

2018-09-27 10:05:48 - [TEST_STEP][PASSED] - callTestCase: Call Test Case 'Test Cases/1. Common script/Complete checkout (US)' successfully

2018-09-27 10:05:48 - [TEST_CASE][PASSED] - Test Cases/1. Common script/Complete checkout (US): Test Cases/1. Common script/Complete checkout (US)

2018-09-27 10:05:48 - [TEST_STEP][PASSED] - delay: Delayed 3 second(s)

2018-09-27 10:05:51 - [MESSAGE][PASSED] - Delayed 3 second(s)

2018-09-27 10:05:51 - [TEST_STEP][PASSED] - waitForElementVisible: Object 'Object Repository/Page_Beauty Box Subscription for Wo/a_Checkout' is visible

2018-09-27 10:05:51 - [MESSAGE][WARNING] - Timeout '0' is invalid. Using default page load timeout: '90'

2018-09-27 10:05:51 - [MESSAGE][PASSED] - Object 'Object Repository/Page_Beauty Box Subscription for Wo/a_Checkout' is visible

2018-09-27 10:05:51 - [TEST_STEP][PASSED] - waitForElementClickable: Object 'Object Repository/Page_Beauty Box Subscription for Wo/a_Checkout' is clickable

2018-09-27 10:05:51 - [MESSAGE][WARNING] - Timeout '0' is invalid. Using default page load timeout: '90'

2018-09-27 10:05:51 - [MESSAGE][PASSED] - Object 'Object Repository/Page_Beauty Box Subscription for Wo/a_Checkout' is clickable

2018-09-27 10:05:51 - [TEST_STEP][PASSED] - click: Object: 'Object Repository/Page_Beauty Box Subscription for Wo/a_Checkout' is clicked on

2018-09-27 10:05:51 - [MESSAGE][PASSED] - Object: 'Object Repository/Page_Beauty Box Subscription for Wo/a_Checkout' is clicked on

2018-09-27 10:05:51 - [TEST_STEP][PASSED] - Statement - If (com.kms.katalon.core.webui.keyword.WebUiBuiltInKeywords.verifyElementPresent(com.kms.katalon.core.testobject.ObjectRepository.findTestObject(Page_Beauty Box Subscription for Wo/div_Email Address (3)), 5, OPTIONAL)): com.kms.katalon.core.webui.exception.WebElementNotFoundException: Web element with id: 'Object Repository/Page_Beauty Box Subscription for Wo/div_Email Address (3)' located by 'By.xpath: //div[(text() = 'Email Address' or . = 'Email Address')]' not found

2018-09-27 10:05:57 - [MESSAGE][WARNING] - com.kms.katalon.core.webui.exception.WebElementNotFoundException: Web element with id: 'Object Repository/Page_Beauty Box Subscription for Wo/div_Email Address (3)' located by 'By.xpath: //div[(text() = 'Email Address' or . = 'Email Address')]' not found

2018-09-27 10:05:57 - [TEST_STEP][PASSED] - delay: Delayed 10 second(s)

2018-09-27 10:06:07 - [MESSAGE][PASSED] - Delayed 10 second(s)

2018-09-27 10:06:07 - [TEST_STEP][PASSED] - Statement - If (com.kms.katalon.core.webui.keyword.WebUiBuiltInKeywords.verifyElementPresent(com.kms.katalon.core.testobject.ObjectRepository.findTestObject(Page_Beauty Box Subscription for Wo/div_Enter shipping address), 5, OPTIONAL)): com.kms.katalon.core.webui.exception.WebElementNotFoundException: Web element with id: 'Object Repository/Page_Beauty Box Subscription for Wo/div_Enter shipping address' located by 'By.xpath: //div[(text() = 'Enter shipping address' or . = 'Enter shipping address')]' not found

2018-09-27 10:06:14 - [MESSAGE][WARNING] - com.kms.katalon.core.webui.exception.WebElementNotFoundException: Web element with id: 'Object Repository/Page_Beauty Box Subscription for Wo/div_Enter shipping address' located by 'By.xpath: //div[(text() = 'Enter shipping address' or . = 'Enter shipping address')]' not found

2018-09-27 10:06:14 - [TEST_STEP][PASSED] - delay: Delayed 8 second(s)

2018-09-27 10:06:22 - [MESSAGE][PASSED] - Delayed 8 second(s)

2018-09-27 10:06:22 - [TEST_STEP][PASSED] - waitForElementVisible: Object 'Object Repository/Page_Beauty Box Subscription for Wo/div_Select shipping method' is visible

2018-09-27 10:06:22 - [MESSAGE][WARNING] - Timeout '0' is invalid. Using default page load timeout: '90'

2018-09-27 10:06:22 - [MESSAGE][PASSED] - Object 'Object Repository/Page_Beauty Box Subscription for Wo/div_Select shipping method' is visible

2018-09-27 10:06:22 - [TEST_STEP][PASSED] - click: Object: 'Object Repository/Page_Beauty Box Subscription for Wo/div_Select shipping method' is clicked on

2018-09-27 10:06:22 - [MESSAGE][PASSED] - Object: 'Object Repository/Page_Beauty Box Subscription for Wo/div_Select shipping method' is clicked on

2018-09-27 10:06:22 - [TEST_STEP][PASSED] - delay: Delayed 5 second(s)

2018-09-27 10:06:27 - [MESSAGE][PASSED] - Delayed 5 second(s)

2018-09-27 10:06:27 - [TEST_STEP][PASSED] - waitForElementVisible: Object 'Object Repository/Page_Beauty Box Subscription for Wo/div_UPS Ground 7.00' is visible

2018-09-27 10:06:27 - [MESSAGE][WARNING] - Timeout '0' is invalid. Using default page load timeout: '90'

2018-09-27 10:06:27 - [MESSAGE][PASSED] - Object 'Object Repository/Page_Beauty Box Subscription for Wo/div_UPS Ground 7.00' is visible

2018-09-27 10:06:27 - [TEST_STEP][PASSED] - delay: Delayed 8 second(s)

2018-09-27 10:06:35 - [MESSAGE][PASSED] - Delayed 8 second(s)

2018-09-27 10:06:35 - [TEST_STEP][PASSED] - click: Object: 'Object Repository/Page_Beauty Box Subscription for Wo/div_UPS Ground 7.00' is clicked on

2018-09-27 10:06:35 - [MESSAGE][PASSED] - Object: 'Object Repository/Page_Beauty Box Subscription for Wo/div_UPS Ground 7.00' is clicked on

2018-09-27 10:06:35 - [TEST_STEP][PASSED] - click: Object: 'Object Repository/Page_Beauty Box Subscription for Wo/button_Continue' is clicked on

2018-09-27 10:06:35 - [MESSAGE][PASSED] - Object: 'Object Repository/Page_Beauty Box Subscription for Wo/button_Continue' is clicked on

2018-09-27 10:06:35 - [TEST_STEP][PASSED] - Statement - If (com.kms.katalon.core.webui.keyword.WebUiBuiltInKeywords.verifyElementPresent(com.kms.katalon.core.testobject.ObjectRepository.findTestObject(Page_Beauty Box Subscription for Wo/div_Add payment information), 5, OPTIONAL)): com.kms.katalon.core.webui.exception.WebElementNotFoundException: Web element with id: 'Object Repository/Page_Beauty Box Subscription for Wo/div_Add payment information' located by 'By.xpath: //*[@class = 'checkout__actionPrompt___2wOf7 theme__themeColor___2NAYX' and (text() = 'Add payment information' or . = 'Add payment information')]' not found

2018-09-27 10:06:42 - [MESSAGE][WARNING] - com.kms.katalon.core.webui.exception.WebElementNotFoundException: Web element with id: 'Object Repository/Page_Beauty Box Subscription for Wo/div_Add payment information' located by 'By.xpath: //*[@class = 'checkout__actionPrompt___2wOf7 theme__themeColor___2NAYX' and (text() = 'Add payment information' or . = 'Add payment information')]' not found

2018-09-27 10:06:42 - [TEST_STEP][PASSED] - delay: Delayed 5 second(s)

2018-09-27 10:06:47 - [MESSAGE][PASSED] - Delayed 5 second(s)

2018-09-27 10:06:47 - [TEST_STEP][PASSED] - delay: Delayed 5 second(s)

2018-09-27 10:06:52 - [MESSAGE][PASSED] - Delayed 5 second(s)

2018-09-27 10:06:52 - [TEST_STEP][PASSED] - scrollToPosition: Browser is scrolled to position x = 0, y = 0

2018-09-27 10:06:52 - [MESSAGE][PASSED] - Browser is scrolled to position x = 0, y = 0

2018-09-27 10:06:52 - [TEST_STEP][PASSED] - comment: Test - Check for correct sales tax calculation and currency symbol

2018-09-27 10:06:52 - [TEST_STEP][NOT_RUN] - Statement - subtotal = com.kms.katalon.core.webui.keyword.WebUiBuiltInKeywords.getText(com.kms.katalon.core.testobject.ObjectRepository.findTestObject(Page_Beauty Box Subscription for Wo/div_subtotal), STOP_ON_FAILURE): NOT_RUN: Statement - subtotal = com.kms.katalon.core.webui.keyword.WebUiBuiltInKeywords.getText(com.kms.katalon.core.testobject.ObjectRepository.findTestObject(Page_Beauty Box Subscription for Wo/div_subtotal), STOP_ON_FAILURE)

2018-09-27 10:06:52 - [MESSAGE][NOT_RUN] - NOT_RUN: Statement - subtotal = com.kms.katalon.core.webui.keyword.WebUiBuiltInKeywords.getText(com.kms.katalon.core.testobject.ObjectRepository.findTestObject(Page_Beauty Box Subscription for Wo/div_subtotal), STOP_ON_FAILURE)

2018-09-27 10:06:52 - [TEST_STEP][NOT_RUN] - Statement - tax = com.kms.katalon.core.webui.keyword.WebUiBuiltInKeywords.getText(com.kms.katalon.core.testobject.ObjectRepository.findTestObject(Page_Beauty Box Subscription for Wo/div_tax), STOP_ON_FAILURE): NOT_RUN: Statement - tax = com.kms.katalon.core.webui.keyword.WebUiBuiltInKeywords.getText(com.kms.katalon.core.testobject.ObjectRepository.findTestObject(Page_Beauty Box Subscription for Wo/div_tax), STOP_ON_FAILURE)

2018-09-27 10:06:52 - [MESSAGE][NOT_RUN] - NOT_RUN: Statement - tax = com.kms.katalon.core.webui.keyword.WebUiBuiltInKeywords.getText(com.kms.katalon.core.testobject.ObjectRepository.findTestObject(Page_Beauty Box Subscription for Wo/div_tax), STOP_ON_FAILURE)

2018-09-27 10:06:52 - [TEST_STEP][NOT_RUN] - Statement - shipping = com.kms.katalon.core.webui.keyword.WebUiBuiltInKeywords.getText(com.kms.katalon.core.testobject.ObjectRepository.findTestObject(Page_Beauty Box Subscription for Wo/div_shipping), STOP_ON_FAILURE): NOT_RUN: Statement - shipping = com.kms.katalon.core.webui.keyword.WebUiBuiltInKeywords.getText(com.kms.katalon.core.testobject.ObjectRepository.findTestObject(Page_Beauty Box Subscription for Wo/div_shipping), STOP_ON_FAILURE)

2018-09-27 10:06:52 - [MESSAGE][NOT_RUN] - NOT_RUN: Statement - shipping = com.kms.katalon.core.webui.keyword.WebUiBuiltInKeywords.getText(com.kms.katalon.core.testobject.ObjectRepository.findTestObject(Page_Beauty Box Subscription for Wo/div_shipping), STOP_ON_FAILURE)

2018-09-27 10:06:52 - [TEST_STEP][NOT_RUN] - Statement - discount = com.kms.katalon.core.webui.keyword.WebUiBuiltInKeywords.getText(com.kms.katalon.core.testobject.ObjectRepository.findTestObject(Page_Beauty Box Subscription for Wo/div_discount), STOP_ON_FAILURE): NOT_RUN: Statement - discount = com.kms.katalon.core.webui.keyword.WebUiBuiltInKeywords.getText(com.kms.katalon.core.testobject.ObjectRepository.findTestObject(Page_Beauty Box Subscription for Wo/div_discount), STOP_ON_FAILURE)

2018-09-27 10:06:52 - [MESSAGE][NOT_RUN] - NOT_RUN: Statement - discount = com.kms.katalon.core.webui.keyword.WebUiBuiltInKeywords.getText(com.kms.katalon.core.testobject.ObjectRepository.findTestObject(Page_Beauty Box Subscription for Wo/div_discount), STOP_ON_FAILURE)

2018-09-27 10:06:52 - [TEST_STEP][NOT_RUN] - Statement - total = com.kms.katalon.core.webui.keyword.WebUiBuiltInKeywords.getText(com.kms.katalon.core.testobject.ObjectRepository.findTestObject(Page_Beauty Box Subscription for Wo/div_total), STOP_ON_FAILURE): NOT_RUN: Statement - total = com.kms.katalon.core.webui.keyword.WebUiBuiltInKeywords.getText(com.kms.katalon.core.testobject.ObjectRepository.findTestObject(Page_Beauty Box Subscription for Wo/div_total), STOP_ON_FAILURE)

2018-09-27 10:06:52 - [MESSAGE][NOT_RUN] - NOT_RUN: Statement - total = com.kms.katalon.core.webui.keyword.WebUiBuiltInKeywords.getText(com.kms.katalon.core.testobject.ObjectRepository.findTestObject(Page_Beauty Box Subscription for Wo/div_total), STOP_ON_FAILURE)

2018-09-27 10:06:52 - [TEST_STEP][NOT_RUN] - verifyMatch: NOT_RUN: verifyMatch

2018-09-27 10:06:52 - [MESSAGE][NOT_RUN] - NOT_RUN: verifyMatch

2018-09-27 10:06:52 - [TEST_STEP][NOT_RUN] - verifyMatch: NOT_RUN: verifyMatch

2018-09-27 10:06:52 - [MESSAGE][NOT_RUN] - NOT_RUN: verifyMatch

2018-09-27 10:06:52 - [TEST_STEP][NOT_RUN] - verifyMatch: NOT_RUN: verifyMatch

2018-09-27 10:06:52 - [MESSAGE][NOT_RUN] - NOT_RUN: verifyMatch

2018-09-27 10:06:52 - [TEST_STEP][NOT_RUN] - verifyMatch: NOT_RUN: verifyMatch

2018-09-27 10:06:52 - [MESSAGE][NOT_RUN] - NOT_RUN: verifyMatch

2018-09-27 10:06:52 - [TEST_STEP][NOT_RUN] - verifyMatch: NOT_RUN: verifyMatch

2018-09-27 10:06:52 - [MESSAGE][NOT_RUN] - NOT_RUN: verifyMatch

2018-09-27 10:06:52 - [TEST_STEP][PASSED] - delay: Delayed 5 second(s)

2018-09-27 10:06:57 - [MESSAGE][PASSED] - Delayed 5 second(s)

2018-09-27 10:06:57 - [TEST_STEP][PASSED] - waitForElementVisible: Object 'Object Repository/Page_Beauty Box Subscription for Wo/button_Place Order' is visible

2018-09-27 10:06:57 - [MESSAGE][WARNING] - Timeout '0' is invalid. Using default page load timeout: '90'

2018-09-27 10:06:57 - [MESSAGE][PASSED] - Object 'Object Repository/Page_Beauty Box Subscription for Wo/button_Place Order' is visible

2018-09-27 10:06:57 - [TEST_STEP][PASSED] - click: Object: 'Object Repository/Page_Beauty Box Subscription for Wo/button_Place Order' is clicked on

2018-09-27 10:06:57 - [MESSAGE][PASSED] - Object: 'Object Repository/Page_Beauty Box Subscription for Wo/button_Place Order' is clicked on

2018-09-27 10:06:57 - [TEST_STEP][PASSED] - delay: Delayed 17 second(s)

2018-09-27 10:07:14 - [MESSAGE][PASSED] - Delayed 17 second(s)

2018-09-27 10:07:14 - [TEST_STEP][PASSED] - waitForElementVisible: Object 'Object Repository/Page_Beauty Box Subscription for Wo/a_Continue Shopping (2)' is visible

2018-09-27 10:07:14 - [MESSAGE][WARNING] - Timeout '0' is invalid. Using default page load timeout: '90'

2018-09-27 10:07:14 - [MESSAGE][PASSED] - Object 'Object Repository/Page_Beauty Box Subscription for Wo/a_Continue Shopping (2)' is visible

2018-09-27 10:07:14 - [TEST_STEP][PASSED] - click: Object: 'Object Repository/Page_Beauty Box Subscription for Wo/a_Continue Shopping (2)' is clicked on

2018-09-27 10:07:14 - [MESSAGE][PASSED] - Object: 'Object Repository/Page_Beauty Box Subscription for Wo/a_Continue Shopping (2)' is clicked on

2018-09-27 10:07:14 - [TEST_STEP][PASSED] - delay: Delayed 8 second(s)

2018-09-27 10:07:22 - [MESSAGE][PASSED] - Delayed 8 second(s)

2018-09-27 10:07:22 - [TEST_STEP][PASSED] - Comment - "Click the Birchbox icon": null

2018-09-27 10:07:22 - [TEST_STEP][PASSED] - Statement - If (com.kms.katalon.core.webui.keyword.WebUiBuiltInKeywords.verifyElementPresent(com.kms.katalon.core.testobject.ObjectRepository.findTestObject(Page_Shop Best Sellers/svg_Log In_icon__svg___Birchbox), 5, OPTIONAL)): com.kms.katalon.core.webui.exception.WebElementNotFoundException: Web element with id: 'Object Repository/Page_Shop Best Sellers/svg_Log In_icon__svg___Birchbox' located by 'By.xpath: //*[@viewBox = '0 0 535.32 61.03']' not found

2018-09-27 10:07:32 - [MESSAGE][WARNING] - com.kms.katalon.core.webui.exception.WebElementNotFoundException: Web element with id: 'Object Repository/Page_Shop Best Sellers/svg_Log In_icon__svg___Birchbox' located by 'By.xpath: //*[@viewBox = '0 0 535.32 61.03']' not found

2018-09-27 10:07:32 - [TEST_STEP][PASSED] - Statement - Else: Object: 'Object Repository/Page_Shop Best Sellers/svg_ 2018 Birchbox_icon__svg__' is clicked on

2018-09-27 10:07:32 - [TEST_STEP][PASSED] - click: Object: 'Object Repository/Page_Shop Best Sellers/svg_ 2018 Birchbox_icon__svg__' is clicked on

2018-09-27 10:07:32 - [MESSAGE][PASSED] - Object: 'Object Repository/Page_Shop Best Sellers/svg_ 2018 Birchbox_icon__svg__' is clicked on

2018-09-27 10:07:32 - [MESSAGE][PASSED] - Call Test Case 'Test Cases/1. Common script/Complete checkout (US)' successfully

2018-09-27 10:07:32 - [TEST_STEP][PASSED] - comment: 

2018-09-27 10:07:32 - [TEST_STEP][PASSED] - click: Object: 'Object Repository/Page_Beauty Box Subscription for Wo/svg_icon__profile (1)' is clicked on

2018-09-27 10:07:32 - [MESSAGE][PASSED] - Object: 'Object Repository/Page_Beauty Box Subscription for Wo/svg_icon__profile (1)' is clicked on

2018-09-27 10:07:32 - [TEST_STEP][PASSED] - delay: Delayed 1 second(s)

2018-09-27 10:07:33 - [MESSAGE][PASSED] - Delayed 1 second(s)

2018-09-27 10:07:33 - [TEST_STEP][PASSED] - waitForElementVisible: Object 'Object Repository/Page_Beauty Box Subscription for Wo/div_Order History' is visible

2018-09-27 10:07:34 - [MESSAGE][WARNING] - Timeout '0' is invalid. Using default page load timeout: '90'

2018-09-27 10:07:34 - [MESSAGE][PASSED] - Object 'Object Repository/Page_Beauty Box Subscription for Wo/div_Order History' is visible

2018-09-27 10:07:34 - [TEST_STEP][PASSED] - click: Object: 'Object Repository/Page_Beauty Box Subscription for Wo/div_Order History' is clicked on

2018-09-27 10:07:34 - [MESSAGE][PASSED] - Object: 'Object Repository/Page_Beauty Box Subscription for Wo/div_Order History' is clicked on

2018-09-27 10:07:34 - [TEST_STEP][PASSED] - delay: Delayed 2 second(s)

2018-09-27 10:07:36 - [MESSAGE][PASSED] - Delayed 2 second(s)

2018-09-27 10:07:36 - [TEST_STEP][PASSED] - waitForElementClickable: Object 'Object Repository/Page_Beauty Box Subscription for Wo/svg_icon__svg___order history arrow' is clickable

2018-09-27 10:07:36 - [MESSAGE][WARNING] - Timeout '0' is invalid. Using default page load timeout: '90'

2018-09-27 10:07:36 - [MESSAGE][PASSED] - Object 'Object Repository/Page_Beauty Box Subscription for Wo/svg_icon__svg___order history arrow' is clickable

2018-09-27 10:07:36 - [TEST_STEP][PASSED] - click: Object: 'Object Repository/Page_Beauty Box Subscription for Wo/svg_icon__svg___order history arrow' is clicked on

2018-09-27 10:07:36 - [MESSAGE][PASSED] - Object: 'Object Repository/Page_Beauty Box Subscription for Wo/svg_icon__svg___order history arrow' is clicked on

2018-09-27 10:07:36 - [TEST_STEP][NOT_RUN] - click: NOT_RUN: click

2018-09-27 10:07:36 - [MESSAGE][NOT_RUN] - NOT_RUN: click

2018-09-27 10:07:36 - [TEST_STEP][PASSED] - Statement - order_verification = com.kms.katalon.core.webui.keyword.WebUiBuiltInKeywords.getText(com.kms.katalon.core.testobject.ObjectRepository.findTestObject(Page_Beauty Box Subscription for Wo/div_Order_History_Mally Beauty High-Shine Li)): Text of object 'Object Repository/Page_Beauty Box Subscription for Wo/div_Order_History_Mally Beauty High-Shine Li' is: 'Mally Beauty High-Shine Liquid Lipstick Pens - Lipety Split'

2018-09-27 10:07:37 - [MESSAGE][PASSED] - Text of object 'Object Repository/Page_Beauty Box Subscription for Wo/div_Order_History_Mally Beauty High-Shine Li' is: 'Mally Beauty High-Shine Liquid Lipstick Pens - Lipety Split'

2018-09-27 10:07:37 - [TEST_STEP][PASSED] - verifyMatch: Actual text 'Mally Beauty High-Shine Liquid Lipstick Pens - Lipety Split' and expected text 'Mally Beauty High-Shine Liquid Lipstick Pens - Lipety Split' are matched 

2018-09-27 10:07:37 - [MESSAGE][PASSED] - Actual text 'Mally Beauty High-Shine Liquid Lipstick Pens - Lipety Split' and expected text 'Mally Beauty High-Shine Liquid Lipstick Pens - Lipety Split' are matched 

2018-09-27 10:07:37 - [TEST_STEP][NOT_RUN] - click: NOT_RUN: click

2018-09-27 10:07:37 - [MESSAGE][NOT_RUN] - NOT_RUN: click

2018-09-27 10:07:37 - [TEST_STEP][PASSED] - click: Object: 'Object Repository/Page_Mally Beauty High-Shine Liquid/svg_icon__svg___Birchbox_icon (1)' is clicked on

2018-09-27 10:07:37 - [MESSAGE][PASSED] - Object: 'Object Repository/Page_Mally Beauty High-Shine Liquid/svg_icon__svg___Birchbox_icon (1)' is clicked on]]></system-out>
         <system-err><![CDATA[]]></system-err>
      </testcase>
      <testcase name="Test Cases/US mobile test/Remove an item from the cart" classname="Test Cases/US mobile test/Remove an item from the cart" status="PASSED">
         <system-out><![CDATA[2018-09-27 10:07:38 - [TEST_CASE][PASSED] - Test Cases/US mobile test/Remove an item from the cart: Test Cases/US mobile test/Remove an item from the cart

2018-09-27 10:07:39 - [TEST_STEP][NOT_RUN] - callTestCase: NOT_RUN: callTestCase

2018-09-27 10:07:39 - [MESSAGE][NOT_RUN] - NOT_RUN: callTestCase

2018-09-27 10:07:39 - [TEST_STEP][PASSED] - waitForElementClickable: Object 'Object Repository/Page_Beauty Box Subscription for Wo/svg_icon__search' is clickable

2018-09-27 10:07:39 - [MESSAGE][WARNING] - Timeout '0' is invalid. Using default page load timeout: '90'

2018-09-27 10:07:39 - [MESSAGE][PASSED] - Object 'Object Repository/Page_Beauty Box Subscription for Wo/svg_icon__search' is clickable

2018-09-27 10:07:39 - [TEST_STEP][PASSED] - click: Object: 'Object Repository/Page_Beauty Box Subscription for Wo/svg_icon__search' is clicked on

2018-09-27 10:07:39 - [MESSAGE][PASSED] - Object: 'Object Repository/Page_Beauty Box Subscription for Wo/svg_icon__search' is clicked on

2018-09-27 10:07:39 - [TEST_STEP][PASSED] - delay: Delayed 5 second(s)

2018-09-27 10:07:44 - [MESSAGE][PASSED] - Delayed 5 second(s)

2018-09-27 10:07:44 - [TEST_STEP][PASSED] - setText: Text 'remove' is set on object 'Object Repository/Page_Beauty Box Subscription for Wo/input_searchForm__input___2s6r (2)'

2018-09-27 10:07:45 - [MESSAGE][PASSED] - Text 'remove' is set on object 'Object Repository/Page_Beauty Box Subscription for Wo/input_searchForm__input___2s6r (2)'

2018-09-27 10:07:45 - [TEST_STEP][PASSED] - click: Object: 'Object Repository/Page_Beauty Box Subscription for Wo/button_Search (2)' is clicked on

2018-09-27 10:07:45 - [MESSAGE][PASSED] - Object: 'Object Repository/Page_Beauty Box Subscription for Wo/button_Search (2)' is clicked on

2018-09-27 10:07:45 - [TEST_STEP][PASSED] - click: Object: 'Object Repository/Page_Beauty Box Subscription for Wo/a_Tweezerman Smooth Finish Fac' is clicked on

2018-09-27 10:07:47 - [MESSAGE][PASSED] - Object: 'Object Repository/Page_Beauty Box Subscription for Wo/a_Tweezerman Smooth Finish Fac' is clicked on

2018-09-27 10:07:47 - [TEST_STEP][PASSED] - scrollToPosition: Browser is scrolled to position x = 0, y = 999999

2018-09-27 10:07:47 - [MESSAGE][PASSED] - Browser is scrolled to position x = 0, y = 999999

2018-09-27 10:07:47 - [TEST_STEP][PASSED] - waitForElementVisible: Object 'Object Repository/Page_Tweezerman Smooth Finish Facia/div_Add to Cart20.00' is visible

2018-09-27 10:07:47 - [MESSAGE][WARNING] - Timeout '0' is invalid. Using default page load timeout: '90'

2018-09-27 10:07:47 - [MESSAGE][PASSED] - Object 'Object Repository/Page_Tweezerman Smooth Finish Facia/div_Add to Cart20.00' is visible

2018-09-27 10:07:47 - [TEST_STEP][PASSED] - click: Object: 'Object Repository/Page_Tweezerman Smooth Finish Facia/div_Add to Cart20.00' is clicked on

2018-09-27 10:07:47 - [MESSAGE][PASSED] - Object: 'Object Repository/Page_Tweezerman Smooth Finish Facia/div_Add to Cart20.00' is clicked on

2018-09-27 10:07:47 - [TEST_STEP][PASSED] - click: Object: 'Object Repository/Page_Beauty Box Subscription for Wo/svg_icon__search' is clicked on

2018-09-27 10:07:48 - [MESSAGE][PASSED] - Object: 'Object Repository/Page_Beauty Box Subscription for Wo/svg_icon__search' is clicked on

2018-09-27 10:07:48 - [TEST_STEP][PASSED] - delay: Delayed 5 second(s)

2018-09-27 10:07:53 - [MESSAGE][PASSED] - Delayed 5 second(s)

2018-09-27 10:07:53 - [TEST_STEP][PASSED] - setText: Text 'rubber' is set on object 'Object Repository/Page_Beauty Box Subscription for Wo/input_searchForm__input___2s6r (2)'

2018-09-27 10:07:53 - [MESSAGE][PASSED] - Text 'rubber' is set on object 'Object Repository/Page_Beauty Box Subscription for Wo/input_searchForm__input___2s6r (2)'

2018-09-27 10:07:53 - [TEST_STEP][PASSED] - click: Object: 'Object Repository/Page_Beauty Box Subscription for Wo/button_Search (2)' is clicked on

2018-09-27 10:07:53 - [MESSAGE][PASSED] - Object: 'Object Repository/Page_Beauty Box Subscription for Wo/button_Search (2)' is clicked on

2018-09-27 10:07:53 - [TEST_STEP][PASSED] - click: Object: 'Object Repository/Page_Beauty Box Subscription for Wo/a_Dr. Jart Bright Lover Rubber' is clicked on

2018-09-27 10:07:55 - [MESSAGE][PASSED] - Object: 'Object Repository/Page_Beauty Box Subscription for Wo/a_Dr. Jart Bright Lover Rubber' is clicked on

2018-09-27 10:07:55 - [TEST_STEP][PASSED] - scrollToPosition: Browser is scrolled to position x = 0, y = 999999

2018-09-27 10:07:55 - [MESSAGE][PASSED] - Browser is scrolled to position x = 0, y = 999999

2018-09-27 10:07:55 - [TEST_STEP][PASSED] - waitForElementVisible: Object 'Object Repository/Page_Dr. Jart Bright Lover Rubber M/div_Add to Cart12.00' is visible

2018-09-27 10:07:55 - [MESSAGE][WARNING] - Timeout '0' is invalid. Using default page load timeout: '90'

2018-09-27 10:07:55 - [MESSAGE][PASSED] - Object 'Object Repository/Page_Dr. Jart Bright Lover Rubber M/div_Add to Cart12.00' is visible

2018-09-27 10:07:55 - [TEST_STEP][PASSED] - click: Object: 'Object Repository/Page_Dr. Jart Bright Lover Rubber M/div_Add to Cart12.00' is clicked on

2018-09-27 10:07:56 - [MESSAGE][PASSED] - Object: 'Object Repository/Page_Dr. Jart Bright Lover Rubber M/div_Add to Cart12.00' is clicked on

2018-09-27 10:07:56 - [TEST_STEP][PASSED] - click: Object: 'Object Repository/Page_Beauty Box Subscription for Wo/svg_icon__checkout' is clicked on

2018-09-27 10:07:56 - [MESSAGE][PASSED] - Object: 'Object Repository/Page_Beauty Box Subscription for Wo/svg_icon__checkout' is clicked on

2018-09-27 10:07:56 - [TEST_STEP][PASSED] - comment: Verify that an item can be removed by selecting the 'X' button

2018-09-27 10:07:56 - [TEST_STEP][PASSED] - delay: Delayed 5 second(s)

2018-09-27 10:08:01 - [MESSAGE][PASSED] - Delayed 5 second(s)

2018-09-27 10:08:01 - [TEST_STEP][PASSED] - click: Object: 'Object Repository/Page_Beauty Box Subscription for Wo/svg_icon__X_Dr._Jart' is clicked on

2018-09-27 10:08:02 - [MESSAGE][PASSED] - Object: 'Object Repository/Page_Beauty Box Subscription for Wo/svg_icon__X_Dr._Jart' is clicked on

2018-09-27 10:08:02 - [TEST_STEP][PASSED] - click: Object: 'Object Repository/Page_Beauty Box Subscription for Wo/div_Remove (1)' is clicked on

2018-09-27 10:08:02 - [MESSAGE][PASSED] - Object: 'Object Repository/Page_Beauty Box Subscription for Wo/div_Remove (1)' is clicked on

2018-09-27 10:08:02 - [TEST_STEP][PASSED] - comment: Verify that an item can be removed by selecting the '-' button

2018-09-27 10:08:02 - [TEST_STEP][PASSED] - delay: Delayed 15 second(s)

2018-09-27 10:08:17 - [MESSAGE][PASSED] - Delayed 15 second(s)

2018-09-27 10:08:17 - [TEST_STEP][PASSED] - click: Object: 'Object Repository/Page_Beauty Box Subscription for Wo/svg_icon__-_Tweezerman' is clicked on

2018-09-27 10:08:17 - [MESSAGE][PASSED] - Object: 'Object Repository/Page_Beauty Box Subscription for Wo/svg_icon__-_Tweezerman' is clicked on

2018-09-27 10:08:17 - [TEST_STEP][PASSED] - click: Object: 'Object Repository/Page_Beauty Box Subscription for Wo/a_Continue Shopping (1)' is clicked on

2018-09-27 10:08:19 - [MESSAGE][PASSED] - Object: 'Object Repository/Page_Beauty Box Subscription for Wo/a_Continue Shopping (1)' is clicked on]]></system-out>
         <system-err><![CDATA[]]></system-err>
      </testcase>
      <testcase name="Test Cases/US mobile test/Log in as a subscriber with existing boxes and navigate to Boxes" classname="Test Cases/US mobile test/Log in as a subscriber with existing boxes and navigate to Boxes" status="PASSED">
         <system-out><![CDATA[2018-09-27 10:08:19 - [TEST_CASE][PASSED] - Test Cases/US mobile test/Log in as a subscriber with existing boxes and navigate to Boxes: Test Cases/US mobile test/Log in as a subscriber with existing boxes and navigate to Boxes

2018-09-27 10:08:20 - [TEST_STEP][NOT_RUN] - callTestCase: NOT_RUN: callTestCase

2018-09-27 10:08:20 - [MESSAGE][NOT_RUN] - NOT_RUN: callTestCase

2018-09-27 10:08:20 - [TEST_STEP][PASSED] - click: Object: 'Object Repository/Page_Beauty Box Subscription for Wo/svg_icon__profile (1)' is clicked on

2018-09-27 10:08:20 - [MESSAGE][PASSED] - Object: 'Object Repository/Page_Beauty Box Subscription for Wo/svg_icon__profile (1)' is clicked on

2018-09-27 10:08:20 - [TEST_STEP][PASSED] - delay: Delayed 2 second(s)

2018-09-27 10:08:22 - [MESSAGE][PASSED] - Delayed 2 second(s)

2018-09-27 10:08:22 - [TEST_STEP][PASSED] - Statement - If (com.kms.katalon.core.webui.keyword.WebUiBuiltInKeywords.verifyElementPresent(com.kms.katalon.core.testobject.ObjectRepository.findTestObject(Page_Beauty Box Subscription for Wo/div_Email Address (3)), 5, OPTIONAL)): com.kms.katalon.core.webui.exception.WebElementNotFoundException: Web element with id: 'Object Repository/Page_Beauty Box Subscription for Wo/div_Email Address (3)' located by 'By.xpath: //div[(text() = 'Email Address' or . = 'Email Address')]' not found

2018-09-27 10:08:34 - [MESSAGE][WARNING] - com.kms.katalon.core.webui.exception.WebElementNotFoundException: Web element with id: 'Object Repository/Page_Beauty Box Subscription for Wo/div_Email Address (3)' located by 'By.xpath: //div[(text() = 'Email Address' or . = 'Email Address')]' not found

2018-09-27 10:08:34 - [TEST_STEP][PASSED] - Statement - Else: Object: 'Object Repository/Page_Beauty Box Subscription for Wo/div_Your Account_close' is clicked on

2018-09-27 10:08:34 - [TEST_STEP][PASSED] - click: Object: 'Object Repository/Page_Beauty Box Subscription for Wo/div_Your Account_close' is clicked on

2018-09-27 10:08:34 - [MESSAGE][PASSED] - Object: 'Object Repository/Page_Beauty Box Subscription for Wo/div_Your Account_close' is clicked on

2018-09-27 10:08:34 - [TEST_STEP][NOT_RUN] - callTestCase: NOT_RUN: callTestCase

2018-09-27 10:08:34 - [MESSAGE][NOT_RUN] - NOT_RUN: callTestCase

2018-09-27 10:08:34 - [TEST_STEP][PASSED] - delay: Delayed 2 second(s)

2018-09-27 10:08:36 - [MESSAGE][PASSED] - Delayed 2 second(s)

2018-09-27 10:08:36 - [TEST_STEP][PASSED] - click: Object: 'Object Repository/Page_Beauty Box Subscription for Wo/svg_icon__hamburger_menu (1)' is clicked on

2018-09-27 10:08:36 - [MESSAGE][PASSED] - Object: 'Object Repository/Page_Beauty Box Subscription for Wo/svg_icon__hamburger_menu (1)' is clicked on

2018-09-27 10:08:36 - [TEST_STEP][PASSED] - delay: Delayed 1 second(s)

2018-09-27 10:08:37 - [MESSAGE][PASSED] - Delayed 1 second(s)

2018-09-27 10:08:37 - [TEST_STEP][PASSED] - waitForElementClickable: Object 'Object Repository/Page_Beauty Box Subscription for Wo/div_My Birchbox' is clickable

2018-09-27 10:08:37 - [MESSAGE][WARNING] - Timeout '0' is invalid. Using default page load timeout: '90'

2018-09-27 10:08:37 - [MESSAGE][PASSED] - Object 'Object Repository/Page_Beauty Box Subscription for Wo/div_My Birchbox' is clickable

2018-09-27 10:08:37 - [TEST_STEP][PASSED] - click: Object: 'Object Repository/Page_Beauty Box Subscription for Wo/div_My Birchbox' is clicked on

2018-09-27 10:08:38 - [MESSAGE][PASSED] - Object: 'Object Repository/Page_Beauty Box Subscription for Wo/div_My Birchbox' is clicked on

2018-09-27 10:08:38 - [TEST_STEP][PASSED] - comment: Note: Purchased boxes never populate in this page.  The following is the most that can be verified.

2018-09-27 10:08:38 - [TEST_STEP][PASSED] - delay: Delayed 3 second(s)

2018-09-27 10:08:41 - [MESSAGE][PASSED] - Delayed 3 second(s)

2018-09-27 10:08:41 - [TEST_STEP][NOT_RUN] - verifyTextPresent: NOT_RUN: verifyTextPresent

2018-09-27 10:08:41 - [MESSAGE][NOT_RUN] - NOT_RUN: verifyTextPresent

2018-09-27 10:08:41 - [TEST_STEP][NOT_RUN] - verifyTextPresent: NOT_RUN: verifyTextPresent

2018-09-27 10:08:41 - [MESSAGE][NOT_RUN] - NOT_RUN: verifyTextPresent]]></system-out>
         <system-err><![CDATA[]]></system-err>
      </testcase>
      <testcase name="Test Cases/US mobile test/Search for a product from the menu and add a product to existing list from within the product page" classname="Test Cases/US mobile test/Search for a product from the menu and add a product to existing list from within the product page" status="PASSED">
         <system-out><![CDATA[2018-09-27 10:08:41 - [TEST_CASE][PASSED] - Test Cases/US mobile test/Search for a product from the menu and add a product to existing list from within the product page: Test Cases/US mobile test/Search for a product from the menu and add a product to existing list from within the product page

2018-09-27 10:08:41 - [TEST_STEP][NOT_RUN] - callTestCase: NOT_RUN: callTestCase

2018-09-27 10:08:41 - [MESSAGE][NOT_RUN] - NOT_RUN: callTestCase

2018-09-27 10:08:41 - [TEST_STEP][PASSED] - delay: Delayed 2 second(s)

2018-09-27 10:08:43 - [MESSAGE][PASSED] - Delayed 2 second(s)

2018-09-27 10:08:43 - [TEST_STEP][PASSED] - waitForElementClickable: Object 'Object Repository/Page_Beauty Box Subscription for Wo/svg_icon__search' is clickable

2018-09-27 10:08:43 - [MESSAGE][WARNING] - Timeout '0' is invalid. Using default page load timeout: '90'

2018-09-27 10:08:43 - [MESSAGE][PASSED] - Object 'Object Repository/Page_Beauty Box Subscription for Wo/svg_icon__search' is clickable

2018-09-27 10:08:43 - [TEST_STEP][PASSED] - click: Object: 'Object Repository/Page_Beauty Box Subscription for Wo/svg_icon__search' is clicked on

2018-09-27 10:08:43 - [MESSAGE][PASSED] - Object: 'Object Repository/Page_Beauty Box Subscription for Wo/svg_icon__search' is clicked on

2018-09-27 10:08:43 - [TEST_STEP][PASSED] - delay: Delayed 5 second(s)

2018-09-27 10:08:48 - [MESSAGE][PASSED] - Delayed 5 second(s)

2018-09-27 10:08:48 - [TEST_STEP][PASSED] - setText: Text 'purple' is set on object 'Object Repository/Page_Beauty Box Subscription for Wo/input_searchForm__input___2s6r (1)'

2018-09-27 10:08:48 - [MESSAGE][PASSED] - Text 'purple' is set on object 'Object Repository/Page_Beauty Box Subscription for Wo/input_searchForm__input___2s6r (1)'

2018-09-27 10:08:48 - [TEST_STEP][PASSED] - click: Object: 'Object Repository/Page_Beauty Box Subscription for Wo/button_Search (1)' is clicked on

2018-09-27 10:08:49 - [MESSAGE][PASSED] - Object: 'Object Repository/Page_Beauty Box Subscription for Wo/button_Search (1)' is clicked on

2018-09-27 10:08:49 - [TEST_STEP][PASSED] - click: Object: 'Object Repository/Page_Beauty Box Subscription for Wo/a_Montale Dark Purple Eau de P (1)' is clicked on

2018-09-27 10:08:50 - [MESSAGE][PASSED] - Object: 'Object Repository/Page_Beauty Box Subscription for Wo/a_Montale Dark Purple Eau de P (1)' is clicked on

2018-09-27 10:08:50 - [TEST_STEP][PASSED] - scrollToElement: Scroll to object 'Object Repository/Page_Montale Dark Purple Eau de Par/div_Read More (1)' successfully

2018-09-27 10:08:50 - [MESSAGE][WARNING] - Timeout '0' is invalid. Using default page load timeout: '90'

2018-09-27 10:08:51 - [MESSAGE][PASSED] - Scroll to object 'Object Repository/Page_Montale Dark Purple Eau de Par/div_Read More (1)' successfully

2018-09-27 10:08:51 - [TEST_STEP][PASSED] - delay: Delayed 1 second(s)

2018-09-27 10:08:52 - [MESSAGE][PASSED] - Delayed 1 second(s)

2018-09-27 10:08:52 - [TEST_STEP][PASSED] - waitForElementVisible: Object 'Object Repository/Page_Montale Dark Purple Eau de Par/svg_icon__svg___cc1CR utilitie_1' is visible

2018-09-27 10:08:52 - [MESSAGE][WARNING] - Timeout '0' is invalid. Using default page load timeout: '90'

2018-09-27 10:08:52 - [MESSAGE][PASSED] - Object 'Object Repository/Page_Montale Dark Purple Eau de Par/svg_icon__svg___cc1CR utilitie_1' is visible

2018-09-27 10:08:52 - [TEST_STEP][PASSED] - click: Object: 'Object Repository/Page_Montale Dark Purple Eau de Par/svg_icon__svg___cc1CR utilitie_1' is clicked on

2018-09-27 10:08:52 - [MESSAGE][PASSED] - Object: 'Object Repository/Page_Montale Dark Purple Eau de Par/svg_icon__svg___cc1CR utilitie_1' is clicked on

2018-09-27 10:08:52 - [TEST_STEP][PASSED] - delay: Delayed 2 second(s)

2018-09-27 10:08:54 - [MESSAGE][PASSED] - Delayed 2 second(s)

2018-09-27 10:08:54 - [TEST_STEP][PASSED] - Statement - If (com.kms.katalon.core.webui.keyword.WebUiBuiltInKeywords.verifyElementPresent(com.kms.katalon.core.testobject.ObjectRepository.findTestObject(Page_Montale Dark Purple Eau de Par/div_Email Address), 5, OPTIONAL)): com.kms.katalon.core.webui.exception.WebElementNotFoundException: Web element with id: 'Object Repository/Page_Montale Dark Purple Eau de Par/div_Email Address' located by 'By.xpath: id("root")/div[@class="app__container___1iszn undefined"]/ul[@class="modalStack__cover___3nTRc utilities__fixed___1nM3D utilities__cover___WKDvY utilities__listUnstyled___2AX2M"]/li[@class="modalStack__cover___3nTRc utilities__fixed___1nM3D utilities__cover___WKDvY utilities__listUnstyled___2AX2M"]/div[@class="dialog__backdrop___3ymQv utilities__absolute___2Nj_S utilities__cover___WKDvY utilities__flexCenterBoth___bT52v utilities__flexContainer___2sCJV"]/div[@class="dialog__mainNarrow___kBupJ dialog__main___2SIs0 utilities__relative___1GEg3"]/div[2]/div[@class="utilities__relative___1GEg3"]/div[1]/div[@class="form__container___31zeP utilities__relative___1GEg3"]/div[@class="containers__formVerticalSpacingAdaptive___2TxXH loginForm__container___3mh3K"]/label[@class="textInput__container___1SC_K utilities__relative___1GEg3 utilities__block___2NUBz layout__heightControlAdaptive___3k245 utilities__fullWidth___3kUCi textInput__containerValid___3KDT5"]/div[@class="textInput__label___1C_JP utilities__absolute___2Nj_S utilities__uppercase___3lD3P typography__labelCopy___1dstj typography__copy12___2kUwm utilities__flexCenterVertical___2nEt- utilities__flexContainer___2sCJV textInput__labelValid___3EW3U textInput__labelInactiveNarrow___jsuhe"]/div[1]' not found

2018-09-27 10:09:00 - [MESSAGE][WARNING] - com.kms.katalon.core.webui.exception.WebElementNotFoundException: Web element with id: 'Object Repository/Page_Montale Dark Purple Eau de Par/div_Email Address' located by 'By.xpath: id("root")/div[@class="app__container___1iszn undefined"]/ul[@class="modalStack__cover___3nTRc utilities__fixed___1nM3D utilities__cover___WKDvY utilities__listUnstyled___2AX2M"]/li[@class="modalStack__cover___3nTRc utilities__fixed___1nM3D utilities__cover___WKDvY utilities__listUnstyled___2AX2M"]/div[@class="dialog__backdrop___3ymQv utilities__absolute___2Nj_S utilities__cover___WKDvY utilities__flexCenterBoth___bT52v utilities__flexContainer___2sCJV"]/div[@class="dialog__mainNarrow___kBupJ dialog__main___2SIs0 utilities__relative___1GEg3"]/div[2]/div[@class="utilities__relative___1GEg3"]/div[1]/div[@class="form__container___31zeP utilities__relative___1GEg3"]/div[@class="containers__formVerticalSpacingAdaptive___2TxXH loginForm__container___3mh3K"]/label[@class="textInput__container___1SC_K utilities__relative___1GEg3 utilities__block___2NUBz layout__heightControlAdaptive___3k245 utilities__fullWidth___3kUCi textInput__containerValid___3KDT5"]/div[@class="textInput__label___1C_JP utilities__absolute___2Nj_S utilities__uppercase___3lD3P typography__labelCopy___1dstj typography__copy12___2kUwm utilities__flexCenterVertical___2nEt- utilities__flexContainer___2sCJV textInput__labelValid___3EW3U textInput__labelInactiveNarrow___jsuhe"]/div[1]' not found

2018-09-27 10:09:00 - [TEST_STEP][PASSED] - click: Object: 'Object Repository/Page_Montale Dark Purple Eau de Par/div_listSelector__checkboxUnch' is clicked on

2018-09-27 10:09:01 - [MESSAGE][PASSED] - Object: 'Object Repository/Page_Montale Dark Purple Eau de Par/div_listSelector__checkboxUnch' is clicked on

2018-09-27 10:09:01 - [TEST_STEP][PASSED] - delay: Delayed 10 second(s)

2018-09-27 10:09:11 - [MESSAGE][PASSED] - Delayed 10 second(s)

2018-09-27 10:09:11 - [TEST_STEP][PASSED] - waitForElementClickable: Object 'Object Repository/Page_Beauty Box Subscription for Wo/svg_icon__profile' is clickable

2018-09-27 10:09:11 - [MESSAGE][WARNING] - Timeout '0' is invalid. Using default page load timeout: '90'

2018-09-27 10:09:11 - [MESSAGE][PASSED] - Object 'Object Repository/Page_Beauty Box Subscription for Wo/svg_icon__profile' is clickable

2018-09-27 10:09:11 - [TEST_STEP][PASSED] - click: Object: 'Object Repository/Page_Beauty Box Subscription for Wo/svg_icon__profile' is clicked on

2018-09-27 10:09:11 - [MESSAGE][PASSED] - Object: 'Object Repository/Page_Beauty Box Subscription for Wo/svg_icon__profile' is clicked on

2018-09-27 10:09:11 - [TEST_STEP][PASSED] - delay: Delayed 10 second(s)

2018-09-27 10:09:21 - [MESSAGE][PASSED] - Delayed 10 second(s)

2018-09-27 10:09:21 - [TEST_STEP][PASSED] - click: Object: 'Object Repository/Page_Montale Dark Purple Eau de Par/a_Your Lists' is clicked on

2018-09-27 10:09:21 - [MESSAGE][PASSED] - Object: 'Object Repository/Page_Montale Dark Purple Eau de Par/a_Your Lists' is clicked on

2018-09-27 10:09:21 - [TEST_STEP][PASSED] - delay: Delayed 2 second(s)

2018-09-27 10:09:23 - [MESSAGE][PASSED] - Delayed 2 second(s)

2018-09-27 10:09:23 - [TEST_STEP][PASSED] - waitForElementClickable: Object 'Object Repository/Page_Beauty Box Subscription for Wo/svg_icon__svg___Favorites' is clickable

2018-09-27 10:09:23 - [MESSAGE][WARNING] - Timeout '0' is invalid. Using default page load timeout: '90'

2018-09-27 10:09:23 - [MESSAGE][PASSED] - Object 'Object Repository/Page_Beauty Box Subscription for Wo/svg_icon__svg___Favorites' is clickable

2018-09-27 10:09:23 - [TEST_STEP][PASSED] - click: Object: 'Object Repository/Page_Beauty Box Subscription for Wo/svg_icon__svg___Favorites' is clicked on

2018-09-27 10:09:24 - [MESSAGE][PASSED] - Object: 'Object Repository/Page_Beauty Box Subscription for Wo/svg_icon__svg___Favorites' is clicked on

2018-09-27 10:09:24 - [TEST_STEP][PASSED] - click: Object: 'Object Repository/Page_Beauty Box Subscription for Wo/div_Add to Cart' is clicked on

2018-09-27 10:09:24 - [MESSAGE][PASSED] - Object: 'Object Repository/Page_Beauty Box Subscription for Wo/div_Add to Cart' is clicked on]]></system-out>
         <system-err><![CDATA[]]></system-err>
      </testcase>
      <testcase name="Test Cases/US mobile test/Tap Men or Women tab" classname="Test Cases/US mobile test/Tap Men or Women tab" status="PASSED">
         <system-out><![CDATA[2018-09-27 10:09:25 - [TEST_CASE][PASSED] - Test Cases/US mobile test/Tap Men or Women tab: Test Cases/US mobile test/Tap Men or Women tab

2018-09-27 10:09:25 - [TEST_STEP][NOT_RUN] - Statement - date = new java.util.Date(): NOT_RUN: Statement - date = new java.util.Date()

2018-09-27 10:09:25 - [MESSAGE][NOT_RUN] - NOT_RUN: Statement - date = new java.util.Date()

2018-09-27 10:09:25 - [TEST_STEP][NOT_RUN] - Statement - datetimeMMddyyhhmm = date.format("MMddyyhhmm"): NOT_RUN: Statement - datetimeMMddyyhhmm = date.format("MMddyyhhmm")

2018-09-27 10:09:25 - [MESSAGE][NOT_RUN] - NOT_RUN: Statement - datetimeMMddyyhhmm = date.format("MMddyyhhmm")

2018-09-27 10:09:25 - [TEST_STEP][NOT_RUN] - Statement - uniqueUSEmail = "birchbox.intertek+us" + datetimeMMddyyhhmm + "@gmail.com": NOT_RUN: Statement - uniqueUSEmail = "birchbox.intertek+us" + datetimeMMddyyhhmm + "@gmail.com"

2018-09-27 10:09:25 - [MESSAGE][NOT_RUN] - NOT_RUN: Statement - uniqueUSEmail = "birchbox.intertek+us" + datetimeMMddyyhhmm + "@gmail.com"

2018-09-27 10:09:25 - [TEST_STEP][NOT_RUN] - openBrowser: NOT_RUN: openBrowser

2018-09-27 10:09:25 - [MESSAGE][NOT_RUN] - NOT_RUN: openBrowser

2018-09-27 10:09:25 - [TEST_STEP][NOT_RUN] - setViewPortSize: NOT_RUN: setViewPortSize

2018-09-27 10:09:25 - [MESSAGE][NOT_RUN] - NOT_RUN: setViewPortSize

2018-09-27 10:09:25 - [TEST_STEP][PASSED] - navigateToUrl: Navigate to 'https://www.staging.birchbox.com/' successfully

2018-09-27 10:09:27 - [MESSAGE][PASSED] - Navigate to 'https://www.staging.birchbox.com/' successfully

2018-09-27 10:09:27 - [TEST_STEP][PASSED] - click: Object: 'Object Repository/Page_Beauty Box Subscription for Wo/svg_icon__hamburger_menu' is clicked on

2018-09-27 10:09:30 - [MESSAGE][PASSED] - Object: 'Object Repository/Page_Beauty Box Subscription for Wo/svg_icon__hamburger_menu' is clicked on

2018-09-27 10:09:30 - [TEST_STEP][PASSED] - click: Object: 'Object Repository/Page_Beauty Box Subscription for Wo/a_Visit Birchbox Grooming' is clicked on

2018-09-27 10:09:32 - [MESSAGE][PASSED] - Object: 'Object Repository/Page_Beauty Box Subscription for Wo/a_Visit Birchbox Grooming' is clicked on

2018-09-27 10:09:32 - [TEST_STEP][PASSED] - delay: Delayed 2 second(s)

2018-09-27 10:09:34 - [MESSAGE][PASSED] - Delayed 2 second(s)

2018-09-27 10:09:34 - [TEST_STEP][PASSED] - waitForPageLoad: Wait for page load successfully

2018-09-27 10:09:34 - [MESSAGE][WARNING] - Timeout '0' is invalid. Using default page load timeout: '90'

2018-09-27 10:09:34 - [MESSAGE][PASSED] - Wait for page load successfully

2018-09-27 10:09:34 - [TEST_STEP][PASSED] - waitForElementClickable: Object 'Object Repository/Page_Beauty Box Subscription for Wo/svg_icon__hamburger_menu' is clickable

2018-09-27 10:09:34 - [MESSAGE][WARNING] - Timeout '0' is invalid. Using default page load timeout: '90'

2018-09-27 10:09:34 - [MESSAGE][PASSED] - Object 'Object Repository/Page_Beauty Box Subscription for Wo/svg_icon__hamburger_menu' is clickable

2018-09-27 10:09:34 - [TEST_STEP][PASSED] - click: Object: 'Object Repository/Page_Beauty Box Subscription for Wo/svg_icon__hamburger_menu' is clicked on

2018-09-27 10:09:34 - [MESSAGE][PASSED] - Object: 'Object Repository/Page_Beauty Box Subscription for Wo/svg_icon__hamburger_menu' is clicked on

2018-09-27 10:09:34 - [TEST_STEP][PASSED] - click: Object: 'Object Repository/Page_Beauty Box Subscription for Wo/a_Visit Birchbox Beauty' is clicked on

2018-09-27 10:09:35 - [MESSAGE][PASSED] - Object: 'Object Repository/Page_Beauty Box Subscription for Wo/a_Visit Birchbox Beauty' is clicked on]]></system-out>
         <system-err><![CDATA[]]></system-err>
      </testcase>
      <testcase name="Test Cases/US mobile test/Tap the heart icon for a product and uncheck the item from a list" classname="Test Cases/US mobile test/Tap the heart icon for a product and uncheck the item from a list" status="PASSED">
         <system-out><![CDATA[2018-09-27 10:09:35 - [TEST_CASE][PASSED] - Test Cases/US mobile test/Tap the heart icon for a product and uncheck the item from a list: Test Cases/US mobile test/Tap the heart icon for a product and uncheck the item from a list

2018-09-27 10:09:36 - [TEST_STEP][NOT_RUN] - callTestCase: NOT_RUN: callTestCase

2018-09-27 10:09:36 - [MESSAGE][NOT_RUN] - NOT_RUN: callTestCase

2018-09-27 10:09:36 - [TEST_STEP][PASSED] - delay: Delayed 2 second(s)

2018-09-27 10:09:38 - [MESSAGE][PASSED] - Delayed 2 second(s)

2018-09-27 10:09:38 - [TEST_STEP][PASSED] - click: Object: 'Object Repository/Page_Beauty Box Subscription for Wo/svg_icon__hamburger_menu (1)' is clicked on

2018-09-27 10:09:38 - [MESSAGE][PASSED] - Object: 'Object Repository/Page_Beauty Box Subscription for Wo/svg_icon__hamburger_menu (1)' is clicked on

2018-09-27 10:09:38 - [TEST_STEP][PASSED] - delay: Delayed 2 second(s)

2018-09-27 10:09:40 - [MESSAGE][PASSED] - Delayed 2 second(s)

2018-09-27 10:09:40 - [TEST_STEP][PASSED] - waitForElementClickable: Object 'Object Repository/Page_Beauty Box Subscription for Wo/div_Collections (2)' is clickable

2018-09-27 10:09:40 - [MESSAGE][WARNING] - Timeout '0' is invalid. Using default page load timeout: '90'

2018-09-27 10:09:40 - [MESSAGE][PASSED] - Object 'Object Repository/Page_Beauty Box Subscription for Wo/div_Collections (2)' is clickable

2018-09-27 10:09:40 - [TEST_STEP][PASSED] - click: Object: 'Object Repository/Page_Beauty Box Subscription for Wo/div_Collections (2)' is clicked on

2018-09-27 10:09:41 - [MESSAGE][PASSED] - Object: 'Object Repository/Page_Beauty Box Subscription for Wo/div_Collections (2)' is clicked on

2018-09-27 10:09:41 - [TEST_STEP][PASSED] - delay: Delayed 2 second(s)

2018-09-27 10:09:43 - [MESSAGE][PASSED] - Delayed 2 second(s)

2018-09-27 10:09:43 - [TEST_STEP][PASSED] - waitForElementClickable: Object 'Object Repository/Page_Beauty Box Subscription for Wo/div_Birchbox Exclusives' is clickable

2018-09-27 10:09:43 - [MESSAGE][WARNING] - Timeout '0' is invalid. Using default page load timeout: '90'

2018-09-27 10:09:43 - [MESSAGE][PASSED] - Object 'Object Repository/Page_Beauty Box Subscription for Wo/div_Birchbox Exclusives' is clickable

2018-09-27 10:09:43 - [TEST_STEP][PASSED] - click: Object: 'Object Repository/Page_Beauty Box Subscription for Wo/div_Birchbox Exclusives' is clicked on

2018-09-27 10:09:43 - [MESSAGE][PASSED] - Object: 'Object Repository/Page_Beauty Box Subscription for Wo/div_Birchbox Exclusives' is clicked on

2018-09-27 10:09:43 - [TEST_STEP][PASSED] - delay: Delayed 2 second(s)

2018-09-27 10:09:45 - [MESSAGE][PASSED] - Delayed 2 second(s)

2018-09-27 10:09:45 - [TEST_STEP][PASSED] - comment: The product displays in different places on the page depending on if the test case is run solo or as part of a suite, so the scrolling below is necessary to find it

2018-09-27 10:09:45 - [TEST_STEP][PASSED] - scrollToPosition: Browser is scrolled to position x = 0, y = 1000

2018-09-27 10:09:45 - [MESSAGE][PASSED] - Browser is scrolled to position x = 0, y = 1000

2018-09-27 10:09:45 - [TEST_STEP][PASSED] - delay: Delayed 2 second(s)

2018-09-27 10:09:47 - [MESSAGE][PASSED] - Delayed 2 second(s)

2018-09-27 10:09:47 - [TEST_STEP][PASSED] - scrollToPosition: Browser is scrolled to position x = 0, y = 2000

2018-09-27 10:09:47 - [MESSAGE][PASSED] - Browser is scrolled to position x = 0, y = 2000

2018-09-27 10:09:47 - [TEST_STEP][PASSED] - delay: Delayed 2 second(s)

2018-09-27 10:09:49 - [MESSAGE][PASSED] - Delayed 2 second(s)

2018-09-27 10:09:49 - [TEST_STEP][PASSED] - scrollToPosition: Browser is scrolled to position x = 0, y = 1500

2018-09-27 10:09:49 - [MESSAGE][PASSED] - Browser is scrolled to position x = 0, y = 1500

2018-09-27 10:09:49 - [TEST_STEP][PASSED] - delay: Delayed 2 second(s)

2018-09-27 10:09:51 - [MESSAGE][PASSED] - Delayed 2 second(s)

2018-09-27 10:09:51 - [TEST_STEP][PASSED] - scrollToElement: Scroll to object 'Object Repository/Page_Shop Birchbox Exclusives/img_image__absolute___Beauty Protector image' successfully

2018-09-27 10:09:51 - [MESSAGE][WARNING] - Timeout '0' is invalid. Using default page load timeout: '90'

2018-09-27 10:09:51 - [MESSAGE][PASSED] - Scroll to object 'Object Repository/Page_Shop Birchbox Exclusives/img_image__absolute___Beauty Protector image' successfully

2018-09-27 10:09:51 - [TEST_STEP][PASSED] - click: Object: 'Object Repository/Page_Shop Birchbox Exclusives/img_image__absolute___Beauty Protector image' is clicked on

2018-09-27 10:09:51 - [MESSAGE][PASSED] - Object: 'Object Repository/Page_Shop Birchbox Exclusives/img_image__absolute___Beauty Protector image' is clicked on

2018-09-27 10:09:51 - [TEST_STEP][PASSED] - delay: Delayed 2 second(s)

2018-09-27 10:09:53 - [MESSAGE][PASSED] - Delayed 2 second(s)

2018-09-27 10:09:53 - [TEST_STEP][PASSED] - scrollToPosition: Browser is scrolled to position x = 0, y = 600

2018-09-27 10:09:53 - [MESSAGE][PASSED] - Browser is scrolled to position x = 0, y = 600

2018-09-27 10:09:53 - [TEST_STEP][PASSED] - waitForElementClickable: Object 'Object Repository/Page_Beauty Protector Protect  Deta/svg_favorite_icon' is clickable

2018-09-27 10:09:53 - [MESSAGE][WARNING] - Timeout '0' is invalid. Using default page load timeout: '90'

2018-09-27 10:09:53 - [MESSAGE][PASSED] - Object 'Object Repository/Page_Beauty Protector Protect  Deta/svg_favorite_icon' is clickable

2018-09-27 10:09:53 - [TEST_STEP][PASSED] - click: Object: 'Object Repository/Page_Beauty Protector Protect  Deta/svg_favorite_icon' is clicked on

2018-09-27 10:09:54 - [MESSAGE][PASSED] - Object: 'Object Repository/Page_Beauty Protector Protect  Deta/svg_favorite_icon' is clicked on

2018-09-27 10:09:54 - [TEST_STEP][PASSED] - delay: Delayed 5 second(s)

2018-09-27 10:09:59 - [MESSAGE][PASSED] - Delayed 5 second(s)

2018-09-27 10:09:59 - [TEST_STEP][PASSED] - Statement - If (com.kms.katalon.core.webui.keyword.WebUiBuiltInKeywords.verifyElementPresent(com.kms.katalon.core.testobject.ObjectRepository.findTestObject(Page_Beauty Box Subscription for Wo/div_Email Address (3)), 5, OPTIONAL)): com.kms.katalon.core.webui.exception.WebElementNotFoundException: Web element with id: 'Object Repository/Page_Beauty Box Subscription for Wo/div_Email Address (3)' located by 'By.xpath: //div[(text() = 'Email Address' or . = 'Email Address')]' not found

2018-09-27 10:10:06 - [MESSAGE][WARNING] - com.kms.katalon.core.webui.exception.WebElementNotFoundException: Web element with id: 'Object Repository/Page_Beauty Box Subscription for Wo/div_Email Address (3)' located by 'By.xpath: //div[(text() = 'Email Address' or . = 'Email Address')]' not found

2018-09-27 10:10:06 - [TEST_STEP][PASSED] - delay: Delayed 4 second(s)

2018-09-27 10:10:10 - [MESSAGE][PASSED] - Delayed 4 second(s)

2018-09-27 10:10:10 - [TEST_STEP][PASSED] - verifyElementClickable: Object 'Object Repository/Page_Beauty Protector Protect  Deta/div_Favorites_listSelector__favorites_checkbox' is clickable

2018-09-27 10:10:10 - [MESSAGE][PASSED] - Object 'Object Repository/Page_Beauty Protector Protect  Deta/div_Favorites_listSelector__favorites_checkbox' is clickable

2018-09-27 10:10:10 - [TEST_STEP][PASSED] - click: Object: 'Object Repository/Page_Beauty Protector Protect  Deta/div_Favorites_listSelector__favorites_checkbox' is clicked on

2018-09-27 10:10:10 - [MESSAGE][PASSED] - Object: 'Object Repository/Page_Beauty Protector Protect  Deta/div_Favorites_listSelector__favorites_checkbox' is clicked on

2018-09-27 10:10:10 - [TEST_STEP][PASSED] - delay: Delayed 2 second(s)

2018-09-27 10:10:12 - [MESSAGE][PASSED] - Delayed 2 second(s)

2018-09-27 10:10:12 - [TEST_STEP][PASSED] - waitForPageLoad: Wait for page load successfully

2018-09-27 10:10:12 - [MESSAGE][WARNING] - Timeout '0' is invalid. Using default page load timeout: '90'

2018-09-27 10:10:12 - [MESSAGE][PASSED] - Wait for page load successfully

2018-09-27 10:10:12 - [TEST_STEP][NOT_RUN] - setText: NOT_RUN: setText

2018-09-27 10:10:12 - [MESSAGE][NOT_RUN] - NOT_RUN: setText

2018-09-27 10:10:12 - [TEST_STEP][NOT_RUN] - setEncryptedText: NOT_RUN: setEncryptedText

2018-09-27 10:10:12 - [MESSAGE][NOT_RUN] - NOT_RUN: setEncryptedText

2018-09-27 10:10:12 - [TEST_STEP][NOT_RUN] - click: NOT_RUN: click

2018-09-27 10:10:12 - [MESSAGE][NOT_RUN] - NOT_RUN: click

2018-09-27 10:10:12 - [TEST_STEP][NOT_RUN] - click: NOT_RUN: click

2018-09-27 10:10:12 - [MESSAGE][NOT_RUN] - NOT_RUN: click

2018-09-27 10:10:12 - [TEST_STEP][NOT_RUN] - delay: NOT_RUN: delay

2018-09-27 10:10:12 - [MESSAGE][NOT_RUN] - NOT_RUN: delay

2018-09-27 10:10:12 - [TEST_STEP][NOT_RUN] - waitForElementClickable: NOT_RUN: waitForElementClickable

2018-09-27 10:10:12 - [MESSAGE][NOT_RUN] - NOT_RUN: waitForElementClickable

2018-09-27 10:10:12 - [TEST_STEP][PASSED] - click: Object: 'Object Repository/Page_Beauty Protector Protect  Deta/div_Add to a List_dialog__close' is clicked on

2018-09-27 10:10:13 - [MESSAGE][PASSED] - Object: 'Object Repository/Page_Beauty Protector Protect  Deta/div_Add to a List_dialog__close' is clicked on

2018-09-27 10:10:13 - [TEST_STEP][PASSED] - delay: Delayed 2 second(s)

2018-09-27 10:10:15 - [MESSAGE][PASSED] - Delayed 2 second(s)

2018-09-27 10:10:15 - [TEST_STEP][PASSED] - waitForElementClickable: Object 'Object Repository/Page_Beauty Protector Protect  Deta/svg_icon__svg___profile_icon' is clickable

2018-09-27 10:10:15 - [MESSAGE][WARNING] - Timeout '0' is invalid. Using default page load timeout: '90'

2018-09-27 10:10:15 - [MESSAGE][PASSED] - Object 'Object Repository/Page_Beauty Protector Protect  Deta/svg_icon__svg___profile_icon' is clickable

2018-09-27 10:10:15 - [TEST_STEP][PASSED] - click: Object: 'Object Repository/Page_Beauty Protector Protect  Deta/svg_icon__svg___profile_icon' is clicked on

2018-09-27 10:10:15 - [MESSAGE][PASSED] - Object: 'Object Repository/Page_Beauty Protector Protect  Deta/svg_icon__svg___profile_icon' is clicked on

2018-09-27 10:10:15 - [TEST_STEP][PASSED] - delay: Delayed 2 second(s)

2018-09-27 10:10:17 - [MESSAGE][PASSED] - Delayed 2 second(s)

2018-09-27 10:10:17 - [TEST_STEP][PASSED] - waitForElementClickable: Object 'Object Repository/Page_Beauty Protector Protect  Deta/div_Your Lists' is clickable

2018-09-27 10:10:17 - [MESSAGE][WARNING] - Timeout '0' is invalid. Using default page load timeout: '90'

2018-09-27 10:10:17 - [MESSAGE][PASSED] - Object 'Object Repository/Page_Beauty Protector Protect  Deta/div_Your Lists' is clickable

2018-09-27 10:10:17 - [TEST_STEP][PASSED] - click: Object: 'Object Repository/Page_Beauty Protector Protect  Deta/div_Your Lists' is clicked on

2018-09-27 10:10:17 - [MESSAGE][PASSED] - Object: 'Object Repository/Page_Beauty Protector Protect  Deta/div_Your Lists' is clicked on

2018-09-27 10:10:17 - [TEST_STEP][PASSED] - delay: Delayed 2 second(s)

2018-09-27 10:10:19 - [MESSAGE][PASSED] - Delayed 2 second(s)

2018-09-27 10:10:19 - [TEST_STEP][PASSED] - waitForElementClickable: Object 'Object Repository/Page_Beauty Box Subscription for Wo/div_Favorites3 Products' is clickable

2018-09-27 10:10:19 - [MESSAGE][WARNING] - Timeout '0' is invalid. Using default page load timeout: '90'

2018-09-27 10:10:19 - [MESSAGE][PASSED] - Object 'Object Repository/Page_Beauty Box Subscription for Wo/div_Favorites3 Products' is clickable

2018-09-27 10:10:19 - [TEST_STEP][PASSED] - click: Object: 'Object Repository/Page_Beauty Box Subscription for Wo/div_Favorites3 Products' is clicked on

2018-09-27 10:10:20 - [MESSAGE][PASSED] - Object: 'Object Repository/Page_Beauty Box Subscription for Wo/div_Favorites3 Products' is clicked on

2018-09-27 10:10:20 - [TEST_STEP][PASSED] - delay: Delayed 2 second(s)

2018-09-27 10:10:22 - [MESSAGE][PASSED] - Delayed 2 second(s)

2018-09-27 10:10:22 - [TEST_STEP][PASSED] - comment: This section removes the favorite using the 'X' icon

2018-09-27 10:10:22 - [TEST_STEP][NOT_RUN] - waitForElementVisible: NOT_RUN: waitForElementVisible

2018-09-27 10:10:22 - [MESSAGE][NOT_RUN] - NOT_RUN: waitForElementVisible

2018-09-27 10:10:22 - [TEST_STEP][NOT_RUN] - waitForElementClickable: NOT_RUN: waitForElementClickable

2018-09-27 10:10:22 - [MESSAGE][NOT_RUN] - NOT_RUN: waitForElementClickable

2018-09-27 10:10:22 - [TEST_STEP][NOT_RUN] - click: NOT_RUN: click

2018-09-27 10:10:22 - [MESSAGE][NOT_RUN] - NOT_RUN: click

2018-09-27 10:10:22 - [TEST_STEP][PASSED] - comment: This section removes the favorite by deselecting the favorites icon

2018-09-27 10:10:22 - [TEST_STEP][PASSED] - click: Object: 'Object Repository/Page_Beauty Box Subscription for Wo/a_Beauty Protector Protect  De' is clicked on

2018-09-27 10:10:22 - [MESSAGE][PASSED] - Object: 'Object Repository/Page_Beauty Box Subscription for Wo/a_Beauty Protector Protect  De' is clicked on

2018-09-27 10:10:22 - [TEST_STEP][NOT_RUN] - click: NOT_RUN: click

2018-09-27 10:10:22 - [MESSAGE][NOT_RUN] - NOT_RUN: click

2018-09-27 10:10:22 - [TEST_STEP][NOT_RUN] - click: NOT_RUN: click

2018-09-27 10:10:22 - [MESSAGE][NOT_RUN] - NOT_RUN: click

2018-09-27 10:10:22 - [TEST_STEP][NOT_RUN] - click: NOT_RUN: click

2018-09-27 10:10:22 - [MESSAGE][NOT_RUN] - NOT_RUN: click

2018-09-27 10:10:22 - [TEST_STEP][NOT_RUN] - click: NOT_RUN: click

2018-09-27 10:10:22 - [MESSAGE][NOT_RUN] - NOT_RUN: click

2018-09-27 10:10:22 - [TEST_STEP][PASSED] - delay: Delayed 3 second(s)

2018-09-27 10:10:25 - [MESSAGE][PASSED] - Delayed 3 second(s)

2018-09-27 10:10:25 - [TEST_STEP][PASSED] - waitForPageLoad: Wait for page load successfully

2018-09-27 10:10:25 - [MESSAGE][WARNING] - Timeout '0' is invalid. Using default page load timeout: '90'

2018-09-27 10:10:25 - [MESSAGE][PASSED] - Wait for page load successfully

2018-09-27 10:10:25 - [TEST_STEP][PASSED] - scrollToPosition: Browser is scrolled to position x = 0, y = 600

2018-09-27 10:10:25 - [MESSAGE][PASSED] - Browser is scrolled to position x = 0, y = 600

2018-09-27 10:10:25 - [TEST_STEP][PASSED] - click: Object: 'Object Repository/Page_Beauty Protector Protect  Deta/svg_icon__svg___clear_favorites_icon' is clicked on

2018-09-27 10:10:26 - [MESSAGE][PASSED] - Object: 'Object Repository/Page_Beauty Protector Protect  Deta/svg_icon__svg___clear_favorites_icon' is clicked on

2018-09-27 10:10:26 - [TEST_STEP][PASSED] - delay: Delayed 2 second(s)

2018-09-27 10:10:28 - [MESSAGE][PASSED] - Delayed 2 second(s)

2018-09-27 10:10:28 - [TEST_STEP][PASSED] - click: Object: 'Object Repository/Page_Beauty Protector Protect  Deta/div_Favorites_listSelector__uncheck_favorites' is clicked on

2018-09-27 10:10:28 - [MESSAGE][PASSED] - Object: 'Object Repository/Page_Beauty Protector Protect  Deta/div_Favorites_listSelector__uncheck_favorites' is clicked on

2018-09-27 10:10:28 - [TEST_STEP][PASSED] - click: Object: 'Object Repository/Page_Beauty Protector Protect  Deta/div_Add to a List_dialog__close' is clicked on

2018-09-27 10:10:28 - [MESSAGE][PASSED] - Object: 'Object Repository/Page_Beauty Protector Protect  Deta/div_Add to a List_dialog__close' is clicked on

2018-09-27 10:10:28 - [TEST_STEP][PASSED] - delay: Delayed 2 second(s)

2018-09-27 10:10:30 - [MESSAGE][PASSED] - Delayed 2 second(s)

2018-09-27 10:10:30 - [TEST_STEP][PASSED] - waitForElementClickable: Object 'Object Repository/Page_Beauty Protector Protect  Deta/svg_icon__svg___profile_icon' is clickable

2018-09-27 10:10:30 - [MESSAGE][WARNING] - Timeout '0' is invalid. Using default page load timeout: '90'

2018-09-27 10:10:30 - [MESSAGE][PASSED] - Object 'Object Repository/Page_Beauty Protector Protect  Deta/svg_icon__svg___profile_icon' is clickable

2018-09-27 10:10:30 - [TEST_STEP][PASSED] - click: Object: 'Object Repository/Page_Beauty Protector Protect  Deta/svg_icon__svg___profile_icon' is clicked on

2018-09-27 10:10:30 - [MESSAGE][PASSED] - Object: 'Object Repository/Page_Beauty Protector Protect  Deta/svg_icon__svg___profile_icon' is clicked on

2018-09-27 10:10:30 - [TEST_STEP][PASSED] - delay: Delayed 2 second(s)

2018-09-27 10:10:32 - [MESSAGE][PASSED] - Delayed 2 second(s)

2018-09-27 10:10:32 - [TEST_STEP][PASSED] - waitForElementClickable: Object 'Object Repository/Page_Beauty Protector Protect  Deta/div_Your Lists' is clickable

2018-09-27 10:10:32 - [MESSAGE][WARNING] - Timeout '0' is invalid. Using default page load timeout: '90'

2018-09-27 10:10:32 - [MESSAGE][PASSED] - Object 'Object Repository/Page_Beauty Protector Protect  Deta/div_Your Lists' is clickable

2018-09-27 10:10:32 - [TEST_STEP][PASSED] - click: Object: 'Object Repository/Page_Beauty Protector Protect  Deta/div_Your Lists' is clicked on

2018-09-27 10:10:33 - [MESSAGE][PASSED] - Object: 'Object Repository/Page_Beauty Protector Protect  Deta/div_Your Lists' is clicked on

2018-09-27 10:10:33 - [TEST_STEP][PASSED] - delay: Delayed 2 second(s)

2018-09-27 10:10:35 - [MESSAGE][PASSED] - Delayed 2 second(s)

2018-09-27 10:10:35 - [TEST_STEP][PASSED] - waitForElementClickable: Object 'Object Repository/Page_Beauty Box Subscription for Wo/div_Favorites3 Products' is clickable

2018-09-27 10:10:35 - [MESSAGE][WARNING] - Timeout '0' is invalid. Using default page load timeout: '90'

2018-09-27 10:10:35 - [MESSAGE][PASSED] - Object 'Object Repository/Page_Beauty Box Subscription for Wo/div_Favorites3 Products' is clickable

2018-09-27 10:10:35 - [TEST_STEP][PASSED] - click: Object: 'Object Repository/Page_Beauty Box Subscription for Wo/div_Favorites3 Products' is clicked on

2018-09-27 10:10:35 - [MESSAGE][PASSED] - Object: 'Object Repository/Page_Beauty Box Subscription for Wo/div_Favorites3 Products' is clicked on

2018-09-27 10:10:35 - [TEST_STEP][PASSED] - delay: Delayed 5 second(s)

2018-09-27 10:10:40 - [MESSAGE][PASSED] - Delayed 5 second(s)

2018-09-27 10:10:40 - [TEST_STEP][NOT_RUN] - click: NOT_RUN: click

2018-09-27 10:10:40 - [MESSAGE][NOT_RUN] - NOT_RUN: click

2018-09-27 10:10:40 - [TEST_STEP][NOT_RUN] - verifyTextPresent: NOT_RUN: verifyTextPresent

2018-09-27 10:10:40 - [MESSAGE][NOT_RUN] - NOT_RUN: verifyTextPresent

2018-09-27 10:10:40 - [TEST_STEP][PASSED] - click: Object: 'Object Repository/Page_Beauty Box Subscription for Wo/span_All Lists' is clicked on

2018-09-27 10:10:40 - [MESSAGE][PASSED] - Object: 'Object Repository/Page_Beauty Box Subscription for Wo/span_All Lists' is clicked on

2018-09-27 10:10:40 - [TEST_STEP][PASSED] - click: Object: 'Object Repository/Page_Beauty Box Subscription for Wo/svg_icon__Birchbox' is clicked on

2018-09-27 10:10:40 - [MESSAGE][PASSED] - Object: 'Object Repository/Page_Beauty Box Subscription for Wo/svg_icon__Birchbox' is clicked on]]></system-out>
         <system-err><![CDATA[]]></system-err>
      </testcase>
      <testcase name="Test Cases/US mobile test/Navigate to any list and add a product to cart" classname="Test Cases/US mobile test/Navigate to any list and add a product to cart" status="ERROR">
         <error type="ERROR" message="Test Cases/US mobile test/Navigate to any list and add a product to cart FAILED because (of) (Stack trace: groovy.lang.MissingMethodException: No signature of method: static com.kms.katalon.core.webui.keyword.WebUiBuiltInKeywords.verifyElementClickable() is applicable for argument types: (com.kms.katalon.core.testobject.TestObject, java.lang.Integer) values: [TestObject - 'Object Repository/Page_Beauty Protector Protect  Deta/svg_icon__svg___cc1CR utilitie', ...]
Possible solutions: verifyElementClickable(com.kms.katalon.core.testobject.TestObject), verifyElementClickable(com.kms.katalon.core.testobject.TestObject, com.kms.katalon.core.model.FailureHandling), verifyElementNotClickable(com.kms.katalon.core.testobject.TestObject), verifyElementNotClickable(com.kms.katalon.core.testobject.TestObject, com.kms.katalon.core.model.FailureHandling)
	at groovy.lang.MetaClassImpl.invokeStaticMissingMethod(MetaClassImpl.java:1503)
	at groovy.lang.MetaClassImpl.invokeStaticMethod(MetaClassImpl.java:1489)
	at org.codehaus.groovy.runtime.callsite.StaticMetaClassSite.call(StaticMetaClassSite.java:53)
	at org.codehaus.groovy.runtime.callsite.CallSiteArray.defaultCall(CallSiteArray.java:48)
	at org.codehaus.groovy.runtime.callsite.AbstractCallSite.call(AbstractCallSite.java:113)
	at org.codehaus.groovy.runtime.callsite.AbstractCallSite.call(AbstractCallSite.java:133)
	at Script1536087808742.run(Script1536087808742.groovy:65)
	at com.kms.katalon.core.main.ScriptEngine.run(ScriptEngine.java:183)
	at com.kms.katalon.core.main.ScriptEngine.runScriptAsRawText(ScriptEngine.java:108)
	at com.kms.katalon.core.main.TestCaseExecutor.runScript(TestCaseExecutor.java:294)
	at com.kms.katalon.core.main.TestCaseExecutor.doExecute(TestCaseExecutor.java:285)
	at com.kms.katalon.core.main.TestCaseExecutor.processExecutionPhase(TestCaseExecutor.java:264)
	at com.kms.katalon.core.main.TestCaseExecutor.accessMainPhase(TestCaseExecutor.java:256)
	at com.kms.katalon.core.main.TestCaseExecutor.execute(TestCaseExecutor.java:200)
	at com.kms.katalon.core.main.TestSuiteExecutor.accessTestCaseMainPhase(TestSuiteExecutor.java:129)
	at com.kms.katalon.core.main.TestSuiteExecutor.accessTestSuiteMainPhase(TestSuiteExecutor.java:112)
	at com.kms.katalon.core.main.TestSuiteExecutor.execute(TestSuiteExecutor.java:81)
	at com.kms.katalon.core.main.TestCaseMain.startTestSuite(TestCaseMain.java:142)
	at com.kms.katalon.core.main.TestCaseMain$startTestSuite$0.call(Unknown Source)
	at org.codehaus.groovy.runtime.callsite.CallSiteArray.defaultCall(CallSiteArray.java:48)
	at org.codehaus.groovy.runtime.callsite.AbstractCallSite.call(AbstractCallSite.java:113)
	at org.codehaus.groovy.runtime.callsite.AbstractCallSite.call(AbstractCallSite.java:141)
	at TempTestSuite1538067597028.run(TempTestSuite1538067597028.groovy:36)
	at groovy.lang.GroovyShell.runScriptOrMainOrTestOrRunnable(GroovyShell.java:263)
	at groovy.lang.GroovyShell.run(GroovyShell.java:518)
	at groovy.lang.GroovyShell.run(GroovyShell.java:507)
	at groovy.ui.GroovyMain.processOnce(GroovyMain.java:653)
	at groovy.ui.GroovyMain.run(GroovyMain.java:384)
	at groovy.ui.GroovyMain.process(GroovyMain.java:370)
	at groovy.ui.GroovyMain.processArgs(GroovyMain.java:129)
	at groovy.ui.GroovyMain.main(GroovyMain.java:109)
	at sun.reflect.NativeMethodAccessorImpl.invoke0(Native Method)
	at sun.reflect.NativeMethodAccessorImpl.invoke(NativeMethodAccessorImpl.java:62)
	at sun.reflect.DelegatingMethodAccessorImpl.invoke(DelegatingMethodAccessorImpl.java:43)
	at java.lang.reflect.Method.invoke(Method.java:498)
	at org.codehaus.groovy.tools.GroovyStarter.rootLoader(GroovyStarter.java:109)
	at org.codehaus.groovy.tools.GroovyStarter.main(GroovyStarter.java:131)
)"/>
         <system-out><![CDATA[2018-09-27 10:10:40 - [TEST_CASE][ERROR] - Test Cases/US mobile test/Navigate to any list and add a product to cart: Test Cases/US mobile test/Navigate to any list and add a product to cart FAILED because (of) (Stack trace: groovy.lang.MissingMethodException: No signature of method: static com.kms.katalon.core.webui.keyword.WebUiBuiltInKeywords.verifyElementClickable() is applicable for argument types: (com.kms.katalon.core.testobject.TestObject, java.lang.Integer) values: [TestObject - 'Object Repository/Page_Beauty Protector Protect  Deta/svg_icon__svg___cc1CR utilitie', ...]
Possible solutions: verifyElementClickable(com.kms.katalon.core.testobject.TestObject), verifyElementClickable(com.kms.katalon.core.testobject.TestObject, com.kms.katalon.core.model.FailureHandling), verifyElementNotClickable(com.kms.katalon.core.testobject.TestObject), verifyElementNotClickable(com.kms.katalon.core.testobject.TestObject, com.kms.katalon.core.model.FailureHandling)
	at groovy.lang.MetaClassImpl.invokeStaticMissingMethod(MetaClassImpl.java:1503)
	at groovy.lang.MetaClassImpl.invokeStaticMethod(MetaClassImpl.java:1489)
	at org.codehaus.groovy.runtime.callsite.StaticMetaClassSite.call(StaticMetaClassSite.java:53)
	at org.codehaus.groovy.runtime.callsite.CallSiteArray.defaultCall(CallSiteArray.java:48)
	at org.codehaus.groovy.runtime.callsite.AbstractCallSite.call(AbstractCallSite.java:113)
	at org.codehaus.groovy.runtime.callsite.AbstractCallSite.call(AbstractCallSite.java:133)
	at Script1536087808742.run(Script1536087808742.groovy:65)
	at com.kms.katalon.core.main.ScriptEngine.run(ScriptEngine.java:183)
	at com.kms.katalon.core.main.ScriptEngine.runScriptAsRawText(ScriptEngine.java:108)
	at com.kms.katalon.core.main.TestCaseExecutor.runScript(TestCaseExecutor.java:294)
	at com.kms.katalon.core.main.TestCaseExecutor.doExecute(TestCaseExecutor.java:285)
	at com.kms.katalon.core.main.TestCaseExecutor.processExecutionPhase(TestCaseExecutor.java:264)
	at com.kms.katalon.core.main.TestCaseExecutor.accessMainPhase(TestCaseExecutor.java:256)
	at com.kms.katalon.core.main.TestCaseExecutor.execute(TestCaseExecutor.java:200)
	at com.kms.katalon.core.main.TestSuiteExecutor.accessTestCaseMainPhase(TestSuiteExecutor.java:129)
	at com.kms.katalon.core.main.TestSuiteExecutor.accessTestSuiteMainPhase(TestSuiteExecutor.java:112)
	at com.kms.katalon.core.main.TestSuiteExecutor.execute(TestSuiteExecutor.java:81)
	at com.kms.katalon.core.main.TestCaseMain.startTestSuite(TestCaseMain.java:142)
	at com.kms.katalon.core.main.TestCaseMain$startTestSuite$0.call(Unknown Source)
	at org.codehaus.groovy.runtime.callsite.CallSiteArray.defaultCall(CallSiteArray.java:48)
	at org.codehaus.groovy.runtime.callsite.AbstractCallSite.call(AbstractCallSite.java:113)
	at org.codehaus.groovy.runtime.callsite.AbstractCallSite.call(AbstractCallSite.java:141)
	at TempTestSuite1538067597028.run(TempTestSuite1538067597028.groovy:36)
	at groovy.lang.GroovyShell.runScriptOrMainOrTestOrRunnable(GroovyShell.java:263)
	at groovy.lang.GroovyShell.run(GroovyShell.java:518)
	at groovy.lang.GroovyShell.run(GroovyShell.java:507)
	at groovy.ui.GroovyMain.processOnce(GroovyMain.java:653)
	at groovy.ui.GroovyMain.run(GroovyMain.java:384)
	at groovy.ui.GroovyMain.process(GroovyMain.java:370)
	at groovy.ui.GroovyMain.processArgs(GroovyMain.java:129)
	at groovy.ui.GroovyMain.main(GroovyMain.java:109)
	at sun.reflect.NativeMethodAccessorImpl.invoke0(Native Method)
	at sun.reflect.NativeMethodAccessorImpl.invoke(NativeMethodAccessorImpl.java:62)
	at sun.reflect.DelegatingMethodAccessorImpl.invoke(DelegatingMethodAccessorImpl.java:43)
	at java.lang.reflect.Method.invoke(Method.java:498)
	at org.codehaus.groovy.tools.GroovyStarter.rootLoader(GroovyStarter.java:109)
	at org.codehaus.groovy.tools.GroovyStarter.main(GroovyStarter.java:131)
)

2018-09-27 10:10:41 - [TEST_STEP][NOT_RUN] - callTestCase: NOT_RUN: callTestCase

2018-09-27 10:10:41 - [MESSAGE][NOT_RUN] - NOT_RUN: callTestCase

2018-09-27 10:10:41 - [TEST_STEP][NOT_RUN] - callTestCase: NOT_RUN: callTestCase

2018-09-27 10:10:41 - [MESSAGE][NOT_RUN] - NOT_RUN: callTestCase

2018-09-27 10:10:41 - [TEST_STEP][PASSED] - waitForElementClickable: Object 'Object Repository/Page_Beauty Box Subscription for Wo/svg_icon__hamburger_menu (1)' is clickable

2018-09-27 10:10:41 - [MESSAGE][WARNING] - Timeout '0' is invalid. Using default page load timeout: '90'

2018-09-27 10:10:41 - [MESSAGE][PASSED] - Object 'Object Repository/Page_Beauty Box Subscription for Wo/svg_icon__hamburger_menu (1)' is clickable

2018-09-27 10:10:41 - [TEST_STEP][PASSED] - click: Object: 'Object Repository/Page_Beauty Box Subscription for Wo/svg_icon__hamburger_menu (1)' is clicked on

2018-09-27 10:10:42 - [MESSAGE][PASSED] - Object: 'Object Repository/Page_Beauty Box Subscription for Wo/svg_icon__hamburger_menu (1)' is clicked on

2018-09-27 10:10:42 - [TEST_STEP][PASSED] - delay: Delayed 2 second(s)

2018-09-27 10:10:44 - [MESSAGE][PASSED] - Delayed 2 second(s)

2018-09-27 10:10:44 - [TEST_STEP][PASSED] - waitForElementClickable: Object 'Object Repository/Page_Beauty Box Subscription for Wo/div_Collections (2)' is clickable

2018-09-27 10:10:44 - [MESSAGE][WARNING] - Timeout '0' is invalid. Using default page load timeout: '90'

2018-09-27 10:10:44 - [MESSAGE][PASSED] - Object 'Object Repository/Page_Beauty Box Subscription for Wo/div_Collections (2)' is clickable

2018-09-27 10:10:44 - [TEST_STEP][PASSED] - click: Object: 'Object Repository/Page_Beauty Box Subscription for Wo/div_Collections (2)' is clicked on

2018-09-27 10:10:44 - [MESSAGE][PASSED] - Object: 'Object Repository/Page_Beauty Box Subscription for Wo/div_Collections (2)' is clicked on

2018-09-27 10:10:44 - [TEST_STEP][PASSED] - delay: Delayed 2 second(s)

2018-09-27 10:10:46 - [MESSAGE][PASSED] - Delayed 2 second(s)

2018-09-27 10:10:46 - [TEST_STEP][PASSED] - waitForElementClickable: Object 'Object Repository/Page_Beauty Box Subscription for Wo/div_Birchbox Exclusives' is clickable

2018-09-27 10:10:46 - [MESSAGE][WARNING] - Timeout '0' is invalid. Using default page load timeout: '90'

2018-09-27 10:10:46 - [MESSAGE][PASSED] - Object 'Object Repository/Page_Beauty Box Subscription for Wo/div_Birchbox Exclusives' is clickable

2018-09-27 10:10:46 - [TEST_STEP][PASSED] - click: Object: 'Object Repository/Page_Beauty Box Subscription for Wo/div_Birchbox Exclusives' is clicked on

2018-09-27 10:10:46 - [MESSAGE][PASSED] - Object: 'Object Repository/Page_Beauty Box Subscription for Wo/div_Birchbox Exclusives' is clicked on

2018-09-27 10:10:46 - [TEST_STEP][PASSED] - delay: Delayed 3 second(s)

2018-09-27 10:10:49 - [MESSAGE][PASSED] - Delayed 3 second(s)

2018-09-27 10:10:49 - [TEST_STEP][PASSED] - scrollToPosition: Browser is scrolled to position x = 0, y = 1000

2018-09-27 10:10:49 - [MESSAGE][PASSED] - Browser is scrolled to position x = 0, y = 1000

2018-09-27 10:10:49 - [TEST_STEP][PASSED] - delay: Delayed 2 second(s)

2018-09-27 10:10:51 - [MESSAGE][PASSED] - Delayed 2 second(s)

2018-09-27 10:10:51 - [TEST_STEP][PASSED] - scrollToPosition: Browser is scrolled to position x = 0, y = 1500

2018-09-27 10:10:51 - [MESSAGE][PASSED] - Browser is scrolled to position x = 0, y = 1500

2018-09-27 10:10:51 - [TEST_STEP][PASSED] - scrollToElement: Scroll to object 'Object Repository/Page_Shop Birchbox Exclusives/img_image__absolute___Beauty Protector image' successfully

2018-09-27 10:10:51 - [MESSAGE][WARNING] - Timeout '0' is invalid. Using default page load timeout: '90'

2018-09-27 10:10:51 - [MESSAGE][PASSED] - Scroll to object 'Object Repository/Page_Shop Birchbox Exclusives/img_image__absolute___Beauty Protector image' successfully

2018-09-27 10:10:51 - [TEST_STEP][PASSED] - waitForElementClickable: Object 'Object Repository/Page_Shop Birchbox Exclusives/a_Beauty Protector Protect  De' is clickable

2018-09-27 10:10:51 - [MESSAGE][WARNING] - Timeout '0' is invalid. Using default page load timeout: '90'

2018-09-27 10:10:51 - [MESSAGE][PASSED] - Object 'Object Repository/Page_Shop Birchbox Exclusives/a_Beauty Protector Protect  De' is clickable

2018-09-27 10:10:51 - [TEST_STEP][PASSED] - click: Object: 'Object Repository/Page_Shop Birchbox Exclusives/a_Beauty Protector Protect  De' is clicked on

2018-09-27 10:10:52 - [MESSAGE][PASSED] - Object: 'Object Repository/Page_Shop Birchbox Exclusives/a_Beauty Protector Protect  De' is clicked on

2018-09-27 10:10:52 - [TEST_STEP][PASSED] - delay: Delayed 4 second(s)

2018-09-27 10:10:56 - [MESSAGE][PASSED] - Delayed 4 second(s)

2018-09-27 10:10:56 - [TEST_STEP][PASSED] - scrollToPosition: Browser is scrolled to position x = 0, y = 550

2018-09-27 10:10:56 - [MESSAGE][PASSED] - Browser is scrolled to position x = 0, y = 550

2018-09-27 10:10:56 - [TEST_STEP][PASSED] - verifyElementClickable: Finding Test Object with id 'Object Repository/Page_Beauty Protector Protect  Deta/svg_icon__svg___cc1CR utilitie']]></system-out>
         <system-err><![CDATA[2018-09-27 10:10:40 - [TEST_CASE][ERROR] - Test Cases/US mobile test/Navigate to any list and add a product to cart: Test Cases/US mobile test/Navigate to any list and add a product to cart FAILED because (of) (Stack trace: groovy.lang.MissingMethodException: No signature of method: static com.kms.katalon.core.webui.keyword.WebUiBuiltInKeywords.verifyElementClickable() is applicable for argument types: (com.kms.katalon.core.testobject.TestObject, java.lang.Integer) values: [TestObject - 'Object Repository/Page_Beauty Protector Protect  Deta/svg_icon__svg___cc1CR utilitie', ...]
Possible solutions: verifyElementClickable(com.kms.katalon.core.testobject.TestObject), verifyElementClickable(com.kms.katalon.core.testobject.TestObject, com.kms.katalon.core.model.FailureHandling), verifyElementNotClickable(com.kms.katalon.core.testobject.TestObject), verifyElementNotClickable(com.kms.katalon.core.testobject.TestObject, com.kms.katalon.core.model.FailureHandling)
	at groovy.lang.MetaClassImpl.invokeStaticMissingMethod(MetaClassImpl.java:1503)
	at groovy.lang.MetaClassImpl.invokeStaticMethod(MetaClassImpl.java:1489)
	at org.codehaus.groovy.runtime.callsite.StaticMetaClassSite.call(StaticMetaClassSite.java:53)
	at org.codehaus.groovy.runtime.callsite.CallSiteArray.defaultCall(CallSiteArray.java:48)
	at org.codehaus.groovy.runtime.callsite.AbstractCallSite.call(AbstractCallSite.java:113)
	at org.codehaus.groovy.runtime.callsite.AbstractCallSite.call(AbstractCallSite.java:133)
	at Script1536087808742.run(Script1536087808742.groovy:65)
	at com.kms.katalon.core.main.ScriptEngine.run(ScriptEngine.java:183)
	at com.kms.katalon.core.main.ScriptEngine.runScriptAsRawText(ScriptEngine.java:108)
	at com.kms.katalon.core.main.TestCaseExecutor.runScript(TestCaseExecutor.java:294)
	at com.kms.katalon.core.main.TestCaseExecutor.doExecute(TestCaseExecutor.java:285)
	at com.kms.katalon.core.main.TestCaseExecutor.processExecutionPhase(TestCaseExecutor.java:264)
	at com.kms.katalon.core.main.TestCaseExecutor.accessMainPhase(TestCaseExecutor.java:256)
	at com.kms.katalon.core.main.TestCaseExecutor.execute(TestCaseExecutor.java:200)
	at com.kms.katalon.core.main.TestSuiteExecutor.accessTestCaseMainPhase(TestSuiteExecutor.java:129)
	at com.kms.katalon.core.main.TestSuiteExecutor.accessTestSuiteMainPhase(TestSuiteExecutor.java:112)
	at com.kms.katalon.core.main.TestSuiteExecutor.execute(TestSuiteExecutor.java:81)
	at com.kms.katalon.core.main.TestCaseMain.startTestSuite(TestCaseMain.java:142)
	at com.kms.katalon.core.main.TestCaseMain$startTestSuite$0.call(Unknown Source)
	at org.codehaus.groovy.runtime.callsite.CallSiteArray.defaultCall(CallSiteArray.java:48)
	at org.codehaus.groovy.runtime.callsite.AbstractCallSite.call(AbstractCallSite.java:113)
	at org.codehaus.groovy.runtime.callsite.AbstractCallSite.call(AbstractCallSite.java:141)
	at TempTestSuite1538067597028.run(TempTestSuite1538067597028.groovy:36)
	at groovy.lang.GroovyShell.runScriptOrMainOrTestOrRunnable(GroovyShell.java:263)
	at groovy.lang.GroovyShell.run(GroovyShell.java:518)
	at groovy.lang.GroovyShell.run(GroovyShell.java:507)
	at groovy.ui.GroovyMain.processOnce(GroovyMain.java:653)
	at groovy.ui.GroovyMain.run(GroovyMain.java:384)
	at groovy.ui.GroovyMain.process(GroovyMain.java:370)
	at groovy.ui.GroovyMain.processArgs(GroovyMain.java:129)
	at groovy.ui.GroovyMain.main(GroovyMain.java:109)
	at sun.reflect.NativeMethodAccessorImpl.invoke0(Native Method)
	at sun.reflect.NativeMethodAccessorImpl.invoke(NativeMethodAccessorImpl.java:62)
	at sun.reflect.DelegatingMethodAccessorImpl.invoke(DelegatingMethodAccessorImpl.java:43)
	at java.lang.reflect.Method.invoke(Method.java:498)
	at org.codehaus.groovy.tools.GroovyStarter.rootLoader(GroovyStarter.java:109)
	at org.codehaus.groovy.tools.GroovyStarter.main(GroovyStarter.java:131)
)]]></system-err>
      </testcase>
      <testcase name="Test Cases/US mobile test/Account dashboard correctly reflects points, subscriber status, number of boxes" classname="Test Cases/US mobile test/Account dashboard correctly reflects points, subscriber status, number of boxes" status="PASSED">
         <system-out><![CDATA[2018-09-27 10:10:56 - [TEST_CASE][PASSED] - Test Cases/US mobile test/Account dashboard correctly reflects points, subscriber status, number of boxes: Test Cases/US mobile test/Account dashboard correctly reflects points, subscriber status, number of boxes

2018-09-27 10:10:56 - [TEST_STEP][NOT_RUN] - callTestCase: NOT_RUN: callTestCase

2018-09-27 10:10:56 - [MESSAGE][NOT_RUN] - NOT_RUN: callTestCase

2018-09-27 10:10:56 - [TEST_STEP][NOT_RUN] - callTestCase: NOT_RUN: callTestCase

2018-09-27 10:10:56 - [MESSAGE][NOT_RUN] - NOT_RUN: callTestCase

2018-09-27 10:10:56 - [TEST_STEP][PASSED] - waitForElementClickable: Object 'Object Repository/Page_Beauty Box Subscription for Wo/svg_icon__profile (1)' is clickable

2018-09-27 10:10:56 - [MESSAGE][WARNING] - Timeout '0' is invalid. Using default page load timeout: '90'

2018-09-27 10:10:57 - [MESSAGE][PASSED] - Object 'Object Repository/Page_Beauty Box Subscription for Wo/svg_icon__profile (1)' is clickable

2018-09-27 10:10:57 - [TEST_STEP][PASSED] - click: Object: 'Object Repository/Page_Beauty Box Subscription for Wo/svg_icon__profile (1)' is clicked on

2018-09-27 10:10:57 - [MESSAGE][PASSED] - Object: 'Object Repository/Page_Beauty Box Subscription for Wo/svg_icon__profile (1)' is clicked on

2018-09-27 10:10:57 - [TEST_STEP][PASSED] - delay: Delayed 2 second(s)

2018-09-27 10:10:59 - [MESSAGE][PASSED] - Delayed 2 second(s)

2018-09-27 10:10:59 - [TEST_STEP][PASSED] - comment: Capture and compare the strings in the "Your Account" menu and in the "Birchbox Loyalty Program" page that display the number of points and throw an error if they don't match

2018-09-27 10:10:59 - [TEST_STEP][PASSED] - Statement - string1 = com.kms.katalon.core.webui.keyword.WebUiBuiltInKeywords.getText(com.kms.katalon.core.testobject.ObjectRepository.findTestObject(Page_Beauty Box Subscription for Wo/span_(95 pts))): Text of object 'Object Repository/Page_Beauty Box Subscription for Wo/span_(95 pts)' is: '(8 pts)'

2018-09-27 10:10:59 - [MESSAGE][PASSED] - Text of object 'Object Repository/Page_Beauty Box Subscription for Wo/span_(95 pts)' is: '(8 pts)'

2018-09-27 10:10:59 - [TEST_STEP][PASSED] - Statement - string1 = string1.substring(1, string1.length() - 1): null

2018-09-27 10:10:59 - [TEST_STEP][PASSED] - click: Object: 'Object Repository/Page_Beauty Box Subscription for Wo/span_Birchbox Loyalty Program' is clicked on

2018-09-27 10:10:59 - [MESSAGE][PASSED] - Object: 'Object Repository/Page_Beauty Box Subscription for Wo/span_Birchbox Loyalty Program' is clicked on

2018-09-27 10:10:59 - [TEST_STEP][PASSED] - Statement - string2 = com.kms.katalon.core.webui.keyword.WebUiBuiltInKeywords.getText(com.kms.katalon.core.testobject.ObjectRepository.findTestObject(Page_Beauty Box Subscription for Wo/div_95 pts)): Text of object 'Object Repository/Page_Beauty Box Subscription for Wo/div_95 pts' is: '8 pts'

2018-09-27 10:11:00 - [MESSAGE][PASSED] - Text of object 'Object Repository/Page_Beauty Box Subscription for Wo/div_95 pts' is: '8 pts'

2018-09-27 10:11:00 - [TEST_STEP][PASSED] - Statement - Try: null

2018-09-27 10:11:00 - [TEST_STEP][PASSED] - Statement - assert string1 == string2: null

2018-09-27 10:11:00 - [TEST_STEP][PASSED] - comment: Ensure that an active subscription is mentioned under Subscription Details

2018-09-27 10:11:00 - [TEST_STEP][PASSED] - waitForElementClickable: Object 'Object Repository/Page_Beauty Box Subscription for Wo/svg_icon__profile (1)' is clickable

2018-09-27 10:11:00 - [MESSAGE][WARNING] - Timeout '0' is invalid. Using default page load timeout: '90'

2018-09-27 10:11:00 - [MESSAGE][PASSED] - Object 'Object Repository/Page_Beauty Box Subscription for Wo/svg_icon__profile (1)' is clickable

2018-09-27 10:11:00 - [TEST_STEP][PASSED] - click: Object: 'Object Repository/Page_Beauty Box Subscription for Wo/svg_icon__profile (1)' is clicked on

2018-09-27 10:11:01 - [MESSAGE][PASSED] - Object: 'Object Repository/Page_Beauty Box Subscription for Wo/svg_icon__profile (1)' is clicked on

2018-09-27 10:11:01 - [TEST_STEP][PASSED] - click: Object: 'Object Repository/Page_Beauty Box Subscription for Wo/div_Account Settings (1)' is clicked on

2018-09-27 10:11:01 - [MESSAGE][PASSED] - Object: 'Object Repository/Page_Beauty Box Subscription for Wo/div_Account Settings (1)' is clicked on

2018-09-27 10:11:01 - [TEST_STEP][PASSED] - delay: Delayed 2 second(s)

2018-09-27 10:11:03 - [MESSAGE][PASSED] - Delayed 2 second(s)

2018-09-27 10:11:03 - [TEST_STEP][PASSED] - waitForElementClickable: Object 'Object Repository/Page_Beauty Box Subscription for Wo/span_Subscription Details' is clickable

2018-09-27 10:11:03 - [MESSAGE][WARNING] - Timeout '0' is invalid. Using default page load timeout: '90'

2018-09-27 10:11:03 - [MESSAGE][PASSED] - Object 'Object Repository/Page_Beauty Box Subscription for Wo/span_Subscription Details' is clickable

2018-09-27 10:11:03 - [TEST_STEP][PASSED] - click: Object: 'Object Repository/Page_Beauty Box Subscription for Wo/span_Subscription Details' is clicked on

2018-09-27 10:11:03 - [MESSAGE][PASSED] - Object: 'Object Repository/Page_Beauty Box Subscription for Wo/span_Subscription Details' is clicked on

2018-09-27 10:11:03 - [TEST_STEP][NOT_RUN] - verifyTextPresent: NOT_RUN: verifyTextPresent

2018-09-27 10:11:03 - [MESSAGE][NOT_RUN] - NOT_RUN: verifyTextPresent

2018-09-27 10:11:03 - [TEST_STEP][NOT_RUN] - verifyTextPresent: NOT_RUN: verifyTextPresent

2018-09-27 10:11:03 - [MESSAGE][NOT_RUN] - NOT_RUN: verifyTextPresent]]></system-out>
         <system-err><![CDATA[]]></system-err>
      </testcase>
      <testcase name="Test Cases/US mobile test/Share a link on Facebook or Twitter" classname="Test Cases/US mobile test/Share a link on Facebook or Twitter" status="FAILED">
         <failure type="FAILED" message="(Stack trace: com.kms.katalon.core.exception.StepFailedException: Unable to set text 'birchbox.intertek+us0911180947@gmail.com' of object 'Object Repository/Page_Beauty Box Subscription for Wo/input_username' (Root cause: com.kms.katalon.core.webui.exception.WebElementNotFoundException: Web element with id: 'Object Repository/Page_Beauty Box Subscription for Wo/input_username' located by 'By.xpath: //input[@name = 'username' and @type = 'email']' not found)
	at com.kms.katalon.core.keyword.internal.KeywordMain.stepFailed(KeywordMain.groovy:36)
	at com.kms.katalon.core.webui.keyword.internal.WebUIKeywordMain.stepFailed(WebUIKeywordMain.groovy:65)
	at com.kms.katalon.core.webui.keyword.internal.WebUIKeywordMain.runKeyword(WebUIKeywordMain.groovy:27)
	at com.kms.katalon.core.webui.keyword.builtin.SetTextKeyword.setText(SetTextKeyword.groovy:65)
	at com.kms.katalon.core.webui.keyword.builtin.SetTextKeyword.execute(SetTextKeyword.groovy:37)
	at com.kms.katalon.core.keyword.internal.KeywordExecutor.executeKeywordForPlatform(KeywordExecutor.groovy:53)
	at com.kms.katalon.core.webui.keyword.WebUiBuiltInKeywords.setText(WebUiBuiltInKeywords.groovy:950)
	at com.kms.katalon.core.webui.keyword.WebUiBuiltInKeywords$setText$7.call(Unknown Source)
	at org.codehaus.groovy.runtime.callsite.CallSiteArray.defaultCall(CallSiteArray.java:48)
	at org.codehaus.groovy.runtime.callsite.AbstractCallSite.call(AbstractCallSite.java:113)
	at org.codehaus.groovy.runtime.callsite.AbstractCallSite.call(AbstractCallSite.java:133)
	at Script1535490374926.run(Script1535490374926.groovy:24)
	at com.kms.katalon.core.main.ScriptEngine.run(ScriptEngine.java:183)
	at com.kms.katalon.core.main.ScriptEngine.runScriptAsRawText(ScriptEngine.java:108)
	at com.kms.katalon.core.main.TestCaseExecutor.runScript(TestCaseExecutor.java:294)
	at com.kms.katalon.core.main.TestCaseExecutor.doExecute(TestCaseExecutor.java:285)
	at com.kms.katalon.core.main.TestCaseExecutor.processExecutionPhase(TestCaseExecutor.java:264)
	at com.kms.katalon.core.main.TestCaseExecutor.accessMainPhase(TestCaseExecutor.java:256)
	at com.kms.katalon.core.main.TestCaseExecutor.execute(TestCaseExecutor.java:200)
	at com.kms.katalon.core.main.TestCaseMain.runTestCase(TestCaseMain.java:99)
	at com.kms.katalon.core.keyword.builtin.CallTestCaseKeyword$_callTestCase_closure1.doCall(CallTestCaseKeyword.groovy:60)
	at com.kms.katalon.core.keyword.builtin.CallTestCaseKeyword$_callTestCase_closure1.call(CallTestCaseKeyword.groovy)
	at com.kms.katalon.core.keyword.internal.KeywordMain.runKeyword(KeywordMain.groovy:54)
	at com.kms.katalon.core.keyword.builtin.CallTestCaseKeyword.callTestCase(CallTestCaseKeyword.groovy:81)
	at com.kms.katalon.core.keyword.builtin.CallTestCaseKeyword.execute(CallTestCaseKeyword.groovy:45)
	at com.kms.katalon.core.keyword.internal.KeywordExecutor.executeKeywordForPlatform(KeywordExecutor.groovy:53)
	at com.kms.katalon.core.keyword.BuiltinKeywords.callTestCase(BuiltinKeywords.groovy:334)
	at sun.reflect.NativeMethodAccessorImpl.invoke0(Native Method)
	at sun.reflect.NativeMethodAccessorImpl.invoke(NativeMethodAccessorImpl.java:62)
	at sun.reflect.DelegatingMethodAccessorImpl.invoke(DelegatingMethodAccessorImpl.java:43)
	at java.lang.reflect.Method.invoke(Method.java:498)
	at org.codehaus.groovy.reflection.CachedMethod.invoke(CachedMethod.java:93)
	at groovy.lang.MetaMethod.doMethodInvoke(MetaMethod.java:325)
	at groovy.lang.MetaClassImpl.invokeStaticMethod(MetaClassImpl.java:1469)
	at org.codehaus.groovy.runtime.callsite.StaticMetaClassSite.call(StaticMetaClassSite.java:53)
	at org.codehaus.groovy.runtime.callsite.CallSiteArray.defaultCall(CallSiteArray.java:48)
	at org.codehaus.groovy.runtime.callsite.AbstractCallSite.call(AbstractCallSite.java:113)
	at org.codehaus.groovy.runtime.callsite.AbstractCallSite.call(AbstractCallSite.java:141)
	at Script1535735952477.run(Script1535735952477.groovy:30)
	at com.kms.katalon.core.main.ScriptEngine.run(ScriptEngine.java:183)
	at com.kms.katalon.core.main.ScriptEngine.runScriptAsRawText(ScriptEngine.java:108)
	at com.kms.katalon.core.main.TestCaseExecutor.runScript(TestCaseExecutor.java:294)
	at com.kms.katalon.core.main.TestCaseExecutor.doExecute(TestCaseExecutor.java:285)
	at com.kms.katalon.core.main.TestCaseExecutor.processExecutionPhase(TestCaseExecutor.java:264)
	at com.kms.katalon.core.main.TestCaseExecutor.accessMainPhase(TestCaseExecutor.java:256)
	at com.kms.katalon.core.main.TestCaseExecutor.execute(TestCaseExecutor.java:200)
	at com.kms.katalon.core.main.TestSuiteExecutor.accessTestCaseMainPhase(TestSuiteExecutor.java:129)
	at com.kms.katalon.core.main.TestSuiteExecutor.accessTestSuiteMainPhase(TestSuiteExecutor.java:112)
	at com.kms.katalon.core.main.TestSuiteExecutor.execute(TestSuiteExecutor.java:81)
	at com.kms.katalon.core.main.TestCaseMain.startTestSuite(TestCaseMain.java:142)
	at com.kms.katalon.core.main.TestCaseMain$startTestSuite$0.call(Unknown Source)
	at org.codehaus.groovy.runtime.callsite.CallSiteArray.defaultCall(CallSiteArray.java:48)
	at org.codehaus.groovy.runtime.callsite.AbstractCallSite.call(AbstractCallSite.java:113)
	at org.codehaus.groovy.runtime.callsite.AbstractCallSite.call(AbstractCallSite.java:141)
	at TempTestSuite1538067597028.run(TempTestSuite1538067597028.groovy:36)
	at groovy.lang.GroovyShell.runScriptOrMainOrTestOrRunnable(GroovyShell.java:263)
	at groovy.lang.GroovyShell.run(GroovyShell.java:518)
	at groovy.lang.GroovyShell.run(GroovyShell.java:507)
	at groovy.ui.GroovyMain.processOnce(GroovyMain.java:653)
	at groovy.ui.GroovyMain.run(GroovyMain.java:384)
	at groovy.ui.GroovyMain.process(GroovyMain.java:370)
	at groovy.ui.GroovyMain.processArgs(GroovyMain.java:129)
	at groovy.ui.GroovyMain.main(GroovyMain.java:109)
	at sun.reflect.NativeMethodAccessorImpl.invoke0(Native Method)
	at sun.reflect.NativeMethodAccessorImpl.invoke(NativeMethodAccessorImpl.java:62)
	at sun.reflect.DelegatingMethodAccessorImpl.invoke(DelegatingMethodAccessorImpl.java:43)
	at java.lang.reflect.Method.invoke(Method.java:498)
	at org.codehaus.groovy.tools.GroovyStarter.rootLoader(GroovyStarter.java:109)
	at org.codehaus.groovy.tools.GroovyStarter.main(GroovyStarter.java:131)
)"/>
         <system-out><![CDATA[2018-09-27 10:11:03 - [TEST_CASE][FAILED] - Test Cases/US mobile test/Share a link on Facebook or Twitter: Test Cases/US mobile test/Share a link on Facebook or Twitter FAILED because (of) (Stack trace: com.kms.katalon.core.exception.StepFailedException: Unable to set text 'birchbox.intertek+us0911180947@gmail.com' of object 'Object Repository/Page_Beauty Box Subscription for Wo/input_username' (Root cause: com.kms.katalon.core.webui.exception.WebElementNotFoundException: Web element with id: 'Object Repository/Page_Beauty Box Subscription for Wo/input_username' located by 'By.xpath: //input[@name = 'username' and @type = 'email']' not found)
	at com.kms.katalon.core.keyword.internal.KeywordMain.stepFailed(KeywordMain.groovy:36)
	at com.kms.katalon.core.webui.keyword.internal.WebUIKeywordMain.stepFailed(WebUIKeywordMain.groovy:65)
	at com.kms.katalon.core.webui.keyword.internal.WebUIKeywordMain.runKeyword(WebUIKeywordMain.groovy:27)
	at com.kms.katalon.core.webui.keyword.builtin.SetTextKeyword.setText(SetTextKeyword.groovy:65)
	at com.kms.katalon.core.webui.keyword.builtin.SetTextKeyword.execute(SetTextKeyword.groovy:37)
	at com.kms.katalon.core.keyword.internal.KeywordExecutor.executeKeywordForPlatform(KeywordExecutor.groovy:53)
	at com.kms.katalon.core.webui.keyword.WebUiBuiltInKeywords.setText(WebUiBuiltInKeywords.groovy:950)
	at com.kms.katalon.core.webui.keyword.WebUiBuiltInKeywords$setText$7.call(Unknown Source)
	at org.codehaus.groovy.runtime.callsite.CallSiteArray.defaultCall(CallSiteArray.java:48)
	at org.codehaus.groovy.runtime.callsite.AbstractCallSite.call(AbstractCallSite.java:113)
	at org.codehaus.groovy.runtime.callsite.AbstractCallSite.call(AbstractCallSite.java:133)
	at Script1535490374926.run(Script1535490374926.groovy:24)
	at com.kms.katalon.core.main.ScriptEngine.run(ScriptEngine.java:183)
	at com.kms.katalon.core.main.ScriptEngine.runScriptAsRawText(ScriptEngine.java:108)
	at com.kms.katalon.core.main.TestCaseExecutor.runScript(TestCaseExecutor.java:294)
	at com.kms.katalon.core.main.TestCaseExecutor.doExecute(TestCaseExecutor.java:285)
	at com.kms.katalon.core.main.TestCaseExecutor.processExecutionPhase(TestCaseExecutor.java:264)
	at com.kms.katalon.core.main.TestCaseExecutor.accessMainPhase(TestCaseExecutor.java:256)
	at com.kms.katalon.core.main.TestCaseExecutor.execute(TestCaseExecutor.java:200)
	at com.kms.katalon.core.main.TestCaseMain.runTestCase(TestCaseMain.java:99)
	at com.kms.katalon.core.keyword.builtin.CallTestCaseKeyword$_callTestCase_closure1.doCall(CallTestCaseKeyword.groovy:60)
	at com.kms.katalon.core.keyword.builtin.CallTestCaseKeyword$_callTestCase_closure1.call(CallTestCaseKeyword.groovy)
	at com.kms.katalon.core.keyword.internal.KeywordMain.runKeyword(KeywordMain.groovy:54)
	at com.kms.katalon.core.keyword.builtin.CallTestCaseKeyword.callTestCase(CallTestCaseKeyword.groovy:81)
	at com.kms.katalon.core.keyword.builtin.CallTestCaseKeyword.execute(CallTestCaseKeyword.groovy:45)
	at com.kms.katalon.core.keyword.internal.KeywordExecutor.executeKeywordForPlatform(KeywordExecutor.groovy:53)
	at com.kms.katalon.core.keyword.BuiltinKeywords.callTestCase(BuiltinKeywords.groovy:334)
	at sun.reflect.NativeMethodAccessorImpl.invoke0(Native Method)
	at sun.reflect.NativeMethodAccessorImpl.invoke(NativeMethodAccessorImpl.java:62)
	at sun.reflect.DelegatingMethodAccessorImpl.invoke(DelegatingMethodAccessorImpl.java:43)
	at java.lang.reflect.Method.invoke(Method.java:498)
	at org.codehaus.groovy.reflection.CachedMethod.invoke(CachedMethod.java:93)
	at groovy.lang.MetaMethod.doMethodInvoke(MetaMethod.java:325)
	at groovy.lang.MetaClassImpl.invokeStaticMethod(MetaClassImpl.java:1469)
	at org.codehaus.groovy.runtime.callsite.StaticMetaClassSite.call(StaticMetaClassSite.java:53)
	at org.codehaus.groovy.runtime.callsite.CallSiteArray.defaultCall(CallSiteArray.java:48)
	at org.codehaus.groovy.runtime.callsite.AbstractCallSite.call(AbstractCallSite.java:113)
	at org.codehaus.groovy.runtime.callsite.AbstractCallSite.call(AbstractCallSite.java:141)
	at Script1535735952477.run(Script1535735952477.groovy:30)
	at com.kms.katalon.core.main.ScriptEngine.run(ScriptEngine.java:183)
	at com.kms.katalon.core.main.ScriptEngine.runScriptAsRawText(ScriptEngine.java:108)
	at com.kms.katalon.core.main.TestCaseExecutor.runScript(TestCaseExecutor.java:294)
	at com.kms.katalon.core.main.TestCaseExecutor.doExecute(TestCaseExecutor.java:285)
	at com.kms.katalon.core.main.TestCaseExecutor.processExecutionPhase(TestCaseExecutor.java:264)
	at com.kms.katalon.core.main.TestCaseExecutor.accessMainPhase(TestCaseExecutor.java:256)
	at com.kms.katalon.core.main.TestCaseExecutor.execute(TestCaseExecutor.java:200)
	at com.kms.katalon.core.main.TestSuiteExecutor.accessTestCaseMainPhase(TestSuiteExecutor.java:129)
	at com.kms.katalon.core.main.TestSuiteExecutor.accessTestSuiteMainPhase(TestSuiteExecutor.java:112)
	at com.kms.katalon.core.main.TestSuiteExecutor.execute(TestSuiteExecutor.java:81)
	at com.kms.katalon.core.main.TestCaseMain.startTestSuite(TestCaseMain.java:142)
	at com.kms.katalon.core.main.TestCaseMain$startTestSuite$0.call(Unknown Source)
	at org.codehaus.groovy.runtime.callsite.CallSiteArray.defaultCall(CallSiteArray.java:48)
	at org.codehaus.groovy.runtime.callsite.AbstractCallSite.call(AbstractCallSite.java:113)
	at org.codehaus.groovy.runtime.callsite.AbstractCallSite.call(AbstractCallSite.java:141)
	at TempTestSuite1538067597028.run(TempTestSuite1538067597028.groovy:36)
	at groovy.lang.GroovyShell.runScriptOrMainOrTestOrRunnable(GroovyShell.java:263)
	at groovy.lang.GroovyShell.run(GroovyShell.java:518)
	at groovy.lang.GroovyShell.run(GroovyShell.java:507)
	at groovy.ui.GroovyMain.processOnce(GroovyMain.java:653)
	at groovy.ui.GroovyMain.run(GroovyMain.java:384)
	at groovy.ui.GroovyMain.process(GroovyMain.java:370)
	at groovy.ui.GroovyMain.processArgs(GroovyMain.java:129)
	at groovy.ui.GroovyMain.main(GroovyMain.java:109)
	at sun.reflect.NativeMethodAccessorImpl.invoke0(Native Method)
	at sun.reflect.NativeMethodAccessorImpl.invoke(NativeMethodAccessorImpl.java:62)
	at sun.reflect.DelegatingMethodAccessorImpl.invoke(DelegatingMethodAccessorImpl.java:43)
	at java.lang.reflect.Method.invoke(Method.java:498)
	at org.codehaus.groovy.tools.GroovyStarter.rootLoader(GroovyStarter.java:109)
	at org.codehaus.groovy.tools.GroovyStarter.main(GroovyStarter.java:131)
)

2018-09-27 10:11:04 - [TEST_STEP][PASSED] - comment: Note: For this test case to work, the Facebook and Twitter apps must not be installed

2018-09-27 10:11:04 - [TEST_STEP][PASSED] - callTestCase: Call Test Case 'Test Cases/US mobile test/Launch the Birchbox site in the required locale - US (www.staging.birchbox.com)' successfully

2018-09-27 10:11:04 - [TEST_CASE][PASSED] - Test Cases/US mobile test/Launch the Birchbox site in the required locale - US (www.staging.birchbox.com): Test Cases/US mobile test/Launch the Birchbox site in the required locale - US (www.staging.birchbox.com)

2018-09-27 10:11:04 - [TEST_STEP][PASSED] - openBrowser: Browser is opened with url: ''

2018-09-27 10:11:04 - [MESSAGE][WARNING] - A browser is already opened. Closing browser and opening a new one

2018-09-27 10:11:11 - [MESSAGE][PASSED] - Browser is opened with url: ''

2018-09-27 10:11:11 - [TEST_STEP][PASSED] - Statement - viewportHeight = com.kms.katalon.core.webui.keyword.WebUiBuiltInKeywords.getViewportHeight(): Viewport height is 707

2018-09-27 10:11:12 - [MESSAGE][PASSED] - Viewport height is 707

2018-09-27 10:11:12 - [TEST_STEP][PASSED] - Statement - viewportWidth = com.kms.katalon.core.webui.keyword.WebUiBuiltInKeywords.getViewportWidth(): Viewport width is 1040

2018-09-27 10:11:12 - [MESSAGE][PASSED] - Viewport width is 1040

2018-09-27 10:11:12 - [TEST_STEP][PASSED] - Statement - println("Browser size: " + viewportWidth + "X" + viewportHeight): null

2018-09-27 10:11:12 - [TEST_STEP][PASSED] - navigateToUrl: Navigate to 'https://www.staging.birchbox.com' successfully

2018-09-27 10:11:14 - [MESSAGE][PASSED] - Navigate to 'https://www.staging.birchbox.com' successfully

2018-09-27 10:11:14 - [TEST_STEP][PASSED] - Statement - If (viewportWidth > 1000): Viewport is set to new size with width = 400 and height = 900

2018-09-27 10:11:14 - [TEST_STEP][PASSED] - setViewPortSize: Viewport is set to new size with width = 400 and height = 900

2018-09-27 10:11:15 - [MESSAGE][PASSED] - Viewport is set to new size with width = 400 and height = 900

2018-09-27 10:11:15 - [TEST_STEP][PASSED] - delay: Delayed 10 second(s)

2018-09-27 10:11:25 - [MESSAGE][PASSED] - Delayed 10 second(s)

2018-09-27 10:11:25 - [TEST_STEP][PASSED] - click: Object: 'Object Repository/Page_Beauty Box Subscription for Wo/svg_icon__close_popup' is clicked on

2018-09-27 10:11:26 - [MESSAGE][PASSED] - Object: 'Object Repository/Page_Beauty Box Subscription for Wo/svg_icon__close_popup' is clicked on

2018-09-27 10:11:26 - [MESSAGE][PASSED] - Call Test Case 'Test Cases/US mobile test/Launch the Birchbox site in the required locale - US (www.staging.birchbox.com)' successfully

2018-09-27 10:11:26 - [TEST_STEP][FAILED] - callTestCase: Unable to call Test Case with id 'Test Cases/1. Common script/Log into an existing account (US)' (Root cause: Call Test Case 'Test Cases/1. Common script/Log into an existing account (US)' failed)

2018-09-27 10:11:26 - [TEST_CASE][FAILED] - Test Cases/1. Common script/Log into an existing account (US): Test Cases/1. Common script/Log into an existing account (US) FAILED because (of) (Stack trace: com.kms.katalon.core.exception.StepFailedException: Unable to set text 'birchbox.intertek+us0911180947@gmail.com' of object 'Object Repository/Page_Beauty Box Subscription for Wo/input_username' (Root cause: com.kms.katalon.core.webui.exception.WebElementNotFoundException: Web element with id: 'Object Repository/Page_Beauty Box Subscription for Wo/input_username' located by 'By.xpath: //input[@name = 'username' and @type = 'email']' not found)
	at com.kms.katalon.core.keyword.internal.KeywordMain.stepFailed(KeywordMain.groovy:36)
	at com.kms.katalon.core.webui.keyword.internal.WebUIKeywordMain.stepFailed(WebUIKeywordMain.groovy:65)
	at com.kms.katalon.core.webui.keyword.internal.WebUIKeywordMain.runKeyword(WebUIKeywordMain.groovy:27)
	at com.kms.katalon.core.webui.keyword.builtin.SetTextKeyword.setText(SetTextKeyword.groovy:65)
	at com.kms.katalon.core.webui.keyword.builtin.SetTextKeyword.execute(SetTextKeyword.groovy:37)
	at com.kms.katalon.core.keyword.internal.KeywordExecutor.executeKeywordForPlatform(KeywordExecutor.groovy:53)
	at com.kms.katalon.core.webui.keyword.WebUiBuiltInKeywords.setText(WebUiBuiltInKeywords.groovy:950)
	at com.kms.katalon.core.webui.keyword.WebUiBuiltInKeywords$setText$7.call(Unknown Source)
	at org.codehaus.groovy.runtime.callsite.CallSiteArray.defaultCall(CallSiteArray.java:48)
	at org.codehaus.groovy.runtime.callsite.AbstractCallSite.call(AbstractCallSite.java:113)
	at org.codehaus.groovy.runtime.callsite.AbstractCallSite.call(AbstractCallSite.java:133)
	at Script1535490374926.run(Script1535490374926.groovy:24)
	at com.kms.katalon.core.main.ScriptEngine.run(ScriptEngine.java:183)
	at com.kms.katalon.core.main.ScriptEngine.runScriptAsRawText(ScriptEngine.java:108)
	at com.kms.katalon.core.main.TestCaseExecutor.runScript(TestCaseExecutor.java:294)
	at com.kms.katalon.core.main.TestCaseExecutor.doExecute(TestCaseExecutor.java:285)
	at com.kms.katalon.core.main.TestCaseExecutor.processExecutionPhase(TestCaseExecutor.java:264)
	at com.kms.katalon.core.main.TestCaseExecutor.accessMainPhase(TestCaseExecutor.java:256)
	at com.kms.katalon.core.main.TestCaseExecutor.execute(TestCaseExecutor.java:200)
	at com.kms.katalon.core.main.TestCaseMain.runTestCase(TestCaseMain.java:99)
	at com.kms.katalon.core.keyword.builtin.CallTestCaseKeyword$_callTestCase_closure1.doCall(CallTestCaseKeyword.groovy:60)
	at com.kms.katalon.core.keyword.builtin.CallTestCaseKeyword$_callTestCase_closure1.call(CallTestCaseKeyword.groovy)
	at com.kms.katalon.core.keyword.internal.KeywordMain.runKeyword(KeywordMain.groovy:54)
	at com.kms.katalon.core.keyword.builtin.CallTestCaseKeyword.callTestCase(CallTestCaseKeyword.groovy:81)
	at com.kms.katalon.core.keyword.builtin.CallTestCaseKeyword.execute(CallTestCaseKeyword.groovy:45)
	at com.kms.katalon.core.keyword.internal.KeywordExecutor.executeKeywordForPlatform(KeywordExecutor.groovy:53)
	at com.kms.katalon.core.keyword.BuiltinKeywords.callTestCase(BuiltinKeywords.groovy:334)
	at sun.reflect.NativeMethodAccessorImpl.invoke0(Native Method)
	at sun.reflect.NativeMethodAccessorImpl.invoke(NativeMethodAccessorImpl.java:62)
	at sun.reflect.DelegatingMethodAccessorImpl.invoke(DelegatingMethodAccessorImpl.java:43)
	at java.lang.reflect.Method.invoke(Method.java:498)
	at org.codehaus.groovy.reflection.CachedMethod.invoke(CachedMethod.java:93)
	at groovy.lang.MetaMethod.doMethodInvoke(MetaMethod.java:325)
	at groovy.lang.MetaClassImpl.invokeStaticMethod(MetaClassImpl.java:1469)
	at org.codehaus.groovy.runtime.callsite.StaticMetaClassSite.call(StaticMetaClassSite.java:53)
	at org.codehaus.groovy.runtime.callsite.CallSiteArray.defaultCall(CallSiteArray.java:48)
	at org.codehaus.groovy.runtime.callsite.AbstractCallSite.call(AbstractCallSite.java:113)
	at org.codehaus.groovy.runtime.callsite.AbstractCallSite.call(AbstractCallSite.java:141)
	at Script1535735952477.run(Script1535735952477.groovy:30)
	at com.kms.katalon.core.main.ScriptEngine.run(ScriptEngine.java:183)
	at com.kms.katalon.core.main.ScriptEngine.runScriptAsRawText(ScriptEngine.java:108)
	at com.kms.katalon.core.main.TestCaseExecutor.runScript(TestCaseExecutor.java:294)
	at com.kms.katalon.core.main.TestCaseExecutor.doExecute(TestCaseExecutor.java:285)
	at com.kms.katalon.core.main.TestCaseExecutor.processExecutionPhase(TestCaseExecutor.java:264)
	at com.kms.katalon.core.main.TestCaseExecutor.accessMainPhase(TestCaseExecutor.java:256)
	at com.kms.katalon.core.main.TestCaseExecutor.execute(TestCaseExecutor.java:200)
	at com.kms.katalon.core.main.TestSuiteExecutor.accessTestCaseMainPhase(TestSuiteExecutor.java:129)
	at com.kms.katalon.core.main.TestSuiteExecutor.accessTestSuiteMainPhase(TestSuiteExecutor.java:112)
	at com.kms.katalon.core.main.TestSuiteExecutor.execute(TestSuiteExecutor.java:81)
	at com.kms.katalon.core.main.TestCaseMain.startTestSuite(TestCaseMain.java:142)
	at com.kms.katalon.core.main.TestCaseMain$startTestSuite$0.call(Unknown Source)
	at org.codehaus.groovy.runtime.callsite.CallSiteArray.defaultCall(CallSiteArray.java:48)
	at org.codehaus.groovy.runtime.callsite.AbstractCallSite.call(AbstractCallSite.java:113)
	at org.codehaus.groovy.runtime.callsite.AbstractCallSite.call(AbstractCallSite.java:141)
	at TempTestSuite1538067597028.run(TempTestSuite1538067597028.groovy:36)
	at groovy.lang.GroovyShell.runScriptOrMainOrTestOrRunnable(GroovyShell.java:263)
	at groovy.lang.GroovyShell.run(GroovyShell.java:518)
	at groovy.lang.GroovyShell.run(GroovyShell.java:507)
	at groovy.ui.GroovyMain.processOnce(GroovyMain.java:653)
	at groovy.ui.GroovyMain.run(GroovyMain.java:384)
	at groovy.ui.GroovyMain.process(GroovyMain.java:370)
	at groovy.ui.GroovyMain.processArgs(GroovyMain.java:129)
	at groovy.ui.GroovyMain.main(GroovyMain.java:109)
	at sun.reflect.NativeMethodAccessorImpl.invoke0(Native Method)
	at sun.reflect.NativeMethodAccessorImpl.invoke(NativeMethodAccessorImpl.java:62)
	at sun.reflect.DelegatingMethodAccessorImpl.invoke(DelegatingMethodAccessorImpl.java:43)
	at java.lang.reflect.Method.invoke(Method.java:498)
	at org.codehaus.groovy.tools.GroovyStarter.rootLoader(GroovyStarter.java:109)
	at org.codehaus.groovy.tools.GroovyStarter.main(GroovyStarter.java:131)
)

2018-09-27 10:11:26 - [TEST_STEP][NOT_RUN] - setText: NOT_RUN: setText

2018-09-27 10:11:26 - [MESSAGE][NOT_RUN] - NOT_RUN: setText

2018-09-27 10:11:26 - [TEST_STEP][FAILED] - setText: Unable to set text 'birchbox.intertek+us0911180947@gmail.com' of object 'Object Repository/Page_Beauty Box Subscription for Wo/input_username' (Root cause: com.kms.katalon.core.webui.exception.WebElementNotFoundException: Web element with id: 'Object Repository/Page_Beauty Box Subscription for Wo/input_username' located by 'By.xpath: //input[@name = 'username' and @type = 'email']' not found)

2018-09-27 10:12:58 - [MESSAGE][FAILED] - Unable to set text 'birchbox.intertek+us0911180947@gmail.com' of object 'Object Repository/Page_Beauty Box Subscription for Wo/input_username' (Root cause: com.kms.katalon.core.webui.exception.WebElementNotFoundException: Web element with id: 'Object Repository/Page_Beauty Box Subscription for Wo/input_username' located by 'By.xpath: //input[@name = 'username' and @type = 'email']' not found)

2018-09-27 10:12:58 - [MESSAGE][FAILED] - Unable to call Test Case with id 'Test Cases/1. Common script/Log into an existing account (US)' (Root cause: Call Test Case 'Test Cases/1. Common script/Log into an existing account (US)' failed)]]></system-out>
         <system-err><![CDATA[2018-09-27 10:11:03 - [TEST_CASE][FAILED] - Test Cases/US mobile test/Share a link on Facebook or Twitter: Test Cases/US mobile test/Share a link on Facebook or Twitter FAILED because (of) (Stack trace: com.kms.katalon.core.exception.StepFailedException: Unable to set text 'birchbox.intertek+us0911180947@gmail.com' of object 'Object Repository/Page_Beauty Box Subscription for Wo/input_username' (Root cause: com.kms.katalon.core.webui.exception.WebElementNotFoundException: Web element with id: 'Object Repository/Page_Beauty Box Subscription for Wo/input_username' located by 'By.xpath: //input[@name = 'username' and @type = 'email']' not found)
	at com.kms.katalon.core.keyword.internal.KeywordMain.stepFailed(KeywordMain.groovy:36)
	at com.kms.katalon.core.webui.keyword.internal.WebUIKeywordMain.stepFailed(WebUIKeywordMain.groovy:65)
	at com.kms.katalon.core.webui.keyword.internal.WebUIKeywordMain.runKeyword(WebUIKeywordMain.groovy:27)
	at com.kms.katalon.core.webui.keyword.builtin.SetTextKeyword.setText(SetTextKeyword.groovy:65)
	at com.kms.katalon.core.webui.keyword.builtin.SetTextKeyword.execute(SetTextKeyword.groovy:37)
	at com.kms.katalon.core.keyword.internal.KeywordExecutor.executeKeywordForPlatform(KeywordExecutor.groovy:53)
	at com.kms.katalon.core.webui.keyword.WebUiBuiltInKeywords.setText(WebUiBuiltInKeywords.groovy:950)
	at com.kms.katalon.core.webui.keyword.WebUiBuiltInKeywords$setText$7.call(Unknown Source)
	at org.codehaus.groovy.runtime.callsite.CallSiteArray.defaultCall(CallSiteArray.java:48)
	at org.codehaus.groovy.runtime.callsite.AbstractCallSite.call(AbstractCallSite.java:113)
	at org.codehaus.groovy.runtime.callsite.AbstractCallSite.call(AbstractCallSite.java:133)
	at Script1535490374926.run(Script1535490374926.groovy:24)
	at com.kms.katalon.core.main.ScriptEngine.run(ScriptEngine.java:183)
	at com.kms.katalon.core.main.ScriptEngine.runScriptAsRawText(ScriptEngine.java:108)
	at com.kms.katalon.core.main.TestCaseExecutor.runScript(TestCaseExecutor.java:294)
	at com.kms.katalon.core.main.TestCaseExecutor.doExecute(TestCaseExecutor.java:285)
	at com.kms.katalon.core.main.TestCaseExecutor.processExecutionPhase(TestCaseExecutor.java:264)
	at com.kms.katalon.core.main.TestCaseExecutor.accessMainPhase(TestCaseExecutor.java:256)
	at com.kms.katalon.core.main.TestCaseExecutor.execute(TestCaseExecutor.java:200)
	at com.kms.katalon.core.main.TestCaseMain.runTestCase(TestCaseMain.java:99)
	at com.kms.katalon.core.keyword.builtin.CallTestCaseKeyword$_callTestCase_closure1.doCall(CallTestCaseKeyword.groovy:60)
	at com.kms.katalon.core.keyword.builtin.CallTestCaseKeyword$_callTestCase_closure1.call(CallTestCaseKeyword.groovy)
	at com.kms.katalon.core.keyword.internal.KeywordMain.runKeyword(KeywordMain.groovy:54)
	at com.kms.katalon.core.keyword.builtin.CallTestCaseKeyword.callTestCase(CallTestCaseKeyword.groovy:81)
	at com.kms.katalon.core.keyword.builtin.CallTestCaseKeyword.execute(CallTestCaseKeyword.groovy:45)
	at com.kms.katalon.core.keyword.internal.KeywordExecutor.executeKeywordForPlatform(KeywordExecutor.groovy:53)
	at com.kms.katalon.core.keyword.BuiltinKeywords.callTestCase(BuiltinKeywords.groovy:334)
	at sun.reflect.NativeMethodAccessorImpl.invoke0(Native Method)
	at sun.reflect.NativeMethodAccessorImpl.invoke(NativeMethodAccessorImpl.java:62)
	at sun.reflect.DelegatingMethodAccessorImpl.invoke(DelegatingMethodAccessorImpl.java:43)
	at java.lang.reflect.Method.invoke(Method.java:498)
	at org.codehaus.groovy.reflection.CachedMethod.invoke(CachedMethod.java:93)
	at groovy.lang.MetaMethod.doMethodInvoke(MetaMethod.java:325)
	at groovy.lang.MetaClassImpl.invokeStaticMethod(MetaClassImpl.java:1469)
	at org.codehaus.groovy.runtime.callsite.StaticMetaClassSite.call(StaticMetaClassSite.java:53)
	at org.codehaus.groovy.runtime.callsite.CallSiteArray.defaultCall(CallSiteArray.java:48)
	at org.codehaus.groovy.runtime.callsite.AbstractCallSite.call(AbstractCallSite.java:113)
	at org.codehaus.groovy.runtime.callsite.AbstractCallSite.call(AbstractCallSite.java:141)
	at Script1535735952477.run(Script1535735952477.groovy:30)
	at com.kms.katalon.core.main.ScriptEngine.run(ScriptEngine.java:183)
	at com.kms.katalon.core.main.ScriptEngine.runScriptAsRawText(ScriptEngine.java:108)
	at com.kms.katalon.core.main.TestCaseExecutor.runScript(TestCaseExecutor.java:294)
	at com.kms.katalon.core.main.TestCaseExecutor.doExecute(TestCaseExecutor.java:285)
	at com.kms.katalon.core.main.TestCaseExecutor.processExecutionPhase(TestCaseExecutor.java:264)
	at com.kms.katalon.core.main.TestCaseExecutor.accessMainPhase(TestCaseExecutor.java:256)
	at com.kms.katalon.core.main.TestCaseExecutor.execute(TestCaseExecutor.java:200)
	at com.kms.katalon.core.main.TestSuiteExecutor.accessTestCaseMainPhase(TestSuiteExecutor.java:129)
	at com.kms.katalon.core.main.TestSuiteExecutor.accessTestSuiteMainPhase(TestSuiteExecutor.java:112)
	at com.kms.katalon.core.main.TestSuiteExecutor.execute(TestSuiteExecutor.java:81)
	at com.kms.katalon.core.main.TestCaseMain.startTestSuite(TestCaseMain.java:142)
	at com.kms.katalon.core.main.TestCaseMain$startTestSuite$0.call(Unknown Source)
	at org.codehaus.groovy.runtime.callsite.CallSiteArray.defaultCall(CallSiteArray.java:48)
	at org.codehaus.groovy.runtime.callsite.AbstractCallSite.call(AbstractCallSite.java:113)
	at org.codehaus.groovy.runtime.callsite.AbstractCallSite.call(AbstractCallSite.java:141)
	at TempTestSuite1538067597028.run(TempTestSuite1538067597028.groovy:36)
	at groovy.lang.GroovyShell.runScriptOrMainOrTestOrRunnable(GroovyShell.java:263)
	at groovy.lang.GroovyShell.run(GroovyShell.java:518)
	at groovy.lang.GroovyShell.run(GroovyShell.java:507)
	at groovy.ui.GroovyMain.processOnce(GroovyMain.java:653)
	at groovy.ui.GroovyMain.run(GroovyMain.java:384)
	at groovy.ui.GroovyMain.process(GroovyMain.java:370)
	at groovy.ui.GroovyMain.processArgs(GroovyMain.java:129)
	at groovy.ui.GroovyMain.main(GroovyMain.java:109)
	at sun.reflect.NativeMethodAccessorImpl.invoke0(Native Method)
	at sun.reflect.NativeMethodAccessorImpl.invoke(NativeMethodAccessorImpl.java:62)
	at sun.reflect.DelegatingMethodAccessorImpl.invoke(DelegatingMethodAccessorImpl.java:43)
	at java.lang.reflect.Method.invoke(Method.java:498)
	at org.codehaus.groovy.tools.GroovyStarter.rootLoader(GroovyStarter.java:109)
	at org.codehaus.groovy.tools.GroovyStarter.main(GroovyStarter.java:131)
)]]></system-err>
      </testcase>
      <testcase name="Test Cases/US mobile test/Send a link via email using the Invite Friends menu" classname="Test Cases/US mobile test/Send a link via email using the Invite Friends menu" status="FAILED">
         <failure type="FAILED" message="(Stack trace: com.kms.katalon.core.exception.StepFailedException: Unable to click on object 'Object Repository/Page_Beauty Box Subscription for Wo/div_Spread the Love Earn  in P' (Root cause: com.kms.katalon.core.webui.exception.WebElementNotFoundException: Web element with id: 'Object Repository/Page_Beauty Box Subscription for Wo/div_Spread the Love Earn  in P' located by 'By.xpath: //div[(text() = 'Spread the Love, Earn $ in Points' or . = 'Spread the Love, Earn $ in Points')]' not found)
	at com.kms.katalon.core.keyword.internal.KeywordMain.stepFailed(KeywordMain.groovy:36)
	at com.kms.katalon.core.webui.keyword.internal.WebUIKeywordMain.stepFailed(WebUIKeywordMain.groovy:65)
	at com.kms.katalon.core.webui.keyword.internal.WebUIKeywordMain.runKeyword(WebUIKeywordMain.groovy:27)
	at com.kms.katalon.core.webui.keyword.builtin.ClickKeyword.click(ClickKeyword.groovy:86)
	at com.kms.katalon.core.webui.keyword.builtin.ClickKeyword.execute(ClickKeyword.groovy:67)
	at com.kms.katalon.core.keyword.internal.KeywordExecutor.executeKeywordForPlatform(KeywordExecutor.groovy:53)
	at com.kms.katalon.core.webui.keyword.WebUiBuiltInKeywords.click(WebUiBuiltInKeywords.groovy:616)
	at com.kms.katalon.core.webui.keyword.WebUiBuiltInKeywords$click$4.call(Unknown Source)
	at org.codehaus.groovy.runtime.callsite.CallSiteArray.defaultCall(CallSiteArray.java:48)
	at org.codehaus.groovy.runtime.callsite.AbstractCallSite.call(AbstractCallSite.java:113)
	at org.codehaus.groovy.runtime.callsite.AbstractCallSite.call(AbstractCallSite.java:125)
	at Script1535157258642.run(Script1535157258642.groovy:37)
	at com.kms.katalon.core.main.ScriptEngine.run(ScriptEngine.java:183)
	at com.kms.katalon.core.main.ScriptEngine.runScriptAsRawText(ScriptEngine.java:108)
	at com.kms.katalon.core.main.TestCaseExecutor.runScript(TestCaseExecutor.java:294)
	at com.kms.katalon.core.main.TestCaseExecutor.doExecute(TestCaseExecutor.java:285)
	at com.kms.katalon.core.main.TestCaseExecutor.processExecutionPhase(TestCaseExecutor.java:264)
	at com.kms.katalon.core.main.TestCaseExecutor.accessMainPhase(TestCaseExecutor.java:256)
	at com.kms.katalon.core.main.TestCaseExecutor.execute(TestCaseExecutor.java:200)
	at com.kms.katalon.core.main.TestSuiteExecutor.accessTestCaseMainPhase(TestSuiteExecutor.java:129)
	at com.kms.katalon.core.main.TestSuiteExecutor.accessTestSuiteMainPhase(TestSuiteExecutor.java:112)
	at com.kms.katalon.core.main.TestSuiteExecutor.execute(TestSuiteExecutor.java:81)
	at com.kms.katalon.core.main.TestCaseMain.startTestSuite(TestCaseMain.java:142)
	at com.kms.katalon.core.main.TestCaseMain$startTestSuite$0.call(Unknown Source)
	at org.codehaus.groovy.runtime.callsite.CallSiteArray.defaultCall(CallSiteArray.java:48)
	at org.codehaus.groovy.runtime.callsite.AbstractCallSite.call(AbstractCallSite.java:113)
	at org.codehaus.groovy.runtime.callsite.AbstractCallSite.call(AbstractCallSite.java:141)
	at TempTestSuite1538067597028.run(TempTestSuite1538067597028.groovy:36)
	at groovy.lang.GroovyShell.runScriptOrMainOrTestOrRunnable(GroovyShell.java:263)
	at groovy.lang.GroovyShell.run(GroovyShell.java:518)
	at groovy.lang.GroovyShell.run(GroovyShell.java:507)
	at groovy.ui.GroovyMain.processOnce(GroovyMain.java:653)
	at groovy.ui.GroovyMain.run(GroovyMain.java:384)
	at groovy.ui.GroovyMain.process(GroovyMain.java:370)
	at groovy.ui.GroovyMain.processArgs(GroovyMain.java:129)
	at groovy.ui.GroovyMain.main(GroovyMain.java:109)
	at sun.reflect.NativeMethodAccessorImpl.invoke0(Native Method)
	at sun.reflect.NativeMethodAccessorImpl.invoke(NativeMethodAccessorImpl.java:62)
	at sun.reflect.DelegatingMethodAccessorImpl.invoke(DelegatingMethodAccessorImpl.java:43)
	at java.lang.reflect.Method.invoke(Method.java:498)
	at org.codehaus.groovy.tools.GroovyStarter.rootLoader(GroovyStarter.java:109)
	at org.codehaus.groovy.tools.GroovyStarter.main(GroovyStarter.java:131)
)"/>
         <system-out><![CDATA[2018-09-27 10:12:58 - [TEST_CASE][FAILED] - Test Cases/US mobile test/Send a link via email using the Invite Friends menu: Test Cases/US mobile test/Send a link via email using the Invite Friends menu FAILED because (of) (Stack trace: com.kms.katalon.core.exception.StepFailedException: Unable to click on object 'Object Repository/Page_Beauty Box Subscription for Wo/div_Spread the Love Earn  in P' (Root cause: com.kms.katalon.core.webui.exception.WebElementNotFoundException: Web element with id: 'Object Repository/Page_Beauty Box Subscription for Wo/div_Spread the Love Earn  in P' located by 'By.xpath: //div[(text() = 'Spread the Love, Earn $ in Points' or . = 'Spread the Love, Earn $ in Points')]' not found)
	at com.kms.katalon.core.keyword.internal.KeywordMain.stepFailed(KeywordMain.groovy:36)
	at com.kms.katalon.core.webui.keyword.internal.WebUIKeywordMain.stepFailed(WebUIKeywordMain.groovy:65)
	at com.kms.katalon.core.webui.keyword.internal.WebUIKeywordMain.runKeyword(WebUIKeywordMain.groovy:27)
	at com.kms.katalon.core.webui.keyword.builtin.ClickKeyword.click(ClickKeyword.groovy:86)
	at com.kms.katalon.core.webui.keyword.builtin.ClickKeyword.execute(ClickKeyword.groovy:67)
	at com.kms.katalon.core.keyword.internal.KeywordExecutor.executeKeywordForPlatform(KeywordExecutor.groovy:53)
	at com.kms.katalon.core.webui.keyword.WebUiBuiltInKeywords.click(WebUiBuiltInKeywords.groovy:616)
	at com.kms.katalon.core.webui.keyword.WebUiBuiltInKeywords$click$4.call(Unknown Source)
	at org.codehaus.groovy.runtime.callsite.CallSiteArray.defaultCall(CallSiteArray.java:48)
	at org.codehaus.groovy.runtime.callsite.AbstractCallSite.call(AbstractCallSite.java:113)
	at org.codehaus.groovy.runtime.callsite.AbstractCallSite.call(AbstractCallSite.java:125)
	at Script1535157258642.run(Script1535157258642.groovy:37)
	at com.kms.katalon.core.main.ScriptEngine.run(ScriptEngine.java:183)
	at com.kms.katalon.core.main.ScriptEngine.runScriptAsRawText(ScriptEngine.java:108)
	at com.kms.katalon.core.main.TestCaseExecutor.runScript(TestCaseExecutor.java:294)
	at com.kms.katalon.core.main.TestCaseExecutor.doExecute(TestCaseExecutor.java:285)
	at com.kms.katalon.core.main.TestCaseExecutor.processExecutionPhase(TestCaseExecutor.java:264)
	at com.kms.katalon.core.main.TestCaseExecutor.accessMainPhase(TestCaseExecutor.java:256)
	at com.kms.katalon.core.main.TestCaseExecutor.execute(TestCaseExecutor.java:200)
	at com.kms.katalon.core.main.TestSuiteExecutor.accessTestCaseMainPhase(TestSuiteExecutor.java:129)
	at com.kms.katalon.core.main.TestSuiteExecutor.accessTestSuiteMainPhase(TestSuiteExecutor.java:112)
	at com.kms.katalon.core.main.TestSuiteExecutor.execute(TestSuiteExecutor.java:81)
	at com.kms.katalon.core.main.TestCaseMain.startTestSuite(TestCaseMain.java:142)
	at com.kms.katalon.core.main.TestCaseMain$startTestSuite$0.call(Unknown Source)
	at org.codehaus.groovy.runtime.callsite.CallSiteArray.defaultCall(CallSiteArray.java:48)
	at org.codehaus.groovy.runtime.callsite.AbstractCallSite.call(AbstractCallSite.java:113)
	at org.codehaus.groovy.runtime.callsite.AbstractCallSite.call(AbstractCallSite.java:141)
	at TempTestSuite1538067597028.run(TempTestSuite1538067597028.groovy:36)
	at groovy.lang.GroovyShell.runScriptOrMainOrTestOrRunnable(GroovyShell.java:263)
	at groovy.lang.GroovyShell.run(GroovyShell.java:518)
	at groovy.lang.GroovyShell.run(GroovyShell.java:507)
	at groovy.ui.GroovyMain.processOnce(GroovyMain.java:653)
	at groovy.ui.GroovyMain.run(GroovyMain.java:384)
	at groovy.ui.GroovyMain.process(GroovyMain.java:370)
	at groovy.ui.GroovyMain.processArgs(GroovyMain.java:129)
	at groovy.ui.GroovyMain.main(GroovyMain.java:109)
	at sun.reflect.NativeMethodAccessorImpl.invoke0(Native Method)
	at sun.reflect.NativeMethodAccessorImpl.invoke(NativeMethodAccessorImpl.java:62)
	at sun.reflect.DelegatingMethodAccessorImpl.invoke(DelegatingMethodAccessorImpl.java:43)
	at java.lang.reflect.Method.invoke(Method.java:498)
	at org.codehaus.groovy.tools.GroovyStarter.rootLoader(GroovyStarter.java:109)
	at org.codehaus.groovy.tools.GroovyStarter.main(GroovyStarter.java:131)
)

2018-09-27 10:12:58 - [TEST_STEP][NOT_RUN] - callTestCase: NOT_RUN: callTestCase

2018-09-27 10:12:58 - [MESSAGE][NOT_RUN] - NOT_RUN: callTestCase

2018-09-27 10:12:58 - [TEST_STEP][NOT_RUN] - delay: NOT_RUN: delay

2018-09-27 10:12:58 - [MESSAGE][NOT_RUN] - NOT_RUN: delay

2018-09-27 10:12:58 - [TEST_STEP][NOT_RUN] - callTestCase: NOT_RUN: callTestCase

2018-09-27 10:12:58 - [MESSAGE][NOT_RUN] - NOT_RUN: callTestCase

2018-09-27 10:12:58 - [TEST_STEP][PASSED] - delay: Delayed 5 second(s)

2018-09-27 10:13:03 - [MESSAGE][PASSED] - Delayed 5 second(s)

2018-09-27 10:13:03 - [TEST_STEP][PASSED] - waitForElementClickable: Object 'Object Repository/Page_Beauty Box Subscription for Wo/svg_icon__profile (1)' is clickable

2018-09-27 10:13:03 - [MESSAGE][WARNING] - Timeout '0' is invalid. Using default page load timeout: '90'

2018-09-27 10:13:03 - [MESSAGE][PASSED] - Object 'Object Repository/Page_Beauty Box Subscription for Wo/svg_icon__profile (1)' is clickable

2018-09-27 10:13:03 - [TEST_STEP][PASSED] - click: Object: 'Object Repository/Page_Beauty Box Subscription for Wo/svg_icon__profile (1)' is clicked on

2018-09-27 10:13:03 - [MESSAGE][PASSED] - Object: 'Object Repository/Page_Beauty Box Subscription for Wo/svg_icon__profile (1)' is clicked on

2018-09-27 10:13:03 - [TEST_STEP][FAILED] - click: Unable to click on object 'Object Repository/Page_Beauty Box Subscription for Wo/div_Spread the Love Earn  in P' (Root cause: com.kms.katalon.core.webui.exception.WebElementNotFoundException: Web element with id: 'Object Repository/Page_Beauty Box Subscription for Wo/div_Spread the Love Earn  in P' located by 'By.xpath: //div[(text() = 'Spread the Love, Earn $ in Points' or . = 'Spread the Love, Earn $ in Points')]' not found)

2018-09-27 10:14:35 - [MESSAGE][FAILED] - Unable to click on object 'Object Repository/Page_Beauty Box Subscription for Wo/div_Spread the Love Earn  in P' (Root cause: com.kms.katalon.core.webui.exception.WebElementNotFoundException: Web element with id: 'Object Repository/Page_Beauty Box Subscription for Wo/div_Spread the Love Earn  in P' located by 'By.xpath: //div[(text() = 'Spread the Love, Earn $ in Points' or . = 'Spread the Love, Earn $ in Points')]' not found)]]></system-out>
         <system-err><![CDATA[2018-09-27 10:12:58 - [TEST_CASE][FAILED] - Test Cases/US mobile test/Send a link via email using the Invite Friends menu: Test Cases/US mobile test/Send a link via email using the Invite Friends menu FAILED because (of) (Stack trace: com.kms.katalon.core.exception.StepFailedException: Unable to click on object 'Object Repository/Page_Beauty Box Subscription for Wo/div_Spread the Love Earn  in P' (Root cause: com.kms.katalon.core.webui.exception.WebElementNotFoundException: Web element with id: 'Object Repository/Page_Beauty Box Subscription for Wo/div_Spread the Love Earn  in P' located by 'By.xpath: //div[(text() = 'Spread the Love, Earn $ in Points' or . = 'Spread the Love, Earn $ in Points')]' not found)
	at com.kms.katalon.core.keyword.internal.KeywordMain.stepFailed(KeywordMain.groovy:36)
	at com.kms.katalon.core.webui.keyword.internal.WebUIKeywordMain.stepFailed(WebUIKeywordMain.groovy:65)
	at com.kms.katalon.core.webui.keyword.internal.WebUIKeywordMain.runKeyword(WebUIKeywordMain.groovy:27)
	at com.kms.katalon.core.webui.keyword.builtin.ClickKeyword.click(ClickKeyword.groovy:86)
	at com.kms.katalon.core.webui.keyword.builtin.ClickKeyword.execute(ClickKeyword.groovy:67)
	at com.kms.katalon.core.keyword.internal.KeywordExecutor.executeKeywordForPlatform(KeywordExecutor.groovy:53)
	at com.kms.katalon.core.webui.keyword.WebUiBuiltInKeywords.click(WebUiBuiltInKeywords.groovy:616)
	at com.kms.katalon.core.webui.keyword.WebUiBuiltInKeywords$click$4.call(Unknown Source)
	at org.codehaus.groovy.runtime.callsite.CallSiteArray.defaultCall(CallSiteArray.java:48)
	at org.codehaus.groovy.runtime.callsite.AbstractCallSite.call(AbstractCallSite.java:113)
	at org.codehaus.groovy.runtime.callsite.AbstractCallSite.call(AbstractCallSite.java:125)
	at Script1535157258642.run(Script1535157258642.groovy:37)
	at com.kms.katalon.core.main.ScriptEngine.run(ScriptEngine.java:183)
	at com.kms.katalon.core.main.ScriptEngine.runScriptAsRawText(ScriptEngine.java:108)
	at com.kms.katalon.core.main.TestCaseExecutor.runScript(TestCaseExecutor.java:294)
	at com.kms.katalon.core.main.TestCaseExecutor.doExecute(TestCaseExecutor.java:285)
	at com.kms.katalon.core.main.TestCaseExecutor.processExecutionPhase(TestCaseExecutor.java:264)
	at com.kms.katalon.core.main.TestCaseExecutor.accessMainPhase(TestCaseExecutor.java:256)
	at com.kms.katalon.core.main.TestCaseExecutor.execute(TestCaseExecutor.java:200)
	at com.kms.katalon.core.main.TestSuiteExecutor.accessTestCaseMainPhase(TestSuiteExecutor.java:129)
	at com.kms.katalon.core.main.TestSuiteExecutor.accessTestSuiteMainPhase(TestSuiteExecutor.java:112)
	at com.kms.katalon.core.main.TestSuiteExecutor.execute(TestSuiteExecutor.java:81)
	at com.kms.katalon.core.main.TestCaseMain.startTestSuite(TestCaseMain.java:142)
	at com.kms.katalon.core.main.TestCaseMain$startTestSuite$0.call(Unknown Source)
	at org.codehaus.groovy.runtime.callsite.CallSiteArray.defaultCall(CallSiteArray.java:48)
	at org.codehaus.groovy.runtime.callsite.AbstractCallSite.call(AbstractCallSite.java:113)
	at org.codehaus.groovy.runtime.callsite.AbstractCallSite.call(AbstractCallSite.java:141)
	at TempTestSuite1538067597028.run(TempTestSuite1538067597028.groovy:36)
	at groovy.lang.GroovyShell.runScriptOrMainOrTestOrRunnable(GroovyShell.java:263)
	at groovy.lang.GroovyShell.run(GroovyShell.java:518)
	at groovy.lang.GroovyShell.run(GroovyShell.java:507)
	at groovy.ui.GroovyMain.processOnce(GroovyMain.java:653)
	at groovy.ui.GroovyMain.run(GroovyMain.java:384)
	at groovy.ui.GroovyMain.process(GroovyMain.java:370)
	at groovy.ui.GroovyMain.processArgs(GroovyMain.java:129)
	at groovy.ui.GroovyMain.main(GroovyMain.java:109)
	at sun.reflect.NativeMethodAccessorImpl.invoke0(Native Method)
	at sun.reflect.NativeMethodAccessorImpl.invoke(NativeMethodAccessorImpl.java:62)
	at sun.reflect.DelegatingMethodAccessorImpl.invoke(DelegatingMethodAccessorImpl.java:43)
	at java.lang.reflect.Method.invoke(Method.java:498)
	at org.codehaus.groovy.tools.GroovyStarter.rootLoader(GroovyStarter.java:109)
	at org.codehaus.groovy.tools.GroovyStarter.main(GroovyStarter.java:131)
)]]></system-err>
      </testcase>
      <testcase name="Test Cases/US mobile test/Test all the menu pages" classname="Test Cases/US mobile test/Test all the menu pages" status="FAILED">
         <failure type="FAILED" message="(Stack trace: com.kms.katalon.core.exception.StepFailedException: Unable to click on object 'Object Repository/Page_Beauty Box Subscription for Wo/div_Main (2)' (Root cause: com.kms.katalon.core.webui.exception.WebElementNotFoundException: Web element with id: 'Object Repository/Page_Beauty Box Subscription for Wo/div_Main (2)' located by 'By.xpath: id(&quot;root&quot;)/div[@class=&quot;app__container___1iszn undefined&quot;]/div[@class=&quot;Drawer__OuterDiv-fQULRK utilities__cover___WKDvY jxeJTN&quot;]/div[@class=&quot;Drawer__InnerDiv-QSCgb jfPdeQ&quot;]/div[@class=&quot;DrawerDiv-ihhGLG ZybrZ&quot;]/div[@class=&quot;TopBar__OuterDiv-eyXjzZ iGkRYN&quot;]/div[@class=&quot;JustifiedBar__OuterDiv-cTCyOC dKaHqT&quot;]/div[@class=&quot;JustifiedBar__LeftDiv-ebIrmq eNLYpj&quot;]/div[@class=&quot;TopBar__BackClickable-chiXyC typography__copy14___3VCcc typography__bold___1hpib utilities__bold___3ltf7 typography__uppercase___378Zu utilities__uppercase___3lD3P fDBbOR utilities__pointer___1ctfY&quot;][count(. | //div[@class = 'TopBar__BackClickable-chiXyC typography__copy14___3VCcc typography__bold___1hpib utilities__bold___3ltf7 typography__uppercase___378Zu utilities__uppercase___3lD3P fDBbOR utilities__pointer___1ctfY' and (text() = 'Main' or . = 'Main')]) = count(//div[@class = 'TopBar__BackClickable-chiXyC typography__copy14___3VCcc typography__bold___1hpib utilities__bold___3ltf7 typography__uppercase___378Zu utilities__uppercase___3lD3P fDBbOR utilities__pointer___1ctfY' and (text() = 'Main' or . = 'Main')])]' not found)
	at com.kms.katalon.core.keyword.internal.KeywordMain.stepFailed(KeywordMain.groovy:36)
	at com.kms.katalon.core.webui.keyword.internal.WebUIKeywordMain.stepFailed(WebUIKeywordMain.groovy:65)
	at com.kms.katalon.core.webui.keyword.internal.WebUIKeywordMain.runKeyword(WebUIKeywordMain.groovy:27)
	at com.kms.katalon.core.webui.keyword.builtin.ClickKeyword.click(ClickKeyword.groovy:86)
	at com.kms.katalon.core.webui.keyword.builtin.ClickKeyword.execute(ClickKeyword.groovy:67)
	at com.kms.katalon.core.keyword.internal.KeywordExecutor.executeKeywordForPlatform(KeywordExecutor.groovy:53)
	at com.kms.katalon.core.webui.keyword.WebUiBuiltInKeywords.click(WebUiBuiltInKeywords.groovy:616)
	at com.kms.katalon.core.webui.keyword.WebUiBuiltInKeywords$click$4.call(Unknown Source)
	at org.codehaus.groovy.runtime.callsite.CallSiteArray.defaultCall(CallSiteArray.java:48)
	at org.codehaus.groovy.runtime.callsite.AbstractCallSite.call(AbstractCallSite.java:113)
	at org.codehaus.groovy.runtime.callsite.AbstractCallSite.call(AbstractCallSite.java:125)
	at Script1535746838140.run(Script1535746838140.groovy:44)
	at com.kms.katalon.core.main.ScriptEngine.run(ScriptEngine.java:183)
	at com.kms.katalon.core.main.ScriptEngine.runScriptAsRawText(ScriptEngine.java:108)
	at com.kms.katalon.core.main.TestCaseExecutor.runScript(TestCaseExecutor.java:294)
	at com.kms.katalon.core.main.TestCaseExecutor.doExecute(TestCaseExecutor.java:285)
	at com.kms.katalon.core.main.TestCaseExecutor.processExecutionPhase(TestCaseExecutor.java:264)
	at com.kms.katalon.core.main.TestCaseExecutor.accessMainPhase(TestCaseExecutor.java:256)
	at com.kms.katalon.core.main.TestCaseExecutor.execute(TestCaseExecutor.java:200)
	at com.kms.katalon.core.main.TestSuiteExecutor.accessTestCaseMainPhase(TestSuiteExecutor.java:129)
	at com.kms.katalon.core.main.TestSuiteExecutor.accessTestSuiteMainPhase(TestSuiteExecutor.java:112)
	at com.kms.katalon.core.main.TestSuiteExecutor.execute(TestSuiteExecutor.java:81)
	at com.kms.katalon.core.main.TestCaseMain.startTestSuite(TestCaseMain.java:142)
	at com.kms.katalon.core.main.TestCaseMain$startTestSuite$0.call(Unknown Source)
	at org.codehaus.groovy.runtime.callsite.CallSiteArray.defaultCall(CallSiteArray.java:48)
	at org.codehaus.groovy.runtime.callsite.AbstractCallSite.call(AbstractCallSite.java:113)
	at org.codehaus.groovy.runtime.callsite.AbstractCallSite.call(AbstractCallSite.java:141)
	at TempTestSuite1538067597028.run(TempTestSuite1538067597028.groovy:36)
	at groovy.lang.GroovyShell.runScriptOrMainOrTestOrRunnable(GroovyShell.java:263)
	at groovy.lang.GroovyShell.run(GroovyShell.java:518)
	at groovy.lang.GroovyShell.run(GroovyShell.java:507)
	at groovy.ui.GroovyMain.processOnce(GroovyMain.java:653)
	at groovy.ui.GroovyMain.run(GroovyMain.java:384)
	at groovy.ui.GroovyMain.process(GroovyMain.java:370)
	at groovy.ui.GroovyMain.processArgs(GroovyMain.java:129)
	at groovy.ui.GroovyMain.main(GroovyMain.java:109)
	at sun.reflect.NativeMethodAccessorImpl.invoke0(Native Method)
	at sun.reflect.NativeMethodAccessorImpl.invoke(NativeMethodAccessorImpl.java:62)
	at sun.reflect.DelegatingMethodAccessorImpl.invoke(DelegatingMethodAccessorImpl.java:43)
	at java.lang.reflect.Method.invoke(Method.java:498)
	at org.codehaus.groovy.tools.GroovyStarter.rootLoader(GroovyStarter.java:109)
	at org.codehaus.groovy.tools.GroovyStarter.main(GroovyStarter.java:131)
)"/>
         <system-out><![CDATA[2018-09-27 10:14:35 - [TEST_CASE][FAILED] - Test Cases/US mobile test/Test all the menu pages: Test Cases/US mobile test/Test all the menu pages FAILED because (of) (Stack trace: com.kms.katalon.core.exception.StepFailedException: Unable to click on object 'Object Repository/Page_Beauty Box Subscription for Wo/div_Main (2)' (Root cause: com.kms.katalon.core.webui.exception.WebElementNotFoundException: Web element with id: 'Object Repository/Page_Beauty Box Subscription for Wo/div_Main (2)' located by 'By.xpath: id("root")/div[@class="app__container___1iszn undefined"]/div[@class="Drawer__OuterDiv-fQULRK utilities__cover___WKDvY jxeJTN"]/div[@class="Drawer__InnerDiv-QSCgb jfPdeQ"]/div[@class="DrawerDiv-ihhGLG ZybrZ"]/div[@class="TopBar__OuterDiv-eyXjzZ iGkRYN"]/div[@class="JustifiedBar__OuterDiv-cTCyOC dKaHqT"]/div[@class="JustifiedBar__LeftDiv-ebIrmq eNLYpj"]/div[@class="TopBar__BackClickable-chiXyC typography__copy14___3VCcc typography__bold___1hpib utilities__bold___3ltf7 typography__uppercase___378Zu utilities__uppercase___3lD3P fDBbOR utilities__pointer___1ctfY"][count(. | //div[@class = 'TopBar__BackClickable-chiXyC typography__copy14___3VCcc typography__bold___1hpib utilities__bold___3ltf7 typography__uppercase___378Zu utilities__uppercase___3lD3P fDBbOR utilities__pointer___1ctfY' and (text() = 'Main' or . = 'Main')]) = count(//div[@class = 'TopBar__BackClickable-chiXyC typography__copy14___3VCcc typography__bold___1hpib utilities__bold___3ltf7 typography__uppercase___378Zu utilities__uppercase___3lD3P fDBbOR utilities__pointer___1ctfY' and (text() = 'Main' or . = 'Main')])]' not found)
	at com.kms.katalon.core.keyword.internal.KeywordMain.stepFailed(KeywordMain.groovy:36)
	at com.kms.katalon.core.webui.keyword.internal.WebUIKeywordMain.stepFailed(WebUIKeywordMain.groovy:65)
	at com.kms.katalon.core.webui.keyword.internal.WebUIKeywordMain.runKeyword(WebUIKeywordMain.groovy:27)
	at com.kms.katalon.core.webui.keyword.builtin.ClickKeyword.click(ClickKeyword.groovy:86)
	at com.kms.katalon.core.webui.keyword.builtin.ClickKeyword.execute(ClickKeyword.groovy:67)
	at com.kms.katalon.core.keyword.internal.KeywordExecutor.executeKeywordForPlatform(KeywordExecutor.groovy:53)
	at com.kms.katalon.core.webui.keyword.WebUiBuiltInKeywords.click(WebUiBuiltInKeywords.groovy:616)
	at com.kms.katalon.core.webui.keyword.WebUiBuiltInKeywords$click$4.call(Unknown Source)
	at org.codehaus.groovy.runtime.callsite.CallSiteArray.defaultCall(CallSiteArray.java:48)
	at org.codehaus.groovy.runtime.callsite.AbstractCallSite.call(AbstractCallSite.java:113)
	at org.codehaus.groovy.runtime.callsite.AbstractCallSite.call(AbstractCallSite.java:125)
	at Script1535746838140.run(Script1535746838140.groovy:44)
	at com.kms.katalon.core.main.ScriptEngine.run(ScriptEngine.java:183)
	at com.kms.katalon.core.main.ScriptEngine.runScriptAsRawText(ScriptEngine.java:108)
	at com.kms.katalon.core.main.TestCaseExecutor.runScript(TestCaseExecutor.java:294)
	at com.kms.katalon.core.main.TestCaseExecutor.doExecute(TestCaseExecutor.java:285)
	at com.kms.katalon.core.main.TestCaseExecutor.processExecutionPhase(TestCaseExecutor.java:264)
	at com.kms.katalon.core.main.TestCaseExecutor.accessMainPhase(TestCaseExecutor.java:256)
	at com.kms.katalon.core.main.TestCaseExecutor.execute(TestCaseExecutor.java:200)
	at com.kms.katalon.core.main.TestSuiteExecutor.accessTestCaseMainPhase(TestSuiteExecutor.java:129)
	at com.kms.katalon.core.main.TestSuiteExecutor.accessTestSuiteMainPhase(TestSuiteExecutor.java:112)
	at com.kms.katalon.core.main.TestSuiteExecutor.execute(TestSuiteExecutor.java:81)
	at com.kms.katalon.core.main.TestCaseMain.startTestSuite(TestCaseMain.java:142)
	at com.kms.katalon.core.main.TestCaseMain$startTestSuite$0.call(Unknown Source)
	at org.codehaus.groovy.runtime.callsite.CallSiteArray.defaultCall(CallSiteArray.java:48)
	at org.codehaus.groovy.runtime.callsite.AbstractCallSite.call(AbstractCallSite.java:113)
	at org.codehaus.groovy.runtime.callsite.AbstractCallSite.call(AbstractCallSite.java:141)
	at TempTestSuite1538067597028.run(TempTestSuite1538067597028.groovy:36)
	at groovy.lang.GroovyShell.runScriptOrMainOrTestOrRunnable(GroovyShell.java:263)
	at groovy.lang.GroovyShell.run(GroovyShell.java:518)
	at groovy.lang.GroovyShell.run(GroovyShell.java:507)
	at groovy.ui.GroovyMain.processOnce(GroovyMain.java:653)
	at groovy.ui.GroovyMain.run(GroovyMain.java:384)
	at groovy.ui.GroovyMain.process(GroovyMain.java:370)
	at groovy.ui.GroovyMain.processArgs(GroovyMain.java:129)
	at groovy.ui.GroovyMain.main(GroovyMain.java:109)
	at sun.reflect.NativeMethodAccessorImpl.invoke0(Native Method)
	at sun.reflect.NativeMethodAccessorImpl.invoke(NativeMethodAccessorImpl.java:62)
	at sun.reflect.DelegatingMethodAccessorImpl.invoke(DelegatingMethodAccessorImpl.java:43)
	at java.lang.reflect.Method.invoke(Method.java:498)
	at org.codehaus.groovy.tools.GroovyStarter.rootLoader(GroovyStarter.java:109)
	at org.codehaus.groovy.tools.GroovyStarter.main(GroovyStarter.java:131)
)

2018-09-27 10:14:36 - [TEST_STEP][NOT_RUN] - callTestCase: NOT_RUN: callTestCase

2018-09-27 10:14:36 - [MESSAGE][NOT_RUN] - NOT_RUN: callTestCase

2018-09-27 10:14:36 - [TEST_STEP][PASSED] - click: Object: 'Object Repository/Page_Beauty Box Subscription for Wo/svg_icon__hamburger_menu (1)' is clicked on

2018-09-27 10:14:36 - [MESSAGE][PASSED] - Object: 'Object Repository/Page_Beauty Box Subscription for Wo/svg_icon__hamburger_menu (1)' is clicked on

2018-09-27 10:14:36 - [TEST_STEP][PASSED] - click: Object: 'Object Repository/Page_Beauty Box Subscription for Wo/div_Collections (3)' is clicked on

2018-09-27 10:14:37 - [MESSAGE][PASSED] - Object: 'Object Repository/Page_Beauty Box Subscription for Wo/div_Collections (3)' is clicked on

2018-09-27 10:14:37 - [TEST_STEP][PASSED] - delay: Delayed 2 second(s)

2018-09-27 10:14:39 - [MESSAGE][PASSED] - Delayed 2 second(s)

2018-09-27 10:14:39 - [TEST_STEP][PASSED] - verifyTextPresent: Text 'Limited Edition Boxes' is present on page 

2018-09-27 10:14:39 - [MESSAGE][PASSED] - Text 'Limited Edition Boxes' is present on page 

2018-09-27 10:14:39 - [TEST_STEP][PASSED] - verifyTextPresent: Text 'Birchbox Discovery Kits' is present on page 

2018-09-27 10:14:39 - [MESSAGE][PASSED] - Text 'Birchbox Discovery Kits' is present on page 

2018-09-27 10:14:39 - [TEST_STEP][PASSED] - verifyTextPresent: Text 'Birchbox Exclusives' is present on page 

2018-09-27 10:14:39 - [MESSAGE][PASSED] - Text 'Birchbox Exclusives' is present on page 

2018-09-27 10:14:39 - [TEST_STEP][PASSED] - verifyTextPresent: Text 'Best-Sellers' is present on page 

2018-09-27 10:14:39 - [MESSAGE][PASSED] - Text 'Best-Sellers' is present on page 

2018-09-27 10:14:39 - [TEST_STEP][PASSED] - verifyTextPresent: Text 'Gifts with Purchase' is present on page 

2018-09-27 10:14:39 - [MESSAGE][PASSED] - Text 'Gifts with Purchase' is present on page 

2018-09-27 10:14:39 - [TEST_STEP][PASSED] - waitForElementClickable: Web element with id: 'Object Repository/Page_Beauty Box Subscription for Wo/div_Main (2)' located by 'By.xpath: id("root")/div[@class="app__container___1iszn undefined"]/div[@class="Drawer__OuterDiv-fQULRK utilities__cover___WKDvY jxeJTN"]/div[@class="Drawer__InnerDiv-QSCgb jfPdeQ"]/div[@class="DrawerDiv-ihhGLG ZybrZ"]/div[@class="TopBar__OuterDiv-eyXjzZ iGkRYN"]/div[@class="JustifiedBar__OuterDiv-cTCyOC dKaHqT"]/div[@class="JustifiedBar__LeftDiv-ebIrmq eNLYpj"]/div[@class="TopBar__BackClickable-chiXyC typography__copy14___3VCcc typography__bold___1hpib utilities__bold___3ltf7 typography__uppercase___378Zu utilities__uppercase___3lD3P fDBbOR utilities__pointer___1ctfY"][count(. | //div[@class = 'TopBar__BackClickable-chiXyC typography__copy14___3VCcc typography__bold___1hpib utilities__bold___3ltf7 typography__uppercase___378Zu utilities__uppercase___3lD3P fDBbOR utilities__pointer___1ctfY' and (text() = 'Main' or . = 'Main')]) = count(//div[@class = 'TopBar__BackClickable-chiXyC typography__copy14___3VCcc typography__bold___1hpib utilities__bold___3ltf7 typography__uppercase___378Zu utilities__uppercase___3lD3P fDBbOR utilities__pointer___1ctfY' and (text() = 'Main' or . = 'Main')])]' not found

2018-09-27 10:14:39 - [MESSAGE][WARNING] - Timeout '0' is invalid. Using default page load timeout: '90'

2018-09-27 10:16:12 - [MESSAGE][WARNING] - Web element with id: 'Object Repository/Page_Beauty Box Subscription for Wo/div_Main (2)' located by 'By.xpath: id("root")/div[@class="app__container___1iszn undefined"]/div[@class="Drawer__OuterDiv-fQULRK utilities__cover___WKDvY jxeJTN"]/div[@class="Drawer__InnerDiv-QSCgb jfPdeQ"]/div[@class="DrawerDiv-ihhGLG ZybrZ"]/div[@class="TopBar__OuterDiv-eyXjzZ iGkRYN"]/div[@class="JustifiedBar__OuterDiv-cTCyOC dKaHqT"]/div[@class="JustifiedBar__LeftDiv-ebIrmq eNLYpj"]/div[@class="TopBar__BackClickable-chiXyC typography__copy14___3VCcc typography__bold___1hpib utilities__bold___3ltf7 typography__uppercase___378Zu utilities__uppercase___3lD3P fDBbOR utilities__pointer___1ctfY"][count(. | //div[@class = 'TopBar__BackClickable-chiXyC typography__copy14___3VCcc typography__bold___1hpib utilities__bold___3ltf7 typography__uppercase___378Zu utilities__uppercase___3lD3P fDBbOR utilities__pointer___1ctfY' and (text() = 'Main' or . = 'Main')]) = count(//div[@class = 'TopBar__BackClickable-chiXyC typography__copy14___3VCcc typography__bold___1hpib utilities__bold___3ltf7 typography__uppercase___378Zu utilities__uppercase___3lD3P fDBbOR utilities__pointer___1ctfY' and (text() = 'Main' or . = 'Main')])]' not found

2018-09-27 10:16:12 - [TEST_STEP][FAILED] - click: Unable to click on object 'Object Repository/Page_Beauty Box Subscription for Wo/div_Main (2)' (Root cause: com.kms.katalon.core.webui.exception.WebElementNotFoundException: Web element with id: 'Object Repository/Page_Beauty Box Subscription for Wo/div_Main (2)' located by 'By.xpath: id("root")/div[@class="app__container___1iszn undefined"]/div[@class="Drawer__OuterDiv-fQULRK utilities__cover___WKDvY jxeJTN"]/div[@class="Drawer__InnerDiv-QSCgb jfPdeQ"]/div[@class="DrawerDiv-ihhGLG ZybrZ"]/div[@class="TopBar__OuterDiv-eyXjzZ iGkRYN"]/div[@class="JustifiedBar__OuterDiv-cTCyOC dKaHqT"]/div[@class="JustifiedBar__LeftDiv-ebIrmq eNLYpj"]/div[@class="TopBar__BackClickable-chiXyC typography__copy14___3VCcc typography__bold___1hpib utilities__bold___3ltf7 typography__uppercase___378Zu utilities__uppercase___3lD3P fDBbOR utilities__pointer___1ctfY"][count(. | //div[@class = 'TopBar__BackClickable-chiXyC typography__copy14___3VCcc typography__bold___1hpib utilities__bold___3ltf7 typography__uppercase___378Zu utilities__uppercase___3lD3P fDBbOR utilities__pointer___1ctfY' and (text() = 'Main' or . = 'Main')]) = count(//div[@class = 'TopBar__BackClickable-chiXyC typography__copy14___3VCcc typography__bold___1hpib utilities__bold___3ltf7 typography__uppercase___378Zu utilities__uppercase___3lD3P fDBbOR utilities__pointer___1ctfY' and (text() = 'Main' or . = 'Main')])]' not found)

2018-09-27 10:17:45 - [MESSAGE][FAILED] - Unable to click on object 'Object Repository/Page_Beauty Box Subscription for Wo/div_Main (2)' (Root cause: com.kms.katalon.core.webui.exception.WebElementNotFoundException: Web element with id: 'Object Repository/Page_Beauty Box Subscription for Wo/div_Main (2)' located by 'By.xpath: id("root")/div[@class="app__container___1iszn undefined"]/div[@class="Drawer__OuterDiv-fQULRK utilities__cover___WKDvY jxeJTN"]/div[@class="Drawer__InnerDiv-QSCgb jfPdeQ"]/div[@class="DrawerDiv-ihhGLG ZybrZ"]/div[@class="TopBar__OuterDiv-eyXjzZ iGkRYN"]/div[@class="JustifiedBar__OuterDiv-cTCyOC dKaHqT"]/div[@class="JustifiedBar__LeftDiv-ebIrmq eNLYpj"]/div[@class="TopBar__BackClickable-chiXyC typography__copy14___3VCcc typography__bold___1hpib utilities__bold___3ltf7 typography__uppercase___378Zu utilities__uppercase___3lD3P fDBbOR utilities__pointer___1ctfY"][count(. | //div[@class = 'TopBar__BackClickable-chiXyC typography__copy14___3VCcc typography__bold___1hpib utilities__bold___3ltf7 typography__uppercase___378Zu utilities__uppercase___3lD3P fDBbOR utilities__pointer___1ctfY' and (text() = 'Main' or . = 'Main')]) = count(//div[@class = 'TopBar__BackClickable-chiXyC typography__copy14___3VCcc typography__bold___1hpib utilities__bold___3ltf7 typography__uppercase___378Zu utilities__uppercase___3lD3P fDBbOR utilities__pointer___1ctfY' and (text() = 'Main' or . = 'Main')])]' not found)]]></system-out>
         <system-err><![CDATA[2018-09-27 10:14:35 - [TEST_CASE][FAILED] - Test Cases/US mobile test/Test all the menu pages: Test Cases/US mobile test/Test all the menu pages FAILED because (of) (Stack trace: com.kms.katalon.core.exception.StepFailedException: Unable to click on object 'Object Repository/Page_Beauty Box Subscription for Wo/div_Main (2)' (Root cause: com.kms.katalon.core.webui.exception.WebElementNotFoundException: Web element with id: 'Object Repository/Page_Beauty Box Subscription for Wo/div_Main (2)' located by 'By.xpath: id("root")/div[@class="app__container___1iszn undefined"]/div[@class="Drawer__OuterDiv-fQULRK utilities__cover___WKDvY jxeJTN"]/div[@class="Drawer__InnerDiv-QSCgb jfPdeQ"]/div[@class="DrawerDiv-ihhGLG ZybrZ"]/div[@class="TopBar__OuterDiv-eyXjzZ iGkRYN"]/div[@class="JustifiedBar__OuterDiv-cTCyOC dKaHqT"]/div[@class="JustifiedBar__LeftDiv-ebIrmq eNLYpj"]/div[@class="TopBar__BackClickable-chiXyC typography__copy14___3VCcc typography__bold___1hpib utilities__bold___3ltf7 typography__uppercase___378Zu utilities__uppercase___3lD3P fDBbOR utilities__pointer___1ctfY"][count(. | //div[@class = 'TopBar__BackClickable-chiXyC typography__copy14___3VCcc typography__bold___1hpib utilities__bold___3ltf7 typography__uppercase___378Zu utilities__uppercase___3lD3P fDBbOR utilities__pointer___1ctfY' and (text() = 'Main' or . = 'Main')]) = count(//div[@class = 'TopBar__BackClickable-chiXyC typography__copy14___3VCcc typography__bold___1hpib utilities__bold___3ltf7 typography__uppercase___378Zu utilities__uppercase___3lD3P fDBbOR utilities__pointer___1ctfY' and (text() = 'Main' or . = 'Main')])]' not found)
	at com.kms.katalon.core.keyword.internal.KeywordMain.stepFailed(KeywordMain.groovy:36)
	at com.kms.katalon.core.webui.keyword.internal.WebUIKeywordMain.stepFailed(WebUIKeywordMain.groovy:65)
	at com.kms.katalon.core.webui.keyword.internal.WebUIKeywordMain.runKeyword(WebUIKeywordMain.groovy:27)
	at com.kms.katalon.core.webui.keyword.builtin.ClickKeyword.click(ClickKeyword.groovy:86)
	at com.kms.katalon.core.webui.keyword.builtin.ClickKeyword.execute(ClickKeyword.groovy:67)
	at com.kms.katalon.core.keyword.internal.KeywordExecutor.executeKeywordForPlatform(KeywordExecutor.groovy:53)
	at com.kms.katalon.core.webui.keyword.WebUiBuiltInKeywords.click(WebUiBuiltInKeywords.groovy:616)
	at com.kms.katalon.core.webui.keyword.WebUiBuiltInKeywords$click$4.call(Unknown Source)
	at org.codehaus.groovy.runtime.callsite.CallSiteArray.defaultCall(CallSiteArray.java:48)
	at org.codehaus.groovy.runtime.callsite.AbstractCallSite.call(AbstractCallSite.java:113)
	at org.codehaus.groovy.runtime.callsite.AbstractCallSite.call(AbstractCallSite.java:125)
	at Script1535746838140.run(Script1535746838140.groovy:44)
	at com.kms.katalon.core.main.ScriptEngine.run(ScriptEngine.java:183)
	at com.kms.katalon.core.main.ScriptEngine.runScriptAsRawText(ScriptEngine.java:108)
	at com.kms.katalon.core.main.TestCaseExecutor.runScript(TestCaseExecutor.java:294)
	at com.kms.katalon.core.main.TestCaseExecutor.doExecute(TestCaseExecutor.java:285)
	at com.kms.katalon.core.main.TestCaseExecutor.processExecutionPhase(TestCaseExecutor.java:264)
	at com.kms.katalon.core.main.TestCaseExecutor.accessMainPhase(TestCaseExecutor.java:256)
	at com.kms.katalon.core.main.TestCaseExecutor.execute(TestCaseExecutor.java:200)
	at com.kms.katalon.core.main.TestSuiteExecutor.accessTestCaseMainPhase(TestSuiteExecutor.java:129)
	at com.kms.katalon.core.main.TestSuiteExecutor.accessTestSuiteMainPhase(TestSuiteExecutor.java:112)
	at com.kms.katalon.core.main.TestSuiteExecutor.execute(TestSuiteExecutor.java:81)
	at com.kms.katalon.core.main.TestCaseMain.startTestSuite(TestCaseMain.java:142)
	at com.kms.katalon.core.main.TestCaseMain$startTestSuite$0.call(Unknown Source)
	at org.codehaus.groovy.runtime.callsite.CallSiteArray.defaultCall(CallSiteArray.java:48)
	at org.codehaus.groovy.runtime.callsite.AbstractCallSite.call(AbstractCallSite.java:113)
	at org.codehaus.groovy.runtime.callsite.AbstractCallSite.call(AbstractCallSite.java:141)
	at TempTestSuite1538067597028.run(TempTestSuite1538067597028.groovy:36)
	at groovy.lang.GroovyShell.runScriptOrMainOrTestOrRunnable(GroovyShell.java:263)
	at groovy.lang.GroovyShell.run(GroovyShell.java:518)
	at groovy.lang.GroovyShell.run(GroovyShell.java:507)
	at groovy.ui.GroovyMain.processOnce(GroovyMain.java:653)
	at groovy.ui.GroovyMain.run(GroovyMain.java:384)
	at groovy.ui.GroovyMain.process(GroovyMain.java:370)
	at groovy.ui.GroovyMain.processArgs(GroovyMain.java:129)
	at groovy.ui.GroovyMain.main(GroovyMain.java:109)
	at sun.reflect.NativeMethodAccessorImpl.invoke0(Native Method)
	at sun.reflect.NativeMethodAccessorImpl.invoke(NativeMethodAccessorImpl.java:62)
	at sun.reflect.DelegatingMethodAccessorImpl.invoke(DelegatingMethodAccessorImpl.java:43)
	at java.lang.reflect.Method.invoke(Method.java:498)
	at org.codehaus.groovy.tools.GroovyStarter.rootLoader(GroovyStarter.java:109)
	at org.codehaus.groovy.tools.GroovyStarter.main(GroovyStarter.java:131)
)]]></system-err>
      </testcase>
      <testcase name="Test Cases/US mobile test/Write a review for a product in the Shop" classname="Test Cases/US mobile test/Write a review for a product in the Shop" status="FAILED">
         <failure type="FAILED" message="(Stack trace: com.kms.katalon.core.exception.StepFailedException: Unable to click on object 'Object Repository/Page_Beauty Box Subscription for Wo/svg_icon__hamburger_menu (1)' (Root cause: org.openqa.selenium.WebDriverException: unknown error: Element &lt;svg class=&quot;icon__svg___cc1CR utilities__block___2NUBz utilities__fullWidth___3kUCi utilities__fullHeight___NZTu9&quot; viewBox=&quot;0 0 23 19&quot; fill=&quot;none&quot; stroke=&quot;#1f1f1f&quot; stroke-width=&quot;2&quot; stroke-linecap=&quot;square&quot;>...&lt;/svg> is not clickable at point (29, 32). Other element would receive the click: &lt;path d=&quot;M203.4,372.722l-2.122-2.121-9.677,9.677,2.121,2.121Z&quot; transform=&quot;translate(-191.594 -370.594)&quot;>&lt;/path>
  (Session info: chrome=69.0.3497.100)
  (Driver info: chromedriver=2.35.528161 (5b82f2d2aae0ca24b877009200ced9065a772e73),platform=Windows NT 6.1.7601 SP1 x86_64) (WARNING: The server did not provide any stacktrace information)
Command duration or timeout: 0 milliseconds
Build info: version: '3.7.1', revision: '8a0099a', time: '2017-11-06T21:07:36.161Z'
System info: host: 'PLEMKTPLACE-08', ip: '10.241.184.32', os.name: 'Windows 7', os.arch: 'amd64', os.version: '6.1', java.version: '1.8.0_181'
Driver info: com.kms.katalon.selenium.driver.CChromeDriver
Capabilities {acceptInsecureCerts: false, acceptSslCerts: false, applicationCacheEnabled: false, browserConnectionEnabled: false, browserName: chrome, chrome: {chromedriverVersion: 2.35.528161 (5b82f2d2aae0ca..., userDataDir: C:\Users\vbrooks\AppData\Lo...}, cssSelectorsEnabled: true, databaseEnabled: false, handlesAlerts: true, hasTouchScreen: false, javascriptEnabled: true, locationContextEnabled: true, mobileEmulationEnabled: false, nativeEvents: true, networkConnectionEnabled: false, pageLoadStrategy: normal, platform: XP, platformName: XP, rotatable: false, setWindowRect: true, takesHeapSnapshot: true, takesScreenshot: true, unexpectedAlertBehaviour: , unhandledPromptBehavior: , version: 69.0.3497.100, webStorageEnabled: true}
Session ID: 72ec86358b66c8116ce6d6f4818f3380)
	at com.kms.katalon.core.keyword.internal.KeywordMain.stepFailed(KeywordMain.groovy:36)
	at com.kms.katalon.core.webui.keyword.internal.WebUIKeywordMain.stepFailed(WebUIKeywordMain.groovy:65)
	at com.kms.katalon.core.webui.keyword.internal.WebUIKeywordMain.runKeyword(WebUIKeywordMain.groovy:27)
	at com.kms.katalon.core.webui.keyword.builtin.ClickKeyword.click(ClickKeyword.groovy:86)
	at com.kms.katalon.core.webui.keyword.builtin.ClickKeyword.execute(ClickKeyword.groovy:67)
	at com.kms.katalon.core.keyword.internal.KeywordExecutor.executeKeywordForPlatform(KeywordExecutor.groovy:53)
	at com.kms.katalon.core.webui.keyword.WebUiBuiltInKeywords.click(WebUiBuiltInKeywords.groovy:616)
	at com.kms.katalon.core.webui.keyword.WebUiBuiltInKeywords$click$4.call(Unknown Source)
	at org.codehaus.groovy.runtime.callsite.CallSiteArray.defaultCall(CallSiteArray.java:48)
	at org.codehaus.groovy.runtime.callsite.AbstractCallSite.call(AbstractCallSite.java:113)
	at org.codehaus.groovy.runtime.callsite.AbstractCallSite.call(AbstractCallSite.java:125)
	at Script1534183962672.run(Script1534183962672.groovy:28)
	at com.kms.katalon.core.main.ScriptEngine.run(ScriptEngine.java:183)
	at com.kms.katalon.core.main.ScriptEngine.runScriptAsRawText(ScriptEngine.java:108)
	at com.kms.katalon.core.main.TestCaseExecutor.runScript(TestCaseExecutor.java:294)
	at com.kms.katalon.core.main.TestCaseExecutor.doExecute(TestCaseExecutor.java:285)
	at com.kms.katalon.core.main.TestCaseExecutor.processExecutionPhase(TestCaseExecutor.java:264)
	at com.kms.katalon.core.main.TestCaseExecutor.accessMainPhase(TestCaseExecutor.java:256)
	at com.kms.katalon.core.main.TestCaseExecutor.execute(TestCaseExecutor.java:200)
	at com.kms.katalon.core.main.TestSuiteExecutor.accessTestCaseMainPhase(TestSuiteExecutor.java:129)
	at com.kms.katalon.core.main.TestSuiteExecutor.accessTestSuiteMainPhase(TestSuiteExecutor.java:112)
	at com.kms.katalon.core.main.TestSuiteExecutor.execute(TestSuiteExecutor.java:81)
	at com.kms.katalon.core.main.TestCaseMain.startTestSuite(TestCaseMain.java:142)
	at com.kms.katalon.core.main.TestCaseMain$startTestSuite$0.call(Unknown Source)
	at org.codehaus.groovy.runtime.callsite.CallSiteArray.defaultCall(CallSiteArray.java:48)
	at org.codehaus.groovy.runtime.callsite.AbstractCallSite.call(AbstractCallSite.java:113)
	at org.codehaus.groovy.runtime.callsite.AbstractCallSite.call(AbstractCallSite.java:141)
	at TempTestSuite1538067597028.run(TempTestSuite1538067597028.groovy:36)
	at groovy.lang.GroovyShell.runScriptOrMainOrTestOrRunnable(GroovyShell.java:263)
	at groovy.lang.GroovyShell.run(GroovyShell.java:518)
	at groovy.lang.GroovyShell.run(GroovyShell.java:507)
	at groovy.ui.GroovyMain.processOnce(GroovyMain.java:653)
	at groovy.ui.GroovyMain.run(GroovyMain.java:384)
	at groovy.ui.GroovyMain.process(GroovyMain.java:370)
	at groovy.ui.GroovyMain.processArgs(GroovyMain.java:129)
	at groovy.ui.GroovyMain.main(GroovyMain.java:109)
	at sun.reflect.NativeMethodAccessorImpl.invoke0(Native Method)
	at sun.reflect.NativeMethodAccessorImpl.invoke(NativeMethodAccessorImpl.java:62)
	at sun.reflect.DelegatingMethodAccessorImpl.invoke(DelegatingMethodAccessorImpl.java:43)
	at java.lang.reflect.Method.invoke(Method.java:498)
	at org.codehaus.groovy.tools.GroovyStarter.rootLoader(GroovyStarter.java:109)
	at org.codehaus.groovy.tools.GroovyStarter.main(GroovyStarter.java:131)
)"/>
         <system-out><![CDATA[2018-09-27 10:17:45 - [TEST_CASE][FAILED] - Test Cases/US mobile test/Write a review for a product in the Shop: Test Cases/US mobile test/Write a review for a product in the Shop FAILED because (of) (Stack trace: com.kms.katalon.core.exception.StepFailedException: Unable to click on object 'Object Repository/Page_Beauty Box Subscription for Wo/svg_icon__hamburger_menu (1)' (Root cause: org.openqa.selenium.WebDriverException: unknown error: Element <svg class="icon__svg___cc1CR utilities__block___2NUBz utilities__fullWidth___3kUCi utilities__fullHeight___NZTu9" viewBox="0 0 23 19" fill="none" stroke="#1f1f1f" stroke-width="2" stroke-linecap="square">...</svg> is not clickable at point (29, 32). Other element would receive the click: <path d="M203.4,372.722l-2.122-2.121-9.677,9.677,2.121,2.121Z" transform="translate(-191.594 -370.594)"></path>
  (Session info: chrome=69.0.3497.100)
  (Driver info: chromedriver=2.35.528161 (5b82f2d2aae0ca24b877009200ced9065a772e73),platform=Windows NT 6.1.7601 SP1 x86_64) (WARNING: The server did not provide any stacktrace information)
Command duration or timeout: 0 milliseconds
Build info: version: '3.7.1', revision: '8a0099a', time: '2017-11-06T21:07:36.161Z'
System info: host: 'PLEMKTPLACE-08', ip: '10.241.184.32', os.name: 'Windows 7', os.arch: 'amd64', os.version: '6.1', java.version: '1.8.0_181'
Driver info: com.kms.katalon.selenium.driver.CChromeDriver
Capabilities {acceptInsecureCerts: false, acceptSslCerts: false, applicationCacheEnabled: false, browserConnectionEnabled: false, browserName: chrome, chrome: {chromedriverVersion: 2.35.528161 (5b82f2d2aae0ca..., userDataDir: C:\Users\vbrooks\AppData\Lo...}, cssSelectorsEnabled: true, databaseEnabled: false, handlesAlerts: true, hasTouchScreen: false, javascriptEnabled: true, locationContextEnabled: true, mobileEmulationEnabled: false, nativeEvents: true, networkConnectionEnabled: false, pageLoadStrategy: normal, platform: XP, platformName: XP, rotatable: false, setWindowRect: true, takesHeapSnapshot: true, takesScreenshot: true, unexpectedAlertBehaviour: , unhandledPromptBehavior: , version: 69.0.3497.100, webStorageEnabled: true}
Session ID: 72ec86358b66c8116ce6d6f4818f3380)
	at com.kms.katalon.core.keyword.internal.KeywordMain.stepFailed(KeywordMain.groovy:36)
	at com.kms.katalon.core.webui.keyword.internal.WebUIKeywordMain.stepFailed(WebUIKeywordMain.groovy:65)
	at com.kms.katalon.core.webui.keyword.internal.WebUIKeywordMain.runKeyword(WebUIKeywordMain.groovy:27)
	at com.kms.katalon.core.webui.keyword.builtin.ClickKeyword.click(ClickKeyword.groovy:86)
	at com.kms.katalon.core.webui.keyword.builtin.ClickKeyword.execute(ClickKeyword.groovy:67)
	at com.kms.katalon.core.keyword.internal.KeywordExecutor.executeKeywordForPlatform(KeywordExecutor.groovy:53)
	at com.kms.katalon.core.webui.keyword.WebUiBuiltInKeywords.click(WebUiBuiltInKeywords.groovy:616)
	at com.kms.katalon.core.webui.keyword.WebUiBuiltInKeywords$click$4.call(Unknown Source)
	at org.codehaus.groovy.runtime.callsite.CallSiteArray.defaultCall(CallSiteArray.java:48)
	at org.codehaus.groovy.runtime.callsite.AbstractCallSite.call(AbstractCallSite.java:113)
	at org.codehaus.groovy.runtime.callsite.AbstractCallSite.call(AbstractCallSite.java:125)
	at Script1534183962672.run(Script1534183962672.groovy:28)
	at com.kms.katalon.core.main.ScriptEngine.run(ScriptEngine.java:183)
	at com.kms.katalon.core.main.ScriptEngine.runScriptAsRawText(ScriptEngine.java:108)
	at com.kms.katalon.core.main.TestCaseExecutor.runScript(TestCaseExecutor.java:294)
	at com.kms.katalon.core.main.TestCaseExecutor.doExecute(TestCaseExecutor.java:285)
	at com.kms.katalon.core.main.TestCaseExecutor.processExecutionPhase(TestCaseExecutor.java:264)
	at com.kms.katalon.core.main.TestCaseExecutor.accessMainPhase(TestCaseExecutor.java:256)
	at com.kms.katalon.core.main.TestCaseExecutor.execute(TestCaseExecutor.java:200)
	at com.kms.katalon.core.main.TestSuiteExecutor.accessTestCaseMainPhase(TestSuiteExecutor.java:129)
	at com.kms.katalon.core.main.TestSuiteExecutor.accessTestSuiteMainPhase(TestSuiteExecutor.java:112)
	at com.kms.katalon.core.main.TestSuiteExecutor.execute(TestSuiteExecutor.java:81)
	at com.kms.katalon.core.main.TestCaseMain.startTestSuite(TestCaseMain.java:142)
	at com.kms.katalon.core.main.TestCaseMain$startTestSuite$0.call(Unknown Source)
	at org.codehaus.groovy.runtime.callsite.CallSiteArray.defaultCall(CallSiteArray.java:48)
	at org.codehaus.groovy.runtime.callsite.AbstractCallSite.call(AbstractCallSite.java:113)
	at org.codehaus.groovy.runtime.callsite.AbstractCallSite.call(AbstractCallSite.java:141)
	at TempTestSuite1538067597028.run(TempTestSuite1538067597028.groovy:36)
	at groovy.lang.GroovyShell.runScriptOrMainOrTestOrRunnable(GroovyShell.java:263)
	at groovy.lang.GroovyShell.run(GroovyShell.java:518)
	at groovy.lang.GroovyShell.run(GroovyShell.java:507)
	at groovy.ui.GroovyMain.processOnce(GroovyMain.java:653)
	at groovy.ui.GroovyMain.run(GroovyMain.java:384)
	at groovy.ui.GroovyMain.process(GroovyMain.java:370)
	at groovy.ui.GroovyMain.processArgs(GroovyMain.java:129)
	at groovy.ui.GroovyMain.main(GroovyMain.java:109)
	at sun.reflect.NativeMethodAccessorImpl.invoke0(Native Method)
	at sun.reflect.NativeMethodAccessorImpl.invoke(NativeMethodAccessorImpl.java:62)
	at sun.reflect.DelegatingMethodAccessorImpl.invoke(DelegatingMethodAccessorImpl.java:43)
	at java.lang.reflect.Method.invoke(Method.java:498)
	at org.codehaus.groovy.tools.GroovyStarter.rootLoader(GroovyStarter.java:109)
	at org.codehaus.groovy.tools.GroovyStarter.main(GroovyStarter.java:131)
)

2018-09-27 10:17:45 - [TEST_STEP][NOT_RUN] - callTestCase: NOT_RUN: callTestCase

2018-09-27 10:17:45 - [MESSAGE][NOT_RUN] - NOT_RUN: callTestCase

2018-09-27 10:17:45 - [TEST_STEP][PASSED] - delay: Delayed 2 second(s)

2018-09-27 10:17:47 - [MESSAGE][PASSED] - Delayed 2 second(s)

2018-09-27 10:17:47 - [TEST_STEP][FAILED] - click: Unable to click on object 'Object Repository/Page_Beauty Box Subscription for Wo/svg_icon__hamburger_menu (1)' (Root cause: org.openqa.selenium.WebDriverException: unknown error: Element <svg class="icon__svg___cc1CR utilities__block___2NUBz utilities__fullWidth___3kUCi utilities__fullHeight___NZTu9" viewBox="0 0 23 19" fill="none" stroke="#1f1f1f" stroke-width="2" stroke-linecap="square">...</svg> is not clickable at point (29, 32). Other element would receive the click: <path d="M203.4,372.722l-2.122-2.121-9.677,9.677,2.121,2.121Z" transform="translate(-191.594 -370.594)"></path>
  (Session info: chrome=69.0.3497.100)
  (Driver info: chromedriver=2.35.528161 (5b82f2d2aae0ca24b877009200ced9065a772e73),platform=Windows NT 6.1.7601 SP1 x86_64) (WARNING: The server did not provide any stacktrace information)
Command duration or timeout: 0 milliseconds
Build info: version: '3.7.1', revision: '8a0099a', time: '2017-11-06T21:07:36.161Z'
System info: host: 'PLEMKTPLACE-08', ip: '10.241.184.32', os.name: 'Windows 7', os.arch: 'amd64', os.version: '6.1', java.version: '1.8.0_181'
Driver info: com.kms.katalon.selenium.driver.CChromeDriver
Capabilities {acceptInsecureCerts: false, acceptSslCerts: false, applicationCacheEnabled: false, browserConnectionEnabled: false, browserName: chrome, chrome: {chromedriverVersion: 2.35.528161 (5b82f2d2aae0ca..., userDataDir: C:\Users\vbrooks\AppData\Lo...}, cssSelectorsEnabled: true, databaseEnabled: false, handlesAlerts: true, hasTouchScreen: false, javascriptEnabled: true, locationContextEnabled: true, mobileEmulationEnabled: false, nativeEvents: true, networkConnectionEnabled: false, pageLoadStrategy: normal, platform: XP, platformName: XP, rotatable: false, setWindowRect: true, takesHeapSnapshot: true, takesScreenshot: true, unexpectedAlertBehaviour: , unhandledPromptBehavior: , version: 69.0.3497.100, webStorageEnabled: true}
Session ID: 72ec86358b66c8116ce6d6f4818f3380)

2018-09-27 10:17:47 - [MESSAGE][FAILED] - Unable to click on object 'Object Repository/Page_Beauty Box Subscription for Wo/svg_icon__hamburger_menu (1)' (Root cause: org.openqa.selenium.WebDriverException: unknown error: Element <svg class="icon__svg___cc1CR utilities__block___2NUBz utilities__fullWidth___3kUCi utilities__fullHeight___NZTu9" viewBox="0 0 23 19" fill="none" stroke="#1f1f1f" stroke-width="2" stroke-linecap="square">...</svg> is not clickable at point (29, 32). Other element would receive the click: <path d="M203.4,372.722l-2.122-2.121-9.677,9.677,2.121,2.121Z" transform="translate(-191.594 -370.594)"></path>
  (Session info: chrome=69.0.3497.100)
  (Driver info: chromedriver=2.35.528161 (5b82f2d2aae0ca24b877009200ced9065a772e73),platform=Windows NT 6.1.7601 SP1 x86_64) (WARNING: The server did not provide any stacktrace information)
Command duration or timeout: 0 milliseconds
Build info: version: '3.7.1', revision: '8a0099a', time: '2017-11-06T21:07:36.161Z'
System info: host: 'PLEMKTPLACE-08', ip: '10.241.184.32', os.name: 'Windows 7', os.arch: 'amd64', os.version: '6.1', java.version: '1.8.0_181'
Driver info: com.kms.katalon.selenium.driver.CChromeDriver
Capabilities {acceptInsecureCerts: false, acceptSslCerts: false, applicationCacheEnabled: false, browserConnectionEnabled: false, browserName: chrome, chrome: {chromedriverVersion: 2.35.528161 (5b82f2d2aae0ca..., userDataDir: C:\Users\vbrooks\AppData\Lo...}, cssSelectorsEnabled: true, databaseEnabled: false, handlesAlerts: true, hasTouchScreen: false, javascriptEnabled: true, locationContextEnabled: true, mobileEmulationEnabled: false, nativeEvents: true, networkConnectionEnabled: false, pageLoadStrategy: normal, platform: XP, platformName: XP, rotatable: false, setWindowRect: true, takesHeapSnapshot: true, takesScreenshot: true, unexpectedAlertBehaviour: , unhandledPromptBehavior: , version: 69.0.3497.100, webStorageEnabled: true}
Session ID: 72ec86358b66c8116ce6d6f4818f3380)]]></system-out>
         <system-err><![CDATA[2018-09-27 10:17:45 - [TEST_CASE][FAILED] - Test Cases/US mobile test/Write a review for a product in the Shop: Test Cases/US mobile test/Write a review for a product in the Shop FAILED because (of) (Stack trace: com.kms.katalon.core.exception.StepFailedException: Unable to click on object 'Object Repository/Page_Beauty Box Subscription for Wo/svg_icon__hamburger_menu (1)' (Root cause: org.openqa.selenium.WebDriverException: unknown error: Element <svg class="icon__svg___cc1CR utilities__block___2NUBz utilities__fullWidth___3kUCi utilities__fullHeight___NZTu9" viewBox="0 0 23 19" fill="none" stroke="#1f1f1f" stroke-width="2" stroke-linecap="square">...</svg> is not clickable at point (29, 32). Other element would receive the click: <path d="M203.4,372.722l-2.122-2.121-9.677,9.677,2.121,2.121Z" transform="translate(-191.594 -370.594)"></path>
  (Session info: chrome=69.0.3497.100)
  (Driver info: chromedriver=2.35.528161 (5b82f2d2aae0ca24b877009200ced9065a772e73),platform=Windows NT 6.1.7601 SP1 x86_64) (WARNING: The server did not provide any stacktrace information)
Command duration or timeout: 0 milliseconds
Build info: version: '3.7.1', revision: '8a0099a', time: '2017-11-06T21:07:36.161Z'
System info: host: 'PLEMKTPLACE-08', ip: '10.241.184.32', os.name: 'Windows 7', os.arch: 'amd64', os.version: '6.1', java.version: '1.8.0_181'
Driver info: com.kms.katalon.selenium.driver.CChromeDriver
Capabilities {acceptInsecureCerts: false, acceptSslCerts: false, applicationCacheEnabled: false, browserConnectionEnabled: false, browserName: chrome, chrome: {chromedriverVersion: 2.35.528161 (5b82f2d2aae0ca..., userDataDir: C:\Users\vbrooks\AppData\Lo...}, cssSelectorsEnabled: true, databaseEnabled: false, handlesAlerts: true, hasTouchScreen: false, javascriptEnabled: true, locationContextEnabled: true, mobileEmulationEnabled: false, nativeEvents: true, networkConnectionEnabled: false, pageLoadStrategy: normal, platform: XP, platformName: XP, rotatable: false, setWindowRect: true, takesHeapSnapshot: true, takesScreenshot: true, unexpectedAlertBehaviour: , unhandledPromptBehavior: , version: 69.0.3497.100, webStorageEnabled: true}
Session ID: 72ec86358b66c8116ce6d6f4818f3380)
	at com.kms.katalon.core.keyword.internal.KeywordMain.stepFailed(KeywordMain.groovy:36)
	at com.kms.katalon.core.webui.keyword.internal.WebUIKeywordMain.stepFailed(WebUIKeywordMain.groovy:65)
	at com.kms.katalon.core.webui.keyword.internal.WebUIKeywordMain.runKeyword(WebUIKeywordMain.groovy:27)
	at com.kms.katalon.core.webui.keyword.builtin.ClickKeyword.click(ClickKeyword.groovy:86)
	at com.kms.katalon.core.webui.keyword.builtin.ClickKeyword.execute(ClickKeyword.groovy:67)
	at com.kms.katalon.core.keyword.internal.KeywordExecutor.executeKeywordForPlatform(KeywordExecutor.groovy:53)
	at com.kms.katalon.core.webui.keyword.WebUiBuiltInKeywords.click(WebUiBuiltInKeywords.groovy:616)
	at com.kms.katalon.core.webui.keyword.WebUiBuiltInKeywords$click$4.call(Unknown Source)
	at org.codehaus.groovy.runtime.callsite.CallSiteArray.defaultCall(CallSiteArray.java:48)
	at org.codehaus.groovy.runtime.callsite.AbstractCallSite.call(AbstractCallSite.java:113)
	at org.codehaus.groovy.runtime.callsite.AbstractCallSite.call(AbstractCallSite.java:125)
	at Script1534183962672.run(Script1534183962672.groovy:28)
	at com.kms.katalon.core.main.ScriptEngine.run(ScriptEngine.java:183)
	at com.kms.katalon.core.main.ScriptEngine.runScriptAsRawText(ScriptEngine.java:108)
	at com.kms.katalon.core.main.TestCaseExecutor.runScript(TestCaseExecutor.java:294)
	at com.kms.katalon.core.main.TestCaseExecutor.doExecute(TestCaseExecutor.java:285)
	at com.kms.katalon.core.main.TestCaseExecutor.processExecutionPhase(TestCaseExecutor.java:264)
	at com.kms.katalon.core.main.TestCaseExecutor.accessMainPhase(TestCaseExecutor.java:256)
	at com.kms.katalon.core.main.TestCaseExecutor.execute(TestCaseExecutor.java:200)
	at com.kms.katalon.core.main.TestSuiteExecutor.accessTestCaseMainPhase(TestSuiteExecutor.java:129)
	at com.kms.katalon.core.main.TestSuiteExecutor.accessTestSuiteMainPhase(TestSuiteExecutor.java:112)
	at com.kms.katalon.core.main.TestSuiteExecutor.execute(TestSuiteExecutor.java:81)
	at com.kms.katalon.core.main.TestCaseMain.startTestSuite(TestCaseMain.java:142)
	at com.kms.katalon.core.main.TestCaseMain$startTestSuite$0.call(Unknown Source)
	at org.codehaus.groovy.runtime.callsite.CallSiteArray.defaultCall(CallSiteArray.java:48)
	at org.codehaus.groovy.runtime.callsite.AbstractCallSite.call(AbstractCallSite.java:113)
	at org.codehaus.groovy.runtime.callsite.AbstractCallSite.call(AbstractCallSite.java:141)
	at TempTestSuite1538067597028.run(TempTestSuite1538067597028.groovy:36)
	at groovy.lang.GroovyShell.runScriptOrMainOrTestOrRunnable(GroovyShell.java:263)
	at groovy.lang.GroovyShell.run(GroovyShell.java:518)
	at groovy.lang.GroovyShell.run(GroovyShell.java:507)
	at groovy.ui.GroovyMain.processOnce(GroovyMain.java:653)
	at groovy.ui.GroovyMain.run(GroovyMain.java:384)
	at groovy.ui.GroovyMain.process(GroovyMain.java:370)
	at groovy.ui.GroovyMain.processArgs(GroovyMain.java:129)
	at groovy.ui.GroovyMain.main(GroovyMain.java:109)
	at sun.reflect.NativeMethodAccessorImpl.invoke0(Native Method)
	at sun.reflect.NativeMethodAccessorImpl.invoke(NativeMethodAccessorImpl.java:62)
	at sun.reflect.DelegatingMethodAccessorImpl.invoke(DelegatingMethodAccessorImpl.java:43)
	at java.lang.reflect.Method.invoke(Method.java:498)
	at org.codehaus.groovy.tools.GroovyStarter.rootLoader(GroovyStarter.java:109)
	at org.codehaus.groovy.tools.GroovyStarter.main(GroovyStarter.java:131)
)]]></system-err>
      </testcase>
      <testcase name="Test Cases/US mobile test/Add a new credit card in Account Settings" classname="Test Cases/US mobile test/Add a new credit card in Account Settings" status="FAILED">
         <failure type="FAILED" message="(Stack trace: com.kms.katalon.core.exception.StepFailedException: Unable to click on object 'Object Repository/Page_Beauty Box Subscription for Wo/svg_icon__profile (1)' (Root cause: org.openqa.selenium.WebDriverException: unknown error: Element &lt;svg class=&quot;icon__svg___cc1CR utilities__block___2NUBz utilities__fullWidth___3kUCi utilities__fullHeight___NZTu9&quot; viewBox=&quot;0 0 17 18&quot; fill=&quot;none&quot; stroke-width=&quot;2&quot; stroke=&quot;#1f1f1f&quot;>...&lt;/svg> is not clickable at point (90, 32). Other element would receive the click: &lt;span>...&lt;/span>
  (Session info: chrome=69.0.3497.100)
  (Driver info: chromedriver=2.35.528161 (5b82f2d2aae0ca24b877009200ced9065a772e73),platform=Windows NT 6.1.7601 SP1 x86_64) (WARNING: The server did not provide any stacktrace information)
Command duration or timeout: 0 milliseconds
Build info: version: '3.7.1', revision: '8a0099a', time: '2017-11-06T21:07:36.161Z'
System info: host: 'PLEMKTPLACE-08', ip: '10.241.184.32', os.name: 'Windows 7', os.arch: 'amd64', os.version: '6.1', java.version: '1.8.0_181'
Driver info: com.kms.katalon.selenium.driver.CChromeDriver
Capabilities {acceptInsecureCerts: false, acceptSslCerts: false, applicationCacheEnabled: false, browserConnectionEnabled: false, browserName: chrome, chrome: {chromedriverVersion: 2.35.528161 (5b82f2d2aae0ca..., userDataDir: C:\Users\vbrooks\AppData\Lo...}, cssSelectorsEnabled: true, databaseEnabled: false, handlesAlerts: true, hasTouchScreen: false, javascriptEnabled: true, locationContextEnabled: true, mobileEmulationEnabled: false, nativeEvents: true, networkConnectionEnabled: false, pageLoadStrategy: normal, platform: XP, platformName: XP, rotatable: false, setWindowRect: true, takesHeapSnapshot: true, takesScreenshot: true, unexpectedAlertBehaviour: , unhandledPromptBehavior: , version: 69.0.3497.100, webStorageEnabled: true}
Session ID: 72ec86358b66c8116ce6d6f4818f3380)
	at com.kms.katalon.core.keyword.internal.KeywordMain.stepFailed(KeywordMain.groovy:36)
	at com.kms.katalon.core.webui.keyword.internal.WebUIKeywordMain.stepFailed(WebUIKeywordMain.groovy:65)
	at com.kms.katalon.core.webui.keyword.internal.WebUIKeywordMain.runKeyword(WebUIKeywordMain.groovy:27)
	at com.kms.katalon.core.webui.keyword.builtin.ClickKeyword.click(ClickKeyword.groovy:86)
	at com.kms.katalon.core.webui.keyword.builtin.ClickKeyword.execute(ClickKeyword.groovy:67)
	at com.kms.katalon.core.keyword.internal.KeywordExecutor.executeKeywordForPlatform(KeywordExecutor.groovy:53)
	at com.kms.katalon.core.webui.keyword.WebUiBuiltInKeywords.click(WebUiBuiltInKeywords.groovy:616)
	at com.kms.katalon.core.webui.keyword.WebUiBuiltInKeywords$click$4.call(Unknown Source)
	at org.codehaus.groovy.runtime.callsite.CallSiteArray.defaultCall(CallSiteArray.java:48)
	at org.codehaus.groovy.runtime.callsite.AbstractCallSite.call(AbstractCallSite.java:113)
	at org.codehaus.groovy.runtime.callsite.AbstractCallSite.call(AbstractCallSite.java:125)
	at Script1535492647850.run(Script1535492647850.groovy:28)
	at com.kms.katalon.core.main.ScriptEngine.run(ScriptEngine.java:183)
	at com.kms.katalon.core.main.ScriptEngine.runScriptAsRawText(ScriptEngine.java:108)
	at com.kms.katalon.core.main.TestCaseExecutor.runScript(TestCaseExecutor.java:294)
	at com.kms.katalon.core.main.TestCaseExecutor.doExecute(TestCaseExecutor.java:285)
	at com.kms.katalon.core.main.TestCaseExecutor.processExecutionPhase(TestCaseExecutor.java:264)
	at com.kms.katalon.core.main.TestCaseExecutor.accessMainPhase(TestCaseExecutor.java:256)
	at com.kms.katalon.core.main.TestCaseExecutor.execute(TestCaseExecutor.java:200)
	at com.kms.katalon.core.main.TestSuiteExecutor.accessTestCaseMainPhase(TestSuiteExecutor.java:129)
	at com.kms.katalon.core.main.TestSuiteExecutor.accessTestSuiteMainPhase(TestSuiteExecutor.java:112)
	at com.kms.katalon.core.main.TestSuiteExecutor.execute(TestSuiteExecutor.java:81)
	at com.kms.katalon.core.main.TestCaseMain.startTestSuite(TestCaseMain.java:142)
	at com.kms.katalon.core.main.TestCaseMain$startTestSuite$0.call(Unknown Source)
	at org.codehaus.groovy.runtime.callsite.CallSiteArray.defaultCall(CallSiteArray.java:48)
	at org.codehaus.groovy.runtime.callsite.AbstractCallSite.call(AbstractCallSite.java:113)
	at org.codehaus.groovy.runtime.callsite.AbstractCallSite.call(AbstractCallSite.java:141)
	at TempTestSuite1538067597028.run(TempTestSuite1538067597028.groovy:36)
	at groovy.lang.GroovyShell.runScriptOrMainOrTestOrRunnable(GroovyShell.java:263)
	at groovy.lang.GroovyShell.run(GroovyShell.java:518)
	at groovy.lang.GroovyShell.run(GroovyShell.java:507)
	at groovy.ui.GroovyMain.processOnce(GroovyMain.java:653)
	at groovy.ui.GroovyMain.run(GroovyMain.java:384)
	at groovy.ui.GroovyMain.process(GroovyMain.java:370)
	at groovy.ui.GroovyMain.processArgs(GroovyMain.java:129)
	at groovy.ui.GroovyMain.main(GroovyMain.java:109)
	at sun.reflect.NativeMethodAccessorImpl.invoke0(Native Method)
	at sun.reflect.NativeMethodAccessorImpl.invoke(NativeMethodAccessorImpl.java:62)
	at sun.reflect.DelegatingMethodAccessorImpl.invoke(DelegatingMethodAccessorImpl.java:43)
	at java.lang.reflect.Method.invoke(Method.java:498)
	at org.codehaus.groovy.tools.GroovyStarter.rootLoader(GroovyStarter.java:109)
	at org.codehaus.groovy.tools.GroovyStarter.main(GroovyStarter.java:131)
)"/>
         <system-out><![CDATA[2018-09-27 10:17:47 - [TEST_CASE][FAILED] - Test Cases/US mobile test/Add a new credit card in Account Settings: Test Cases/US mobile test/Add a new credit card in Account Settings FAILED because (of) (Stack trace: com.kms.katalon.core.exception.StepFailedException: Unable to click on object 'Object Repository/Page_Beauty Box Subscription for Wo/svg_icon__profile (1)' (Root cause: org.openqa.selenium.WebDriverException: unknown error: Element <svg class="icon__svg___cc1CR utilities__block___2NUBz utilities__fullWidth___3kUCi utilities__fullHeight___NZTu9" viewBox="0 0 17 18" fill="none" stroke-width="2" stroke="#1f1f1f">...</svg> is not clickable at point (90, 32). Other element would receive the click: <span>...</span>
  (Session info: chrome=69.0.3497.100)
  (Driver info: chromedriver=2.35.528161 (5b82f2d2aae0ca24b877009200ced9065a772e73),platform=Windows NT 6.1.7601 SP1 x86_64) (WARNING: The server did not provide any stacktrace information)
Command duration or timeout: 0 milliseconds
Build info: version: '3.7.1', revision: '8a0099a', time: '2017-11-06T21:07:36.161Z'
System info: host: 'PLEMKTPLACE-08', ip: '10.241.184.32', os.name: 'Windows 7', os.arch: 'amd64', os.version: '6.1', java.version: '1.8.0_181'
Driver info: com.kms.katalon.selenium.driver.CChromeDriver
Capabilities {acceptInsecureCerts: false, acceptSslCerts: false, applicationCacheEnabled: false, browserConnectionEnabled: false, browserName: chrome, chrome: {chromedriverVersion: 2.35.528161 (5b82f2d2aae0ca..., userDataDir: C:\Users\vbrooks\AppData\Lo...}, cssSelectorsEnabled: true, databaseEnabled: false, handlesAlerts: true, hasTouchScreen: false, javascriptEnabled: true, locationContextEnabled: true, mobileEmulationEnabled: false, nativeEvents: true, networkConnectionEnabled: false, pageLoadStrategy: normal, platform: XP, platformName: XP, rotatable: false, setWindowRect: true, takesHeapSnapshot: true, takesScreenshot: true, unexpectedAlertBehaviour: , unhandledPromptBehavior: , version: 69.0.3497.100, webStorageEnabled: true}
Session ID: 72ec86358b66c8116ce6d6f4818f3380)
	at com.kms.katalon.core.keyword.internal.KeywordMain.stepFailed(KeywordMain.groovy:36)
	at com.kms.katalon.core.webui.keyword.internal.WebUIKeywordMain.stepFailed(WebUIKeywordMain.groovy:65)
	at com.kms.katalon.core.webui.keyword.internal.WebUIKeywordMain.runKeyword(WebUIKeywordMain.groovy:27)
	at com.kms.katalon.core.webui.keyword.builtin.ClickKeyword.click(ClickKeyword.groovy:86)
	at com.kms.katalon.core.webui.keyword.builtin.ClickKeyword.execute(ClickKeyword.groovy:67)
	at com.kms.katalon.core.keyword.internal.KeywordExecutor.executeKeywordForPlatform(KeywordExecutor.groovy:53)
	at com.kms.katalon.core.webui.keyword.WebUiBuiltInKeywords.click(WebUiBuiltInKeywords.groovy:616)
	at com.kms.katalon.core.webui.keyword.WebUiBuiltInKeywords$click$4.call(Unknown Source)
	at org.codehaus.groovy.runtime.callsite.CallSiteArray.defaultCall(CallSiteArray.java:48)
	at org.codehaus.groovy.runtime.callsite.AbstractCallSite.call(AbstractCallSite.java:113)
	at org.codehaus.groovy.runtime.callsite.AbstractCallSite.call(AbstractCallSite.java:125)
	at Script1535492647850.run(Script1535492647850.groovy:28)
	at com.kms.katalon.core.main.ScriptEngine.run(ScriptEngine.java:183)
	at com.kms.katalon.core.main.ScriptEngine.runScriptAsRawText(ScriptEngine.java:108)
	at com.kms.katalon.core.main.TestCaseExecutor.runScript(TestCaseExecutor.java:294)
	at com.kms.katalon.core.main.TestCaseExecutor.doExecute(TestCaseExecutor.java:285)
	at com.kms.katalon.core.main.TestCaseExecutor.processExecutionPhase(TestCaseExecutor.java:264)
	at com.kms.katalon.core.main.TestCaseExecutor.accessMainPhase(TestCaseExecutor.java:256)
	at com.kms.katalon.core.main.TestCaseExecutor.execute(TestCaseExecutor.java:200)
	at com.kms.katalon.core.main.TestSuiteExecutor.accessTestCaseMainPhase(TestSuiteExecutor.java:129)
	at com.kms.katalon.core.main.TestSuiteExecutor.accessTestSuiteMainPhase(TestSuiteExecutor.java:112)
	at com.kms.katalon.core.main.TestSuiteExecutor.execute(TestSuiteExecutor.java:81)
	at com.kms.katalon.core.main.TestCaseMain.startTestSuite(TestCaseMain.java:142)
	at com.kms.katalon.core.main.TestCaseMain$startTestSuite$0.call(Unknown Source)
	at org.codehaus.groovy.runtime.callsite.CallSiteArray.defaultCall(CallSiteArray.java:48)
	at org.codehaus.groovy.runtime.callsite.AbstractCallSite.call(AbstractCallSite.java:113)
	at org.codehaus.groovy.runtime.callsite.AbstractCallSite.call(AbstractCallSite.java:141)
	at TempTestSuite1538067597028.run(TempTestSuite1538067597028.groovy:36)
	at groovy.lang.GroovyShell.runScriptOrMainOrTestOrRunnable(GroovyShell.java:263)
	at groovy.lang.GroovyShell.run(GroovyShell.java:518)
	at groovy.lang.GroovyShell.run(GroovyShell.java:507)
	at groovy.ui.GroovyMain.processOnce(GroovyMain.java:653)
	at groovy.ui.GroovyMain.run(GroovyMain.java:384)
	at groovy.ui.GroovyMain.process(GroovyMain.java:370)
	at groovy.ui.GroovyMain.processArgs(GroovyMain.java:129)
	at groovy.ui.GroovyMain.main(GroovyMain.java:109)
	at sun.reflect.NativeMethodAccessorImpl.invoke0(Native Method)
	at sun.reflect.NativeMethodAccessorImpl.invoke(NativeMethodAccessorImpl.java:62)
	at sun.reflect.DelegatingMethodAccessorImpl.invoke(DelegatingMethodAccessorImpl.java:43)
	at java.lang.reflect.Method.invoke(Method.java:498)
	at org.codehaus.groovy.tools.GroovyStarter.rootLoader(GroovyStarter.java:109)
	at org.codehaus.groovy.tools.GroovyStarter.main(GroovyStarter.java:131)
)

2018-09-27 10:17:47 - [TEST_STEP][NOT_RUN] - callTestCase: NOT_RUN: callTestCase

2018-09-27 10:17:47 - [MESSAGE][NOT_RUN] - NOT_RUN: callTestCase

2018-09-27 10:17:47 - [TEST_STEP][PASSED] - waitForElementClickable: Object 'Object Repository/Page_Beauty Box Subscription for Wo/svg_icon__profile (1)' is clickable

2018-09-27 10:17:47 - [MESSAGE][WARNING] - Timeout '0' is invalid. Using default page load timeout: '90'

2018-09-27 10:17:47 - [MESSAGE][PASSED] - Object 'Object Repository/Page_Beauty Box Subscription for Wo/svg_icon__profile (1)' is clickable

2018-09-27 10:17:47 - [TEST_STEP][FAILED] - click: Unable to click on object 'Object Repository/Page_Beauty Box Subscription for Wo/svg_icon__profile (1)' (Root cause: org.openqa.selenium.WebDriverException: unknown error: Element <svg class="icon__svg___cc1CR utilities__block___2NUBz utilities__fullWidth___3kUCi utilities__fullHeight___NZTu9" viewBox="0 0 17 18" fill="none" stroke-width="2" stroke="#1f1f1f">...</svg> is not clickable at point (90, 32). Other element would receive the click: <span>...</span>
  (Session info: chrome=69.0.3497.100)
  (Driver info: chromedriver=2.35.528161 (5b82f2d2aae0ca24b877009200ced9065a772e73),platform=Windows NT 6.1.7601 SP1 x86_64) (WARNING: The server did not provide any stacktrace information)
Command duration or timeout: 0 milliseconds
Build info: version: '3.7.1', revision: '8a0099a', time: '2017-11-06T21:07:36.161Z'
System info: host: 'PLEMKTPLACE-08', ip: '10.241.184.32', os.name: 'Windows 7', os.arch: 'amd64', os.version: '6.1', java.version: '1.8.0_181'
Driver info: com.kms.katalon.selenium.driver.CChromeDriver
Capabilities {acceptInsecureCerts: false, acceptSslCerts: false, applicationCacheEnabled: false, browserConnectionEnabled: false, browserName: chrome, chrome: {chromedriverVersion: 2.35.528161 (5b82f2d2aae0ca..., userDataDir: C:\Users\vbrooks\AppData\Lo...}, cssSelectorsEnabled: true, databaseEnabled: false, handlesAlerts: true, hasTouchScreen: false, javascriptEnabled: true, locationContextEnabled: true, mobileEmulationEnabled: false, nativeEvents: true, networkConnectionEnabled: false, pageLoadStrategy: normal, platform: XP, platformName: XP, rotatable: false, setWindowRect: true, takesHeapSnapshot: true, takesScreenshot: true, unexpectedAlertBehaviour: , unhandledPromptBehavior: , version: 69.0.3497.100, webStorageEnabled: true}
Session ID: 72ec86358b66c8116ce6d6f4818f3380)

2018-09-27 10:17:47 - [MESSAGE][FAILED] - Unable to click on object 'Object Repository/Page_Beauty Box Subscription for Wo/svg_icon__profile (1)' (Root cause: org.openqa.selenium.WebDriverException: unknown error: Element <svg class="icon__svg___cc1CR utilities__block___2NUBz utilities__fullWidth___3kUCi utilities__fullHeight___NZTu9" viewBox="0 0 17 18" fill="none" stroke-width="2" stroke="#1f1f1f">...</svg> is not clickable at point (90, 32). Other element would receive the click: <span>...</span>
  (Session info: chrome=69.0.3497.100)
  (Driver info: chromedriver=2.35.528161 (5b82f2d2aae0ca24b877009200ced9065a772e73),platform=Windows NT 6.1.7601 SP1 x86_64) (WARNING: The server did not provide any stacktrace information)
Command duration or timeout: 0 milliseconds
Build info: version: '3.7.1', revision: '8a0099a', time: '2017-11-06T21:07:36.161Z'
System info: host: 'PLEMKTPLACE-08', ip: '10.241.184.32', os.name: 'Windows 7', os.arch: 'amd64', os.version: '6.1', java.version: '1.8.0_181'
Driver info: com.kms.katalon.selenium.driver.CChromeDriver
Capabilities {acceptInsecureCerts: false, acceptSslCerts: false, applicationCacheEnabled: false, browserConnectionEnabled: false, browserName: chrome, chrome: {chromedriverVersion: 2.35.528161 (5b82f2d2aae0ca..., userDataDir: C:\Users\vbrooks\AppData\Lo...}, cssSelectorsEnabled: true, databaseEnabled: false, handlesAlerts: true, hasTouchScreen: false, javascriptEnabled: true, locationContextEnabled: true, mobileEmulationEnabled: false, nativeEvents: true, networkConnectionEnabled: false, pageLoadStrategy: normal, platform: XP, platformName: XP, rotatable: false, setWindowRect: true, takesHeapSnapshot: true, takesScreenshot: true, unexpectedAlertBehaviour: , unhandledPromptBehavior: , version: 69.0.3497.100, webStorageEnabled: true}
Session ID: 72ec86358b66c8116ce6d6f4818f3380)]]></system-out>
         <system-err><![CDATA[2018-09-27 10:17:47 - [TEST_CASE][FAILED] - Test Cases/US mobile test/Add a new credit card in Account Settings: Test Cases/US mobile test/Add a new credit card in Account Settings FAILED because (of) (Stack trace: com.kms.katalon.core.exception.StepFailedException: Unable to click on object 'Object Repository/Page_Beauty Box Subscription for Wo/svg_icon__profile (1)' (Root cause: org.openqa.selenium.WebDriverException: unknown error: Element <svg class="icon__svg___cc1CR utilities__block___2NUBz utilities__fullWidth___3kUCi utilities__fullHeight___NZTu9" viewBox="0 0 17 18" fill="none" stroke-width="2" stroke="#1f1f1f">...</svg> is not clickable at point (90, 32). Other element would receive the click: <span>...</span>
  (Session info: chrome=69.0.3497.100)
  (Driver info: chromedriver=2.35.528161 (5b82f2d2aae0ca24b877009200ced9065a772e73),platform=Windows NT 6.1.7601 SP1 x86_64) (WARNING: The server did not provide any stacktrace information)
Command duration or timeout: 0 milliseconds
Build info: version: '3.7.1', revision: '8a0099a', time: '2017-11-06T21:07:36.161Z'
System info: host: 'PLEMKTPLACE-08', ip: '10.241.184.32', os.name: 'Windows 7', os.arch: 'amd64', os.version: '6.1', java.version: '1.8.0_181'
Driver info: com.kms.katalon.selenium.driver.CChromeDriver
Capabilities {acceptInsecureCerts: false, acceptSslCerts: false, applicationCacheEnabled: false, browserConnectionEnabled: false, browserName: chrome, chrome: {chromedriverVersion: 2.35.528161 (5b82f2d2aae0ca..., userDataDir: C:\Users\vbrooks\AppData\Lo...}, cssSelectorsEnabled: true, databaseEnabled: false, handlesAlerts: true, hasTouchScreen: false, javascriptEnabled: true, locationContextEnabled: true, mobileEmulationEnabled: false, nativeEvents: true, networkConnectionEnabled: false, pageLoadStrategy: normal, platform: XP, platformName: XP, rotatable: false, setWindowRect: true, takesHeapSnapshot: true, takesScreenshot: true, unexpectedAlertBehaviour: , unhandledPromptBehavior: , version: 69.0.3497.100, webStorageEnabled: true}
Session ID: 72ec86358b66c8116ce6d6f4818f3380)
	at com.kms.katalon.core.keyword.internal.KeywordMain.stepFailed(KeywordMain.groovy:36)
	at com.kms.katalon.core.webui.keyword.internal.WebUIKeywordMain.stepFailed(WebUIKeywordMain.groovy:65)
	at com.kms.katalon.core.webui.keyword.internal.WebUIKeywordMain.runKeyword(WebUIKeywordMain.groovy:27)
	at com.kms.katalon.core.webui.keyword.builtin.ClickKeyword.click(ClickKeyword.groovy:86)
	at com.kms.katalon.core.webui.keyword.builtin.ClickKeyword.execute(ClickKeyword.groovy:67)
	at com.kms.katalon.core.keyword.internal.KeywordExecutor.executeKeywordForPlatform(KeywordExecutor.groovy:53)
	at com.kms.katalon.core.webui.keyword.WebUiBuiltInKeywords.click(WebUiBuiltInKeywords.groovy:616)
	at com.kms.katalon.core.webui.keyword.WebUiBuiltInKeywords$click$4.call(Unknown Source)
	at org.codehaus.groovy.runtime.callsite.CallSiteArray.defaultCall(CallSiteArray.java:48)
	at org.codehaus.groovy.runtime.callsite.AbstractCallSite.call(AbstractCallSite.java:113)
	at org.codehaus.groovy.runtime.callsite.AbstractCallSite.call(AbstractCallSite.java:125)
	at Script1535492647850.run(Script1535492647850.groovy:28)
	at com.kms.katalon.core.main.ScriptEngine.run(ScriptEngine.java:183)
	at com.kms.katalon.core.main.ScriptEngine.runScriptAsRawText(ScriptEngine.java:108)
	at com.kms.katalon.core.main.TestCaseExecutor.runScript(TestCaseExecutor.java:294)
	at com.kms.katalon.core.main.TestCaseExecutor.doExecute(TestCaseExecutor.java:285)
	at com.kms.katalon.core.main.TestCaseExecutor.processExecutionPhase(TestCaseExecutor.java:264)
	at com.kms.katalon.core.main.TestCaseExecutor.accessMainPhase(TestCaseExecutor.java:256)
	at com.kms.katalon.core.main.TestCaseExecutor.execute(TestCaseExecutor.java:200)
	at com.kms.katalon.core.main.TestSuiteExecutor.accessTestCaseMainPhase(TestSuiteExecutor.java:129)
	at com.kms.katalon.core.main.TestSuiteExecutor.accessTestSuiteMainPhase(TestSuiteExecutor.java:112)
	at com.kms.katalon.core.main.TestSuiteExecutor.execute(TestSuiteExecutor.java:81)
	at com.kms.katalon.core.main.TestCaseMain.startTestSuite(TestCaseMain.java:142)
	at com.kms.katalon.core.main.TestCaseMain$startTestSuite$0.call(Unknown Source)
	at org.codehaus.groovy.runtime.callsite.CallSiteArray.defaultCall(CallSiteArray.java:48)
	at org.codehaus.groovy.runtime.callsite.AbstractCallSite.call(AbstractCallSite.java:113)
	at org.codehaus.groovy.runtime.callsite.AbstractCallSite.call(AbstractCallSite.java:141)
	at TempTestSuite1538067597028.run(TempTestSuite1538067597028.groovy:36)
	at groovy.lang.GroovyShell.runScriptOrMainOrTestOrRunnable(GroovyShell.java:263)
	at groovy.lang.GroovyShell.run(GroovyShell.java:518)
	at groovy.lang.GroovyShell.run(GroovyShell.java:507)
	at groovy.ui.GroovyMain.processOnce(GroovyMain.java:653)
	at groovy.ui.GroovyMain.run(GroovyMain.java:384)
	at groovy.ui.GroovyMain.process(GroovyMain.java:370)
	at groovy.ui.GroovyMain.processArgs(GroovyMain.java:129)
	at groovy.ui.GroovyMain.main(GroovyMain.java:109)
	at sun.reflect.NativeMethodAccessorImpl.invoke0(Native Method)
	at sun.reflect.NativeMethodAccessorImpl.invoke(NativeMethodAccessorImpl.java:62)
	at sun.reflect.DelegatingMethodAccessorImpl.invoke(DelegatingMethodAccessorImpl.java:43)
	at java.lang.reflect.Method.invoke(Method.java:498)
	at org.codehaus.groovy.tools.GroovyStarter.rootLoader(GroovyStarter.java:109)
	at org.codehaus.groovy.tools.GroovyStarter.main(GroovyStarter.java:131)
)]]></system-err>
      </testcase>
      <testcase name="Test Cases/US mobile test/Add a new address in Account Settings" classname="Test Cases/US mobile test/Add a new address in Account Settings" status="FAILED">
         <failure type="FAILED" message="(Stack trace: com.kms.katalon.core.exception.StepFailedException: Unable to click on object 'Object Repository/Page_Beauty Box Subscription for Wo/svg_icon__profile (1)' (Root cause: org.openqa.selenium.WebDriverException: unknown error: Element &lt;svg class=&quot;icon__svg___cc1CR utilities__block___2NUBz utilities__fullWidth___3kUCi utilities__fullHeight___NZTu9&quot; viewBox=&quot;0 0 17 18&quot; fill=&quot;none&quot; stroke-width=&quot;2&quot; stroke=&quot;#1f1f1f&quot;>...&lt;/svg> is not clickable at point (90, 32). Other element would receive the click: &lt;span>...&lt;/span>
  (Session info: chrome=69.0.3497.100)
  (Driver info: chromedriver=2.35.528161 (5b82f2d2aae0ca24b877009200ced9065a772e73),platform=Windows NT 6.1.7601 SP1 x86_64) (WARNING: The server did not provide any stacktrace information)
Command duration or timeout: 0 milliseconds
Build info: version: '3.7.1', revision: '8a0099a', time: '2017-11-06T21:07:36.161Z'
System info: host: 'PLEMKTPLACE-08', ip: '10.241.184.32', os.name: 'Windows 7', os.arch: 'amd64', os.version: '6.1', java.version: '1.8.0_181'
Driver info: com.kms.katalon.selenium.driver.CChromeDriver
Capabilities {acceptInsecureCerts: false, acceptSslCerts: false, applicationCacheEnabled: false, browserConnectionEnabled: false, browserName: chrome, chrome: {chromedriverVersion: 2.35.528161 (5b82f2d2aae0ca..., userDataDir: C:\Users\vbrooks\AppData\Lo...}, cssSelectorsEnabled: true, databaseEnabled: false, handlesAlerts: true, hasTouchScreen: false, javascriptEnabled: true, locationContextEnabled: true, mobileEmulationEnabled: false, nativeEvents: true, networkConnectionEnabled: false, pageLoadStrategy: normal, platform: XP, platformName: XP, rotatable: false, setWindowRect: true, takesHeapSnapshot: true, takesScreenshot: true, unexpectedAlertBehaviour: , unhandledPromptBehavior: , version: 69.0.3497.100, webStorageEnabled: true}
Session ID: 72ec86358b66c8116ce6d6f4818f3380)
	at com.kms.katalon.core.keyword.internal.KeywordMain.stepFailed(KeywordMain.groovy:36)
	at com.kms.katalon.core.webui.keyword.internal.WebUIKeywordMain.stepFailed(WebUIKeywordMain.groovy:65)
	at com.kms.katalon.core.webui.keyword.internal.WebUIKeywordMain.runKeyword(WebUIKeywordMain.groovy:27)
	at com.kms.katalon.core.webui.keyword.builtin.ClickKeyword.click(ClickKeyword.groovy:86)
	at com.kms.katalon.core.webui.keyword.builtin.ClickKeyword.execute(ClickKeyword.groovy:67)
	at com.kms.katalon.core.keyword.internal.KeywordExecutor.executeKeywordForPlatform(KeywordExecutor.groovy:53)
	at com.kms.katalon.core.webui.keyword.WebUiBuiltInKeywords.click(WebUiBuiltInKeywords.groovy:616)
	at com.kms.katalon.core.webui.keyword.WebUiBuiltInKeywords$click$4.call(Unknown Source)
	at org.codehaus.groovy.runtime.callsite.CallSiteArray.defaultCall(CallSiteArray.java:48)
	at org.codehaus.groovy.runtime.callsite.AbstractCallSite.call(AbstractCallSite.java:113)
	at org.codehaus.groovy.runtime.callsite.AbstractCallSite.call(AbstractCallSite.java:125)
	at Script1535492682532.run(Script1535492682532.groovy:29)
	at com.kms.katalon.core.main.ScriptEngine.run(ScriptEngine.java:183)
	at com.kms.katalon.core.main.ScriptEngine.runScriptAsRawText(ScriptEngine.java:108)
	at com.kms.katalon.core.main.TestCaseExecutor.runScript(TestCaseExecutor.java:294)
	at com.kms.katalon.core.main.TestCaseExecutor.doExecute(TestCaseExecutor.java:285)
	at com.kms.katalon.core.main.TestCaseExecutor.processExecutionPhase(TestCaseExecutor.java:264)
	at com.kms.katalon.core.main.TestCaseExecutor.accessMainPhase(TestCaseExecutor.java:256)
	at com.kms.katalon.core.main.TestCaseExecutor.execute(TestCaseExecutor.java:200)
	at com.kms.katalon.core.main.TestSuiteExecutor.accessTestCaseMainPhase(TestSuiteExecutor.java:129)
	at com.kms.katalon.core.main.TestSuiteExecutor.accessTestSuiteMainPhase(TestSuiteExecutor.java:112)
	at com.kms.katalon.core.main.TestSuiteExecutor.execute(TestSuiteExecutor.java:81)
	at com.kms.katalon.core.main.TestCaseMain.startTestSuite(TestCaseMain.java:142)
	at com.kms.katalon.core.main.TestCaseMain$startTestSuite$0.call(Unknown Source)
	at org.codehaus.groovy.runtime.callsite.CallSiteArray.defaultCall(CallSiteArray.java:48)
	at org.codehaus.groovy.runtime.callsite.AbstractCallSite.call(AbstractCallSite.java:113)
	at org.codehaus.groovy.runtime.callsite.AbstractCallSite.call(AbstractCallSite.java:141)
	at TempTestSuite1538067597028.run(TempTestSuite1538067597028.groovy:36)
	at groovy.lang.GroovyShell.runScriptOrMainOrTestOrRunnable(GroovyShell.java:263)
	at groovy.lang.GroovyShell.run(GroovyShell.java:518)
	at groovy.lang.GroovyShell.run(GroovyShell.java:507)
	at groovy.ui.GroovyMain.processOnce(GroovyMain.java:653)
	at groovy.ui.GroovyMain.run(GroovyMain.java:384)
	at groovy.ui.GroovyMain.process(GroovyMain.java:370)
	at groovy.ui.GroovyMain.processArgs(GroovyMain.java:129)
	at groovy.ui.GroovyMain.main(GroovyMain.java:109)
	at sun.reflect.NativeMethodAccessorImpl.invoke0(Native Method)
	at sun.reflect.NativeMethodAccessorImpl.invoke(NativeMethodAccessorImpl.java:62)
	at sun.reflect.DelegatingMethodAccessorImpl.invoke(DelegatingMethodAccessorImpl.java:43)
	at java.lang.reflect.Method.invoke(Method.java:498)
	at org.codehaus.groovy.tools.GroovyStarter.rootLoader(GroovyStarter.java:109)
	at org.codehaus.groovy.tools.GroovyStarter.main(GroovyStarter.java:131)
)"/>
         <system-out><![CDATA[2018-09-27 10:17:47 - [TEST_CASE][FAILED] - Test Cases/US mobile test/Add a new address in Account Settings: Test Cases/US mobile test/Add a new address in Account Settings FAILED because (of) (Stack trace: com.kms.katalon.core.exception.StepFailedException: Unable to click on object 'Object Repository/Page_Beauty Box Subscription for Wo/svg_icon__profile (1)' (Root cause: org.openqa.selenium.WebDriverException: unknown error: Element <svg class="icon__svg___cc1CR utilities__block___2NUBz utilities__fullWidth___3kUCi utilities__fullHeight___NZTu9" viewBox="0 0 17 18" fill="none" stroke-width="2" stroke="#1f1f1f">...</svg> is not clickable at point (90, 32). Other element would receive the click: <span>...</span>
  (Session info: chrome=69.0.3497.100)
  (Driver info: chromedriver=2.35.528161 (5b82f2d2aae0ca24b877009200ced9065a772e73),platform=Windows NT 6.1.7601 SP1 x86_64) (WARNING: The server did not provide any stacktrace information)
Command duration or timeout: 0 milliseconds
Build info: version: '3.7.1', revision: '8a0099a', time: '2017-11-06T21:07:36.161Z'
System info: host: 'PLEMKTPLACE-08', ip: '10.241.184.32', os.name: 'Windows 7', os.arch: 'amd64', os.version: '6.1', java.version: '1.8.0_181'
Driver info: com.kms.katalon.selenium.driver.CChromeDriver
Capabilities {acceptInsecureCerts: false, acceptSslCerts: false, applicationCacheEnabled: false, browserConnectionEnabled: false, browserName: chrome, chrome: {chromedriverVersion: 2.35.528161 (5b82f2d2aae0ca..., userDataDir: C:\Users\vbrooks\AppData\Lo...}, cssSelectorsEnabled: true, databaseEnabled: false, handlesAlerts: true, hasTouchScreen: false, javascriptEnabled: true, locationContextEnabled: true, mobileEmulationEnabled: false, nativeEvents: true, networkConnectionEnabled: false, pageLoadStrategy: normal, platform: XP, platformName: XP, rotatable: false, setWindowRect: true, takesHeapSnapshot: true, takesScreenshot: true, unexpectedAlertBehaviour: , unhandledPromptBehavior: , version: 69.0.3497.100, webStorageEnabled: true}
Session ID: 72ec86358b66c8116ce6d6f4818f3380)
	at com.kms.katalon.core.keyword.internal.KeywordMain.stepFailed(KeywordMain.groovy:36)
	at com.kms.katalon.core.webui.keyword.internal.WebUIKeywordMain.stepFailed(WebUIKeywordMain.groovy:65)
	at com.kms.katalon.core.webui.keyword.internal.WebUIKeywordMain.runKeyword(WebUIKeywordMain.groovy:27)
	at com.kms.katalon.core.webui.keyword.builtin.ClickKeyword.click(ClickKeyword.groovy:86)
	at com.kms.katalon.core.webui.keyword.builtin.ClickKeyword.execute(ClickKeyword.groovy:67)
	at com.kms.katalon.core.keyword.internal.KeywordExecutor.executeKeywordForPlatform(KeywordExecutor.groovy:53)
	at com.kms.katalon.core.webui.keyword.WebUiBuiltInKeywords.click(WebUiBuiltInKeywords.groovy:616)
	at com.kms.katalon.core.webui.keyword.WebUiBuiltInKeywords$click$4.call(Unknown Source)
	at org.codehaus.groovy.runtime.callsite.CallSiteArray.defaultCall(CallSiteArray.java:48)
	at org.codehaus.groovy.runtime.callsite.AbstractCallSite.call(AbstractCallSite.java:113)
	at org.codehaus.groovy.runtime.callsite.AbstractCallSite.call(AbstractCallSite.java:125)
	at Script1535492682532.run(Script1535492682532.groovy:29)
	at com.kms.katalon.core.main.ScriptEngine.run(ScriptEngine.java:183)
	at com.kms.katalon.core.main.ScriptEngine.runScriptAsRawText(ScriptEngine.java:108)
	at com.kms.katalon.core.main.TestCaseExecutor.runScript(TestCaseExecutor.java:294)
	at com.kms.katalon.core.main.TestCaseExecutor.doExecute(TestCaseExecutor.java:285)
	at com.kms.katalon.core.main.TestCaseExecutor.processExecutionPhase(TestCaseExecutor.java:264)
	at com.kms.katalon.core.main.TestCaseExecutor.accessMainPhase(TestCaseExecutor.java:256)
	at com.kms.katalon.core.main.TestCaseExecutor.execute(TestCaseExecutor.java:200)
	at com.kms.katalon.core.main.TestSuiteExecutor.accessTestCaseMainPhase(TestSuiteExecutor.java:129)
	at com.kms.katalon.core.main.TestSuiteExecutor.accessTestSuiteMainPhase(TestSuiteExecutor.java:112)
	at com.kms.katalon.core.main.TestSuiteExecutor.execute(TestSuiteExecutor.java:81)
	at com.kms.katalon.core.main.TestCaseMain.startTestSuite(TestCaseMain.java:142)
	at com.kms.katalon.core.main.TestCaseMain$startTestSuite$0.call(Unknown Source)
	at org.codehaus.groovy.runtime.callsite.CallSiteArray.defaultCall(CallSiteArray.java:48)
	at org.codehaus.groovy.runtime.callsite.AbstractCallSite.call(AbstractCallSite.java:113)
	at org.codehaus.groovy.runtime.callsite.AbstractCallSite.call(AbstractCallSite.java:141)
	at TempTestSuite1538067597028.run(TempTestSuite1538067597028.groovy:36)
	at groovy.lang.GroovyShell.runScriptOrMainOrTestOrRunnable(GroovyShell.java:263)
	at groovy.lang.GroovyShell.run(GroovyShell.java:518)
	at groovy.lang.GroovyShell.run(GroovyShell.java:507)
	at groovy.ui.GroovyMain.processOnce(GroovyMain.java:653)
	at groovy.ui.GroovyMain.run(GroovyMain.java:384)
	at groovy.ui.GroovyMain.process(GroovyMain.java:370)
	at groovy.ui.GroovyMain.processArgs(GroovyMain.java:129)
	at groovy.ui.GroovyMain.main(GroovyMain.java:109)
	at sun.reflect.NativeMethodAccessorImpl.invoke0(Native Method)
	at sun.reflect.NativeMethodAccessorImpl.invoke(NativeMethodAccessorImpl.java:62)
	at sun.reflect.DelegatingMethodAccessorImpl.invoke(DelegatingMethodAccessorImpl.java:43)
	at java.lang.reflect.Method.invoke(Method.java:498)
	at org.codehaus.groovy.tools.GroovyStarter.rootLoader(GroovyStarter.java:109)
	at org.codehaus.groovy.tools.GroovyStarter.main(GroovyStarter.java:131)
)

2018-09-27 10:17:48 - [TEST_STEP][NOT_RUN] - callTestCase: NOT_RUN: callTestCase

2018-09-27 10:17:48 - [MESSAGE][NOT_RUN] - NOT_RUN: callTestCase

2018-09-27 10:17:48 - [TEST_STEP][PASSED] - waitForElementClickable: Object 'Object Repository/Page_Beauty Box Subscription for Wo/svg_icon__profile (1)' is clickable

2018-09-27 10:17:48 - [MESSAGE][WARNING] - Timeout '0' is invalid. Using default page load timeout: '90'

2018-09-27 10:17:48 - [MESSAGE][PASSED] - Object 'Object Repository/Page_Beauty Box Subscription for Wo/svg_icon__profile (1)' is clickable

2018-09-27 10:17:48 - [TEST_STEP][FAILED] - click: Unable to click on object 'Object Repository/Page_Beauty Box Subscription for Wo/svg_icon__profile (1)' (Root cause: org.openqa.selenium.WebDriverException: unknown error: Element <svg class="icon__svg___cc1CR utilities__block___2NUBz utilities__fullWidth___3kUCi utilities__fullHeight___NZTu9" viewBox="0 0 17 18" fill="none" stroke-width="2" stroke="#1f1f1f">...</svg> is not clickable at point (90, 32). Other element would receive the click: <span>...</span>
  (Session info: chrome=69.0.3497.100)
  (Driver info: chromedriver=2.35.528161 (5b82f2d2aae0ca24b877009200ced9065a772e73),platform=Windows NT 6.1.7601 SP1 x86_64) (WARNING: The server did not provide any stacktrace information)
Command duration or timeout: 0 milliseconds
Build info: version: '3.7.1', revision: '8a0099a', time: '2017-11-06T21:07:36.161Z'
System info: host: 'PLEMKTPLACE-08', ip: '10.241.184.32', os.name: 'Windows 7', os.arch: 'amd64', os.version: '6.1', java.version: '1.8.0_181'
Driver info: com.kms.katalon.selenium.driver.CChromeDriver
Capabilities {acceptInsecureCerts: false, acceptSslCerts: false, applicationCacheEnabled: false, browserConnectionEnabled: false, browserName: chrome, chrome: {chromedriverVersion: 2.35.528161 (5b82f2d2aae0ca..., userDataDir: C:\Users\vbrooks\AppData\Lo...}, cssSelectorsEnabled: true, databaseEnabled: false, handlesAlerts: true, hasTouchScreen: false, javascriptEnabled: true, locationContextEnabled: true, mobileEmulationEnabled: false, nativeEvents: true, networkConnectionEnabled: false, pageLoadStrategy: normal, platform: XP, platformName: XP, rotatable: false, setWindowRect: true, takesHeapSnapshot: true, takesScreenshot: true, unexpectedAlertBehaviour: , unhandledPromptBehavior: , version: 69.0.3497.100, webStorageEnabled: true}
Session ID: 72ec86358b66c8116ce6d6f4818f3380)

2018-09-27 10:17:48 - [MESSAGE][FAILED] - Unable to click on object 'Object Repository/Page_Beauty Box Subscription for Wo/svg_icon__profile (1)' (Root cause: org.openqa.selenium.WebDriverException: unknown error: Element <svg class="icon__svg___cc1CR utilities__block___2NUBz utilities__fullWidth___3kUCi utilities__fullHeight___NZTu9" viewBox="0 0 17 18" fill="none" stroke-width="2" stroke="#1f1f1f">...</svg> is not clickable at point (90, 32). Other element would receive the click: <span>...</span>
  (Session info: chrome=69.0.3497.100)
  (Driver info: chromedriver=2.35.528161 (5b82f2d2aae0ca24b877009200ced9065a772e73),platform=Windows NT 6.1.7601 SP1 x86_64) (WARNING: The server did not provide any stacktrace information)
Command duration or timeout: 0 milliseconds
Build info: version: '3.7.1', revision: '8a0099a', time: '2017-11-06T21:07:36.161Z'
System info: host: 'PLEMKTPLACE-08', ip: '10.241.184.32', os.name: 'Windows 7', os.arch: 'amd64', os.version: '6.1', java.version: '1.8.0_181'
Driver info: com.kms.katalon.selenium.driver.CChromeDriver
Capabilities {acceptInsecureCerts: false, acceptSslCerts: false, applicationCacheEnabled: false, browserConnectionEnabled: false, browserName: chrome, chrome: {chromedriverVersion: 2.35.528161 (5b82f2d2aae0ca..., userDataDir: C:\Users\vbrooks\AppData\Lo...}, cssSelectorsEnabled: true, databaseEnabled: false, handlesAlerts: true, hasTouchScreen: false, javascriptEnabled: true, locationContextEnabled: true, mobileEmulationEnabled: false, nativeEvents: true, networkConnectionEnabled: false, pageLoadStrategy: normal, platform: XP, platformName: XP, rotatable: false, setWindowRect: true, takesHeapSnapshot: true, takesScreenshot: true, unexpectedAlertBehaviour: , unhandledPromptBehavior: , version: 69.0.3497.100, webStorageEnabled: true}
Session ID: 72ec86358b66c8116ce6d6f4818f3380)]]></system-out>
         <system-err><![CDATA[2018-09-27 10:17:47 - [TEST_CASE][FAILED] - Test Cases/US mobile test/Add a new address in Account Settings: Test Cases/US mobile test/Add a new address in Account Settings FAILED because (of) (Stack trace: com.kms.katalon.core.exception.StepFailedException: Unable to click on object 'Object Repository/Page_Beauty Box Subscription for Wo/svg_icon__profile (1)' (Root cause: org.openqa.selenium.WebDriverException: unknown error: Element <svg class="icon__svg___cc1CR utilities__block___2NUBz utilities__fullWidth___3kUCi utilities__fullHeight___NZTu9" viewBox="0 0 17 18" fill="none" stroke-width="2" stroke="#1f1f1f">...</svg> is not clickable at point (90, 32). Other element would receive the click: <span>...</span>
  (Session info: chrome=69.0.3497.100)
  (Driver info: chromedriver=2.35.528161 (5b82f2d2aae0ca24b877009200ced9065a772e73),platform=Windows NT 6.1.7601 SP1 x86_64) (WARNING: The server did not provide any stacktrace information)
Command duration or timeout: 0 milliseconds
Build info: version: '3.7.1', revision: '8a0099a', time: '2017-11-06T21:07:36.161Z'
System info: host: 'PLEMKTPLACE-08', ip: '10.241.184.32', os.name: 'Windows 7', os.arch: 'amd64', os.version: '6.1', java.version: '1.8.0_181'
Driver info: com.kms.katalon.selenium.driver.CChromeDriver
Capabilities {acceptInsecureCerts: false, acceptSslCerts: false, applicationCacheEnabled: false, browserConnectionEnabled: false, browserName: chrome, chrome: {chromedriverVersion: 2.35.528161 (5b82f2d2aae0ca..., userDataDir: C:\Users\vbrooks\AppData\Lo...}, cssSelectorsEnabled: true, databaseEnabled: false, handlesAlerts: true, hasTouchScreen: false, javascriptEnabled: true, locationContextEnabled: true, mobileEmulationEnabled: false, nativeEvents: true, networkConnectionEnabled: false, pageLoadStrategy: normal, platform: XP, platformName: XP, rotatable: false, setWindowRect: true, takesHeapSnapshot: true, takesScreenshot: true, unexpectedAlertBehaviour: , unhandledPromptBehavior: , version: 69.0.3497.100, webStorageEnabled: true}
Session ID: 72ec86358b66c8116ce6d6f4818f3380)
	at com.kms.katalon.core.keyword.internal.KeywordMain.stepFailed(KeywordMain.groovy:36)
	at com.kms.katalon.core.webui.keyword.internal.WebUIKeywordMain.stepFailed(WebUIKeywordMain.groovy:65)
	at com.kms.katalon.core.webui.keyword.internal.WebUIKeywordMain.runKeyword(WebUIKeywordMain.groovy:27)
	at com.kms.katalon.core.webui.keyword.builtin.ClickKeyword.click(ClickKeyword.groovy:86)
	at com.kms.katalon.core.webui.keyword.builtin.ClickKeyword.execute(ClickKeyword.groovy:67)
	at com.kms.katalon.core.keyword.internal.KeywordExecutor.executeKeywordForPlatform(KeywordExecutor.groovy:53)
	at com.kms.katalon.core.webui.keyword.WebUiBuiltInKeywords.click(WebUiBuiltInKeywords.groovy:616)
	at com.kms.katalon.core.webui.keyword.WebUiBuiltInKeywords$click$4.call(Unknown Source)
	at org.codehaus.groovy.runtime.callsite.CallSiteArray.defaultCall(CallSiteArray.java:48)
	at org.codehaus.groovy.runtime.callsite.AbstractCallSite.call(AbstractCallSite.java:113)
	at org.codehaus.groovy.runtime.callsite.AbstractCallSite.call(AbstractCallSite.java:125)
	at Script1535492682532.run(Script1535492682532.groovy:29)
	at com.kms.katalon.core.main.ScriptEngine.run(ScriptEngine.java:183)
	at com.kms.katalon.core.main.ScriptEngine.runScriptAsRawText(ScriptEngine.java:108)
	at com.kms.katalon.core.main.TestCaseExecutor.runScript(TestCaseExecutor.java:294)
	at com.kms.katalon.core.main.TestCaseExecutor.doExecute(TestCaseExecutor.java:285)
	at com.kms.katalon.core.main.TestCaseExecutor.processExecutionPhase(TestCaseExecutor.java:264)
	at com.kms.katalon.core.main.TestCaseExecutor.accessMainPhase(TestCaseExecutor.java:256)
	at com.kms.katalon.core.main.TestCaseExecutor.execute(TestCaseExecutor.java:200)
	at com.kms.katalon.core.main.TestSuiteExecutor.accessTestCaseMainPhase(TestSuiteExecutor.java:129)
	at com.kms.katalon.core.main.TestSuiteExecutor.accessTestSuiteMainPhase(TestSuiteExecutor.java:112)
	at com.kms.katalon.core.main.TestSuiteExecutor.execute(TestSuiteExecutor.java:81)
	at com.kms.katalon.core.main.TestCaseMain.startTestSuite(TestCaseMain.java:142)
	at com.kms.katalon.core.main.TestCaseMain$startTestSuite$0.call(Unknown Source)
	at org.codehaus.groovy.runtime.callsite.CallSiteArray.defaultCall(CallSiteArray.java:48)
	at org.codehaus.groovy.runtime.callsite.AbstractCallSite.call(AbstractCallSite.java:113)
	at org.codehaus.groovy.runtime.callsite.AbstractCallSite.call(AbstractCallSite.java:141)
	at TempTestSuite1538067597028.run(TempTestSuite1538067597028.groovy:36)
	at groovy.lang.GroovyShell.runScriptOrMainOrTestOrRunnable(GroovyShell.java:263)
	at groovy.lang.GroovyShell.run(GroovyShell.java:518)
	at groovy.lang.GroovyShell.run(GroovyShell.java:507)
	at groovy.ui.GroovyMain.processOnce(GroovyMain.java:653)
	at groovy.ui.GroovyMain.run(GroovyMain.java:384)
	at groovy.ui.GroovyMain.process(GroovyMain.java:370)
	at groovy.ui.GroovyMain.processArgs(GroovyMain.java:129)
	at groovy.ui.GroovyMain.main(GroovyMain.java:109)
	at sun.reflect.NativeMethodAccessorImpl.invoke0(Native Method)
	at sun.reflect.NativeMethodAccessorImpl.invoke(NativeMethodAccessorImpl.java:62)
	at sun.reflect.DelegatingMethodAccessorImpl.invoke(DelegatingMethodAccessorImpl.java:43)
	at java.lang.reflect.Method.invoke(Method.java:498)
	at org.codehaus.groovy.tools.GroovyStarter.rootLoader(GroovyStarter.java:109)
	at org.codehaus.groovy.tools.GroovyStarter.main(GroovyStarter.java:131)
)]]></system-err>
      </testcase>
      <testcase name="Test Cases/US mobile test/Test all Shop top-level categories for Womens Shop (Collections)" classname="Test Cases/US mobile test/Test all Shop top-level categories for Womens Shop (Collections)" status="FAILED">
         <failure type="FAILED" message="(Stack trace: com.kms.katalon.core.exception.StepFailedException: Unable to click on object 'Object Repository/Page_Beauty Box Subscription for Wo/svg_icon__hamburger_menu (1)' (Root cause: org.openqa.selenium.WebDriverException: unknown error: Element &lt;svg class=&quot;icon__svg___cc1CR utilities__block___2NUBz utilities__fullWidth___3kUCi utilities__fullHeight___NZTu9&quot; viewBox=&quot;0 0 23 19&quot; fill=&quot;none&quot; stroke=&quot;#1f1f1f&quot; stroke-width=&quot;2&quot; stroke-linecap=&quot;square&quot;>...&lt;/svg> is not clickable at point (29, 32). Other element would receive the click: &lt;path d=&quot;M203.4,372.722l-2.122-2.121-9.677,9.677,2.121,2.121Z&quot; transform=&quot;translate(-191.594 -370.594)&quot;>&lt;/path>
  (Session info: chrome=69.0.3497.100)
  (Driver info: chromedriver=2.35.528161 (5b82f2d2aae0ca24b877009200ced9065a772e73),platform=Windows NT 6.1.7601 SP1 x86_64) (WARNING: The server did not provide any stacktrace information)
Command duration or timeout: 0 milliseconds
Build info: version: '3.7.1', revision: '8a0099a', time: '2017-11-06T21:07:36.161Z'
System info: host: 'PLEMKTPLACE-08', ip: '10.241.184.32', os.name: 'Windows 7', os.arch: 'amd64', os.version: '6.1', java.version: '1.8.0_181'
Driver info: com.kms.katalon.selenium.driver.CChromeDriver
Capabilities {acceptInsecureCerts: false, acceptSslCerts: false, applicationCacheEnabled: false, browserConnectionEnabled: false, browserName: chrome, chrome: {chromedriverVersion: 2.35.528161 (5b82f2d2aae0ca..., userDataDir: C:\Users\vbrooks\AppData\Lo...}, cssSelectorsEnabled: true, databaseEnabled: false, handlesAlerts: true, hasTouchScreen: false, javascriptEnabled: true, locationContextEnabled: true, mobileEmulationEnabled: false, nativeEvents: true, networkConnectionEnabled: false, pageLoadStrategy: normal, platform: XP, platformName: XP, rotatable: false, setWindowRect: true, takesHeapSnapshot: true, takesScreenshot: true, unexpectedAlertBehaviour: , unhandledPromptBehavior: , version: 69.0.3497.100, webStorageEnabled: true}
Session ID: 72ec86358b66c8116ce6d6f4818f3380)
	at com.kms.katalon.core.keyword.internal.KeywordMain.stepFailed(KeywordMain.groovy:36)
	at com.kms.katalon.core.webui.keyword.internal.WebUIKeywordMain.stepFailed(WebUIKeywordMain.groovy:65)
	at com.kms.katalon.core.webui.keyword.internal.WebUIKeywordMain.runKeyword(WebUIKeywordMain.groovy:27)
	at com.kms.katalon.core.webui.keyword.builtin.ClickKeyword.click(ClickKeyword.groovy:86)
	at com.kms.katalon.core.webui.keyword.builtin.ClickKeyword.execute(ClickKeyword.groovy:67)
	at com.kms.katalon.core.keyword.internal.KeywordExecutor.executeKeywordForPlatform(KeywordExecutor.groovy:53)
	at com.kms.katalon.core.webui.keyword.WebUiBuiltInKeywords.click(WebUiBuiltInKeywords.groovy:616)
	at com.kms.katalon.core.webui.keyword.WebUiBuiltInKeywords$click$4.call(Unknown Source)
	at org.codehaus.groovy.runtime.callsite.CallSiteArray.defaultCall(CallSiteArray.java:48)
	at org.codehaus.groovy.runtime.callsite.AbstractCallSite.call(AbstractCallSite.java:113)
	at org.codehaus.groovy.runtime.callsite.AbstractCallSite.call(AbstractCallSite.java:125)
	at Script1536614233195.run(Script1536614233195.groovy:20)
	at com.kms.katalon.core.main.ScriptEngine.run(ScriptEngine.java:183)
	at com.kms.katalon.core.main.ScriptEngine.runScriptAsRawText(ScriptEngine.java:108)
	at com.kms.katalon.core.main.TestCaseExecutor.runScript(TestCaseExecutor.java:294)
	at com.kms.katalon.core.main.TestCaseExecutor.doExecute(TestCaseExecutor.java:285)
	at com.kms.katalon.core.main.TestCaseExecutor.processExecutionPhase(TestCaseExecutor.java:264)
	at com.kms.katalon.core.main.TestCaseExecutor.accessMainPhase(TestCaseExecutor.java:256)
	at com.kms.katalon.core.main.TestCaseExecutor.execute(TestCaseExecutor.java:200)
	at com.kms.katalon.core.main.TestSuiteExecutor.accessTestCaseMainPhase(TestSuiteExecutor.java:129)
	at com.kms.katalon.core.main.TestSuiteExecutor.accessTestSuiteMainPhase(TestSuiteExecutor.java:112)
	at com.kms.katalon.core.main.TestSuiteExecutor.execute(TestSuiteExecutor.java:81)
	at com.kms.katalon.core.main.TestCaseMain.startTestSuite(TestCaseMain.java:142)
	at com.kms.katalon.core.main.TestCaseMain$startTestSuite$0.call(Unknown Source)
	at org.codehaus.groovy.runtime.callsite.CallSiteArray.defaultCall(CallSiteArray.java:48)
	at org.codehaus.groovy.runtime.callsite.AbstractCallSite.call(AbstractCallSite.java:113)
	at org.codehaus.groovy.runtime.callsite.AbstractCallSite.call(AbstractCallSite.java:141)
	at TempTestSuite1538067597028.run(TempTestSuite1538067597028.groovy:36)
	at groovy.lang.GroovyShell.runScriptOrMainOrTestOrRunnable(GroovyShell.java:263)
	at groovy.lang.GroovyShell.run(GroovyShell.java:518)
	at groovy.lang.GroovyShell.run(GroovyShell.java:507)
	at groovy.ui.GroovyMain.processOnce(GroovyMain.java:653)
	at groovy.ui.GroovyMain.run(GroovyMain.java:384)
	at groovy.ui.GroovyMain.process(GroovyMain.java:370)
	at groovy.ui.GroovyMain.processArgs(GroovyMain.java:129)
	at groovy.ui.GroovyMain.main(GroovyMain.java:109)
	at sun.reflect.NativeMethodAccessorImpl.invoke0(Native Method)
	at sun.reflect.NativeMethodAccessorImpl.invoke(NativeMethodAccessorImpl.java:62)
	at sun.reflect.DelegatingMethodAccessorImpl.invoke(DelegatingMethodAccessorImpl.java:43)
	at java.lang.reflect.Method.invoke(Method.java:498)
	at org.codehaus.groovy.tools.GroovyStarter.rootLoader(GroovyStarter.java:109)
	at org.codehaus.groovy.tools.GroovyStarter.main(GroovyStarter.java:131)
)"/>
         <system-out><![CDATA[2018-09-27 10:17:48 - [TEST_CASE][FAILED] - Test Cases/US mobile test/Test all Shop top-level categories for Womens Shop (Collections): Test Cases/US mobile test/Test all Shop top-level categories for Womens Shop (Collections) FAILED because (of) (Stack trace: com.kms.katalon.core.exception.StepFailedException: Unable to click on object 'Object Repository/Page_Beauty Box Subscription for Wo/svg_icon__hamburger_menu (1)' (Root cause: org.openqa.selenium.WebDriverException: unknown error: Element <svg class="icon__svg___cc1CR utilities__block___2NUBz utilities__fullWidth___3kUCi utilities__fullHeight___NZTu9" viewBox="0 0 23 19" fill="none" stroke="#1f1f1f" stroke-width="2" stroke-linecap="square">...</svg> is not clickable at point (29, 32). Other element would receive the click: <path d="M203.4,372.722l-2.122-2.121-9.677,9.677,2.121,2.121Z" transform="translate(-191.594 -370.594)"></path>
  (Session info: chrome=69.0.3497.100)
  (Driver info: chromedriver=2.35.528161 (5b82f2d2aae0ca24b877009200ced9065a772e73),platform=Windows NT 6.1.7601 SP1 x86_64) (WARNING: The server did not provide any stacktrace information)
Command duration or timeout: 0 milliseconds
Build info: version: '3.7.1', revision: '8a0099a', time: '2017-11-06T21:07:36.161Z'
System info: host: 'PLEMKTPLACE-08', ip: '10.241.184.32', os.name: 'Windows 7', os.arch: 'amd64', os.version: '6.1', java.version: '1.8.0_181'
Driver info: com.kms.katalon.selenium.driver.CChromeDriver
Capabilities {acceptInsecureCerts: false, acceptSslCerts: false, applicationCacheEnabled: false, browserConnectionEnabled: false, browserName: chrome, chrome: {chromedriverVersion: 2.35.528161 (5b82f2d2aae0ca..., userDataDir: C:\Users\vbrooks\AppData\Lo...}, cssSelectorsEnabled: true, databaseEnabled: false, handlesAlerts: true, hasTouchScreen: false, javascriptEnabled: true, locationContextEnabled: true, mobileEmulationEnabled: false, nativeEvents: true, networkConnectionEnabled: false, pageLoadStrategy: normal, platform: XP, platformName: XP, rotatable: false, setWindowRect: true, takesHeapSnapshot: true, takesScreenshot: true, unexpectedAlertBehaviour: , unhandledPromptBehavior: , version: 69.0.3497.100, webStorageEnabled: true}
Session ID: 72ec86358b66c8116ce6d6f4818f3380)
	at com.kms.katalon.core.keyword.internal.KeywordMain.stepFailed(KeywordMain.groovy:36)
	at com.kms.katalon.core.webui.keyword.internal.WebUIKeywordMain.stepFailed(WebUIKeywordMain.groovy:65)
	at com.kms.katalon.core.webui.keyword.internal.WebUIKeywordMain.runKeyword(WebUIKeywordMain.groovy:27)
	at com.kms.katalon.core.webui.keyword.builtin.ClickKeyword.click(ClickKeyword.groovy:86)
	at com.kms.katalon.core.webui.keyword.builtin.ClickKeyword.execute(ClickKeyword.groovy:67)
	at com.kms.katalon.core.keyword.internal.KeywordExecutor.executeKeywordForPlatform(KeywordExecutor.groovy:53)
	at com.kms.katalon.core.webui.keyword.WebUiBuiltInKeywords.click(WebUiBuiltInKeywords.groovy:616)
	at com.kms.katalon.core.webui.keyword.WebUiBuiltInKeywords$click$4.call(Unknown Source)
	at org.codehaus.groovy.runtime.callsite.CallSiteArray.defaultCall(CallSiteArray.java:48)
	at org.codehaus.groovy.runtime.callsite.AbstractCallSite.call(AbstractCallSite.java:113)
	at org.codehaus.groovy.runtime.callsite.AbstractCallSite.call(AbstractCallSite.java:125)
	at Script1536614233195.run(Script1536614233195.groovy:20)
	at com.kms.katalon.core.main.ScriptEngine.run(ScriptEngine.java:183)
	at com.kms.katalon.core.main.ScriptEngine.runScriptAsRawText(ScriptEngine.java:108)
	at com.kms.katalon.core.main.TestCaseExecutor.runScript(TestCaseExecutor.java:294)
	at com.kms.katalon.core.main.TestCaseExecutor.doExecute(TestCaseExecutor.java:285)
	at com.kms.katalon.core.main.TestCaseExecutor.processExecutionPhase(TestCaseExecutor.java:264)
	at com.kms.katalon.core.main.TestCaseExecutor.accessMainPhase(TestCaseExecutor.java:256)
	at com.kms.katalon.core.main.TestCaseExecutor.execute(TestCaseExecutor.java:200)
	at com.kms.katalon.core.main.TestSuiteExecutor.accessTestCaseMainPhase(TestSuiteExecutor.java:129)
	at com.kms.katalon.core.main.TestSuiteExecutor.accessTestSuiteMainPhase(TestSuiteExecutor.java:112)
	at com.kms.katalon.core.main.TestSuiteExecutor.execute(TestSuiteExecutor.java:81)
	at com.kms.katalon.core.main.TestCaseMain.startTestSuite(TestCaseMain.java:142)
	at com.kms.katalon.core.main.TestCaseMain$startTestSuite$0.call(Unknown Source)
	at org.codehaus.groovy.runtime.callsite.CallSiteArray.defaultCall(CallSiteArray.java:48)
	at org.codehaus.groovy.runtime.callsite.AbstractCallSite.call(AbstractCallSite.java:113)
	at org.codehaus.groovy.runtime.callsite.AbstractCallSite.call(AbstractCallSite.java:141)
	at TempTestSuite1538067597028.run(TempTestSuite1538067597028.groovy:36)
	at groovy.lang.GroovyShell.runScriptOrMainOrTestOrRunnable(GroovyShell.java:263)
	at groovy.lang.GroovyShell.run(GroovyShell.java:518)
	at groovy.lang.GroovyShell.run(GroovyShell.java:507)
	at groovy.ui.GroovyMain.processOnce(GroovyMain.java:653)
	at groovy.ui.GroovyMain.run(GroovyMain.java:384)
	at groovy.ui.GroovyMain.process(GroovyMain.java:370)
	at groovy.ui.GroovyMain.processArgs(GroovyMain.java:129)
	at groovy.ui.GroovyMain.main(GroovyMain.java:109)
	at sun.reflect.NativeMethodAccessorImpl.invoke0(Native Method)
	at sun.reflect.NativeMethodAccessorImpl.invoke(NativeMethodAccessorImpl.java:62)
	at sun.reflect.DelegatingMethodAccessorImpl.invoke(DelegatingMethodAccessorImpl.java:43)
	at java.lang.reflect.Method.invoke(Method.java:498)
	at org.codehaus.groovy.tools.GroovyStarter.rootLoader(GroovyStarter.java:109)
	at org.codehaus.groovy.tools.GroovyStarter.main(GroovyStarter.java:131)
)

2018-09-27 10:17:48 - [TEST_STEP][NOT_RUN] - callTestCase: NOT_RUN: callTestCase

2018-09-27 10:17:48 - [MESSAGE][NOT_RUN] - NOT_RUN: callTestCase

2018-09-27 10:17:48 - [TEST_STEP][FAILED] - click: Unable to click on object 'Object Repository/Page_Beauty Box Subscription for Wo/svg_icon__hamburger_menu (1)' (Root cause: org.openqa.selenium.WebDriverException: unknown error: Element <svg class="icon__svg___cc1CR utilities__block___2NUBz utilities__fullWidth___3kUCi utilities__fullHeight___NZTu9" viewBox="0 0 23 19" fill="none" stroke="#1f1f1f" stroke-width="2" stroke-linecap="square">...</svg> is not clickable at point (29, 32). Other element would receive the click: <path d="M203.4,372.722l-2.122-2.121-9.677,9.677,2.121,2.121Z" transform="translate(-191.594 -370.594)"></path>
  (Session info: chrome=69.0.3497.100)
  (Driver info: chromedriver=2.35.528161 (5b82f2d2aae0ca24b877009200ced9065a772e73),platform=Windows NT 6.1.7601 SP1 x86_64) (WARNING: The server did not provide any stacktrace information)
Command duration or timeout: 0 milliseconds
Build info: version: '3.7.1', revision: '8a0099a', time: '2017-11-06T21:07:36.161Z'
System info: host: 'PLEMKTPLACE-08', ip: '10.241.184.32', os.name: 'Windows 7', os.arch: 'amd64', os.version: '6.1', java.version: '1.8.0_181'
Driver info: com.kms.katalon.selenium.driver.CChromeDriver
Capabilities {acceptInsecureCerts: false, acceptSslCerts: false, applicationCacheEnabled: false, browserConnectionEnabled: false, browserName: chrome, chrome: {chromedriverVersion: 2.35.528161 (5b82f2d2aae0ca..., userDataDir: C:\Users\vbrooks\AppData\Lo...}, cssSelectorsEnabled: true, databaseEnabled: false, handlesAlerts: true, hasTouchScreen: false, javascriptEnabled: true, locationContextEnabled: true, mobileEmulationEnabled: false, nativeEvents: true, networkConnectionEnabled: false, pageLoadStrategy: normal, platform: XP, platformName: XP, rotatable: false, setWindowRect: true, takesHeapSnapshot: true, takesScreenshot: true, unexpectedAlertBehaviour: , unhandledPromptBehavior: , version: 69.0.3497.100, webStorageEnabled: true}
Session ID: 72ec86358b66c8116ce6d6f4818f3380)

2018-09-27 10:17:48 - [MESSAGE][FAILED] - Unable to click on object 'Object Repository/Page_Beauty Box Subscription for Wo/svg_icon__hamburger_menu (1)' (Root cause: org.openqa.selenium.WebDriverException: unknown error: Element <svg class="icon__svg___cc1CR utilities__block___2NUBz utilities__fullWidth___3kUCi utilities__fullHeight___NZTu9" viewBox="0 0 23 19" fill="none" stroke="#1f1f1f" stroke-width="2" stroke-linecap="square">...</svg> is not clickable at point (29, 32). Other element would receive the click: <path d="M203.4,372.722l-2.122-2.121-9.677,9.677,2.121,2.121Z" transform="translate(-191.594 -370.594)"></path>
  (Session info: chrome=69.0.3497.100)
  (Driver info: chromedriver=2.35.528161 (5b82f2d2aae0ca24b877009200ced9065a772e73),platform=Windows NT 6.1.7601 SP1 x86_64) (WARNING: The server did not provide any stacktrace information)
Command duration or timeout: 0 milliseconds
Build info: version: '3.7.1', revision: '8a0099a', time: '2017-11-06T21:07:36.161Z'
System info: host: 'PLEMKTPLACE-08', ip: '10.241.184.32', os.name: 'Windows 7', os.arch: 'amd64', os.version: '6.1', java.version: '1.8.0_181'
Driver info: com.kms.katalon.selenium.driver.CChromeDriver
Capabilities {acceptInsecureCerts: false, acceptSslCerts: false, applicationCacheEnabled: false, browserConnectionEnabled: false, browserName: chrome, chrome: {chromedriverVersion: 2.35.528161 (5b82f2d2aae0ca..., userDataDir: C:\Users\vbrooks\AppData\Lo...}, cssSelectorsEnabled: true, databaseEnabled: false, handlesAlerts: true, hasTouchScreen: false, javascriptEnabled: true, locationContextEnabled: true, mobileEmulationEnabled: false, nativeEvents: true, networkConnectionEnabled: false, pageLoadStrategy: normal, platform: XP, platformName: XP, rotatable: false, setWindowRect: true, takesHeapSnapshot: true, takesScreenshot: true, unexpectedAlertBehaviour: , unhandledPromptBehavior: , version: 69.0.3497.100, webStorageEnabled: true}
Session ID: 72ec86358b66c8116ce6d6f4818f3380)]]></system-out>
         <system-err><![CDATA[2018-09-27 10:17:48 - [TEST_CASE][FAILED] - Test Cases/US mobile test/Test all Shop top-level categories for Womens Shop (Collections): Test Cases/US mobile test/Test all Shop top-level categories for Womens Shop (Collections) FAILED because (of) (Stack trace: com.kms.katalon.core.exception.StepFailedException: Unable to click on object 'Object Repository/Page_Beauty Box Subscription for Wo/svg_icon__hamburger_menu (1)' (Root cause: org.openqa.selenium.WebDriverException: unknown error: Element <svg class="icon__svg___cc1CR utilities__block___2NUBz utilities__fullWidth___3kUCi utilities__fullHeight___NZTu9" viewBox="0 0 23 19" fill="none" stroke="#1f1f1f" stroke-width="2" stroke-linecap="square">...</svg> is not clickable at point (29, 32). Other element would receive the click: <path d="M203.4,372.722l-2.122-2.121-9.677,9.677,2.121,2.121Z" transform="translate(-191.594 -370.594)"></path>
  (Session info: chrome=69.0.3497.100)
  (Driver info: chromedriver=2.35.528161 (5b82f2d2aae0ca24b877009200ced9065a772e73),platform=Windows NT 6.1.7601 SP1 x86_64) (WARNING: The server did not provide any stacktrace information)
Command duration or timeout: 0 milliseconds
Build info: version: '3.7.1', revision: '8a0099a', time: '2017-11-06T21:07:36.161Z'
System info: host: 'PLEMKTPLACE-08', ip: '10.241.184.32', os.name: 'Windows 7', os.arch: 'amd64', os.version: '6.1', java.version: '1.8.0_181'
Driver info: com.kms.katalon.selenium.driver.CChromeDriver
Capabilities {acceptInsecureCerts: false, acceptSslCerts: false, applicationCacheEnabled: false, browserConnectionEnabled: false, browserName: chrome, chrome: {chromedriverVersion: 2.35.528161 (5b82f2d2aae0ca..., userDataDir: C:\Users\vbrooks\AppData\Lo...}, cssSelectorsEnabled: true, databaseEnabled: false, handlesAlerts: true, hasTouchScreen: false, javascriptEnabled: true, locationContextEnabled: true, mobileEmulationEnabled: false, nativeEvents: true, networkConnectionEnabled: false, pageLoadStrategy: normal, platform: XP, platformName: XP, rotatable: false, setWindowRect: true, takesHeapSnapshot: true, takesScreenshot: true, unexpectedAlertBehaviour: , unhandledPromptBehavior: , version: 69.0.3497.100, webStorageEnabled: true}
Session ID: 72ec86358b66c8116ce6d6f4818f3380)
	at com.kms.katalon.core.keyword.internal.KeywordMain.stepFailed(KeywordMain.groovy:36)
	at com.kms.katalon.core.webui.keyword.internal.WebUIKeywordMain.stepFailed(WebUIKeywordMain.groovy:65)
	at com.kms.katalon.core.webui.keyword.internal.WebUIKeywordMain.runKeyword(WebUIKeywordMain.groovy:27)
	at com.kms.katalon.core.webui.keyword.builtin.ClickKeyword.click(ClickKeyword.groovy:86)
	at com.kms.katalon.core.webui.keyword.builtin.ClickKeyword.execute(ClickKeyword.groovy:67)
	at com.kms.katalon.core.keyword.internal.KeywordExecutor.executeKeywordForPlatform(KeywordExecutor.groovy:53)
	at com.kms.katalon.core.webui.keyword.WebUiBuiltInKeywords.click(WebUiBuiltInKeywords.groovy:616)
	at com.kms.katalon.core.webui.keyword.WebUiBuiltInKeywords$click$4.call(Unknown Source)
	at org.codehaus.groovy.runtime.callsite.CallSiteArray.defaultCall(CallSiteArray.java:48)
	at org.codehaus.groovy.runtime.callsite.AbstractCallSite.call(AbstractCallSite.java:113)
	at org.codehaus.groovy.runtime.callsite.AbstractCallSite.call(AbstractCallSite.java:125)
	at Script1536614233195.run(Script1536614233195.groovy:20)
	at com.kms.katalon.core.main.ScriptEngine.run(ScriptEngine.java:183)
	at com.kms.katalon.core.main.ScriptEngine.runScriptAsRawText(ScriptEngine.java:108)
	at com.kms.katalon.core.main.TestCaseExecutor.runScript(TestCaseExecutor.java:294)
	at com.kms.katalon.core.main.TestCaseExecutor.doExecute(TestCaseExecutor.java:285)
	at com.kms.katalon.core.main.TestCaseExecutor.processExecutionPhase(TestCaseExecutor.java:264)
	at com.kms.katalon.core.main.TestCaseExecutor.accessMainPhase(TestCaseExecutor.java:256)
	at com.kms.katalon.core.main.TestCaseExecutor.execute(TestCaseExecutor.java:200)
	at com.kms.katalon.core.main.TestSuiteExecutor.accessTestCaseMainPhase(TestSuiteExecutor.java:129)
	at com.kms.katalon.core.main.TestSuiteExecutor.accessTestSuiteMainPhase(TestSuiteExecutor.java:112)
	at com.kms.katalon.core.main.TestSuiteExecutor.execute(TestSuiteExecutor.java:81)
	at com.kms.katalon.core.main.TestCaseMain.startTestSuite(TestCaseMain.java:142)
	at com.kms.katalon.core.main.TestCaseMain$startTestSuite$0.call(Unknown Source)
	at org.codehaus.groovy.runtime.callsite.CallSiteArray.defaultCall(CallSiteArray.java:48)
	at org.codehaus.groovy.runtime.callsite.AbstractCallSite.call(AbstractCallSite.java:113)
	at org.codehaus.groovy.runtime.callsite.AbstractCallSite.call(AbstractCallSite.java:141)
	at TempTestSuite1538067597028.run(TempTestSuite1538067597028.groovy:36)
	at groovy.lang.GroovyShell.runScriptOrMainOrTestOrRunnable(GroovyShell.java:263)
	at groovy.lang.GroovyShell.run(GroovyShell.java:518)
	at groovy.lang.GroovyShell.run(GroovyShell.java:507)
	at groovy.ui.GroovyMain.processOnce(GroovyMain.java:653)
	at groovy.ui.GroovyMain.run(GroovyMain.java:384)
	at groovy.ui.GroovyMain.process(GroovyMain.java:370)
	at groovy.ui.GroovyMain.processArgs(GroovyMain.java:129)
	at groovy.ui.GroovyMain.main(GroovyMain.java:109)
	at sun.reflect.NativeMethodAccessorImpl.invoke0(Native Method)
	at sun.reflect.NativeMethodAccessorImpl.invoke(NativeMethodAccessorImpl.java:62)
	at sun.reflect.DelegatingMethodAccessorImpl.invoke(DelegatingMethodAccessorImpl.java:43)
	at java.lang.reflect.Method.invoke(Method.java:498)
	at org.codehaus.groovy.tools.GroovyStarter.rootLoader(GroovyStarter.java:109)
	at org.codehaus.groovy.tools.GroovyStarter.main(GroovyStarter.java:131)
)]]></system-err>
      </testcase>
      <testcase name="Test Cases/US mobile test/Test all Shop top-level categories for Womens Shop (Makeup)" classname="Test Cases/US mobile test/Test all Shop top-level categories for Womens Shop (Makeup)" status="FAILED">
         <failure type="FAILED" message="(Stack trace: com.kms.katalon.core.exception.StepFailedException: Unable to click on object 'Object Repository/Page_Shop Whats New/svg_ 2018 Birchbox_icon__svg__' (Root cause: org.openqa.selenium.WebDriverException: unknown error: Element &lt;svg class=&quot;icon__svg___cc1CR utilities__block___2NUBz utilities__fullWidth___3kUCi utilities__fullHeight___NZTu9&quot; viewBox=&quot;0 0 23 19&quot; fill=&quot;none&quot; stroke=&quot;#1f1f1f&quot; stroke-width=&quot;2&quot; stroke-linecap=&quot;square&quot;>...&lt;/svg> is not clickable at point (29, 32). Other element would receive the click: &lt;path d=&quot;M203.4,372.722l-2.122-2.121-9.677,9.677,2.121,2.121Z&quot; transform=&quot;translate(-191.594 -370.594)&quot;>&lt;/path>
  (Session info: chrome=69.0.3497.100)
  (Driver info: chromedriver=2.35.528161 (5b82f2d2aae0ca24b877009200ced9065a772e73),platform=Windows NT 6.1.7601 SP1 x86_64) (WARNING: The server did not provide any stacktrace information)
Command duration or timeout: 0 milliseconds
Build info: version: '3.7.1', revision: '8a0099a', time: '2017-11-06T21:07:36.161Z'
System info: host: 'PLEMKTPLACE-08', ip: '10.241.184.32', os.name: 'Windows 7', os.arch: 'amd64', os.version: '6.1', java.version: '1.8.0_181'
Driver info: com.kms.katalon.selenium.driver.CChromeDriver
Capabilities {acceptInsecureCerts: false, acceptSslCerts: false, applicationCacheEnabled: false, browserConnectionEnabled: false, browserName: chrome, chrome: {chromedriverVersion: 2.35.528161 (5b82f2d2aae0ca..., userDataDir: C:\Users\vbrooks\AppData\Lo...}, cssSelectorsEnabled: true, databaseEnabled: false, handlesAlerts: true, hasTouchScreen: false, javascriptEnabled: true, locationContextEnabled: true, mobileEmulationEnabled: false, nativeEvents: true, networkConnectionEnabled: false, pageLoadStrategy: normal, platform: XP, platformName: XP, rotatable: false, setWindowRect: true, takesHeapSnapshot: true, takesScreenshot: true, unexpectedAlertBehaviour: , unhandledPromptBehavior: , version: 69.0.3497.100, webStorageEnabled: true}
Session ID: 72ec86358b66c8116ce6d6f4818f3380)
	at com.kms.katalon.core.keyword.internal.KeywordMain.stepFailed(KeywordMain.groovy:36)
	at com.kms.katalon.core.webui.keyword.internal.WebUIKeywordMain.stepFailed(WebUIKeywordMain.groovy:65)
	at com.kms.katalon.core.webui.keyword.internal.WebUIKeywordMain.runKeyword(WebUIKeywordMain.groovy:27)
	at com.kms.katalon.core.webui.keyword.builtin.ClickKeyword.click(ClickKeyword.groovy:86)
	at com.kms.katalon.core.webui.keyword.builtin.ClickKeyword.execute(ClickKeyword.groovy:67)
	at com.kms.katalon.core.keyword.internal.KeywordExecutor.executeKeywordForPlatform(KeywordExecutor.groovy:53)
	at com.kms.katalon.core.webui.keyword.WebUiBuiltInKeywords.click(WebUiBuiltInKeywords.groovy:616)
	at com.kms.katalon.core.webui.keyword.WebUiBuiltInKeywords$click$4.call(Unknown Source)
	at org.codehaus.groovy.runtime.callsite.CallSiteArray.defaultCall(CallSiteArray.java:48)
	at org.codehaus.groovy.runtime.callsite.AbstractCallSite.call(AbstractCallSite.java:113)
	at org.codehaus.groovy.runtime.callsite.AbstractCallSite.call(AbstractCallSite.java:125)
	at Script1536614250757.run(Script1536614250757.groovy:24)
	at com.kms.katalon.core.main.ScriptEngine.run(ScriptEngine.java:183)
	at com.kms.katalon.core.main.ScriptEngine.runScriptAsRawText(ScriptEngine.java:108)
	at com.kms.katalon.core.main.TestCaseExecutor.runScript(TestCaseExecutor.java:294)
	at com.kms.katalon.core.main.TestCaseExecutor.doExecute(TestCaseExecutor.java:285)
	at com.kms.katalon.core.main.TestCaseExecutor.processExecutionPhase(TestCaseExecutor.java:264)
	at com.kms.katalon.core.main.TestCaseExecutor.accessMainPhase(TestCaseExecutor.java:256)
	at com.kms.katalon.core.main.TestCaseExecutor.execute(TestCaseExecutor.java:200)
	at com.kms.katalon.core.main.TestSuiteExecutor.accessTestCaseMainPhase(TestSuiteExecutor.java:129)
	at com.kms.katalon.core.main.TestSuiteExecutor.accessTestSuiteMainPhase(TestSuiteExecutor.java:112)
	at com.kms.katalon.core.main.TestSuiteExecutor.execute(TestSuiteExecutor.java:81)
	at com.kms.katalon.core.main.TestCaseMain.startTestSuite(TestCaseMain.java:142)
	at com.kms.katalon.core.main.TestCaseMain$startTestSuite$0.call(Unknown Source)
	at org.codehaus.groovy.runtime.callsite.CallSiteArray.defaultCall(CallSiteArray.java:48)
	at org.codehaus.groovy.runtime.callsite.AbstractCallSite.call(AbstractCallSite.java:113)
	at org.codehaus.groovy.runtime.callsite.AbstractCallSite.call(AbstractCallSite.java:141)
	at TempTestSuite1538067597028.run(TempTestSuite1538067597028.groovy:36)
	at groovy.lang.GroovyShell.runScriptOrMainOrTestOrRunnable(GroovyShell.java:263)
	at groovy.lang.GroovyShell.run(GroovyShell.java:518)
	at groovy.lang.GroovyShell.run(GroovyShell.java:507)
	at groovy.ui.GroovyMain.processOnce(GroovyMain.java:653)
	at groovy.ui.GroovyMain.run(GroovyMain.java:384)
	at groovy.ui.GroovyMain.process(GroovyMain.java:370)
	at groovy.ui.GroovyMain.processArgs(GroovyMain.java:129)
	at groovy.ui.GroovyMain.main(GroovyMain.java:109)
	at sun.reflect.NativeMethodAccessorImpl.invoke0(Native Method)
	at sun.reflect.NativeMethodAccessorImpl.invoke(NativeMethodAccessorImpl.java:62)
	at sun.reflect.DelegatingMethodAccessorImpl.invoke(DelegatingMethodAccessorImpl.java:43)
	at java.lang.reflect.Method.invoke(Method.java:498)
	at org.codehaus.groovy.tools.GroovyStarter.rootLoader(GroovyStarter.java:109)
	at org.codehaus.groovy.tools.GroovyStarter.main(GroovyStarter.java:131)
)"/>
         <system-out><![CDATA[2018-09-27 10:17:48 - [TEST_CASE][FAILED] - Test Cases/US mobile test/Test all Shop top-level categories for Womens Shop (Makeup): Test Cases/US mobile test/Test all Shop top-level categories for Womens Shop (Makeup) FAILED because (of) (Stack trace: com.kms.katalon.core.exception.StepFailedException: Unable to click on object 'Object Repository/Page_Shop Whats New/svg_ 2018 Birchbox_icon__svg__' (Root cause: org.openqa.selenium.WebDriverException: unknown error: Element <svg class="icon__svg___cc1CR utilities__block___2NUBz utilities__fullWidth___3kUCi utilities__fullHeight___NZTu9" viewBox="0 0 23 19" fill="none" stroke="#1f1f1f" stroke-width="2" stroke-linecap="square">...</svg> is not clickable at point (29, 32). Other element would receive the click: <path d="M203.4,372.722l-2.122-2.121-9.677,9.677,2.121,2.121Z" transform="translate(-191.594 -370.594)"></path>
  (Session info: chrome=69.0.3497.100)
  (Driver info: chromedriver=2.35.528161 (5b82f2d2aae0ca24b877009200ced9065a772e73),platform=Windows NT 6.1.7601 SP1 x86_64) (WARNING: The server did not provide any stacktrace information)
Command duration or timeout: 0 milliseconds
Build info: version: '3.7.1', revision: '8a0099a', time: '2017-11-06T21:07:36.161Z'
System info: host: 'PLEMKTPLACE-08', ip: '10.241.184.32', os.name: 'Windows 7', os.arch: 'amd64', os.version: '6.1', java.version: '1.8.0_181'
Driver info: com.kms.katalon.selenium.driver.CChromeDriver
Capabilities {acceptInsecureCerts: false, acceptSslCerts: false, applicationCacheEnabled: false, browserConnectionEnabled: false, browserName: chrome, chrome: {chromedriverVersion: 2.35.528161 (5b82f2d2aae0ca..., userDataDir: C:\Users\vbrooks\AppData\Lo...}, cssSelectorsEnabled: true, databaseEnabled: false, handlesAlerts: true, hasTouchScreen: false, javascriptEnabled: true, locationContextEnabled: true, mobileEmulationEnabled: false, nativeEvents: true, networkConnectionEnabled: false, pageLoadStrategy: normal, platform: XP, platformName: XP, rotatable: false, setWindowRect: true, takesHeapSnapshot: true, takesScreenshot: true, unexpectedAlertBehaviour: , unhandledPromptBehavior: , version: 69.0.3497.100, webStorageEnabled: true}
Session ID: 72ec86358b66c8116ce6d6f4818f3380)
	at com.kms.katalon.core.keyword.internal.KeywordMain.stepFailed(KeywordMain.groovy:36)
	at com.kms.katalon.core.webui.keyword.internal.WebUIKeywordMain.stepFailed(WebUIKeywordMain.groovy:65)
	at com.kms.katalon.core.webui.keyword.internal.WebUIKeywordMain.runKeyword(WebUIKeywordMain.groovy:27)
	at com.kms.katalon.core.webui.keyword.builtin.ClickKeyword.click(ClickKeyword.groovy:86)
	at com.kms.katalon.core.webui.keyword.builtin.ClickKeyword.execute(ClickKeyword.groovy:67)
	at com.kms.katalon.core.keyword.internal.KeywordExecutor.executeKeywordForPlatform(KeywordExecutor.groovy:53)
	at com.kms.katalon.core.webui.keyword.WebUiBuiltInKeywords.click(WebUiBuiltInKeywords.groovy:616)
	at com.kms.katalon.core.webui.keyword.WebUiBuiltInKeywords$click$4.call(Unknown Source)
	at org.codehaus.groovy.runtime.callsite.CallSiteArray.defaultCall(CallSiteArray.java:48)
	at org.codehaus.groovy.runtime.callsite.AbstractCallSite.call(AbstractCallSite.java:113)
	at org.codehaus.groovy.runtime.callsite.AbstractCallSite.call(AbstractCallSite.java:125)
	at Script1536614250757.run(Script1536614250757.groovy:24)
	at com.kms.katalon.core.main.ScriptEngine.run(ScriptEngine.java:183)
	at com.kms.katalon.core.main.ScriptEngine.runScriptAsRawText(ScriptEngine.java:108)
	at com.kms.katalon.core.main.TestCaseExecutor.runScript(TestCaseExecutor.java:294)
	at com.kms.katalon.core.main.TestCaseExecutor.doExecute(TestCaseExecutor.java:285)
	at com.kms.katalon.core.main.TestCaseExecutor.processExecutionPhase(TestCaseExecutor.java:264)
	at com.kms.katalon.core.main.TestCaseExecutor.accessMainPhase(TestCaseExecutor.java:256)
	at com.kms.katalon.core.main.TestCaseExecutor.execute(TestCaseExecutor.java:200)
	at com.kms.katalon.core.main.TestSuiteExecutor.accessTestCaseMainPhase(TestSuiteExecutor.java:129)
	at com.kms.katalon.core.main.TestSuiteExecutor.accessTestSuiteMainPhase(TestSuiteExecutor.java:112)
	at com.kms.katalon.core.main.TestSuiteExecutor.execute(TestSuiteExecutor.java:81)
	at com.kms.katalon.core.main.TestCaseMain.startTestSuite(TestCaseMain.java:142)
	at com.kms.katalon.core.main.TestCaseMain$startTestSuite$0.call(Unknown Source)
	at org.codehaus.groovy.runtime.callsite.CallSiteArray.defaultCall(CallSiteArray.java:48)
	at org.codehaus.groovy.runtime.callsite.AbstractCallSite.call(AbstractCallSite.java:113)
	at org.codehaus.groovy.runtime.callsite.AbstractCallSite.call(AbstractCallSite.java:141)
	at TempTestSuite1538067597028.run(TempTestSuite1538067597028.groovy:36)
	at groovy.lang.GroovyShell.runScriptOrMainOrTestOrRunnable(GroovyShell.java:263)
	at groovy.lang.GroovyShell.run(GroovyShell.java:518)
	at groovy.lang.GroovyShell.run(GroovyShell.java:507)
	at groovy.ui.GroovyMain.processOnce(GroovyMain.java:653)
	at groovy.ui.GroovyMain.run(GroovyMain.java:384)
	at groovy.ui.GroovyMain.process(GroovyMain.java:370)
	at groovy.ui.GroovyMain.processArgs(GroovyMain.java:129)
	at groovy.ui.GroovyMain.main(GroovyMain.java:109)
	at sun.reflect.NativeMethodAccessorImpl.invoke0(Native Method)
	at sun.reflect.NativeMethodAccessorImpl.invoke(NativeMethodAccessorImpl.java:62)
	at sun.reflect.DelegatingMethodAccessorImpl.invoke(DelegatingMethodAccessorImpl.java:43)
	at java.lang.reflect.Method.invoke(Method.java:498)
	at org.codehaus.groovy.tools.GroovyStarter.rootLoader(GroovyStarter.java:109)
	at org.codehaus.groovy.tools.GroovyStarter.main(GroovyStarter.java:131)
)

2018-09-27 10:17:49 - [TEST_STEP][NOT_RUN] - callTestCase: NOT_RUN: callTestCase

2018-09-27 10:17:49 - [MESSAGE][NOT_RUN] - NOT_RUN: callTestCase

2018-09-27 10:17:49 - [TEST_STEP][PASSED] - delay: Delayed 2 second(s)

2018-09-27 10:17:51 - [MESSAGE][PASSED] - Delayed 2 second(s)

2018-09-27 10:17:51 - [TEST_STEP][PASSED] - waitForElementClickable: Object 'Object Repository/Page_Shop Whats New/svg_ 2018 Birchbox_icon__svg__' is clickable

2018-09-27 10:17:51 - [MESSAGE][WARNING] - Timeout '0' is invalid. Using default page load timeout: '90'

2018-09-27 10:17:51 - [MESSAGE][PASSED] - Object 'Object Repository/Page_Shop Whats New/svg_ 2018 Birchbox_icon__svg__' is clickable

2018-09-27 10:17:51 - [TEST_STEP][FAILED] - click: Unable to click on object 'Object Repository/Page_Shop Whats New/svg_ 2018 Birchbox_icon__svg__' (Root cause: org.openqa.selenium.WebDriverException: unknown error: Element <svg class="icon__svg___cc1CR utilities__block___2NUBz utilities__fullWidth___3kUCi utilities__fullHeight___NZTu9" viewBox="0 0 23 19" fill="none" stroke="#1f1f1f" stroke-width="2" stroke-linecap="square">...</svg> is not clickable at point (29, 32). Other element would receive the click: <path d="M203.4,372.722l-2.122-2.121-9.677,9.677,2.121,2.121Z" transform="translate(-191.594 -370.594)"></path>
  (Session info: chrome=69.0.3497.100)
  (Driver info: chromedriver=2.35.528161 (5b82f2d2aae0ca24b877009200ced9065a772e73),platform=Windows NT 6.1.7601 SP1 x86_64) (WARNING: The server did not provide any stacktrace information)
Command duration or timeout: 0 milliseconds
Build info: version: '3.7.1', revision: '8a0099a', time: '2017-11-06T21:07:36.161Z'
System info: host: 'PLEMKTPLACE-08', ip: '10.241.184.32', os.name: 'Windows 7', os.arch: 'amd64', os.version: '6.1', java.version: '1.8.0_181'
Driver info: com.kms.katalon.selenium.driver.CChromeDriver
Capabilities {acceptInsecureCerts: false, acceptSslCerts: false, applicationCacheEnabled: false, browserConnectionEnabled: false, browserName: chrome, chrome: {chromedriverVersion: 2.35.528161 (5b82f2d2aae0ca..., userDataDir: C:\Users\vbrooks\AppData\Lo...}, cssSelectorsEnabled: true, databaseEnabled: false, handlesAlerts: true, hasTouchScreen: false, javascriptEnabled: true, locationContextEnabled: true, mobileEmulationEnabled: false, nativeEvents: true, networkConnectionEnabled: false, pageLoadStrategy: normal, platform: XP, platformName: XP, rotatable: false, setWindowRect: true, takesHeapSnapshot: true, takesScreenshot: true, unexpectedAlertBehaviour: , unhandledPromptBehavior: , version: 69.0.3497.100, webStorageEnabled: true}
Session ID: 72ec86358b66c8116ce6d6f4818f3380)

2018-09-27 10:17:51 - [MESSAGE][FAILED] - Unable to click on object 'Object Repository/Page_Shop Whats New/svg_ 2018 Birchbox_icon__svg__' (Root cause: org.openqa.selenium.WebDriverException: unknown error: Element <svg class="icon__svg___cc1CR utilities__block___2NUBz utilities__fullWidth___3kUCi utilities__fullHeight___NZTu9" viewBox="0 0 23 19" fill="none" stroke="#1f1f1f" stroke-width="2" stroke-linecap="square">...</svg> is not clickable at point (29, 32). Other element would receive the click: <path d="M203.4,372.722l-2.122-2.121-9.677,9.677,2.121,2.121Z" transform="translate(-191.594 -370.594)"></path>
  (Session info: chrome=69.0.3497.100)
  (Driver info: chromedriver=2.35.528161 (5b82f2d2aae0ca24b877009200ced9065a772e73),platform=Windows NT 6.1.7601 SP1 x86_64) (WARNING: The server did not provide any stacktrace information)
Command duration or timeout: 0 milliseconds
Build info: version: '3.7.1', revision: '8a0099a', time: '2017-11-06T21:07:36.161Z'
System info: host: 'PLEMKTPLACE-08', ip: '10.241.184.32', os.name: 'Windows 7', os.arch: 'amd64', os.version: '6.1', java.version: '1.8.0_181'
Driver info: com.kms.katalon.selenium.driver.CChromeDriver
Capabilities {acceptInsecureCerts: false, acceptSslCerts: false, applicationCacheEnabled: false, browserConnectionEnabled: false, browserName: chrome, chrome: {chromedriverVersion: 2.35.528161 (5b82f2d2aae0ca..., userDataDir: C:\Users\vbrooks\AppData\Lo...}, cssSelectorsEnabled: true, databaseEnabled: false, handlesAlerts: true, hasTouchScreen: false, javascriptEnabled: true, locationContextEnabled: true, mobileEmulationEnabled: false, nativeEvents: true, networkConnectionEnabled: false, pageLoadStrategy: normal, platform: XP, platformName: XP, rotatable: false, setWindowRect: true, takesHeapSnapshot: true, takesScreenshot: true, unexpectedAlertBehaviour: , unhandledPromptBehavior: , version: 69.0.3497.100, webStorageEnabled: true}
Session ID: 72ec86358b66c8116ce6d6f4818f3380)]]></system-out>
         <system-err><![CDATA[2018-09-27 10:17:48 - [TEST_CASE][FAILED] - Test Cases/US mobile test/Test all Shop top-level categories for Womens Shop (Makeup): Test Cases/US mobile test/Test all Shop top-level categories for Womens Shop (Makeup) FAILED because (of) (Stack trace: com.kms.katalon.core.exception.StepFailedException: Unable to click on object 'Object Repository/Page_Shop Whats New/svg_ 2018 Birchbox_icon__svg__' (Root cause: org.openqa.selenium.WebDriverException: unknown error: Element <svg class="icon__svg___cc1CR utilities__block___2NUBz utilities__fullWidth___3kUCi utilities__fullHeight___NZTu9" viewBox="0 0 23 19" fill="none" stroke="#1f1f1f" stroke-width="2" stroke-linecap="square">...</svg> is not clickable at point (29, 32). Other element would receive the click: <path d="M203.4,372.722l-2.122-2.121-9.677,9.677,2.121,2.121Z" transform="translate(-191.594 -370.594)"></path>
  (Session info: chrome=69.0.3497.100)
  (Driver info: chromedriver=2.35.528161 (5b82f2d2aae0ca24b877009200ced9065a772e73),platform=Windows NT 6.1.7601 SP1 x86_64) (WARNING: The server did not provide any stacktrace information)
Command duration or timeout: 0 milliseconds
Build info: version: '3.7.1', revision: '8a0099a', time: '2017-11-06T21:07:36.161Z'
System info: host: 'PLEMKTPLACE-08', ip: '10.241.184.32', os.name: 'Windows 7', os.arch: 'amd64', os.version: '6.1', java.version: '1.8.0_181'
Driver info: com.kms.katalon.selenium.driver.CChromeDriver
Capabilities {acceptInsecureCerts: false, acceptSslCerts: false, applicationCacheEnabled: false, browserConnectionEnabled: false, browserName: chrome, chrome: {chromedriverVersion: 2.35.528161 (5b82f2d2aae0ca..., userDataDir: C:\Users\vbrooks\AppData\Lo...}, cssSelectorsEnabled: true, databaseEnabled: false, handlesAlerts: true, hasTouchScreen: false, javascriptEnabled: true, locationContextEnabled: true, mobileEmulationEnabled: false, nativeEvents: true, networkConnectionEnabled: false, pageLoadStrategy: normal, platform: XP, platformName: XP, rotatable: false, setWindowRect: true, takesHeapSnapshot: true, takesScreenshot: true, unexpectedAlertBehaviour: , unhandledPromptBehavior: , version: 69.0.3497.100, webStorageEnabled: true}
Session ID: 72ec86358b66c8116ce6d6f4818f3380)
	at com.kms.katalon.core.keyword.internal.KeywordMain.stepFailed(KeywordMain.groovy:36)
	at com.kms.katalon.core.webui.keyword.internal.WebUIKeywordMain.stepFailed(WebUIKeywordMain.groovy:65)
	at com.kms.katalon.core.webui.keyword.internal.WebUIKeywordMain.runKeyword(WebUIKeywordMain.groovy:27)
	at com.kms.katalon.core.webui.keyword.builtin.ClickKeyword.click(ClickKeyword.groovy:86)
	at com.kms.katalon.core.webui.keyword.builtin.ClickKeyword.execute(ClickKeyword.groovy:67)
	at com.kms.katalon.core.keyword.internal.KeywordExecutor.executeKeywordForPlatform(KeywordExecutor.groovy:53)
	at com.kms.katalon.core.webui.keyword.WebUiBuiltInKeywords.click(WebUiBuiltInKeywords.groovy:616)
	at com.kms.katalon.core.webui.keyword.WebUiBuiltInKeywords$click$4.call(Unknown Source)
	at org.codehaus.groovy.runtime.callsite.CallSiteArray.defaultCall(CallSiteArray.java:48)
	at org.codehaus.groovy.runtime.callsite.AbstractCallSite.call(AbstractCallSite.java:113)
	at org.codehaus.groovy.runtime.callsite.AbstractCallSite.call(AbstractCallSite.java:125)
	at Script1536614250757.run(Script1536614250757.groovy:24)
	at com.kms.katalon.core.main.ScriptEngine.run(ScriptEngine.java:183)
	at com.kms.katalon.core.main.ScriptEngine.runScriptAsRawText(ScriptEngine.java:108)
	at com.kms.katalon.core.main.TestCaseExecutor.runScript(TestCaseExecutor.java:294)
	at com.kms.katalon.core.main.TestCaseExecutor.doExecute(TestCaseExecutor.java:285)
	at com.kms.katalon.core.main.TestCaseExecutor.processExecutionPhase(TestCaseExecutor.java:264)
	at com.kms.katalon.core.main.TestCaseExecutor.accessMainPhase(TestCaseExecutor.java:256)
	at com.kms.katalon.core.main.TestCaseExecutor.execute(TestCaseExecutor.java:200)
	at com.kms.katalon.core.main.TestSuiteExecutor.accessTestCaseMainPhase(TestSuiteExecutor.java:129)
	at com.kms.katalon.core.main.TestSuiteExecutor.accessTestSuiteMainPhase(TestSuiteExecutor.java:112)
	at com.kms.katalon.core.main.TestSuiteExecutor.execute(TestSuiteExecutor.java:81)
	at com.kms.katalon.core.main.TestCaseMain.startTestSuite(TestCaseMain.java:142)
	at com.kms.katalon.core.main.TestCaseMain$startTestSuite$0.call(Unknown Source)
	at org.codehaus.groovy.runtime.callsite.CallSiteArray.defaultCall(CallSiteArray.java:48)
	at org.codehaus.groovy.runtime.callsite.AbstractCallSite.call(AbstractCallSite.java:113)
	at org.codehaus.groovy.runtime.callsite.AbstractCallSite.call(AbstractCallSite.java:141)
	at TempTestSuite1538067597028.run(TempTestSuite1538067597028.groovy:36)
	at groovy.lang.GroovyShell.runScriptOrMainOrTestOrRunnable(GroovyShell.java:263)
	at groovy.lang.GroovyShell.run(GroovyShell.java:518)
	at groovy.lang.GroovyShell.run(GroovyShell.java:507)
	at groovy.ui.GroovyMain.processOnce(GroovyMain.java:653)
	at groovy.ui.GroovyMain.run(GroovyMain.java:384)
	at groovy.ui.GroovyMain.process(GroovyMain.java:370)
	at groovy.ui.GroovyMain.processArgs(GroovyMain.java:129)
	at groovy.ui.GroovyMain.main(GroovyMain.java:109)
	at sun.reflect.NativeMethodAccessorImpl.invoke0(Native Method)
	at sun.reflect.NativeMethodAccessorImpl.invoke(NativeMethodAccessorImpl.java:62)
	at sun.reflect.DelegatingMethodAccessorImpl.invoke(DelegatingMethodAccessorImpl.java:43)
	at java.lang.reflect.Method.invoke(Method.java:498)
	at org.codehaus.groovy.tools.GroovyStarter.rootLoader(GroovyStarter.java:109)
	at org.codehaus.groovy.tools.GroovyStarter.main(GroovyStarter.java:131)
)]]></system-err>
      </testcase>
      <testcase name="Test Cases/US mobile test/Test all Shop top-level categories for Womens Shop (Hair)" classname="Test Cases/US mobile test/Test all Shop top-level categories for Womens Shop (Hair)" status="FAILED">
         <failure type="FAILED" message="(Stack trace: com.kms.katalon.core.exception.StepFailedException: Unable to click on object 'Object Repository/Page_Beauty Box Subscription for Wo/svg_ 2018 Birchbox_icon__svg__' (Root cause: org.openqa.selenium.WebDriverException: unknown error: Element &lt;svg class=&quot;icon__svg___cc1CR utilities__block___2NUBz utilities__fullWidth___3kUCi utilities__fullHeight___NZTu9&quot; viewBox=&quot;0 0 23 19&quot; fill=&quot;none&quot; stroke=&quot;#1f1f1f&quot; stroke-width=&quot;2&quot; stroke-linecap=&quot;square&quot;>...&lt;/svg> is not clickable at point (29, 32). Other element would receive the click: &lt;path d=&quot;M203.4,372.722l-2.122-2.121-9.677,9.677,2.121,2.121Z&quot; transform=&quot;translate(-191.594 -370.594)&quot;>&lt;/path>
  (Session info: chrome=69.0.3497.100)
  (Driver info: chromedriver=2.35.528161 (5b82f2d2aae0ca24b877009200ced9065a772e73),platform=Windows NT 6.1.7601 SP1 x86_64) (WARNING: The server did not provide any stacktrace information)
Command duration or timeout: 0 milliseconds
Build info: version: '3.7.1', revision: '8a0099a', time: '2017-11-06T21:07:36.161Z'
System info: host: 'PLEMKTPLACE-08', ip: '10.241.184.32', os.name: 'Windows 7', os.arch: 'amd64', os.version: '6.1', java.version: '1.8.0_181'
Driver info: com.kms.katalon.selenium.driver.CChromeDriver
Capabilities {acceptInsecureCerts: false, acceptSslCerts: false, applicationCacheEnabled: false, browserConnectionEnabled: false, browserName: chrome, chrome: {chromedriverVersion: 2.35.528161 (5b82f2d2aae0ca..., userDataDir: C:\Users\vbrooks\AppData\Lo...}, cssSelectorsEnabled: true, databaseEnabled: false, handlesAlerts: true, hasTouchScreen: false, javascriptEnabled: true, locationContextEnabled: true, mobileEmulationEnabled: false, nativeEvents: true, networkConnectionEnabled: false, pageLoadStrategy: normal, platform: XP, platformName: XP, rotatable: false, setWindowRect: true, takesHeapSnapshot: true, takesScreenshot: true, unexpectedAlertBehaviour: , unhandledPromptBehavior: , version: 69.0.3497.100, webStorageEnabled: true}
Session ID: 72ec86358b66c8116ce6d6f4818f3380)
	at com.kms.katalon.core.keyword.internal.KeywordMain.stepFailed(KeywordMain.groovy:36)
	at com.kms.katalon.core.webui.keyword.internal.WebUIKeywordMain.stepFailed(WebUIKeywordMain.groovy:65)
	at com.kms.katalon.core.webui.keyword.internal.WebUIKeywordMain.runKeyword(WebUIKeywordMain.groovy:27)
	at com.kms.katalon.core.webui.keyword.builtin.ClickKeyword.click(ClickKeyword.groovy:86)
	at com.kms.katalon.core.webui.keyword.builtin.ClickKeyword.execute(ClickKeyword.groovy:67)
	at com.kms.katalon.core.keyword.internal.KeywordExecutor.executeKeywordForPlatform(KeywordExecutor.groovy:53)
	at com.kms.katalon.core.webui.keyword.WebUiBuiltInKeywords.click(WebUiBuiltInKeywords.groovy:616)
	at com.kms.katalon.core.webui.keyword.WebUiBuiltInKeywords$click$4.call(Unknown Source)
	at org.codehaus.groovy.runtime.callsite.CallSiteArray.defaultCall(CallSiteArray.java:48)
	at org.codehaus.groovy.runtime.callsite.AbstractCallSite.call(AbstractCallSite.java:113)
	at org.codehaus.groovy.runtime.callsite.AbstractCallSite.call(AbstractCallSite.java:125)
	at Script1536614341005.run(Script1536614341005.groovy:22)
	at com.kms.katalon.core.main.ScriptEngine.run(ScriptEngine.java:183)
	at com.kms.katalon.core.main.ScriptEngine.runScriptAsRawText(ScriptEngine.java:108)
	at com.kms.katalon.core.main.TestCaseExecutor.runScript(TestCaseExecutor.java:294)
	at com.kms.katalon.core.main.TestCaseExecutor.doExecute(TestCaseExecutor.java:285)
	at com.kms.katalon.core.main.TestCaseExecutor.processExecutionPhase(TestCaseExecutor.java:264)
	at com.kms.katalon.core.main.TestCaseExecutor.accessMainPhase(TestCaseExecutor.java:256)
	at com.kms.katalon.core.main.TestCaseExecutor.execute(TestCaseExecutor.java:200)
	at com.kms.katalon.core.main.TestSuiteExecutor.accessTestCaseMainPhase(TestSuiteExecutor.java:129)
	at com.kms.katalon.core.main.TestSuiteExecutor.accessTestSuiteMainPhase(TestSuiteExecutor.java:112)
	at com.kms.katalon.core.main.TestSuiteExecutor.execute(TestSuiteExecutor.java:81)
	at com.kms.katalon.core.main.TestCaseMain.startTestSuite(TestCaseMain.java:142)
	at com.kms.katalon.core.main.TestCaseMain$startTestSuite$0.call(Unknown Source)
	at org.codehaus.groovy.runtime.callsite.CallSiteArray.defaultCall(CallSiteArray.java:48)
	at org.codehaus.groovy.runtime.callsite.AbstractCallSite.call(AbstractCallSite.java:113)
	at org.codehaus.groovy.runtime.callsite.AbstractCallSite.call(AbstractCallSite.java:141)
	at TempTestSuite1538067597028.run(TempTestSuite1538067597028.groovy:36)
	at groovy.lang.GroovyShell.runScriptOrMainOrTestOrRunnable(GroovyShell.java:263)
	at groovy.lang.GroovyShell.run(GroovyShell.java:518)
	at groovy.lang.GroovyShell.run(GroovyShell.java:507)
	at groovy.ui.GroovyMain.processOnce(GroovyMain.java:653)
	at groovy.ui.GroovyMain.run(GroovyMain.java:384)
	at groovy.ui.GroovyMain.process(GroovyMain.java:370)
	at groovy.ui.GroovyMain.processArgs(GroovyMain.java:129)
	at groovy.ui.GroovyMain.main(GroovyMain.java:109)
	at sun.reflect.NativeMethodAccessorImpl.invoke0(Native Method)
	at sun.reflect.NativeMethodAccessorImpl.invoke(NativeMethodAccessorImpl.java:62)
	at sun.reflect.DelegatingMethodAccessorImpl.invoke(DelegatingMethodAccessorImpl.java:43)
	at java.lang.reflect.Method.invoke(Method.java:498)
	at org.codehaus.groovy.tools.GroovyStarter.rootLoader(GroovyStarter.java:109)
	at org.codehaus.groovy.tools.GroovyStarter.main(GroovyStarter.java:131)
)"/>
         <system-out><![CDATA[2018-09-27 10:17:51 - [TEST_CASE][FAILED] - Test Cases/US mobile test/Test all Shop top-level categories for Womens Shop (Hair): Test Cases/US mobile test/Test all Shop top-level categories for Womens Shop (Hair) FAILED because (of) (Stack trace: com.kms.katalon.core.exception.StepFailedException: Unable to click on object 'Object Repository/Page_Beauty Box Subscription for Wo/svg_ 2018 Birchbox_icon__svg__' (Root cause: org.openqa.selenium.WebDriverException: unknown error: Element <svg class="icon__svg___cc1CR utilities__block___2NUBz utilities__fullWidth___3kUCi utilities__fullHeight___NZTu9" viewBox="0 0 23 19" fill="none" stroke="#1f1f1f" stroke-width="2" stroke-linecap="square">...</svg> is not clickable at point (29, 32). Other element would receive the click: <path d="M203.4,372.722l-2.122-2.121-9.677,9.677,2.121,2.121Z" transform="translate(-191.594 -370.594)"></path>
  (Session info: chrome=69.0.3497.100)
  (Driver info: chromedriver=2.35.528161 (5b82f2d2aae0ca24b877009200ced9065a772e73),platform=Windows NT 6.1.7601 SP1 x86_64) (WARNING: The server did not provide any stacktrace information)
Command duration or timeout: 0 milliseconds
Build info: version: '3.7.1', revision: '8a0099a', time: '2017-11-06T21:07:36.161Z'
System info: host: 'PLEMKTPLACE-08', ip: '10.241.184.32', os.name: 'Windows 7', os.arch: 'amd64', os.version: '6.1', java.version: '1.8.0_181'
Driver info: com.kms.katalon.selenium.driver.CChromeDriver
Capabilities {acceptInsecureCerts: false, acceptSslCerts: false, applicationCacheEnabled: false, browserConnectionEnabled: false, browserName: chrome, chrome: {chromedriverVersion: 2.35.528161 (5b82f2d2aae0ca..., userDataDir: C:\Users\vbrooks\AppData\Lo...}, cssSelectorsEnabled: true, databaseEnabled: false, handlesAlerts: true, hasTouchScreen: false, javascriptEnabled: true, locationContextEnabled: true, mobileEmulationEnabled: false, nativeEvents: true, networkConnectionEnabled: false, pageLoadStrategy: normal, platform: XP, platformName: XP, rotatable: false, setWindowRect: true, takesHeapSnapshot: true, takesScreenshot: true, unexpectedAlertBehaviour: , unhandledPromptBehavior: , version: 69.0.3497.100, webStorageEnabled: true}
Session ID: 72ec86358b66c8116ce6d6f4818f3380)
	at com.kms.katalon.core.keyword.internal.KeywordMain.stepFailed(KeywordMain.groovy:36)
	at com.kms.katalon.core.webui.keyword.internal.WebUIKeywordMain.stepFailed(WebUIKeywordMain.groovy:65)
	at com.kms.katalon.core.webui.keyword.internal.WebUIKeywordMain.runKeyword(WebUIKeywordMain.groovy:27)
	at com.kms.katalon.core.webui.keyword.builtin.ClickKeyword.click(ClickKeyword.groovy:86)
	at com.kms.katalon.core.webui.keyword.builtin.ClickKeyword.execute(ClickKeyword.groovy:67)
	at com.kms.katalon.core.keyword.internal.KeywordExecutor.executeKeywordForPlatform(KeywordExecutor.groovy:53)
	at com.kms.katalon.core.webui.keyword.WebUiBuiltInKeywords.click(WebUiBuiltInKeywords.groovy:616)
	at com.kms.katalon.core.webui.keyword.WebUiBuiltInKeywords$click$4.call(Unknown Source)
	at org.codehaus.groovy.runtime.callsite.CallSiteArray.defaultCall(CallSiteArray.java:48)
	at org.codehaus.groovy.runtime.callsite.AbstractCallSite.call(AbstractCallSite.java:113)
	at org.codehaus.groovy.runtime.callsite.AbstractCallSite.call(AbstractCallSite.java:125)
	at Script1536614341005.run(Script1536614341005.groovy:22)
	at com.kms.katalon.core.main.ScriptEngine.run(ScriptEngine.java:183)
	at com.kms.katalon.core.main.ScriptEngine.runScriptAsRawText(ScriptEngine.java:108)
	at com.kms.katalon.core.main.TestCaseExecutor.runScript(TestCaseExecutor.java:294)
	at com.kms.katalon.core.main.TestCaseExecutor.doExecute(TestCaseExecutor.java:285)
	at com.kms.katalon.core.main.TestCaseExecutor.processExecutionPhase(TestCaseExecutor.java:264)
	at com.kms.katalon.core.main.TestCaseExecutor.accessMainPhase(TestCaseExecutor.java:256)
	at com.kms.katalon.core.main.TestCaseExecutor.execute(TestCaseExecutor.java:200)
	at com.kms.katalon.core.main.TestSuiteExecutor.accessTestCaseMainPhase(TestSuiteExecutor.java:129)
	at com.kms.katalon.core.main.TestSuiteExecutor.accessTestSuiteMainPhase(TestSuiteExecutor.java:112)
	at com.kms.katalon.core.main.TestSuiteExecutor.execute(TestSuiteExecutor.java:81)
	at com.kms.katalon.core.main.TestCaseMain.startTestSuite(TestCaseMain.java:142)
	at com.kms.katalon.core.main.TestCaseMain$startTestSuite$0.call(Unknown Source)
	at org.codehaus.groovy.runtime.callsite.CallSiteArray.defaultCall(CallSiteArray.java:48)
	at org.codehaus.groovy.runtime.callsite.AbstractCallSite.call(AbstractCallSite.java:113)
	at org.codehaus.groovy.runtime.callsite.AbstractCallSite.call(AbstractCallSite.java:141)
	at TempTestSuite1538067597028.run(TempTestSuite1538067597028.groovy:36)
	at groovy.lang.GroovyShell.runScriptOrMainOrTestOrRunnable(GroovyShell.java:263)
	at groovy.lang.GroovyShell.run(GroovyShell.java:518)
	at groovy.lang.GroovyShell.run(GroovyShell.java:507)
	at groovy.ui.GroovyMain.processOnce(GroovyMain.java:653)
	at groovy.ui.GroovyMain.run(GroovyMain.java:384)
	at groovy.ui.GroovyMain.process(GroovyMain.java:370)
	at groovy.ui.GroovyMain.processArgs(GroovyMain.java:129)
	at groovy.ui.GroovyMain.main(GroovyMain.java:109)
	at sun.reflect.NativeMethodAccessorImpl.invoke0(Native Method)
	at sun.reflect.NativeMethodAccessorImpl.invoke(NativeMethodAccessorImpl.java:62)
	at sun.reflect.DelegatingMethodAccessorImpl.invoke(DelegatingMethodAccessorImpl.java:43)
	at java.lang.reflect.Method.invoke(Method.java:498)
	at org.codehaus.groovy.tools.GroovyStarter.rootLoader(GroovyStarter.java:109)
	at org.codehaus.groovy.tools.GroovyStarter.main(GroovyStarter.java:131)
)

2018-09-27 10:17:51 - [TEST_STEP][NOT_RUN] - callTestCase: NOT_RUN: callTestCase

2018-09-27 10:17:51 - [MESSAGE][NOT_RUN] - NOT_RUN: callTestCase

2018-09-27 10:17:51 - [TEST_STEP][PASSED] - delay: Delayed 2 second(s)

2018-09-27 10:17:53 - [MESSAGE][PASSED] - Delayed 2 second(s)

2018-09-27 10:17:53 - [TEST_STEP][FAILED] - click: Unable to click on object 'Object Repository/Page_Beauty Box Subscription for Wo/svg_ 2018 Birchbox_icon__svg__' (Root cause: org.openqa.selenium.WebDriverException: unknown error: Element <svg class="icon__svg___cc1CR utilities__block___2NUBz utilities__fullWidth___3kUCi utilities__fullHeight___NZTu9" viewBox="0 0 23 19" fill="none" stroke="#1f1f1f" stroke-width="2" stroke-linecap="square">...</svg> is not clickable at point (29, 32). Other element would receive the click: <path d="M203.4,372.722l-2.122-2.121-9.677,9.677,2.121,2.121Z" transform="translate(-191.594 -370.594)"></path>
  (Session info: chrome=69.0.3497.100)
  (Driver info: chromedriver=2.35.528161 (5b82f2d2aae0ca24b877009200ced9065a772e73),platform=Windows NT 6.1.7601 SP1 x86_64) (WARNING: The server did not provide any stacktrace information)
Command duration or timeout: 0 milliseconds
Build info: version: '3.7.1', revision: '8a0099a', time: '2017-11-06T21:07:36.161Z'
System info: host: 'PLEMKTPLACE-08', ip: '10.241.184.32', os.name: 'Windows 7', os.arch: 'amd64', os.version: '6.1', java.version: '1.8.0_181'
Driver info: com.kms.katalon.selenium.driver.CChromeDriver
Capabilities {acceptInsecureCerts: false, acceptSslCerts: false, applicationCacheEnabled: false, browserConnectionEnabled: false, browserName: chrome, chrome: {chromedriverVersion: 2.35.528161 (5b82f2d2aae0ca..., userDataDir: C:\Users\vbrooks\AppData\Lo...}, cssSelectorsEnabled: true, databaseEnabled: false, handlesAlerts: true, hasTouchScreen: false, javascriptEnabled: true, locationContextEnabled: true, mobileEmulationEnabled: false, nativeEvents: true, networkConnectionEnabled: false, pageLoadStrategy: normal, platform: XP, platformName: XP, rotatable: false, setWindowRect: true, takesHeapSnapshot: true, takesScreenshot: true, unexpectedAlertBehaviour: , unhandledPromptBehavior: , version: 69.0.3497.100, webStorageEnabled: true}
Session ID: 72ec86358b66c8116ce6d6f4818f3380)

2018-09-27 10:17:53 - [MESSAGE][FAILED] - Unable to click on object 'Object Repository/Page_Beauty Box Subscription for Wo/svg_ 2018 Birchbox_icon__svg__' (Root cause: org.openqa.selenium.WebDriverException: unknown error: Element <svg class="icon__svg___cc1CR utilities__block___2NUBz utilities__fullWidth___3kUCi utilities__fullHeight___NZTu9" viewBox="0 0 23 19" fill="none" stroke="#1f1f1f" stroke-width="2" stroke-linecap="square">...</svg> is not clickable at point (29, 32). Other element would receive the click: <path d="M203.4,372.722l-2.122-2.121-9.677,9.677,2.121,2.121Z" transform="translate(-191.594 -370.594)"></path>
  (Session info: chrome=69.0.3497.100)
  (Driver info: chromedriver=2.35.528161 (5b82f2d2aae0ca24b877009200ced9065a772e73),platform=Windows NT 6.1.7601 SP1 x86_64) (WARNING: The server did not provide any stacktrace information)
Command duration or timeout: 0 milliseconds
Build info: version: '3.7.1', revision: '8a0099a', time: '2017-11-06T21:07:36.161Z'
System info: host: 'PLEMKTPLACE-08', ip: '10.241.184.32', os.name: 'Windows 7', os.arch: 'amd64', os.version: '6.1', java.version: '1.8.0_181'
Driver info: com.kms.katalon.selenium.driver.CChromeDriver
Capabilities {acceptInsecureCerts: false, acceptSslCerts: false, applicationCacheEnabled: false, browserConnectionEnabled: false, browserName: chrome, chrome: {chromedriverVersion: 2.35.528161 (5b82f2d2aae0ca..., userDataDir: C:\Users\vbrooks\AppData\Lo...}, cssSelectorsEnabled: true, databaseEnabled: false, handlesAlerts: true, hasTouchScreen: false, javascriptEnabled: true, locationContextEnabled: true, mobileEmulationEnabled: false, nativeEvents: true, networkConnectionEnabled: false, pageLoadStrategy: normal, platform: XP, platformName: XP, rotatable: false, setWindowRect: true, takesHeapSnapshot: true, takesScreenshot: true, unexpectedAlertBehaviour: , unhandledPromptBehavior: , version: 69.0.3497.100, webStorageEnabled: true}
Session ID: 72ec86358b66c8116ce6d6f4818f3380)]]></system-out>
         <system-err><![CDATA[2018-09-27 10:17:51 - [TEST_CASE][FAILED] - Test Cases/US mobile test/Test all Shop top-level categories for Womens Shop (Hair): Test Cases/US mobile test/Test all Shop top-level categories for Womens Shop (Hair) FAILED because (of) (Stack trace: com.kms.katalon.core.exception.StepFailedException: Unable to click on object 'Object Repository/Page_Beauty Box Subscription for Wo/svg_ 2018 Birchbox_icon__svg__' (Root cause: org.openqa.selenium.WebDriverException: unknown error: Element <svg class="icon__svg___cc1CR utilities__block___2NUBz utilities__fullWidth___3kUCi utilities__fullHeight___NZTu9" viewBox="0 0 23 19" fill="none" stroke="#1f1f1f" stroke-width="2" stroke-linecap="square">...</svg> is not clickable at point (29, 32). Other element would receive the click: <path d="M203.4,372.722l-2.122-2.121-9.677,9.677,2.121,2.121Z" transform="translate(-191.594 -370.594)"></path>
  (Session info: chrome=69.0.3497.100)
  (Driver info: chromedriver=2.35.528161 (5b82f2d2aae0ca24b877009200ced9065a772e73),platform=Windows NT 6.1.7601 SP1 x86_64) (WARNING: The server did not provide any stacktrace information)
Command duration or timeout: 0 milliseconds
Build info: version: '3.7.1', revision: '8a0099a', time: '2017-11-06T21:07:36.161Z'
System info: host: 'PLEMKTPLACE-08', ip: '10.241.184.32', os.name: 'Windows 7', os.arch: 'amd64', os.version: '6.1', java.version: '1.8.0_181'
Driver info: com.kms.katalon.selenium.driver.CChromeDriver
Capabilities {acceptInsecureCerts: false, acceptSslCerts: false, applicationCacheEnabled: false, browserConnectionEnabled: false, browserName: chrome, chrome: {chromedriverVersion: 2.35.528161 (5b82f2d2aae0ca..., userDataDir: C:\Users\vbrooks\AppData\Lo...}, cssSelectorsEnabled: true, databaseEnabled: false, handlesAlerts: true, hasTouchScreen: false, javascriptEnabled: true, locationContextEnabled: true, mobileEmulationEnabled: false, nativeEvents: true, networkConnectionEnabled: false, pageLoadStrategy: normal, platform: XP, platformName: XP, rotatable: false, setWindowRect: true, takesHeapSnapshot: true, takesScreenshot: true, unexpectedAlertBehaviour: , unhandledPromptBehavior: , version: 69.0.3497.100, webStorageEnabled: true}
Session ID: 72ec86358b66c8116ce6d6f4818f3380)
	at com.kms.katalon.core.keyword.internal.KeywordMain.stepFailed(KeywordMain.groovy:36)
	at com.kms.katalon.core.webui.keyword.internal.WebUIKeywordMain.stepFailed(WebUIKeywordMain.groovy:65)
	at com.kms.katalon.core.webui.keyword.internal.WebUIKeywordMain.runKeyword(WebUIKeywordMain.groovy:27)
	at com.kms.katalon.core.webui.keyword.builtin.ClickKeyword.click(ClickKeyword.groovy:86)
	at com.kms.katalon.core.webui.keyword.builtin.ClickKeyword.execute(ClickKeyword.groovy:67)
	at com.kms.katalon.core.keyword.internal.KeywordExecutor.executeKeywordForPlatform(KeywordExecutor.groovy:53)
	at com.kms.katalon.core.webui.keyword.WebUiBuiltInKeywords.click(WebUiBuiltInKeywords.groovy:616)
	at com.kms.katalon.core.webui.keyword.WebUiBuiltInKeywords$click$4.call(Unknown Source)
	at org.codehaus.groovy.runtime.callsite.CallSiteArray.defaultCall(CallSiteArray.java:48)
	at org.codehaus.groovy.runtime.callsite.AbstractCallSite.call(AbstractCallSite.java:113)
	at org.codehaus.groovy.runtime.callsite.AbstractCallSite.call(AbstractCallSite.java:125)
	at Script1536614341005.run(Script1536614341005.groovy:22)
	at com.kms.katalon.core.main.ScriptEngine.run(ScriptEngine.java:183)
	at com.kms.katalon.core.main.ScriptEngine.runScriptAsRawText(ScriptEngine.java:108)
	at com.kms.katalon.core.main.TestCaseExecutor.runScript(TestCaseExecutor.java:294)
	at com.kms.katalon.core.main.TestCaseExecutor.doExecute(TestCaseExecutor.java:285)
	at com.kms.katalon.core.main.TestCaseExecutor.processExecutionPhase(TestCaseExecutor.java:264)
	at com.kms.katalon.core.main.TestCaseExecutor.accessMainPhase(TestCaseExecutor.java:256)
	at com.kms.katalon.core.main.TestCaseExecutor.execute(TestCaseExecutor.java:200)
	at com.kms.katalon.core.main.TestSuiteExecutor.accessTestCaseMainPhase(TestSuiteExecutor.java:129)
	at com.kms.katalon.core.main.TestSuiteExecutor.accessTestSuiteMainPhase(TestSuiteExecutor.java:112)
	at com.kms.katalon.core.main.TestSuiteExecutor.execute(TestSuiteExecutor.java:81)
	at com.kms.katalon.core.main.TestCaseMain.startTestSuite(TestCaseMain.java:142)
	at com.kms.katalon.core.main.TestCaseMain$startTestSuite$0.call(Unknown Source)
	at org.codehaus.groovy.runtime.callsite.CallSiteArray.defaultCall(CallSiteArray.java:48)
	at org.codehaus.groovy.runtime.callsite.AbstractCallSite.call(AbstractCallSite.java:113)
	at org.codehaus.groovy.runtime.callsite.AbstractCallSite.call(AbstractCallSite.java:141)
	at TempTestSuite1538067597028.run(TempTestSuite1538067597028.groovy:36)
	at groovy.lang.GroovyShell.runScriptOrMainOrTestOrRunnable(GroovyShell.java:263)
	at groovy.lang.GroovyShell.run(GroovyShell.java:518)
	at groovy.lang.GroovyShell.run(GroovyShell.java:507)
	at groovy.ui.GroovyMain.processOnce(GroovyMain.java:653)
	at groovy.ui.GroovyMain.run(GroovyMain.java:384)
	at groovy.ui.GroovyMain.process(GroovyMain.java:370)
	at groovy.ui.GroovyMain.processArgs(GroovyMain.java:129)
	at groovy.ui.GroovyMain.main(GroovyMain.java:109)
	at sun.reflect.NativeMethodAccessorImpl.invoke0(Native Method)
	at sun.reflect.NativeMethodAccessorImpl.invoke(NativeMethodAccessorImpl.java:62)
	at sun.reflect.DelegatingMethodAccessorImpl.invoke(DelegatingMethodAccessorImpl.java:43)
	at java.lang.reflect.Method.invoke(Method.java:498)
	at org.codehaus.groovy.tools.GroovyStarter.rootLoader(GroovyStarter.java:109)
	at org.codehaus.groovy.tools.GroovyStarter.main(GroovyStarter.java:131)
)]]></system-err>
      </testcase>
      <testcase name="Test Cases/US mobile test/Test all Shop top-level categories for Womes Shop (Skin)" classname="Test Cases/US mobile test/Test all Shop top-level categories for Womes Shop (Skin)" status="FAILED">
         <failure type="FAILED" message="(Stack trace: com.kms.katalon.core.exception.StepFailedException: Unable to click on object 'Object Repository/Page_Beauty Box Subscription for Wo/svg_ 2018 Birchbox_icon__svg__' (Root cause: org.openqa.selenium.WebDriverException: unknown error: Element &lt;svg class=&quot;icon__svg___cc1CR utilities__block___2NUBz utilities__fullWidth___3kUCi utilities__fullHeight___NZTu9&quot; viewBox=&quot;0 0 23 19&quot; fill=&quot;none&quot; stroke=&quot;#1f1f1f&quot; stroke-width=&quot;2&quot; stroke-linecap=&quot;square&quot;>...&lt;/svg> is not clickable at point (29, 32). Other element would receive the click: &lt;path d=&quot;M203.4,372.722l-2.122-2.121-9.677,9.677,2.121,2.121Z&quot; transform=&quot;translate(-191.594 -370.594)&quot;>&lt;/path>
  (Session info: chrome=69.0.3497.100)
  (Driver info: chromedriver=2.35.528161 (5b82f2d2aae0ca24b877009200ced9065a772e73),platform=Windows NT 6.1.7601 SP1 x86_64) (WARNING: The server did not provide any stacktrace information)
Command duration or timeout: 0 milliseconds
Build info: version: '3.7.1', revision: '8a0099a', time: '2017-11-06T21:07:36.161Z'
System info: host: 'PLEMKTPLACE-08', ip: '10.241.184.32', os.name: 'Windows 7', os.arch: 'amd64', os.version: '6.1', java.version: '1.8.0_181'
Driver info: com.kms.katalon.selenium.driver.CChromeDriver
Capabilities {acceptInsecureCerts: false, acceptSslCerts: false, applicationCacheEnabled: false, browserConnectionEnabled: false, browserName: chrome, chrome: {chromedriverVersion: 2.35.528161 (5b82f2d2aae0ca..., userDataDir: C:\Users\vbrooks\AppData\Lo...}, cssSelectorsEnabled: true, databaseEnabled: false, handlesAlerts: true, hasTouchScreen: false, javascriptEnabled: true, locationContextEnabled: true, mobileEmulationEnabled: false, nativeEvents: true, networkConnectionEnabled: false, pageLoadStrategy: normal, platform: XP, platformName: XP, rotatable: false, setWindowRect: true, takesHeapSnapshot: true, takesScreenshot: true, unexpectedAlertBehaviour: , unhandledPromptBehavior: , version: 69.0.3497.100, webStorageEnabled: true}
Session ID: 72ec86358b66c8116ce6d6f4818f3380)
	at com.kms.katalon.core.keyword.internal.KeywordMain.stepFailed(KeywordMain.groovy:36)
	at com.kms.katalon.core.webui.keyword.internal.WebUIKeywordMain.stepFailed(WebUIKeywordMain.groovy:65)
	at com.kms.katalon.core.webui.keyword.internal.WebUIKeywordMain.runKeyword(WebUIKeywordMain.groovy:27)
	at com.kms.katalon.core.webui.keyword.builtin.ClickKeyword.click(ClickKeyword.groovy:86)
	at com.kms.katalon.core.webui.keyword.builtin.ClickKeyword.execute(ClickKeyword.groovy:67)
	at com.kms.katalon.core.keyword.internal.KeywordExecutor.executeKeywordForPlatform(KeywordExecutor.groovy:53)
	at com.kms.katalon.core.webui.keyword.WebUiBuiltInKeywords.click(WebUiBuiltInKeywords.groovy:616)
	at com.kms.katalon.core.webui.keyword.WebUiBuiltInKeywords$click$4.call(Unknown Source)
	at org.codehaus.groovy.runtime.callsite.CallSiteArray.defaultCall(CallSiteArray.java:48)
	at org.codehaus.groovy.runtime.callsite.AbstractCallSite.call(AbstractCallSite.java:113)
	at org.codehaus.groovy.runtime.callsite.AbstractCallSite.call(AbstractCallSite.java:125)
	at Script1536617663530.run(Script1536617663530.groovy:22)
	at com.kms.katalon.core.main.ScriptEngine.run(ScriptEngine.java:183)
	at com.kms.katalon.core.main.ScriptEngine.runScriptAsRawText(ScriptEngine.java:108)
	at com.kms.katalon.core.main.TestCaseExecutor.runScript(TestCaseExecutor.java:294)
	at com.kms.katalon.core.main.TestCaseExecutor.doExecute(TestCaseExecutor.java:285)
	at com.kms.katalon.core.main.TestCaseExecutor.processExecutionPhase(TestCaseExecutor.java:264)
	at com.kms.katalon.core.main.TestCaseExecutor.accessMainPhase(TestCaseExecutor.java:256)
	at com.kms.katalon.core.main.TestCaseExecutor.execute(TestCaseExecutor.java:200)
	at com.kms.katalon.core.main.TestSuiteExecutor.accessTestCaseMainPhase(TestSuiteExecutor.java:129)
	at com.kms.katalon.core.main.TestSuiteExecutor.accessTestSuiteMainPhase(TestSuiteExecutor.java:112)
	at com.kms.katalon.core.main.TestSuiteExecutor.execute(TestSuiteExecutor.java:81)
	at com.kms.katalon.core.main.TestCaseMain.startTestSuite(TestCaseMain.java:142)
	at com.kms.katalon.core.main.TestCaseMain$startTestSuite$0.call(Unknown Source)
	at org.codehaus.groovy.runtime.callsite.CallSiteArray.defaultCall(CallSiteArray.java:48)
	at org.codehaus.groovy.runtime.callsite.AbstractCallSite.call(AbstractCallSite.java:113)
	at org.codehaus.groovy.runtime.callsite.AbstractCallSite.call(AbstractCallSite.java:141)
	at TempTestSuite1538067597028.run(TempTestSuite1538067597028.groovy:36)
	at groovy.lang.GroovyShell.runScriptOrMainOrTestOrRunnable(GroovyShell.java:263)
	at groovy.lang.GroovyShell.run(GroovyShell.java:518)
	at groovy.lang.GroovyShell.run(GroovyShell.java:507)
	at groovy.ui.GroovyMain.processOnce(GroovyMain.java:653)
	at groovy.ui.GroovyMain.run(GroovyMain.java:384)
	at groovy.ui.GroovyMain.process(GroovyMain.java:370)
	at groovy.ui.GroovyMain.processArgs(GroovyMain.java:129)
	at groovy.ui.GroovyMain.main(GroovyMain.java:109)
	at sun.reflect.NativeMethodAccessorImpl.invoke0(Native Method)
	at sun.reflect.NativeMethodAccessorImpl.invoke(NativeMethodAccessorImpl.java:62)
	at sun.reflect.DelegatingMethodAccessorImpl.invoke(DelegatingMethodAccessorImpl.java:43)
	at java.lang.reflect.Method.invoke(Method.java:498)
	at org.codehaus.groovy.tools.GroovyStarter.rootLoader(GroovyStarter.java:109)
	at org.codehaus.groovy.tools.GroovyStarter.main(GroovyStarter.java:131)
)"/>
         <system-out><![CDATA[2018-09-27 10:17:53 - [TEST_CASE][FAILED] - Test Cases/US mobile test/Test all Shop top-level categories for Womes Shop (Skin): Test Cases/US mobile test/Test all Shop top-level categories for Womes Shop (Skin) FAILED because (of) (Stack trace: com.kms.katalon.core.exception.StepFailedException: Unable to click on object 'Object Repository/Page_Beauty Box Subscription for Wo/svg_ 2018 Birchbox_icon__svg__' (Root cause: org.openqa.selenium.WebDriverException: unknown error: Element <svg class="icon__svg___cc1CR utilities__block___2NUBz utilities__fullWidth___3kUCi utilities__fullHeight___NZTu9" viewBox="0 0 23 19" fill="none" stroke="#1f1f1f" stroke-width="2" stroke-linecap="square">...</svg> is not clickable at point (29, 32). Other element would receive the click: <path d="M203.4,372.722l-2.122-2.121-9.677,9.677,2.121,2.121Z" transform="translate(-191.594 -370.594)"></path>
  (Session info: chrome=69.0.3497.100)
  (Driver info: chromedriver=2.35.528161 (5b82f2d2aae0ca24b877009200ced9065a772e73),platform=Windows NT 6.1.7601 SP1 x86_64) (WARNING: The server did not provide any stacktrace information)
Command duration or timeout: 0 milliseconds
Build info: version: '3.7.1', revision: '8a0099a', time: '2017-11-06T21:07:36.161Z'
System info: host: 'PLEMKTPLACE-08', ip: '10.241.184.32', os.name: 'Windows 7', os.arch: 'amd64', os.version: '6.1', java.version: '1.8.0_181'
Driver info: com.kms.katalon.selenium.driver.CChromeDriver
Capabilities {acceptInsecureCerts: false, acceptSslCerts: false, applicationCacheEnabled: false, browserConnectionEnabled: false, browserName: chrome, chrome: {chromedriverVersion: 2.35.528161 (5b82f2d2aae0ca..., userDataDir: C:\Users\vbrooks\AppData\Lo...}, cssSelectorsEnabled: true, databaseEnabled: false, handlesAlerts: true, hasTouchScreen: false, javascriptEnabled: true, locationContextEnabled: true, mobileEmulationEnabled: false, nativeEvents: true, networkConnectionEnabled: false, pageLoadStrategy: normal, platform: XP, platformName: XP, rotatable: false, setWindowRect: true, takesHeapSnapshot: true, takesScreenshot: true, unexpectedAlertBehaviour: , unhandledPromptBehavior: , version: 69.0.3497.100, webStorageEnabled: true}
Session ID: 72ec86358b66c8116ce6d6f4818f3380)
	at com.kms.katalon.core.keyword.internal.KeywordMain.stepFailed(KeywordMain.groovy:36)
	at com.kms.katalon.core.webui.keyword.internal.WebUIKeywordMain.stepFailed(WebUIKeywordMain.groovy:65)
	at com.kms.katalon.core.webui.keyword.internal.WebUIKeywordMain.runKeyword(WebUIKeywordMain.groovy:27)
	at com.kms.katalon.core.webui.keyword.builtin.ClickKeyword.click(ClickKeyword.groovy:86)
	at com.kms.katalon.core.webui.keyword.builtin.ClickKeyword.execute(ClickKeyword.groovy:67)
	at com.kms.katalon.core.keyword.internal.KeywordExecutor.executeKeywordForPlatform(KeywordExecutor.groovy:53)
	at com.kms.katalon.core.webui.keyword.WebUiBuiltInKeywords.click(WebUiBuiltInKeywords.groovy:616)
	at com.kms.katalon.core.webui.keyword.WebUiBuiltInKeywords$click$4.call(Unknown Source)
	at org.codehaus.groovy.runtime.callsite.CallSiteArray.defaultCall(CallSiteArray.java:48)
	at org.codehaus.groovy.runtime.callsite.AbstractCallSite.call(AbstractCallSite.java:113)
	at org.codehaus.groovy.runtime.callsite.AbstractCallSite.call(AbstractCallSite.java:125)
	at Script1536617663530.run(Script1536617663530.groovy:22)
	at com.kms.katalon.core.main.ScriptEngine.run(ScriptEngine.java:183)
	at com.kms.katalon.core.main.ScriptEngine.runScriptAsRawText(ScriptEngine.java:108)
	at com.kms.katalon.core.main.TestCaseExecutor.runScript(TestCaseExecutor.java:294)
	at com.kms.katalon.core.main.TestCaseExecutor.doExecute(TestCaseExecutor.java:285)
	at com.kms.katalon.core.main.TestCaseExecutor.processExecutionPhase(TestCaseExecutor.java:264)
	at com.kms.katalon.core.main.TestCaseExecutor.accessMainPhase(TestCaseExecutor.java:256)
	at com.kms.katalon.core.main.TestCaseExecutor.execute(TestCaseExecutor.java:200)
	at com.kms.katalon.core.main.TestSuiteExecutor.accessTestCaseMainPhase(TestSuiteExecutor.java:129)
	at com.kms.katalon.core.main.TestSuiteExecutor.accessTestSuiteMainPhase(TestSuiteExecutor.java:112)
	at com.kms.katalon.core.main.TestSuiteExecutor.execute(TestSuiteExecutor.java:81)
	at com.kms.katalon.core.main.TestCaseMain.startTestSuite(TestCaseMain.java:142)
	at com.kms.katalon.core.main.TestCaseMain$startTestSuite$0.call(Unknown Source)
	at org.codehaus.groovy.runtime.callsite.CallSiteArray.defaultCall(CallSiteArray.java:48)
	at org.codehaus.groovy.runtime.callsite.AbstractCallSite.call(AbstractCallSite.java:113)
	at org.codehaus.groovy.runtime.callsite.AbstractCallSite.call(AbstractCallSite.java:141)
	at TempTestSuite1538067597028.run(TempTestSuite1538067597028.groovy:36)
	at groovy.lang.GroovyShell.runScriptOrMainOrTestOrRunnable(GroovyShell.java:263)
	at groovy.lang.GroovyShell.run(GroovyShell.java:518)
	at groovy.lang.GroovyShell.run(GroovyShell.java:507)
	at groovy.ui.GroovyMain.processOnce(GroovyMain.java:653)
	at groovy.ui.GroovyMain.run(GroovyMain.java:384)
	at groovy.ui.GroovyMain.process(GroovyMain.java:370)
	at groovy.ui.GroovyMain.processArgs(GroovyMain.java:129)
	at groovy.ui.GroovyMain.main(GroovyMain.java:109)
	at sun.reflect.NativeMethodAccessorImpl.invoke0(Native Method)
	at sun.reflect.NativeMethodAccessorImpl.invoke(NativeMethodAccessorImpl.java:62)
	at sun.reflect.DelegatingMethodAccessorImpl.invoke(DelegatingMethodAccessorImpl.java:43)
	at java.lang.reflect.Method.invoke(Method.java:498)
	at org.codehaus.groovy.tools.GroovyStarter.rootLoader(GroovyStarter.java:109)
	at org.codehaus.groovy.tools.GroovyStarter.main(GroovyStarter.java:131)
)

2018-09-27 10:17:54 - [TEST_STEP][NOT_RUN] - callTestCase: NOT_RUN: callTestCase

2018-09-27 10:17:54 - [MESSAGE][NOT_RUN] - NOT_RUN: callTestCase

2018-09-27 10:17:54 - [TEST_STEP][PASSED] - delay: Delayed 1 second(s)

2018-09-27 10:17:55 - [MESSAGE][PASSED] - Delayed 1 second(s)

2018-09-27 10:17:55 - [TEST_STEP][FAILED] - click: Unable to click on object 'Object Repository/Page_Beauty Box Subscription for Wo/svg_ 2018 Birchbox_icon__svg__' (Root cause: org.openqa.selenium.WebDriverException: unknown error: Element <svg class="icon__svg___cc1CR utilities__block___2NUBz utilities__fullWidth___3kUCi utilities__fullHeight___NZTu9" viewBox="0 0 23 19" fill="none" stroke="#1f1f1f" stroke-width="2" stroke-linecap="square">...</svg> is not clickable at point (29, 32). Other element would receive the click: <path d="M203.4,372.722l-2.122-2.121-9.677,9.677,2.121,2.121Z" transform="translate(-191.594 -370.594)"></path>
  (Session info: chrome=69.0.3497.100)
  (Driver info: chromedriver=2.35.528161 (5b82f2d2aae0ca24b877009200ced9065a772e73),platform=Windows NT 6.1.7601 SP1 x86_64) (WARNING: The server did not provide any stacktrace information)
Command duration or timeout: 0 milliseconds
Build info: version: '3.7.1', revision: '8a0099a', time: '2017-11-06T21:07:36.161Z'
System info: host: 'PLEMKTPLACE-08', ip: '10.241.184.32', os.name: 'Windows 7', os.arch: 'amd64', os.version: '6.1', java.version: '1.8.0_181'
Driver info: com.kms.katalon.selenium.driver.CChromeDriver
Capabilities {acceptInsecureCerts: false, acceptSslCerts: false, applicationCacheEnabled: false, browserConnectionEnabled: false, browserName: chrome, chrome: {chromedriverVersion: 2.35.528161 (5b82f2d2aae0ca..., userDataDir: C:\Users\vbrooks\AppData\Lo...}, cssSelectorsEnabled: true, databaseEnabled: false, handlesAlerts: true, hasTouchScreen: false, javascriptEnabled: true, locationContextEnabled: true, mobileEmulationEnabled: false, nativeEvents: true, networkConnectionEnabled: false, pageLoadStrategy: normal, platform: XP, platformName: XP, rotatable: false, setWindowRect: true, takesHeapSnapshot: true, takesScreenshot: true, unexpectedAlertBehaviour: , unhandledPromptBehavior: , version: 69.0.3497.100, webStorageEnabled: true}
Session ID: 72ec86358b66c8116ce6d6f4818f3380)

2018-09-27 10:17:55 - [MESSAGE][FAILED] - Unable to click on object 'Object Repository/Page_Beauty Box Subscription for Wo/svg_ 2018 Birchbox_icon__svg__' (Root cause: org.openqa.selenium.WebDriverException: unknown error: Element <svg class="icon__svg___cc1CR utilities__block___2NUBz utilities__fullWidth___3kUCi utilities__fullHeight___NZTu9" viewBox="0 0 23 19" fill="none" stroke="#1f1f1f" stroke-width="2" stroke-linecap="square">...</svg> is not clickable at point (29, 32). Other element would receive the click: <path d="M203.4,372.722l-2.122-2.121-9.677,9.677,2.121,2.121Z" transform="translate(-191.594 -370.594)"></path>
  (Session info: chrome=69.0.3497.100)
  (Driver info: chromedriver=2.35.528161 (5b82f2d2aae0ca24b877009200ced9065a772e73),platform=Windows NT 6.1.7601 SP1 x86_64) (WARNING: The server did not provide any stacktrace information)
Command duration or timeout: 0 milliseconds
Build info: version: '3.7.1', revision: '8a0099a', time: '2017-11-06T21:07:36.161Z'
System info: host: 'PLEMKTPLACE-08', ip: '10.241.184.32', os.name: 'Windows 7', os.arch: 'amd64', os.version: '6.1', java.version: '1.8.0_181'
Driver info: com.kms.katalon.selenium.driver.CChromeDriver
Capabilities {acceptInsecureCerts: false, acceptSslCerts: false, applicationCacheEnabled: false, browserConnectionEnabled: false, browserName: chrome, chrome: {chromedriverVersion: 2.35.528161 (5b82f2d2aae0ca..., userDataDir: C:\Users\vbrooks\AppData\Lo...}, cssSelectorsEnabled: true, databaseEnabled: false, handlesAlerts: true, hasTouchScreen: false, javascriptEnabled: true, locationContextEnabled: true, mobileEmulationEnabled: false, nativeEvents: true, networkConnectionEnabled: false, pageLoadStrategy: normal, platform: XP, platformName: XP, rotatable: false, setWindowRect: true, takesHeapSnapshot: true, takesScreenshot: true, unexpectedAlertBehaviour: , unhandledPromptBehavior: , version: 69.0.3497.100, webStorageEnabled: true}
Session ID: 72ec86358b66c8116ce6d6f4818f3380)]]></system-out>
         <system-err><![CDATA[2018-09-27 10:17:53 - [TEST_CASE][FAILED] - Test Cases/US mobile test/Test all Shop top-level categories for Womes Shop (Skin): Test Cases/US mobile test/Test all Shop top-level categories for Womes Shop (Skin) FAILED because (of) (Stack trace: com.kms.katalon.core.exception.StepFailedException: Unable to click on object 'Object Repository/Page_Beauty Box Subscription for Wo/svg_ 2018 Birchbox_icon__svg__' (Root cause: org.openqa.selenium.WebDriverException: unknown error: Element <svg class="icon__svg___cc1CR utilities__block___2NUBz utilities__fullWidth___3kUCi utilities__fullHeight___NZTu9" viewBox="0 0 23 19" fill="none" stroke="#1f1f1f" stroke-width="2" stroke-linecap="square">...</svg> is not clickable at point (29, 32). Other element would receive the click: <path d="M203.4,372.722l-2.122-2.121-9.677,9.677,2.121,2.121Z" transform="translate(-191.594 -370.594)"></path>
  (Session info: chrome=69.0.3497.100)
  (Driver info: chromedriver=2.35.528161 (5b82f2d2aae0ca24b877009200ced9065a772e73),platform=Windows NT 6.1.7601 SP1 x86_64) (WARNING: The server did not provide any stacktrace information)
Command duration or timeout: 0 milliseconds
Build info: version: '3.7.1', revision: '8a0099a', time: '2017-11-06T21:07:36.161Z'
System info: host: 'PLEMKTPLACE-08', ip: '10.241.184.32', os.name: 'Windows 7', os.arch: 'amd64', os.version: '6.1', java.version: '1.8.0_181'
Driver info: com.kms.katalon.selenium.driver.CChromeDriver
Capabilities {acceptInsecureCerts: false, acceptSslCerts: false, applicationCacheEnabled: false, browserConnectionEnabled: false, browserName: chrome, chrome: {chromedriverVersion: 2.35.528161 (5b82f2d2aae0ca..., userDataDir: C:\Users\vbrooks\AppData\Lo...}, cssSelectorsEnabled: true, databaseEnabled: false, handlesAlerts: true, hasTouchScreen: false, javascriptEnabled: true, locationContextEnabled: true, mobileEmulationEnabled: false, nativeEvents: true, networkConnectionEnabled: false, pageLoadStrategy: normal, platform: XP, platformName: XP, rotatable: false, setWindowRect: true, takesHeapSnapshot: true, takesScreenshot: true, unexpectedAlertBehaviour: , unhandledPromptBehavior: , version: 69.0.3497.100, webStorageEnabled: true}
Session ID: 72ec86358b66c8116ce6d6f4818f3380)
	at com.kms.katalon.core.keyword.internal.KeywordMain.stepFailed(KeywordMain.groovy:36)
	at com.kms.katalon.core.webui.keyword.internal.WebUIKeywordMain.stepFailed(WebUIKeywordMain.groovy:65)
	at com.kms.katalon.core.webui.keyword.internal.WebUIKeywordMain.runKeyword(WebUIKeywordMain.groovy:27)
	at com.kms.katalon.core.webui.keyword.builtin.ClickKeyword.click(ClickKeyword.groovy:86)
	at com.kms.katalon.core.webui.keyword.builtin.ClickKeyword.execute(ClickKeyword.groovy:67)
	at com.kms.katalon.core.keyword.internal.KeywordExecutor.executeKeywordForPlatform(KeywordExecutor.groovy:53)
	at com.kms.katalon.core.webui.keyword.WebUiBuiltInKeywords.click(WebUiBuiltInKeywords.groovy:616)
	at com.kms.katalon.core.webui.keyword.WebUiBuiltInKeywords$click$4.call(Unknown Source)
	at org.codehaus.groovy.runtime.callsite.CallSiteArray.defaultCall(CallSiteArray.java:48)
	at org.codehaus.groovy.runtime.callsite.AbstractCallSite.call(AbstractCallSite.java:113)
	at org.codehaus.groovy.runtime.callsite.AbstractCallSite.call(AbstractCallSite.java:125)
	at Script1536617663530.run(Script1536617663530.groovy:22)
	at com.kms.katalon.core.main.ScriptEngine.run(ScriptEngine.java:183)
	at com.kms.katalon.core.main.ScriptEngine.runScriptAsRawText(ScriptEngine.java:108)
	at com.kms.katalon.core.main.TestCaseExecutor.runScript(TestCaseExecutor.java:294)
	at com.kms.katalon.core.main.TestCaseExecutor.doExecute(TestCaseExecutor.java:285)
	at com.kms.katalon.core.main.TestCaseExecutor.processExecutionPhase(TestCaseExecutor.java:264)
	at com.kms.katalon.core.main.TestCaseExecutor.accessMainPhase(TestCaseExecutor.java:256)
	at com.kms.katalon.core.main.TestCaseExecutor.execute(TestCaseExecutor.java:200)
	at com.kms.katalon.core.main.TestSuiteExecutor.accessTestCaseMainPhase(TestSuiteExecutor.java:129)
	at com.kms.katalon.core.main.TestSuiteExecutor.accessTestSuiteMainPhase(TestSuiteExecutor.java:112)
	at com.kms.katalon.core.main.TestSuiteExecutor.execute(TestSuiteExecutor.java:81)
	at com.kms.katalon.core.main.TestCaseMain.startTestSuite(TestCaseMain.java:142)
	at com.kms.katalon.core.main.TestCaseMain$startTestSuite$0.call(Unknown Source)
	at org.codehaus.groovy.runtime.callsite.CallSiteArray.defaultCall(CallSiteArray.java:48)
	at org.codehaus.groovy.runtime.callsite.AbstractCallSite.call(AbstractCallSite.java:113)
	at org.codehaus.groovy.runtime.callsite.AbstractCallSite.call(AbstractCallSite.java:141)
	at TempTestSuite1538067597028.run(TempTestSuite1538067597028.groovy:36)
	at groovy.lang.GroovyShell.runScriptOrMainOrTestOrRunnable(GroovyShell.java:263)
	at groovy.lang.GroovyShell.run(GroovyShell.java:518)
	at groovy.lang.GroovyShell.run(GroovyShell.java:507)
	at groovy.ui.GroovyMain.processOnce(GroovyMain.java:653)
	at groovy.ui.GroovyMain.run(GroovyMain.java:384)
	at groovy.ui.GroovyMain.process(GroovyMain.java:370)
	at groovy.ui.GroovyMain.processArgs(GroovyMain.java:129)
	at groovy.ui.GroovyMain.main(GroovyMain.java:109)
	at sun.reflect.NativeMethodAccessorImpl.invoke0(Native Method)
	at sun.reflect.NativeMethodAccessorImpl.invoke(NativeMethodAccessorImpl.java:62)
	at sun.reflect.DelegatingMethodAccessorImpl.invoke(DelegatingMethodAccessorImpl.java:43)
	at java.lang.reflect.Method.invoke(Method.java:498)
	at org.codehaus.groovy.tools.GroovyStarter.rootLoader(GroovyStarter.java:109)
	at org.codehaus.groovy.tools.GroovyStarter.main(GroovyStarter.java:131)
)]]></system-err>
      </testcase>
      <system-out><![CDATA[2018-09-27 10:00:03 - [TEST_SUITE][ERROR] - Full Sanity Test (US, mobile): Test Cases/US mobile test/Navigate to any list and add a product to cart FAILED because (of) (Stack trace: groovy.lang.MissingMethodException: No signature of method: static com.kms.katalon.core.webui.keyword.WebUiBuiltInKeywords.verifyElementClickable() is applicable for argument types: (com.kms.katalon.core.testobject.TestObject, java.lang.Integer) values: [TestObject - 'Object Repository/Page_Beauty Protector Protect  Deta/svg_icon__svg___cc1CR utilitie', ...]
Possible solutions: verifyElementClickable(com.kms.katalon.core.testobject.TestObject), verifyElementClickable(com.kms.katalon.core.testobject.TestObject, com.kms.katalon.core.model.FailureHandling), verifyElementNotClickable(com.kms.katalon.core.testobject.TestObject), verifyElementNotClickable(com.kms.katalon.core.testobject.TestObject, com.kms.katalon.core.model.FailureHandling)
	at groovy.lang.MetaClassImpl.invokeStaticMissingMethod(MetaClassImpl.java:1503)
	at groovy.lang.MetaClassImpl.invokeStaticMethod(MetaClassImpl.java:1489)
	at org.codehaus.groovy.runtime.callsite.StaticMetaClassSite.call(StaticMetaClassSite.java:53)
	at org.codehaus.groovy.runtime.callsite.CallSiteArray.defaultCall(CallSiteArray.java:48)
	at org.codehaus.groovy.runtime.callsite.AbstractCallSite.call(AbstractCallSite.java:113)
	at org.codehaus.groovy.runtime.callsite.AbstractCallSite.call(AbstractCallSite.java:133)
	at Script1536087808742.run(Script1536087808742.groovy:65)
	at com.kms.katalon.core.main.ScriptEngine.run(ScriptEngine.java:183)
	at com.kms.katalon.core.main.ScriptEngine.runScriptAsRawText(ScriptEngine.java:108)
	at com.kms.katalon.core.main.TestCaseExecutor.runScript(TestCaseExecutor.java:294)
	at com.kms.katalon.core.main.TestCaseExecutor.doExecute(TestCaseExecutor.java:285)
	at com.kms.katalon.core.main.TestCaseExecutor.processExecutionPhase(TestCaseExecutor.java:264)
	at com.kms.katalon.core.main.TestCaseExecutor.accessMainPhase(TestCaseExecutor.java:256)
	at com.kms.katalon.core.main.TestCaseExecutor.execute(TestCaseExecutor.java:200)
	at com.kms.katalon.core.main.TestSuiteExecutor.accessTestCaseMainPhase(TestSuiteExecutor.java:129)
	at com.kms.katalon.core.main.TestSuiteExecutor.accessTestSuiteMainPhase(TestSuiteExecutor.java:112)
	at com.kms.katalon.core.main.TestSuiteExecutor.execute(TestSuiteExecutor.java:81)
	at com.kms.katalon.core.main.TestCaseMain.startTestSuite(TestCaseMain.java:142)
	at com.kms.katalon.core.main.TestCaseMain$startTestSuite$0.call(Unknown Source)
	at org.codehaus.groovy.runtime.callsite.CallSiteArray.defaultCall(CallSiteArray.java:48)
	at org.codehaus.groovy.runtime.callsite.AbstractCallSite.call(AbstractCallSite.java:113)
	at org.codehaus.groovy.runtime.callsite.AbstractCallSite.call(AbstractCallSite.java:141)
	at TempTestSuite1538067597028.run(TempTestSuite1538067597028.groovy:36)
	at groovy.lang.GroovyShell.runScriptOrMainOrTestOrRunnable(GroovyShell.java:263)
	at groovy.lang.GroovyShell.run(GroovyShell.java:518)
	at groovy.lang.GroovyShell.run(GroovyShell.java:507)
	at groovy.ui.GroovyMain.processOnce(GroovyMain.java:653)
	at groovy.ui.GroovyMain.run(GroovyMain.java:384)
	at groovy.ui.GroovyMain.process(GroovyMain.java:370)
	at groovy.ui.GroovyMain.processArgs(GroovyMain.java:129)
	at groovy.ui.GroovyMain.main(GroovyMain.java:109)
	at sun.reflect.NativeMethodAccessorImpl.invoke0(Native Method)
	at sun.reflect.NativeMethodAccessorImpl.invoke(NativeMethodAccessorImpl.java:62)
	at sun.reflect.DelegatingMethodAccessorImpl.invoke(DelegatingMethodAccessorImpl.java:43)
	at java.lang.reflect.Method.invoke(Method.java:498)
	at org.codehaus.groovy.tools.GroovyStarter.rootLoader(GroovyStarter.java:109)
	at org.codehaus.groovy.tools.GroovyStarter.main(GroovyStarter.java:131)
)]]></system-out>
      <system-err><![CDATA[2018-09-27 10:00:03 - [TEST_SUITE][ERROR] - Full Sanity Test (US, mobile): Test Cases/US mobile test/Navigate to any list and add a product to cart FAILED because (of) (Stack trace: groovy.lang.MissingMethodException: No signature of method: static com.kms.katalon.core.webui.keyword.WebUiBuiltInKeywords.verifyElementClickable() is applicable for argument types: (com.kms.katalon.core.testobject.TestObject, java.lang.Integer) values: [TestObject - 'Object Repository/Page_Beauty Protector Protect  Deta/svg_icon__svg___cc1CR utilitie', ...]
Possible solutions: verifyElementClickable(com.kms.katalon.core.testobject.TestObject), verifyElementClickable(com.kms.katalon.core.testobject.TestObject, com.kms.katalon.core.model.FailureHandling), verifyElementNotClickable(com.kms.katalon.core.testobject.TestObject), verifyElementNotClickable(com.kms.katalon.core.testobject.TestObject, com.kms.katalon.core.model.FailureHandling)
	at groovy.lang.MetaClassImpl.invokeStaticMissingMethod(MetaClassImpl.java:1503)
	at groovy.lang.MetaClassImpl.invokeStaticMethod(MetaClassImpl.java:1489)
	at org.codehaus.groovy.runtime.callsite.StaticMetaClassSite.call(StaticMetaClassSite.java:53)
	at org.codehaus.groovy.runtime.callsite.CallSiteArray.defaultCall(CallSiteArray.java:48)
	at org.codehaus.groovy.runtime.callsite.AbstractCallSite.call(AbstractCallSite.java:113)
	at org.codehaus.groovy.runtime.callsite.AbstractCallSite.call(AbstractCallSite.java:133)
	at Script1536087808742.run(Script1536087808742.groovy:65)
	at com.kms.katalon.core.main.ScriptEngine.run(ScriptEngine.java:183)
	at com.kms.katalon.core.main.ScriptEngine.runScriptAsRawText(ScriptEngine.java:108)
	at com.kms.katalon.core.main.TestCaseExecutor.runScript(TestCaseExecutor.java:294)
	at com.kms.katalon.core.main.TestCaseExecutor.doExecute(TestCaseExecutor.java:285)
	at com.kms.katalon.core.main.TestCaseExecutor.processExecutionPhase(TestCaseExecutor.java:264)
	at com.kms.katalon.core.main.TestCaseExecutor.accessMainPhase(TestCaseExecutor.java:256)
	at com.kms.katalon.core.main.TestCaseExecutor.execute(TestCaseExecutor.java:200)
	at com.kms.katalon.core.main.TestSuiteExecutor.accessTestCaseMainPhase(TestSuiteExecutor.java:129)
	at com.kms.katalon.core.main.TestSuiteExecutor.accessTestSuiteMainPhase(TestSuiteExecutor.java:112)
	at com.kms.katalon.core.main.TestSuiteExecutor.execute(TestSuiteExecutor.java:81)
	at com.kms.katalon.core.main.TestCaseMain.startTestSuite(TestCaseMain.java:142)
	at com.kms.katalon.core.main.TestCaseMain$startTestSuite$0.call(Unknown Source)
	at org.codehaus.groovy.runtime.callsite.CallSiteArray.defaultCall(CallSiteArray.java:48)
	at org.codehaus.groovy.runtime.callsite.AbstractCallSite.call(AbstractCallSite.java:113)
	at org.codehaus.groovy.runtime.callsite.AbstractCallSite.call(AbstractCallSite.java:141)
	at TempTestSuite1538067597028.run(TempTestSuite1538067597028.groovy:36)
	at groovy.lang.GroovyShell.runScriptOrMainOrTestOrRunnable(GroovyShell.java:263)
	at groovy.lang.GroovyShell.run(GroovyShell.java:518)
	at groovy.lang.GroovyShell.run(GroovyShell.java:507)
	at groovy.ui.GroovyMain.processOnce(GroovyMain.java:653)
	at groovy.ui.GroovyMain.run(GroovyMain.java:384)
	at groovy.ui.GroovyMain.process(GroovyMain.java:370)
	at groovy.ui.GroovyMain.processArgs(GroovyMain.java:129)
	at groovy.ui.GroovyMain.main(GroovyMain.java:109)
	at sun.reflect.NativeMethodAccessorImpl.invoke0(Native Method)
	at sun.reflect.NativeMethodAccessorImpl.invoke(NativeMethodAccessorImpl.java:62)
	at sun.reflect.DelegatingMethodAccessorImpl.invoke(DelegatingMethodAccessorImpl.java:43)
	at java.lang.reflect.Method.invoke(Method.java:498)
	at org.codehaus.groovy.tools.GroovyStarter.rootLoader(GroovyStarter.java:109)
	at org.codehaus.groovy.tools.GroovyStarter.main(GroovyStarter.java:131)
)]]></system-err>
   </testsuite>
</testsuites>
