<?xml version="1.0" encoding="UTF-8"?>
<testsuites name="Full Sanity Test (US, mobile)" time="366" tests="3" failures="2" errors="0">
   <testsuite name="Full Sanity Test (US, mobile)" tests="3" failures="2" errors="0" time="366" timestamp="2018-09-25 14:54:29" hostname="vbrooks - PLEMKTPLACE-08.esa.winadroot.com" id="Test Suites/Full Sanity Test (US, mobile)">
      <properties>
         <property name="deviceName" value=""/>
         <property name="devicePlatform" value=""/>
         <property name="logFolder" value="C:\\Users\\vbrooks\\Katalon Studio\\Birchbox\\Reports\\Full Sanity Test (US, mobile)\\20180925_145426"/>
         <property name="logFiles" value="C:\\Users\\vbrooks\\Katalon Studio\\Birchbox\\Reports\\Full Sanity Test (US, mobile)\\20180925_145426\\execution0.log"/>
         <property name="attachments" value=""/>
         <property name="hostName" value="vbrooks - PLEMKTPLACE-08.esa.winadroot.com"/>
         <property name="os" value="Windows 7 64bit"/>
         <property name="katalonVersion" value="5.7.1.1"/>
         <property name="browser" value="Chrome 69.0.3497.100"/>
         <property name="hostAddress" value="10.241.184.32"/>
         <property name="sessionId" value="f528897109ca8e1c26f9de5870d84608"/>
         <property name="seleniumVersion" value="3.7.1"/>
         <property name="proxyInformation" value="ProxyInformation{proxyOption=NO_PROXY, proxyServerType=HTTP, password=, proxyServerAddress=, proxyServerPort=0}"/>
         <property name="platform" value="Windows 7"/>
      </properties>
      <testcase name="Test Cases/US mobile test/Launch the Birchbox site in the required locale - US (www.staging.birchbox.com)" classname="Test Cases/US mobile test/Launch the Birchbox site in the required locale - US (www.staging.birchbox.com)" status="PASSED">
         <system-out><![CDATA[2018-09-25 14:54:29 - [TEST_CASE][PASSED] - Test Cases/US mobile test/Launch the Birchbox site in the required locale - US (www.staging.birchbox.com): Test Cases/US mobile test/Launch the Birchbox site in the required locale - US (www.staging.birchbox.com)

2018-09-25 14:54:30 - [TEST_STEP][PASSED] - openBrowser: Browser is opened with url: ''

2018-09-25 14:54:34 - [MESSAGE][PASSED] - Browser is opened with url: ''

2018-09-25 14:54:34 - [TEST_STEP][PASSED] - Statement - viewportHeight = com.kms.katalon.core.webui.keyword.WebUiBuiltInKeywords.getViewportHeight(): Viewport height is 707

2018-09-25 14:54:34 - [MESSAGE][PASSED] - Viewport height is 707

2018-09-25 14:54:34 - [TEST_STEP][PASSED] - Statement - viewportWidth = com.kms.katalon.core.webui.keyword.WebUiBuiltInKeywords.getViewportWidth(): Viewport width is 1040

2018-09-25 14:54:34 - [MESSAGE][PASSED] - Viewport width is 1040

2018-09-25 14:54:34 - [TEST_STEP][PASSED] - Statement - println("Browser size: " + viewportWidth + "X" + viewportHeight): null

2018-09-25 14:54:34 - [TEST_STEP][PASSED] - navigateToUrl: Navigate to 'https://www.staging.birchbox.com' successfully

2018-09-25 14:54:40 - [MESSAGE][PASSED] - Navigate to 'https://www.staging.birchbox.com' successfully

2018-09-25 14:54:40 - [TEST_STEP][PASSED] - Statement - If (viewportWidth > 1000): Viewport is set to new size with width = 400 and height = 900

2018-09-25 14:54:40 - [TEST_STEP][PASSED] - setViewPortSize: Viewport is set to new size with width = 400 and height = 900

2018-09-25 14:54:41 - [MESSAGE][PASSED] - Viewport is set to new size with width = 400 and height = 900

2018-09-25 14:54:41 - [TEST_STEP][PASSED] - delay: Delayed 10 second(s)

2018-09-25 14:54:51 - [MESSAGE][PASSED] - Delayed 10 second(s)

2018-09-25 14:54:51 - [TEST_STEP][PASSED] - click: Object: 'Object Repository/Page_Beauty Box Subscription for Wo/svg_icon__close_popup' is clicked on

2018-09-25 14:54:51 - [MESSAGE][PASSED] - Object: 'Object Repository/Page_Beauty Box Subscription for Wo/svg_icon__close_popup' is clicked on]]></system-out>
         <system-err><![CDATA[]]></system-err>
      </testcase>
      <testcase name="Test Cases/US mobile test/Test all Shop top-level categories for Womens Shop (Collections)" classname="Test Cases/US mobile test/Test all Shop top-level categories for Womens Shop (Collections)" status="PASSED">
         <system-out><![CDATA[2018-09-25 14:54:51 - [TEST_CASE][PASSED] - Test Cases/US mobile test/Test all Shop top-level categories for Womens Shop (Collections): Test Cases/US mobile test/Test all Shop top-level categories for Womens Shop (Collections)

2018-09-25 14:54:52 - [TEST_STEP][NOT_RUN] - callTestCase: NOT_RUN: callTestCase

2018-09-25 14:54:52 - [MESSAGE][NOT_RUN] - NOT_RUN: callTestCase

2018-09-25 14:54:52 - [TEST_STEP][PASSED] - click: Object: 'Object Repository/Page_Beauty Box Subscription for Wo/svg_icon__hamburger_menu (1)' is clicked on

2018-09-25 14:54:52 - [MESSAGE][PASSED] - Object: 'Object Repository/Page_Beauty Box Subscription for Wo/svg_icon__hamburger_menu (1)' is clicked on

2018-09-25 14:54:52 - [TEST_STEP][PASSED] - waitForElementVisible: Object 'Object Repository/Page_Beauty Box Subscription for Wo/div_Collections (4)' is visible

2018-09-25 14:54:52 - [MESSAGE][WARNING] - Timeout '0' is invalid. Using default page load timeout: '90'

2018-09-25 14:54:52 - [MESSAGE][PASSED] - Object 'Object Repository/Page_Beauty Box Subscription for Wo/div_Collections (4)' is visible

2018-09-25 14:54:52 - [TEST_STEP][PASSED] - waitForElementClickable: Object 'Object Repository/Page_Beauty Box Subscription for Wo/div_Collections (4)' is clickable

2018-09-25 14:54:52 - [MESSAGE][WARNING] - Timeout '0' is invalid. Using default page load timeout: '90'

2018-09-25 14:54:53 - [MESSAGE][PASSED] - Object 'Object Repository/Page_Beauty Box Subscription for Wo/div_Collections (4)' is clickable

2018-09-25 14:54:53 - [TEST_STEP][PASSED] - click: Object: 'Object Repository/Page_Beauty Box Subscription for Wo/div_Collections (4)' is clicked on

2018-09-25 14:54:53 - [MESSAGE][PASSED] - Object: 'Object Repository/Page_Beauty Box Subscription for Wo/div_Collections (4)' is clicked on

2018-09-25 14:54:53 - [TEST_STEP][PASSED] - waitForElementClickable: Object 'Object Repository/Page_Beauty Box Subscription for Wo/div_Limited Edition Boxes' is clickable

2018-09-25 14:54:53 - [MESSAGE][WARNING] - Timeout '0' is invalid. Using default page load timeout: '90'

2018-09-25 14:54:54 - [MESSAGE][PASSED] - Object 'Object Repository/Page_Beauty Box Subscription for Wo/div_Limited Edition Boxes' is clickable

2018-09-25 14:54:54 - [TEST_STEP][PASSED] - click: Object: 'Object Repository/Page_Beauty Box Subscription for Wo/div_Limited Edition Boxes' is clicked on

2018-09-25 14:54:54 - [MESSAGE][PASSED] - Object: 'Object Repository/Page_Beauty Box Subscription for Wo/div_Limited Edition Boxes' is clicked on

2018-09-25 14:54:54 - [TEST_STEP][PASSED] - delay: Delayed 3 second(s)

2018-09-25 14:54:57 - [MESSAGE][PASSED] - Delayed 3 second(s)

2018-09-25 14:54:57 - [TEST_STEP][PASSED] - waitForElementClickable: Object 'Object Repository/Page_Shop Limited Edition Boxes/svg_ 2018 Birchbox_icon__svg__' is clickable

2018-09-25 14:54:57 - [MESSAGE][WARNING] - Timeout '0' is invalid. Using default page load timeout: '90'

2018-09-25 14:54:57 - [MESSAGE][PASSED] - Object 'Object Repository/Page_Shop Limited Edition Boxes/svg_ 2018 Birchbox_icon__svg__' is clickable

2018-09-25 14:54:57 - [TEST_STEP][PASSED] - click: Object: 'Object Repository/Page_Shop Limited Edition Boxes/svg_ 2018 Birchbox_icon__svg__' is clicked on

2018-09-25 14:54:57 - [MESSAGE][PASSED] - Object: 'Object Repository/Page_Shop Limited Edition Boxes/svg_ 2018 Birchbox_icon__svg__' is clicked on

2018-09-25 14:54:57 - [TEST_STEP][PASSED] - delay: Delayed 2 second(s)

2018-09-25 14:54:59 - [MESSAGE][PASSED] - Delayed 2 second(s)

2018-09-25 14:54:59 - [TEST_STEP][PASSED] - click: Object: 'Object Repository/Page_Beauty Box Subscription for Wo/div_Collections (4)' is clicked on

2018-09-25 14:54:59 - [MESSAGE][PASSED] - Object: 'Object Repository/Page_Beauty Box Subscription for Wo/div_Collections (4)' is clicked on

2018-09-25 14:54:59 - [TEST_STEP][PASSED] - delay: Delayed 2 second(s)

2018-09-25 14:55:01 - [MESSAGE][PASSED] - Delayed 2 second(s)

2018-09-25 14:55:01 - [TEST_STEP][PASSED] - waitForElementClickable: Object 'Object Repository/Page_Shop Limited Edition Boxes/div_Birchbox Discovery Kits' is clickable

2018-09-25 14:55:01 - [MESSAGE][WARNING] - Timeout '0' is invalid. Using default page load timeout: '90'

2018-09-25 14:55:01 - [MESSAGE][PASSED] - Object 'Object Repository/Page_Shop Limited Edition Boxes/div_Birchbox Discovery Kits' is clickable

2018-09-25 14:55:01 - [TEST_STEP][PASSED] - click: Object: 'Object Repository/Page_Shop Limited Edition Boxes/div_Birchbox Discovery Kits' is clicked on

2018-09-25 14:55:02 - [MESSAGE][PASSED] - Object: 'Object Repository/Page_Shop Limited Edition Boxes/div_Birchbox Discovery Kits' is clicked on

2018-09-25 14:55:02 - [TEST_STEP][PASSED] - delay: Delayed 2 second(s)

2018-09-25 14:55:04 - [MESSAGE][PASSED] - Delayed 2 second(s)

2018-09-25 14:55:04 - [TEST_STEP][PASSED] - waitForElementClickable: Object 'Object Repository/Page_Birchbox Discovery Kits/svg_ 2018 Birchbox_icon__svg__' is clickable

2018-09-25 14:55:04 - [MESSAGE][WARNING] - Timeout '0' is invalid. Using default page load timeout: '90'

2018-09-25 14:55:04 - [MESSAGE][PASSED] - Object 'Object Repository/Page_Birchbox Discovery Kits/svg_ 2018 Birchbox_icon__svg__' is clickable

2018-09-25 14:55:04 - [TEST_STEP][PASSED] - click: Object: 'Object Repository/Page_Birchbox Discovery Kits/svg_ 2018 Birchbox_icon__svg__' is clicked on

2018-09-25 14:55:04 - [MESSAGE][PASSED] - Object: 'Object Repository/Page_Birchbox Discovery Kits/svg_ 2018 Birchbox_icon__svg__' is clicked on

2018-09-25 14:55:04 - [TEST_STEP][PASSED] - waitForElementVisible: Object 'Object Repository/Page_Beauty Box Subscription for Wo/div_Collections (4)' is visible

2018-09-25 14:55:04 - [MESSAGE][WARNING] - Timeout '0' is invalid. Using default page load timeout: '90'

2018-09-25 14:55:04 - [MESSAGE][PASSED] - Object 'Object Repository/Page_Beauty Box Subscription for Wo/div_Collections (4)' is visible

2018-09-25 14:55:04 - [TEST_STEP][PASSED] - click: Object: 'Object Repository/Page_Beauty Box Subscription for Wo/div_Collections (4)' is clicked on

2018-09-25 14:55:05 - [MESSAGE][PASSED] - Object: 'Object Repository/Page_Beauty Box Subscription for Wo/div_Collections (4)' is clicked on

2018-09-25 14:55:05 - [TEST_STEP][PASSED] - click: Object: 'Object Repository/Page_Birchbox Discovery Kits/div_Birchbox Exclusives' is clicked on

2018-09-25 14:55:05 - [MESSAGE][PASSED] - Object: 'Object Repository/Page_Birchbox Discovery Kits/div_Birchbox Exclusives' is clicked on

2018-09-25 14:55:05 - [TEST_STEP][PASSED] - delay: Delayed 2 second(s)

2018-09-25 14:55:07 - [MESSAGE][PASSED] - Delayed 2 second(s)

2018-09-25 14:55:07 - [TEST_STEP][PASSED] - waitForElementClickable: Object 'Object Repository/Page_Shop Birchbox Exclusives/svg_ 2018 Birchbox_icon__svg__' is clickable

2018-09-25 14:55:07 - [MESSAGE][WARNING] - Timeout '0' is invalid. Using default page load timeout: '90'

2018-09-25 14:55:07 - [MESSAGE][PASSED] - Object 'Object Repository/Page_Shop Birchbox Exclusives/svg_ 2018 Birchbox_icon__svg__' is clickable

2018-09-25 14:55:07 - [TEST_STEP][PASSED] - click: Object: 'Object Repository/Page_Shop Birchbox Exclusives/svg_ 2018 Birchbox_icon__svg__' is clicked on

2018-09-25 14:55:08 - [MESSAGE][PASSED] - Object: 'Object Repository/Page_Shop Birchbox Exclusives/svg_ 2018 Birchbox_icon__svg__' is clicked on

2018-09-25 14:55:08 - [TEST_STEP][PASSED] - waitForElementVisible: Object 'Object Repository/Page_Beauty Box Subscription for Wo/div_Collections (4)' is visible

2018-09-25 14:55:08 - [MESSAGE][WARNING] - Timeout '0' is invalid. Using default page load timeout: '90'

2018-09-25 14:55:08 - [MESSAGE][PASSED] - Object 'Object Repository/Page_Beauty Box Subscription for Wo/div_Collections (4)' is visible

2018-09-25 14:55:08 - [TEST_STEP][PASSED] - click: Object: 'Object Repository/Page_Beauty Box Subscription for Wo/div_Collections (4)' is clicked on

2018-09-25 14:55:08 - [MESSAGE][PASSED] - Object: 'Object Repository/Page_Beauty Box Subscription for Wo/div_Collections (4)' is clicked on

2018-09-25 14:55:08 - [TEST_STEP][PASSED] - click: Object: 'Object Repository/Page_Shop Birchbox Exclusives/div_Best-Sellers' is clicked on

2018-09-25 14:55:09 - [MESSAGE][PASSED] - Object: 'Object Repository/Page_Shop Birchbox Exclusives/div_Best-Sellers' is clicked on

2018-09-25 14:55:09 - [TEST_STEP][PASSED] - delay: Delayed 2 second(s)

2018-09-25 14:55:11 - [MESSAGE][PASSED] - Delayed 2 second(s)

2018-09-25 14:55:11 - [TEST_STEP][PASSED] - waitForElementClickable: Object 'Object Repository/Page_Shop Best Sellers/svg_ 2018 Birchbox_icon__svg__' is clickable

2018-09-25 14:55:11 - [MESSAGE][WARNING] - Timeout '0' is invalid. Using default page load timeout: '90'

2018-09-25 14:55:11 - [MESSAGE][PASSED] - Object 'Object Repository/Page_Shop Best Sellers/svg_ 2018 Birchbox_icon__svg__' is clickable

2018-09-25 14:55:11 - [TEST_STEP][PASSED] - click: Object: 'Object Repository/Page_Shop Best Sellers/svg_ 2018 Birchbox_icon__svg__' is clicked on

2018-09-25 14:55:11 - [MESSAGE][PASSED] - Object: 'Object Repository/Page_Shop Best Sellers/svg_ 2018 Birchbox_icon__svg__' is clicked on

2018-09-25 14:55:11 - [TEST_STEP][PASSED] - delay: Delayed 1 second(s)

2018-09-25 14:55:12 - [MESSAGE][PASSED] - Delayed 1 second(s)

2018-09-25 14:55:12 - [TEST_STEP][PASSED] - waitForElementClickable: Object 'Object Repository/Page_Beauty Box Subscription for Wo/svg_icon__hamburger_menu (1)' is clickable

2018-09-25 14:55:12 - [MESSAGE][WARNING] - Timeout '0' is invalid. Using default page load timeout: '90'

2018-09-25 14:55:12 - [MESSAGE][PASSED] - Object 'Object Repository/Page_Beauty Box Subscription for Wo/svg_icon__hamburger_menu (1)' is clickable

2018-09-25 14:55:12 - [TEST_STEP][PASSED] - click: Object: 'Object Repository/Page_Beauty Box Subscription for Wo/svg_icon__hamburger_menu (1)' is clicked on

2018-09-25 14:55:13 - [MESSAGE][PASSED] - Object: 'Object Repository/Page_Beauty Box Subscription for Wo/svg_icon__hamburger_menu (1)' is clicked on

2018-09-25 14:55:13 - [TEST_STEP][PASSED] - waitForElementVisible: Object 'Object Repository/Page_Beauty Box Subscription for Wo/div_Collections (4)' is visible

2018-09-25 14:55:13 - [MESSAGE][WARNING] - Timeout '0' is invalid. Using default page load timeout: '90'

2018-09-25 14:55:13 - [MESSAGE][PASSED] - Object 'Object Repository/Page_Beauty Box Subscription for Wo/div_Collections (4)' is visible

2018-09-25 14:55:13 - [TEST_STEP][PASSED] - click: Object: 'Object Repository/Page_Beauty Box Subscription for Wo/div_Collections (4)' is clicked on

2018-09-25 14:55:13 - [MESSAGE][PASSED] - Object: 'Object Repository/Page_Beauty Box Subscription for Wo/div_Collections (4)' is clicked on

2018-09-25 14:55:13 - [TEST_STEP][PASSED] - delay: Delayed 2 second(s)

2018-09-25 14:55:15 - [MESSAGE][PASSED] - Delayed 2 second(s)

2018-09-25 14:55:15 - [TEST_STEP][PASSED] - click: Object: 'Object Repository/Page_Shop Best Sellers/div_Gifts with Purchase' is clicked on

2018-09-25 14:55:15 - [MESSAGE][PASSED] - Object: 'Object Repository/Page_Shop Best Sellers/div_Gifts with Purchase' is clicked on

2018-09-25 14:55:15 - [TEST_STEP][PASSED] - delay: Delayed 2 second(s)

2018-09-25 14:55:17 - [MESSAGE][PASSED] - Delayed 2 second(s)

2018-09-25 14:55:17 - [TEST_STEP][PASSED] - waitForElementClickable: Object 'Object Repository/Page_Beauty Box Subscription for Wo/svg_icon__hamburger_menu (1)' is clickable

2018-09-25 14:55:17 - [MESSAGE][WARNING] - Timeout '0' is invalid. Using default page load timeout: '90'

2018-09-25 14:55:17 - [MESSAGE][PASSED] - Object 'Object Repository/Page_Beauty Box Subscription for Wo/svg_icon__hamburger_menu (1)' is clickable

2018-09-25 14:55:17 - [TEST_STEP][PASSED] - click: Object: 'Object Repository/Page_Beauty Box Subscription for Wo/svg_icon__hamburger_menu (1)' is clicked on

2018-09-25 14:55:18 - [MESSAGE][PASSED] - Object: 'Object Repository/Page_Beauty Box Subscription for Wo/svg_icon__hamburger_menu (1)' is clicked on

2018-09-25 14:55:18 - [TEST_STEP][PASSED] - waitForElementVisible: Object 'Object Repository/Page_Beauty Box Subscription for Wo/div_Collections (4)' is visible

2018-09-25 14:55:18 - [MESSAGE][WARNING] - Timeout '0' is invalid. Using default page load timeout: '90'

2018-09-25 14:55:18 - [MESSAGE][PASSED] - Object 'Object Repository/Page_Beauty Box Subscription for Wo/div_Collections (4)' is visible

2018-09-25 14:55:18 - [TEST_STEP][PASSED] - click: Object: 'Object Repository/Page_Beauty Box Subscription for Wo/div_Collections (4)' is clicked on

2018-09-25 14:55:18 - [MESSAGE][PASSED] - Object: 'Object Repository/Page_Beauty Box Subscription for Wo/div_Collections (4)' is clicked on

2018-09-25 14:55:18 - [TEST_STEP][PASSED] - delay: Delayed 2 second(s)

2018-09-25 14:55:20 - [MESSAGE][PASSED] - Delayed 2 second(s)

2018-09-25 14:55:20 - [TEST_STEP][PASSED] - scrollToElement: Scroll to object 'Object Repository/Page_Shop Best Sellers/div_Gifts with Purchase' successfully

2018-09-25 14:55:20 - [MESSAGE][WARNING] - Timeout '0' is invalid. Using default page load timeout: '90'

2018-09-25 14:55:20 - [MESSAGE][PASSED] - Scroll to object 'Object Repository/Page_Shop Best Sellers/div_Gifts with Purchase' successfully

2018-09-25 14:55:20 - [TEST_STEP][PASSED] - click: Object: 'Object Repository/Page_Beauty Box Subscription for Wo/a_ARROW' is clicked on

2018-09-25 14:55:21 - [MESSAGE][PASSED] - Object: 'Object Repository/Page_Beauty Box Subscription for Wo/a_ARROW' is clicked on

2018-09-25 14:55:21 - [TEST_STEP][PASSED] - delay: Delayed 2 second(s)

2018-09-25 14:55:23 - [MESSAGE][PASSED] - Delayed 2 second(s)

2018-09-25 14:55:23 - [TEST_STEP][PASSED] - waitForElementClickable: Object 'Object Repository/Page_Beauty Box Subscription for Wo/svg_ 2018 Birchbox_icon__svg__' is clickable

2018-09-25 14:55:23 - [MESSAGE][WARNING] - Timeout '0' is invalid. Using default page load timeout: '90'

2018-09-25 14:55:23 - [MESSAGE][PASSED] - Object 'Object Repository/Page_Beauty Box Subscription for Wo/svg_ 2018 Birchbox_icon__svg__' is clickable

2018-09-25 14:55:23 - [TEST_STEP][PASSED] - click: Object: 'Object Repository/Page_Beauty Box Subscription for Wo/svg_ 2018 Birchbox_icon__svg__' is clicked on

2018-09-25 14:55:23 - [MESSAGE][PASSED] - Object: 'Object Repository/Page_Beauty Box Subscription for Wo/svg_ 2018 Birchbox_icon__svg__' is clicked on

2018-09-25 14:55:23 - [TEST_STEP][PASSED] - waitForElementVisible: Object 'Object Repository/Page_Beauty Box Subscription for Wo/div_Collections (4)' is visible

2018-09-25 14:55:23 - [MESSAGE][WARNING] - Timeout '0' is invalid. Using default page load timeout: '90'

2018-09-25 14:55:23 - [MESSAGE][PASSED] - Object 'Object Repository/Page_Beauty Box Subscription for Wo/div_Collections (4)' is visible

2018-09-25 14:55:23 - [TEST_STEP][PASSED] - click: Object: 'Object Repository/Page_Beauty Box Subscription for Wo/div_Collections (4)' is clicked on

2018-09-25 14:55:23 - [MESSAGE][PASSED] - Object: 'Object Repository/Page_Beauty Box Subscription for Wo/div_Collections (4)' is clicked on

2018-09-25 14:55:23 - [TEST_STEP][PASSED] - delay: Delayed 2 second(s)

2018-09-25 14:55:25 - [MESSAGE][PASSED] - Delayed 2 second(s)

2018-09-25 14:55:25 - [TEST_STEP][PASSED] - scrollToElement: Scroll to object 'Object Repository/Page_Shop Best Sellers/div_Gifts with Purchase' successfully

2018-09-25 14:55:25 - [MESSAGE][WARNING] - Timeout '0' is invalid. Using default page load timeout: '90'

2018-09-25 14:55:25 - [MESSAGE][PASSED] - Scroll to object 'Object Repository/Page_Shop Best Sellers/div_Gifts with Purchase' successfully

2018-09-25 14:55:25 - [TEST_STEP][PASSED] - waitForElementVisible: Object 'Object Repository/Page_Beauty Box Subscription for Wo/a_Love of Color' is visible

2018-09-25 14:55:25 - [MESSAGE][WARNING] - Timeout '0' is invalid. Using default page load timeout: '90'

2018-09-25 14:55:26 - [MESSAGE][PASSED] - Object 'Object Repository/Page_Beauty Box Subscription for Wo/a_Love of Color' is visible

2018-09-25 14:55:26 - [TEST_STEP][PASSED] - click: Object: 'Object Repository/Page_Beauty Box Subscription for Wo/a_Love of Color' is clicked on

2018-09-25 14:55:26 - [MESSAGE][PASSED] - Object: 'Object Repository/Page_Beauty Box Subscription for Wo/a_Love of Color' is clicked on

2018-09-25 14:55:26 - [TEST_STEP][PASSED] - delay: Delayed 2 second(s)

2018-09-25 14:55:28 - [MESSAGE][PASSED] - Delayed 2 second(s)

2018-09-25 14:55:28 - [TEST_STEP][PASSED] - waitForElementClickable: Object 'Object Repository/Page_Shop Love of Color/svg_ 2018 Birchbox_icon__svg__' is clickable

2018-09-25 14:55:28 - [MESSAGE][WARNING] - Timeout '0' is invalid. Using default page load timeout: '90'

2018-09-25 14:55:28 - [MESSAGE][PASSED] - Object 'Object Repository/Page_Shop Love of Color/svg_ 2018 Birchbox_icon__svg__' is clickable

2018-09-25 14:55:28 - [TEST_STEP][PASSED] - click: Object: 'Object Repository/Page_Shop Love of Color/svg_ 2018 Birchbox_icon__svg__' is clicked on

2018-09-25 14:55:28 - [MESSAGE][PASSED] - Object: 'Object Repository/Page_Shop Love of Color/svg_ 2018 Birchbox_icon__svg__' is clicked on

2018-09-25 14:55:28 - [TEST_STEP][PASSED] - waitForElementVisible: Object 'Object Repository/Page_Beauty Box Subscription for Wo/div_Collections (4)' is visible

2018-09-25 14:55:28 - [MESSAGE][WARNING] - Timeout '0' is invalid. Using default page load timeout: '90'

2018-09-25 14:55:29 - [MESSAGE][PASSED] - Object 'Object Repository/Page_Beauty Box Subscription for Wo/div_Collections (4)' is visible

2018-09-25 14:55:29 - [TEST_STEP][PASSED] - click: Object: 'Object Repository/Page_Beauty Box Subscription for Wo/div_Collections (4)' is clicked on

2018-09-25 14:55:29 - [MESSAGE][PASSED] - Object: 'Object Repository/Page_Beauty Box Subscription for Wo/div_Collections (4)' is clicked on

2018-09-25 14:55:29 - [TEST_STEP][PASSED] - delay: Delayed 2 second(s)

2018-09-25 14:55:31 - [MESSAGE][PASSED] - Delayed 2 second(s)

2018-09-25 14:55:31 - [TEST_STEP][PASSED] - scrollToElement: Scroll to object 'Object Repository/Page_Shop Best Sellers/div_Gifts with Purchase' successfully

2018-09-25 14:55:31 - [MESSAGE][WARNING] - Timeout '0' is invalid. Using default page load timeout: '90'

2018-09-25 14:55:31 - [MESSAGE][PASSED] - Scroll to object 'Object Repository/Page_Shop Best Sellers/div_Gifts with Purchase' successfully

2018-09-25 14:55:31 - [TEST_STEP][PASSED] - click: Object: 'Object Repository/Page_Shop Love of Color/a_PARLOR by Jeff Chastain' is clicked on

2018-09-25 14:55:31 - [MESSAGE][PASSED] - Object: 'Object Repository/Page_Shop Love of Color/a_PARLOR by Jeff Chastain' is clicked on

2018-09-25 14:55:31 - [TEST_STEP][PASSED] - delay: Delayed 2 second(s)

2018-09-25 14:55:33 - [MESSAGE][PASSED] - Delayed 2 second(s)

2018-09-25 14:55:33 - [TEST_STEP][PASSED] - waitForElementClickable: Object 'Object Repository/Page_Shop Parlor/svg_ 2018 Birchbox_icon__svg__' is clickable

2018-09-25 14:55:33 - [MESSAGE][WARNING] - Timeout '0' is invalid. Using default page load timeout: '90'

2018-09-25 14:55:33 - [MESSAGE][PASSED] - Object 'Object Repository/Page_Shop Parlor/svg_ 2018 Birchbox_icon__svg__' is clickable

2018-09-25 14:55:33 - [TEST_STEP][PASSED] - click: Object: 'Object Repository/Page_Shop Parlor/svg_ 2018 Birchbox_icon__svg__' is clicked on

2018-09-25 14:55:33 - [MESSAGE][PASSED] - Object: 'Object Repository/Page_Shop Parlor/svg_ 2018 Birchbox_icon__svg__' is clicked on

2018-09-25 14:55:33 - [TEST_STEP][PASSED] - waitForElementVisible: Object 'Object Repository/Page_Beauty Box Subscription for Wo/div_Collections (4)' is visible

2018-09-25 14:55:33 - [MESSAGE][WARNING] - Timeout '0' is invalid. Using default page load timeout: '90'

2018-09-25 14:55:34 - [MESSAGE][PASSED] - Object 'Object Repository/Page_Beauty Box Subscription for Wo/div_Collections (4)' is visible

2018-09-25 14:55:34 - [TEST_STEP][PASSED] - click: Object: 'Object Repository/Page_Beauty Box Subscription for Wo/div_Collections (4)' is clicked on

2018-09-25 14:55:34 - [MESSAGE][PASSED] - Object: 'Object Repository/Page_Beauty Box Subscription for Wo/div_Collections (4)' is clicked on

2018-09-25 14:55:34 - [TEST_STEP][PASSED] - delay: Delayed 1 second(s)

2018-09-25 14:55:35 - [MESSAGE][PASSED] - Delayed 1 second(s)

2018-09-25 14:55:35 - [TEST_STEP][PASSED] - scrollToElement: Scroll to object 'Object Repository/Page_Shop Best Sellers/div_Gifts with Purchase' successfully

2018-09-25 14:55:35 - [MESSAGE][WARNING] - Timeout '0' is invalid. Using default page load timeout: '90'

2018-09-25 14:55:35 - [MESSAGE][PASSED] - Scroll to object 'Object Repository/Page_Shop Best Sellers/div_Gifts with Purchase' successfully

2018-09-25 14:55:35 - [TEST_STEP][PASSED] - click: Object: 'Object Repository/Page_Shop Parlor/a_Lifestyle' is clicked on

2018-09-25 14:55:35 - [MESSAGE][PASSED] - Object: 'Object Repository/Page_Shop Parlor/a_Lifestyle' is clicked on

2018-09-25 14:55:35 - [TEST_STEP][PASSED] - delay: Delayed 2 second(s)

2018-09-25 14:55:37 - [MESSAGE][PASSED] - Delayed 2 second(s)

2018-09-25 14:55:37 - [TEST_STEP][PASSED] - waitForElementClickable: Object 'Object Repository/Page_Shop Lifestyle Products/svg_ 2018 Birchbox_icon__svg__' is clickable

2018-09-25 14:55:37 - [MESSAGE][WARNING] - Timeout '0' is invalid. Using default page load timeout: '90'

2018-09-25 14:55:37 - [MESSAGE][PASSED] - Object 'Object Repository/Page_Shop Lifestyle Products/svg_ 2018 Birchbox_icon__svg__' is clickable

2018-09-25 14:55:37 - [TEST_STEP][PASSED] - click: Object: 'Object Repository/Page_Shop Lifestyle Products/svg_ 2018 Birchbox_icon__svg__' is clicked on

2018-09-25 14:55:38 - [MESSAGE][PASSED] - Object: 'Object Repository/Page_Shop Lifestyle Products/svg_ 2018 Birchbox_icon__svg__' is clicked on

2018-09-25 14:55:38 - [TEST_STEP][PASSED] - waitForElementVisible: Object 'Object Repository/Page_Beauty Box Subscription for Wo/div_Collections (4)' is visible

2018-09-25 14:55:38 - [MESSAGE][WARNING] - Timeout '0' is invalid. Using default page load timeout: '90'

2018-09-25 14:55:38 - [MESSAGE][PASSED] - Object 'Object Repository/Page_Beauty Box Subscription for Wo/div_Collections (4)' is visible

2018-09-25 14:55:38 - [TEST_STEP][PASSED] - click: Object: 'Object Repository/Page_Beauty Box Subscription for Wo/div_Collections (4)' is clicked on

2018-09-25 14:55:38 - [MESSAGE][PASSED] - Object: 'Object Repository/Page_Beauty Box Subscription for Wo/div_Collections (4)' is clicked on

2018-09-25 14:55:38 - [TEST_STEP][PASSED] - delay: Delayed 1 second(s)

2018-09-25 14:55:39 - [MESSAGE][PASSED] - Delayed 1 second(s)

2018-09-25 14:55:39 - [TEST_STEP][PASSED] - scrollToElement: Scroll to object 'Object Repository/Page_Shop Best Sellers/div_Gifts with Purchase' successfully

2018-09-25 14:55:39 - [MESSAGE][WARNING] - Timeout '0' is invalid. Using default page load timeout: '90'

2018-09-25 14:55:39 - [MESSAGE][PASSED] - Scroll to object 'Object Repository/Page_Shop Best Sellers/div_Gifts with Purchase' successfully

2018-09-25 14:55:39 - [TEST_STEP][PASSED] - click: Object: 'Object Repository/Page_Shop Lifestyle Products/a_Nails' is clicked on

2018-09-25 14:55:39 - [MESSAGE][PASSED] - Object: 'Object Repository/Page_Shop Lifestyle Products/a_Nails' is clicked on

2018-09-25 14:55:39 - [TEST_STEP][PASSED] - delay: Delayed 2 second(s)

2018-09-25 14:55:41 - [MESSAGE][PASSED] - Delayed 2 second(s)

2018-09-25 14:55:41 - [TEST_STEP][PASSED] - waitForElementClickable: Object 'Object Repository/Page_Shop Nails/svg_ 2018 Birchbox_icon__svg__' is clickable

2018-09-25 14:55:41 - [MESSAGE][WARNING] - Timeout '0' is invalid. Using default page load timeout: '90'

2018-09-25 14:55:41 - [MESSAGE][PASSED] - Object 'Object Repository/Page_Shop Nails/svg_ 2018 Birchbox_icon__svg__' is clickable

2018-09-25 14:55:41 - [TEST_STEP][PASSED] - click: Object: 'Object Repository/Page_Shop Nails/svg_ 2018 Birchbox_icon__svg__' is clicked on

2018-09-25 14:55:42 - [MESSAGE][PASSED] - Object: 'Object Repository/Page_Shop Nails/svg_ 2018 Birchbox_icon__svg__' is clicked on

2018-09-25 14:55:42 - [TEST_STEP][PASSED] - waitForElementVisible: Object 'Object Repository/Page_Beauty Box Subscription for Wo/div_Collections (4)' is visible

2018-09-25 14:55:42 - [MESSAGE][WARNING] - Timeout '0' is invalid. Using default page load timeout: '90'

2018-09-25 14:55:42 - [MESSAGE][PASSED] - Object 'Object Repository/Page_Beauty Box Subscription for Wo/div_Collections (4)' is visible

2018-09-25 14:55:42 - [TEST_STEP][PASSED] - click: Object: 'Object Repository/Page_Beauty Box Subscription for Wo/div_Collections (4)' is clicked on

2018-09-25 14:55:42 - [MESSAGE][PASSED] - Object: 'Object Repository/Page_Beauty Box Subscription for Wo/div_Collections (4)' is clicked on

2018-09-25 14:55:42 - [TEST_STEP][PASSED] - delay: Delayed 1 second(s)

2018-09-25 14:55:43 - [MESSAGE][PASSED] - Delayed 1 second(s)

2018-09-25 14:55:43 - [TEST_STEP][PASSED] - scrollToElement: Scroll to object 'Object Repository/Page_Shop Best Sellers/div_Gifts with Purchase' successfully

2018-09-25 14:55:43 - [MESSAGE][WARNING] - Timeout '0' is invalid. Using default page load timeout: '90'

2018-09-25 14:55:44 - [MESSAGE][PASSED] - Scroll to object 'Object Repository/Page_Shop Best Sellers/div_Gifts with Purchase' successfully

2018-09-25 14:55:44 - [TEST_STEP][PASSED] - click: Object: 'Object Repository/Page_Shop Nails/a_Fragrance' is clicked on

2018-09-25 14:55:44 - [MESSAGE][PASSED] - Object: 'Object Repository/Page_Shop Nails/a_Fragrance' is clicked on

2018-09-25 14:55:44 - [TEST_STEP][PASSED] - delay: Delayed 2 second(s)

2018-09-25 14:55:46 - [MESSAGE][PASSED] - Delayed 2 second(s)

2018-09-25 14:55:46 - [TEST_STEP][PASSED] - waitForElementClickable: Object 'Object Repository/Page_Shop Fragrance/svg_ 2018 Birchbox_icon__svg__' is clickable

2018-09-25 14:55:46 - [MESSAGE][WARNING] - Timeout '0' is invalid. Using default page load timeout: '90'

2018-09-25 14:55:46 - [MESSAGE][PASSED] - Object 'Object Repository/Page_Shop Fragrance/svg_ 2018 Birchbox_icon__svg__' is clickable

2018-09-25 14:55:46 - [TEST_STEP][PASSED] - click: Object: 'Object Repository/Page_Shop Fragrance/svg_ 2018 Birchbox_icon__svg__' is clicked on

2018-09-25 14:55:47 - [MESSAGE][PASSED] - Object: 'Object Repository/Page_Shop Fragrance/svg_ 2018 Birchbox_icon__svg__' is clicked on

2018-09-25 14:55:47 - [TEST_STEP][PASSED] - waitForElementVisible: Object 'Object Repository/Page_Beauty Box Subscription for Wo/div_Collections (4)' is visible

2018-09-25 14:55:47 - [MESSAGE][WARNING] - Timeout '0' is invalid. Using default page load timeout: '90'

2018-09-25 14:55:47 - [MESSAGE][PASSED] - Object 'Object Repository/Page_Beauty Box Subscription for Wo/div_Collections (4)' is visible

2018-09-25 14:55:47 - [TEST_STEP][PASSED] - click: Object: 'Object Repository/Page_Beauty Box Subscription for Wo/div_Collections (4)' is clicked on

2018-09-25 14:55:47 - [MESSAGE][PASSED] - Object: 'Object Repository/Page_Beauty Box Subscription for Wo/div_Collections (4)' is clicked on

2018-09-25 14:55:47 - [TEST_STEP][PASSED] - delay: Delayed 1 second(s)

2018-09-25 14:55:48 - [MESSAGE][PASSED] - Delayed 1 second(s)

2018-09-25 14:55:48 - [TEST_STEP][PASSED] - scrollToElement: Scroll to object 'Object Repository/Page_Shop Best Sellers/div_Gifts with Purchase' successfully

2018-09-25 14:55:48 - [MESSAGE][WARNING] - Timeout '0' is invalid. Using default page load timeout: '90'

2018-09-25 14:55:48 - [MESSAGE][PASSED] - Scroll to object 'Object Repository/Page_Shop Best Sellers/div_Gifts with Purchase' successfully

2018-09-25 14:55:48 - [TEST_STEP][PASSED] - click: Object: 'Object Repository/Page_Shop Fragrance/a_Value Sets' is clicked on

2018-09-25 14:55:49 - [MESSAGE][PASSED] - Object: 'Object Repository/Page_Shop Fragrance/a_Value Sets' is clicked on

2018-09-25 14:55:49 - [TEST_STEP][PASSED] - delay: Delayed 2 second(s)

2018-09-25 14:55:51 - [MESSAGE][PASSED] - Delayed 2 second(s)

2018-09-25 14:55:51 - [TEST_STEP][PASSED] - click: Object: 'Object Repository/Page_Shop Holiday Gifts/svg_ 2018 Birchbox_icon__svg__' is clicked on

2018-09-25 14:55:51 - [MESSAGE][PASSED] - Object: 'Object Repository/Page_Shop Holiday Gifts/svg_ 2018 Birchbox_icon__svg__' is clicked on

2018-09-25 14:55:51 - [TEST_STEP][PASSED] - waitForElementVisible: Object 'Object Repository/Page_Beauty Box Subscription for Wo/div_Collections (4)' is visible

2018-09-25 14:55:51 - [MESSAGE][WARNING] - Timeout '0' is invalid. Using default page load timeout: '90'

2018-09-25 14:55:51 - [MESSAGE][PASSED] - Object 'Object Repository/Page_Beauty Box Subscription for Wo/div_Collections (4)' is visible

2018-09-25 14:55:51 - [TEST_STEP][PASSED] - waitForElementClickable: Object 'Object Repository/Page_Beauty Box Subscription for Wo/div_Collections (4)' is clickable

2018-09-25 14:55:51 - [MESSAGE][WARNING] - Timeout '0' is invalid. Using default page load timeout: '90'

2018-09-25 14:55:51 - [MESSAGE][PASSED] - Object 'Object Repository/Page_Beauty Box Subscription for Wo/div_Collections (4)' is clickable

2018-09-25 14:55:51 - [TEST_STEP][PASSED] - click: Object: 'Object Repository/Page_Beauty Box Subscription for Wo/div_Collections (4)' is clicked on

2018-09-25 14:55:51 - [MESSAGE][PASSED] - Object: 'Object Repository/Page_Beauty Box Subscription for Wo/div_Collections (4)' is clicked on

2018-09-25 14:55:51 - [TEST_STEP][PASSED] - delay: Delayed 1 second(s)

2018-09-25 14:55:52 - [MESSAGE][PASSED] - Delayed 1 second(s)

2018-09-25 14:55:52 - [TEST_STEP][PASSED] - scrollToElement: Scroll to object 'Object Repository/Page_Shop Best Sellers/div_Gifts with Purchase' successfully

2018-09-25 14:55:52 - [MESSAGE][WARNING] - Timeout '0' is invalid. Using default page load timeout: '90'

2018-09-25 14:55:52 - [MESSAGE][PASSED] - Scroll to object 'Object Repository/Page_Shop Best Sellers/div_Gifts with Purchase' successfully

2018-09-25 14:55:52 - [TEST_STEP][PASSED] - click: Object: 'Object Repository/Page_Shop Holiday Gifts/a_25 and Under' is clicked on

2018-09-25 14:55:53 - [MESSAGE][PASSED] - Object: 'Object Repository/Page_Shop Holiday Gifts/a_25 and Under' is clicked on

2018-09-25 14:55:53 - [TEST_STEP][PASSED] - delay: Delayed 2 second(s)

2018-09-25 14:55:55 - [MESSAGE][PASSED] - Delayed 2 second(s)

2018-09-25 14:55:55 - [TEST_STEP][PASSED] - click: Object: 'Object Repository/Page_Shop 25 and Under/svg_ 2018 Birchbox_icon__svg__' is clicked on

2018-09-25 14:55:55 - [MESSAGE][PASSED] - Object: 'Object Repository/Page_Shop 25 and Under/svg_ 2018 Birchbox_icon__svg__' is clicked on

2018-09-25 14:55:55 - [TEST_STEP][PASSED] - waitForElementVisible: Object 'Object Repository/Page_Beauty Box Subscription for Wo/div_Collections (4)' is visible

2018-09-25 14:55:55 - [MESSAGE][WARNING] - Timeout '0' is invalid. Using default page load timeout: '90'

2018-09-25 14:55:55 - [MESSAGE][PASSED] - Object 'Object Repository/Page_Beauty Box Subscription for Wo/div_Collections (4)' is visible

2018-09-25 14:55:55 - [TEST_STEP][PASSED] - waitForElementClickable: Object 'Object Repository/Page_Beauty Box Subscription for Wo/div_Collections (4)' is clickable

2018-09-25 14:55:55 - [MESSAGE][WARNING] - Timeout '0' is invalid. Using default page load timeout: '90'

2018-09-25 14:55:55 - [MESSAGE][PASSED] - Object 'Object Repository/Page_Beauty Box Subscription for Wo/div_Collections (4)' is clickable

2018-09-25 14:55:55 - [TEST_STEP][PASSED] - click: Object: 'Object Repository/Page_Beauty Box Subscription for Wo/div_Collections (4)' is clicked on

2018-09-25 14:55:55 - [MESSAGE][PASSED] - Object: 'Object Repository/Page_Beauty Box Subscription for Wo/div_Collections (4)' is clicked on

2018-09-25 14:55:55 - [TEST_STEP][PASSED] - delay: Delayed 1 second(s)

2018-09-25 14:55:56 - [MESSAGE][PASSED] - Delayed 1 second(s)

2018-09-25 14:55:56 - [TEST_STEP][PASSED] - scrollToElement: Scroll to object 'Object Repository/Page_Shop Best Sellers/div_Gifts with Purchase' successfully

2018-09-25 14:55:56 - [MESSAGE][WARNING] - Timeout '0' is invalid. Using default page load timeout: '90'

2018-09-25 14:55:56 - [MESSAGE][PASSED] - Scroll to object 'Object Repository/Page_Shop Best Sellers/div_Gifts with Purchase' successfully

2018-09-25 14:55:56 - [TEST_STEP][PASSED] - click: Object: 'Object Repository/Page_Shop 25 and Under/a_Sale' is clicked on

2018-09-25 14:55:57 - [MESSAGE][PASSED] - Object: 'Object Repository/Page_Shop 25 and Under/a_Sale' is clicked on

2018-09-25 14:55:57 - [TEST_STEP][PASSED] - delay: Delayed 2 second(s)

2018-09-25 14:55:59 - [MESSAGE][PASSED] - Delayed 2 second(s)

2018-09-25 14:55:59 - [TEST_STEP][PASSED] - click: Object: 'Object Repository/Page_Shop Sale/svg_ 2018 Birchbox_icon__svg__' is clicked on

2018-09-25 14:55:59 - [MESSAGE][PASSED] - Object: 'Object Repository/Page_Shop Sale/svg_ 2018 Birchbox_icon__svg__' is clicked on

2018-09-25 14:55:59 - [TEST_STEP][PASSED] - waitForElementVisible: Object 'Object Repository/Page_Beauty Box Subscription for Wo/div_Collections (4)' is visible

2018-09-25 14:55:59 - [MESSAGE][WARNING] - Timeout '0' is invalid. Using default page load timeout: '90'

2018-09-25 14:55:59 - [MESSAGE][PASSED] - Object 'Object Repository/Page_Beauty Box Subscription for Wo/div_Collections (4)' is visible

2018-09-25 14:55:59 - [TEST_STEP][PASSED] - waitForElementClickable: Object 'Object Repository/Page_Beauty Box Subscription for Wo/div_Collections (4)' is clickable

2018-09-25 14:55:59 - [MESSAGE][WARNING] - Timeout '0' is invalid. Using default page load timeout: '90'

2018-09-25 14:55:59 - [MESSAGE][PASSED] - Object 'Object Repository/Page_Beauty Box Subscription for Wo/div_Collections (4)' is clickable

2018-09-25 14:55:59 - [TEST_STEP][PASSED] - click: Object: 'Object Repository/Page_Beauty Box Subscription for Wo/div_Collections (4)' is clicked on

2018-09-25 14:56:00 - [MESSAGE][PASSED] - Object: 'Object Repository/Page_Beauty Box Subscription for Wo/div_Collections (4)' is clicked on

2018-09-25 14:56:00 - [TEST_STEP][PASSED] - delay: Delayed 1 second(s)

2018-09-25 14:56:01 - [MESSAGE][PASSED] - Delayed 1 second(s)

2018-09-25 14:56:01 - [TEST_STEP][PASSED] - scrollToElement: Scroll to object 'Object Repository/Page_Shop Best Sellers/div_Gifts with Purchase' successfully

2018-09-25 14:56:01 - [MESSAGE][WARNING] - Timeout '0' is invalid. Using default page load timeout: '90'

2018-09-25 14:56:01 - [MESSAGE][PASSED] - Scroll to object 'Object Repository/Page_Shop Best Sellers/div_Gifts with Purchase' successfully

2018-09-25 14:56:01 - [TEST_STEP][PASSED] - click: Object: 'Object Repository/Page_Shop Sale/a_Shop by brand' is clicked on

2018-09-25 14:56:01 - [MESSAGE][PASSED] - Object: 'Object Repository/Page_Shop Sale/a_Shop by brand' is clicked on

2018-09-25 14:56:01 - [TEST_STEP][PASSED] - delay: Delayed 2 second(s)

2018-09-25 14:56:03 - [MESSAGE][PASSED] - Delayed 2 second(s)

2018-09-25 14:56:03 - [TEST_STEP][PASSED] - click: Object: 'Object Repository/Page_Beauty Box Subscription for Wo/svg_ 2018 Birchbox_icon__svg__' is clicked on

2018-09-25 14:56:03 - [MESSAGE][PASSED] - Object: 'Object Repository/Page_Beauty Box Subscription for Wo/svg_ 2018 Birchbox_icon__svg__' is clicked on

2018-09-25 14:56:03 - [TEST_STEP][PASSED] - waitForElementVisible: Object 'Object Repository/Page_Beauty Box Subscription for Wo/div_Collections (4)' is visible

2018-09-25 14:56:04 - [MESSAGE][WARNING] - Timeout '0' is invalid. Using default page load timeout: '90'

2018-09-25 14:56:04 - [MESSAGE][PASSED] - Object 'Object Repository/Page_Beauty Box Subscription for Wo/div_Collections (4)' is visible

2018-09-25 14:56:04 - [TEST_STEP][PASSED] - waitForElementClickable: Object 'Object Repository/Page_Beauty Box Subscription for Wo/div_Collections (4)' is clickable

2018-09-25 14:56:04 - [MESSAGE][WARNING] - Timeout '0' is invalid. Using default page load timeout: '90'

2018-09-25 14:56:04 - [MESSAGE][PASSED] - Object 'Object Repository/Page_Beauty Box Subscription for Wo/div_Collections (4)' is clickable

2018-09-25 14:56:04 - [TEST_STEP][PASSED] - click: Object: 'Object Repository/Page_Beauty Box Subscription for Wo/div_Collections (4)' is clicked on

2018-09-25 14:56:04 - [MESSAGE][PASSED] - Object: 'Object Repository/Page_Beauty Box Subscription for Wo/div_Collections (4)' is clicked on

2018-09-25 14:56:04 - [TEST_STEP][PASSED] - delay: Delayed 1 second(s)

2018-09-25 14:56:05 - [MESSAGE][PASSED] - Delayed 1 second(s)

2018-09-25 14:56:05 - [TEST_STEP][PASSED] - scrollToElement: Scroll to object 'Object Repository/Page_Shop Best Sellers/div_Gifts with Purchase' successfully

2018-09-25 14:56:05 - [MESSAGE][WARNING] - Timeout '0' is invalid. Using default page load timeout: '90'

2018-09-25 14:56:05 - [MESSAGE][PASSED] - Scroll to object 'Object Repository/Page_Shop Best Sellers/div_Gifts with Purchase' successfully

2018-09-25 14:56:05 - [TEST_STEP][PASSED] - click: Object: 'Object Repository/Page_Beauty Box Subscription for Wo/a_Whats New' is clicked on

2018-09-25 14:56:05 - [MESSAGE][PASSED] - Object: 'Object Repository/Page_Beauty Box Subscription for Wo/a_Whats New' is clicked on]]></system-out>
         <system-err><![CDATA[]]></system-err>
      </testcase>
      <testcase name="Test Cases/US mobile test/Test all Shop top-level categories for Womens Shop (Makeup)" classname="Test Cases/US mobile test/Test all Shop top-level categories for Womens Shop (Makeup)" status="PASSED">
         <system-out><![CDATA[2018-09-25 14:56:05 - [TEST_CASE][PASSED] - Test Cases/US mobile test/Test all Shop top-level categories for Womens Shop (Makeup): Test Cases/US mobile test/Test all Shop top-level categories for Womens Shop (Makeup)

2018-09-25 14:56:07 - [TEST_STEP][NOT_RUN] - callTestCase: NOT_RUN: callTestCase

2018-09-25 14:56:07 - [MESSAGE][NOT_RUN] - NOT_RUN: callTestCase

2018-09-25 14:56:07 - [TEST_STEP][PASSED] - delay: Delayed 2 second(s)

2018-09-25 14:56:09 - [MESSAGE][PASSED] - Delayed 2 second(s)

2018-09-25 14:56:09 - [TEST_STEP][PASSED] - waitForElementClickable: Object 'Object Repository/Page_Shop Whats New/svg_ 2018 Birchbox_icon__svg__' is clickable

2018-09-25 14:56:09 - [MESSAGE][WARNING] - Timeout '0' is invalid. Using default page load timeout: '90'

2018-09-25 14:56:09 - [MESSAGE][PASSED] - Object 'Object Repository/Page_Shop Whats New/svg_ 2018 Birchbox_icon__svg__' is clickable

2018-09-25 14:56:09 - [TEST_STEP][PASSED] - click: Object: 'Object Repository/Page_Shop Whats New/svg_ 2018 Birchbox_icon__svg__' is clicked on

2018-09-25 14:56:09 - [MESSAGE][PASSED] - Object: 'Object Repository/Page_Shop Whats New/svg_ 2018 Birchbox_icon__svg__' is clicked on

2018-09-25 14:56:09 - [TEST_STEP][PASSED] - waitForElementVisible: Object 'Object Repository/Page_Shop Whats New/div_Makeup' is visible

2018-09-25 14:56:09 - [MESSAGE][WARNING] - Timeout '0' is invalid. Using default page load timeout: '90'

2018-09-25 14:56:09 - [MESSAGE][PASSED] - Object 'Object Repository/Page_Shop Whats New/div_Makeup' is visible

2018-09-25 14:56:09 - [TEST_STEP][PASSED] - waitForElementClickable: Object 'Object Repository/Page_Shop Whats New/div_Makeup' is clickable

2018-09-25 14:56:09 - [MESSAGE][WARNING] - Timeout '0' is invalid. Using default page load timeout: '90'

2018-09-25 14:56:09 - [MESSAGE][PASSED] - Object 'Object Repository/Page_Shop Whats New/div_Makeup' is clickable

2018-09-25 14:56:09 - [TEST_STEP][PASSED] - click: Object: 'Object Repository/Page_Shop Whats New/div_Makeup' is clicked on

2018-09-25 14:56:09 - [MESSAGE][PASSED] - Object: 'Object Repository/Page_Shop Whats New/div_Makeup' is clicked on

2018-09-25 14:56:09 - [TEST_STEP][PASSED] - click: Object: 'Object Repository/Page_Shop Whats New/div_Complexion' is clicked on

2018-09-25 14:56:10 - [MESSAGE][PASSED] - Object: 'Object Repository/Page_Shop Whats New/div_Complexion' is clicked on

2018-09-25 14:56:10 - [TEST_STEP][PASSED] - delay: Delayed 1 second(s)

2018-09-25 14:56:11 - [MESSAGE][PASSED] - Delayed 1 second(s)

2018-09-25 14:56:11 - [TEST_STEP][PASSED] - waitForElementVisible: Object 'Object Repository/Page_Beauty Box Subscription for Wo/a_Tinted Moisturizers  BBCC Cr' is visible

2018-09-25 14:56:11 - [MESSAGE][WARNING] - Timeout '0' is invalid. Using default page load timeout: '90'

2018-09-25 14:56:12 - [MESSAGE][PASSED] - Object 'Object Repository/Page_Beauty Box Subscription for Wo/a_Tinted Moisturizers  BBCC Cr' is visible

2018-09-25 14:56:12 - [TEST_STEP][PASSED] - waitForElementClickable: Object 'Object Repository/Page_Beauty Box Subscription for Wo/a_Tinted Moisturizers  BBCC Cr' is clickable

2018-09-25 14:56:12 - [MESSAGE][WARNING] - Timeout '0' is invalid. Using default page load timeout: '90'

2018-09-25 14:56:12 - [MESSAGE][PASSED] - Object 'Object Repository/Page_Beauty Box Subscription for Wo/a_Tinted Moisturizers  BBCC Cr' is clickable

2018-09-25 14:56:12 - [TEST_STEP][PASSED] - click: Object: 'Object Repository/Page_Beauty Box Subscription for Wo/a_Tinted Moisturizers  BBCC Cr' is clicked on

2018-09-25 14:56:12 - [MESSAGE][PASSED] - Object: 'Object Repository/Page_Beauty Box Subscription for Wo/a_Tinted Moisturizers  BBCC Cr' is clicked on

2018-09-25 14:56:12 - [TEST_STEP][PASSED] - delay: Delayed 2 second(s)

2018-09-25 14:56:14 - [MESSAGE][PASSED] - Delayed 2 second(s)

2018-09-25 14:56:14 - [TEST_STEP][PASSED] - click: Object: 'Object Repository/Page_Shop Tinted Moisturizers  BBCC/svg_ 2018 Birchbox_icon__svg__' is clicked on

2018-09-25 14:56:14 - [MESSAGE][PASSED] - Object: 'Object Repository/Page_Shop Tinted Moisturizers  BBCC/svg_ 2018 Birchbox_icon__svg__' is clicked on

2018-09-25 14:56:14 - [TEST_STEP][PASSED] - delay: Delayed 2 second(s)

2018-09-25 14:56:16 - [MESSAGE][PASSED] - Delayed 2 second(s)

2018-09-25 14:56:16 - [TEST_STEP][PASSED] - waitForElementVisible: Object 'Object Repository/Page_Shop Whats New/div_Makeup' is visible

2018-09-25 14:56:16 - [MESSAGE][WARNING] - Timeout '0' is invalid. Using default page load timeout: '90'

2018-09-25 14:56:16 - [MESSAGE][PASSED] - Object 'Object Repository/Page_Shop Whats New/div_Makeup' is visible

2018-09-25 14:56:16 - [TEST_STEP][PASSED] - waitForElementClickable: Object 'Object Repository/Page_Shop Whats New/div_Makeup' is clickable

2018-09-25 14:56:16 - [MESSAGE][WARNING] - Timeout '0' is invalid. Using default page load timeout: '90'

2018-09-25 14:56:17 - [MESSAGE][PASSED] - Object 'Object Repository/Page_Shop Whats New/div_Makeup' is clickable

2018-09-25 14:56:17 - [TEST_STEP][PASSED] - click: Object: 'Object Repository/Page_Shop Tinted Moisturizers  BBCC/div_Makeup' is clicked on

2018-09-25 14:56:17 - [MESSAGE][PASSED] - Object: 'Object Repository/Page_Shop Tinted Moisturizers  BBCC/div_Makeup' is clicked on

2018-09-25 14:56:17 - [TEST_STEP][PASSED] - delay: Delayed 1 second(s)

2018-09-25 14:56:18 - [MESSAGE][PASSED] - Delayed 1 second(s)

2018-09-25 14:56:18 - [TEST_STEP][PASSED] - click: Object: 'Object Repository/Page_Shop Tinted Moisturizers  BBCC/div_Complexion' is clicked on

2018-09-25 14:56:18 - [MESSAGE][PASSED] - Object: 'Object Repository/Page_Shop Tinted Moisturizers  BBCC/div_Complexion' is clicked on

2018-09-25 14:56:18 - [TEST_STEP][PASSED] - delay: Delayed 1 second(s)

2018-09-25 14:56:19 - [MESSAGE][PASSED] - Delayed 1 second(s)

2018-09-25 14:56:19 - [TEST_STEP][PASSED] - waitForElementVisible: Object 'Object Repository/Page_Beauty Box Subscription for Wo/a_Foundations' is visible

2018-09-25 14:56:19 - [MESSAGE][WARNING] - Timeout '0' is invalid. Using default page load timeout: '90'

2018-09-25 14:56:19 - [MESSAGE][PASSED] - Object 'Object Repository/Page_Beauty Box Subscription for Wo/a_Foundations' is visible

2018-09-25 14:56:19 - [TEST_STEP][PASSED] - waitForElementClickable: Object 'Object Repository/Page_Beauty Box Subscription for Wo/a_Foundations' is clickable

2018-09-25 14:56:19 - [MESSAGE][WARNING] - Timeout '0' is invalid. Using default page load timeout: '90'

2018-09-25 14:56:19 - [MESSAGE][PASSED] - Object 'Object Repository/Page_Beauty Box Subscription for Wo/a_Foundations' is clickable

2018-09-25 14:56:19 - [TEST_STEP][PASSED] - click: Object: 'Object Repository/Page_Beauty Box Subscription for Wo/a_Foundations' is clicked on

2018-09-25 14:56:19 - [MESSAGE][PASSED] - Object: 'Object Repository/Page_Beauty Box Subscription for Wo/a_Foundations' is clicked on

2018-09-25 14:56:19 - [TEST_STEP][PASSED] - delay: Delayed 2 second(s)

2018-09-25 14:56:21 - [MESSAGE][PASSED] - Delayed 2 second(s)

2018-09-25 14:56:21 - [TEST_STEP][PASSED] - click: Object: 'Object Repository/Page_Shop Makeup Foundations/svg_ 2018 Birchbox_icon__svg__' is clicked on

2018-09-25 14:56:22 - [MESSAGE][PASSED] - Object: 'Object Repository/Page_Shop Makeup Foundations/svg_ 2018 Birchbox_icon__svg__' is clicked on

2018-09-25 14:56:22 - [TEST_STEP][PASSED] - waitForElementVisible: Object 'Object Repository/Page_Shop Whats New/div_Makeup' is visible

2018-09-25 14:56:22 - [MESSAGE][WARNING] - Timeout '0' is invalid. Using default page load timeout: '90'

2018-09-25 14:56:22 - [MESSAGE][PASSED] - Object 'Object Repository/Page_Shop Whats New/div_Makeup' is visible

2018-09-25 14:56:22 - [TEST_STEP][PASSED] - waitForElementClickable: Object 'Object Repository/Page_Shop Whats New/div_Makeup' is clickable

2018-09-25 14:56:22 - [MESSAGE][WARNING] - Timeout '0' is invalid. Using default page load timeout: '90'

2018-09-25 14:56:22 - [MESSAGE][PASSED] - Object 'Object Repository/Page_Shop Whats New/div_Makeup' is clickable

2018-09-25 14:56:22 - [TEST_STEP][PASSED] - click: Object: 'Object Repository/Page_Shop Makeup Foundations/div_Makeup' is clicked on

2018-09-25 14:56:22 - [MESSAGE][PASSED] - Object: 'Object Repository/Page_Shop Makeup Foundations/div_Makeup' is clicked on

2018-09-25 14:56:22 - [TEST_STEP][PASSED] - click: Object: 'Object Repository/Page_Shop Makeup Foundations/div_Complexion' is clicked on

2018-09-25 14:56:22 - [MESSAGE][PASSED] - Object: 'Object Repository/Page_Shop Makeup Foundations/div_Complexion' is clicked on

2018-09-25 14:56:22 - [TEST_STEP][PASSED] - delay: Delayed 1 second(s)

2018-09-25 14:56:23 - [MESSAGE][PASSED] - Delayed 1 second(s)

2018-09-25 14:56:23 - [TEST_STEP][PASSED] - waitForElementVisible: Object 'Object Repository/Page_Beauty Box Subscription for Wo/a_Concealers' is visible

2018-09-25 14:56:23 - [MESSAGE][WARNING] - Timeout '0' is invalid. Using default page load timeout: '90'

2018-09-25 14:56:24 - [MESSAGE][PASSED] - Object 'Object Repository/Page_Beauty Box Subscription for Wo/a_Concealers' is visible

2018-09-25 14:56:24 - [TEST_STEP][PASSED] - waitForElementClickable: Object 'Object Repository/Page_Beauty Box Subscription for Wo/a_Concealers' is clickable

2018-09-25 14:56:24 - [MESSAGE][WARNING] - Timeout '0' is invalid. Using default page load timeout: '90'

2018-09-25 14:56:24 - [MESSAGE][PASSED] - Object 'Object Repository/Page_Beauty Box Subscription for Wo/a_Concealers' is clickable

2018-09-25 14:56:24 - [TEST_STEP][PASSED] - click: Object: 'Object Repository/Page_Beauty Box Subscription for Wo/a_Concealers' is clicked on

2018-09-25 14:56:24 - [MESSAGE][PASSED] - Object: 'Object Repository/Page_Beauty Box Subscription for Wo/a_Concealers' is clicked on

2018-09-25 14:56:24 - [TEST_STEP][PASSED] - delay: Delayed 2 second(s)

2018-09-25 14:56:26 - [MESSAGE][PASSED] - Delayed 2 second(s)

2018-09-25 14:56:26 - [TEST_STEP][PASSED] - click: Object: 'Object Repository/Page_Shop Makeup Concealers/svg_ 2018 Birchbox_icon__svg__' is clicked on

2018-09-25 14:56:26 - [MESSAGE][PASSED] - Object: 'Object Repository/Page_Shop Makeup Concealers/svg_ 2018 Birchbox_icon__svg__' is clicked on

2018-09-25 14:56:26 - [TEST_STEP][PASSED] - waitForElementVisible: Object 'Object Repository/Page_Shop Whats New/div_Makeup' is visible

2018-09-25 14:56:26 - [MESSAGE][WARNING] - Timeout '0' is invalid. Using default page load timeout: '90'

2018-09-25 14:56:26 - [MESSAGE][PASSED] - Object 'Object Repository/Page_Shop Whats New/div_Makeup' is visible

2018-09-25 14:56:26 - [TEST_STEP][PASSED] - waitForElementClickable: Object 'Object Repository/Page_Shop Whats New/div_Makeup' is clickable

2018-09-25 14:56:26 - [MESSAGE][WARNING] - Timeout '0' is invalid. Using default page load timeout: '90'

2018-09-25 14:56:27 - [MESSAGE][PASSED] - Object 'Object Repository/Page_Shop Whats New/div_Makeup' is clickable

2018-09-25 14:56:27 - [TEST_STEP][PASSED] - click: Object: 'Object Repository/Page_Shop Makeup Concealers/div_Makeup' is clicked on

2018-09-25 14:56:27 - [MESSAGE][PASSED] - Object: 'Object Repository/Page_Shop Makeup Concealers/div_Makeup' is clicked on

2018-09-25 14:56:27 - [TEST_STEP][PASSED] - click: Object: 'Object Repository/Page_Shop Makeup Concealers/div_Complexion' is clicked on

2018-09-25 14:56:27 - [MESSAGE][PASSED] - Object: 'Object Repository/Page_Shop Makeup Concealers/div_Complexion' is clicked on

2018-09-25 14:56:27 - [TEST_STEP][PASSED] - delay: Delayed 1 second(s)

2018-09-25 14:56:28 - [MESSAGE][PASSED] - Delayed 1 second(s)

2018-09-25 14:56:28 - [TEST_STEP][PASSED] - waitForElementVisible: Object 'Object Repository/Page_Beauty Box Subscription for Wo/a_Primers' is visible

2018-09-25 14:56:28 - [MESSAGE][WARNING] - Timeout '0' is invalid. Using default page load timeout: '90'

2018-09-25 14:56:29 - [MESSAGE][PASSED] - Object 'Object Repository/Page_Beauty Box Subscription for Wo/a_Primers' is visible

2018-09-25 14:56:29 - [TEST_STEP][PASSED] - waitForElementClickable: Object 'Object Repository/Page_Beauty Box Subscription for Wo/a_Primers' is clickable

2018-09-25 14:56:29 - [MESSAGE][WARNING] - Timeout '0' is invalid. Using default page load timeout: '90'

2018-09-25 14:56:29 - [MESSAGE][PASSED] - Object 'Object Repository/Page_Beauty Box Subscription for Wo/a_Primers' is clickable

2018-09-25 14:56:29 - [TEST_STEP][PASSED] - click: Object: 'Object Repository/Page_Beauty Box Subscription for Wo/a_Primers' is clicked on

2018-09-25 14:56:29 - [MESSAGE][PASSED] - Object: 'Object Repository/Page_Beauty Box Subscription for Wo/a_Primers' is clicked on

2018-09-25 14:56:29 - [TEST_STEP][PASSED] - delay: Delayed 2 second(s)

2018-09-25 14:56:31 - [MESSAGE][PASSED] - Delayed 2 second(s)

2018-09-25 14:56:31 - [TEST_STEP][PASSED] - click: Object: 'Object Repository/Page_Shop Makeup Primers/svg_ 2018 Birchbox_icon__svg__' is clicked on

2018-09-25 14:56:31 - [MESSAGE][PASSED] - Object: 'Object Repository/Page_Shop Makeup Primers/svg_ 2018 Birchbox_icon__svg__' is clicked on

2018-09-25 14:56:31 - [TEST_STEP][PASSED] - waitForElementVisible: Object 'Object Repository/Page_Shop Whats New/div_Makeup' is visible

2018-09-25 14:56:31 - [MESSAGE][WARNING] - Timeout '0' is invalid. Using default page load timeout: '90'

2018-09-25 14:56:31 - [MESSAGE][PASSED] - Object 'Object Repository/Page_Shop Whats New/div_Makeup' is visible

2018-09-25 14:56:31 - [TEST_STEP][PASSED] - waitForElementClickable: Object 'Object Repository/Page_Shop Whats New/div_Makeup' is clickable

2018-09-25 14:56:31 - [MESSAGE][WARNING] - Timeout '0' is invalid. Using default page load timeout: '90'

2018-09-25 14:56:31 - [MESSAGE][PASSED] - Object 'Object Repository/Page_Shop Whats New/div_Makeup' is clickable

2018-09-25 14:56:31 - [TEST_STEP][PASSED] - click: Object: 'Object Repository/Page_Shop Makeup Primers/div_Makeup' is clicked on

2018-09-25 14:56:32 - [MESSAGE][PASSED] - Object: 'Object Repository/Page_Shop Makeup Primers/div_Makeup' is clicked on

2018-09-25 14:56:32 - [TEST_STEP][PASSED] - waitForElementVisible: Object 'Object Repository/Page_Shop Makeup Primers/div_Complexion' is visible

2018-09-25 14:56:32 - [MESSAGE][WARNING] - Timeout '0' is invalid. Using default page load timeout: '90'

2018-09-25 14:56:32 - [MESSAGE][PASSED] - Object 'Object Repository/Page_Shop Makeup Primers/div_Complexion' is visible

2018-09-25 14:56:32 - [TEST_STEP][PASSED] - waitForElementClickable: Object 'Object Repository/Page_Shop Makeup Primers/div_Complexion' is clickable

2018-09-25 14:56:32 - [MESSAGE][WARNING] - Timeout '0' is invalid. Using default page load timeout: '90'

2018-09-25 14:56:32 - [MESSAGE][PASSED] - Object 'Object Repository/Page_Shop Makeup Primers/div_Complexion' is clickable

2018-09-25 14:56:32 - [TEST_STEP][PASSED] - click: Object: 'Object Repository/Page_Shop Makeup Primers/div_Complexion' is clicked on

2018-09-25 14:56:32 - [MESSAGE][PASSED] - Object: 'Object Repository/Page_Shop Makeup Primers/div_Complexion' is clicked on

2018-09-25 14:56:32 - [TEST_STEP][PASSED] - delay: Delayed 2 second(s)

2018-09-25 14:56:34 - [MESSAGE][PASSED] - Delayed 2 second(s)

2018-09-25 14:56:34 - [TEST_STEP][PASSED] - waitForElementVisible: Object 'Object Repository/Page_Beauty Box Subscription for Wo/a_Color-Correcting' is visible

2018-09-25 14:56:34 - [MESSAGE][WARNING] - Timeout '0' is invalid. Using default page load timeout: '90'

2018-09-25 14:56:34 - [MESSAGE][PASSED] - Object 'Object Repository/Page_Beauty Box Subscription for Wo/a_Color-Correcting' is visible

2018-09-25 14:56:34 - [TEST_STEP][PASSED] - waitForElementClickable: Object 'Object Repository/Page_Beauty Box Subscription for Wo/a_Color-Correcting' is clickable

2018-09-25 14:56:34 - [MESSAGE][WARNING] - Timeout '0' is invalid. Using default page load timeout: '90'

2018-09-25 14:56:34 - [MESSAGE][PASSED] - Object 'Object Repository/Page_Beauty Box Subscription for Wo/a_Color-Correcting' is clickable

2018-09-25 14:56:34 - [TEST_STEP][PASSED] - click: Object: 'Object Repository/Page_Beauty Box Subscription for Wo/a_Color-Correcting' is clicked on

2018-09-25 14:56:35 - [MESSAGE][PASSED] - Object: 'Object Repository/Page_Beauty Box Subscription for Wo/a_Color-Correcting' is clicked on

2018-09-25 14:56:35 - [TEST_STEP][PASSED] - delay: Delayed 2 second(s)

2018-09-25 14:56:37 - [MESSAGE][PASSED] - Delayed 2 second(s)

2018-09-25 14:56:37 - [TEST_STEP][PASSED] - click: Object: 'Object Repository/Page_Shop Color-Correcting Makeup/svg_ 2018 Birchbox_icon__svg__' is clicked on

2018-09-25 14:56:37 - [MESSAGE][PASSED] - Object: 'Object Repository/Page_Shop Color-Correcting Makeup/svg_ 2018 Birchbox_icon__svg__' is clicked on

2018-09-25 14:56:37 - [TEST_STEP][PASSED] - waitForElementVisible: Object 'Object Repository/Page_Shop Whats New/div_Makeup' is visible

2018-09-25 14:56:37 - [MESSAGE][WARNING] - Timeout '0' is invalid. Using default page load timeout: '90'

2018-09-25 14:56:37 - [MESSAGE][PASSED] - Object 'Object Repository/Page_Shop Whats New/div_Makeup' is visible

2018-09-25 14:56:37 - [TEST_STEP][PASSED] - waitForElementClickable: Object 'Object Repository/Page_Shop Whats New/div_Makeup' is clickable

2018-09-25 14:56:37 - [MESSAGE][WARNING] - Timeout '0' is invalid. Using default page load timeout: '90'

2018-09-25 14:56:37 - [MESSAGE][PASSED] - Object 'Object Repository/Page_Shop Whats New/div_Makeup' is clickable

2018-09-25 14:56:37 - [TEST_STEP][PASSED] - click: Object: 'Object Repository/Page_Shop Color-Correcting Makeup/div_Makeup' is clicked on

2018-09-25 14:56:37 - [MESSAGE][PASSED] - Object: 'Object Repository/Page_Shop Color-Correcting Makeup/div_Makeup' is clicked on

2018-09-25 14:56:37 - [TEST_STEP][PASSED] - click: Object: 'Object Repository/Page_Shop Color-Correcting Makeup/div_Complexion' is clicked on

2018-09-25 14:56:38 - [MESSAGE][PASSED] - Object: 'Object Repository/Page_Shop Color-Correcting Makeup/div_Complexion' is clicked on

2018-09-25 14:56:38 - [TEST_STEP][PASSED] - delay: Delayed 1 second(s)

2018-09-25 14:56:39 - [MESSAGE][PASSED] - Delayed 1 second(s)

2018-09-25 14:56:39 - [TEST_STEP][PASSED] - waitForElementVisible: Object 'Object Repository/Page_Beauty Box Subscription for Wo/a_Setting Sprays  Powders' is visible

2018-09-25 14:56:39 - [MESSAGE][WARNING] - Timeout '0' is invalid. Using default page load timeout: '90'

2018-09-25 14:56:39 - [MESSAGE][PASSED] - Object 'Object Repository/Page_Beauty Box Subscription for Wo/a_Setting Sprays  Powders' is visible

2018-09-25 14:56:39 - [TEST_STEP][PASSED] - verifyElementClickable: Object 'Object Repository/Page_Beauty Box Subscription for Wo/a_Setting Sprays  Powders' is clickable

2018-09-25 14:56:39 - [MESSAGE][PASSED] - Object 'Object Repository/Page_Beauty Box Subscription for Wo/a_Setting Sprays  Powders' is clickable

2018-09-25 14:56:39 - [TEST_STEP][PASSED] - click: Object: 'Object Repository/Page_Beauty Box Subscription for Wo/a_Setting Sprays  Powders' is clicked on

2018-09-25 14:56:40 - [MESSAGE][PASSED] - Object: 'Object Repository/Page_Beauty Box Subscription for Wo/a_Setting Sprays  Powders' is clicked on

2018-09-25 14:56:40 - [TEST_STEP][PASSED] - delay: Delayed 2 second(s)

2018-09-25 14:56:42 - [MESSAGE][PASSED] - Delayed 2 second(s)

2018-09-25 14:56:42 - [TEST_STEP][PASSED] - click: Object: 'Object Repository/Page_Shop Makeup Setting Sprays and/svg_ 2018 Birchbox_icon__svg__' is clicked on

2018-09-25 14:56:42 - [MESSAGE][PASSED] - Object: 'Object Repository/Page_Shop Makeup Setting Sprays and/svg_ 2018 Birchbox_icon__svg__' is clicked on

2018-09-25 14:56:42 - [TEST_STEP][PASSED] - waitForElementVisible: Object 'Object Repository/Page_Shop Whats New/div_Makeup' is visible

2018-09-25 14:56:42 - [MESSAGE][WARNING] - Timeout '0' is invalid. Using default page load timeout: '90'

2018-09-25 14:56:42 - [MESSAGE][PASSED] - Object 'Object Repository/Page_Shop Whats New/div_Makeup' is visible

2018-09-25 14:56:42 - [TEST_STEP][PASSED] - waitForElementClickable: Object 'Object Repository/Page_Shop Whats New/div_Makeup' is clickable

2018-09-25 14:56:42 - [MESSAGE][WARNING] - Timeout '0' is invalid. Using default page load timeout: '90'

2018-09-25 14:56:42 - [MESSAGE][PASSED] - Object 'Object Repository/Page_Shop Whats New/div_Makeup' is clickable

2018-09-25 14:56:42 - [TEST_STEP][PASSED] - click: Object: 'Object Repository/Page_Shop Makeup Setting Sprays and/div_Makeup' is clicked on

2018-09-25 14:56:43 - [MESSAGE][PASSED] - Object: 'Object Repository/Page_Shop Makeup Setting Sprays and/div_Makeup' is clicked on

2018-09-25 14:56:43 - [TEST_STEP][PASSED] - click: Object: 'Object Repository/Page_Shop Makeup Setting Sprays and/div_Complexion' is clicked on

2018-09-25 14:56:43 - [MESSAGE][PASSED] - Object: 'Object Repository/Page_Shop Makeup Setting Sprays and/div_Complexion' is clicked on

2018-09-25 14:56:43 - [TEST_STEP][PASSED] - delay: Delayed 1 second(s)

2018-09-25 14:56:44 - [MESSAGE][PASSED] - Delayed 1 second(s)

2018-09-25 14:56:44 - [TEST_STEP][PASSED] - waitForElementVisible: Object 'Object Repository/Page_Beauty Box Subscription for Wo/a_Complexion Sets  Palettes' is visible

2018-09-25 14:56:44 - [MESSAGE][WARNING] - Timeout '0' is invalid. Using default page load timeout: '90'

2018-09-25 14:56:44 - [MESSAGE][PASSED] - Object 'Object Repository/Page_Beauty Box Subscription for Wo/a_Complexion Sets  Palettes' is visible

2018-09-25 14:56:44 - [TEST_STEP][PASSED] - waitForElementClickable: Object 'Object Repository/Page_Beauty Box Subscription for Wo/a_Complexion Sets  Palettes' is clickable

2018-09-25 14:56:44 - [MESSAGE][WARNING] - Timeout '0' is invalid. Using default page load timeout: '90'

2018-09-25 14:56:44 - [MESSAGE][PASSED] - Object 'Object Repository/Page_Beauty Box Subscription for Wo/a_Complexion Sets  Palettes' is clickable

2018-09-25 14:56:44 - [TEST_STEP][PASSED] - click: Object: 'Object Repository/Page_Beauty Box Subscription for Wo/a_Complexion Sets  Palettes' is clicked on

2018-09-25 14:56:44 - [MESSAGE][PASSED] - Object: 'Object Repository/Page_Beauty Box Subscription for Wo/a_Complexion Sets  Palettes' is clicked on

2018-09-25 14:56:44 - [TEST_STEP][PASSED] - delay: Delayed 2 second(s)

2018-09-25 14:56:46 - [MESSAGE][PASSED] - Delayed 2 second(s)

2018-09-25 14:56:46 - [TEST_STEP][PASSED] - click: Object: 'Object Repository/Page_Shop Makeup Complexion Sets  M/svg_ 2018 Birchbox_icon__svg__' is clicked on

2018-09-25 14:56:47 - [MESSAGE][PASSED] - Object: 'Object Repository/Page_Shop Makeup Complexion Sets  M/svg_ 2018 Birchbox_icon__svg__' is clicked on

2018-09-25 14:56:47 - [TEST_STEP][PASSED] - waitForElementVisible: Object 'Object Repository/Page_Shop Whats New/div_Makeup' is visible

2018-09-25 14:56:47 - [MESSAGE][WARNING] - Timeout '0' is invalid. Using default page load timeout: '90'

2018-09-25 14:56:47 - [MESSAGE][PASSED] - Object 'Object Repository/Page_Shop Whats New/div_Makeup' is visible

2018-09-25 14:56:47 - [TEST_STEP][PASSED] - waitForElementClickable: Object 'Object Repository/Page_Shop Whats New/div_Makeup' is clickable

2018-09-25 14:56:47 - [MESSAGE][WARNING] - Timeout '0' is invalid. Using default page load timeout: '90'

2018-09-25 14:56:47 - [MESSAGE][PASSED] - Object 'Object Repository/Page_Shop Whats New/div_Makeup' is clickable

2018-09-25 14:56:47 - [TEST_STEP][PASSED] - click: Object: 'Object Repository/Page_Shop Makeup Complexion Sets  M/div_Makeup' is clicked on

2018-09-25 14:56:48 - [MESSAGE][PASSED] - Object: 'Object Repository/Page_Shop Makeup Complexion Sets  M/div_Makeup' is clicked on

2018-09-25 14:56:48 - [TEST_STEP][PASSED] - click: Object: 'Object Repository/Page_Shop Makeup Complexion Sets  M/div_Eye' is clicked on

2018-09-25 14:56:48 - [MESSAGE][PASSED] - Object: 'Object Repository/Page_Shop Makeup Complexion Sets  M/div_Eye' is clicked on

2018-09-25 14:56:48 - [TEST_STEP][PASSED] - waitForElementVisible: Object 'Object Repository/Page_Beauty Box Subscription for Wo/a_Mascaras' is visible

2018-09-25 14:56:48 - [MESSAGE][WARNING] - Timeout '0' is invalid. Using default page load timeout: '90'

2018-09-25 14:56:49 - [MESSAGE][PASSED] - Object 'Object Repository/Page_Beauty Box Subscription for Wo/a_Mascaras' is visible

2018-09-25 14:56:49 - [TEST_STEP][PASSED] - waitForElementClickable: Object 'Object Repository/Page_Beauty Box Subscription for Wo/a_Mascaras' is clickable

2018-09-25 14:56:49 - [MESSAGE][WARNING] - Timeout '0' is invalid. Using default page load timeout: '90'

2018-09-25 14:56:49 - [MESSAGE][PASSED] - Object 'Object Repository/Page_Beauty Box Subscription for Wo/a_Mascaras' is clickable

2018-09-25 14:56:49 - [TEST_STEP][PASSED] - click: Object: 'Object Repository/Page_Beauty Box Subscription for Wo/a_Mascaras' is clicked on

2018-09-25 14:56:50 - [MESSAGE][PASSED] - Object: 'Object Repository/Page_Beauty Box Subscription for Wo/a_Mascaras' is clicked on

2018-09-25 14:56:50 - [TEST_STEP][PASSED] - delay: Delayed 2 second(s)

2018-09-25 14:56:52 - [MESSAGE][PASSED] - Delayed 2 second(s)

2018-09-25 14:56:52 - [TEST_STEP][PASSED] - click: Object: 'Object Repository/Page_Shop Mascaras/svg_ 2018 Birchbox_icon__svg__' is clicked on

2018-09-25 14:56:52 - [MESSAGE][PASSED] - Object: 'Object Repository/Page_Shop Mascaras/svg_ 2018 Birchbox_icon__svg__' is clicked on

2018-09-25 14:56:52 - [TEST_STEP][PASSED] - waitForElementVisible: Object 'Object Repository/Page_Shop Whats New/div_Makeup' is visible

2018-09-25 14:56:52 - [MESSAGE][WARNING] - Timeout '0' is invalid. Using default page load timeout: '90'

2018-09-25 14:56:52 - [MESSAGE][PASSED] - Object 'Object Repository/Page_Shop Whats New/div_Makeup' is visible

2018-09-25 14:56:52 - [TEST_STEP][PASSED] - waitForElementClickable: Object 'Object Repository/Page_Shop Whats New/div_Makeup' is clickable

2018-09-25 14:56:52 - [MESSAGE][WARNING] - Timeout '0' is invalid. Using default page load timeout: '90'

2018-09-25 14:56:52 - [MESSAGE][PASSED] - Object 'Object Repository/Page_Shop Whats New/div_Makeup' is clickable

2018-09-25 14:56:52 - [TEST_STEP][PASSED] - click: Object: 'Object Repository/Page_Shop Mascaras/div_Makeup' is clicked on

2018-09-25 14:56:52 - [MESSAGE][PASSED] - Object: 'Object Repository/Page_Shop Mascaras/div_Makeup' is clicked on

2018-09-25 14:56:52 - [TEST_STEP][PASSED] - click: Object: 'Object Repository/Page_Shop Mascaras/div_Eye' is clicked on

2018-09-25 14:56:53 - [MESSAGE][PASSED] - Object: 'Object Repository/Page_Shop Mascaras/div_Eye' is clicked on

2018-09-25 14:56:53 - [TEST_STEP][PASSED] - delay: Delayed 1 second(s)

2018-09-25 14:56:54 - [MESSAGE][PASSED] - Delayed 1 second(s)

2018-09-25 14:56:54 - [TEST_STEP][PASSED] - waitForElementVisible: Object 'Object Repository/Page_Beauty Box Subscription for Wo/a_Brows' is visible

2018-09-25 14:56:54 - [MESSAGE][WARNING] - Timeout '0' is invalid. Using default page load timeout: '90'

2018-09-25 14:56:54 - [MESSAGE][PASSED] - Object 'Object Repository/Page_Beauty Box Subscription for Wo/a_Brows' is visible

2018-09-25 14:56:54 - [TEST_STEP][PASSED] - waitForElementClickable: Object 'Object Repository/Page_Beauty Box Subscription for Wo/a_Brows' is clickable

2018-09-25 14:56:54 - [MESSAGE][WARNING] - Timeout '0' is invalid. Using default page load timeout: '90'

2018-09-25 14:56:54 - [MESSAGE][PASSED] - Object 'Object Repository/Page_Beauty Box Subscription for Wo/a_Brows' is clickable

2018-09-25 14:56:54 - [TEST_STEP][PASSED] - click: Object: 'Object Repository/Page_Beauty Box Subscription for Wo/a_Brows' is clicked on

2018-09-25 14:56:54 - [MESSAGE][PASSED] - Object: 'Object Repository/Page_Beauty Box Subscription for Wo/a_Brows' is clicked on

2018-09-25 14:56:54 - [TEST_STEP][PASSED] - delay: Delayed 2 second(s)

2018-09-25 14:56:56 - [MESSAGE][PASSED] - Delayed 2 second(s)

2018-09-25 14:56:56 - [TEST_STEP][PASSED] - click: Object: 'Object Repository/Page_Shop Brow Makeup/svg_ 2018 Birchbox_icon__svg__' is clicked on

2018-09-25 14:56:57 - [MESSAGE][PASSED] - Object: 'Object Repository/Page_Shop Brow Makeup/svg_ 2018 Birchbox_icon__svg__' is clicked on

2018-09-25 14:56:57 - [TEST_STEP][PASSED] - waitForElementVisible: Object 'Object Repository/Page_Shop Whats New/div_Makeup' is visible

2018-09-25 14:56:57 - [MESSAGE][WARNING] - Timeout '0' is invalid. Using default page load timeout: '90'

2018-09-25 14:56:57 - [MESSAGE][PASSED] - Object 'Object Repository/Page_Shop Whats New/div_Makeup' is visible

2018-09-25 14:56:57 - [TEST_STEP][PASSED] - waitForElementClickable: Object 'Object Repository/Page_Shop Whats New/div_Makeup' is clickable

2018-09-25 14:56:57 - [MESSAGE][WARNING] - Timeout '0' is invalid. Using default page load timeout: '90'

2018-09-25 14:56:57 - [MESSAGE][PASSED] - Object 'Object Repository/Page_Shop Whats New/div_Makeup' is clickable

2018-09-25 14:56:57 - [TEST_STEP][PASSED] - click: Object: 'Object Repository/Page_Shop Brow Makeup/div_Makeup' is clicked on

2018-09-25 14:56:57 - [MESSAGE][PASSED] - Object: 'Object Repository/Page_Shop Brow Makeup/div_Makeup' is clicked on

2018-09-25 14:56:57 - [TEST_STEP][PASSED] - click: Object: 'Object Repository/Page_Shop Brow Makeup/div_Eye' is clicked on

2018-09-25 14:56:58 - [MESSAGE][PASSED] - Object: 'Object Repository/Page_Shop Brow Makeup/div_Eye' is clicked on

2018-09-25 14:56:58 - [TEST_STEP][PASSED] - delay: Delayed 1 second(s)

2018-09-25 14:56:59 - [MESSAGE][PASSED] - Delayed 1 second(s)

2018-09-25 14:56:59 - [TEST_STEP][PASSED] - waitForElementVisible: Object 'Object Repository/Page_Beauty Box Subscription for Wo/a_Eyeliners' is visible

2018-09-25 14:56:59 - [MESSAGE][WARNING] - Timeout '0' is invalid. Using default page load timeout: '90'

2018-09-25 14:56:59 - [MESSAGE][PASSED] - Object 'Object Repository/Page_Beauty Box Subscription for Wo/a_Eyeliners' is visible

2018-09-25 14:56:59 - [TEST_STEP][PASSED] - waitForElementClickable: Object 'Object Repository/Page_Beauty Box Subscription for Wo/a_Eyeliners' is clickable

2018-09-25 14:56:59 - [MESSAGE][WARNING] - Timeout '0' is invalid. Using default page load timeout: '90'

2018-09-25 14:56:59 - [MESSAGE][PASSED] - Object 'Object Repository/Page_Beauty Box Subscription for Wo/a_Eyeliners' is clickable

2018-09-25 14:56:59 - [TEST_STEP][PASSED] - click: Object: 'Object Repository/Page_Beauty Box Subscription for Wo/a_Eyeliners' is clicked on

2018-09-25 14:56:59 - [MESSAGE][PASSED] - Object: 'Object Repository/Page_Beauty Box Subscription for Wo/a_Eyeliners' is clicked on

2018-09-25 14:56:59 - [TEST_STEP][PASSED] - delay: Delayed 2 second(s)

2018-09-25 14:57:01 - [MESSAGE][PASSED] - Delayed 2 second(s)

2018-09-25 14:57:01 - [TEST_STEP][PASSED] - click: Object: 'Object Repository/Page_Shop Eyeliners/svg_ 2018 Birchbox_icon__svg__' is clicked on

2018-09-25 14:57:01 - [MESSAGE][PASSED] - Object: 'Object Repository/Page_Shop Eyeliners/svg_ 2018 Birchbox_icon__svg__' is clicked on

2018-09-25 14:57:01 - [TEST_STEP][PASSED] - waitForElementVisible: Object 'Object Repository/Page_Shop Whats New/div_Makeup' is visible

2018-09-25 14:57:01 - [MESSAGE][WARNING] - Timeout '0' is invalid. Using default page load timeout: '90'

2018-09-25 14:57:01 - [MESSAGE][PASSED] - Object 'Object Repository/Page_Shop Whats New/div_Makeup' is visible

2018-09-25 14:57:01 - [TEST_STEP][PASSED] - waitForElementClickable: Object 'Object Repository/Page_Shop Whats New/div_Makeup' is clickable

2018-09-25 14:57:01 - [MESSAGE][WARNING] - Timeout '0' is invalid. Using default page load timeout: '90'

2018-09-25 14:57:01 - [MESSAGE][PASSED] - Object 'Object Repository/Page_Shop Whats New/div_Makeup' is clickable

2018-09-25 14:57:01 - [TEST_STEP][PASSED] - click: Object: 'Object Repository/Page_Shop Eyeliners/div_Makeup' is clicked on

2018-09-25 14:57:02 - [MESSAGE][PASSED] - Object: 'Object Repository/Page_Shop Eyeliners/div_Makeup' is clicked on

2018-09-25 14:57:02 - [TEST_STEP][PASSED] - click: Object: 'Object Repository/Page_Shop Eyeliners/div_Eye' is clicked on

2018-09-25 14:57:02 - [MESSAGE][PASSED] - Object: 'Object Repository/Page_Shop Eyeliners/div_Eye' is clicked on

2018-09-25 14:57:02 - [TEST_STEP][PASSED] - delay: Delayed 1 second(s)

2018-09-25 14:57:03 - [MESSAGE][PASSED] - Delayed 1 second(s)

2018-09-25 14:57:03 - [TEST_STEP][PASSED] - waitForElementVisible: Object 'Object Repository/Page_Beauty Box Subscription for Wo/a_Eyeshadows' is visible

2018-09-25 14:57:03 - [MESSAGE][WARNING] - Timeout '0' is invalid. Using default page load timeout: '90'

2018-09-25 14:57:03 - [MESSAGE][PASSED] - Object 'Object Repository/Page_Beauty Box Subscription for Wo/a_Eyeshadows' is visible

2018-09-25 14:57:03 - [TEST_STEP][PASSED] - waitForElementClickable: Object 'Object Repository/Page_Beauty Box Subscription for Wo/a_Eyeshadows' is clickable

2018-09-25 14:57:03 - [MESSAGE][WARNING] - Timeout '0' is invalid. Using default page load timeout: '90'

2018-09-25 14:57:03 - [MESSAGE][PASSED] - Object 'Object Repository/Page_Beauty Box Subscription for Wo/a_Eyeshadows' is clickable

2018-09-25 14:57:03 - [TEST_STEP][PASSED] - click: Object: 'Object Repository/Page_Beauty Box Subscription for Wo/a_Eyeshadows' is clicked on

2018-09-25 14:57:04 - [MESSAGE][PASSED] - Object: 'Object Repository/Page_Beauty Box Subscription for Wo/a_Eyeshadows' is clicked on

2018-09-25 14:57:04 - [TEST_STEP][PASSED] - delay: Delayed 2 second(s)

2018-09-25 14:57:06 - [MESSAGE][PASSED] - Delayed 2 second(s)

2018-09-25 14:57:06 - [TEST_STEP][PASSED] - click: Object: 'Object Repository/Page_Shop Eyeshadows/svg_ 2018 Birchbox_icon__svg__' is clicked on

2018-09-25 14:57:06 - [MESSAGE][PASSED] - Object: 'Object Repository/Page_Shop Eyeshadows/svg_ 2018 Birchbox_icon__svg__' is clicked on

2018-09-25 14:57:06 - [TEST_STEP][PASSED] - waitForElementVisible: Object 'Object Repository/Page_Shop Whats New/div_Makeup' is visible

2018-09-25 14:57:06 - [MESSAGE][WARNING] - Timeout '0' is invalid. Using default page load timeout: '90'

2018-09-25 14:57:06 - [MESSAGE][PASSED] - Object 'Object Repository/Page_Shop Whats New/div_Makeup' is visible

2018-09-25 14:57:06 - [TEST_STEP][PASSED] - waitForElementClickable: Object 'Object Repository/Page_Shop Whats New/div_Makeup' is clickable

2018-09-25 14:57:06 - [MESSAGE][WARNING] - Timeout '0' is invalid. Using default page load timeout: '90'

2018-09-25 14:57:06 - [MESSAGE][PASSED] - Object 'Object Repository/Page_Shop Whats New/div_Makeup' is clickable

2018-09-25 14:57:06 - [TEST_STEP][PASSED] - click: Object: 'Object Repository/Page_Shop Eyeshadows/div_Makeup' is clicked on

2018-09-25 14:57:06 - [MESSAGE][PASSED] - Object: 'Object Repository/Page_Shop Eyeshadows/div_Makeup' is clicked on

2018-09-25 14:57:06 - [TEST_STEP][PASSED] - click: Object: 'Object Repository/Page_Shop Eyeshadows/div_Eye' is clicked on

2018-09-25 14:57:07 - [MESSAGE][PASSED] - Object: 'Object Repository/Page_Shop Eyeshadows/div_Eye' is clicked on

2018-09-25 14:57:07 - [TEST_STEP][PASSED] - delay: Delayed 1 second(s)

2018-09-25 14:57:08 - [MESSAGE][PASSED] - Delayed 1 second(s)

2018-09-25 14:57:08 - [TEST_STEP][PASSED] - waitForElementClickable: Object 'Object Repository/Page_Beauty Box Subscription for Wo/a_Eye Primers' is clickable

2018-09-25 14:57:08 - [MESSAGE][WARNING] - Timeout '0' is invalid. Using default page load timeout: '90'

2018-09-25 14:57:08 - [MESSAGE][PASSED] - Object 'Object Repository/Page_Beauty Box Subscription for Wo/a_Eye Primers' is clickable

2018-09-25 14:57:08 - [TEST_STEP][PASSED] - waitForElementVisible: Object 'Object Repository/Page_Beauty Box Subscription for Wo/a_Eye Primers' is visible

2018-09-25 14:57:08 - [MESSAGE][WARNING] - Timeout '0' is invalid. Using default page load timeout: '90'

2018-09-25 14:57:08 - [MESSAGE][PASSED] - Object 'Object Repository/Page_Beauty Box Subscription for Wo/a_Eye Primers' is visible

2018-09-25 14:57:08 - [TEST_STEP][PASSED] - click: Object: 'Object Repository/Page_Beauty Box Subscription for Wo/a_Eye Primers' is clicked on

2018-09-25 14:57:08 - [MESSAGE][PASSED] - Object: 'Object Repository/Page_Beauty Box Subscription for Wo/a_Eye Primers' is clicked on

2018-09-25 14:57:08 - [TEST_STEP][PASSED] - delay: Delayed 2 second(s)

2018-09-25 14:57:10 - [MESSAGE][PASSED] - Delayed 2 second(s)

2018-09-25 14:57:10 - [TEST_STEP][PASSED] - click: Object: 'Object Repository/Page_Shop Eye Primers/svg_ 2018 Birchbox_icon__svg__' is clicked on

2018-09-25 14:57:10 - [MESSAGE][PASSED] - Object: 'Object Repository/Page_Shop Eye Primers/svg_ 2018 Birchbox_icon__svg__' is clicked on

2018-09-25 14:57:10 - [TEST_STEP][PASSED] - waitForElementVisible: Object 'Object Repository/Page_Shop Whats New/div_Makeup' is visible

2018-09-25 14:57:10 - [MESSAGE][WARNING] - Timeout '0' is invalid. Using default page load timeout: '90'

2018-09-25 14:57:10 - [MESSAGE][PASSED] - Object 'Object Repository/Page_Shop Whats New/div_Makeup' is visible

2018-09-25 14:57:10 - [TEST_STEP][PASSED] - waitForElementClickable: Object 'Object Repository/Page_Shop Whats New/div_Makeup' is clickable

2018-09-25 14:57:10 - [MESSAGE][WARNING] - Timeout '0' is invalid. Using default page load timeout: '90'

2018-09-25 14:57:11 - [MESSAGE][PASSED] - Object 'Object Repository/Page_Shop Whats New/div_Makeup' is clickable

2018-09-25 14:57:11 - [TEST_STEP][PASSED] - click: Object: 'Object Repository/Page_Shop Eye Primers/div_Makeup' is clicked on

2018-09-25 14:57:11 - [MESSAGE][PASSED] - Object: 'Object Repository/Page_Shop Eye Primers/div_Makeup' is clicked on

2018-09-25 14:57:11 - [TEST_STEP][PASSED] - click: Object: 'Object Repository/Page_Shop Eye Primers/div_Eye' is clicked on

2018-09-25 14:57:11 - [MESSAGE][PASSED] - Object: 'Object Repository/Page_Shop Eye Primers/div_Eye' is clicked on

2018-09-25 14:57:11 - [TEST_STEP][PASSED] - delay: Delayed 1 second(s)

2018-09-25 14:57:12 - [MESSAGE][PASSED] - Delayed 1 second(s)

2018-09-25 14:57:12 - [TEST_STEP][PASSED] - waitForElementVisible: Object 'Object Repository/Page_Beauty Box Subscription for Wo/a_Lash Primers  Treatments' is visible

2018-09-25 14:57:12 - [MESSAGE][WARNING] - Timeout '0' is invalid. Using default page load timeout: '90'

2018-09-25 14:57:12 - [MESSAGE][PASSED] - Object 'Object Repository/Page_Beauty Box Subscription for Wo/a_Lash Primers  Treatments' is visible

2018-09-25 14:57:12 - [TEST_STEP][PASSED] - waitForElementClickable: Object 'Object Repository/Page_Beauty Box Subscription for Wo/a_Lash Primers  Treatments' is clickable

2018-09-25 14:57:12 - [MESSAGE][WARNING] - Timeout '0' is invalid. Using default page load timeout: '90'

2018-09-25 14:57:12 - [MESSAGE][PASSED] - Object 'Object Repository/Page_Beauty Box Subscription for Wo/a_Lash Primers  Treatments' is clickable

2018-09-25 14:57:12 - [TEST_STEP][PASSED] - click: Object: 'Object Repository/Page_Beauty Box Subscription for Wo/a_Lash Primers  Treatments' is clicked on

2018-09-25 14:57:13 - [MESSAGE][PASSED] - Object: 'Object Repository/Page_Beauty Box Subscription for Wo/a_Lash Primers  Treatments' is clicked on

2018-09-25 14:57:13 - [TEST_STEP][PASSED] - delay: Delayed 2 second(s)

2018-09-25 14:57:15 - [MESSAGE][PASSED] - Delayed 2 second(s)

2018-09-25 14:57:15 - [TEST_STEP][PASSED] - click: Object: 'Object Repository/Page_Shop Lash Primers  Lash Treatm/svg_ 2018 Birchbox_icon__svg__' is clicked on

2018-09-25 14:57:15 - [MESSAGE][PASSED] - Object: 'Object Repository/Page_Shop Lash Primers  Lash Treatm/svg_ 2018 Birchbox_icon__svg__' is clicked on

2018-09-25 14:57:15 - [TEST_STEP][PASSED] - waitForElementVisible: Object 'Object Repository/Page_Shop Whats New/div_Makeup' is visible

2018-09-25 14:57:15 - [MESSAGE][WARNING] - Timeout '0' is invalid. Using default page load timeout: '90'

2018-09-25 14:57:15 - [MESSAGE][PASSED] - Object 'Object Repository/Page_Shop Whats New/div_Makeup' is visible

2018-09-25 14:57:15 - [TEST_STEP][PASSED] - waitForElementClickable: Object 'Object Repository/Page_Shop Whats New/div_Makeup' is clickable

2018-09-25 14:57:15 - [MESSAGE][WARNING] - Timeout '0' is invalid. Using default page load timeout: '90'

2018-09-25 14:57:15 - [MESSAGE][PASSED] - Object 'Object Repository/Page_Shop Whats New/div_Makeup' is clickable

2018-09-25 14:57:15 - [TEST_STEP][PASSED] - click: Object: 'Object Repository/Page_Shop Lash Primers  Lash Treatm/div_Makeup' is clicked on

2018-09-25 14:57:15 - [MESSAGE][PASSED] - Object: 'Object Repository/Page_Shop Lash Primers  Lash Treatm/div_Makeup' is clicked on

2018-09-25 14:57:15 - [TEST_STEP][PASSED] - click: Object: 'Object Repository/Page_Shop Lash Primers  Lash Treatm/div_Eye' is clicked on

2018-09-25 14:57:16 - [MESSAGE][PASSED] - Object: 'Object Repository/Page_Shop Lash Primers  Lash Treatm/div_Eye' is clicked on

2018-09-25 14:57:16 - [TEST_STEP][PASSED] - delay: Delayed 1 second(s)

2018-09-25 14:57:17 - [MESSAGE][PASSED] - Delayed 1 second(s)

2018-09-25 14:57:17 - [TEST_STEP][PASSED] - waitForElementVisible: Object 'Object Repository/Page_Beauty Box Subscription for Wo/a_False Lashes' is visible

2018-09-25 14:57:17 - [MESSAGE][WARNING] - Timeout '0' is invalid. Using default page load timeout: '90'

2018-09-25 14:57:17 - [MESSAGE][PASSED] - Object 'Object Repository/Page_Beauty Box Subscription for Wo/a_False Lashes' is visible

2018-09-25 14:57:17 - [TEST_STEP][PASSED] - waitForElementClickable: Object 'Object Repository/Page_Beauty Box Subscription for Wo/a_False Lashes' is clickable

2018-09-25 14:57:17 - [MESSAGE][WARNING] - Timeout '0' is invalid. Using default page load timeout: '90'

2018-09-25 14:57:17 - [MESSAGE][PASSED] - Object 'Object Repository/Page_Beauty Box Subscription for Wo/a_False Lashes' is clickable

2018-09-25 14:57:17 - [TEST_STEP][PASSED] - click: Object: 'Object Repository/Page_Beauty Box Subscription for Wo/a_False Lashes' is clicked on

2018-09-25 14:57:17 - [MESSAGE][PASSED] - Object: 'Object Repository/Page_Beauty Box Subscription for Wo/a_False Lashes' is clicked on

2018-09-25 14:57:17 - [TEST_STEP][PASSED] - delay: Delayed 2 second(s)

2018-09-25 14:57:19 - [MESSAGE][PASSED] - Delayed 2 second(s)

2018-09-25 14:57:19 - [TEST_STEP][PASSED] - click: Object: 'Object Repository/Page_Shop False Lashes/svg_ 2018 Birchbox_icon__svg__' is clicked on

2018-09-25 14:57:19 - [MESSAGE][PASSED] - Object: 'Object Repository/Page_Shop False Lashes/svg_ 2018 Birchbox_icon__svg__' is clicked on

2018-09-25 14:57:19 - [TEST_STEP][PASSED] - waitForElementVisible: Object 'Object Repository/Page_Shop Whats New/div_Makeup' is visible

2018-09-25 14:57:19 - [MESSAGE][WARNING] - Timeout '0' is invalid. Using default page load timeout: '90'

2018-09-25 14:57:19 - [MESSAGE][PASSED] - Object 'Object Repository/Page_Shop Whats New/div_Makeup' is visible

2018-09-25 14:57:19 - [TEST_STEP][PASSED] - waitForElementClickable: Object 'Object Repository/Page_Shop Whats New/div_Makeup' is clickable

2018-09-25 14:57:19 - [MESSAGE][WARNING] - Timeout '0' is invalid. Using default page load timeout: '90'

2018-09-25 14:57:19 - [MESSAGE][PASSED] - Object 'Object Repository/Page_Shop Whats New/div_Makeup' is clickable

2018-09-25 14:57:19 - [TEST_STEP][PASSED] - click: Object: 'Object Repository/Page_Shop False Lashes/div_Makeup' is clicked on

2018-09-25 14:57:20 - [MESSAGE][PASSED] - Object: 'Object Repository/Page_Shop False Lashes/div_Makeup' is clicked on

2018-09-25 14:57:20 - [TEST_STEP][PASSED] - click: Object: 'Object Repository/Page_Shop False Lashes/div_Eye' is clicked on

2018-09-25 14:57:20 - [MESSAGE][PASSED] - Object: 'Object Repository/Page_Shop False Lashes/div_Eye' is clicked on

2018-09-25 14:57:20 - [TEST_STEP][PASSED] - delay: Delayed 1 second(s)

2018-09-25 14:57:21 - [MESSAGE][PASSED] - Delayed 1 second(s)

2018-09-25 14:57:21 - [TEST_STEP][PASSED] - waitForElementVisible: Object 'Object Repository/Page_Beauty Box Subscription for Wo/a_Eye Sets  Palettes' is visible

2018-09-25 14:57:21 - [MESSAGE][WARNING] - Timeout '0' is invalid. Using default page load timeout: '90'

2018-09-25 14:57:21 - [MESSAGE][PASSED] - Object 'Object Repository/Page_Beauty Box Subscription for Wo/a_Eye Sets  Palettes' is visible

2018-09-25 14:57:21 - [TEST_STEP][PASSED] - waitForElementClickable: Object 'Object Repository/Page_Beauty Box Subscription for Wo/a_Eye Sets  Palettes' is clickable

2018-09-25 14:57:21 - [MESSAGE][WARNING] - Timeout '0' is invalid. Using default page load timeout: '90'

2018-09-25 14:57:21 - [MESSAGE][PASSED] - Object 'Object Repository/Page_Beauty Box Subscription for Wo/a_Eye Sets  Palettes' is clickable

2018-09-25 14:57:21 - [TEST_STEP][PASSED] - click: Object: 'Object Repository/Page_Beauty Box Subscription for Wo/a_Eye Sets  Palettes' is clicked on

2018-09-25 14:57:22 - [MESSAGE][PASSED] - Object: 'Object Repository/Page_Beauty Box Subscription for Wo/a_Eye Sets  Palettes' is clicked on

2018-09-25 14:57:22 - [TEST_STEP][PASSED] - delay: Delayed 2 second(s)

2018-09-25 14:57:24 - [MESSAGE][PASSED] - Delayed 2 second(s)

2018-09-25 14:57:24 - [TEST_STEP][PASSED] - click: Object: 'Object Repository/Page_Shop Eye Makeup Sets and Makeu/svg_ 2018 Birchbox_icon__svg__' is clicked on

2018-09-25 14:57:24 - [MESSAGE][PASSED] - Object: 'Object Repository/Page_Shop Eye Makeup Sets and Makeu/svg_ 2018 Birchbox_icon__svg__' is clicked on

2018-09-25 14:57:24 - [TEST_STEP][PASSED] - waitForElementVisible: Object 'Object Repository/Page_Shop Whats New/div_Makeup' is visible

2018-09-25 14:57:24 - [MESSAGE][WARNING] - Timeout '0' is invalid. Using default page load timeout: '90'

2018-09-25 14:57:24 - [MESSAGE][PASSED] - Object 'Object Repository/Page_Shop Whats New/div_Makeup' is visible

2018-09-25 14:57:24 - [TEST_STEP][PASSED] - waitForElementClickable: Object 'Object Repository/Page_Shop Whats New/div_Makeup' is clickable

2018-09-25 14:57:24 - [MESSAGE][WARNING] - Timeout '0' is invalid. Using default page load timeout: '90'

2018-09-25 14:57:24 - [MESSAGE][PASSED] - Object 'Object Repository/Page_Shop Whats New/div_Makeup' is clickable

2018-09-25 14:57:24 - [TEST_STEP][PASSED] - click: Object: 'Object Repository/Page_Shop Eye Makeup Sets and Makeu/div_Makeup' is clicked on

2018-09-25 14:57:24 - [MESSAGE][PASSED] - Object: 'Object Repository/Page_Shop Eye Makeup Sets and Makeu/div_Makeup' is clicked on

2018-09-25 14:57:24 - [TEST_STEP][PASSED] - click: Object: 'Object Repository/Page_Shop Eye Makeup Sets and Makeu/div_Cheek' is clicked on

2018-09-25 14:57:25 - [MESSAGE][PASSED] - Object: 'Object Repository/Page_Shop Eye Makeup Sets and Makeu/div_Cheek' is clicked on

2018-09-25 14:57:25 - [TEST_STEP][PASSED] - delay: Delayed 1 second(s)

2018-09-25 14:57:26 - [MESSAGE][PASSED] - Delayed 1 second(s)

2018-09-25 14:57:26 - [TEST_STEP][PASSED] - waitForElementVisible: Object 'Object Repository/Page_Beauty Box Subscription for Wo/a_Blushes' is visible

2018-09-25 14:57:26 - [MESSAGE][WARNING] - Timeout '0' is invalid. Using default page load timeout: '90'

2018-09-25 14:57:26 - [MESSAGE][PASSED] - Object 'Object Repository/Page_Beauty Box Subscription for Wo/a_Blushes' is visible

2018-09-25 14:57:26 - [TEST_STEP][PASSED] - waitForElementClickable: Object 'Object Repository/Page_Beauty Box Subscription for Wo/a_Blushes' is clickable

2018-09-25 14:57:26 - [MESSAGE][WARNING] - Timeout '0' is invalid. Using default page load timeout: '90'

2018-09-25 14:57:26 - [MESSAGE][PASSED] - Object 'Object Repository/Page_Beauty Box Subscription for Wo/a_Blushes' is clickable

2018-09-25 14:57:26 - [TEST_STEP][PASSED] - click: Object: 'Object Repository/Page_Beauty Box Subscription for Wo/a_Blushes' is clicked on

2018-09-25 14:57:26 - [MESSAGE][PASSED] - Object: 'Object Repository/Page_Beauty Box Subscription for Wo/a_Blushes' is clicked on

2018-09-25 14:57:26 - [TEST_STEP][PASSED] - delay: Delayed 2 second(s)

2018-09-25 14:57:28 - [MESSAGE][PASSED] - Delayed 2 second(s)

2018-09-25 14:57:28 - [TEST_STEP][PASSED] - click: Object: 'Object Repository/Page_Shop Makeup Blush/svg_ 2018 Birchbox_icon__svg__' is clicked on

2018-09-25 14:57:29 - [MESSAGE][PASSED] - Object: 'Object Repository/Page_Shop Makeup Blush/svg_ 2018 Birchbox_icon__svg__' is clicked on

2018-09-25 14:57:29 - [TEST_STEP][PASSED] - waitForElementVisible: Object 'Object Repository/Page_Shop Whats New/div_Makeup' is visible

2018-09-25 14:57:29 - [MESSAGE][WARNING] - Timeout '0' is invalid. Using default page load timeout: '90'

2018-09-25 14:57:29 - [MESSAGE][PASSED] - Object 'Object Repository/Page_Shop Whats New/div_Makeup' is visible

2018-09-25 14:57:29 - [TEST_STEP][PASSED] - waitForElementClickable: Object 'Object Repository/Page_Shop Whats New/div_Makeup' is clickable

2018-09-25 14:57:29 - [MESSAGE][WARNING] - Timeout '0' is invalid. Using default page load timeout: '90'

2018-09-25 14:57:29 - [MESSAGE][PASSED] - Object 'Object Repository/Page_Shop Whats New/div_Makeup' is clickable

2018-09-25 14:57:29 - [TEST_STEP][PASSED] - click: Object: 'Object Repository/Page_Shop Makeup Blush/div_Makeup' is clicked on

2018-09-25 14:57:29 - [MESSAGE][PASSED] - Object: 'Object Repository/Page_Shop Makeup Blush/div_Makeup' is clicked on

2018-09-25 14:57:29 - [TEST_STEP][PASSED] - click: Object: 'Object Repository/Page_Shop Makeup Blush/div_Cheek' is clicked on

2018-09-25 14:57:30 - [MESSAGE][PASSED] - Object: 'Object Repository/Page_Shop Makeup Blush/div_Cheek' is clicked on

2018-09-25 14:57:30 - [TEST_STEP][PASSED] - delay: Delayed 1 second(s)

2018-09-25 14:57:31 - [MESSAGE][PASSED] - Delayed 1 second(s)

2018-09-25 14:57:31 - [TEST_STEP][PASSED] - waitForElementVisible: Object 'Object Repository/Page_Beauty Box Subscription for Wo/a_Bronzers' is visible

2018-09-25 14:57:31 - [MESSAGE][WARNING] - Timeout '0' is invalid. Using default page load timeout: '90'

2018-09-25 14:57:31 - [MESSAGE][PASSED] - Object 'Object Repository/Page_Beauty Box Subscription for Wo/a_Bronzers' is visible

2018-09-25 14:57:31 - [TEST_STEP][PASSED] - waitForElementClickable: Object 'Object Repository/Page_Beauty Box Subscription for Wo/a_Bronzers' is clickable

2018-09-25 14:57:31 - [MESSAGE][WARNING] - Timeout '0' is invalid. Using default page load timeout: '90'

2018-09-25 14:57:31 - [MESSAGE][PASSED] - Object 'Object Repository/Page_Beauty Box Subscription for Wo/a_Bronzers' is clickable

2018-09-25 14:57:31 - [TEST_STEP][PASSED] - click: Object: 'Object Repository/Page_Beauty Box Subscription for Wo/a_Bronzers' is clicked on

2018-09-25 14:57:31 - [MESSAGE][PASSED] - Object: 'Object Repository/Page_Beauty Box Subscription for Wo/a_Bronzers' is clicked on

2018-09-25 14:57:31 - [TEST_STEP][PASSED] - delay: Delayed 2 second(s)

2018-09-25 14:57:33 - [MESSAGE][PASSED] - Delayed 2 second(s)

2018-09-25 14:57:33 - [TEST_STEP][PASSED] - click: Object: 'Object Repository/Page_Shop Makeup Bronzer/svg_ 2018 Birchbox_icon__svg__' is clicked on

2018-09-25 14:57:33 - [MESSAGE][PASSED] - Object: 'Object Repository/Page_Shop Makeup Bronzer/svg_ 2018 Birchbox_icon__svg__' is clicked on

2018-09-25 14:57:33 - [TEST_STEP][PASSED] - waitForElementVisible: Object 'Object Repository/Page_Shop Whats New/div_Makeup' is visible

2018-09-25 14:57:33 - [MESSAGE][WARNING] - Timeout '0' is invalid. Using default page load timeout: '90'

2018-09-25 14:57:33 - [MESSAGE][PASSED] - Object 'Object Repository/Page_Shop Whats New/div_Makeup' is visible

2018-09-25 14:57:33 - [TEST_STEP][PASSED] - waitForElementClickable: Object 'Object Repository/Page_Shop Whats New/div_Makeup' is clickable

2018-09-25 14:57:33 - [MESSAGE][WARNING] - Timeout '0' is invalid. Using default page load timeout: '90'

2018-09-25 14:57:34 - [MESSAGE][PASSED] - Object 'Object Repository/Page_Shop Whats New/div_Makeup' is clickable

2018-09-25 14:57:34 - [TEST_STEP][PASSED] - click: Object: 'Object Repository/Page_Shop Makeup Bronzer/div_Makeup' is clicked on

2018-09-25 14:57:34 - [MESSAGE][PASSED] - Object: 'Object Repository/Page_Shop Makeup Bronzer/div_Makeup' is clicked on

2018-09-25 14:57:34 - [TEST_STEP][PASSED] - click: Object: 'Object Repository/Page_Shop Makeup Bronzer/div_Cheek' is clicked on

2018-09-25 14:57:34 - [MESSAGE][PASSED] - Object: 'Object Repository/Page_Shop Makeup Bronzer/div_Cheek' is clicked on

2018-09-25 14:57:34 - [TEST_STEP][PASSED] - delay: Delayed 1 second(s)

2018-09-25 14:57:35 - [MESSAGE][PASSED] - Delayed 1 second(s)

2018-09-25 14:57:35 - [TEST_STEP][PASSED] - waitForElementVisible: Object 'Object Repository/Page_Beauty Box Subscription for Wo/a_Highlighters' is visible

2018-09-25 14:57:35 - [MESSAGE][WARNING] - Timeout '0' is invalid. Using default page load timeout: '90'

2018-09-25 14:57:36 - [MESSAGE][PASSED] - Object 'Object Repository/Page_Beauty Box Subscription for Wo/a_Highlighters' is visible

2018-09-25 14:57:36 - [TEST_STEP][PASSED] - waitForElementClickable: Object 'Object Repository/Page_Beauty Box Subscription for Wo/a_Highlighters' is clickable

2018-09-25 14:57:36 - [MESSAGE][WARNING] - Timeout '0' is invalid. Using default page load timeout: '90'

2018-09-25 14:57:36 - [MESSAGE][PASSED] - Object 'Object Repository/Page_Beauty Box Subscription for Wo/a_Highlighters' is clickable

2018-09-25 14:57:36 - [TEST_STEP][PASSED] - click: Object: 'Object Repository/Page_Beauty Box Subscription for Wo/a_Highlighters' is clicked on

2018-09-25 14:57:36 - [MESSAGE][PASSED] - Object: 'Object Repository/Page_Beauty Box Subscription for Wo/a_Highlighters' is clicked on

2018-09-25 14:57:36 - [TEST_STEP][PASSED] - delay: Delayed 2 second(s)

2018-09-25 14:57:38 - [MESSAGE][PASSED] - Delayed 2 second(s)

2018-09-25 14:57:38 - [TEST_STEP][PASSED] - click: Object: 'Object Repository/Page_Shop Makeup Highlighter/svg_ 2018 Birchbox_icon__svg__' is clicked on

2018-09-25 14:57:38 - [MESSAGE][PASSED] - Object: 'Object Repository/Page_Shop Makeup Highlighter/svg_ 2018 Birchbox_icon__svg__' is clicked on

2018-09-25 14:57:38 - [TEST_STEP][PASSED] - waitForElementVisible: Object 'Object Repository/Page_Shop Whats New/div_Makeup' is visible

2018-09-25 14:57:38 - [MESSAGE][WARNING] - Timeout '0' is invalid. Using default page load timeout: '90'

2018-09-25 14:57:38 - [MESSAGE][PASSED] - Object 'Object Repository/Page_Shop Whats New/div_Makeup' is visible

2018-09-25 14:57:38 - [TEST_STEP][PASSED] - waitForElementClickable: Object 'Object Repository/Page_Shop Whats New/div_Makeup' is clickable

2018-09-25 14:57:38 - [MESSAGE][WARNING] - Timeout '0' is invalid. Using default page load timeout: '90'

2018-09-25 14:57:38 - [MESSAGE][PASSED] - Object 'Object Repository/Page_Shop Whats New/div_Makeup' is clickable

2018-09-25 14:57:38 - [TEST_STEP][PASSED] - click: Object: 'Object Repository/Page_Shop Makeup Highlighter/div_Makeup' is clicked on

2018-09-25 14:57:39 - [MESSAGE][PASSED] - Object: 'Object Repository/Page_Shop Makeup Highlighter/div_Makeup' is clicked on

2018-09-25 14:57:39 - [TEST_STEP][PASSED] - click: Object: 'Object Repository/Page_Shop Makeup Highlighter/div_Cheek' is clicked on

2018-09-25 14:57:39 - [MESSAGE][PASSED] - Object: 'Object Repository/Page_Shop Makeup Highlighter/div_Cheek' is clicked on

2018-09-25 14:57:39 - [TEST_STEP][PASSED] - delay: Delayed 1 second(s)

2018-09-25 14:57:40 - [MESSAGE][PASSED] - Delayed 1 second(s)

2018-09-25 14:57:40 - [TEST_STEP][PASSED] - waitForElementVisible: Object 'Object Repository/Page_Beauty Box Subscription for Wo/a_Contouring' is visible

2018-09-25 14:57:40 - [MESSAGE][WARNING] - Timeout '0' is invalid. Using default page load timeout: '90'

2018-09-25 14:57:40 - [MESSAGE][PASSED] - Object 'Object Repository/Page_Beauty Box Subscription for Wo/a_Contouring' is visible

2018-09-25 14:57:40 - [TEST_STEP][PASSED] - waitForElementClickable: Object 'Object Repository/Page_Beauty Box Subscription for Wo/a_Contouring' is clickable

2018-09-25 14:57:40 - [MESSAGE][WARNING] - Timeout '0' is invalid. Using default page load timeout: '90'

2018-09-25 14:57:40 - [MESSAGE][PASSED] - Object 'Object Repository/Page_Beauty Box Subscription for Wo/a_Contouring' is clickable

2018-09-25 14:57:40 - [TEST_STEP][PASSED] - click: Object: 'Object Repository/Page_Beauty Box Subscription for Wo/a_Contouring' is clicked on

2018-09-25 14:57:41 - [MESSAGE][PASSED] - Object: 'Object Repository/Page_Beauty Box Subscription for Wo/a_Contouring' is clicked on

2018-09-25 14:57:41 - [TEST_STEP][PASSED] - delay: Delayed 2 second(s)

2018-09-25 14:57:43 - [MESSAGE][PASSED] - Delayed 2 second(s)

2018-09-25 14:57:43 - [TEST_STEP][PASSED] - click: Object: 'Object Repository/Page_Shop Contouring Makeup/svg_ 2018 Birchbox_icon__svg__' is clicked on

2018-09-25 14:57:43 - [MESSAGE][PASSED] - Object: 'Object Repository/Page_Shop Contouring Makeup/svg_ 2018 Birchbox_icon__svg__' is clicked on

2018-09-25 14:57:43 - [TEST_STEP][PASSED] - waitForElementVisible: Object 'Object Repository/Page_Shop Whats New/div_Makeup' is visible

2018-09-25 14:57:43 - [MESSAGE][WARNING] - Timeout '0' is invalid. Using default page load timeout: '90'

2018-09-25 14:57:43 - [MESSAGE][PASSED] - Object 'Object Repository/Page_Shop Whats New/div_Makeup' is visible

2018-09-25 14:57:43 - [TEST_STEP][PASSED] - waitForElementClickable: Object 'Object Repository/Page_Shop Whats New/div_Makeup' is clickable

2018-09-25 14:57:43 - [MESSAGE][WARNING] - Timeout '0' is invalid. Using default page load timeout: '90'

2018-09-25 14:57:44 - [MESSAGE][PASSED] - Object 'Object Repository/Page_Shop Whats New/div_Makeup' is clickable

2018-09-25 14:57:44 - [TEST_STEP][PASSED] - click: Object: 'Object Repository/Page_Shop Contouring Makeup/div_Makeup' is clicked on

2018-09-25 14:57:44 - [MESSAGE][PASSED] - Object: 'Object Repository/Page_Shop Contouring Makeup/div_Makeup' is clicked on

2018-09-25 14:57:44 - [TEST_STEP][PASSED] - click: Object: 'Object Repository/Page_Shop Contouring Makeup/div_Cheek' is clicked on

2018-09-25 14:57:45 - [MESSAGE][PASSED] - Object: 'Object Repository/Page_Shop Contouring Makeup/div_Cheek' is clicked on

2018-09-25 14:57:45 - [TEST_STEP][PASSED] - delay: Delayed 2 second(s)

2018-09-25 14:57:47 - [MESSAGE][PASSED] - Delayed 2 second(s)

2018-09-25 14:57:47 - [TEST_STEP][PASSED] - waitForElementVisible: Object 'Object Repository/Page_Beauty Box Subscription for Wo/a_Cheek Sets  Palettes' is visible

2018-09-25 14:57:47 - [MESSAGE][WARNING] - Timeout '0' is invalid. Using default page load timeout: '90'

2018-09-25 14:57:47 - [MESSAGE][PASSED] - Object 'Object Repository/Page_Beauty Box Subscription for Wo/a_Cheek Sets  Palettes' is visible

2018-09-25 14:57:47 - [TEST_STEP][PASSED] - waitForElementClickable: Object 'Object Repository/Page_Beauty Box Subscription for Wo/a_Cheek Sets  Palettes' is clickable

2018-09-25 14:57:47 - [MESSAGE][WARNING] - Timeout '0' is invalid. Using default page load timeout: '90'

2018-09-25 14:57:47 - [MESSAGE][PASSED] - Object 'Object Repository/Page_Beauty Box Subscription for Wo/a_Cheek Sets  Palettes' is clickable

2018-09-25 14:57:47 - [TEST_STEP][PASSED] - click: Object: 'Object Repository/Page_Beauty Box Subscription for Wo/a_Cheek Sets  Palettes' is clicked on

2018-09-25 14:57:47 - [MESSAGE][PASSED] - Object: 'Object Repository/Page_Beauty Box Subscription for Wo/a_Cheek Sets  Palettes' is clicked on

2018-09-25 14:57:47 - [TEST_STEP][PASSED] - delay: Delayed 2 second(s)

2018-09-25 14:57:49 - [MESSAGE][PASSED] - Delayed 2 second(s)

2018-09-25 14:57:49 - [TEST_STEP][PASSED] - click: Object: 'Object Repository/Page_Shop Makeup Cheek Palettes and/svg_ 2018 Birchbox_icon__svg__' is clicked on

2018-09-25 14:57:49 - [MESSAGE][PASSED] - Object: 'Object Repository/Page_Shop Makeup Cheek Palettes and/svg_ 2018 Birchbox_icon__svg__' is clicked on

2018-09-25 14:57:49 - [TEST_STEP][PASSED] - waitForElementVisible: Object 'Object Repository/Page_Shop Whats New/div_Makeup' is visible

2018-09-25 14:57:49 - [MESSAGE][WARNING] - Timeout '0' is invalid. Using default page load timeout: '90'

2018-09-25 14:57:49 - [MESSAGE][PASSED] - Object 'Object Repository/Page_Shop Whats New/div_Makeup' is visible

2018-09-25 14:57:49 - [TEST_STEP][PASSED] - waitForElementClickable: Object 'Object Repository/Page_Shop Whats New/div_Makeup' is clickable

2018-09-25 14:57:49 - [MESSAGE][WARNING] - Timeout '0' is invalid. Using default page load timeout: '90'

2018-09-25 14:57:49 - [MESSAGE][PASSED] - Object 'Object Repository/Page_Shop Whats New/div_Makeup' is clickable

2018-09-25 14:57:49 - [TEST_STEP][PASSED] - click: Object: 'Object Repository/Page_Shop Makeup Cheek Palettes and/div_Makeup' is clicked on

2018-09-25 14:57:50 - [MESSAGE][PASSED] - Object: 'Object Repository/Page_Shop Makeup Cheek Palettes and/div_Makeup' is clicked on

2018-09-25 14:57:50 - [TEST_STEP][PASSED] - waitForElementVisible: Object 'Object Repository/Page_Shop Makeup Cheek Palettes and/div_Cheek' is visible

2018-09-25 14:57:50 - [MESSAGE][WARNING] - Timeout '0' is invalid. Using default page load timeout: '90'

2018-09-25 14:57:50 - [MESSAGE][PASSED] - Object 'Object Repository/Page_Shop Makeup Cheek Palettes and/div_Cheek' is visible

2018-09-25 14:57:50 - [TEST_STEP][PASSED] - click: Object: 'Object Repository/Page_Shop Makeup Cheek Palettes and/div_Cheek' is clicked on

2018-09-25 14:57:50 - [MESSAGE][PASSED] - Object: 'Object Repository/Page_Shop Makeup Cheek Palettes and/div_Cheek' is clicked on

2018-09-25 14:57:50 - [TEST_STEP][PASSED] - delay: Delayed 1 second(s)

2018-09-25 14:57:51 - [MESSAGE][PASSED] - Delayed 1 second(s)

2018-09-25 14:57:51 - [TEST_STEP][PASSED] - waitForElementVisible: Object 'Object Repository/Page_Beauty Box Subscription for Wo/a_Lip  Cheek Multi-taskers' is visible

2018-09-25 14:57:51 - [MESSAGE][WARNING] - Timeout '0' is invalid. Using default page load timeout: '90'

2018-09-25 14:57:51 - [MESSAGE][PASSED] - Object 'Object Repository/Page_Beauty Box Subscription for Wo/a_Lip  Cheek Multi-taskers' is visible

2018-09-25 14:57:51 - [TEST_STEP][PASSED] - waitForElementClickable: Object 'Object Repository/Page_Beauty Box Subscription for Wo/a_Lip  Cheek Multi-taskers' is clickable

2018-09-25 14:57:51 - [MESSAGE][WARNING] - Timeout '0' is invalid. Using default page load timeout: '90'

2018-09-25 14:57:51 - [MESSAGE][PASSED] - Object 'Object Repository/Page_Beauty Box Subscription for Wo/a_Lip  Cheek Multi-taskers' is clickable

2018-09-25 14:57:51 - [TEST_STEP][PASSED] - click: Object: 'Object Repository/Page_Beauty Box Subscription for Wo/a_Lip  Cheek Multi-taskers' is clicked on

2018-09-25 14:57:52 - [MESSAGE][PASSED] - Object: 'Object Repository/Page_Beauty Box Subscription for Wo/a_Lip  Cheek Multi-taskers' is clicked on

2018-09-25 14:57:52 - [TEST_STEP][PASSED] - delay: Delayed 2 second(s)

2018-09-25 14:57:54 - [MESSAGE][PASSED] - Delayed 2 second(s)

2018-09-25 14:57:54 - [TEST_STEP][PASSED] - click: Object: 'Object Repository/Page_Shop Lip and Cheek Multi-taske/svg_ 2018 Birchbox_icon__svg__' is clicked on

2018-09-25 14:57:54 - [MESSAGE][PASSED] - Object: 'Object Repository/Page_Shop Lip and Cheek Multi-taske/svg_ 2018 Birchbox_icon__svg__' is clicked on

2018-09-25 14:57:54 - [TEST_STEP][PASSED] - waitForElementVisible: Object 'Object Repository/Page_Shop Whats New/div_Makeup' is visible

2018-09-25 14:57:54 - [MESSAGE][WARNING] - Timeout '0' is invalid. Using default page load timeout: '90'

2018-09-25 14:57:54 - [MESSAGE][PASSED] - Object 'Object Repository/Page_Shop Whats New/div_Makeup' is visible

2018-09-25 14:57:54 - [TEST_STEP][PASSED] - waitForElementClickable: Object 'Object Repository/Page_Shop Whats New/div_Makeup' is clickable

2018-09-25 14:57:54 - [MESSAGE][WARNING] - Timeout '0' is invalid. Using default page load timeout: '90'

2018-09-25 14:57:54 - [MESSAGE][PASSED] - Object 'Object Repository/Page_Shop Whats New/div_Makeup' is clickable

2018-09-25 14:57:54 - [TEST_STEP][PASSED] - click: Object: 'Object Repository/Page_Shop Lip and Cheek Multi-taske/div_Makeup' is clicked on

2018-09-25 14:57:54 - [MESSAGE][PASSED] - Object: 'Object Repository/Page_Shop Lip and Cheek Multi-taske/div_Makeup' is clicked on

2018-09-25 14:57:54 - [TEST_STEP][PASSED] - click: Object: 'Object Repository/Page_Shop Lip and Cheek Multi-taske/div_Lip' is clicked on

2018-09-25 14:57:55 - [MESSAGE][PASSED] - Object: 'Object Repository/Page_Shop Lip and Cheek Multi-taske/div_Lip' is clicked on

2018-09-25 14:57:55 - [TEST_STEP][PASSED] - delay: Delayed 1 second(s)

2018-09-25 14:57:56 - [MESSAGE][PASSED] - Delayed 1 second(s)

2018-09-25 14:57:56 - [TEST_STEP][PASSED] - waitForElementVisible: Object 'Object Repository/Page_Beauty Box Subscription for Wo/a_Lipsticks (3)' is visible

2018-09-25 14:57:56 - [MESSAGE][WARNING] - Timeout '0' is invalid. Using default page load timeout: '90'

2018-09-25 14:57:56 - [MESSAGE][PASSED] - Object 'Object Repository/Page_Beauty Box Subscription for Wo/a_Lipsticks (3)' is visible

2018-09-25 14:57:56 - [TEST_STEP][PASSED] - waitForElementClickable: Object 'Object Repository/Page_Beauty Box Subscription for Wo/a_Lipsticks (3)' is clickable

2018-09-25 14:57:56 - [MESSAGE][WARNING] - Timeout '0' is invalid. Using default page load timeout: '90'

2018-09-25 14:57:56 - [MESSAGE][PASSED] - Object 'Object Repository/Page_Beauty Box Subscription for Wo/a_Lipsticks (3)' is clickable

2018-09-25 14:57:56 - [TEST_STEP][PASSED] - click: Object: 'Object Repository/Page_Beauty Box Subscription for Wo/a_Lipsticks (3)' is clicked on

2018-09-25 14:57:57 - [MESSAGE][PASSED] - Object: 'Object Repository/Page_Beauty Box Subscription for Wo/a_Lipsticks (3)' is clicked on

2018-09-25 14:57:57 - [TEST_STEP][PASSED] - delay: Delayed 2 second(s)

2018-09-25 14:57:59 - [MESSAGE][PASSED] - Delayed 2 second(s)

2018-09-25 14:57:59 - [TEST_STEP][PASSED] - click: Object: 'Object Repository/Page_Shop Lipsticks/svg_ 2018 Birchbox_icon__svg__' is clicked on

2018-09-25 14:57:59 - [MESSAGE][PASSED] - Object: 'Object Repository/Page_Shop Lipsticks/svg_ 2018 Birchbox_icon__svg__' is clicked on

2018-09-25 14:57:59 - [TEST_STEP][PASSED] - waitForElementVisible: Object 'Object Repository/Page_Shop Whats New/div_Makeup' is visible

2018-09-25 14:57:59 - [MESSAGE][WARNING] - Timeout '0' is invalid. Using default page load timeout: '90'

2018-09-25 14:57:59 - [MESSAGE][PASSED] - Object 'Object Repository/Page_Shop Whats New/div_Makeup' is visible

2018-09-25 14:57:59 - [TEST_STEP][PASSED] - waitForElementClickable: Object 'Object Repository/Page_Shop Whats New/div_Makeup' is clickable

2018-09-25 14:57:59 - [MESSAGE][WARNING] - Timeout '0' is invalid. Using default page load timeout: '90'

2018-09-25 14:58:00 - [MESSAGE][PASSED] - Object 'Object Repository/Page_Shop Whats New/div_Makeup' is clickable

2018-09-25 14:58:00 - [TEST_STEP][PASSED] - click: Object: 'Object Repository/Page_Shop Lipsticks/div_Makeup' is clicked on

2018-09-25 14:58:00 - [MESSAGE][PASSED] - Object: 'Object Repository/Page_Shop Lipsticks/div_Makeup' is clicked on

2018-09-25 14:58:00 - [TEST_STEP][PASSED] - click: Object: 'Object Repository/Page_Shop Lipsticks/div_Lip' is clicked on

2018-09-25 14:58:00 - [MESSAGE][PASSED] - Object: 'Object Repository/Page_Shop Lipsticks/div_Lip' is clicked on

2018-09-25 14:58:00 - [TEST_STEP][PASSED] - delay: Delayed 1 second(s)

2018-09-25 14:58:01 - [MESSAGE][PASSED] - Delayed 1 second(s)

2018-09-25 14:58:01 - [TEST_STEP][PASSED] - waitForElementVisible: Object 'Object Repository/Page_Beauty Box Subscription for Wo/a_Lip Balms' is visible

2018-09-25 14:58:01 - [MESSAGE][WARNING] - Timeout '0' is invalid. Using default page load timeout: '90'

2018-09-25 14:58:01 - [MESSAGE][PASSED] - Object 'Object Repository/Page_Beauty Box Subscription for Wo/a_Lip Balms' is visible

2018-09-25 14:58:01 - [TEST_STEP][PASSED] - waitForElementClickable: Object 'Object Repository/Page_Beauty Box Subscription for Wo/a_Lip Balms' is clickable

2018-09-25 14:58:01 - [MESSAGE][WARNING] - Timeout '0' is invalid. Using default page load timeout: '90'

2018-09-25 14:58:01 - [MESSAGE][PASSED] - Object 'Object Repository/Page_Beauty Box Subscription for Wo/a_Lip Balms' is clickable

2018-09-25 14:58:01 - [TEST_STEP][PASSED] - click: Object: 'Object Repository/Page_Beauty Box Subscription for Wo/a_Lip Balms' is clicked on

2018-09-25 14:58:01 - [MESSAGE][PASSED] - Object: 'Object Repository/Page_Beauty Box Subscription for Wo/a_Lip Balms' is clicked on

2018-09-25 14:58:01 - [TEST_STEP][PASSED] - delay: Delayed 2 second(s)

2018-09-25 14:58:03 - [MESSAGE][PASSED] - Delayed 2 second(s)

2018-09-25 14:58:03 - [TEST_STEP][PASSED] - click: Object: 'Object Repository/Page_Shop Tinted Lip Balms/svg_ 2018 Birchbox_icon__svg__' is clicked on

2018-09-25 14:58:04 - [MESSAGE][PASSED] - Object: 'Object Repository/Page_Shop Tinted Lip Balms/svg_ 2018 Birchbox_icon__svg__' is clicked on

2018-09-25 14:58:04 - [TEST_STEP][PASSED] - waitForElementVisible: Object 'Object Repository/Page_Shop Whats New/div_Makeup' is visible

2018-09-25 14:58:04 - [MESSAGE][WARNING] - Timeout '0' is invalid. Using default page load timeout: '90'

2018-09-25 14:58:04 - [MESSAGE][PASSED] - Object 'Object Repository/Page_Shop Whats New/div_Makeup' is visible

2018-09-25 14:58:04 - [TEST_STEP][PASSED] - waitForElementClickable: Object 'Object Repository/Page_Shop Whats New/div_Makeup' is clickable

2018-09-25 14:58:04 - [MESSAGE][WARNING] - Timeout '0' is invalid. Using default page load timeout: '90'

2018-09-25 14:58:04 - [MESSAGE][PASSED] - Object 'Object Repository/Page_Shop Whats New/div_Makeup' is clickable

2018-09-25 14:58:04 - [TEST_STEP][PASSED] - click: Object: 'Object Repository/Page_Shop Tinted Lip Balms/div_Makeup' is clicked on

2018-09-25 14:58:04 - [MESSAGE][PASSED] - Object: 'Object Repository/Page_Shop Tinted Lip Balms/div_Makeup' is clicked on

2018-09-25 14:58:04 - [TEST_STEP][PASSED] - click: Object: 'Object Repository/Page_Shop Tinted Lip Balms/div_Lip' is clicked on

2018-09-25 14:58:05 - [MESSAGE][PASSED] - Object: 'Object Repository/Page_Shop Tinted Lip Balms/div_Lip' is clicked on

2018-09-25 14:58:05 - [TEST_STEP][PASSED] - delay: Delayed 1 second(s)

2018-09-25 14:58:06 - [MESSAGE][PASSED] - Delayed 1 second(s)

2018-09-25 14:58:06 - [TEST_STEP][PASSED] - waitForElementVisible: Object 'Object Repository/Page_Beauty Box Subscription for Wo/a_Lip Glosses' is visible

2018-09-25 14:58:06 - [MESSAGE][WARNING] - Timeout '0' is invalid. Using default page load timeout: '90'

2018-09-25 14:58:06 - [MESSAGE][PASSED] - Object 'Object Repository/Page_Beauty Box Subscription for Wo/a_Lip Glosses' is visible

2018-09-25 14:58:06 - [TEST_STEP][PASSED] - waitForElementClickable: Object 'Object Repository/Page_Beauty Box Subscription for Wo/a_Lip Glosses' is clickable

2018-09-25 14:58:06 - [MESSAGE][WARNING] - Timeout '0' is invalid. Using default page load timeout: '90'

2018-09-25 14:58:06 - [MESSAGE][PASSED] - Object 'Object Repository/Page_Beauty Box Subscription for Wo/a_Lip Glosses' is clickable

2018-09-25 14:58:06 - [TEST_STEP][PASSED] - click: Object: 'Object Repository/Page_Beauty Box Subscription for Wo/a_Lip Glosses' is clicked on

2018-09-25 14:58:06 - [MESSAGE][PASSED] - Object: 'Object Repository/Page_Beauty Box Subscription for Wo/a_Lip Glosses' is clicked on

2018-09-25 14:58:06 - [TEST_STEP][PASSED] - delay: Delayed 2 second(s)

2018-09-25 14:58:08 - [MESSAGE][PASSED] - Delayed 2 second(s)

2018-09-25 14:58:08 - [TEST_STEP][PASSED] - click: Object: 'Object Repository/Page_Shop Lip Glosses/svg_ 2018 Birchbox_icon__svg__' is clicked on

2018-09-25 14:58:09 - [MESSAGE][PASSED] - Object: 'Object Repository/Page_Shop Lip Glosses/svg_ 2018 Birchbox_icon__svg__' is clicked on

2018-09-25 14:58:09 - [TEST_STEP][PASSED] - waitForElementVisible: Object 'Object Repository/Page_Shop Whats New/div_Makeup' is visible

2018-09-25 14:58:09 - [MESSAGE][WARNING] - Timeout '0' is invalid. Using default page load timeout: '90'

2018-09-25 14:58:09 - [MESSAGE][PASSED] - Object 'Object Repository/Page_Shop Whats New/div_Makeup' is visible

2018-09-25 14:58:09 - [TEST_STEP][PASSED] - waitForElementClickable: Object 'Object Repository/Page_Shop Whats New/div_Makeup' is clickable

2018-09-25 14:58:09 - [MESSAGE][WARNING] - Timeout '0' is invalid. Using default page load timeout: '90'

2018-09-25 14:58:09 - [MESSAGE][PASSED] - Object 'Object Repository/Page_Shop Whats New/div_Makeup' is clickable

2018-09-25 14:58:09 - [TEST_STEP][PASSED] - click: Object: 'Object Repository/Page_Shop Lip Glosses/div_Makeup' is clicked on

2018-09-25 14:58:09 - [MESSAGE][PASSED] - Object: 'Object Repository/Page_Shop Lip Glosses/div_Makeup' is clicked on

2018-09-25 14:58:09 - [TEST_STEP][PASSED] - click: Object: 'Object Repository/Page_Shop Lip Glosses/div_Lip' is clicked on

2018-09-25 14:58:10 - [MESSAGE][PASSED] - Object: 'Object Repository/Page_Shop Lip Glosses/div_Lip' is clicked on

2018-09-25 14:58:10 - [TEST_STEP][PASSED] - delay: Delayed 1 second(s)

2018-09-25 14:58:11 - [MESSAGE][PASSED] - Delayed 1 second(s)

2018-09-25 14:58:11 - [TEST_STEP][PASSED] - waitForElementVisible: Object 'Object Repository/Page_Beauty Box Subscription for Wo/a_Lip Masks  Treatments' is visible

2018-09-25 14:58:11 - [MESSAGE][WARNING] - Timeout '0' is invalid. Using default page load timeout: '90'

2018-09-25 14:58:11 - [MESSAGE][PASSED] - Object 'Object Repository/Page_Beauty Box Subscription for Wo/a_Lip Masks  Treatments' is visible

2018-09-25 14:58:11 - [TEST_STEP][PASSED] - waitForElementClickable: Object 'Object Repository/Page_Beauty Box Subscription for Wo/a_Lip Masks  Treatments' is clickable

2018-09-25 14:58:11 - [MESSAGE][WARNING] - Timeout '0' is invalid. Using default page load timeout: '90'

2018-09-25 14:58:11 - [MESSAGE][PASSED] - Object 'Object Repository/Page_Beauty Box Subscription for Wo/a_Lip Masks  Treatments' is clickable

2018-09-25 14:58:11 - [TEST_STEP][PASSED] - click: Object: 'Object Repository/Page_Beauty Box Subscription for Wo/a_Lip Masks  Treatments' is clicked on

2018-09-25 14:58:11 - [MESSAGE][PASSED] - Object: 'Object Repository/Page_Beauty Box Subscription for Wo/a_Lip Masks  Treatments' is clicked on

2018-09-25 14:58:11 - [TEST_STEP][PASSED] - delay: Delayed 2 second(s)

2018-09-25 14:58:13 - [MESSAGE][PASSED] - Delayed 2 second(s)

2018-09-25 14:58:13 - [TEST_STEP][PASSED] - click: Object: 'Object Repository/Page_Shop Lip Masks  Lip Treatments/svg_ 2018 Birchbox_icon__svg__' is clicked on

2018-09-25 14:58:13 - [MESSAGE][PASSED] - Object: 'Object Repository/Page_Shop Lip Masks  Lip Treatments/svg_ 2018 Birchbox_icon__svg__' is clicked on

2018-09-25 14:58:13 - [TEST_STEP][PASSED] - waitForElementVisible: Object 'Object Repository/Page_Shop Whats New/div_Makeup' is visible

2018-09-25 14:58:13 - [MESSAGE][WARNING] - Timeout '0' is invalid. Using default page load timeout: '90'

2018-09-25 14:58:13 - [MESSAGE][PASSED] - Object 'Object Repository/Page_Shop Whats New/div_Makeup' is visible

2018-09-25 14:58:13 - [TEST_STEP][PASSED] - waitForElementClickable: Object 'Object Repository/Page_Shop Whats New/div_Makeup' is clickable

2018-09-25 14:58:13 - [MESSAGE][WARNING] - Timeout '0' is invalid. Using default page load timeout: '90'

2018-09-25 14:58:13 - [MESSAGE][PASSED] - Object 'Object Repository/Page_Shop Whats New/div_Makeup' is clickable

2018-09-25 14:58:13 - [TEST_STEP][PASSED] - click: Object: 'Object Repository/Page_Shop Lip Masks  Lip Treatments/div_Makeup' is clicked on

2018-09-25 14:58:14 - [MESSAGE][PASSED] - Object: 'Object Repository/Page_Shop Lip Masks  Lip Treatments/div_Makeup' is clicked on

2018-09-25 14:58:14 - [TEST_STEP][PASSED] - click: Object: 'Object Repository/Page_Shop Lip Masks  Lip Treatments/div_Lip' is clicked on

2018-09-25 14:58:14 - [MESSAGE][PASSED] - Object: 'Object Repository/Page_Shop Lip Masks  Lip Treatments/div_Lip' is clicked on

2018-09-25 14:58:14 - [TEST_STEP][PASSED] - delay: Delayed 1 second(s)

2018-09-25 14:58:15 - [MESSAGE][PASSED] - Delayed 1 second(s)

2018-09-25 14:58:15 - [TEST_STEP][PASSED] - waitForElementVisible: Object 'Object Repository/Page_Beauty Box Subscription for Wo/a_Lip Liners' is visible

2018-09-25 14:58:15 - [MESSAGE][WARNING] - Timeout '0' is invalid. Using default page load timeout: '90'

2018-09-25 14:58:15 - [MESSAGE][PASSED] - Object 'Object Repository/Page_Beauty Box Subscription for Wo/a_Lip Liners' is visible

2018-09-25 14:58:15 - [TEST_STEP][PASSED] - waitForElementClickable: Object 'Object Repository/Page_Beauty Box Subscription for Wo/a_Lip Liners' is clickable

2018-09-25 14:58:15 - [MESSAGE][WARNING] - Timeout '0' is invalid. Using default page load timeout: '90'

2018-09-25 14:58:16 - [MESSAGE][PASSED] - Object 'Object Repository/Page_Beauty Box Subscription for Wo/a_Lip Liners' is clickable

2018-09-25 14:58:16 - [TEST_STEP][PASSED] - click: Object: 'Object Repository/Page_Beauty Box Subscription for Wo/a_Lip Liners' is clicked on

2018-09-25 14:58:16 - [MESSAGE][PASSED] - Object: 'Object Repository/Page_Beauty Box Subscription for Wo/a_Lip Liners' is clicked on

2018-09-25 14:58:16 - [TEST_STEP][PASSED] - delay: Delayed 2 second(s)

2018-09-25 14:58:18 - [MESSAGE][PASSED] - Delayed 2 second(s)

2018-09-25 14:58:18 - [TEST_STEP][PASSED] - click: Object: 'Object Repository/Page_Shop Lip Liner Makeup/svg_ 2018 Birchbox_icon__svg__' is clicked on

2018-09-25 14:58:18 - [MESSAGE][PASSED] - Object: 'Object Repository/Page_Shop Lip Liner Makeup/svg_ 2018 Birchbox_icon__svg__' is clicked on

2018-09-25 14:58:18 - [TEST_STEP][PASSED] - waitForElementVisible: Object 'Object Repository/Page_Shop Whats New/div_Makeup' is visible

2018-09-25 14:58:18 - [MESSAGE][WARNING] - Timeout '0' is invalid. Using default page load timeout: '90'

2018-09-25 14:58:18 - [MESSAGE][PASSED] - Object 'Object Repository/Page_Shop Whats New/div_Makeup' is visible

2018-09-25 14:58:18 - [TEST_STEP][PASSED] - waitForElementClickable: Object 'Object Repository/Page_Shop Whats New/div_Makeup' is clickable

2018-09-25 14:58:18 - [MESSAGE][WARNING] - Timeout '0' is invalid. Using default page load timeout: '90'

2018-09-25 14:58:18 - [MESSAGE][PASSED] - Object 'Object Repository/Page_Shop Whats New/div_Makeup' is clickable

2018-09-25 14:58:18 - [TEST_STEP][PASSED] - click: Object: 'Object Repository/Page_Shop Lip Liner Makeup/div_Makeup' is clicked on

2018-09-25 14:58:18 - [MESSAGE][PASSED] - Object: 'Object Repository/Page_Shop Lip Liner Makeup/div_Makeup' is clicked on

2018-09-25 14:58:18 - [TEST_STEP][PASSED] - click: Object: 'Object Repository/Page_Shop Lip Liner Makeup/div_Lip' is clicked on

2018-09-25 14:58:19 - [MESSAGE][PASSED] - Object: 'Object Repository/Page_Shop Lip Liner Makeup/div_Lip' is clicked on

2018-09-25 14:58:19 - [TEST_STEP][PASSED] - delay: Delayed 1 second(s)

2018-09-25 14:58:20 - [MESSAGE][PASSED] - Delayed 1 second(s)

2018-09-25 14:58:20 - [TEST_STEP][PASSED] - waitForElementVisible: Object 'Object Repository/Page_Beauty Box Subscription for Wo/a_Lip  Cheek Multi-taskers' is visible

2018-09-25 14:58:20 - [MESSAGE][WARNING] - Timeout '0' is invalid. Using default page load timeout: '90'

2018-09-25 14:58:20 - [MESSAGE][PASSED] - Object 'Object Repository/Page_Beauty Box Subscription for Wo/a_Lip  Cheek Multi-taskers' is visible

2018-09-25 14:58:20 - [TEST_STEP][PASSED] - waitForElementClickable: Object 'Object Repository/Page_Beauty Box Subscription for Wo/a_Lip  Cheek Multi-taskers' is clickable

2018-09-25 14:58:20 - [MESSAGE][WARNING] - Timeout '0' is invalid. Using default page load timeout: '90'

2018-09-25 14:58:20 - [MESSAGE][PASSED] - Object 'Object Repository/Page_Beauty Box Subscription for Wo/a_Lip  Cheek Multi-taskers' is clickable

2018-09-25 14:58:20 - [TEST_STEP][PASSED] - click: Object: 'Object Repository/Page_Beauty Box Subscription for Wo/a_Lip  Cheek Multi-taskers' is clicked on

2018-09-25 14:58:20 - [MESSAGE][PASSED] - Object: 'Object Repository/Page_Beauty Box Subscription for Wo/a_Lip  Cheek Multi-taskers' is clicked on

2018-09-25 14:58:20 - [TEST_STEP][PASSED] - delay: Delayed 2 second(s)

2018-09-25 14:58:22 - [MESSAGE][PASSED] - Delayed 2 second(s)

2018-09-25 14:58:22 - [TEST_STEP][PASSED] - click: Object: 'Object Repository/Page_Shop Lip and Cheek Multi-taske/svg_ 2018 Birchbox_icon__svg__' is clicked on

2018-09-25 14:58:22 - [MESSAGE][PASSED] - Object: 'Object Repository/Page_Shop Lip and Cheek Multi-taske/svg_ 2018 Birchbox_icon__svg__' is clicked on

2018-09-25 14:58:22 - [TEST_STEP][PASSED] - waitForElementVisible: Object 'Object Repository/Page_Shop Whats New/div_Makeup' is visible

2018-09-25 14:58:22 - [MESSAGE][WARNING] - Timeout '0' is invalid. Using default page load timeout: '90'

2018-09-25 14:58:23 - [MESSAGE][PASSED] - Object 'Object Repository/Page_Shop Whats New/div_Makeup' is visible

2018-09-25 14:58:23 - [TEST_STEP][PASSED] - waitForElementClickable: Object 'Object Repository/Page_Shop Whats New/div_Makeup' is clickable

2018-09-25 14:58:23 - [MESSAGE][WARNING] - Timeout '0' is invalid. Using default page load timeout: '90'

2018-09-25 14:58:23 - [MESSAGE][PASSED] - Object 'Object Repository/Page_Shop Whats New/div_Makeup' is clickable

2018-09-25 14:58:23 - [TEST_STEP][PASSED] - click: Object: 'Object Repository/Page_Shop Lip and Cheek Multi-taske/div_Makeup' is clicked on

2018-09-25 14:58:23 - [MESSAGE][PASSED] - Object: 'Object Repository/Page_Shop Lip and Cheek Multi-taske/div_Makeup' is clicked on

2018-09-25 14:58:23 - [TEST_STEP][PASSED] - click: Object: 'Object Repository/Page_Shop Lip and Cheek Multi-taske/div_Lip' is clicked on

2018-09-25 14:58:23 - [MESSAGE][PASSED] - Object: 'Object Repository/Page_Shop Lip and Cheek Multi-taske/div_Lip' is clicked on

2018-09-25 14:58:23 - [TEST_STEP][PASSED] - delay: Delayed 2 second(s)

2018-09-25 14:58:25 - [MESSAGE][PASSED] - Delayed 2 second(s)

2018-09-25 14:58:25 - [TEST_STEP][PASSED] - waitForElementVisible: Object 'Object Repository/Page_Beauty Box Subscription for Wo/a_Lip Sets  Palettes' is visible

2018-09-25 14:58:25 - [MESSAGE][WARNING] - Timeout '0' is invalid. Using default page load timeout: '90'

2018-09-25 14:58:25 - [MESSAGE][PASSED] - Object 'Object Repository/Page_Beauty Box Subscription for Wo/a_Lip Sets  Palettes' is visible

2018-09-25 14:58:25 - [TEST_STEP][PASSED] - waitForElementClickable: Object 'Object Repository/Page_Beauty Box Subscription for Wo/a_Lip Sets  Palettes' is clickable

2018-09-25 14:58:25 - [MESSAGE][WARNING] - Timeout '0' is invalid. Using default page load timeout: '90'

2018-09-25 14:58:25 - [MESSAGE][PASSED] - Object 'Object Repository/Page_Beauty Box Subscription for Wo/a_Lip Sets  Palettes' is clickable

2018-09-25 14:58:25 - [TEST_STEP][PASSED] - click: Object: 'Object Repository/Page_Beauty Box Subscription for Wo/a_Lip Sets  Palettes' is clicked on

2018-09-25 14:58:26 - [MESSAGE][PASSED] - Object: 'Object Repository/Page_Beauty Box Subscription for Wo/a_Lip Sets  Palettes' is clicked on

2018-09-25 14:58:26 - [TEST_STEP][PASSED] - delay: Delayed 2 second(s)

2018-09-25 14:58:28 - [MESSAGE][PASSED] - Delayed 2 second(s)

2018-09-25 14:58:28 - [TEST_STEP][PASSED] - click: Object: 'Object Repository/Page_Shop Lip Makeup Sets  Lip Pale/svg_ 2018 Birchbox_icon__svg__' is clicked on

2018-09-25 14:58:28 - [MESSAGE][PASSED] - Object: 'Object Repository/Page_Shop Lip Makeup Sets  Lip Pale/svg_ 2018 Birchbox_icon__svg__' is clicked on

2018-09-25 14:58:28 - [TEST_STEP][PASSED] - waitForElementVisible: Object 'Object Repository/Page_Shop Whats New/div_Makeup' is visible

2018-09-25 14:58:28 - [MESSAGE][WARNING] - Timeout '0' is invalid. Using default page load timeout: '90'

2018-09-25 14:58:28 - [MESSAGE][PASSED] - Object 'Object Repository/Page_Shop Whats New/div_Makeup' is visible

2018-09-25 14:58:28 - [TEST_STEP][PASSED] - waitForElementClickable: Object 'Object Repository/Page_Shop Whats New/div_Makeup' is clickable

2018-09-25 14:58:28 - [MESSAGE][WARNING] - Timeout '0' is invalid. Using default page load timeout: '90'

2018-09-25 14:58:28 - [MESSAGE][PASSED] - Object 'Object Repository/Page_Shop Whats New/div_Makeup' is clickable

2018-09-25 14:58:28 - [TEST_STEP][PASSED] - click: Object: 'Object Repository/Page_Shop Lip Makeup Sets  Lip Pale/div_Makeup' is clicked on

2018-09-25 14:58:28 - [MESSAGE][PASSED] - Object: 'Object Repository/Page_Shop Lip Makeup Sets  Lip Pale/div_Makeup' is clicked on

2018-09-25 14:58:28 - [TEST_STEP][PASSED] - delay: Delayed 1 second(s)

2018-09-25 14:58:29 - [MESSAGE][PASSED] - Delayed 1 second(s)

2018-09-25 14:58:29 - [TEST_STEP][PASSED] - waitForElementVisible: Object 'Object Repository/Page_Shop Lip Makeup Sets  Lip Pale/a_Best Sellers' is visible

2018-09-25 14:58:29 - [MESSAGE][WARNING] - Timeout '0' is invalid. Using default page load timeout: '90'

2018-09-25 14:58:30 - [MESSAGE][PASSED] - Object 'Object Repository/Page_Shop Lip Makeup Sets  Lip Pale/a_Best Sellers' is visible

2018-09-25 14:58:30 - [TEST_STEP][PASSED] - waitForElementClickable: Object 'Object Repository/Page_Shop Lip Makeup Sets  Lip Pale/a_Best Sellers' is clickable

2018-09-25 14:58:30 - [MESSAGE][WARNING] - Timeout '0' is invalid. Using default page load timeout: '90'

2018-09-25 14:58:30 - [MESSAGE][PASSED] - Object 'Object Repository/Page_Shop Lip Makeup Sets  Lip Pale/a_Best Sellers' is clickable

2018-09-25 14:58:30 - [TEST_STEP][PASSED] - click: Object: 'Object Repository/Page_Shop Lip Makeup Sets  Lip Pale/a_Best Sellers' is clicked on

2018-09-25 14:58:30 - [MESSAGE][PASSED] - Object: 'Object Repository/Page_Shop Lip Makeup Sets  Lip Pale/a_Best Sellers' is clicked on

2018-09-25 14:58:30 - [TEST_STEP][PASSED] - delay: Delayed 2 second(s)

2018-09-25 14:58:32 - [MESSAGE][PASSED] - Delayed 2 second(s)

2018-09-25 14:58:32 - [TEST_STEP][PASSED] - click: Object: 'Object Repository/Page_Shop Makeup Best Sellers/svg_ 2018 Birchbox_icon__svg__' is clicked on

2018-09-25 14:58:32 - [MESSAGE][PASSED] - Object: 'Object Repository/Page_Shop Makeup Best Sellers/svg_ 2018 Birchbox_icon__svg__' is clicked on

2018-09-25 14:58:32 - [TEST_STEP][PASSED] - waitForElementVisible: Object 'Object Repository/Page_Shop Whats New/div_Makeup' is visible

2018-09-25 14:58:32 - [MESSAGE][WARNING] - Timeout '0' is invalid. Using default page load timeout: '90'

2018-09-25 14:58:32 - [MESSAGE][PASSED] - Object 'Object Repository/Page_Shop Whats New/div_Makeup' is visible

2018-09-25 14:58:32 - [TEST_STEP][PASSED] - waitForElementClickable: Object 'Object Repository/Page_Shop Whats New/div_Makeup' is clickable

2018-09-25 14:58:32 - [MESSAGE][WARNING] - Timeout '0' is invalid. Using default page load timeout: '90'

2018-09-25 14:58:32 - [MESSAGE][PASSED] - Object 'Object Repository/Page_Shop Whats New/div_Makeup' is clickable

2018-09-25 14:58:32 - [TEST_STEP][PASSED] - click: Object: 'Object Repository/Page_Shop Makeup Best Sellers/div_Makeup' is clicked on

2018-09-25 14:58:32 - [MESSAGE][PASSED] - Object: 'Object Repository/Page_Shop Makeup Best Sellers/div_Makeup' is clicked on

2018-09-25 14:58:32 - [TEST_STEP][PASSED] - delay: Delayed 1 second(s)

2018-09-25 14:58:33 - [MESSAGE][PASSED] - Delayed 1 second(s)

2018-09-25 14:58:33 - [TEST_STEP][PASSED] - waitForElementVisible: Object 'Object Repository/Page_Shop Makeup Best Sellers/a_Makeup Sets' is visible

2018-09-25 14:58:33 - [MESSAGE][WARNING] - Timeout '0' is invalid. Using default page load timeout: '90'

2018-09-25 14:58:34 - [MESSAGE][PASSED] - Object 'Object Repository/Page_Shop Makeup Best Sellers/a_Makeup Sets' is visible

2018-09-25 14:58:34 - [TEST_STEP][PASSED] - click: Object: 'Object Repository/Page_Shop Makeup Best Sellers/a_Makeup Sets' is clicked on

2018-09-25 14:58:34 - [MESSAGE][PASSED] - Object: 'Object Repository/Page_Shop Makeup Best Sellers/a_Makeup Sets' is clicked on

2018-09-25 14:58:34 - [TEST_STEP][PASSED] - delay: Delayed 2 second(s)

2018-09-25 14:58:36 - [MESSAGE][PASSED] - Delayed 2 second(s)

2018-09-25 14:58:36 - [TEST_STEP][PASSED] - click: Object: 'Object Repository/Page_Shop Makeup Sets/svg_ 2018 Birchbox_icon__svg__' is clicked on

2018-09-25 14:58:36 - [MESSAGE][PASSED] - Object: 'Object Repository/Page_Shop Makeup Sets/svg_ 2018 Birchbox_icon__svg__' is clicked on

2018-09-25 14:58:36 - [TEST_STEP][PASSED] - waitForElementVisible: Object 'Object Repository/Page_Shop Whats New/div_Makeup' is visible

2018-09-25 14:58:36 - [MESSAGE][WARNING] - Timeout '0' is invalid. Using default page load timeout: '90'

2018-09-25 14:58:36 - [MESSAGE][PASSED] - Object 'Object Repository/Page_Shop Whats New/div_Makeup' is visible

2018-09-25 14:58:36 - [TEST_STEP][PASSED] - click: Object: 'Object Repository/Page_Shop Makeup Sets/div_Makeup' is clicked on

2018-09-25 14:58:36 - [MESSAGE][PASSED] - Object: 'Object Repository/Page_Shop Makeup Sets/div_Makeup' is clicked on

2018-09-25 14:58:36 - [TEST_STEP][PASSED] - delay: Delayed 1 second(s)

2018-09-25 14:58:37 - [MESSAGE][PASSED] - Delayed 1 second(s)

2018-09-25 14:58:37 - [TEST_STEP][PASSED] - waitForElementVisible: Object 'Object Repository/Page_Shop Makeup Sets/a_Makeup Brushes  Tools' is visible

2018-09-25 14:58:37 - [MESSAGE][WARNING] - Timeout '0' is invalid. Using default page load timeout: '90'

2018-09-25 14:58:37 - [MESSAGE][PASSED] - Object 'Object Repository/Page_Shop Makeup Sets/a_Makeup Brushes  Tools' is visible

2018-09-25 14:58:37 - [TEST_STEP][PASSED] - waitForElementClickable: Object 'Object Repository/Page_Shop Makeup Sets/a_Makeup Brushes  Tools' is clickable

2018-09-25 14:58:37 - [MESSAGE][WARNING] - Timeout '0' is invalid. Using default page load timeout: '90'

2018-09-25 14:58:37 - [MESSAGE][PASSED] - Object 'Object Repository/Page_Shop Makeup Sets/a_Makeup Brushes  Tools' is clickable

2018-09-25 14:58:37 - [TEST_STEP][PASSED] - click: Object: 'Object Repository/Page_Shop Makeup Sets/a_Makeup Brushes  Tools' is clicked on

2018-09-25 14:58:38 - [MESSAGE][PASSED] - Object: 'Object Repository/Page_Shop Makeup Sets/a_Makeup Brushes  Tools' is clicked on

2018-09-25 14:58:38 - [TEST_STEP][PASSED] - delay: Delayed 3 second(s)

2018-09-25 14:58:41 - [MESSAGE][PASSED] - Delayed 3 second(s)

2018-09-25 14:58:41 - [TEST_STEP][PASSED] - waitForElementVisible: Object 'Object Repository/Page_Shop Makeup Brushes and Makeup/svg_ 2018 Birchbox_icon__svg__' is visible

2018-09-25 14:58:41 - [MESSAGE][WARNING] - Timeout '0' is invalid. Using default page load timeout: '90'

2018-09-25 14:58:41 - [MESSAGE][PASSED] - Object 'Object Repository/Page_Shop Makeup Brushes and Makeup/svg_ 2018 Birchbox_icon__svg__' is visible

2018-09-25 14:58:41 - [TEST_STEP][PASSED] - waitForElementClickable: Object 'Object Repository/Page_Shop Makeup Brushes and Makeup/svg_ 2018 Birchbox_icon__svg__' is clickable

2018-09-25 14:58:41 - [MESSAGE][WARNING] - Timeout '0' is invalid. Using default page load timeout: '90'

2018-09-25 14:58:41 - [MESSAGE][PASSED] - Object 'Object Repository/Page_Shop Makeup Brushes and Makeup/svg_ 2018 Birchbox_icon__svg__' is clickable

2018-09-25 14:58:41 - [TEST_STEP][PASSED] - click: Object: 'Object Repository/Page_Shop Makeup Brushes and Makeup/svg_ 2018 Birchbox_icon__svg__' is clicked on

2018-09-25 14:58:41 - [MESSAGE][PASSED] - Object: 'Object Repository/Page_Shop Makeup Brushes and Makeup/svg_ 2018 Birchbox_icon__svg__' is clicked on

2018-09-25 14:58:41 - [TEST_STEP][PASSED] - waitForElementVisible: Object 'Object Repository/Page_Shop Whats New/div_Makeup' is visible

2018-09-25 14:58:41 - [MESSAGE][WARNING] - Timeout '0' is invalid. Using default page load timeout: '90'

2018-09-25 14:58:41 - [MESSAGE][PASSED] - Object 'Object Repository/Page_Shop Whats New/div_Makeup' is visible

2018-09-25 14:58:41 - [TEST_STEP][PASSED] - waitForElementClickable: Object 'Object Repository/Page_Shop Whats New/div_Makeup' is clickable

2018-09-25 14:58:41 - [MESSAGE][WARNING] - Timeout '0' is invalid. Using default page load timeout: '90'

2018-09-25 14:58:41 - [MESSAGE][PASSED] - Object 'Object Repository/Page_Shop Whats New/div_Makeup' is clickable

2018-09-25 14:58:41 - [TEST_STEP][PASSED] - click: Object: 'Object Repository/Page_Shop Makeup Brushes and Makeup/div_Makeup' is clicked on

2018-09-25 14:58:41 - [MESSAGE][PASSED] - Object: 'Object Repository/Page_Shop Makeup Brushes and Makeup/div_Makeup' is clicked on

2018-09-25 14:58:41 - [TEST_STEP][PASSED] - delay: Delayed 1 second(s)

2018-09-25 14:58:42 - [MESSAGE][PASSED] - Delayed 1 second(s)

2018-09-25 14:58:42 - [TEST_STEP][PASSED] - waitForElementVisible: Object 'Object Repository/Page_Shop Makeup Brushes and Makeup/a_Makeup Removers' is visible

2018-09-25 14:58:42 - [MESSAGE][WARNING] - Timeout '0' is invalid. Using default page load timeout: '90'

2018-09-25 14:58:42 - [MESSAGE][PASSED] - Object 'Object Repository/Page_Shop Makeup Brushes and Makeup/a_Makeup Removers' is visible

2018-09-25 14:58:42 - [TEST_STEP][PASSED] - waitForElementClickable: Object 'Object Repository/Page_Shop Makeup Brushes and Makeup/a_Makeup Removers' is clickable

2018-09-25 14:58:42 - [MESSAGE][WARNING] - Timeout '0' is invalid. Using default page load timeout: '90'

2018-09-25 14:58:43 - [MESSAGE][PASSED] - Object 'Object Repository/Page_Shop Makeup Brushes and Makeup/a_Makeup Removers' is clickable

2018-09-25 14:58:43 - [TEST_STEP][PASSED] - click: Object: 'Object Repository/Page_Shop Makeup Brushes and Makeup/a_Makeup Removers' is clicked on

2018-09-25 14:58:43 - [MESSAGE][PASSED] - Object: 'Object Repository/Page_Shop Makeup Brushes and Makeup/a_Makeup Removers' is clicked on

2018-09-25 14:58:43 - [TEST_STEP][PASSED] - delay: Delayed 2 second(s)

2018-09-25 14:58:45 - [MESSAGE][PASSED] - Delayed 2 second(s)

2018-09-25 14:58:45 - [TEST_STEP][PASSED] - click: Object: 'Object Repository/Page_Shop Makeup Removers/svg_ 2018 Birchbox_icon__svg__' is clicked on

2018-09-25 14:58:45 - [MESSAGE][PASSED] - Object: 'Object Repository/Page_Shop Makeup Removers/svg_ 2018 Birchbox_icon__svg__' is clicked on

2018-09-25 14:58:45 - [TEST_STEP][PASSED] - waitForElementVisible: Object 'Object Repository/Page_Shop Whats New/div_Makeup' is visible

2018-09-25 14:58:45 - [MESSAGE][WARNING] - Timeout '0' is invalid. Using default page load timeout: '90'

2018-09-25 14:58:45 - [MESSAGE][PASSED] - Object 'Object Repository/Page_Shop Whats New/div_Makeup' is visible

2018-09-25 14:58:45 - [TEST_STEP][PASSED] - waitForElementClickable: Object 'Object Repository/Page_Shop Whats New/div_Makeup' is clickable

2018-09-25 14:58:45 - [MESSAGE][WARNING] - Timeout '0' is invalid. Using default page load timeout: '90'

2018-09-25 14:58:45 - [MESSAGE][PASSED] - Object 'Object Repository/Page_Shop Whats New/div_Makeup' is clickable

2018-09-25 14:58:45 - [TEST_STEP][PASSED] - click: Object: 'Object Repository/Page_Shop Makeup Removers/div_Makeup' is clicked on

2018-09-25 14:58:46 - [MESSAGE][PASSED] - Object: 'Object Repository/Page_Shop Makeup Removers/div_Makeup' is clicked on

2018-09-25 14:58:46 - [TEST_STEP][PASSED] - delay: Delayed 1 second(s)

2018-09-25 14:58:47 - [MESSAGE][PASSED] - Delayed 1 second(s)

2018-09-25 14:58:47 - [TEST_STEP][PASSED] - waitForElementVisible: Object 'Object Repository/Page_Shop Makeup Removers/a_Gifts with Purchase' is visible

2018-09-25 14:58:47 - [MESSAGE][WARNING] - Timeout '0' is invalid. Using default page load timeout: '90'

2018-09-25 14:58:47 - [MESSAGE][PASSED] - Object 'Object Repository/Page_Shop Makeup Removers/a_Gifts with Purchase' is visible

2018-09-25 14:58:47 - [TEST_STEP][PASSED] - waitForElementClickable: Object 'Object Repository/Page_Shop Makeup Removers/a_Gifts with Purchase' is clickable

2018-09-25 14:58:47 - [MESSAGE][WARNING] - Timeout '0' is invalid. Using default page load timeout: '90'

2018-09-25 14:58:47 - [MESSAGE][PASSED] - Object 'Object Repository/Page_Shop Makeup Removers/a_Gifts with Purchase' is clickable

2018-09-25 14:58:47 - [TEST_STEP][PASSED] - click: Object: 'Object Repository/Page_Shop Makeup Removers/a_Gifts with Purchase' is clicked on

2018-09-25 14:58:47 - [MESSAGE][PASSED] - Object: 'Object Repository/Page_Shop Makeup Removers/a_Gifts with Purchase' is clicked on

2018-09-25 14:58:47 - [TEST_STEP][PASSED] - delay: Delayed 2 second(s)

2018-09-25 14:58:49 - [MESSAGE][PASSED] - Delayed 2 second(s)

2018-09-25 14:58:49 - [TEST_STEP][PASSED] - click: Object: 'Object Repository/Page_Beauty Box Subscription for Wo/svg_ 2018 Birchbox_icon__svg__' is clicked on

2018-09-25 14:58:49 - [MESSAGE][PASSED] - Object: 'Object Repository/Page_Beauty Box Subscription for Wo/svg_ 2018 Birchbox_icon__svg__' is clicked on

2018-09-25 14:58:49 - [TEST_STEP][PASSED] - waitForElementVisible: Object 'Object Repository/Page_Shop Whats New/div_Makeup' is visible

2018-09-25 14:58:49 - [MESSAGE][WARNING] - Timeout '0' is invalid. Using default page load timeout: '90'

2018-09-25 14:58:49 - [MESSAGE][PASSED] - Object 'Object Repository/Page_Shop Whats New/div_Makeup' is visible

2018-09-25 14:58:49 - [TEST_STEP][PASSED] - waitForElementClickable: Object 'Object Repository/Page_Shop Whats New/div_Makeup' is clickable

2018-09-25 14:58:49 - [MESSAGE][WARNING] - Timeout '0' is invalid. Using default page load timeout: '90'

2018-09-25 14:58:49 - [MESSAGE][PASSED] - Object 'Object Repository/Page_Shop Whats New/div_Makeup' is clickable

2018-09-25 14:58:49 - [TEST_STEP][PASSED] - click: Object: 'Object Repository/Page_Beauty Box Subscription for Wo/div_Makeup' is clicked on

2018-09-25 14:58:50 - [MESSAGE][PASSED] - Object: 'Object Repository/Page_Beauty Box Subscription for Wo/div_Makeup' is clicked on

2018-09-25 14:58:50 - [TEST_STEP][PASSED] - delay: Delayed 1 second(s)

2018-09-25 14:58:51 - [MESSAGE][PASSED] - Delayed 1 second(s)

2018-09-25 14:58:51 - [TEST_STEP][PASSED] - waitForElementVisible: Object 'Object Repository/Page_Beauty Box Subscription for Wo/div_See all Makeup (1)' is visible

2018-09-25 14:58:51 - [MESSAGE][WARNING] - Timeout '0' is invalid. Using default page load timeout: '90'

2018-09-25 14:58:51 - [MESSAGE][PASSED] - Object 'Object Repository/Page_Beauty Box Subscription for Wo/div_See all Makeup (1)' is visible

2018-09-25 14:58:51 - [TEST_STEP][PASSED] - waitForElementClickable: Object 'Object Repository/Page_Beauty Box Subscription for Wo/div_See all Makeup (1)' is clickable

2018-09-25 14:58:51 - [MESSAGE][WARNING] - Timeout '0' is invalid. Using default page load timeout: '90'

2018-09-25 14:58:51 - [MESSAGE][PASSED] - Object 'Object Repository/Page_Beauty Box Subscription for Wo/div_See all Makeup (1)' is clickable

2018-09-25 14:58:51 - [TEST_STEP][PASSED] - click: Object: 'Object Repository/Page_Beauty Box Subscription for Wo/div_See all Makeup (1)' is clicked on

2018-09-25 14:58:51 - [MESSAGE][PASSED] - Object: 'Object Repository/Page_Beauty Box Subscription for Wo/div_See all Makeup (1)' is clicked on]]></system-out>
         <system-err><![CDATA[]]></system-err>
      </testcase>
      <testcase name="Test Cases/US mobile test/Test all Shop top-level categories for Womens Shop (Hair)" classname="Test Cases/US mobile test/Test all Shop top-level categories for Womens Shop (Hair)" status="FAILED">
         <failure type="FAILED" message="(Stack trace: com.kms.katalon.core.exception.StepFailedException: Unable to click on object 'Object Repository/Page_Beauty Box Subscription for Wo/a_Hairsprays' (Root cause: org.openqa.selenium.WebDriverException: unknown error: Element &lt;a class=&quot;StyledLink-khUpca fgCKOS&quot; href=&quot;/category/3385&quot;>...&lt;/a> is not clickable at point (55, 530). Other element would receive the click: &lt;div class=&quot;Drawer__MaskDiv-VGhMm utilities__cover___WKDvY gqjSAR&quot; style=&quot;opacity: 0;&quot;>&lt;/div>
  (Session info: chrome=69.0.3497.100)
  (Driver info: chromedriver=2.35.528161 (5b82f2d2aae0ca24b877009200ced9065a772e73),platform=Windows NT 6.1.7601 SP1 x86_64) (WARNING: The server did not provide any stacktrace information)
Command duration or timeout: 0 milliseconds
Build info: version: '3.7.1', revision: '8a0099a', time: '2017-11-06T21:07:36.161Z'
System info: host: 'PLEMKTPLACE-08', ip: '10.241.184.32', os.name: 'Windows 7', os.arch: 'amd64', os.version: '6.1', java.version: '1.8.0_181'
Driver info: com.kms.katalon.selenium.driver.CChromeDriver
Capabilities {acceptInsecureCerts: false, acceptSslCerts: false, applicationCacheEnabled: false, browserConnectionEnabled: false, browserName: chrome, chrome: {chromedriverVersion: 2.35.528161 (5b82f2d2aae0ca..., userDataDir: C:\Users\vbrooks\AppData\Lo...}, cssSelectorsEnabled: true, databaseEnabled: false, handlesAlerts: true, hasTouchScreen: false, javascriptEnabled: true, locationContextEnabled: true, mobileEmulationEnabled: false, nativeEvents: true, networkConnectionEnabled: false, pageLoadStrategy: normal, platform: XP, platformName: XP, rotatable: false, setWindowRect: true, takesHeapSnapshot: true, takesScreenshot: true, unexpectedAlertBehaviour: , unhandledPromptBehavior: , version: 69.0.3497.100, webStorageEnabled: true}
Session ID: f528897109ca8e1c26f9de5870d84608)
	at com.kms.katalon.core.keyword.internal.KeywordMain.stepFailed(KeywordMain.groovy:36)
	at com.kms.katalon.core.webui.keyword.internal.WebUIKeywordMain.stepFailed(WebUIKeywordMain.groovy:65)
	at com.kms.katalon.core.webui.keyword.internal.WebUIKeywordMain.runKeyword(WebUIKeywordMain.groovy:27)
	at com.kms.katalon.core.webui.keyword.builtin.ClickKeyword.click(ClickKeyword.groovy:86)
	at com.kms.katalon.core.webui.keyword.builtin.ClickKeyword.execute(ClickKeyword.groovy:67)
	at com.kms.katalon.core.keyword.internal.KeywordExecutor.executeKeywordForPlatform(KeywordExecutor.groovy:53)
	at com.kms.katalon.core.webui.keyword.WebUiBuiltInKeywords.click(WebUiBuiltInKeywords.groovy:616)
	at com.kms.katalon.core.webui.keyword.WebUiBuiltInKeywords$click$4.call(Unknown Source)
	at org.codehaus.groovy.runtime.callsite.CallSiteArray.defaultCall(CallSiteArray.java:48)
	at org.codehaus.groovy.runtime.callsite.AbstractCallSite.call(AbstractCallSite.java:113)
	at org.codehaus.groovy.runtime.callsite.AbstractCallSite.call(AbstractCallSite.java:125)
	at Script1536614341005.run(Script1536614341005.groovy:264)
	at com.kms.katalon.core.main.ScriptEngine.run(ScriptEngine.java:183)
	at com.kms.katalon.core.main.ScriptEngine.runScriptAsRawText(ScriptEngine.java:108)
	at com.kms.katalon.core.main.TestCaseExecutor.runScript(TestCaseExecutor.java:294)
	at com.kms.katalon.core.main.TestCaseExecutor.doExecute(TestCaseExecutor.java:285)
	at com.kms.katalon.core.main.TestCaseExecutor.processExecutionPhase(TestCaseExecutor.java:264)
	at com.kms.katalon.core.main.TestCaseExecutor.accessMainPhase(TestCaseExecutor.java:256)
	at com.kms.katalon.core.main.TestCaseExecutor.execute(TestCaseExecutor.java:200)
	at com.kms.katalon.core.main.TestSuiteExecutor.accessTestCaseMainPhase(TestSuiteExecutor.java:129)
	at com.kms.katalon.core.main.TestSuiteExecutor.accessTestSuiteMainPhase(TestSuiteExecutor.java:112)
	at com.kms.katalon.core.main.TestSuiteExecutor.execute(TestSuiteExecutor.java:81)
	at com.kms.katalon.core.main.TestCaseMain.startTestSuite(TestCaseMain.java:142)
	at com.kms.katalon.core.main.TestCaseMain$startTestSuite$0.call(Unknown Source)
	at org.codehaus.groovy.runtime.callsite.CallSiteArray.defaultCall(CallSiteArray.java:48)
	at org.codehaus.groovy.runtime.callsite.AbstractCallSite.call(AbstractCallSite.java:113)
	at org.codehaus.groovy.runtime.callsite.AbstractCallSite.call(AbstractCallSite.java:141)
	at TempTestSuite1537912466692.run(TempTestSuite1537912466692.groovy:36)
	at groovy.lang.GroovyShell.runScriptOrMainOrTestOrRunnable(GroovyShell.java:263)
	at groovy.lang.GroovyShell.run(GroovyShell.java:518)
	at groovy.lang.GroovyShell.run(GroovyShell.java:507)
	at groovy.ui.GroovyMain.processOnce(GroovyMain.java:653)
	at groovy.ui.GroovyMain.run(GroovyMain.java:384)
	at groovy.ui.GroovyMain.process(GroovyMain.java:370)
	at groovy.ui.GroovyMain.processArgs(GroovyMain.java:129)
	at groovy.ui.GroovyMain.main(GroovyMain.java:109)
	at sun.reflect.NativeMethodAccessorImpl.invoke0(Native Method)
	at sun.reflect.NativeMethodAccessorImpl.invoke(NativeMethodAccessorImpl.java:62)
	at sun.reflect.DelegatingMethodAccessorImpl.invoke(DelegatingMethodAccessorImpl.java:43)
	at java.lang.reflect.Method.invoke(Method.java:498)
	at org.codehaus.groovy.tools.GroovyStarter.rootLoader(GroovyStarter.java:109)
	at org.codehaus.groovy.tools.GroovyStarter.main(GroovyStarter.java:131)
)"/>
         <system-out><![CDATA[2018-09-25 14:58:51 - [TEST_CASE][FAILED] - Test Cases/US mobile test/Test all Shop top-level categories for Womens Shop (Hair): Test Cases/US mobile test/Test all Shop top-level categories for Womens Shop (Hair) FAILED because (of) (Stack trace: com.kms.katalon.core.exception.StepFailedException: Unable to click on object 'Object Repository/Page_Beauty Box Subscription for Wo/a_Hairsprays' (Root cause: org.openqa.selenium.WebDriverException: unknown error: Element <a class="StyledLink-khUpca fgCKOS" href="/category/3385">...</a> is not clickable at point (55, 530). Other element would receive the click: <div class="Drawer__MaskDiv-VGhMm utilities__cover___WKDvY gqjSAR" style="opacity: 0;"></div>
  (Session info: chrome=69.0.3497.100)
  (Driver info: chromedriver=2.35.528161 (5b82f2d2aae0ca24b877009200ced9065a772e73),platform=Windows NT 6.1.7601 SP1 x86_64) (WARNING: The server did not provide any stacktrace information)
Command duration or timeout: 0 milliseconds
Build info: version: '3.7.1', revision: '8a0099a', time: '2017-11-06T21:07:36.161Z'
System info: host: 'PLEMKTPLACE-08', ip: '10.241.184.32', os.name: 'Windows 7', os.arch: 'amd64', os.version: '6.1', java.version: '1.8.0_181'
Driver info: com.kms.katalon.selenium.driver.CChromeDriver
Capabilities {acceptInsecureCerts: false, acceptSslCerts: false, applicationCacheEnabled: false, browserConnectionEnabled: false, browserName: chrome, chrome: {chromedriverVersion: 2.35.528161 (5b82f2d2aae0ca..., userDataDir: C:\Users\vbrooks\AppData\Lo...}, cssSelectorsEnabled: true, databaseEnabled: false, handlesAlerts: true, hasTouchScreen: false, javascriptEnabled: true, locationContextEnabled: true, mobileEmulationEnabled: false, nativeEvents: true, networkConnectionEnabled: false, pageLoadStrategy: normal, platform: XP, platformName: XP, rotatable: false, setWindowRect: true, takesHeapSnapshot: true, takesScreenshot: true, unexpectedAlertBehaviour: , unhandledPromptBehavior: , version: 69.0.3497.100, webStorageEnabled: true}
Session ID: f528897109ca8e1c26f9de5870d84608)
	at com.kms.katalon.core.keyword.internal.KeywordMain.stepFailed(KeywordMain.groovy:36)
	at com.kms.katalon.core.webui.keyword.internal.WebUIKeywordMain.stepFailed(WebUIKeywordMain.groovy:65)
	at com.kms.katalon.core.webui.keyword.internal.WebUIKeywordMain.runKeyword(WebUIKeywordMain.groovy:27)
	at com.kms.katalon.core.webui.keyword.builtin.ClickKeyword.click(ClickKeyword.groovy:86)
	at com.kms.katalon.core.webui.keyword.builtin.ClickKeyword.execute(ClickKeyword.groovy:67)
	at com.kms.katalon.core.keyword.internal.KeywordExecutor.executeKeywordForPlatform(KeywordExecutor.groovy:53)
	at com.kms.katalon.core.webui.keyword.WebUiBuiltInKeywords.click(WebUiBuiltInKeywords.groovy:616)
	at com.kms.katalon.core.webui.keyword.WebUiBuiltInKeywords$click$4.call(Unknown Source)
	at org.codehaus.groovy.runtime.callsite.CallSiteArray.defaultCall(CallSiteArray.java:48)
	at org.codehaus.groovy.runtime.callsite.AbstractCallSite.call(AbstractCallSite.java:113)
	at org.codehaus.groovy.runtime.callsite.AbstractCallSite.call(AbstractCallSite.java:125)
	at Script1536614341005.run(Script1536614341005.groovy:264)
	at com.kms.katalon.core.main.ScriptEngine.run(ScriptEngine.java:183)
	at com.kms.katalon.core.main.ScriptEngine.runScriptAsRawText(ScriptEngine.java:108)
	at com.kms.katalon.core.main.TestCaseExecutor.runScript(TestCaseExecutor.java:294)
	at com.kms.katalon.core.main.TestCaseExecutor.doExecute(TestCaseExecutor.java:285)
	at com.kms.katalon.core.main.TestCaseExecutor.processExecutionPhase(TestCaseExecutor.java:264)
	at com.kms.katalon.core.main.TestCaseExecutor.accessMainPhase(TestCaseExecutor.java:256)
	at com.kms.katalon.core.main.TestCaseExecutor.execute(TestCaseExecutor.java:200)
	at com.kms.katalon.core.main.TestSuiteExecutor.accessTestCaseMainPhase(TestSuiteExecutor.java:129)
	at com.kms.katalon.core.main.TestSuiteExecutor.accessTestSuiteMainPhase(TestSuiteExecutor.java:112)
	at com.kms.katalon.core.main.TestSuiteExecutor.execute(TestSuiteExecutor.java:81)
	at com.kms.katalon.core.main.TestCaseMain.startTestSuite(TestCaseMain.java:142)
	at com.kms.katalon.core.main.TestCaseMain$startTestSuite$0.call(Unknown Source)
	at org.codehaus.groovy.runtime.callsite.CallSiteArray.defaultCall(CallSiteArray.java:48)
	at org.codehaus.groovy.runtime.callsite.AbstractCallSite.call(AbstractCallSite.java:113)
	at org.codehaus.groovy.runtime.callsite.AbstractCallSite.call(AbstractCallSite.java:141)
	at TempTestSuite1537912466692.run(TempTestSuite1537912466692.groovy:36)
	at groovy.lang.GroovyShell.runScriptOrMainOrTestOrRunnable(GroovyShell.java:263)
	at groovy.lang.GroovyShell.run(GroovyShell.java:518)
	at groovy.lang.GroovyShell.run(GroovyShell.java:507)
	at groovy.ui.GroovyMain.processOnce(GroovyMain.java:653)
	at groovy.ui.GroovyMain.run(GroovyMain.java:384)
	at groovy.ui.GroovyMain.process(GroovyMain.java:370)
	at groovy.ui.GroovyMain.processArgs(GroovyMain.java:129)
	at groovy.ui.GroovyMain.main(GroovyMain.java:109)
	at sun.reflect.NativeMethodAccessorImpl.invoke0(Native Method)
	at sun.reflect.NativeMethodAccessorImpl.invoke(NativeMethodAccessorImpl.java:62)
	at sun.reflect.DelegatingMethodAccessorImpl.invoke(DelegatingMethodAccessorImpl.java:43)
	at java.lang.reflect.Method.invoke(Method.java:498)
	at org.codehaus.groovy.tools.GroovyStarter.rootLoader(GroovyStarter.java:109)
	at org.codehaus.groovy.tools.GroovyStarter.main(GroovyStarter.java:131)
)

2018-09-25 14:58:52 - [TEST_STEP][NOT_RUN] - callTestCase: NOT_RUN: callTestCase

2018-09-25 14:58:52 - [MESSAGE][NOT_RUN] - NOT_RUN: callTestCase

2018-09-25 14:58:52 - [TEST_STEP][PASSED] - delay: Delayed 2 second(s)

2018-09-25 14:58:54 - [MESSAGE][PASSED] - Delayed 2 second(s)

2018-09-25 14:58:54 - [TEST_STEP][PASSED] - click: Object: 'Object Repository/Page_Beauty Box Subscription for Wo/svg_ 2018 Birchbox_icon__svg__' is clicked on

2018-09-25 14:58:54 - [MESSAGE][PASSED] - Object: 'Object Repository/Page_Beauty Box Subscription for Wo/svg_ 2018 Birchbox_icon__svg__' is clicked on

2018-09-25 14:58:54 - [TEST_STEP][PASSED] - delay: Delayed 1 second(s)

2018-09-25 14:58:55 - [MESSAGE][PASSED] - Delayed 1 second(s)

2018-09-25 14:58:55 - [TEST_STEP][PASSED] - click: Object: 'Object Repository/Page_Beauty Box Subscription for Wo/div_Hair' is clicked on

2018-09-25 14:58:55 - [MESSAGE][PASSED] - Object: 'Object Repository/Page_Beauty Box Subscription for Wo/div_Hair' is clicked on

2018-09-25 14:58:55 - [TEST_STEP][PASSED] - click: Object: 'Object Repository/Page_Beauty Box Subscription for Wo/div_Wash  Care' is clicked on

2018-09-25 14:58:56 - [MESSAGE][PASSED] - Object: 'Object Repository/Page_Beauty Box Subscription for Wo/div_Wash  Care' is clicked on

2018-09-25 14:58:56 - [TEST_STEP][PASSED] - delay: Delayed 1 second(s)

2018-09-25 14:58:57 - [MESSAGE][PASSED] - Delayed 1 second(s)

2018-09-25 14:58:57 - [TEST_STEP][PASSED] - click: Object: 'Object Repository/Page_Beauty Box Subscription for Wo/a_Shampoos' is clicked on

2018-09-25 14:58:57 - [MESSAGE][PASSED] - Object: 'Object Repository/Page_Beauty Box Subscription for Wo/a_Shampoos' is clicked on

2018-09-25 14:58:57 - [TEST_STEP][PASSED] - delay: Delayed 2 second(s)

2018-09-25 14:58:59 - [MESSAGE][PASSED] - Delayed 2 second(s)

2018-09-25 14:58:59 - [TEST_STEP][PASSED] - click: Object: 'Object Repository/Page_Shop Shampoos/svg_ 2018 Birchbox_icon__svg__' is clicked on

2018-09-25 14:58:59 - [MESSAGE][PASSED] - Object: 'Object Repository/Page_Shop Shampoos/svg_ 2018 Birchbox_icon__svg__' is clicked on

2018-09-25 14:58:59 - [TEST_STEP][PASSED] - click: Object: 'Object Repository/Page_Shop Shampoos/div_Hair' is clicked on

2018-09-25 14:59:00 - [MESSAGE][PASSED] - Object: 'Object Repository/Page_Shop Shampoos/div_Hair' is clicked on

2018-09-25 14:59:00 - [TEST_STEP][PASSED] - click: Object: 'Object Repository/Page_Shop Shampoos/div_Wash  Care' is clicked on

2018-09-25 14:59:00 - [MESSAGE][PASSED] - Object: 'Object Repository/Page_Shop Shampoos/div_Wash  Care' is clicked on

2018-09-25 14:59:00 - [TEST_STEP][PASSED] - delay: Delayed 1 second(s)

2018-09-25 14:59:01 - [MESSAGE][PASSED] - Delayed 1 second(s)

2018-09-25 14:59:01 - [TEST_STEP][PASSED] - waitForElementVisible: Object 'Object Repository/Page_Beauty Box Subscription for Wo/a_Conditioners' is visible

2018-09-25 14:59:01 - [MESSAGE][WARNING] - Timeout '0' is invalid. Using default page load timeout: '90'

2018-09-25 14:59:01 - [MESSAGE][PASSED] - Object 'Object Repository/Page_Beauty Box Subscription for Wo/a_Conditioners' is visible

2018-09-25 14:59:01 - [TEST_STEP][PASSED] - waitForElementClickable: Object 'Object Repository/Page_Beauty Box Subscription for Wo/a_Conditioners' is clickable

2018-09-25 14:59:01 - [MESSAGE][WARNING] - Timeout '0' is invalid. Using default page load timeout: '90'

2018-09-25 14:59:01 - [MESSAGE][PASSED] - Object 'Object Repository/Page_Beauty Box Subscription for Wo/a_Conditioners' is clickable

2018-09-25 14:59:01 - [TEST_STEP][PASSED] - click: Object: 'Object Repository/Page_Beauty Box Subscription for Wo/a_Conditioners' is clicked on

2018-09-25 14:59:01 - [MESSAGE][PASSED] - Object: 'Object Repository/Page_Beauty Box Subscription for Wo/a_Conditioners' is clicked on

2018-09-25 14:59:01 - [TEST_STEP][PASSED] - delay: Delayed 2 second(s)

2018-09-25 14:59:03 - [MESSAGE][PASSED] - Delayed 2 second(s)

2018-09-25 14:59:03 - [TEST_STEP][PASSED] - click: Object: 'Object Repository/Page_Shop Hair Conditioners/svg_ 2018 Birchbox_icon__svg__' is clicked on

2018-09-25 14:59:04 - [MESSAGE][PASSED] - Object: 'Object Repository/Page_Shop Hair Conditioners/svg_ 2018 Birchbox_icon__svg__' is clicked on

2018-09-25 14:59:04 - [TEST_STEP][PASSED] - delay: Delayed 1 second(s)

2018-09-25 14:59:05 - [MESSAGE][PASSED] - Delayed 1 second(s)

2018-09-25 14:59:05 - [TEST_STEP][PASSED] - click: Object: 'Object Repository/Page_Shop Hair Conditioners/div_Hair' is clicked on

2018-09-25 14:59:05 - [MESSAGE][PASSED] - Object: 'Object Repository/Page_Shop Hair Conditioners/div_Hair' is clicked on

2018-09-25 14:59:05 - [TEST_STEP][PASSED] - click: Object: 'Object Repository/Page_Shop Hair Conditioners/div_Wash  Care' is clicked on

2018-09-25 14:59:05 - [MESSAGE][PASSED] - Object: 'Object Repository/Page_Shop Hair Conditioners/div_Wash  Care' is clicked on

2018-09-25 14:59:05 - [TEST_STEP][PASSED] - delay: Delayed 1 second(s)

2018-09-25 14:59:06 - [MESSAGE][PASSED] - Delayed 1 second(s)

2018-09-25 14:59:06 - [TEST_STEP][PASSED] - waitForElementVisible: Object 'Object Repository/Page_Beauty Box Subscription for Wo/a_Cleansing Conditioners' is visible

2018-09-25 14:59:06 - [MESSAGE][WARNING] - Timeout '0' is invalid. Using default page load timeout: '90'

2018-09-25 14:59:06 - [MESSAGE][PASSED] - Object 'Object Repository/Page_Beauty Box Subscription for Wo/a_Cleansing Conditioners' is visible

2018-09-25 14:59:06 - [TEST_STEP][PASSED] - waitForElementClickable: Object 'Object Repository/Page_Beauty Box Subscription for Wo/a_Cleansing Conditioners' is clickable

2018-09-25 14:59:06 - [MESSAGE][WARNING] - Timeout '0' is invalid. Using default page load timeout: '90'

2018-09-25 14:59:07 - [MESSAGE][PASSED] - Object 'Object Repository/Page_Beauty Box Subscription for Wo/a_Cleansing Conditioners' is clickable

2018-09-25 14:59:07 - [TEST_STEP][PASSED] - click: Object: 'Object Repository/Page_Beauty Box Subscription for Wo/a_Cleansing Conditioners' is clicked on

2018-09-25 14:59:07 - [MESSAGE][PASSED] - Object: 'Object Repository/Page_Beauty Box Subscription for Wo/a_Cleansing Conditioners' is clicked on

2018-09-25 14:59:07 - [TEST_STEP][PASSED] - delay: Delayed 2 second(s)

2018-09-25 14:59:09 - [MESSAGE][PASSED] - Delayed 2 second(s)

2018-09-25 14:59:09 - [TEST_STEP][PASSED] - click: Object: 'Object Repository/Page_Shop Hair Cleansing Conditione/svg_ 2018 Birchbox_icon__svg__' is clicked on

2018-09-25 14:59:09 - [MESSAGE][PASSED] - Object: 'Object Repository/Page_Shop Hair Cleansing Conditione/svg_ 2018 Birchbox_icon__svg__' is clicked on

2018-09-25 14:59:09 - [TEST_STEP][PASSED] - click: Object: 'Object Repository/Page_Shop Hair Cleansing Conditione/div_Hair' is clicked on

2018-09-25 14:59:09 - [MESSAGE][PASSED] - Object: 'Object Repository/Page_Shop Hair Cleansing Conditione/div_Hair' is clicked on

2018-09-25 14:59:09 - [TEST_STEP][PASSED] - click: Object: 'Object Repository/Page_Shop Hair Cleansing Conditione/div_Treat' is clicked on

2018-09-25 14:59:10 - [MESSAGE][PASSED] - Object: 'Object Repository/Page_Shop Hair Cleansing Conditione/div_Treat' is clicked on

2018-09-25 14:59:10 - [TEST_STEP][PASSED] - waitForElementVisible: Object 'Object Repository/Page_Beauty Box Subscription for Wo/a_Detanglers' is visible

2018-09-25 14:59:10 - [MESSAGE][WARNING] - Timeout '0' is invalid. Using default page load timeout: '90'

2018-09-25 14:59:11 - [MESSAGE][PASSED] - Object 'Object Repository/Page_Beauty Box Subscription for Wo/a_Detanglers' is visible

2018-09-25 14:59:11 - [TEST_STEP][PASSED] - waitForElementClickable: Object 'Object Repository/Page_Beauty Box Subscription for Wo/a_Detanglers' is clickable

2018-09-25 14:59:11 - [MESSAGE][WARNING] - Timeout '0' is invalid. Using default page load timeout: '90'

2018-09-25 14:59:11 - [MESSAGE][PASSED] - Object 'Object Repository/Page_Beauty Box Subscription for Wo/a_Detanglers' is clickable

2018-09-25 14:59:11 - [TEST_STEP][PASSED] - click: Object: 'Object Repository/Page_Beauty Box Subscription for Wo/a_Detanglers' is clicked on

2018-09-25 14:59:12 - [MESSAGE][PASSED] - Object: 'Object Repository/Page_Beauty Box Subscription for Wo/a_Detanglers' is clicked on

2018-09-25 14:59:12 - [TEST_STEP][PASSED] - delay: Delayed 2 second(s)

2018-09-25 14:59:14 - [MESSAGE][PASSED] - Delayed 2 second(s)

2018-09-25 14:59:14 - [TEST_STEP][PASSED] - click: Object: 'Object Repository/Page_Shop Hair Detanglers/svg_ 2018 Birchbox_icon__svg__' is clicked on

2018-09-25 14:59:14 - [MESSAGE][PASSED] - Object: 'Object Repository/Page_Shop Hair Detanglers/svg_ 2018 Birchbox_icon__svg__' is clicked on

2018-09-25 14:59:14 - [TEST_STEP][PASSED] - click: Object: 'Object Repository/Page_Shop Hair Detanglers/div_Hair' is clicked on

2018-09-25 14:59:14 - [MESSAGE][PASSED] - Object: 'Object Repository/Page_Shop Hair Detanglers/div_Hair' is clicked on

2018-09-25 14:59:14 - [TEST_STEP][PASSED] - waitForElementVisible: Object 'Object Repository/Page_Shop Hair Detanglers/div_Treat' is visible

2018-09-25 14:59:14 - [MESSAGE][WARNING] - Timeout '0' is invalid. Using default page load timeout: '90'

2018-09-25 14:59:14 - [MESSAGE][PASSED] - Object 'Object Repository/Page_Shop Hair Detanglers/div_Treat' is visible

2018-09-25 14:59:14 - [TEST_STEP][PASSED] - waitForElementClickable: Object 'Object Repository/Page_Shop Hair Detanglers/div_Treat' is clickable

2018-09-25 14:59:14 - [MESSAGE][WARNING] - Timeout '0' is invalid. Using default page load timeout: '90'

2018-09-25 14:59:14 - [MESSAGE][PASSED] - Object 'Object Repository/Page_Shop Hair Detanglers/div_Treat' is clickable

2018-09-25 14:59:14 - [TEST_STEP][PASSED] - click: Object: 'Object Repository/Page_Shop Hair Detanglers/div_Treat' is clicked on

2018-09-25 14:59:15 - [MESSAGE][PASSED] - Object: 'Object Repository/Page_Shop Hair Detanglers/div_Treat' is clicked on

2018-09-25 14:59:15 - [TEST_STEP][PASSED] - delay: Delayed 1 second(s)

2018-09-25 14:59:16 - [MESSAGE][PASSED] - Delayed 1 second(s)

2018-09-25 14:59:16 - [TEST_STEP][PASSED] - waitForElementVisible: Object 'Object Repository/Page_Beauty Box Subscription for Wo/a_Leave-In Conditioners' is visible

2018-09-25 14:59:16 - [MESSAGE][WARNING] - Timeout '0' is invalid. Using default page load timeout: '90'

2018-09-25 14:59:16 - [MESSAGE][PASSED] - Object 'Object Repository/Page_Beauty Box Subscription for Wo/a_Leave-In Conditioners' is visible

2018-09-25 14:59:16 - [TEST_STEP][PASSED] - waitForElementClickable: Object 'Object Repository/Page_Beauty Box Subscription for Wo/a_Leave-In Conditioners' is clickable

2018-09-25 14:59:16 - [MESSAGE][WARNING] - Timeout '0' is invalid. Using default page load timeout: '90'

2018-09-25 14:59:16 - [MESSAGE][PASSED] - Object 'Object Repository/Page_Beauty Box Subscription for Wo/a_Leave-In Conditioners' is clickable

2018-09-25 14:59:16 - [TEST_STEP][PASSED] - click: Object: 'Object Repository/Page_Beauty Box Subscription for Wo/a_Leave-In Conditioners' is clicked on

2018-09-25 14:59:16 - [MESSAGE][PASSED] - Object: 'Object Repository/Page_Beauty Box Subscription for Wo/a_Leave-In Conditioners' is clicked on

2018-09-25 14:59:16 - [TEST_STEP][PASSED] - delay: Delayed 2 second(s)

2018-09-25 14:59:18 - [MESSAGE][PASSED] - Delayed 2 second(s)

2018-09-25 14:59:18 - [TEST_STEP][PASSED] - click: Object: 'Object Repository/Page_Shop Leave-In Conditioners/svg_ 2018 Birchbox_icon__svg__' is clicked on

2018-09-25 14:59:18 - [MESSAGE][PASSED] - Object: 'Object Repository/Page_Shop Leave-In Conditioners/svg_ 2018 Birchbox_icon__svg__' is clicked on

2018-09-25 14:59:18 - [TEST_STEP][PASSED] - waitForElementVisible: Object 'Object Repository/Page_Shop Leave-In Conditioners/div_Hair' is visible

2018-09-25 14:59:18 - [MESSAGE][WARNING] - Timeout '0' is invalid. Using default page load timeout: '90'

2018-09-25 14:59:19 - [MESSAGE][PASSED] - Object 'Object Repository/Page_Shop Leave-In Conditioners/div_Hair' is visible

2018-09-25 14:59:19 - [TEST_STEP][PASSED] - waitForElementClickable: Object 'Object Repository/Page_Shop Leave-In Conditioners/div_Hair' is clickable

2018-09-25 14:59:19 - [MESSAGE][WARNING] - Timeout '0' is invalid. Using default page load timeout: '90'

2018-09-25 14:59:19 - [MESSAGE][PASSED] - Object 'Object Repository/Page_Shop Leave-In Conditioners/div_Hair' is clickable

2018-09-25 14:59:19 - [TEST_STEP][PASSED] - click: Object: 'Object Repository/Page_Shop Leave-In Conditioners/div_Hair' is clicked on

2018-09-25 14:59:19 - [MESSAGE][PASSED] - Object: 'Object Repository/Page_Shop Leave-In Conditioners/div_Hair' is clicked on

2018-09-25 14:59:19 - [TEST_STEP][PASSED] - click: Object: 'Object Repository/Page_Shop Leave-In Conditioners/div_Treat' is clicked on

2018-09-25 14:59:20 - [MESSAGE][PASSED] - Object: 'Object Repository/Page_Shop Leave-In Conditioners/div_Treat' is clicked on

2018-09-25 14:59:20 - [TEST_STEP][PASSED] - delay: Delayed 1 second(s)

2018-09-25 14:59:21 - [MESSAGE][PASSED] - Delayed 1 second(s)

2018-09-25 14:59:21 - [TEST_STEP][PASSED] - waitForElementVisible: Object 'Object Repository/Page_Beauty Box Subscription for Wo/a_Oils' is visible

2018-09-25 14:59:21 - [MESSAGE][WARNING] - Timeout '0' is invalid. Using default page load timeout: '90'

2018-09-25 14:59:21 - [MESSAGE][PASSED] - Object 'Object Repository/Page_Beauty Box Subscription for Wo/a_Oils' is visible

2018-09-25 14:59:21 - [TEST_STEP][PASSED] - waitForElementClickable: Object 'Object Repository/Page_Beauty Box Subscription for Wo/a_Oils' is clickable

2018-09-25 14:59:21 - [MESSAGE][WARNING] - Timeout '0' is invalid. Using default page load timeout: '90'

2018-09-25 14:59:21 - [MESSAGE][PASSED] - Object 'Object Repository/Page_Beauty Box Subscription for Wo/a_Oils' is clickable

2018-09-25 14:59:21 - [TEST_STEP][PASSED] - click: Object: 'Object Repository/Page_Beauty Box Subscription for Wo/a_Oils' is clicked on

2018-09-25 14:59:21 - [MESSAGE][PASSED] - Object: 'Object Repository/Page_Beauty Box Subscription for Wo/a_Oils' is clicked on

2018-09-25 14:59:21 - [TEST_STEP][PASSED] - delay: Delayed 2 second(s)

2018-09-25 14:59:23 - [MESSAGE][PASSED] - Delayed 2 second(s)

2018-09-25 14:59:23 - [TEST_STEP][PASSED] - click: Object: 'Object Repository/Page_Shop Hair Oils/svg_ 2018 Birchbox_icon__svg__' is clicked on

2018-09-25 14:59:23 - [MESSAGE][PASSED] - Object: 'Object Repository/Page_Shop Hair Oils/svg_ 2018 Birchbox_icon__svg__' is clicked on

2018-09-25 14:59:23 - [TEST_STEP][PASSED] - click: Object: 'Object Repository/Page_Shop Hair Oils/div_Hair' is clicked on

2018-09-25 14:59:24 - [MESSAGE][PASSED] - Object: 'Object Repository/Page_Shop Hair Oils/div_Hair' is clicked on

2018-09-25 14:59:24 - [TEST_STEP][PASSED] - click: Object: 'Object Repository/Page_Shop Hair Oils/div_Treat' is clicked on

2018-09-25 14:59:24 - [MESSAGE][PASSED] - Object: 'Object Repository/Page_Shop Hair Oils/div_Treat' is clicked on

2018-09-25 14:59:24 - [TEST_STEP][PASSED] - delay: Delayed 2 second(s)

2018-09-25 14:59:26 - [MESSAGE][PASSED] - Delayed 2 second(s)

2018-09-25 14:59:26 - [TEST_STEP][PASSED] - waitForElementVisible: Object 'Object Repository/Page_Beauty Box Subscription for Wo/a_Masks' is visible

2018-09-25 14:59:26 - [MESSAGE][WARNING] - Timeout '0' is invalid. Using default page load timeout: '90'

2018-09-25 14:59:26 - [MESSAGE][PASSED] - Object 'Object Repository/Page_Beauty Box Subscription for Wo/a_Masks' is visible

2018-09-25 14:59:26 - [TEST_STEP][PASSED] - waitForElementClickable: Object 'Object Repository/Page_Beauty Box Subscription for Wo/a_Masks' is clickable

2018-09-25 14:59:26 - [MESSAGE][WARNING] - Timeout '0' is invalid. Using default page load timeout: '90'

2018-09-25 14:59:26 - [MESSAGE][PASSED] - Object 'Object Repository/Page_Beauty Box Subscription for Wo/a_Masks' is clickable

2018-09-25 14:59:26 - [TEST_STEP][PASSED] - click: Object: 'Object Repository/Page_Beauty Box Subscription for Wo/a_Masks' is clicked on

2018-09-25 14:59:27 - [MESSAGE][PASSED] - Object: 'Object Repository/Page_Beauty Box Subscription for Wo/a_Masks' is clicked on

2018-09-25 14:59:27 - [TEST_STEP][PASSED] - delay: Delayed 2 second(s)

2018-09-25 14:59:29 - [MESSAGE][PASSED] - Delayed 2 second(s)

2018-09-25 14:59:29 - [TEST_STEP][PASSED] - click: Object: 'Object Repository/Page_Shop Hair Masks/svg_ 2018 Birchbox_icon__svg__' is clicked on

2018-09-25 14:59:29 - [MESSAGE][PASSED] - Object: 'Object Repository/Page_Shop Hair Masks/svg_ 2018 Birchbox_icon__svg__' is clicked on

2018-09-25 14:59:29 - [TEST_STEP][PASSED] - click: Object: 'Object Repository/Page_Shop Hair Masks/div_Hair' is clicked on

2018-09-25 14:59:29 - [MESSAGE][PASSED] - Object: 'Object Repository/Page_Shop Hair Masks/div_Hair' is clicked on

2018-09-25 14:59:29 - [TEST_STEP][PASSED] - click: Object: 'Object Repository/Page_Shop Hair Masks/div_Treat' is clicked on

2018-09-25 14:59:30 - [MESSAGE][PASSED] - Object: 'Object Repository/Page_Shop Hair Masks/div_Treat' is clicked on

2018-09-25 14:59:30 - [TEST_STEP][PASSED] - delay: Delayed 1 second(s)

2018-09-25 14:59:31 - [MESSAGE][PASSED] - Delayed 1 second(s)

2018-09-25 14:59:31 - [TEST_STEP][PASSED] - waitForElementVisible: Object 'Object Repository/Page_Beauty Box Subscription for Wo/a_Pre-Shampoo Treatments' is visible

2018-09-25 14:59:31 - [MESSAGE][WARNING] - Timeout '0' is invalid. Using default page load timeout: '90'

2018-09-25 14:59:31 - [MESSAGE][PASSED] - Object 'Object Repository/Page_Beauty Box Subscription for Wo/a_Pre-Shampoo Treatments' is visible

2018-09-25 14:59:31 - [TEST_STEP][PASSED] - waitForElementClickable: Object 'Object Repository/Page_Beauty Box Subscription for Wo/a_Pre-Shampoo Treatments' is clickable

2018-09-25 14:59:31 - [MESSAGE][WARNING] - Timeout '0' is invalid. Using default page load timeout: '90'

2018-09-25 14:59:31 - [MESSAGE][PASSED] - Object 'Object Repository/Page_Beauty Box Subscription for Wo/a_Pre-Shampoo Treatments' is clickable

2018-09-25 14:59:31 - [TEST_STEP][PASSED] - click: Object: 'Object Repository/Page_Beauty Box Subscription for Wo/a_Pre-Shampoo Treatments' is clicked on

2018-09-25 14:59:31 - [MESSAGE][PASSED] - Object: 'Object Repository/Page_Beauty Box Subscription for Wo/a_Pre-Shampoo Treatments' is clicked on

2018-09-25 14:59:31 - [TEST_STEP][PASSED] - delay: Delayed 2 second(s)

2018-09-25 14:59:33 - [MESSAGE][PASSED] - Delayed 2 second(s)

2018-09-25 14:59:33 - [TEST_STEP][PASSED] - click: Object: 'Object Repository/Page_Shop Pre Shampoo Treatment/svg_ 2018 Birchbox_icon__svg__' is clicked on

2018-09-25 14:59:33 - [MESSAGE][PASSED] - Object: 'Object Repository/Page_Shop Pre Shampoo Treatment/svg_ 2018 Birchbox_icon__svg__' is clicked on

2018-09-25 14:59:33 - [TEST_STEP][PASSED] - click: Object: 'Object Repository/Page_Shop Pre Shampoo Treatment/div_Hair' is clicked on

2018-09-25 14:59:34 - [MESSAGE][PASSED] - Object: 'Object Repository/Page_Shop Pre Shampoo Treatment/div_Hair' is clicked on

2018-09-25 14:59:34 - [TEST_STEP][PASSED] - click: Object: 'Object Repository/Page_Shop Pre Shampoo Treatment/div_Treat' is clicked on

2018-09-25 14:59:34 - [MESSAGE][PASSED] - Object: 'Object Repository/Page_Shop Pre Shampoo Treatment/div_Treat' is clicked on

2018-09-25 14:59:34 - [TEST_STEP][PASSED] - delay: Delayed 2 second(s)

2018-09-25 14:59:36 - [MESSAGE][PASSED] - Delayed 2 second(s)

2018-09-25 14:59:36 - [TEST_STEP][PASSED] - waitForElementVisible: Object 'Object Repository/Page_Beauty Box Subscription for Wo/a_Scalp Treatments  Exfoliator' is visible

2018-09-25 14:59:36 - [MESSAGE][WARNING] - Timeout '0' is invalid. Using default page load timeout: '90'

2018-09-25 14:59:36 - [MESSAGE][PASSED] - Object 'Object Repository/Page_Beauty Box Subscription for Wo/a_Scalp Treatments  Exfoliator' is visible

2018-09-25 14:59:36 - [TEST_STEP][PASSED] - waitForElementClickable: Object 'Object Repository/Page_Beauty Box Subscription for Wo/a_Scalp Treatments  Exfoliator' is clickable

2018-09-25 14:59:36 - [MESSAGE][WARNING] - Timeout '0' is invalid. Using default page load timeout: '90'

2018-09-25 14:59:36 - [MESSAGE][PASSED] - Object 'Object Repository/Page_Beauty Box Subscription for Wo/a_Scalp Treatments  Exfoliator' is clickable

2018-09-25 14:59:36 - [TEST_STEP][PASSED] - click: Object: 'Object Repository/Page_Beauty Box Subscription for Wo/a_Scalp Treatments  Exfoliator' is clicked on

2018-09-25 14:59:37 - [MESSAGE][PASSED] - Object: 'Object Repository/Page_Beauty Box Subscription for Wo/a_Scalp Treatments  Exfoliator' is clicked on

2018-09-25 14:59:37 - [TEST_STEP][PASSED] - delay: Delayed 2 second(s)

2018-09-25 14:59:39 - [MESSAGE][PASSED] - Delayed 2 second(s)

2018-09-25 14:59:39 - [TEST_STEP][PASSED] - click: Object: 'Object Repository/Page_Shop Scalp Treatments and Scal/svg_ 2018 Birchbox_icon__svg__' is clicked on

2018-09-25 14:59:39 - [MESSAGE][PASSED] - Object: 'Object Repository/Page_Shop Scalp Treatments and Scal/svg_ 2018 Birchbox_icon__svg__' is clicked on

2018-09-25 14:59:39 - [TEST_STEP][PASSED] - waitForElementVisible: Object 'Object Repository/Page_Shop Scalp Treatments and Scal/div_Hair' is visible

2018-09-25 14:59:39 - [MESSAGE][WARNING] - Timeout '0' is invalid. Using default page load timeout: '90'

2018-09-25 14:59:39 - [MESSAGE][PASSED] - Object 'Object Repository/Page_Shop Scalp Treatments and Scal/div_Hair' is visible

2018-09-25 14:59:39 - [TEST_STEP][PASSED] - click: Object: 'Object Repository/Page_Shop Scalp Treatments and Scal/div_Hair' is clicked on

2018-09-25 14:59:39 - [MESSAGE][PASSED] - Object: 'Object Repository/Page_Shop Scalp Treatments and Scal/div_Hair' is clicked on

2018-09-25 14:59:39 - [TEST_STEP][PASSED] - click: Object: 'Object Repository/Page_Shop Scalp Treatments and Scal/div_Treat' is clicked on

2018-09-25 14:59:40 - [MESSAGE][PASSED] - Object: 'Object Repository/Page_Shop Scalp Treatments and Scal/div_Treat' is clicked on

2018-09-25 14:59:40 - [TEST_STEP][PASSED] - delay: Delayed 1 second(s)

2018-09-25 14:59:41 - [MESSAGE][PASSED] - Delayed 1 second(s)

2018-09-25 14:59:41 - [TEST_STEP][PASSED] - waitForElementVisible: Object 'Object Repository/Page_Beauty Box Subscription for Wo/a_Split End Treatments' is visible

2018-09-25 14:59:41 - [MESSAGE][WARNING] - Timeout '0' is invalid. Using default page load timeout: '90'

2018-09-25 14:59:41 - [MESSAGE][PASSED] - Object 'Object Repository/Page_Beauty Box Subscription for Wo/a_Split End Treatments' is visible

2018-09-25 14:59:41 - [TEST_STEP][PASSED] - waitForElementClickable: Object 'Object Repository/Page_Beauty Box Subscription for Wo/a_Split End Treatments' is clickable

2018-09-25 14:59:41 - [MESSAGE][WARNING] - Timeout '0' is invalid. Using default page load timeout: '90'

2018-09-25 14:59:41 - [MESSAGE][PASSED] - Object 'Object Repository/Page_Beauty Box Subscription for Wo/a_Split End Treatments' is clickable

2018-09-25 14:59:41 - [TEST_STEP][PASSED] - click: Object: 'Object Repository/Page_Beauty Box Subscription for Wo/a_Split End Treatments' is clicked on

2018-09-25 14:59:41 - [MESSAGE][PASSED] - Object: 'Object Repository/Page_Beauty Box Subscription for Wo/a_Split End Treatments' is clicked on

2018-09-25 14:59:41 - [TEST_STEP][PASSED] - delay: Delayed 2 second(s)

2018-09-25 14:59:43 - [MESSAGE][PASSED] - Delayed 2 second(s)

2018-09-25 14:59:43 - [TEST_STEP][PASSED] - click: Object: 'Object Repository/Page_Shop Split End Treatments/svg_ 2018 Birchbox_icon__svg__' is clicked on

2018-09-25 14:59:43 - [MESSAGE][PASSED] - Object: 'Object Repository/Page_Shop Split End Treatments/svg_ 2018 Birchbox_icon__svg__' is clicked on

2018-09-25 14:59:43 - [TEST_STEP][PASSED] - click: Object: 'Object Repository/Page_Shop Split End Treatments/div_Hair' is clicked on

2018-09-25 14:59:44 - [MESSAGE][PASSED] - Object: 'Object Repository/Page_Shop Split End Treatments/div_Hair' is clicked on

2018-09-25 14:59:44 - [TEST_STEP][PASSED] - click: Object: 'Object Repository/Page_Shop Split End Treatments/div_Treat' is clicked on

2018-09-25 14:59:44 - [MESSAGE][PASSED] - Object: 'Object Repository/Page_Shop Split End Treatments/div_Treat' is clicked on

2018-09-25 14:59:44 - [TEST_STEP][PASSED] - delay: Delayed 1 second(s)

2018-09-25 14:59:45 - [MESSAGE][PASSED] - Delayed 1 second(s)

2018-09-25 14:59:45 - [TEST_STEP][PASSED] - waitForElementVisible: Object 'Object Repository/Page_Beauty Box Subscription for Wo/a_Color Treatments' is visible

2018-09-25 14:59:45 - [MESSAGE][WARNING] - Timeout '0' is invalid. Using default page load timeout: '90'

2018-09-25 14:59:46 - [MESSAGE][PASSED] - Object 'Object Repository/Page_Beauty Box Subscription for Wo/a_Color Treatments' is visible

2018-09-25 14:59:46 - [TEST_STEP][PASSED] - waitForElementClickable: Object 'Object Repository/Page_Beauty Box Subscription for Wo/a_Color Treatments' is clickable

2018-09-25 14:59:46 - [MESSAGE][WARNING] - Timeout '0' is invalid. Using default page load timeout: '90'

2018-09-25 14:59:46 - [MESSAGE][PASSED] - Object 'Object Repository/Page_Beauty Box Subscription for Wo/a_Color Treatments' is clickable

2018-09-25 14:59:46 - [TEST_STEP][PASSED] - click: Object: 'Object Repository/Page_Beauty Box Subscription for Wo/a_Color Treatments' is clicked on

2018-09-25 14:59:46 - [MESSAGE][PASSED] - Object: 'Object Repository/Page_Beauty Box Subscription for Wo/a_Color Treatments' is clicked on

2018-09-25 14:59:46 - [TEST_STEP][PASSED] - delay: Delayed 2 second(s)

2018-09-25 14:59:48 - [MESSAGE][PASSED] - Delayed 2 second(s)

2018-09-25 14:59:48 - [TEST_STEP][PASSED] - click: Object: 'Object Repository/Page_Shop Hair Color Treatments/svg_ 2018 Birchbox_icon__svg__' is clicked on

2018-09-25 14:59:48 - [MESSAGE][PASSED] - Object: 'Object Repository/Page_Shop Hair Color Treatments/svg_ 2018 Birchbox_icon__svg__' is clicked on

2018-09-25 14:59:48 - [TEST_STEP][PASSED] - click: Object: 'Object Repository/Page_Shop Hair Color Treatments/div_Hair' is clicked on

2018-09-25 14:59:49 - [MESSAGE][PASSED] - Object: 'Object Repository/Page_Shop Hair Color Treatments/div_Hair' is clicked on

2018-09-25 14:59:49 - [TEST_STEP][PASSED] - click: Object: 'Object Repository/Page_Shop Hair Color Treatments/div_Style' is clicked on

2018-09-25 14:59:49 - [MESSAGE][PASSED] - Object: 'Object Repository/Page_Shop Hair Color Treatments/div_Style' is clicked on

2018-09-25 14:59:49 - [TEST_STEP][PASSED] - delay: Delayed 1 second(s)

2018-09-25 14:59:50 - [MESSAGE][PASSED] - Delayed 1 second(s)

2018-09-25 14:59:50 - [TEST_STEP][PASSED] - waitForElementVisible: Object 'Object Repository/Page_Beauty Box Subscription for Wo/a_Texturizers' is visible

2018-09-25 14:59:50 - [MESSAGE][WARNING] - Timeout '0' is invalid. Using default page load timeout: '90'

2018-09-25 14:59:51 - [MESSAGE][PASSED] - Object 'Object Repository/Page_Beauty Box Subscription for Wo/a_Texturizers' is visible

2018-09-25 14:59:51 - [TEST_STEP][PASSED] - waitForElementClickable: Object 'Object Repository/Page_Beauty Box Subscription for Wo/a_Texturizers' is clickable

2018-09-25 14:59:52 - [MESSAGE][WARNING] - Timeout '0' is invalid. Using default page load timeout: '90'

2018-09-25 14:59:52 - [MESSAGE][PASSED] - Object 'Object Repository/Page_Beauty Box Subscription for Wo/a_Texturizers' is clickable

2018-09-25 14:59:52 - [TEST_STEP][PASSED] - click: Object: 'Object Repository/Page_Beauty Box Subscription for Wo/a_Texturizers' is clicked on

2018-09-25 14:59:52 - [MESSAGE][PASSED] - Object: 'Object Repository/Page_Beauty Box Subscription for Wo/a_Texturizers' is clicked on

2018-09-25 14:59:52 - [TEST_STEP][PASSED] - delay: Delayed 2 second(s)

2018-09-25 14:59:54 - [MESSAGE][PASSED] - Delayed 2 second(s)

2018-09-25 14:59:54 - [TEST_STEP][PASSED] - click: Object: 'Object Repository/Page_Shop Texturizers/svg_ 2018 Birchbox_icon__svg__' is clicked on

2018-09-25 14:59:54 - [MESSAGE][PASSED] - Object: 'Object Repository/Page_Shop Texturizers/svg_ 2018 Birchbox_icon__svg__' is clicked on

2018-09-25 14:59:54 - [TEST_STEP][PASSED] - click: Object: 'Object Repository/Page_Shop Texturizers/div_Hair' is clicked on

2018-09-25 14:59:55 - [MESSAGE][PASSED] - Object: 'Object Repository/Page_Shop Texturizers/div_Hair' is clicked on

2018-09-25 14:59:55 - [TEST_STEP][PASSED] - click: Object: 'Object Repository/Page_Shop Texturizers/div_Style' is clicked on

2018-09-25 14:59:55 - [MESSAGE][PASSED] - Object: 'Object Repository/Page_Shop Texturizers/div_Style' is clicked on

2018-09-25 14:59:55 - [TEST_STEP][PASSED] - delay: Delayed 1 second(s)

2018-09-25 14:59:56 - [MESSAGE][PASSED] - Delayed 1 second(s)

2018-09-25 14:59:56 - [TEST_STEP][PASSED] - waitForElementVisible: Object 'Object Repository/Page_Beauty Box Subscription for Wo/a_Blowout Creams  Sprays' is visible

2018-09-25 14:59:56 - [MESSAGE][WARNING] - Timeout '0' is invalid. Using default page load timeout: '90'

2018-09-25 14:59:56 - [MESSAGE][PASSED] - Object 'Object Repository/Page_Beauty Box Subscription for Wo/a_Blowout Creams  Sprays' is visible

2018-09-25 14:59:56 - [TEST_STEP][PASSED] - waitForElementClickable: Object 'Object Repository/Page_Beauty Box Subscription for Wo/a_Blowout Creams  Sprays' is clickable

2018-09-25 14:59:56 - [MESSAGE][WARNING] - Timeout '0' is invalid. Using default page load timeout: '90'

2018-09-25 14:59:56 - [MESSAGE][PASSED] - Object 'Object Repository/Page_Beauty Box Subscription for Wo/a_Blowout Creams  Sprays' is clickable

2018-09-25 14:59:56 - [TEST_STEP][PASSED] - click: Object: 'Object Repository/Page_Beauty Box Subscription for Wo/a_Blowout Creams  Sprays' is clicked on

2018-09-25 14:59:57 - [MESSAGE][PASSED] - Object: 'Object Repository/Page_Beauty Box Subscription for Wo/a_Blowout Creams  Sprays' is clicked on

2018-09-25 14:59:57 - [TEST_STEP][PASSED] - delay: Delayed 2 second(s)

2018-09-25 14:59:59 - [MESSAGE][PASSED] - Delayed 2 second(s)

2018-09-25 14:59:59 - [TEST_STEP][PASSED] - click: Object: 'Object Repository/Page_Shop Styling Cremes/svg_ 2018 Birchbox_icon__svg__' is clicked on

2018-09-25 14:59:59 - [MESSAGE][PASSED] - Object: 'Object Repository/Page_Shop Styling Cremes/svg_ 2018 Birchbox_icon__svg__' is clicked on

2018-09-25 14:59:59 - [TEST_STEP][PASSED] - click: Object: 'Object Repository/Page_Shop Styling Cremes/div_Hair' is clicked on

2018-09-25 14:59:59 - [MESSAGE][PASSED] - Object: 'Object Repository/Page_Shop Styling Cremes/div_Hair' is clicked on

2018-09-25 14:59:59 - [TEST_STEP][PASSED] - click: Object: 'Object Repository/Page_Shop Styling Cremes/div_Style' is clicked on

2018-09-25 15:00:00 - [MESSAGE][PASSED] - Object: 'Object Repository/Page_Shop Styling Cremes/div_Style' is clicked on

2018-09-25 15:00:00 - [TEST_STEP][PASSED] - delay: Delayed 1 second(s)

2018-09-25 15:00:01 - [MESSAGE][PASSED] - Delayed 1 second(s)

2018-09-25 15:00:01 - [TEST_STEP][PASSED] - waitForElementVisible: Object 'Object Repository/Page_Beauty Box Subscription for Wo/a_Hairsprays' is visible

2018-09-25 15:00:01 - [MESSAGE][WARNING] - Timeout '0' is invalid. Using default page load timeout: '90'

2018-09-25 15:00:01 - [MESSAGE][PASSED] - Object 'Object Repository/Page_Beauty Box Subscription for Wo/a_Hairsprays' is visible

2018-09-25 15:00:01 - [TEST_STEP][PASSED] - waitForElementClickable: Object 'Object Repository/Page_Beauty Box Subscription for Wo/a_Hairsprays' is clickable

2018-09-25 15:00:01 - [MESSAGE][WARNING] - Timeout '0' is invalid. Using default page load timeout: '90'

2018-09-25 15:00:01 - [MESSAGE][PASSED] - Object 'Object Repository/Page_Beauty Box Subscription for Wo/a_Hairsprays' is clickable

2018-09-25 15:00:01 - [TEST_STEP][FAILED] - click: Unable to click on object 'Object Repository/Page_Beauty Box Subscription for Wo/a_Hairsprays' (Root cause: org.openqa.selenium.WebDriverException: unknown error: Element <a class="StyledLink-khUpca fgCKOS" href="/category/3385">...</a> is not clickable at point (55, 530). Other element would receive the click: <div class="Drawer__MaskDiv-VGhMm utilities__cover___WKDvY gqjSAR" style="opacity: 0;"></div>
  (Session info: chrome=69.0.3497.100)
  (Driver info: chromedriver=2.35.528161 (5b82f2d2aae0ca24b877009200ced9065a772e73),platform=Windows NT 6.1.7601 SP1 x86_64) (WARNING: The server did not provide any stacktrace information)
Command duration or timeout: 0 milliseconds
Build info: version: '3.7.1', revision: '8a0099a', time: '2017-11-06T21:07:36.161Z'
System info: host: 'PLEMKTPLACE-08', ip: '10.241.184.32', os.name: 'Windows 7', os.arch: 'amd64', os.version: '6.1', java.version: '1.8.0_181'
Driver info: com.kms.katalon.selenium.driver.CChromeDriver
Capabilities {acceptInsecureCerts: false, acceptSslCerts: false, applicationCacheEnabled: false, browserConnectionEnabled: false, browserName: chrome, chrome: {chromedriverVersion: 2.35.528161 (5b82f2d2aae0ca..., userDataDir: C:\Users\vbrooks\AppData\Lo...}, cssSelectorsEnabled: true, databaseEnabled: false, handlesAlerts: true, hasTouchScreen: false, javascriptEnabled: true, locationContextEnabled: true, mobileEmulationEnabled: false, nativeEvents: true, networkConnectionEnabled: false, pageLoadStrategy: normal, platform: XP, platformName: XP, rotatable: false, setWindowRect: true, takesHeapSnapshot: true, takesScreenshot: true, unexpectedAlertBehaviour: , unhandledPromptBehavior: , version: 69.0.3497.100, webStorageEnabled: true}
Session ID: f528897109ca8e1c26f9de5870d84608)

2018-09-25 15:00:01 - [MESSAGE][FAILED] - Unable to click on object 'Object Repository/Page_Beauty Box Subscription for Wo/a_Hairsprays' (Root cause: org.openqa.selenium.WebDriverException: unknown error: Element <a class="StyledLink-khUpca fgCKOS" href="/category/3385">...</a> is not clickable at point (55, 530). Other element would receive the click: <div class="Drawer__MaskDiv-VGhMm utilities__cover___WKDvY gqjSAR" style="opacity: 0;"></div>
  (Session info: chrome=69.0.3497.100)
  (Driver info: chromedriver=2.35.528161 (5b82f2d2aae0ca24b877009200ced9065a772e73),platform=Windows NT 6.1.7601 SP1 x86_64) (WARNING: The server did not provide any stacktrace information)
Command duration or timeout: 0 milliseconds
Build info: version: '3.7.1', revision: '8a0099a', time: '2017-11-06T21:07:36.161Z'
System info: host: 'PLEMKTPLACE-08', ip: '10.241.184.32', os.name: 'Windows 7', os.arch: 'amd64', os.version: '6.1', java.version: '1.8.0_181'
Driver info: com.kms.katalon.selenium.driver.CChromeDriver
Capabilities {acceptInsecureCerts: false, acceptSslCerts: false, applicationCacheEnabled: false, browserConnectionEnabled: false, browserName: chrome, chrome: {chromedriverVersion: 2.35.528161 (5b82f2d2aae0ca..., userDataDir: C:\Users\vbrooks\AppData\Lo...}, cssSelectorsEnabled: true, databaseEnabled: false, handlesAlerts: true, hasTouchScreen: false, javascriptEnabled: true, locationContextEnabled: true, mobileEmulationEnabled: false, nativeEvents: true, networkConnectionEnabled: false, pageLoadStrategy: normal, platform: XP, platformName: XP, rotatable: false, setWindowRect: true, takesHeapSnapshot: true, takesScreenshot: true, unexpectedAlertBehaviour: , unhandledPromptBehavior: , version: 69.0.3497.100, webStorageEnabled: true}
Session ID: f528897109ca8e1c26f9de5870d84608)]]></system-out>
         <system-err><![CDATA[2018-09-25 14:58:51 - [TEST_CASE][FAILED] - Test Cases/US mobile test/Test all Shop top-level categories for Womens Shop (Hair): Test Cases/US mobile test/Test all Shop top-level categories for Womens Shop (Hair) FAILED because (of) (Stack trace: com.kms.katalon.core.exception.StepFailedException: Unable to click on object 'Object Repository/Page_Beauty Box Subscription for Wo/a_Hairsprays' (Root cause: org.openqa.selenium.WebDriverException: unknown error: Element <a class="StyledLink-khUpca fgCKOS" href="/category/3385">...</a> is not clickable at point (55, 530). Other element would receive the click: <div class="Drawer__MaskDiv-VGhMm utilities__cover___WKDvY gqjSAR" style="opacity: 0;"></div>
  (Session info: chrome=69.0.3497.100)
  (Driver info: chromedriver=2.35.528161 (5b82f2d2aae0ca24b877009200ced9065a772e73),platform=Windows NT 6.1.7601 SP1 x86_64) (WARNING: The server did not provide any stacktrace information)
Command duration or timeout: 0 milliseconds
Build info: version: '3.7.1', revision: '8a0099a', time: '2017-11-06T21:07:36.161Z'
System info: host: 'PLEMKTPLACE-08', ip: '10.241.184.32', os.name: 'Windows 7', os.arch: 'amd64', os.version: '6.1', java.version: '1.8.0_181'
Driver info: com.kms.katalon.selenium.driver.CChromeDriver
Capabilities {acceptInsecureCerts: false, acceptSslCerts: false, applicationCacheEnabled: false, browserConnectionEnabled: false, browserName: chrome, chrome: {chromedriverVersion: 2.35.528161 (5b82f2d2aae0ca..., userDataDir: C:\Users\vbrooks\AppData\Lo...}, cssSelectorsEnabled: true, databaseEnabled: false, handlesAlerts: true, hasTouchScreen: false, javascriptEnabled: true, locationContextEnabled: true, mobileEmulationEnabled: false, nativeEvents: true, networkConnectionEnabled: false, pageLoadStrategy: normal, platform: XP, platformName: XP, rotatable: false, setWindowRect: true, takesHeapSnapshot: true, takesScreenshot: true, unexpectedAlertBehaviour: , unhandledPromptBehavior: , version: 69.0.3497.100, webStorageEnabled: true}
Session ID: f528897109ca8e1c26f9de5870d84608)
	at com.kms.katalon.core.keyword.internal.KeywordMain.stepFailed(KeywordMain.groovy:36)
	at com.kms.katalon.core.webui.keyword.internal.WebUIKeywordMain.stepFailed(WebUIKeywordMain.groovy:65)
	at com.kms.katalon.core.webui.keyword.internal.WebUIKeywordMain.runKeyword(WebUIKeywordMain.groovy:27)
	at com.kms.katalon.core.webui.keyword.builtin.ClickKeyword.click(ClickKeyword.groovy:86)
	at com.kms.katalon.core.webui.keyword.builtin.ClickKeyword.execute(ClickKeyword.groovy:67)
	at com.kms.katalon.core.keyword.internal.KeywordExecutor.executeKeywordForPlatform(KeywordExecutor.groovy:53)
	at com.kms.katalon.core.webui.keyword.WebUiBuiltInKeywords.click(WebUiBuiltInKeywords.groovy:616)
	at com.kms.katalon.core.webui.keyword.WebUiBuiltInKeywords$click$4.call(Unknown Source)
	at org.codehaus.groovy.runtime.callsite.CallSiteArray.defaultCall(CallSiteArray.java:48)
	at org.codehaus.groovy.runtime.callsite.AbstractCallSite.call(AbstractCallSite.java:113)
	at org.codehaus.groovy.runtime.callsite.AbstractCallSite.call(AbstractCallSite.java:125)
	at Script1536614341005.run(Script1536614341005.groovy:264)
	at com.kms.katalon.core.main.ScriptEngine.run(ScriptEngine.java:183)
	at com.kms.katalon.core.main.ScriptEngine.runScriptAsRawText(ScriptEngine.java:108)
	at com.kms.katalon.core.main.TestCaseExecutor.runScript(TestCaseExecutor.java:294)
	at com.kms.katalon.core.main.TestCaseExecutor.doExecute(TestCaseExecutor.java:285)
	at com.kms.katalon.core.main.TestCaseExecutor.processExecutionPhase(TestCaseExecutor.java:264)
	at com.kms.katalon.core.main.TestCaseExecutor.accessMainPhase(TestCaseExecutor.java:256)
	at com.kms.katalon.core.main.TestCaseExecutor.execute(TestCaseExecutor.java:200)
	at com.kms.katalon.core.main.TestSuiteExecutor.accessTestCaseMainPhase(TestSuiteExecutor.java:129)
	at com.kms.katalon.core.main.TestSuiteExecutor.accessTestSuiteMainPhase(TestSuiteExecutor.java:112)
	at com.kms.katalon.core.main.TestSuiteExecutor.execute(TestSuiteExecutor.java:81)
	at com.kms.katalon.core.main.TestCaseMain.startTestSuite(TestCaseMain.java:142)
	at com.kms.katalon.core.main.TestCaseMain$startTestSuite$0.call(Unknown Source)
	at org.codehaus.groovy.runtime.callsite.CallSiteArray.defaultCall(CallSiteArray.java:48)
	at org.codehaus.groovy.runtime.callsite.AbstractCallSite.call(AbstractCallSite.java:113)
	at org.codehaus.groovy.runtime.callsite.AbstractCallSite.call(AbstractCallSite.java:141)
	at TempTestSuite1537912466692.run(TempTestSuite1537912466692.groovy:36)
	at groovy.lang.GroovyShell.runScriptOrMainOrTestOrRunnable(GroovyShell.java:263)
	at groovy.lang.GroovyShell.run(GroovyShell.java:518)
	at groovy.lang.GroovyShell.run(GroovyShell.java:507)
	at groovy.ui.GroovyMain.processOnce(GroovyMain.java:653)
	at groovy.ui.GroovyMain.run(GroovyMain.java:384)
	at groovy.ui.GroovyMain.process(GroovyMain.java:370)
	at groovy.ui.GroovyMain.processArgs(GroovyMain.java:129)
	at groovy.ui.GroovyMain.main(GroovyMain.java:109)
	at sun.reflect.NativeMethodAccessorImpl.invoke0(Native Method)
	at sun.reflect.NativeMethodAccessorImpl.invoke(NativeMethodAccessorImpl.java:62)
	at sun.reflect.DelegatingMethodAccessorImpl.invoke(DelegatingMethodAccessorImpl.java:43)
	at java.lang.reflect.Method.invoke(Method.java:498)
	at org.codehaus.groovy.tools.GroovyStarter.rootLoader(GroovyStarter.java:109)
	at org.codehaus.groovy.tools.GroovyStarter.main(GroovyStarter.java:131)
)]]></system-err>
      </testcase>
      <testcase name="Test Cases/US mobile test/Test all Shop top-level categories for Womes Shop (Skin)" classname="Test Cases/US mobile test/Test all Shop top-level categories for Womes Shop (Skin)" status="FAILED">
         <failure type="FAILED" message="(Stack trace: com.kms.katalon.core.exception.StepFailedException: Unable to click on object 'Object Repository/Page_Beauty Box Subscription for Wo/a_Toners  Mists' (Root cause: org.openqa.selenium.WebDriverException: unknown error: Element &lt;a class=&quot;StyledLink-khUpca fgCKOS&quot; href=&quot;/category/7575&quot;>...&lt;/a> is not clickable at point (68, 632). Other element would receive the click: &lt;div class=&quot;Drawer__MaskDiv-VGhMm utilities__cover___WKDvY gqjSAR&quot; style=&quot;opacity: 0;&quot;>&lt;/div>
  (Session info: chrome=69.0.3497.100)
  (Driver info: chromedriver=2.35.528161 (5b82f2d2aae0ca24b877009200ced9065a772e73),platform=Windows NT 6.1.7601 SP1 x86_64) (WARNING: The server did not provide any stacktrace information)
Command duration or timeout: 0 milliseconds
Build info: version: '3.7.1', revision: '8a0099a', time: '2017-11-06T21:07:36.161Z'
System info: host: 'PLEMKTPLACE-08', ip: '10.241.184.32', os.name: 'Windows 7', os.arch: 'amd64', os.version: '6.1', java.version: '1.8.0_181'
Driver info: com.kms.katalon.selenium.driver.CChromeDriver
Capabilities {acceptInsecureCerts: false, acceptSslCerts: false, applicationCacheEnabled: false, browserConnectionEnabled: false, browserName: chrome, chrome: {chromedriverVersion: 2.35.528161 (5b82f2d2aae0ca..., userDataDir: C:\Users\vbrooks\AppData\Lo...}, cssSelectorsEnabled: true, databaseEnabled: false, handlesAlerts: true, hasTouchScreen: false, javascriptEnabled: true, locationContextEnabled: true, mobileEmulationEnabled: false, nativeEvents: true, networkConnectionEnabled: false, pageLoadStrategy: normal, platform: XP, platformName: XP, rotatable: false, setWindowRect: true, takesHeapSnapshot: true, takesScreenshot: true, unexpectedAlertBehaviour: , unhandledPromptBehavior: , version: 69.0.3497.100, webStorageEnabled: true}
Session ID: f528897109ca8e1c26f9de5870d84608)
	at com.kms.katalon.core.keyword.internal.KeywordMain.stepFailed(KeywordMain.groovy:36)
	at com.kms.katalon.core.webui.keyword.internal.WebUIKeywordMain.stepFailed(WebUIKeywordMain.groovy:65)
	at com.kms.katalon.core.webui.keyword.internal.WebUIKeywordMain.runKeyword(WebUIKeywordMain.groovy:27)
	at com.kms.katalon.core.webui.keyword.builtin.ClickKeyword.click(ClickKeyword.groovy:86)
	at com.kms.katalon.core.webui.keyword.builtin.ClickKeyword.execute(ClickKeyword.groovy:67)
	at com.kms.katalon.core.keyword.internal.KeywordExecutor.executeKeywordForPlatform(KeywordExecutor.groovy:53)
	at com.kms.katalon.core.webui.keyword.WebUiBuiltInKeywords.click(WebUiBuiltInKeywords.groovy:616)
	at com.kms.katalon.core.webui.keyword.WebUiBuiltInKeywords$click$4.call(Unknown Source)
	at org.codehaus.groovy.runtime.callsite.CallSiteArray.defaultCall(CallSiteArray.java:48)
	at org.codehaus.groovy.runtime.callsite.AbstractCallSite.call(AbstractCallSite.java:113)
	at org.codehaus.groovy.runtime.callsite.AbstractCallSite.call(AbstractCallSite.java:125)
	at Script1536617663530.run(Script1536617663530.groovy:138)
	at com.kms.katalon.core.main.ScriptEngine.run(ScriptEngine.java:183)
	at com.kms.katalon.core.main.ScriptEngine.runScriptAsRawText(ScriptEngine.java:108)
	at com.kms.katalon.core.main.TestCaseExecutor.runScript(TestCaseExecutor.java:294)
	at com.kms.katalon.core.main.TestCaseExecutor.doExecute(TestCaseExecutor.java:285)
	at com.kms.katalon.core.main.TestCaseExecutor.processExecutionPhase(TestCaseExecutor.java:264)
	at com.kms.katalon.core.main.TestCaseExecutor.accessMainPhase(TestCaseExecutor.java:256)
	at com.kms.katalon.core.main.TestCaseExecutor.execute(TestCaseExecutor.java:200)
	at com.kms.katalon.core.main.TestSuiteExecutor.accessTestCaseMainPhase(TestSuiteExecutor.java:129)
	at com.kms.katalon.core.main.TestSuiteExecutor.accessTestSuiteMainPhase(TestSuiteExecutor.java:112)
	at com.kms.katalon.core.main.TestSuiteExecutor.execute(TestSuiteExecutor.java:81)
	at com.kms.katalon.core.main.TestCaseMain.startTestSuite(TestCaseMain.java:142)
	at com.kms.katalon.core.main.TestCaseMain$startTestSuite$0.call(Unknown Source)
	at org.codehaus.groovy.runtime.callsite.CallSiteArray.defaultCall(CallSiteArray.java:48)
	at org.codehaus.groovy.runtime.callsite.AbstractCallSite.call(AbstractCallSite.java:113)
	at org.codehaus.groovy.runtime.callsite.AbstractCallSite.call(AbstractCallSite.java:141)
	at TempTestSuite1537912466692.run(TempTestSuite1537912466692.groovy:36)
	at groovy.lang.GroovyShell.runScriptOrMainOrTestOrRunnable(GroovyShell.java:263)
	at groovy.lang.GroovyShell.run(GroovyShell.java:518)
	at groovy.lang.GroovyShell.run(GroovyShell.java:507)
	at groovy.ui.GroovyMain.processOnce(GroovyMain.java:653)
	at groovy.ui.GroovyMain.run(GroovyMain.java:384)
	at groovy.ui.GroovyMain.process(GroovyMain.java:370)
	at groovy.ui.GroovyMain.processArgs(GroovyMain.java:129)
	at groovy.ui.GroovyMain.main(GroovyMain.java:109)
	at sun.reflect.NativeMethodAccessorImpl.invoke0(Native Method)
	at sun.reflect.NativeMethodAccessorImpl.invoke(NativeMethodAccessorImpl.java:62)
	at sun.reflect.DelegatingMethodAccessorImpl.invoke(DelegatingMethodAccessorImpl.java:43)
	at java.lang.reflect.Method.invoke(Method.java:498)
	at org.codehaus.groovy.tools.GroovyStarter.rootLoader(GroovyStarter.java:109)
	at org.codehaus.groovy.tools.GroovyStarter.main(GroovyStarter.java:131)
)"/>
         <system-out><![CDATA[2018-09-25 15:00:01 - [TEST_CASE][FAILED] - Test Cases/US mobile test/Test all Shop top-level categories for Womes Shop (Skin): Test Cases/US mobile test/Test all Shop top-level categories for Womes Shop (Skin) FAILED because (of) (Stack trace: com.kms.katalon.core.exception.StepFailedException: Unable to click on object 'Object Repository/Page_Beauty Box Subscription for Wo/a_Toners  Mists' (Root cause: org.openqa.selenium.WebDriverException: unknown error: Element <a class="StyledLink-khUpca fgCKOS" href="/category/7575">...</a> is not clickable at point (68, 632). Other element would receive the click: <div class="Drawer__MaskDiv-VGhMm utilities__cover___WKDvY gqjSAR" style="opacity: 0;"></div>
  (Session info: chrome=69.0.3497.100)
  (Driver info: chromedriver=2.35.528161 (5b82f2d2aae0ca24b877009200ced9065a772e73),platform=Windows NT 6.1.7601 SP1 x86_64) (WARNING: The server did not provide any stacktrace information)
Command duration or timeout: 0 milliseconds
Build info: version: '3.7.1', revision: '8a0099a', time: '2017-11-06T21:07:36.161Z'
System info: host: 'PLEMKTPLACE-08', ip: '10.241.184.32', os.name: 'Windows 7', os.arch: 'amd64', os.version: '6.1', java.version: '1.8.0_181'
Driver info: com.kms.katalon.selenium.driver.CChromeDriver
Capabilities {acceptInsecureCerts: false, acceptSslCerts: false, applicationCacheEnabled: false, browserConnectionEnabled: false, browserName: chrome, chrome: {chromedriverVersion: 2.35.528161 (5b82f2d2aae0ca..., userDataDir: C:\Users\vbrooks\AppData\Lo...}, cssSelectorsEnabled: true, databaseEnabled: false, handlesAlerts: true, hasTouchScreen: false, javascriptEnabled: true, locationContextEnabled: true, mobileEmulationEnabled: false, nativeEvents: true, networkConnectionEnabled: false, pageLoadStrategy: normal, platform: XP, platformName: XP, rotatable: false, setWindowRect: true, takesHeapSnapshot: true, takesScreenshot: true, unexpectedAlertBehaviour: , unhandledPromptBehavior: , version: 69.0.3497.100, webStorageEnabled: true}
Session ID: f528897109ca8e1c26f9de5870d84608)
	at com.kms.katalon.core.keyword.internal.KeywordMain.stepFailed(KeywordMain.groovy:36)
	at com.kms.katalon.core.webui.keyword.internal.WebUIKeywordMain.stepFailed(WebUIKeywordMain.groovy:65)
	at com.kms.katalon.core.webui.keyword.internal.WebUIKeywordMain.runKeyword(WebUIKeywordMain.groovy:27)
	at com.kms.katalon.core.webui.keyword.builtin.ClickKeyword.click(ClickKeyword.groovy:86)
	at com.kms.katalon.core.webui.keyword.builtin.ClickKeyword.execute(ClickKeyword.groovy:67)
	at com.kms.katalon.core.keyword.internal.KeywordExecutor.executeKeywordForPlatform(KeywordExecutor.groovy:53)
	at com.kms.katalon.core.webui.keyword.WebUiBuiltInKeywords.click(WebUiBuiltInKeywords.groovy:616)
	at com.kms.katalon.core.webui.keyword.WebUiBuiltInKeywords$click$4.call(Unknown Source)
	at org.codehaus.groovy.runtime.callsite.CallSiteArray.defaultCall(CallSiteArray.java:48)
	at org.codehaus.groovy.runtime.callsite.AbstractCallSite.call(AbstractCallSite.java:113)
	at org.codehaus.groovy.runtime.callsite.AbstractCallSite.call(AbstractCallSite.java:125)
	at Script1536617663530.run(Script1536617663530.groovy:138)
	at com.kms.katalon.core.main.ScriptEngine.run(ScriptEngine.java:183)
	at com.kms.katalon.core.main.ScriptEngine.runScriptAsRawText(ScriptEngine.java:108)
	at com.kms.katalon.core.main.TestCaseExecutor.runScript(TestCaseExecutor.java:294)
	at com.kms.katalon.core.main.TestCaseExecutor.doExecute(TestCaseExecutor.java:285)
	at com.kms.katalon.core.main.TestCaseExecutor.processExecutionPhase(TestCaseExecutor.java:264)
	at com.kms.katalon.core.main.TestCaseExecutor.accessMainPhase(TestCaseExecutor.java:256)
	at com.kms.katalon.core.main.TestCaseExecutor.execute(TestCaseExecutor.java:200)
	at com.kms.katalon.core.main.TestSuiteExecutor.accessTestCaseMainPhase(TestSuiteExecutor.java:129)
	at com.kms.katalon.core.main.TestSuiteExecutor.accessTestSuiteMainPhase(TestSuiteExecutor.java:112)
	at com.kms.katalon.core.main.TestSuiteExecutor.execute(TestSuiteExecutor.java:81)
	at com.kms.katalon.core.main.TestCaseMain.startTestSuite(TestCaseMain.java:142)
	at com.kms.katalon.core.main.TestCaseMain$startTestSuite$0.call(Unknown Source)
	at org.codehaus.groovy.runtime.callsite.CallSiteArray.defaultCall(CallSiteArray.java:48)
	at org.codehaus.groovy.runtime.callsite.AbstractCallSite.call(AbstractCallSite.java:113)
	at org.codehaus.groovy.runtime.callsite.AbstractCallSite.call(AbstractCallSite.java:141)
	at TempTestSuite1537912466692.run(TempTestSuite1537912466692.groovy:36)
	at groovy.lang.GroovyShell.runScriptOrMainOrTestOrRunnable(GroovyShell.java:263)
	at groovy.lang.GroovyShell.run(GroovyShell.java:518)
	at groovy.lang.GroovyShell.run(GroovyShell.java:507)
	at groovy.ui.GroovyMain.processOnce(GroovyMain.java:653)
	at groovy.ui.GroovyMain.run(GroovyMain.java:384)
	at groovy.ui.GroovyMain.process(GroovyMain.java:370)
	at groovy.ui.GroovyMain.processArgs(GroovyMain.java:129)
	at groovy.ui.GroovyMain.main(GroovyMain.java:109)
	at sun.reflect.NativeMethodAccessorImpl.invoke0(Native Method)
	at sun.reflect.NativeMethodAccessorImpl.invoke(NativeMethodAccessorImpl.java:62)
	at sun.reflect.DelegatingMethodAccessorImpl.invoke(DelegatingMethodAccessorImpl.java:43)
	at java.lang.reflect.Method.invoke(Method.java:498)
	at org.codehaus.groovy.tools.GroovyStarter.rootLoader(GroovyStarter.java:109)
	at org.codehaus.groovy.tools.GroovyStarter.main(GroovyStarter.java:131)
)

2018-09-25 15:00:02 - [TEST_STEP][NOT_RUN] - callTestCase: NOT_RUN: callTestCase

2018-09-25 15:00:02 - [MESSAGE][NOT_RUN] - NOT_RUN: callTestCase

2018-09-25 15:00:02 - [TEST_STEP][PASSED] - delay: Delayed 1 second(s)

2018-09-25 15:00:03 - [MESSAGE][PASSED] - Delayed 1 second(s)

2018-09-25 15:00:03 - [TEST_STEP][PASSED] - click: Object: 'Object Repository/Page_Beauty Box Subscription for Wo/svg_ 2018 Birchbox_icon__svg__' is clicked on

2018-09-25 15:00:03 - [MESSAGE][PASSED] - Object: 'Object Repository/Page_Beauty Box Subscription for Wo/svg_ 2018 Birchbox_icon__svg__' is clicked on

2018-09-25 15:00:03 - [TEST_STEP][PASSED] - delay: Delayed 2 second(s)

2018-09-25 15:00:05 - [MESSAGE][PASSED] - Delayed 2 second(s)

2018-09-25 15:00:05 - [TEST_STEP][PASSED] - click: Object: 'Object Repository/Page_Beauty Box Subscription for Wo/div_Skin' is clicked on

2018-09-25 15:00:05 - [MESSAGE][PASSED] - Object: 'Object Repository/Page_Beauty Box Subscription for Wo/div_Skin' is clicked on

2018-09-25 15:00:05 - [TEST_STEP][PASSED] - click: Object: 'Object Repository/Page_Beauty Box Subscription for Wo/div_Cleanse' is clicked on

2018-09-25 15:00:06 - [MESSAGE][PASSED] - Object: 'Object Repository/Page_Beauty Box Subscription for Wo/div_Cleanse' is clicked on

2018-09-25 15:00:06 - [TEST_STEP][PASSED] - delay: Delayed 1 second(s)

2018-09-25 15:00:07 - [MESSAGE][PASSED] - Delayed 1 second(s)

2018-09-25 15:00:07 - [TEST_STEP][PASSED] - waitForElementVisible: Object 'Object Repository/Page_Beauty Box Subscription for Wo/a_Cleansers' is visible

2018-09-25 15:00:07 - [MESSAGE][WARNING] - Timeout '0' is invalid. Using default page load timeout: '90'

2018-09-25 15:00:07 - [MESSAGE][PASSED] - Object 'Object Repository/Page_Beauty Box Subscription for Wo/a_Cleansers' is visible

2018-09-25 15:00:07 - [TEST_STEP][PASSED] - waitForElementClickable: Object 'Object Repository/Page_Beauty Box Subscription for Wo/a_Cleansers' is clickable

2018-09-25 15:00:07 - [MESSAGE][WARNING] - Timeout '0' is invalid. Using default page load timeout: '90'

2018-09-25 15:00:07 - [MESSAGE][PASSED] - Object 'Object Repository/Page_Beauty Box Subscription for Wo/a_Cleansers' is clickable

2018-09-25 15:00:07 - [TEST_STEP][PASSED] - click: Object: 'Object Repository/Page_Beauty Box Subscription for Wo/a_Cleansers' is clicked on

2018-09-25 15:00:08 - [MESSAGE][PASSED] - Object: 'Object Repository/Page_Beauty Box Subscription for Wo/a_Cleansers' is clicked on

2018-09-25 15:00:08 - [TEST_STEP][PASSED] - delay: Delayed 2 second(s)

2018-09-25 15:00:10 - [MESSAGE][PASSED] - Delayed 2 second(s)

2018-09-25 15:00:10 - [TEST_STEP][PASSED] - click: Object: 'Object Repository/Page_Shop Face Cleansers/svg_ 2018 Birchbox_icon__svg__' is clicked on

2018-09-25 15:00:10 - [MESSAGE][PASSED] - Object: 'Object Repository/Page_Shop Face Cleansers/svg_ 2018 Birchbox_icon__svg__' is clicked on

2018-09-25 15:00:10 - [TEST_STEP][PASSED] - click: Object: 'Object Repository/Page_Shop Face Cleansers/div_Skin' is clicked on

2018-09-25 15:00:10 - [MESSAGE][PASSED] - Object: 'Object Repository/Page_Shop Face Cleansers/div_Skin' is clicked on

2018-09-25 15:00:10 - [TEST_STEP][PASSED] - click: Object: 'Object Repository/Page_Shop Face Cleansers/div_Cleanse' is clicked on

2018-09-25 15:00:11 - [MESSAGE][PASSED] - Object: 'Object Repository/Page_Shop Face Cleansers/div_Cleanse' is clicked on

2018-09-25 15:00:11 - [TEST_STEP][PASSED] - delay: Delayed 1 second(s)

2018-09-25 15:00:12 - [MESSAGE][PASSED] - Delayed 1 second(s)

2018-09-25 15:00:12 - [TEST_STEP][PASSED] - waitForElementVisible: Object 'Object Repository/Page_Beauty Box Subscription for Wo/a_Makeup Removers  Wipes' is visible

2018-09-25 15:00:12 - [MESSAGE][WARNING] - Timeout '0' is invalid. Using default page load timeout: '90'

2018-09-25 15:00:12 - [MESSAGE][PASSED] - Object 'Object Repository/Page_Beauty Box Subscription for Wo/a_Makeup Removers  Wipes' is visible

2018-09-25 15:00:12 - [TEST_STEP][PASSED] - waitForElementClickable: Object 'Object Repository/Page_Beauty Box Subscription for Wo/a_Makeup Removers  Wipes' is clickable

2018-09-25 15:00:12 - [MESSAGE][WARNING] - Timeout '0' is invalid. Using default page load timeout: '90'

2018-09-25 15:00:12 - [MESSAGE][PASSED] - Object 'Object Repository/Page_Beauty Box Subscription for Wo/a_Makeup Removers  Wipes' is clickable

2018-09-25 15:00:12 - [TEST_STEP][PASSED] - click: Object: 'Object Repository/Page_Beauty Box Subscription for Wo/a_Makeup Removers  Wipes' is clicked on

2018-09-25 15:00:12 - [MESSAGE][PASSED] - Object: 'Object Repository/Page_Beauty Box Subscription for Wo/a_Makeup Removers  Wipes' is clicked on

2018-09-25 15:00:12 - [TEST_STEP][PASSED] - delay: Delayed 2 second(s)

2018-09-25 15:00:14 - [MESSAGE][PASSED] - Delayed 2 second(s)

2018-09-25 15:00:14 - [TEST_STEP][PASSED] - click: Object: 'Object Repository/Page_Shop Makeup Removers and Face/svg_ 2018 Birchbox_icon__svg___1' is clicked on

2018-09-25 15:00:14 - [MESSAGE][PASSED] - Object: 'Object Repository/Page_Shop Makeup Removers and Face/svg_ 2018 Birchbox_icon__svg___1' is clicked on

2018-09-25 15:00:14 - [TEST_STEP][PASSED] - click: Object: 'Object Repository/Page_Shop Makeup Removers and Face/div_Skin' is clicked on

2018-09-25 15:00:15 - [MESSAGE][PASSED] - Object: 'Object Repository/Page_Shop Makeup Removers and Face/div_Skin' is clicked on

2018-09-25 15:00:15 - [TEST_STEP][PASSED] - click: Object: 'Object Repository/Page_Shop Makeup Removers and Face/div_Cleanse' is clicked on

2018-09-25 15:00:15 - [MESSAGE][PASSED] - Object: 'Object Repository/Page_Shop Makeup Removers and Face/div_Cleanse' is clicked on

2018-09-25 15:00:15 - [TEST_STEP][PASSED] - delay: Delayed 1 second(s)

2018-09-25 15:00:16 - [MESSAGE][PASSED] - Delayed 1 second(s)

2018-09-25 15:00:16 - [TEST_STEP][PASSED] - waitForElementVisible: Object 'Object Repository/Page_Beauty Box Subscription for Wo/a_Tools' is visible

2018-09-25 15:00:16 - [MESSAGE][WARNING] - Timeout '0' is invalid. Using default page load timeout: '90'

2018-09-25 15:00:16 - [MESSAGE][PASSED] - Object 'Object Repository/Page_Beauty Box Subscription for Wo/a_Tools' is visible

2018-09-25 15:00:16 - [TEST_STEP][PASSED] - waitForElementClickable: Object 'Object Repository/Page_Beauty Box Subscription for Wo/a_Tools' is clickable

2018-09-25 15:00:16 - [MESSAGE][WARNING] - Timeout '0' is invalid. Using default page load timeout: '90'

2018-09-25 15:00:16 - [MESSAGE][PASSED] - Object 'Object Repository/Page_Beauty Box Subscription for Wo/a_Tools' is clickable

2018-09-25 15:00:16 - [TEST_STEP][PASSED] - click: Object: 'Object Repository/Page_Beauty Box Subscription for Wo/a_Tools' is clicked on

2018-09-25 15:00:17 - [MESSAGE][PASSED] - Object: 'Object Repository/Page_Beauty Box Subscription for Wo/a_Tools' is clicked on

2018-09-25 15:00:17 - [TEST_STEP][PASSED] - delay: Delayed 2 second(s)

2018-09-25 15:00:19 - [MESSAGE][PASSED] - Delayed 2 second(s)

2018-09-25 15:00:19 - [TEST_STEP][PASSED] - click: Object: 'Object Repository/Page_Shop Skincare Tools/svg_ 2018 Birchbox_icon__svg__' is clicked on

2018-09-25 15:00:19 - [MESSAGE][PASSED] - Object: 'Object Repository/Page_Shop Skincare Tools/svg_ 2018 Birchbox_icon__svg__' is clicked on

2018-09-25 15:00:19 - [TEST_STEP][PASSED] - click: Object: 'Object Repository/Page_Shop Skincare Tools/div_Skin' is clicked on

2018-09-25 15:00:19 - [MESSAGE][PASSED] - Object: 'Object Repository/Page_Shop Skincare Tools/div_Skin' is clicked on

2018-09-25 15:00:19 - [TEST_STEP][PASSED] - click: Object: 'Object Repository/Page_Shop Skincare Tools/div_Treat' is clicked on

2018-09-25 15:00:20 - [MESSAGE][PASSED] - Object: 'Object Repository/Page_Shop Skincare Tools/div_Treat' is clicked on

2018-09-25 15:00:20 - [TEST_STEP][PASSED] - delay: Delayed 1 second(s)

2018-09-25 15:00:21 - [MESSAGE][PASSED] - Delayed 1 second(s)

2018-09-25 15:00:21 - [TEST_STEP][PASSED] - waitForElementVisible: Object 'Object Repository/Page_Beauty Box Subscription for Wo/a_Exfoliators  Scrubs' is visible

2018-09-25 15:00:21 - [MESSAGE][WARNING] - Timeout '0' is invalid. Using default page load timeout: '90'

2018-09-25 15:00:21 - [MESSAGE][PASSED] - Object 'Object Repository/Page_Beauty Box Subscription for Wo/a_Exfoliators  Scrubs' is visible

2018-09-25 15:00:21 - [TEST_STEP][PASSED] - waitForElementClickable: Object 'Object Repository/Page_Beauty Box Subscription for Wo/a_Exfoliators  Scrubs' is clickable

2018-09-25 15:00:21 - [MESSAGE][WARNING] - Timeout '0' is invalid. Using default page load timeout: '90'

2018-09-25 15:00:21 - [MESSAGE][PASSED] - Object 'Object Repository/Page_Beauty Box Subscription for Wo/a_Exfoliators  Scrubs' is clickable

2018-09-25 15:00:21 - [TEST_STEP][PASSED] - click: Object: 'Object Repository/Page_Beauty Box Subscription for Wo/a_Exfoliators  Scrubs' is clicked on

2018-09-25 15:00:21 - [MESSAGE][PASSED] - Object: 'Object Repository/Page_Beauty Box Subscription for Wo/a_Exfoliators  Scrubs' is clicked on

2018-09-25 15:00:21 - [TEST_STEP][PASSED] - delay: Delayed 2 second(s)

2018-09-25 15:00:23 - [MESSAGE][PASSED] - Delayed 2 second(s)

2018-09-25 15:00:23 - [TEST_STEP][PASSED] - click: Object: 'Object Repository/Page_Shop Exfoliators/svg_ 2018 Birchbox_icon__svg__' is clicked on

2018-09-25 15:00:24 - [MESSAGE][PASSED] - Object: 'Object Repository/Page_Shop Exfoliators/svg_ 2018 Birchbox_icon__svg__' is clicked on

2018-09-25 15:00:24 - [TEST_STEP][PASSED] - click: Object: 'Object Repository/Page_Shop Exfoliators/div_Skin' is clicked on

2018-09-25 15:00:24 - [MESSAGE][PASSED] - Object: 'Object Repository/Page_Shop Exfoliators/div_Skin' is clicked on

2018-09-25 15:00:24 - [TEST_STEP][PASSED] - click: Object: 'Object Repository/Page_Shop Exfoliators/div_Treat' is clicked on

2018-09-25 15:00:25 - [MESSAGE][PASSED] - Object: 'Object Repository/Page_Shop Exfoliators/div_Treat' is clicked on

2018-09-25 15:00:25 - [TEST_STEP][PASSED] - delay: Delayed 1 second(s)

2018-09-25 15:00:26 - [MESSAGE][PASSED] - Delayed 1 second(s)

2018-09-25 15:00:26 - [TEST_STEP][PASSED] - waitForElementVisible: Object 'Object Repository/Page_Beauty Box Subscription for Wo/a_Face Masks  Sheet Masks' is visible

2018-09-25 15:00:26 - [MESSAGE][WARNING] - Timeout '0' is invalid. Using default page load timeout: '90'

2018-09-25 15:00:26 - [MESSAGE][PASSED] - Object 'Object Repository/Page_Beauty Box Subscription for Wo/a_Face Masks  Sheet Masks' is visible

2018-09-25 15:00:26 - [TEST_STEP][PASSED] - waitForElementClickable: Object 'Object Repository/Page_Beauty Box Subscription for Wo/a_Face Masks  Sheet Masks' is clickable

2018-09-25 15:00:26 - [MESSAGE][WARNING] - Timeout '0' is invalid. Using default page load timeout: '90'

2018-09-25 15:00:26 - [MESSAGE][PASSED] - Object 'Object Repository/Page_Beauty Box Subscription for Wo/a_Face Masks  Sheet Masks' is clickable

2018-09-25 15:00:26 - [TEST_STEP][PASSED] - click: Object: 'Object Repository/Page_Beauty Box Subscription for Wo/a_Face Masks  Sheet Masks' is clicked on

2018-09-25 15:00:26 - [MESSAGE][PASSED] - Object: 'Object Repository/Page_Beauty Box Subscription for Wo/a_Face Masks  Sheet Masks' is clicked on

2018-09-25 15:00:26 - [TEST_STEP][PASSED] - delay: Delayed 2 second(s)

2018-09-25 15:00:28 - [MESSAGE][PASSED] - Delayed 2 second(s)

2018-09-25 15:00:28 - [TEST_STEP][PASSED] - click: Object: 'Object Repository/Page_Shop Face Masks and Sheet Mask/svg_ 2018 Birchbox_icon__svg__' is clicked on

2018-09-25 15:00:28 - [MESSAGE][PASSED] - Object: 'Object Repository/Page_Shop Face Masks and Sheet Mask/svg_ 2018 Birchbox_icon__svg__' is clicked on

2018-09-25 15:00:28 - [TEST_STEP][PASSED] - click: Object: 'Object Repository/Page_Shop Face Masks and Sheet Mask/div_Skin' is clicked on

2018-09-25 15:00:29 - [MESSAGE][PASSED] - Object: 'Object Repository/Page_Shop Face Masks and Sheet Mask/div_Skin' is clicked on

2018-09-25 15:00:29 - [TEST_STEP][PASSED] - click: Object: 'Object Repository/Page_Shop Face Masks and Sheet Mask/div_Treat' is clicked on

2018-09-25 15:00:29 - [MESSAGE][PASSED] - Object: 'Object Repository/Page_Shop Face Masks and Sheet Mask/div_Treat' is clicked on

2018-09-25 15:00:29 - [TEST_STEP][PASSED] - delay: Delayed 1 second(s)

2018-09-25 15:00:30 - [MESSAGE][PASSED] - Delayed 1 second(s)

2018-09-25 15:00:30 - [TEST_STEP][PASSED] - waitForElementVisible: Object 'Object Repository/Page_Beauty Box Subscription for Wo/a_Peels' is visible

2018-09-25 15:00:30 - [MESSAGE][WARNING] - Timeout '0' is invalid. Using default page load timeout: '90'

2018-09-25 15:00:31 - [MESSAGE][PASSED] - Object 'Object Repository/Page_Beauty Box Subscription for Wo/a_Peels' is visible

2018-09-25 15:00:31 - [TEST_STEP][PASSED] - waitForElementClickable: Object 'Object Repository/Page_Beauty Box Subscription for Wo/a_Peels' is clickable

2018-09-25 15:00:31 - [MESSAGE][WARNING] - Timeout '0' is invalid. Using default page load timeout: '90'

2018-09-25 15:00:31 - [MESSAGE][PASSED] - Object 'Object Repository/Page_Beauty Box Subscription for Wo/a_Peels' is clickable

2018-09-25 15:00:31 - [TEST_STEP][PASSED] - click: Object: 'Object Repository/Page_Beauty Box Subscription for Wo/a_Peels' is clicked on

2018-09-25 15:00:31 - [MESSAGE][PASSED] - Object: 'Object Repository/Page_Beauty Box Subscription for Wo/a_Peels' is clicked on

2018-09-25 15:00:31 - [TEST_STEP][PASSED] - delay: Delayed 2 second(s)

2018-09-25 15:00:33 - [MESSAGE][PASSED] - Delayed 2 second(s)

2018-09-25 15:00:33 - [TEST_STEP][PASSED] - click: Object: 'Object Repository/Page_Shop Facial Peels/svg_ 2018 Birchbox_icon__svg__' is clicked on

2018-09-25 15:00:33 - [MESSAGE][PASSED] - Object: 'Object Repository/Page_Shop Facial Peels/svg_ 2018 Birchbox_icon__svg__' is clicked on

2018-09-25 15:00:33 - [TEST_STEP][PASSED] - click: Object: 'Object Repository/Page_Shop Facial Peels/div_Skin' is clicked on

2018-09-25 15:00:34 - [MESSAGE][PASSED] - Object: 'Object Repository/Page_Shop Facial Peels/div_Skin' is clicked on

2018-09-25 15:00:34 - [TEST_STEP][PASSED] - click: Object: 'Object Repository/Page_Shop Facial Peels/div_Treat' is clicked on

2018-09-25 15:00:34 - [MESSAGE][PASSED] - Object: 'Object Repository/Page_Shop Facial Peels/div_Treat' is clicked on

2018-09-25 15:00:34 - [TEST_STEP][PASSED] - delay: Delayed 1 second(s)

2018-09-25 15:00:35 - [MESSAGE][PASSED] - Delayed 1 second(s)

2018-09-25 15:00:35 - [TEST_STEP][PASSED] - waitForElementVisible: Object 'Object Repository/Page_Beauty Box Subscription for Wo/a_Toners  Mists' is visible

2018-09-25 15:00:35 - [MESSAGE][WARNING] - Timeout '0' is invalid. Using default page load timeout: '90'

2018-09-25 15:00:35 - [MESSAGE][PASSED] - Object 'Object Repository/Page_Beauty Box Subscription for Wo/a_Toners  Mists' is visible

2018-09-25 15:00:35 - [TEST_STEP][PASSED] - waitForElementClickable: Object 'Object Repository/Page_Beauty Box Subscription for Wo/a_Toners  Mists' is clickable

2018-09-25 15:00:35 - [MESSAGE][WARNING] - Timeout '0' is invalid. Using default page load timeout: '90'

2018-09-25 15:00:35 - [MESSAGE][PASSED] - Object 'Object Repository/Page_Beauty Box Subscription for Wo/a_Toners  Mists' is clickable

2018-09-25 15:00:35 - [TEST_STEP][FAILED] - click: Unable to click on object 'Object Repository/Page_Beauty Box Subscription for Wo/a_Toners  Mists' (Root cause: org.openqa.selenium.WebDriverException: unknown error: Element <a class="StyledLink-khUpca fgCKOS" href="/category/7575">...</a> is not clickable at point (68, 632). Other element would receive the click: <div class="Drawer__MaskDiv-VGhMm utilities__cover___WKDvY gqjSAR" style="opacity: 0;"></div>
  (Session info: chrome=69.0.3497.100)
  (Driver info: chromedriver=2.35.528161 (5b82f2d2aae0ca24b877009200ced9065a772e73),platform=Windows NT 6.1.7601 SP1 x86_64) (WARNING: The server did not provide any stacktrace information)
Command duration or timeout: 0 milliseconds
Build info: version: '3.7.1', revision: '8a0099a', time: '2017-11-06T21:07:36.161Z'
System info: host: 'PLEMKTPLACE-08', ip: '10.241.184.32', os.name: 'Windows 7', os.arch: 'amd64', os.version: '6.1', java.version: '1.8.0_181'
Driver info: com.kms.katalon.selenium.driver.CChromeDriver
Capabilities {acceptInsecureCerts: false, acceptSslCerts: false, applicationCacheEnabled: false, browserConnectionEnabled: false, browserName: chrome, chrome: {chromedriverVersion: 2.35.528161 (5b82f2d2aae0ca..., userDataDir: C:\Users\vbrooks\AppData\Lo...}, cssSelectorsEnabled: true, databaseEnabled: false, handlesAlerts: true, hasTouchScreen: false, javascriptEnabled: true, locationContextEnabled: true, mobileEmulationEnabled: false, nativeEvents: true, networkConnectionEnabled: false, pageLoadStrategy: normal, platform: XP, platformName: XP, rotatable: false, setWindowRect: true, takesHeapSnapshot: true, takesScreenshot: true, unexpectedAlertBehaviour: , unhandledPromptBehavior: , version: 69.0.3497.100, webStorageEnabled: true}
Session ID: f528897109ca8e1c26f9de5870d84608)

2018-09-25 15:00:36 - [MESSAGE][FAILED] - Unable to click on object 'Object Repository/Page_Beauty Box Subscription for Wo/a_Toners  Mists' (Root cause: org.openqa.selenium.WebDriverException: unknown error: Element <a class="StyledLink-khUpca fgCKOS" href="/category/7575">...</a> is not clickable at point (68, 632). Other element would receive the click: <div class="Drawer__MaskDiv-VGhMm utilities__cover___WKDvY gqjSAR" style="opacity: 0;"></div>
  (Session info: chrome=69.0.3497.100)
  (Driver info: chromedriver=2.35.528161 (5b82f2d2aae0ca24b877009200ced9065a772e73),platform=Windows NT 6.1.7601 SP1 x86_64) (WARNING: The server did not provide any stacktrace information)
Command duration or timeout: 0 milliseconds
Build info: version: '3.7.1', revision: '8a0099a', time: '2017-11-06T21:07:36.161Z'
System info: host: 'PLEMKTPLACE-08', ip: '10.241.184.32', os.name: 'Windows 7', os.arch: 'amd64', os.version: '6.1', java.version: '1.8.0_181'
Driver info: com.kms.katalon.selenium.driver.CChromeDriver
Capabilities {acceptInsecureCerts: false, acceptSslCerts: false, applicationCacheEnabled: false, browserConnectionEnabled: false, browserName: chrome, chrome: {chromedriverVersion: 2.35.528161 (5b82f2d2aae0ca..., userDataDir: C:\Users\vbrooks\AppData\Lo...}, cssSelectorsEnabled: true, databaseEnabled: false, handlesAlerts: true, hasTouchScreen: false, javascriptEnabled: true, locationContextEnabled: true, mobileEmulationEnabled: false, nativeEvents: true, networkConnectionEnabled: false, pageLoadStrategy: normal, platform: XP, platformName: XP, rotatable: false, setWindowRect: true, takesHeapSnapshot: true, takesScreenshot: true, unexpectedAlertBehaviour: , unhandledPromptBehavior: , version: 69.0.3497.100, webStorageEnabled: true}
Session ID: f528897109ca8e1c26f9de5870d84608)]]></system-out>
         <system-err><![CDATA[2018-09-25 15:00:01 - [TEST_CASE][FAILED] - Test Cases/US mobile test/Test all Shop top-level categories for Womes Shop (Skin): Test Cases/US mobile test/Test all Shop top-level categories for Womes Shop (Skin) FAILED because (of) (Stack trace: com.kms.katalon.core.exception.StepFailedException: Unable to click on object 'Object Repository/Page_Beauty Box Subscription for Wo/a_Toners  Mists' (Root cause: org.openqa.selenium.WebDriverException: unknown error: Element <a class="StyledLink-khUpca fgCKOS" href="/category/7575">...</a> is not clickable at point (68, 632). Other element would receive the click: <div class="Drawer__MaskDiv-VGhMm utilities__cover___WKDvY gqjSAR" style="opacity: 0;"></div>
  (Session info: chrome=69.0.3497.100)
  (Driver info: chromedriver=2.35.528161 (5b82f2d2aae0ca24b877009200ced9065a772e73),platform=Windows NT 6.1.7601 SP1 x86_64) (WARNING: The server did not provide any stacktrace information)
Command duration or timeout: 0 milliseconds
Build info: version: '3.7.1', revision: '8a0099a', time: '2017-11-06T21:07:36.161Z'
System info: host: 'PLEMKTPLACE-08', ip: '10.241.184.32', os.name: 'Windows 7', os.arch: 'amd64', os.version: '6.1', java.version: '1.8.0_181'
Driver info: com.kms.katalon.selenium.driver.CChromeDriver
Capabilities {acceptInsecureCerts: false, acceptSslCerts: false, applicationCacheEnabled: false, browserConnectionEnabled: false, browserName: chrome, chrome: {chromedriverVersion: 2.35.528161 (5b82f2d2aae0ca..., userDataDir: C:\Users\vbrooks\AppData\Lo...}, cssSelectorsEnabled: true, databaseEnabled: false, handlesAlerts: true, hasTouchScreen: false, javascriptEnabled: true, locationContextEnabled: true, mobileEmulationEnabled: false, nativeEvents: true, networkConnectionEnabled: false, pageLoadStrategy: normal, platform: XP, platformName: XP, rotatable: false, setWindowRect: true, takesHeapSnapshot: true, takesScreenshot: true, unexpectedAlertBehaviour: , unhandledPromptBehavior: , version: 69.0.3497.100, webStorageEnabled: true}
Session ID: f528897109ca8e1c26f9de5870d84608)
	at com.kms.katalon.core.keyword.internal.KeywordMain.stepFailed(KeywordMain.groovy:36)
	at com.kms.katalon.core.webui.keyword.internal.WebUIKeywordMain.stepFailed(WebUIKeywordMain.groovy:65)
	at com.kms.katalon.core.webui.keyword.internal.WebUIKeywordMain.runKeyword(WebUIKeywordMain.groovy:27)
	at com.kms.katalon.core.webui.keyword.builtin.ClickKeyword.click(ClickKeyword.groovy:86)
	at com.kms.katalon.core.webui.keyword.builtin.ClickKeyword.execute(ClickKeyword.groovy:67)
	at com.kms.katalon.core.keyword.internal.KeywordExecutor.executeKeywordForPlatform(KeywordExecutor.groovy:53)
	at com.kms.katalon.core.webui.keyword.WebUiBuiltInKeywords.click(WebUiBuiltInKeywords.groovy:616)
	at com.kms.katalon.core.webui.keyword.WebUiBuiltInKeywords$click$4.call(Unknown Source)
	at org.codehaus.groovy.runtime.callsite.CallSiteArray.defaultCall(CallSiteArray.java:48)
	at org.codehaus.groovy.runtime.callsite.AbstractCallSite.call(AbstractCallSite.java:113)
	at org.codehaus.groovy.runtime.callsite.AbstractCallSite.call(AbstractCallSite.java:125)
	at Script1536617663530.run(Script1536617663530.groovy:138)
	at com.kms.katalon.core.main.ScriptEngine.run(ScriptEngine.java:183)
	at com.kms.katalon.core.main.ScriptEngine.runScriptAsRawText(ScriptEngine.java:108)
	at com.kms.katalon.core.main.TestCaseExecutor.runScript(TestCaseExecutor.java:294)
	at com.kms.katalon.core.main.TestCaseExecutor.doExecute(TestCaseExecutor.java:285)
	at com.kms.katalon.core.main.TestCaseExecutor.processExecutionPhase(TestCaseExecutor.java:264)
	at com.kms.katalon.core.main.TestCaseExecutor.accessMainPhase(TestCaseExecutor.java:256)
	at com.kms.katalon.core.main.TestCaseExecutor.execute(TestCaseExecutor.java:200)
	at com.kms.katalon.core.main.TestSuiteExecutor.accessTestCaseMainPhase(TestSuiteExecutor.java:129)
	at com.kms.katalon.core.main.TestSuiteExecutor.accessTestSuiteMainPhase(TestSuiteExecutor.java:112)
	at com.kms.katalon.core.main.TestSuiteExecutor.execute(TestSuiteExecutor.java:81)
	at com.kms.katalon.core.main.TestCaseMain.startTestSuite(TestCaseMain.java:142)
	at com.kms.katalon.core.main.TestCaseMain$startTestSuite$0.call(Unknown Source)
	at org.codehaus.groovy.runtime.callsite.CallSiteArray.defaultCall(CallSiteArray.java:48)
	at org.codehaus.groovy.runtime.callsite.AbstractCallSite.call(AbstractCallSite.java:113)
	at org.codehaus.groovy.runtime.callsite.AbstractCallSite.call(AbstractCallSite.java:141)
	at TempTestSuite1537912466692.run(TempTestSuite1537912466692.groovy:36)
	at groovy.lang.GroovyShell.runScriptOrMainOrTestOrRunnable(GroovyShell.java:263)
	at groovy.lang.GroovyShell.run(GroovyShell.java:518)
	at groovy.lang.GroovyShell.run(GroovyShell.java:507)
	at groovy.ui.GroovyMain.processOnce(GroovyMain.java:653)
	at groovy.ui.GroovyMain.run(GroovyMain.java:384)
	at groovy.ui.GroovyMain.process(GroovyMain.java:370)
	at groovy.ui.GroovyMain.processArgs(GroovyMain.java:129)
	at groovy.ui.GroovyMain.main(GroovyMain.java:109)
	at sun.reflect.NativeMethodAccessorImpl.invoke0(Native Method)
	at sun.reflect.NativeMethodAccessorImpl.invoke(NativeMethodAccessorImpl.java:62)
	at sun.reflect.DelegatingMethodAccessorImpl.invoke(DelegatingMethodAccessorImpl.java:43)
	at java.lang.reflect.Method.invoke(Method.java:498)
	at org.codehaus.groovy.tools.GroovyStarter.rootLoader(GroovyStarter.java:109)
	at org.codehaus.groovy.tools.GroovyStarter.main(GroovyStarter.java:131)
)]]></system-err>
      </testcase>
      <system-out><![CDATA[2018-09-25 14:54:29 - [TEST_SUITE][FAILED] - Full Sanity Test (US, mobile): Test Cases/US mobile test/Test all Shop top-level categories for Womens Shop (Hair) FAILED because (of) (Stack trace: com.kms.katalon.core.exception.StepFailedException: Unable to click on object 'Object Repository/Page_Beauty Box Subscription for Wo/a_Hairsprays' (Root cause: org.openqa.selenium.WebDriverException: unknown error: Element <a class="StyledLink-khUpca fgCKOS" href="/category/3385">...</a> is not clickable at point (55, 530). Other element would receive the click: <div class="Drawer__MaskDiv-VGhMm utilities__cover___WKDvY gqjSAR" style="opacity: 0;"></div>
  (Session info: chrome=69.0.3497.100)
  (Driver info: chromedriver=2.35.528161 (5b82f2d2aae0ca24b877009200ced9065a772e73),platform=Windows NT 6.1.7601 SP1 x86_64) (WARNING: The server did not provide any stacktrace information)
Command duration or timeout: 0 milliseconds
Build info: version: '3.7.1', revision: '8a0099a', time: '2017-11-06T21:07:36.161Z'
System info: host: 'PLEMKTPLACE-08', ip: '10.241.184.32', os.name: 'Windows 7', os.arch: 'amd64', os.version: '6.1', java.version: '1.8.0_181'
Driver info: com.kms.katalon.selenium.driver.CChromeDriver
Capabilities {acceptInsecureCerts: false, acceptSslCerts: false, applicationCacheEnabled: false, browserConnectionEnabled: false, browserName: chrome, chrome: {chromedriverVersion: 2.35.528161 (5b82f2d2aae0ca..., userDataDir: C:\Users\vbrooks\AppData\Lo...}, cssSelectorsEnabled: true, databaseEnabled: false, handlesAlerts: true, hasTouchScreen: false, javascriptEnabled: true, locationContextEnabled: true, mobileEmulationEnabled: false, nativeEvents: true, networkConnectionEnabled: false, pageLoadStrategy: normal, platform: XP, platformName: XP, rotatable: false, setWindowRect: true, takesHeapSnapshot: true, takesScreenshot: true, unexpectedAlertBehaviour: , unhandledPromptBehavior: , version: 69.0.3497.100, webStorageEnabled: true}
Session ID: f528897109ca8e1c26f9de5870d84608)
	at com.kms.katalon.core.keyword.internal.KeywordMain.stepFailed(KeywordMain.groovy:36)
	at com.kms.katalon.core.webui.keyword.internal.WebUIKeywordMain.stepFailed(WebUIKeywordMain.groovy:65)
	at com.kms.katalon.core.webui.keyword.internal.WebUIKeywordMain.runKeyword(WebUIKeywordMain.groovy:27)
	at com.kms.katalon.core.webui.keyword.builtin.ClickKeyword.click(ClickKeyword.groovy:86)
	at com.kms.katalon.core.webui.keyword.builtin.ClickKeyword.execute(ClickKeyword.groovy:67)
	at com.kms.katalon.core.keyword.internal.KeywordExecutor.executeKeywordForPlatform(KeywordExecutor.groovy:53)
	at com.kms.katalon.core.webui.keyword.WebUiBuiltInKeywords.click(WebUiBuiltInKeywords.groovy:616)
	at com.kms.katalon.core.webui.keyword.WebUiBuiltInKeywords$click$4.call(Unknown Source)
	at org.codehaus.groovy.runtime.callsite.CallSiteArray.defaultCall(CallSiteArray.java:48)
	at org.codehaus.groovy.runtime.callsite.AbstractCallSite.call(AbstractCallSite.java:113)
	at org.codehaus.groovy.runtime.callsite.AbstractCallSite.call(AbstractCallSite.java:125)
	at Script1536614341005.run(Script1536614341005.groovy:264)
	at com.kms.katalon.core.main.ScriptEngine.run(ScriptEngine.java:183)
	at com.kms.katalon.core.main.ScriptEngine.runScriptAsRawText(ScriptEngine.java:108)
	at com.kms.katalon.core.main.TestCaseExecutor.runScript(TestCaseExecutor.java:294)
	at com.kms.katalon.core.main.TestCaseExecutor.doExecute(TestCaseExecutor.java:285)
	at com.kms.katalon.core.main.TestCaseExecutor.processExecutionPhase(TestCaseExecutor.java:264)
	at com.kms.katalon.core.main.TestCaseExecutor.accessMainPhase(TestCaseExecutor.java:256)
	at com.kms.katalon.core.main.TestCaseExecutor.execute(TestCaseExecutor.java:200)
	at com.kms.katalon.core.main.TestSuiteExecutor.accessTestCaseMainPhase(TestSuiteExecutor.java:129)
	at com.kms.katalon.core.main.TestSuiteExecutor.accessTestSuiteMainPhase(TestSuiteExecutor.java:112)
	at com.kms.katalon.core.main.TestSuiteExecutor.execute(TestSuiteExecutor.java:81)
	at com.kms.katalon.core.main.TestCaseMain.startTestSuite(TestCaseMain.java:142)
	at com.kms.katalon.core.main.TestCaseMain$startTestSuite$0.call(Unknown Source)
	at org.codehaus.groovy.runtime.callsite.CallSiteArray.defaultCall(CallSiteArray.java:48)
	at org.codehaus.groovy.runtime.callsite.AbstractCallSite.call(AbstractCallSite.java:113)
	at org.codehaus.groovy.runtime.callsite.AbstractCallSite.call(AbstractCallSite.java:141)
	at TempTestSuite1537912466692.run(TempTestSuite1537912466692.groovy:36)
	at groovy.lang.GroovyShell.runScriptOrMainOrTestOrRunnable(GroovyShell.java:263)
	at groovy.lang.GroovyShell.run(GroovyShell.java:518)
	at groovy.lang.GroovyShell.run(GroovyShell.java:507)
	at groovy.ui.GroovyMain.processOnce(GroovyMain.java:653)
	at groovy.ui.GroovyMain.run(GroovyMain.java:384)
	at groovy.ui.GroovyMain.process(GroovyMain.java:370)
	at groovy.ui.GroovyMain.processArgs(GroovyMain.java:129)
	at groovy.ui.GroovyMain.main(GroovyMain.java:109)
	at sun.reflect.NativeMethodAccessorImpl.invoke0(Native Method)
	at sun.reflect.NativeMethodAccessorImpl.invoke(NativeMethodAccessorImpl.java:62)
	at sun.reflect.DelegatingMethodAccessorImpl.invoke(DelegatingMethodAccessorImpl.java:43)
	at java.lang.reflect.Method.invoke(Method.java:498)
	at org.codehaus.groovy.tools.GroovyStarter.rootLoader(GroovyStarter.java:109)
	at org.codehaus.groovy.tools.GroovyStarter.main(GroovyStarter.java:131)
)]]></system-out>
      <system-err><![CDATA[2018-09-25 14:54:29 - [TEST_SUITE][FAILED] - Full Sanity Test (US, mobile): Test Cases/US mobile test/Test all Shop top-level categories for Womens Shop (Hair) FAILED because (of) (Stack trace: com.kms.katalon.core.exception.StepFailedException: Unable to click on object 'Object Repository/Page_Beauty Box Subscription for Wo/a_Hairsprays' (Root cause: org.openqa.selenium.WebDriverException: unknown error: Element <a class="StyledLink-khUpca fgCKOS" href="/category/3385">...</a> is not clickable at point (55, 530). Other element would receive the click: <div class="Drawer__MaskDiv-VGhMm utilities__cover___WKDvY gqjSAR" style="opacity: 0;"></div>
  (Session info: chrome=69.0.3497.100)
  (Driver info: chromedriver=2.35.528161 (5b82f2d2aae0ca24b877009200ced9065a772e73),platform=Windows NT 6.1.7601 SP1 x86_64) (WARNING: The server did not provide any stacktrace information)
Command duration or timeout: 0 milliseconds
Build info: version: '3.7.1', revision: '8a0099a', time: '2017-11-06T21:07:36.161Z'
System info: host: 'PLEMKTPLACE-08', ip: '10.241.184.32', os.name: 'Windows 7', os.arch: 'amd64', os.version: '6.1', java.version: '1.8.0_181'
Driver info: com.kms.katalon.selenium.driver.CChromeDriver
Capabilities {acceptInsecureCerts: false, acceptSslCerts: false, applicationCacheEnabled: false, browserConnectionEnabled: false, browserName: chrome, chrome: {chromedriverVersion: 2.35.528161 (5b82f2d2aae0ca..., userDataDir: C:\Users\vbrooks\AppData\Lo...}, cssSelectorsEnabled: true, databaseEnabled: false, handlesAlerts: true, hasTouchScreen: false, javascriptEnabled: true, locationContextEnabled: true, mobileEmulationEnabled: false, nativeEvents: true, networkConnectionEnabled: false, pageLoadStrategy: normal, platform: XP, platformName: XP, rotatable: false, setWindowRect: true, takesHeapSnapshot: true, takesScreenshot: true, unexpectedAlertBehaviour: , unhandledPromptBehavior: , version: 69.0.3497.100, webStorageEnabled: true}
Session ID: f528897109ca8e1c26f9de5870d84608)
	at com.kms.katalon.core.keyword.internal.KeywordMain.stepFailed(KeywordMain.groovy:36)
	at com.kms.katalon.core.webui.keyword.internal.WebUIKeywordMain.stepFailed(WebUIKeywordMain.groovy:65)
	at com.kms.katalon.core.webui.keyword.internal.WebUIKeywordMain.runKeyword(WebUIKeywordMain.groovy:27)
	at com.kms.katalon.core.webui.keyword.builtin.ClickKeyword.click(ClickKeyword.groovy:86)
	at com.kms.katalon.core.webui.keyword.builtin.ClickKeyword.execute(ClickKeyword.groovy:67)
	at com.kms.katalon.core.keyword.internal.KeywordExecutor.executeKeywordForPlatform(KeywordExecutor.groovy:53)
	at com.kms.katalon.core.webui.keyword.WebUiBuiltInKeywords.click(WebUiBuiltInKeywords.groovy:616)
	at com.kms.katalon.core.webui.keyword.WebUiBuiltInKeywords$click$4.call(Unknown Source)
	at org.codehaus.groovy.runtime.callsite.CallSiteArray.defaultCall(CallSiteArray.java:48)
	at org.codehaus.groovy.runtime.callsite.AbstractCallSite.call(AbstractCallSite.java:113)
	at org.codehaus.groovy.runtime.callsite.AbstractCallSite.call(AbstractCallSite.java:125)
	at Script1536614341005.run(Script1536614341005.groovy:264)
	at com.kms.katalon.core.main.ScriptEngine.run(ScriptEngine.java:183)
	at com.kms.katalon.core.main.ScriptEngine.runScriptAsRawText(ScriptEngine.java:108)
	at com.kms.katalon.core.main.TestCaseExecutor.runScript(TestCaseExecutor.java:294)
	at com.kms.katalon.core.main.TestCaseExecutor.doExecute(TestCaseExecutor.java:285)
	at com.kms.katalon.core.main.TestCaseExecutor.processExecutionPhase(TestCaseExecutor.java:264)
	at com.kms.katalon.core.main.TestCaseExecutor.accessMainPhase(TestCaseExecutor.java:256)
	at com.kms.katalon.core.main.TestCaseExecutor.execute(TestCaseExecutor.java:200)
	at com.kms.katalon.core.main.TestSuiteExecutor.accessTestCaseMainPhase(TestSuiteExecutor.java:129)
	at com.kms.katalon.core.main.TestSuiteExecutor.accessTestSuiteMainPhase(TestSuiteExecutor.java:112)
	at com.kms.katalon.core.main.TestSuiteExecutor.execute(TestSuiteExecutor.java:81)
	at com.kms.katalon.core.main.TestCaseMain.startTestSuite(TestCaseMain.java:142)
	at com.kms.katalon.core.main.TestCaseMain$startTestSuite$0.call(Unknown Source)
	at org.codehaus.groovy.runtime.callsite.CallSiteArray.defaultCall(CallSiteArray.java:48)
	at org.codehaus.groovy.runtime.callsite.AbstractCallSite.call(AbstractCallSite.java:113)
	at org.codehaus.groovy.runtime.callsite.AbstractCallSite.call(AbstractCallSite.java:141)
	at TempTestSuite1537912466692.run(TempTestSuite1537912466692.groovy:36)
	at groovy.lang.GroovyShell.runScriptOrMainOrTestOrRunnable(GroovyShell.java:263)
	at groovy.lang.GroovyShell.run(GroovyShell.java:518)
	at groovy.lang.GroovyShell.run(GroovyShell.java:507)
	at groovy.ui.GroovyMain.processOnce(GroovyMain.java:653)
	at groovy.ui.GroovyMain.run(GroovyMain.java:384)
	at groovy.ui.GroovyMain.process(GroovyMain.java:370)
	at groovy.ui.GroovyMain.processArgs(GroovyMain.java:129)
	at groovy.ui.GroovyMain.main(GroovyMain.java:109)
	at sun.reflect.NativeMethodAccessorImpl.invoke0(Native Method)
	at sun.reflect.NativeMethodAccessorImpl.invoke(NativeMethodAccessorImpl.java:62)
	at sun.reflect.DelegatingMethodAccessorImpl.invoke(DelegatingMethodAccessorImpl.java:43)
	at java.lang.reflect.Method.invoke(Method.java:498)
	at org.codehaus.groovy.tools.GroovyStarter.rootLoader(GroovyStarter.java:109)
	at org.codehaus.groovy.tools.GroovyStarter.main(GroovyStarter.java:131)
)]]></system-err>
   </testsuite>
</testsuites>
