<?xml version="1.0" encoding="UTF-8"?>
<testsuites name="Full Sanity Test (US, mobile)" time="395" tests="1" failures="3" errors="0">
   <testsuite name="Full Sanity Test (US, mobile)" tests="1" failures="3" errors="0" time="395" timestamp="2018-09-24 11:30:42" hostname="vbrooks - PLEMKTPLACE-08.esa.winadroot.com" id="Test Suites/Full Sanity Test (US, mobile)">
      <properties>
         <property name="deviceName" value=""/>
         <property name="devicePlatform" value=""/>
         <property name="logFolder" value="C:\\Users\\vbrooks\\Katalon Studio\\Birchbox\\Reports\\Full Sanity Test (US, mobile)\\20180924_113040"/>
         <property name="logFiles" value="C:\\Users\\vbrooks\\Katalon Studio\\Birchbox\\Reports\\Full Sanity Test (US, mobile)\\20180924_113040\\execution0.log"/>
         <property name="attachments" value=""/>
         <property name="hostName" value="vbrooks - PLEMKTPLACE-08.esa.winadroot.com"/>
         <property name="os" value="Windows 7 64bit"/>
         <property name="katalonVersion" value="5.7.1.1"/>
         <property name="browser" value="Chrome 69.0.3497.100"/>
         <property name="hostAddress" value="10.241.184.32"/>
         <property name="sessionId" value="9f621557be015284066699ff6113259a"/>
         <property name="seleniumVersion" value="3.7.1"/>
         <property name="proxyInformation" value="ProxyInformation{proxyOption=NO_PROXY, proxyServerType=HTTP, password=, proxyServerAddress=, proxyServerPort=0}"/>
         <property name="platform" value="Windows 7"/>
      </properties>
      <testcase name="Test Cases/US mobile test/Launch the Birchbox site in the required locale - US (www.staging.birchbox.com)" classname="Test Cases/US mobile test/Launch the Birchbox site in the required locale - US (www.staging.birchbox.com)" status="PASSED">
         <system-out><![CDATA[2018-09-24 11:30:43 - [TEST_CASE][PASSED] - Test Cases/US mobile test/Launch the Birchbox site in the required locale - US (www.staging.birchbox.com): Test Cases/US mobile test/Launch the Birchbox site in the required locale - US (www.staging.birchbox.com)

2018-09-24 11:30:43 - [TEST_STEP][PASSED] - openBrowser: Browser is opened with url: ''

2018-09-24 11:30:48 - [MESSAGE][PASSED] - Browser is opened with url: ''

2018-09-24 11:30:48 - [TEST_STEP][PASSED] - Statement - viewportHeight = com.kms.katalon.core.webui.keyword.WebUiBuiltInKeywords.getViewportHeight(): Viewport height is 707

2018-09-24 11:30:48 - [MESSAGE][PASSED] - Viewport height is 707

2018-09-24 11:30:48 - [TEST_STEP][PASSED] - Statement - viewportWidth = com.kms.katalon.core.webui.keyword.WebUiBuiltInKeywords.getViewportWidth(): Viewport width is 1040

2018-09-24 11:30:48 - [MESSAGE][PASSED] - Viewport width is 1040

2018-09-24 11:30:48 - [TEST_STEP][PASSED] - Statement - println("Browser size: " + viewportWidth + "X" + viewportHeight): null

2018-09-24 11:30:48 - [TEST_STEP][PASSED] - navigateToUrl: Navigate to 'https://www.staging.birchbox.com' successfully

2018-09-24 11:30:51 - [MESSAGE][PASSED] - Navigate to 'https://www.staging.birchbox.com' successfully

2018-09-24 11:30:51 - [TEST_STEP][PASSED] - Statement - If (viewportWidth > 1000): Viewport is set to new size with width = 400 and height = 900

2018-09-24 11:30:51 - [TEST_STEP][PASSED] - setViewPortSize: Viewport is set to new size with width = 400 and height = 900

2018-09-24 11:30:52 - [MESSAGE][PASSED] - Viewport is set to new size with width = 400 and height = 900

2018-09-24 11:30:52 - [TEST_STEP][PASSED] - delay: Delayed 10 second(s)

2018-09-24 11:31:02 - [MESSAGE][PASSED] - Delayed 10 second(s)

2018-09-24 11:31:02 - [TEST_STEP][PASSED] - click: Object: 'Object Repository/Page_Beauty Box Subscription for Wo/svg_icon__close_popup' is clicked on

2018-09-24 11:31:02 - [MESSAGE][PASSED] - Object: 'Object Repository/Page_Beauty Box Subscription for Wo/svg_icon__close_popup' is clicked on]]></system-out>
         <system-err><![CDATA[]]></system-err>
      </testcase>
      <testcase name="Test Cases/US mobile test/Test all Shop top-level categories for Womens Shop (Makeup)" classname="Test Cases/US mobile test/Test all Shop top-level categories for Womens Shop (Makeup)" status="FAILED">
         <failure type="FAILED" message="(Stack trace: com.kms.katalon.core.exception.StepFailedException: Unable to click on object 'Object Repository/Page_Beauty Box Subscription for Wo/a_Highlighters' (Root cause: org.openqa.selenium.WebDriverException: unknown error: Element &lt;a class=&quot;StyledLink-khUpca fgCKOS&quot; href=&quot;/category/2653&quot;>...&lt;/a> is not clickable at point (61, 632). Other element would receive the click: &lt;div class=&quot;Drawer__MaskDiv-VGhMm utilities__cover___WKDvY gqjSAR&quot; style=&quot;opacity: 0;&quot;>&lt;/div>
  (Session info: chrome=69.0.3497.100)
  (Driver info: chromedriver=2.35.528161 (5b82f2d2aae0ca24b877009200ced9065a772e73),platform=Windows NT 6.1.7601 SP1 x86_64) (WARNING: The server did not provide any stacktrace information)
Command duration or timeout: 0 milliseconds
Build info: version: '3.7.1', revision: '8a0099a', time: '2017-11-06T21:07:36.161Z'
System info: host: 'PLEMKTPLACE-08', ip: '10.241.184.32', os.name: 'Windows 7', os.arch: 'amd64', os.version: '6.1', java.version: '1.8.0_181'
Driver info: com.kms.katalon.selenium.driver.CChromeDriver
Capabilities {acceptInsecureCerts: false, acceptSslCerts: false, applicationCacheEnabled: false, browserConnectionEnabled: false, browserName: chrome, chrome: {chromedriverVersion: 2.35.528161 (5b82f2d2aae0ca..., userDataDir: C:\Users\vbrooks\AppData\Lo...}, cssSelectorsEnabled: true, databaseEnabled: false, handlesAlerts: true, hasTouchScreen: false, javascriptEnabled: true, locationContextEnabled: true, mobileEmulationEnabled: false, nativeEvents: true, networkConnectionEnabled: false, pageLoadStrategy: normal, platform: XP, platformName: XP, rotatable: false, setWindowRect: true, takesHeapSnapshot: true, takesScreenshot: true, unexpectedAlertBehaviour: , unhandledPromptBehavior: , version: 69.0.3497.100, webStorageEnabled: true}
Session ID: 9f621557be015284066699ff6113259a)
	at com.kms.katalon.core.keyword.internal.KeywordMain.stepFailed(KeywordMain.groovy:36)
	at com.kms.katalon.core.webui.keyword.internal.WebUIKeywordMain.stepFailed(WebUIKeywordMain.groovy:65)
	at com.kms.katalon.core.webui.keyword.internal.WebUIKeywordMain.runKeyword(WebUIKeywordMain.groovy:27)
	at com.kms.katalon.core.webui.keyword.builtin.ClickKeyword.click(ClickKeyword.groovy:86)
	at com.kms.katalon.core.webui.keyword.builtin.ClickKeyword.execute(ClickKeyword.groovy:67)
	at com.kms.katalon.core.keyword.internal.KeywordExecutor.executeKeywordForPlatform(KeywordExecutor.groovy:53)
	at com.kms.katalon.core.webui.keyword.WebUiBuiltInKeywords.click(WebUiBuiltInKeywords.groovy:616)
	at com.kms.katalon.core.webui.keyword.WebUiBuiltInKeywords$click$4.call(Unknown Source)
	at org.codehaus.groovy.runtime.callsite.CallSiteArray.defaultCall(CallSiteArray.java:48)
	at org.codehaus.groovy.runtime.callsite.AbstractCallSite.call(AbstractCallSite.java:113)
	at org.codehaus.groovy.runtime.callsite.AbstractCallSite.call(AbstractCallSite.java:125)
	at Script1536614250757.run(Script1536614250757.groovy:396)
	at com.kms.katalon.core.main.ScriptEngine.run(ScriptEngine.java:183)
	at com.kms.katalon.core.main.ScriptEngine.runScriptAsRawText(ScriptEngine.java:108)
	at com.kms.katalon.core.main.TestCaseExecutor.runScript(TestCaseExecutor.java:294)
	at com.kms.katalon.core.main.TestCaseExecutor.doExecute(TestCaseExecutor.java:285)
	at com.kms.katalon.core.main.TestCaseExecutor.processExecutionPhase(TestCaseExecutor.java:264)
	at com.kms.katalon.core.main.TestCaseExecutor.accessMainPhase(TestCaseExecutor.java:256)
	at com.kms.katalon.core.main.TestCaseExecutor.execute(TestCaseExecutor.java:200)
	at com.kms.katalon.core.main.TestSuiteExecutor.accessTestCaseMainPhase(TestSuiteExecutor.java:129)
	at com.kms.katalon.core.main.TestSuiteExecutor.accessTestSuiteMainPhase(TestSuiteExecutor.java:112)
	at com.kms.katalon.core.main.TestSuiteExecutor.execute(TestSuiteExecutor.java:81)
	at com.kms.katalon.core.main.TestCaseMain.startTestSuite(TestCaseMain.java:142)
	at com.kms.katalon.core.main.TestCaseMain$startTestSuite$0.call(Unknown Source)
	at org.codehaus.groovy.runtime.callsite.CallSiteArray.defaultCall(CallSiteArray.java:48)
	at org.codehaus.groovy.runtime.callsite.AbstractCallSite.call(AbstractCallSite.java:113)
	at org.codehaus.groovy.runtime.callsite.AbstractCallSite.call(AbstractCallSite.java:141)
	at TempTestSuite1537813840264.run(TempTestSuite1537813840264.groovy:36)
	at groovy.lang.GroovyShell.runScriptOrMainOrTestOrRunnable(GroovyShell.java:263)
	at groovy.lang.GroovyShell.run(GroovyShell.java:518)
	at groovy.lang.GroovyShell.run(GroovyShell.java:507)
	at groovy.ui.GroovyMain.processOnce(GroovyMain.java:653)
	at groovy.ui.GroovyMain.run(GroovyMain.java:384)
	at groovy.ui.GroovyMain.process(GroovyMain.java:370)
	at groovy.ui.GroovyMain.processArgs(GroovyMain.java:129)
	at groovy.ui.GroovyMain.main(GroovyMain.java:109)
	at sun.reflect.NativeMethodAccessorImpl.invoke0(Native Method)
	at sun.reflect.NativeMethodAccessorImpl.invoke(NativeMethodAccessorImpl.java:62)
	at sun.reflect.DelegatingMethodAccessorImpl.invoke(DelegatingMethodAccessorImpl.java:43)
	at java.lang.reflect.Method.invoke(Method.java:498)
	at org.codehaus.groovy.tools.GroovyStarter.rootLoader(GroovyStarter.java:109)
	at org.codehaus.groovy.tools.GroovyStarter.main(GroovyStarter.java:131)
)"/>
         <system-out><![CDATA[2018-09-24 11:31:02 - [TEST_CASE][FAILED] - Test Cases/US mobile test/Test all Shop top-level categories for Womens Shop (Makeup): Test Cases/US mobile test/Test all Shop top-level categories for Womens Shop (Makeup) FAILED because (of) (Stack trace: com.kms.katalon.core.exception.StepFailedException: Unable to click on object 'Object Repository/Page_Beauty Box Subscription for Wo/a_Highlighters' (Root cause: org.openqa.selenium.WebDriverException: unknown error: Element <a class="StyledLink-khUpca fgCKOS" href="/category/2653">...</a> is not clickable at point (61, 632). Other element would receive the click: <div class="Drawer__MaskDiv-VGhMm utilities__cover___WKDvY gqjSAR" style="opacity: 0;"></div>
  (Session info: chrome=69.0.3497.100)
  (Driver info: chromedriver=2.35.528161 (5b82f2d2aae0ca24b877009200ced9065a772e73),platform=Windows NT 6.1.7601 SP1 x86_64) (WARNING: The server did not provide any stacktrace information)
Command duration or timeout: 0 milliseconds
Build info: version: '3.7.1', revision: '8a0099a', time: '2017-11-06T21:07:36.161Z'
System info: host: 'PLEMKTPLACE-08', ip: '10.241.184.32', os.name: 'Windows 7', os.arch: 'amd64', os.version: '6.1', java.version: '1.8.0_181'
Driver info: com.kms.katalon.selenium.driver.CChromeDriver
Capabilities {acceptInsecureCerts: false, acceptSslCerts: false, applicationCacheEnabled: false, browserConnectionEnabled: false, browserName: chrome, chrome: {chromedriverVersion: 2.35.528161 (5b82f2d2aae0ca..., userDataDir: C:\Users\vbrooks\AppData\Lo...}, cssSelectorsEnabled: true, databaseEnabled: false, handlesAlerts: true, hasTouchScreen: false, javascriptEnabled: true, locationContextEnabled: true, mobileEmulationEnabled: false, nativeEvents: true, networkConnectionEnabled: false, pageLoadStrategy: normal, platform: XP, platformName: XP, rotatable: false, setWindowRect: true, takesHeapSnapshot: true, takesScreenshot: true, unexpectedAlertBehaviour: , unhandledPromptBehavior: , version: 69.0.3497.100, webStorageEnabled: true}
Session ID: 9f621557be015284066699ff6113259a)
	at com.kms.katalon.core.keyword.internal.KeywordMain.stepFailed(KeywordMain.groovy:36)
	at com.kms.katalon.core.webui.keyword.internal.WebUIKeywordMain.stepFailed(WebUIKeywordMain.groovy:65)
	at com.kms.katalon.core.webui.keyword.internal.WebUIKeywordMain.runKeyword(WebUIKeywordMain.groovy:27)
	at com.kms.katalon.core.webui.keyword.builtin.ClickKeyword.click(ClickKeyword.groovy:86)
	at com.kms.katalon.core.webui.keyword.builtin.ClickKeyword.execute(ClickKeyword.groovy:67)
	at com.kms.katalon.core.keyword.internal.KeywordExecutor.executeKeywordForPlatform(KeywordExecutor.groovy:53)
	at com.kms.katalon.core.webui.keyword.WebUiBuiltInKeywords.click(WebUiBuiltInKeywords.groovy:616)
	at com.kms.katalon.core.webui.keyword.WebUiBuiltInKeywords$click$4.call(Unknown Source)
	at org.codehaus.groovy.runtime.callsite.CallSiteArray.defaultCall(CallSiteArray.java:48)
	at org.codehaus.groovy.runtime.callsite.AbstractCallSite.call(AbstractCallSite.java:113)
	at org.codehaus.groovy.runtime.callsite.AbstractCallSite.call(AbstractCallSite.java:125)
	at Script1536614250757.run(Script1536614250757.groovy:396)
	at com.kms.katalon.core.main.ScriptEngine.run(ScriptEngine.java:183)
	at com.kms.katalon.core.main.ScriptEngine.runScriptAsRawText(ScriptEngine.java:108)
	at com.kms.katalon.core.main.TestCaseExecutor.runScript(TestCaseExecutor.java:294)
	at com.kms.katalon.core.main.TestCaseExecutor.doExecute(TestCaseExecutor.java:285)
	at com.kms.katalon.core.main.TestCaseExecutor.processExecutionPhase(TestCaseExecutor.java:264)
	at com.kms.katalon.core.main.TestCaseExecutor.accessMainPhase(TestCaseExecutor.java:256)
	at com.kms.katalon.core.main.TestCaseExecutor.execute(TestCaseExecutor.java:200)
	at com.kms.katalon.core.main.TestSuiteExecutor.accessTestCaseMainPhase(TestSuiteExecutor.java:129)
	at com.kms.katalon.core.main.TestSuiteExecutor.accessTestSuiteMainPhase(TestSuiteExecutor.java:112)
	at com.kms.katalon.core.main.TestSuiteExecutor.execute(TestSuiteExecutor.java:81)
	at com.kms.katalon.core.main.TestCaseMain.startTestSuite(TestCaseMain.java:142)
	at com.kms.katalon.core.main.TestCaseMain$startTestSuite$0.call(Unknown Source)
	at org.codehaus.groovy.runtime.callsite.CallSiteArray.defaultCall(CallSiteArray.java:48)
	at org.codehaus.groovy.runtime.callsite.AbstractCallSite.call(AbstractCallSite.java:113)
	at org.codehaus.groovy.runtime.callsite.AbstractCallSite.call(AbstractCallSite.java:141)
	at TempTestSuite1537813840264.run(TempTestSuite1537813840264.groovy:36)
	at groovy.lang.GroovyShell.runScriptOrMainOrTestOrRunnable(GroovyShell.java:263)
	at groovy.lang.GroovyShell.run(GroovyShell.java:518)
	at groovy.lang.GroovyShell.run(GroovyShell.java:507)
	at groovy.ui.GroovyMain.processOnce(GroovyMain.java:653)
	at groovy.ui.GroovyMain.run(GroovyMain.java:384)
	at groovy.ui.GroovyMain.process(GroovyMain.java:370)
	at groovy.ui.GroovyMain.processArgs(GroovyMain.java:129)
	at groovy.ui.GroovyMain.main(GroovyMain.java:109)
	at sun.reflect.NativeMethodAccessorImpl.invoke0(Native Method)
	at sun.reflect.NativeMethodAccessorImpl.invoke(NativeMethodAccessorImpl.java:62)
	at sun.reflect.DelegatingMethodAccessorImpl.invoke(DelegatingMethodAccessorImpl.java:43)
	at java.lang.reflect.Method.invoke(Method.java:498)
	at org.codehaus.groovy.tools.GroovyStarter.rootLoader(GroovyStarter.java:109)
	at org.codehaus.groovy.tools.GroovyStarter.main(GroovyStarter.java:131)
)

2018-09-24 11:31:03 - [TEST_STEP][NOT_RUN] - callTestCase: NOT_RUN: callTestCase

2018-09-24 11:31:03 - [MESSAGE][NOT_RUN] - NOT_RUN: callTestCase

2018-09-24 11:31:03 - [TEST_STEP][PASSED] - delay: Delayed 2 second(s)

2018-09-24 11:31:05 - [MESSAGE][PASSED] - Delayed 2 second(s)

2018-09-24 11:31:05 - [TEST_STEP][PASSED] - waitForElementClickable: Object 'Object Repository/Page_Shop Whats New/svg_ 2018 Birchbox_icon__svg__' is clickable

2018-09-24 11:31:05 - [MESSAGE][WARNING] - Timeout '0' is invalid. Using default page load timeout: '90'

2018-09-24 11:31:05 - [MESSAGE][PASSED] - Object 'Object Repository/Page_Shop Whats New/svg_ 2018 Birchbox_icon__svg__' is clickable

2018-09-24 11:31:05 - [TEST_STEP][PASSED] - click: Object: 'Object Repository/Page_Shop Whats New/svg_ 2018 Birchbox_icon__svg__' is clicked on

2018-09-24 11:31:05 - [MESSAGE][PASSED] - Object: 'Object Repository/Page_Shop Whats New/svg_ 2018 Birchbox_icon__svg__' is clicked on

2018-09-24 11:31:05 - [TEST_STEP][PASSED] - waitForElementVisible: Object 'Object Repository/Page_Shop Whats New/div_Makeup' is visible

2018-09-24 11:31:06 - [MESSAGE][WARNING] - Timeout '0' is invalid. Using default page load timeout: '90'

2018-09-24 11:31:06 - [MESSAGE][PASSED] - Object 'Object Repository/Page_Shop Whats New/div_Makeup' is visible

2018-09-24 11:31:06 - [TEST_STEP][PASSED] - waitForElementClickable: Object 'Object Repository/Page_Shop Whats New/div_Makeup' is clickable

2018-09-24 11:31:06 - [MESSAGE][WARNING] - Timeout '0' is invalid. Using default page load timeout: '90'

2018-09-24 11:31:06 - [MESSAGE][PASSED] - Object 'Object Repository/Page_Shop Whats New/div_Makeup' is clickable

2018-09-24 11:31:06 - [TEST_STEP][PASSED] - click: Object: 'Object Repository/Page_Shop Whats New/div_Makeup' is clicked on

2018-09-24 11:31:06 - [MESSAGE][PASSED] - Object: 'Object Repository/Page_Shop Whats New/div_Makeup' is clicked on

2018-09-24 11:31:06 - [TEST_STEP][PASSED] - click: Object: 'Object Repository/Page_Shop Whats New/div_Complexion' is clicked on

2018-09-24 11:31:07 - [MESSAGE][PASSED] - Object: 'Object Repository/Page_Shop Whats New/div_Complexion' is clicked on

2018-09-24 11:31:07 - [TEST_STEP][PASSED] - delay: Delayed 1 second(s)

2018-09-24 11:31:08 - [MESSAGE][PASSED] - Delayed 1 second(s)

2018-09-24 11:31:08 - [TEST_STEP][PASSED] - waitForElementVisible: Object 'Object Repository/Page_Beauty Box Subscription for Wo/a_Tinted Moisturizers  BBCC Cr' is visible

2018-09-24 11:31:08 - [MESSAGE][WARNING] - Timeout '0' is invalid. Using default page load timeout: '90'

2018-09-24 11:31:08 - [MESSAGE][PASSED] - Object 'Object Repository/Page_Beauty Box Subscription for Wo/a_Tinted Moisturizers  BBCC Cr' is visible

2018-09-24 11:31:08 - [TEST_STEP][PASSED] - waitForElementClickable: Object 'Object Repository/Page_Beauty Box Subscription for Wo/a_Tinted Moisturizers  BBCC Cr' is clickable

2018-09-24 11:31:08 - [MESSAGE][WARNING] - Timeout '0' is invalid. Using default page load timeout: '90'

2018-09-24 11:31:09 - [MESSAGE][PASSED] - Object 'Object Repository/Page_Beauty Box Subscription for Wo/a_Tinted Moisturizers  BBCC Cr' is clickable

2018-09-24 11:31:09 - [TEST_STEP][PASSED] - click: Object: 'Object Repository/Page_Beauty Box Subscription for Wo/a_Tinted Moisturizers  BBCC Cr' is clicked on

2018-09-24 11:31:09 - [MESSAGE][PASSED] - Object: 'Object Repository/Page_Beauty Box Subscription for Wo/a_Tinted Moisturizers  BBCC Cr' is clicked on

2018-09-24 11:31:09 - [TEST_STEP][PASSED] - delay: Delayed 2 second(s)

2018-09-24 11:31:11 - [MESSAGE][PASSED] - Delayed 2 second(s)

2018-09-24 11:31:11 - [TEST_STEP][PASSED] - click: Object: 'Object Repository/Page_Shop Tinted Moisturizers  BBCC/svg_ 2018 Birchbox_icon__svg__' is clicked on

2018-09-24 11:31:11 - [MESSAGE][PASSED] - Object: 'Object Repository/Page_Shop Tinted Moisturizers  BBCC/svg_ 2018 Birchbox_icon__svg__' is clicked on

2018-09-24 11:31:11 - [TEST_STEP][PASSED] - delay: Delayed 2 second(s)

2018-09-24 11:31:13 - [MESSAGE][PASSED] - Delayed 2 second(s)

2018-09-24 11:31:13 - [TEST_STEP][PASSED] - waitForElementVisible: Object 'Object Repository/Page_Shop Whats New/div_Makeup' is visible

2018-09-24 11:31:13 - [MESSAGE][WARNING] - Timeout '0' is invalid. Using default page load timeout: '90'

2018-09-24 11:31:13 - [MESSAGE][PASSED] - Object 'Object Repository/Page_Shop Whats New/div_Makeup' is visible

2018-09-24 11:31:13 - [TEST_STEP][PASSED] - waitForElementClickable: Object 'Object Repository/Page_Shop Whats New/div_Makeup' is clickable

2018-09-24 11:31:13 - [MESSAGE][WARNING] - Timeout '0' is invalid. Using default page load timeout: '90'

2018-09-24 11:31:13 - [MESSAGE][PASSED] - Object 'Object Repository/Page_Shop Whats New/div_Makeup' is clickable

2018-09-24 11:31:13 - [TEST_STEP][PASSED] - click: Object: 'Object Repository/Page_Shop Tinted Moisturizers  BBCC/div_Makeup' is clicked on

2018-09-24 11:31:14 - [MESSAGE][PASSED] - Object: 'Object Repository/Page_Shop Tinted Moisturizers  BBCC/div_Makeup' is clicked on

2018-09-24 11:31:14 - [TEST_STEP][PASSED] - delay: Delayed 1 second(s)

2018-09-24 11:31:15 - [MESSAGE][PASSED] - Delayed 1 second(s)

2018-09-24 11:31:15 - [TEST_STEP][PASSED] - click: Object: 'Object Repository/Page_Shop Tinted Moisturizers  BBCC/div_Complexion' is clicked on

2018-09-24 11:31:15 - [MESSAGE][PASSED] - Object: 'Object Repository/Page_Shop Tinted Moisturizers  BBCC/div_Complexion' is clicked on

2018-09-24 11:31:15 - [TEST_STEP][PASSED] - delay: Delayed 1 second(s)

2018-09-24 11:31:16 - [MESSAGE][PASSED] - Delayed 1 second(s)

2018-09-24 11:31:16 - [TEST_STEP][PASSED] - waitForElementVisible: Object 'Object Repository/Page_Beauty Box Subscription for Wo/a_Foundations' is visible

2018-09-24 11:31:16 - [MESSAGE][WARNING] - Timeout '0' is invalid. Using default page load timeout: '90'

2018-09-24 11:31:16 - [MESSAGE][PASSED] - Object 'Object Repository/Page_Beauty Box Subscription for Wo/a_Foundations' is visible

2018-09-24 11:31:16 - [TEST_STEP][PASSED] - waitForElementClickable: Object 'Object Repository/Page_Beauty Box Subscription for Wo/a_Foundations' is clickable

2018-09-24 11:31:16 - [MESSAGE][WARNING] - Timeout '0' is invalid. Using default page load timeout: '90'

2018-09-24 11:31:16 - [MESSAGE][PASSED] - Object 'Object Repository/Page_Beauty Box Subscription for Wo/a_Foundations' is clickable

2018-09-24 11:31:16 - [TEST_STEP][PASSED] - click: Object: 'Object Repository/Page_Beauty Box Subscription for Wo/a_Foundations' is clicked on

2018-09-24 11:31:16 - [MESSAGE][PASSED] - Object: 'Object Repository/Page_Beauty Box Subscription for Wo/a_Foundations' is clicked on

2018-09-24 11:31:16 - [TEST_STEP][PASSED] - delay: Delayed 2 second(s)

2018-09-24 11:31:18 - [MESSAGE][PASSED] - Delayed 2 second(s)

2018-09-24 11:31:18 - [TEST_STEP][PASSED] - click: Object: 'Object Repository/Page_Shop Makeup Foundations/svg_ 2018 Birchbox_icon__svg__' is clicked on

2018-09-24 11:31:18 - [MESSAGE][PASSED] - Object: 'Object Repository/Page_Shop Makeup Foundations/svg_ 2018 Birchbox_icon__svg__' is clicked on

2018-09-24 11:31:18 - [TEST_STEP][PASSED] - waitForElementVisible: Object 'Object Repository/Page_Shop Whats New/div_Makeup' is visible

2018-09-24 11:31:18 - [MESSAGE][WARNING] - Timeout '0' is invalid. Using default page load timeout: '90'

2018-09-24 11:31:18 - [MESSAGE][PASSED] - Object 'Object Repository/Page_Shop Whats New/div_Makeup' is visible

2018-09-24 11:31:18 - [TEST_STEP][PASSED] - waitForElementClickable: Object 'Object Repository/Page_Shop Whats New/div_Makeup' is clickable

2018-09-24 11:31:18 - [MESSAGE][WARNING] - Timeout '0' is invalid. Using default page load timeout: '90'

2018-09-24 11:31:19 - [MESSAGE][PASSED] - Object 'Object Repository/Page_Shop Whats New/div_Makeup' is clickable

2018-09-24 11:31:19 - [TEST_STEP][PASSED] - click: Object: 'Object Repository/Page_Shop Makeup Foundations/div_Makeup' is clicked on

2018-09-24 11:31:19 - [MESSAGE][PASSED] - Object: 'Object Repository/Page_Shop Makeup Foundations/div_Makeup' is clicked on

2018-09-24 11:31:19 - [TEST_STEP][PASSED] - click: Object: 'Object Repository/Page_Shop Makeup Foundations/div_Complexion' is clicked on

2018-09-24 11:31:19 - [MESSAGE][PASSED] - Object: 'Object Repository/Page_Shop Makeup Foundations/div_Complexion' is clicked on

2018-09-24 11:31:19 - [TEST_STEP][PASSED] - delay: Delayed 1 second(s)

2018-09-24 11:31:20 - [MESSAGE][PASSED] - Delayed 1 second(s)

2018-09-24 11:31:20 - [TEST_STEP][PASSED] - waitForElementVisible: Object 'Object Repository/Page_Beauty Box Subscription for Wo/a_Concealers' is visible

2018-09-24 11:31:20 - [MESSAGE][WARNING] - Timeout '0' is invalid. Using default page load timeout: '90'

2018-09-24 11:31:20 - [MESSAGE][PASSED] - Object 'Object Repository/Page_Beauty Box Subscription for Wo/a_Concealers' is visible

2018-09-24 11:31:20 - [TEST_STEP][PASSED] - waitForElementClickable: Object 'Object Repository/Page_Beauty Box Subscription for Wo/a_Concealers' is clickable

2018-09-24 11:31:20 - [MESSAGE][WARNING] - Timeout '0' is invalid. Using default page load timeout: '90'

2018-09-24 11:31:20 - [MESSAGE][PASSED] - Object 'Object Repository/Page_Beauty Box Subscription for Wo/a_Concealers' is clickable

2018-09-24 11:31:20 - [TEST_STEP][PASSED] - click: Object: 'Object Repository/Page_Beauty Box Subscription for Wo/a_Concealers' is clicked on

2018-09-24 11:31:21 - [MESSAGE][PASSED] - Object: 'Object Repository/Page_Beauty Box Subscription for Wo/a_Concealers' is clicked on

2018-09-24 11:31:21 - [TEST_STEP][PASSED] - delay: Delayed 2 second(s)

2018-09-24 11:31:23 - [MESSAGE][PASSED] - Delayed 2 second(s)

2018-09-24 11:31:23 - [TEST_STEP][PASSED] - click: Object: 'Object Repository/Page_Shop Makeup Concealers/svg_ 2018 Birchbox_icon__svg__' is clicked on

2018-09-24 11:31:23 - [MESSAGE][PASSED] - Object: 'Object Repository/Page_Shop Makeup Concealers/svg_ 2018 Birchbox_icon__svg__' is clicked on

2018-09-24 11:31:23 - [TEST_STEP][PASSED] - waitForElementVisible: Object 'Object Repository/Page_Shop Whats New/div_Makeup' is visible

2018-09-24 11:31:23 - [MESSAGE][WARNING] - Timeout '0' is invalid. Using default page load timeout: '90'

2018-09-24 11:31:23 - [MESSAGE][PASSED] - Object 'Object Repository/Page_Shop Whats New/div_Makeup' is visible

2018-09-24 11:31:23 - [TEST_STEP][PASSED] - waitForElementClickable: Object 'Object Repository/Page_Shop Whats New/div_Makeup' is clickable

2018-09-24 11:31:23 - [MESSAGE][WARNING] - Timeout '0' is invalid. Using default page load timeout: '90'

2018-09-24 11:31:23 - [MESSAGE][PASSED] - Object 'Object Repository/Page_Shop Whats New/div_Makeup' is clickable

2018-09-24 11:31:23 - [TEST_STEP][PASSED] - click: Object: 'Object Repository/Page_Shop Makeup Concealers/div_Makeup' is clicked on

2018-09-24 11:31:23 - [MESSAGE][PASSED] - Object: 'Object Repository/Page_Shop Makeup Concealers/div_Makeup' is clicked on

2018-09-24 11:31:23 - [TEST_STEP][PASSED] - click: Object: 'Object Repository/Page_Shop Makeup Concealers/div_Complexion' is clicked on

2018-09-24 11:31:24 - [MESSAGE][PASSED] - Object: 'Object Repository/Page_Shop Makeup Concealers/div_Complexion' is clicked on

2018-09-24 11:31:24 - [TEST_STEP][PASSED] - delay: Delayed 1 second(s)

2018-09-24 11:31:25 - [MESSAGE][PASSED] - Delayed 1 second(s)

2018-09-24 11:31:25 - [TEST_STEP][PASSED] - waitForElementVisible: Object 'Object Repository/Page_Beauty Box Subscription for Wo/a_Primers' is visible

2018-09-24 11:31:25 - [MESSAGE][WARNING] - Timeout '0' is invalid. Using default page load timeout: '90'

2018-09-24 11:31:25 - [MESSAGE][PASSED] - Object 'Object Repository/Page_Beauty Box Subscription for Wo/a_Primers' is visible

2018-09-24 11:31:25 - [TEST_STEP][PASSED] - waitForElementClickable: Object 'Object Repository/Page_Beauty Box Subscription for Wo/a_Primers' is clickable

2018-09-24 11:31:25 - [MESSAGE][WARNING] - Timeout '0' is invalid. Using default page load timeout: '90'

2018-09-24 11:31:25 - [MESSAGE][PASSED] - Object 'Object Repository/Page_Beauty Box Subscription for Wo/a_Primers' is clickable

2018-09-24 11:31:25 - [TEST_STEP][PASSED] - click: Object: 'Object Repository/Page_Beauty Box Subscription for Wo/a_Primers' is clicked on

2018-09-24 11:31:25 - [MESSAGE][PASSED] - Object: 'Object Repository/Page_Beauty Box Subscription for Wo/a_Primers' is clicked on

2018-09-24 11:31:25 - [TEST_STEP][PASSED] - delay: Delayed 2 second(s)

2018-09-24 11:31:27 - [MESSAGE][PASSED] - Delayed 2 second(s)

2018-09-24 11:31:27 - [TEST_STEP][PASSED] - click: Object: 'Object Repository/Page_Shop Makeup Primers/svg_ 2018 Birchbox_icon__svg__' is clicked on

2018-09-24 11:31:27 - [MESSAGE][PASSED] - Object: 'Object Repository/Page_Shop Makeup Primers/svg_ 2018 Birchbox_icon__svg__' is clicked on

2018-09-24 11:31:27 - [TEST_STEP][PASSED] - waitForElementVisible: Object 'Object Repository/Page_Shop Whats New/div_Makeup' is visible

2018-09-24 11:31:27 - [MESSAGE][WARNING] - Timeout '0' is invalid. Using default page load timeout: '90'

2018-09-24 11:31:27 - [MESSAGE][PASSED] - Object 'Object Repository/Page_Shop Whats New/div_Makeup' is visible

2018-09-24 11:31:27 - [TEST_STEP][PASSED] - waitForElementClickable: Object 'Object Repository/Page_Shop Whats New/div_Makeup' is clickable

2018-09-24 11:31:27 - [MESSAGE][WARNING] - Timeout '0' is invalid. Using default page load timeout: '90'

2018-09-24 11:31:27 - [MESSAGE][PASSED] - Object 'Object Repository/Page_Shop Whats New/div_Makeup' is clickable

2018-09-24 11:31:27 - [TEST_STEP][PASSED] - click: Object: 'Object Repository/Page_Shop Makeup Primers/div_Makeup' is clicked on

2018-09-24 11:31:28 - [MESSAGE][PASSED] - Object: 'Object Repository/Page_Shop Makeup Primers/div_Makeup' is clicked on

2018-09-24 11:31:28 - [TEST_STEP][PASSED] - waitForElementVisible: Object 'Object Repository/Page_Shop Makeup Primers/div_Complexion' is visible

2018-09-24 11:31:28 - [MESSAGE][WARNING] - Timeout '0' is invalid. Using default page load timeout: '90'

2018-09-24 11:31:28 - [MESSAGE][PASSED] - Object 'Object Repository/Page_Shop Makeup Primers/div_Complexion' is visible

2018-09-24 11:31:28 - [TEST_STEP][PASSED] - waitForElementClickable: Object 'Object Repository/Page_Shop Makeup Primers/div_Complexion' is clickable

2018-09-24 11:31:28 - [MESSAGE][WARNING] - Timeout '0' is invalid. Using default page load timeout: '90'

2018-09-24 11:31:28 - [MESSAGE][PASSED] - Object 'Object Repository/Page_Shop Makeup Primers/div_Complexion' is clickable

2018-09-24 11:31:28 - [TEST_STEP][PASSED] - click: Object: 'Object Repository/Page_Shop Makeup Primers/div_Complexion' is clicked on

2018-09-24 11:31:28 - [MESSAGE][PASSED] - Object: 'Object Repository/Page_Shop Makeup Primers/div_Complexion' is clicked on

2018-09-24 11:31:28 - [TEST_STEP][PASSED] - delay: Delayed 2 second(s)

2018-09-24 11:31:30 - [MESSAGE][PASSED] - Delayed 2 second(s)

2018-09-24 11:31:30 - [TEST_STEP][PASSED] - waitForElementVisible: Object 'Object Repository/Page_Beauty Box Subscription for Wo/a_Color-Correcting' is visible

2018-09-24 11:31:30 - [MESSAGE][WARNING] - Timeout '0' is invalid. Using default page load timeout: '90'

2018-09-24 11:31:30 - [MESSAGE][PASSED] - Object 'Object Repository/Page_Beauty Box Subscription for Wo/a_Color-Correcting' is visible

2018-09-24 11:31:30 - [TEST_STEP][PASSED] - waitForElementClickable: Object 'Object Repository/Page_Beauty Box Subscription for Wo/a_Color-Correcting' is clickable

2018-09-24 11:31:30 - [MESSAGE][WARNING] - Timeout '0' is invalid. Using default page load timeout: '90'

2018-09-24 11:31:30 - [MESSAGE][PASSED] - Object 'Object Repository/Page_Beauty Box Subscription for Wo/a_Color-Correcting' is clickable

2018-09-24 11:31:30 - [TEST_STEP][PASSED] - click: Object: 'Object Repository/Page_Beauty Box Subscription for Wo/a_Color-Correcting' is clicked on

2018-09-24 11:31:31 - [MESSAGE][PASSED] - Object: 'Object Repository/Page_Beauty Box Subscription for Wo/a_Color-Correcting' is clicked on

2018-09-24 11:31:31 - [TEST_STEP][PASSED] - delay: Delayed 2 second(s)

2018-09-24 11:31:33 - [MESSAGE][PASSED] - Delayed 2 second(s)

2018-09-24 11:31:33 - [TEST_STEP][PASSED] - click: Object: 'Object Repository/Page_Shop Color-Correcting Makeup/svg_ 2018 Birchbox_icon__svg__' is clicked on

2018-09-24 11:31:33 - [MESSAGE][PASSED] - Object: 'Object Repository/Page_Shop Color-Correcting Makeup/svg_ 2018 Birchbox_icon__svg__' is clicked on

2018-09-24 11:31:33 - [TEST_STEP][PASSED] - waitForElementVisible: Object 'Object Repository/Page_Shop Whats New/div_Makeup' is visible

2018-09-24 11:31:33 - [MESSAGE][WARNING] - Timeout '0' is invalid. Using default page load timeout: '90'

2018-09-24 11:31:33 - [MESSAGE][PASSED] - Object 'Object Repository/Page_Shop Whats New/div_Makeup' is visible

2018-09-24 11:31:33 - [TEST_STEP][PASSED] - waitForElementClickable: Object 'Object Repository/Page_Shop Whats New/div_Makeup' is clickable

2018-09-24 11:31:33 - [MESSAGE][WARNING] - Timeout '0' is invalid. Using default page load timeout: '90'

2018-09-24 11:31:33 - [MESSAGE][PASSED] - Object 'Object Repository/Page_Shop Whats New/div_Makeup' is clickable

2018-09-24 11:31:33 - [TEST_STEP][PASSED] - click: Object: 'Object Repository/Page_Shop Color-Correcting Makeup/div_Makeup' is clicked on

2018-09-24 11:31:33 - [MESSAGE][PASSED] - Object: 'Object Repository/Page_Shop Color-Correcting Makeup/div_Makeup' is clicked on

2018-09-24 11:31:33 - [TEST_STEP][PASSED] - click: Object: 'Object Repository/Page_Shop Color-Correcting Makeup/div_Complexion' is clicked on

2018-09-24 11:31:34 - [MESSAGE][PASSED] - Object: 'Object Repository/Page_Shop Color-Correcting Makeup/div_Complexion' is clicked on

2018-09-24 11:31:34 - [TEST_STEP][PASSED] - delay: Delayed 1 second(s)

2018-09-24 11:31:35 - [MESSAGE][PASSED] - Delayed 1 second(s)

2018-09-24 11:31:35 - [TEST_STEP][PASSED] - waitForElementVisible: Object 'Object Repository/Page_Beauty Box Subscription for Wo/a_Setting Sprays  Powders' is visible

2018-09-24 11:31:35 - [MESSAGE][WARNING] - Timeout '0' is invalid. Using default page load timeout: '90'

2018-09-24 11:31:35 - [MESSAGE][PASSED] - Object 'Object Repository/Page_Beauty Box Subscription for Wo/a_Setting Sprays  Powders' is visible

2018-09-24 11:31:35 - [TEST_STEP][PASSED] - verifyElementClickable: Object 'Object Repository/Page_Beauty Box Subscription for Wo/a_Setting Sprays  Powders' is clickable

2018-09-24 11:31:35 - [MESSAGE][PASSED] - Object 'Object Repository/Page_Beauty Box Subscription for Wo/a_Setting Sprays  Powders' is clickable

2018-09-24 11:31:35 - [TEST_STEP][PASSED] - click: Object: 'Object Repository/Page_Beauty Box Subscription for Wo/a_Setting Sprays  Powders' is clicked on

2018-09-24 11:31:35 - [MESSAGE][PASSED] - Object: 'Object Repository/Page_Beauty Box Subscription for Wo/a_Setting Sprays  Powders' is clicked on

2018-09-24 11:31:35 - [TEST_STEP][PASSED] - delay: Delayed 2 second(s)

2018-09-24 11:31:37 - [MESSAGE][PASSED] - Delayed 2 second(s)

2018-09-24 11:31:37 - [TEST_STEP][PASSED] - click: Object: 'Object Repository/Page_Shop Makeup Setting Sprays and/svg_ 2018 Birchbox_icon__svg__' is clicked on

2018-09-24 11:31:37 - [MESSAGE][PASSED] - Object: 'Object Repository/Page_Shop Makeup Setting Sprays and/svg_ 2018 Birchbox_icon__svg__' is clicked on

2018-09-24 11:31:37 - [TEST_STEP][PASSED] - waitForElementVisible: Object 'Object Repository/Page_Shop Whats New/div_Makeup' is visible

2018-09-24 11:31:37 - [MESSAGE][WARNING] - Timeout '0' is invalid. Using default page load timeout: '90'

2018-09-24 11:31:37 - [MESSAGE][PASSED] - Object 'Object Repository/Page_Shop Whats New/div_Makeup' is visible

2018-09-24 11:31:37 - [TEST_STEP][PASSED] - waitForElementClickable: Object 'Object Repository/Page_Shop Whats New/div_Makeup' is clickable

2018-09-24 11:31:37 - [MESSAGE][WARNING] - Timeout '0' is invalid. Using default page load timeout: '90'

2018-09-24 11:31:37 - [MESSAGE][PASSED] - Object 'Object Repository/Page_Shop Whats New/div_Makeup' is clickable

2018-09-24 11:31:37 - [TEST_STEP][PASSED] - click: Object: 'Object Repository/Page_Shop Makeup Setting Sprays and/div_Makeup' is clicked on

2018-09-24 11:31:38 - [MESSAGE][PASSED] - Object: 'Object Repository/Page_Shop Makeup Setting Sprays and/div_Makeup' is clicked on

2018-09-24 11:31:38 - [TEST_STEP][PASSED] - click: Object: 'Object Repository/Page_Shop Makeup Setting Sprays and/div_Complexion' is clicked on

2018-09-24 11:31:38 - [MESSAGE][PASSED] - Object: 'Object Repository/Page_Shop Makeup Setting Sprays and/div_Complexion' is clicked on

2018-09-24 11:31:38 - [TEST_STEP][PASSED] - delay: Delayed 1 second(s)

2018-09-24 11:31:39 - [MESSAGE][PASSED] - Delayed 1 second(s)

2018-09-24 11:31:39 - [TEST_STEP][PASSED] - waitForElementVisible: Object 'Object Repository/Page_Beauty Box Subscription for Wo/a_Complexion Sets  Palettes' is visible

2018-09-24 11:31:39 - [MESSAGE][WARNING] - Timeout '0' is invalid. Using default page load timeout: '90'

2018-09-24 11:31:39 - [MESSAGE][PASSED] - Object 'Object Repository/Page_Beauty Box Subscription for Wo/a_Complexion Sets  Palettes' is visible

2018-09-24 11:31:39 - [TEST_STEP][PASSED] - waitForElementClickable: Object 'Object Repository/Page_Beauty Box Subscription for Wo/a_Complexion Sets  Palettes' is clickable

2018-09-24 11:31:39 - [MESSAGE][WARNING] - Timeout '0' is invalid. Using default page load timeout: '90'

2018-09-24 11:31:39 - [MESSAGE][PASSED] - Object 'Object Repository/Page_Beauty Box Subscription for Wo/a_Complexion Sets  Palettes' is clickable

2018-09-24 11:31:39 - [TEST_STEP][PASSED] - click: Object: 'Object Repository/Page_Beauty Box Subscription for Wo/a_Complexion Sets  Palettes' is clicked on

2018-09-24 11:31:39 - [MESSAGE][PASSED] - Object: 'Object Repository/Page_Beauty Box Subscription for Wo/a_Complexion Sets  Palettes' is clicked on

2018-09-24 11:31:39 - [TEST_STEP][PASSED] - delay: Delayed 2 second(s)

2018-09-24 11:31:41 - [MESSAGE][PASSED] - Delayed 2 second(s)

2018-09-24 11:31:41 - [TEST_STEP][PASSED] - click: Object: 'Object Repository/Page_Shop Makeup Complexion Sets  M/svg_ 2018 Birchbox_icon__svg__' is clicked on

2018-09-24 11:31:42 - [MESSAGE][PASSED] - Object: 'Object Repository/Page_Shop Makeup Complexion Sets  M/svg_ 2018 Birchbox_icon__svg__' is clicked on

2018-09-24 11:31:42 - [TEST_STEP][PASSED] - waitForElementVisible: Object 'Object Repository/Page_Shop Whats New/div_Makeup' is visible

2018-09-24 11:31:42 - [MESSAGE][WARNING] - Timeout '0' is invalid. Using default page load timeout: '90'

2018-09-24 11:31:42 - [MESSAGE][PASSED] - Object 'Object Repository/Page_Shop Whats New/div_Makeup' is visible

2018-09-24 11:31:42 - [TEST_STEP][PASSED] - waitForElementClickable: Object 'Object Repository/Page_Shop Whats New/div_Makeup' is clickable

2018-09-24 11:31:42 - [MESSAGE][WARNING] - Timeout '0' is invalid. Using default page load timeout: '90'

2018-09-24 11:31:42 - [MESSAGE][PASSED] - Object 'Object Repository/Page_Shop Whats New/div_Makeup' is clickable

2018-09-24 11:31:42 - [TEST_STEP][PASSED] - click: Object: 'Object Repository/Page_Shop Makeup Complexion Sets  M/div_Makeup' is clicked on

2018-09-24 11:31:42 - [MESSAGE][PASSED] - Object: 'Object Repository/Page_Shop Makeup Complexion Sets  M/div_Makeup' is clicked on

2018-09-24 11:31:42 - [TEST_STEP][PASSED] - click: Object: 'Object Repository/Page_Shop Makeup Complexion Sets  M/div_Eye' is clicked on

2018-09-24 11:31:42 - [MESSAGE][PASSED] - Object: 'Object Repository/Page_Shop Makeup Complexion Sets  M/div_Eye' is clicked on

2018-09-24 11:31:42 - [TEST_STEP][PASSED] - waitForElementVisible: Object 'Object Repository/Page_Beauty Box Subscription for Wo/a_Mascaras' is visible

2018-09-24 11:31:42 - [MESSAGE][WARNING] - Timeout '0' is invalid. Using default page load timeout: '90'

2018-09-24 11:31:43 - [MESSAGE][PASSED] - Object 'Object Repository/Page_Beauty Box Subscription for Wo/a_Mascaras' is visible

2018-09-24 11:31:43 - [TEST_STEP][PASSED] - waitForElementClickable: Object 'Object Repository/Page_Beauty Box Subscription for Wo/a_Mascaras' is clickable

2018-09-24 11:31:43 - [MESSAGE][WARNING] - Timeout '0' is invalid. Using default page load timeout: '90'

2018-09-24 11:31:43 - [MESSAGE][PASSED] - Object 'Object Repository/Page_Beauty Box Subscription for Wo/a_Mascaras' is clickable

2018-09-24 11:31:43 - [TEST_STEP][PASSED] - click: Object: 'Object Repository/Page_Beauty Box Subscription for Wo/a_Mascaras' is clicked on

2018-09-24 11:31:43 - [MESSAGE][PASSED] - Object: 'Object Repository/Page_Beauty Box Subscription for Wo/a_Mascaras' is clicked on

2018-09-24 11:31:43 - [TEST_STEP][PASSED] - delay: Delayed 2 second(s)

2018-09-24 11:31:45 - [MESSAGE][PASSED] - Delayed 2 second(s)

2018-09-24 11:31:45 - [TEST_STEP][PASSED] - click: Object: 'Object Repository/Page_Shop Mascaras/svg_ 2018 Birchbox_icon__svg__' is clicked on

2018-09-24 11:31:46 - [MESSAGE][PASSED] - Object: 'Object Repository/Page_Shop Mascaras/svg_ 2018 Birchbox_icon__svg__' is clicked on

2018-09-24 11:31:46 - [TEST_STEP][PASSED] - waitForElementVisible: Object 'Object Repository/Page_Shop Whats New/div_Makeup' is visible

2018-09-24 11:31:46 - [MESSAGE][WARNING] - Timeout '0' is invalid. Using default page load timeout: '90'

2018-09-24 11:31:46 - [MESSAGE][PASSED] - Object 'Object Repository/Page_Shop Whats New/div_Makeup' is visible

2018-09-24 11:31:46 - [TEST_STEP][PASSED] - waitForElementClickable: Object 'Object Repository/Page_Shop Whats New/div_Makeup' is clickable

2018-09-24 11:31:46 - [MESSAGE][WARNING] - Timeout '0' is invalid. Using default page load timeout: '90'

2018-09-24 11:31:46 - [MESSAGE][PASSED] - Object 'Object Repository/Page_Shop Whats New/div_Makeup' is clickable

2018-09-24 11:31:46 - [TEST_STEP][PASSED] - click: Object: 'Object Repository/Page_Shop Mascaras/div_Makeup' is clicked on

2018-09-24 11:31:47 - [MESSAGE][PASSED] - Object: 'Object Repository/Page_Shop Mascaras/div_Makeup' is clicked on

2018-09-24 11:31:47 - [TEST_STEP][PASSED] - click: Object: 'Object Repository/Page_Shop Mascaras/div_Eye' is clicked on

2018-09-24 11:31:47 - [MESSAGE][PASSED] - Object: 'Object Repository/Page_Shop Mascaras/div_Eye' is clicked on

2018-09-24 11:31:47 - [TEST_STEP][PASSED] - delay: Delayed 1 second(s)

2018-09-24 11:31:48 - [MESSAGE][PASSED] - Delayed 1 second(s)

2018-09-24 11:31:48 - [TEST_STEP][PASSED] - waitForElementVisible: Object 'Object Repository/Page_Beauty Box Subscription for Wo/a_Brows' is visible

2018-09-24 11:31:48 - [MESSAGE][WARNING] - Timeout '0' is invalid. Using default page load timeout: '90'

2018-09-24 11:31:48 - [MESSAGE][PASSED] - Object 'Object Repository/Page_Beauty Box Subscription for Wo/a_Brows' is visible

2018-09-24 11:31:48 - [TEST_STEP][PASSED] - waitForElementClickable: Object 'Object Repository/Page_Beauty Box Subscription for Wo/a_Brows' is clickable

2018-09-24 11:31:48 - [MESSAGE][WARNING] - Timeout '0' is invalid. Using default page load timeout: '90'

2018-09-24 11:31:48 - [MESSAGE][PASSED] - Object 'Object Repository/Page_Beauty Box Subscription for Wo/a_Brows' is clickable

2018-09-24 11:31:48 - [TEST_STEP][PASSED] - click: Object: 'Object Repository/Page_Beauty Box Subscription for Wo/a_Brows' is clicked on

2018-09-24 11:31:48 - [MESSAGE][PASSED] - Object: 'Object Repository/Page_Beauty Box Subscription for Wo/a_Brows' is clicked on

2018-09-24 11:31:48 - [TEST_STEP][PASSED] - delay: Delayed 2 second(s)

2018-09-24 11:31:50 - [MESSAGE][PASSED] - Delayed 2 second(s)

2018-09-24 11:31:50 - [TEST_STEP][PASSED] - click: Object: 'Object Repository/Page_Shop Brow Makeup/svg_ 2018 Birchbox_icon__svg__' is clicked on

2018-09-24 11:31:50 - [MESSAGE][PASSED] - Object: 'Object Repository/Page_Shop Brow Makeup/svg_ 2018 Birchbox_icon__svg__' is clicked on

2018-09-24 11:31:50 - [TEST_STEP][PASSED] - waitForElementVisible: Object 'Object Repository/Page_Shop Whats New/div_Makeup' is visible

2018-09-24 11:31:50 - [MESSAGE][WARNING] - Timeout '0' is invalid. Using default page load timeout: '90'

2018-09-24 11:31:51 - [MESSAGE][PASSED] - Object 'Object Repository/Page_Shop Whats New/div_Makeup' is visible

2018-09-24 11:31:51 - [TEST_STEP][PASSED] - waitForElementClickable: Object 'Object Repository/Page_Shop Whats New/div_Makeup' is clickable

2018-09-24 11:31:51 - [MESSAGE][WARNING] - Timeout '0' is invalid. Using default page load timeout: '90'

2018-09-24 11:31:51 - [MESSAGE][PASSED] - Object 'Object Repository/Page_Shop Whats New/div_Makeup' is clickable

2018-09-24 11:31:51 - [TEST_STEP][PASSED] - click: Object: 'Object Repository/Page_Shop Brow Makeup/div_Makeup' is clicked on

2018-09-24 11:31:51 - [MESSAGE][PASSED] - Object: 'Object Repository/Page_Shop Brow Makeup/div_Makeup' is clicked on

2018-09-24 11:31:51 - [TEST_STEP][PASSED] - click: Object: 'Object Repository/Page_Shop Brow Makeup/div_Eye' is clicked on

2018-09-24 11:31:51 - [MESSAGE][PASSED] - Object: 'Object Repository/Page_Shop Brow Makeup/div_Eye' is clicked on

2018-09-24 11:31:51 - [TEST_STEP][PASSED] - delay: Delayed 1 second(s)

2018-09-24 11:31:52 - [MESSAGE][PASSED] - Delayed 1 second(s)

2018-09-24 11:31:52 - [TEST_STEP][PASSED] - waitForElementVisible: Object 'Object Repository/Page_Beauty Box Subscription for Wo/a_Eyeliners' is visible

2018-09-24 11:31:52 - [MESSAGE][WARNING] - Timeout '0' is invalid. Using default page load timeout: '90'

2018-09-24 11:31:52 - [MESSAGE][PASSED] - Object 'Object Repository/Page_Beauty Box Subscription for Wo/a_Eyeliners' is visible

2018-09-24 11:31:52 - [TEST_STEP][PASSED] - waitForElementClickable: Object 'Object Repository/Page_Beauty Box Subscription for Wo/a_Eyeliners' is clickable

2018-09-24 11:31:52 - [MESSAGE][WARNING] - Timeout '0' is invalid. Using default page load timeout: '90'

2018-09-24 11:31:52 - [MESSAGE][PASSED] - Object 'Object Repository/Page_Beauty Box Subscription for Wo/a_Eyeliners' is clickable

2018-09-24 11:31:52 - [TEST_STEP][PASSED] - click: Object: 'Object Repository/Page_Beauty Box Subscription for Wo/a_Eyeliners' is clicked on

2018-09-24 11:31:52 - [MESSAGE][PASSED] - Object: 'Object Repository/Page_Beauty Box Subscription for Wo/a_Eyeliners' is clicked on

2018-09-24 11:31:52 - [TEST_STEP][PASSED] - delay: Delayed 2 second(s)

2018-09-24 11:31:54 - [MESSAGE][PASSED] - Delayed 2 second(s)

2018-09-24 11:31:54 - [TEST_STEP][PASSED] - click: Object: 'Object Repository/Page_Shop Eyeliners/svg_ 2018 Birchbox_icon__svg__' is clicked on

2018-09-24 11:31:55 - [MESSAGE][PASSED] - Object: 'Object Repository/Page_Shop Eyeliners/svg_ 2018 Birchbox_icon__svg__' is clicked on

2018-09-24 11:31:55 - [TEST_STEP][PASSED] - waitForElementVisible: Object 'Object Repository/Page_Shop Whats New/div_Makeup' is visible

2018-09-24 11:31:55 - [MESSAGE][WARNING] - Timeout '0' is invalid. Using default page load timeout: '90'

2018-09-24 11:31:55 - [MESSAGE][PASSED] - Object 'Object Repository/Page_Shop Whats New/div_Makeup' is visible

2018-09-24 11:31:55 - [TEST_STEP][PASSED] - waitForElementClickable: Object 'Object Repository/Page_Shop Whats New/div_Makeup' is clickable

2018-09-24 11:31:55 - [MESSAGE][WARNING] - Timeout '0' is invalid. Using default page load timeout: '90'

2018-09-24 11:31:55 - [MESSAGE][PASSED] - Object 'Object Repository/Page_Shop Whats New/div_Makeup' is clickable

2018-09-24 11:31:55 - [TEST_STEP][PASSED] - click: Object: 'Object Repository/Page_Shop Eyeliners/div_Makeup' is clicked on

2018-09-24 11:31:55 - [MESSAGE][PASSED] - Object: 'Object Repository/Page_Shop Eyeliners/div_Makeup' is clicked on

2018-09-24 11:31:55 - [TEST_STEP][PASSED] - click: Object: 'Object Repository/Page_Shop Eyeliners/div_Eye' is clicked on

2018-09-24 11:31:55 - [MESSAGE][PASSED] - Object: 'Object Repository/Page_Shop Eyeliners/div_Eye' is clicked on

2018-09-24 11:31:55 - [TEST_STEP][PASSED] - delay: Delayed 1 second(s)

2018-09-24 11:31:56 - [MESSAGE][PASSED] - Delayed 1 second(s)

2018-09-24 11:31:56 - [TEST_STEP][PASSED] - waitForElementVisible: Object 'Object Repository/Page_Beauty Box Subscription for Wo/a_Eyeshadows' is visible

2018-09-24 11:31:56 - [MESSAGE][WARNING] - Timeout '0' is invalid. Using default page load timeout: '90'

2018-09-24 11:31:56 - [MESSAGE][PASSED] - Object 'Object Repository/Page_Beauty Box Subscription for Wo/a_Eyeshadows' is visible

2018-09-24 11:31:56 - [TEST_STEP][PASSED] - waitForElementClickable: Object 'Object Repository/Page_Beauty Box Subscription for Wo/a_Eyeshadows' is clickable

2018-09-24 11:31:56 - [MESSAGE][WARNING] - Timeout '0' is invalid. Using default page load timeout: '90'

2018-09-24 11:31:57 - [MESSAGE][PASSED] - Object 'Object Repository/Page_Beauty Box Subscription for Wo/a_Eyeshadows' is clickable

2018-09-24 11:31:57 - [TEST_STEP][PASSED] - click: Object: 'Object Repository/Page_Beauty Box Subscription for Wo/a_Eyeshadows' is clicked on

2018-09-24 11:31:57 - [MESSAGE][PASSED] - Object: 'Object Repository/Page_Beauty Box Subscription for Wo/a_Eyeshadows' is clicked on

2018-09-24 11:31:57 - [TEST_STEP][PASSED] - delay: Delayed 2 second(s)

2018-09-24 11:31:59 - [MESSAGE][PASSED] - Delayed 2 second(s)

2018-09-24 11:31:59 - [TEST_STEP][PASSED] - click: Object: 'Object Repository/Page_Shop Eyeshadows/svg_ 2018 Birchbox_icon__svg__' is clicked on

2018-09-24 11:31:59 - [MESSAGE][PASSED] - Object: 'Object Repository/Page_Shop Eyeshadows/svg_ 2018 Birchbox_icon__svg__' is clicked on

2018-09-24 11:31:59 - [TEST_STEP][PASSED] - waitForElementVisible: Object 'Object Repository/Page_Shop Whats New/div_Makeup' is visible

2018-09-24 11:31:59 - [MESSAGE][WARNING] - Timeout '0' is invalid. Using default page load timeout: '90'

2018-09-24 11:31:59 - [MESSAGE][PASSED] - Object 'Object Repository/Page_Shop Whats New/div_Makeup' is visible

2018-09-24 11:31:59 - [TEST_STEP][PASSED] - waitForElementClickable: Object 'Object Repository/Page_Shop Whats New/div_Makeup' is clickable

2018-09-24 11:31:59 - [MESSAGE][WARNING] - Timeout '0' is invalid. Using default page load timeout: '90'

2018-09-24 11:31:59 - [MESSAGE][PASSED] - Object 'Object Repository/Page_Shop Whats New/div_Makeup' is clickable

2018-09-24 11:31:59 - [TEST_STEP][PASSED] - click: Object: 'Object Repository/Page_Shop Eyeshadows/div_Makeup' is clicked on

2018-09-24 11:31:59 - [MESSAGE][PASSED] - Object: 'Object Repository/Page_Shop Eyeshadows/div_Makeup' is clicked on

2018-09-24 11:31:59 - [TEST_STEP][PASSED] - click: Object: 'Object Repository/Page_Shop Eyeshadows/div_Eye' is clicked on

2018-09-24 11:32:00 - [MESSAGE][PASSED] - Object: 'Object Repository/Page_Shop Eyeshadows/div_Eye' is clicked on

2018-09-24 11:32:00 - [TEST_STEP][PASSED] - delay: Delayed 1 second(s)

2018-09-24 11:32:01 - [MESSAGE][PASSED] - Delayed 1 second(s)

2018-09-24 11:32:01 - [TEST_STEP][PASSED] - waitForElementClickable: Object 'Object Repository/Page_Beauty Box Subscription for Wo/a_Eye Primers' is clickable

2018-09-24 11:32:01 - [MESSAGE][WARNING] - Timeout '0' is invalid. Using default page load timeout: '90'

2018-09-24 11:32:01 - [MESSAGE][PASSED] - Object 'Object Repository/Page_Beauty Box Subscription for Wo/a_Eye Primers' is clickable

2018-09-24 11:32:01 - [TEST_STEP][PASSED] - waitForElementVisible: Object 'Object Repository/Page_Beauty Box Subscription for Wo/a_Eye Primers' is visible

2018-09-24 11:32:01 - [MESSAGE][WARNING] - Timeout '0' is invalid. Using default page load timeout: '90'

2018-09-24 11:32:01 - [MESSAGE][PASSED] - Object 'Object Repository/Page_Beauty Box Subscription for Wo/a_Eye Primers' is visible

2018-09-24 11:32:01 - [TEST_STEP][PASSED] - click: Object: 'Object Repository/Page_Beauty Box Subscription for Wo/a_Eye Primers' is clicked on

2018-09-24 11:32:01 - [MESSAGE][PASSED] - Object: 'Object Repository/Page_Beauty Box Subscription for Wo/a_Eye Primers' is clicked on

2018-09-24 11:32:01 - [TEST_STEP][PASSED] - delay: Delayed 2 second(s)

2018-09-24 11:32:03 - [MESSAGE][PASSED] - Delayed 2 second(s)

2018-09-24 11:32:03 - [TEST_STEP][PASSED] - click: Object: 'Object Repository/Page_Shop Eye Primers/svg_ 2018 Birchbox_icon__svg__' is clicked on

2018-09-24 11:32:03 - [MESSAGE][PASSED] - Object: 'Object Repository/Page_Shop Eye Primers/svg_ 2018 Birchbox_icon__svg__' is clicked on

2018-09-24 11:32:03 - [TEST_STEP][PASSED] - waitForElementVisible: Object 'Object Repository/Page_Shop Whats New/div_Makeup' is visible

2018-09-24 11:32:03 - [MESSAGE][WARNING] - Timeout '0' is invalid. Using default page load timeout: '90'

2018-09-24 11:32:03 - [MESSAGE][PASSED] - Object 'Object Repository/Page_Shop Whats New/div_Makeup' is visible

2018-09-24 11:32:03 - [TEST_STEP][PASSED] - waitForElementClickable: Object 'Object Repository/Page_Shop Whats New/div_Makeup' is clickable

2018-09-24 11:32:03 - [MESSAGE][WARNING] - Timeout '0' is invalid. Using default page load timeout: '90'

2018-09-24 11:32:03 - [MESSAGE][PASSED] - Object 'Object Repository/Page_Shop Whats New/div_Makeup' is clickable

2018-09-24 11:32:03 - [TEST_STEP][PASSED] - click: Object: 'Object Repository/Page_Shop Eye Primers/div_Makeup' is clicked on

2018-09-24 11:32:04 - [MESSAGE][PASSED] - Object: 'Object Repository/Page_Shop Eye Primers/div_Makeup' is clicked on

2018-09-24 11:32:04 - [TEST_STEP][PASSED] - click: Object: 'Object Repository/Page_Shop Eye Primers/div_Eye' is clicked on

2018-09-24 11:32:04 - [MESSAGE][PASSED] - Object: 'Object Repository/Page_Shop Eye Primers/div_Eye' is clicked on

2018-09-24 11:32:04 - [TEST_STEP][PASSED] - delay: Delayed 1 second(s)

2018-09-24 11:32:05 - [MESSAGE][PASSED] - Delayed 1 second(s)

2018-09-24 11:32:05 - [TEST_STEP][PASSED] - waitForElementVisible: Object 'Object Repository/Page_Beauty Box Subscription for Wo/a_Lash Primers  Treatments' is visible

2018-09-24 11:32:05 - [MESSAGE][WARNING] - Timeout '0' is invalid. Using default page load timeout: '90'

2018-09-24 11:32:05 - [MESSAGE][PASSED] - Object 'Object Repository/Page_Beauty Box Subscription for Wo/a_Lash Primers  Treatments' is visible

2018-09-24 11:32:05 - [TEST_STEP][PASSED] - waitForElementClickable: Object 'Object Repository/Page_Beauty Box Subscription for Wo/a_Lash Primers  Treatments' is clickable

2018-09-24 11:32:05 - [MESSAGE][WARNING] - Timeout '0' is invalid. Using default page load timeout: '90'

2018-09-24 11:32:05 - [MESSAGE][PASSED] - Object 'Object Repository/Page_Beauty Box Subscription for Wo/a_Lash Primers  Treatments' is clickable

2018-09-24 11:32:05 - [TEST_STEP][PASSED] - click: Object: 'Object Repository/Page_Beauty Box Subscription for Wo/a_Lash Primers  Treatments' is clicked on

2018-09-24 11:32:05 - [MESSAGE][PASSED] - Object: 'Object Repository/Page_Beauty Box Subscription for Wo/a_Lash Primers  Treatments' is clicked on

2018-09-24 11:32:05 - [TEST_STEP][PASSED] - delay: Delayed 2 second(s)

2018-09-24 11:32:07 - [MESSAGE][PASSED] - Delayed 2 second(s)

2018-09-24 11:32:07 - [TEST_STEP][PASSED] - click: Object: 'Object Repository/Page_Shop Lash Primers  Lash Treatm/svg_ 2018 Birchbox_icon__svg__' is clicked on

2018-09-24 11:32:07 - [MESSAGE][PASSED] - Object: 'Object Repository/Page_Shop Lash Primers  Lash Treatm/svg_ 2018 Birchbox_icon__svg__' is clicked on

2018-09-24 11:32:07 - [TEST_STEP][PASSED] - waitForElementVisible: Object 'Object Repository/Page_Shop Whats New/div_Makeup' is visible

2018-09-24 11:32:07 - [MESSAGE][WARNING] - Timeout '0' is invalid. Using default page load timeout: '90'

2018-09-24 11:32:08 - [MESSAGE][PASSED] - Object 'Object Repository/Page_Shop Whats New/div_Makeup' is visible

2018-09-24 11:32:08 - [TEST_STEP][PASSED] - waitForElementClickable: Object 'Object Repository/Page_Shop Whats New/div_Makeup' is clickable

2018-09-24 11:32:08 - [MESSAGE][WARNING] - Timeout '0' is invalid. Using default page load timeout: '90'

2018-09-24 11:32:08 - [MESSAGE][PASSED] - Object 'Object Repository/Page_Shop Whats New/div_Makeup' is clickable

2018-09-24 11:32:08 - [TEST_STEP][PASSED] - click: Object: 'Object Repository/Page_Shop Lash Primers  Lash Treatm/div_Makeup' is clicked on

2018-09-24 11:32:08 - [MESSAGE][PASSED] - Object: 'Object Repository/Page_Shop Lash Primers  Lash Treatm/div_Makeup' is clicked on

2018-09-24 11:32:08 - [TEST_STEP][PASSED] - click: Object: 'Object Repository/Page_Shop Lash Primers  Lash Treatm/div_Eye' is clicked on

2018-09-24 11:32:08 - [MESSAGE][PASSED] - Object: 'Object Repository/Page_Shop Lash Primers  Lash Treatm/div_Eye' is clicked on

2018-09-24 11:32:08 - [TEST_STEP][PASSED] - delay: Delayed 1 second(s)

2018-09-24 11:32:09 - [MESSAGE][PASSED] - Delayed 1 second(s)

2018-09-24 11:32:09 - [TEST_STEP][PASSED] - waitForElementVisible: Object 'Object Repository/Page_Beauty Box Subscription for Wo/a_False Lashes' is visible

2018-09-24 11:32:09 - [MESSAGE][WARNING] - Timeout '0' is invalid. Using default page load timeout: '90'

2018-09-24 11:32:09 - [MESSAGE][PASSED] - Object 'Object Repository/Page_Beauty Box Subscription for Wo/a_False Lashes' is visible

2018-09-24 11:32:09 - [TEST_STEP][PASSED] - waitForElementClickable: Object 'Object Repository/Page_Beauty Box Subscription for Wo/a_False Lashes' is clickable

2018-09-24 11:32:09 - [MESSAGE][WARNING] - Timeout '0' is invalid. Using default page load timeout: '90'

2018-09-24 11:32:09 - [MESSAGE][PASSED] - Object 'Object Repository/Page_Beauty Box Subscription for Wo/a_False Lashes' is clickable

2018-09-24 11:32:09 - [TEST_STEP][PASSED] - click: Object: 'Object Repository/Page_Beauty Box Subscription for Wo/a_False Lashes' is clicked on

2018-09-24 11:32:10 - [MESSAGE][PASSED] - Object: 'Object Repository/Page_Beauty Box Subscription for Wo/a_False Lashes' is clicked on

2018-09-24 11:32:10 - [TEST_STEP][PASSED] - delay: Delayed 2 second(s)

2018-09-24 11:32:12 - [MESSAGE][PASSED] - Delayed 2 second(s)

2018-09-24 11:32:12 - [TEST_STEP][PASSED] - click: Object: 'Object Repository/Page_Shop False Lashes/svg_ 2018 Birchbox_icon__svg__' is clicked on

2018-09-24 11:32:12 - [MESSAGE][PASSED] - Object: 'Object Repository/Page_Shop False Lashes/svg_ 2018 Birchbox_icon__svg__' is clicked on

2018-09-24 11:32:12 - [TEST_STEP][PASSED] - waitForElementVisible: Object 'Object Repository/Page_Shop Whats New/div_Makeup' is visible

2018-09-24 11:32:12 - [MESSAGE][WARNING] - Timeout '0' is invalid. Using default page load timeout: '90'

2018-09-24 11:32:12 - [MESSAGE][PASSED] - Object 'Object Repository/Page_Shop Whats New/div_Makeup' is visible

2018-09-24 11:32:12 - [TEST_STEP][PASSED] - waitForElementClickable: Object 'Object Repository/Page_Shop Whats New/div_Makeup' is clickable

2018-09-24 11:32:12 - [MESSAGE][WARNING] - Timeout '0' is invalid. Using default page load timeout: '90'

2018-09-24 11:32:12 - [MESSAGE][PASSED] - Object 'Object Repository/Page_Shop Whats New/div_Makeup' is clickable

2018-09-24 11:32:12 - [TEST_STEP][PASSED] - click: Object: 'Object Repository/Page_Shop False Lashes/div_Makeup' is clicked on

2018-09-24 11:32:12 - [MESSAGE][PASSED] - Object: 'Object Repository/Page_Shop False Lashes/div_Makeup' is clicked on

2018-09-24 11:32:12 - [TEST_STEP][PASSED] - click: Object: 'Object Repository/Page_Shop False Lashes/div_Eye' is clicked on

2018-09-24 11:32:12 - [MESSAGE][PASSED] - Object: 'Object Repository/Page_Shop False Lashes/div_Eye' is clicked on

2018-09-24 11:32:12 - [TEST_STEP][PASSED] - delay: Delayed 1 second(s)

2018-09-24 11:32:13 - [MESSAGE][PASSED] - Delayed 1 second(s)

2018-09-24 11:32:13 - [TEST_STEP][PASSED] - waitForElementVisible: Object 'Object Repository/Page_Beauty Box Subscription for Wo/a_Eye Sets  Palettes' is visible

2018-09-24 11:32:13 - [MESSAGE][WARNING] - Timeout '0' is invalid. Using default page load timeout: '90'

2018-09-24 11:32:14 - [MESSAGE][PASSED] - Object 'Object Repository/Page_Beauty Box Subscription for Wo/a_Eye Sets  Palettes' is visible

2018-09-24 11:32:14 - [TEST_STEP][PASSED] - waitForElementClickable: Object 'Object Repository/Page_Beauty Box Subscription for Wo/a_Eye Sets  Palettes' is clickable

2018-09-24 11:32:14 - [MESSAGE][WARNING] - Timeout '0' is invalid. Using default page load timeout: '90'

2018-09-24 11:32:14 - [MESSAGE][PASSED] - Object 'Object Repository/Page_Beauty Box Subscription for Wo/a_Eye Sets  Palettes' is clickable

2018-09-24 11:32:14 - [TEST_STEP][PASSED] - click: Object: 'Object Repository/Page_Beauty Box Subscription for Wo/a_Eye Sets  Palettes' is clicked on

2018-09-24 11:32:14 - [MESSAGE][PASSED] - Object: 'Object Repository/Page_Beauty Box Subscription for Wo/a_Eye Sets  Palettes' is clicked on

2018-09-24 11:32:14 - [TEST_STEP][PASSED] - delay: Delayed 2 second(s)

2018-09-24 11:32:16 - [MESSAGE][PASSED] - Delayed 2 second(s)

2018-09-24 11:32:16 - [TEST_STEP][PASSED] - click: Object: 'Object Repository/Page_Shop Eye Makeup Sets and Makeu/svg_ 2018 Birchbox_icon__svg__' is clicked on

2018-09-24 11:32:16 - [MESSAGE][PASSED] - Object: 'Object Repository/Page_Shop Eye Makeup Sets and Makeu/svg_ 2018 Birchbox_icon__svg__' is clicked on

2018-09-24 11:32:16 - [TEST_STEP][PASSED] - waitForElementVisible: Object 'Object Repository/Page_Shop Whats New/div_Makeup' is visible

2018-09-24 11:32:16 - [MESSAGE][WARNING] - Timeout '0' is invalid. Using default page load timeout: '90'

2018-09-24 11:32:16 - [MESSAGE][PASSED] - Object 'Object Repository/Page_Shop Whats New/div_Makeup' is visible

2018-09-24 11:32:16 - [TEST_STEP][PASSED] - waitForElementClickable: Object 'Object Repository/Page_Shop Whats New/div_Makeup' is clickable

2018-09-24 11:32:16 - [MESSAGE][WARNING] - Timeout '0' is invalid. Using default page load timeout: '90'

2018-09-24 11:32:16 - [MESSAGE][PASSED] - Object 'Object Repository/Page_Shop Whats New/div_Makeup' is clickable

2018-09-24 11:32:16 - [TEST_STEP][PASSED] - click: Object: 'Object Repository/Page_Shop Eye Makeup Sets and Makeu/div_Makeup' is clicked on

2018-09-24 11:32:16 - [MESSAGE][PASSED] - Object: 'Object Repository/Page_Shop Eye Makeup Sets and Makeu/div_Makeup' is clicked on

2018-09-24 11:32:16 - [TEST_STEP][PASSED] - click: Object: 'Object Repository/Page_Shop Eye Makeup Sets and Makeu/div_Cheek' is clicked on

2018-09-24 11:32:17 - [MESSAGE][PASSED] - Object: 'Object Repository/Page_Shop Eye Makeup Sets and Makeu/div_Cheek' is clicked on

2018-09-24 11:32:17 - [TEST_STEP][PASSED] - delay: Delayed 1 second(s)

2018-09-24 11:32:18 - [MESSAGE][PASSED] - Delayed 1 second(s)

2018-09-24 11:32:18 - [TEST_STEP][PASSED] - waitForElementVisible: Object 'Object Repository/Page_Beauty Box Subscription for Wo/a_Blushes' is visible

2018-09-24 11:32:18 - [MESSAGE][WARNING] - Timeout '0' is invalid. Using default page load timeout: '90'

2018-09-24 11:32:18 - [MESSAGE][PASSED] - Object 'Object Repository/Page_Beauty Box Subscription for Wo/a_Blushes' is visible

2018-09-24 11:32:18 - [TEST_STEP][PASSED] - waitForElementClickable: Object 'Object Repository/Page_Beauty Box Subscription for Wo/a_Blushes' is clickable

2018-09-24 11:32:18 - [MESSAGE][WARNING] - Timeout '0' is invalid. Using default page load timeout: '90'

2018-09-24 11:32:18 - [MESSAGE][PASSED] - Object 'Object Repository/Page_Beauty Box Subscription for Wo/a_Blushes' is clickable

2018-09-24 11:32:18 - [TEST_STEP][PASSED] - click: Object: 'Object Repository/Page_Beauty Box Subscription for Wo/a_Blushes' is clicked on

2018-09-24 11:32:18 - [MESSAGE][PASSED] - Object: 'Object Repository/Page_Beauty Box Subscription for Wo/a_Blushes' is clicked on

2018-09-24 11:32:18 - [TEST_STEP][PASSED] - delay: Delayed 2 second(s)

2018-09-24 11:32:20 - [MESSAGE][PASSED] - Delayed 2 second(s)

2018-09-24 11:32:20 - [TEST_STEP][PASSED] - click: Object: 'Object Repository/Page_Shop Makeup Blush/svg_ 2018 Birchbox_icon__svg__' is clicked on

2018-09-24 11:32:20 - [MESSAGE][PASSED] - Object: 'Object Repository/Page_Shop Makeup Blush/svg_ 2018 Birchbox_icon__svg__' is clicked on

2018-09-24 11:32:20 - [TEST_STEP][PASSED] - waitForElementVisible: Object 'Object Repository/Page_Shop Whats New/div_Makeup' is visible

2018-09-24 11:32:20 - [MESSAGE][WARNING] - Timeout '0' is invalid. Using default page load timeout: '90'

2018-09-24 11:32:21 - [MESSAGE][PASSED] - Object 'Object Repository/Page_Shop Whats New/div_Makeup' is visible

2018-09-24 11:32:21 - [TEST_STEP][PASSED] - waitForElementClickable: Object 'Object Repository/Page_Shop Whats New/div_Makeup' is clickable

2018-09-24 11:32:21 - [MESSAGE][WARNING] - Timeout '0' is invalid. Using default page load timeout: '90'

2018-09-24 11:32:21 - [MESSAGE][PASSED] - Object 'Object Repository/Page_Shop Whats New/div_Makeup' is clickable

2018-09-24 11:32:21 - [TEST_STEP][PASSED] - click: Object: 'Object Repository/Page_Shop Makeup Blush/div_Makeup' is clicked on

2018-09-24 11:32:21 - [MESSAGE][PASSED] - Object: 'Object Repository/Page_Shop Makeup Blush/div_Makeup' is clicked on

2018-09-24 11:32:21 - [TEST_STEP][PASSED] - click: Object: 'Object Repository/Page_Shop Makeup Blush/div_Cheek' is clicked on

2018-09-24 11:32:21 - [MESSAGE][PASSED] - Object: 'Object Repository/Page_Shop Makeup Blush/div_Cheek' is clicked on

2018-09-24 11:32:21 - [TEST_STEP][PASSED] - delay: Delayed 1 second(s)

2018-09-24 11:32:22 - [MESSAGE][PASSED] - Delayed 1 second(s)

2018-09-24 11:32:22 - [TEST_STEP][PASSED] - waitForElementVisible: Object 'Object Repository/Page_Beauty Box Subscription for Wo/a_Bronzers' is visible

2018-09-24 11:32:22 - [MESSAGE][WARNING] - Timeout '0' is invalid. Using default page load timeout: '90'

2018-09-24 11:32:22 - [MESSAGE][PASSED] - Object 'Object Repository/Page_Beauty Box Subscription for Wo/a_Bronzers' is visible

2018-09-24 11:32:22 - [TEST_STEP][PASSED] - waitForElementClickable: Object 'Object Repository/Page_Beauty Box Subscription for Wo/a_Bronzers' is clickable

2018-09-24 11:32:22 - [MESSAGE][WARNING] - Timeout '0' is invalid. Using default page load timeout: '90'

2018-09-24 11:32:22 - [MESSAGE][PASSED] - Object 'Object Repository/Page_Beauty Box Subscription for Wo/a_Bronzers' is clickable

2018-09-24 11:32:22 - [TEST_STEP][PASSED] - click: Object: 'Object Repository/Page_Beauty Box Subscription for Wo/a_Bronzers' is clicked on

2018-09-24 11:32:23 - [MESSAGE][PASSED] - Object: 'Object Repository/Page_Beauty Box Subscription for Wo/a_Bronzers' is clicked on

2018-09-24 11:32:23 - [TEST_STEP][PASSED] - delay: Delayed 2 second(s)

2018-09-24 11:32:25 - [MESSAGE][PASSED] - Delayed 2 second(s)

2018-09-24 11:32:25 - [TEST_STEP][PASSED] - click: Object: 'Object Repository/Page_Shop Makeup Bronzer/svg_ 2018 Birchbox_icon__svg__' is clicked on

2018-09-24 11:32:25 - [MESSAGE][PASSED] - Object: 'Object Repository/Page_Shop Makeup Bronzer/svg_ 2018 Birchbox_icon__svg__' is clicked on

2018-09-24 11:32:25 - [TEST_STEP][PASSED] - waitForElementVisible: Object 'Object Repository/Page_Shop Whats New/div_Makeup' is visible

2018-09-24 11:32:25 - [MESSAGE][WARNING] - Timeout '0' is invalid. Using default page load timeout: '90'

2018-09-24 11:32:25 - [MESSAGE][PASSED] - Object 'Object Repository/Page_Shop Whats New/div_Makeup' is visible

2018-09-24 11:32:25 - [TEST_STEP][PASSED] - waitForElementClickable: Object 'Object Repository/Page_Shop Whats New/div_Makeup' is clickable

2018-09-24 11:32:25 - [MESSAGE][WARNING] - Timeout '0' is invalid. Using default page load timeout: '90'

2018-09-24 11:32:25 - [MESSAGE][PASSED] - Object 'Object Repository/Page_Shop Whats New/div_Makeup' is clickable

2018-09-24 11:32:25 - [TEST_STEP][PASSED] - click: Object: 'Object Repository/Page_Shop Makeup Bronzer/div_Makeup' is clicked on

2018-09-24 11:32:25 - [MESSAGE][PASSED] - Object: 'Object Repository/Page_Shop Makeup Bronzer/div_Makeup' is clicked on

2018-09-24 11:32:25 - [TEST_STEP][PASSED] - click: Object: 'Object Repository/Page_Shop Makeup Bronzer/div_Cheek' is clicked on

2018-09-24 11:32:25 - [MESSAGE][PASSED] - Object: 'Object Repository/Page_Shop Makeup Bronzer/div_Cheek' is clicked on

2018-09-24 11:32:25 - [TEST_STEP][PASSED] - waitForElementVisible: Object 'Object Repository/Page_Beauty Box Subscription for Wo/a_Highlighters' is visible

2018-09-24 11:32:26 - [MESSAGE][WARNING] - Timeout '0' is invalid. Using default page load timeout: '90'

2018-09-24 11:32:26 - [MESSAGE][PASSED] - Object 'Object Repository/Page_Beauty Box Subscription for Wo/a_Highlighters' is visible

2018-09-24 11:32:26 - [TEST_STEP][PASSED] - waitForElementClickable: Object 'Object Repository/Page_Beauty Box Subscription for Wo/a_Highlighters' is clickable

2018-09-24 11:32:26 - [MESSAGE][WARNING] - Timeout '0' is invalid. Using default page load timeout: '90'

2018-09-24 11:32:26 - [MESSAGE][PASSED] - Object 'Object Repository/Page_Beauty Box Subscription for Wo/a_Highlighters' is clickable

2018-09-24 11:32:26 - [TEST_STEP][FAILED] - click: Unable to click on object 'Object Repository/Page_Beauty Box Subscription for Wo/a_Highlighters' (Root cause: org.openqa.selenium.WebDriverException: unknown error: Element <a class="StyledLink-khUpca fgCKOS" href="/category/2653">...</a> is not clickable at point (61, 632). Other element would receive the click: <div class="Drawer__MaskDiv-VGhMm utilities__cover___WKDvY gqjSAR" style="opacity: 0;"></div>
  (Session info: chrome=69.0.3497.100)
  (Driver info: chromedriver=2.35.528161 (5b82f2d2aae0ca24b877009200ced9065a772e73),platform=Windows NT 6.1.7601 SP1 x86_64) (WARNING: The server did not provide any stacktrace information)
Command duration or timeout: 0 milliseconds
Build info: version: '3.7.1', revision: '8a0099a', time: '2017-11-06T21:07:36.161Z'
System info: host: 'PLEMKTPLACE-08', ip: '10.241.184.32', os.name: 'Windows 7', os.arch: 'amd64', os.version: '6.1', java.version: '1.8.0_181'
Driver info: com.kms.katalon.selenium.driver.CChromeDriver
Capabilities {acceptInsecureCerts: false, acceptSslCerts: false, applicationCacheEnabled: false, browserConnectionEnabled: false, browserName: chrome, chrome: {chromedriverVersion: 2.35.528161 (5b82f2d2aae0ca..., userDataDir: C:\Users\vbrooks\AppData\Lo...}, cssSelectorsEnabled: true, databaseEnabled: false, handlesAlerts: true, hasTouchScreen: false, javascriptEnabled: true, locationContextEnabled: true, mobileEmulationEnabled: false, nativeEvents: true, networkConnectionEnabled: false, pageLoadStrategy: normal, platform: XP, platformName: XP, rotatable: false, setWindowRect: true, takesHeapSnapshot: true, takesScreenshot: true, unexpectedAlertBehaviour: , unhandledPromptBehavior: , version: 69.0.3497.100, webStorageEnabled: true}
Session ID: 9f621557be015284066699ff6113259a)

2018-09-24 11:32:26 - [MESSAGE][FAILED] - Unable to click on object 'Object Repository/Page_Beauty Box Subscription for Wo/a_Highlighters' (Root cause: org.openqa.selenium.WebDriverException: unknown error: Element <a class="StyledLink-khUpca fgCKOS" href="/category/2653">...</a> is not clickable at point (61, 632). Other element would receive the click: <div class="Drawer__MaskDiv-VGhMm utilities__cover___WKDvY gqjSAR" style="opacity: 0;"></div>
  (Session info: chrome=69.0.3497.100)
  (Driver info: chromedriver=2.35.528161 (5b82f2d2aae0ca24b877009200ced9065a772e73),platform=Windows NT 6.1.7601 SP1 x86_64) (WARNING: The server did not provide any stacktrace information)
Command duration or timeout: 0 milliseconds
Build info: version: '3.7.1', revision: '8a0099a', time: '2017-11-06T21:07:36.161Z'
System info: host: 'PLEMKTPLACE-08', ip: '10.241.184.32', os.name: 'Windows 7', os.arch: 'amd64', os.version: '6.1', java.version: '1.8.0_181'
Driver info: com.kms.katalon.selenium.driver.CChromeDriver
Capabilities {acceptInsecureCerts: false, acceptSslCerts: false, applicationCacheEnabled: false, browserConnectionEnabled: false, browserName: chrome, chrome: {chromedriverVersion: 2.35.528161 (5b82f2d2aae0ca..., userDataDir: C:\Users\vbrooks\AppData\Lo...}, cssSelectorsEnabled: true, databaseEnabled: false, handlesAlerts: true, hasTouchScreen: false, javascriptEnabled: true, locationContextEnabled: true, mobileEmulationEnabled: false, nativeEvents: true, networkConnectionEnabled: false, pageLoadStrategy: normal, platform: XP, platformName: XP, rotatable: false, setWindowRect: true, takesHeapSnapshot: true, takesScreenshot: true, unexpectedAlertBehaviour: , unhandledPromptBehavior: , version: 69.0.3497.100, webStorageEnabled: true}
Session ID: 9f621557be015284066699ff6113259a)]]></system-out>
         <system-err><![CDATA[2018-09-24 11:31:02 - [TEST_CASE][FAILED] - Test Cases/US mobile test/Test all Shop top-level categories for Womens Shop (Makeup): Test Cases/US mobile test/Test all Shop top-level categories for Womens Shop (Makeup) FAILED because (of) (Stack trace: com.kms.katalon.core.exception.StepFailedException: Unable to click on object 'Object Repository/Page_Beauty Box Subscription for Wo/a_Highlighters' (Root cause: org.openqa.selenium.WebDriverException: unknown error: Element <a class="StyledLink-khUpca fgCKOS" href="/category/2653">...</a> is not clickable at point (61, 632). Other element would receive the click: <div class="Drawer__MaskDiv-VGhMm utilities__cover___WKDvY gqjSAR" style="opacity: 0;"></div>
  (Session info: chrome=69.0.3497.100)
  (Driver info: chromedriver=2.35.528161 (5b82f2d2aae0ca24b877009200ced9065a772e73),platform=Windows NT 6.1.7601 SP1 x86_64) (WARNING: The server did not provide any stacktrace information)
Command duration or timeout: 0 milliseconds
Build info: version: '3.7.1', revision: '8a0099a', time: '2017-11-06T21:07:36.161Z'
System info: host: 'PLEMKTPLACE-08', ip: '10.241.184.32', os.name: 'Windows 7', os.arch: 'amd64', os.version: '6.1', java.version: '1.8.0_181'
Driver info: com.kms.katalon.selenium.driver.CChromeDriver
Capabilities {acceptInsecureCerts: false, acceptSslCerts: false, applicationCacheEnabled: false, browserConnectionEnabled: false, browserName: chrome, chrome: {chromedriverVersion: 2.35.528161 (5b82f2d2aae0ca..., userDataDir: C:\Users\vbrooks\AppData\Lo...}, cssSelectorsEnabled: true, databaseEnabled: false, handlesAlerts: true, hasTouchScreen: false, javascriptEnabled: true, locationContextEnabled: true, mobileEmulationEnabled: false, nativeEvents: true, networkConnectionEnabled: false, pageLoadStrategy: normal, platform: XP, platformName: XP, rotatable: false, setWindowRect: true, takesHeapSnapshot: true, takesScreenshot: true, unexpectedAlertBehaviour: , unhandledPromptBehavior: , version: 69.0.3497.100, webStorageEnabled: true}
Session ID: 9f621557be015284066699ff6113259a)
	at com.kms.katalon.core.keyword.internal.KeywordMain.stepFailed(KeywordMain.groovy:36)
	at com.kms.katalon.core.webui.keyword.internal.WebUIKeywordMain.stepFailed(WebUIKeywordMain.groovy:65)
	at com.kms.katalon.core.webui.keyword.internal.WebUIKeywordMain.runKeyword(WebUIKeywordMain.groovy:27)
	at com.kms.katalon.core.webui.keyword.builtin.ClickKeyword.click(ClickKeyword.groovy:86)
	at com.kms.katalon.core.webui.keyword.builtin.ClickKeyword.execute(ClickKeyword.groovy:67)
	at com.kms.katalon.core.keyword.internal.KeywordExecutor.executeKeywordForPlatform(KeywordExecutor.groovy:53)
	at com.kms.katalon.core.webui.keyword.WebUiBuiltInKeywords.click(WebUiBuiltInKeywords.groovy:616)
	at com.kms.katalon.core.webui.keyword.WebUiBuiltInKeywords$click$4.call(Unknown Source)
	at org.codehaus.groovy.runtime.callsite.CallSiteArray.defaultCall(CallSiteArray.java:48)
	at org.codehaus.groovy.runtime.callsite.AbstractCallSite.call(AbstractCallSite.java:113)
	at org.codehaus.groovy.runtime.callsite.AbstractCallSite.call(AbstractCallSite.java:125)
	at Script1536614250757.run(Script1536614250757.groovy:396)
	at com.kms.katalon.core.main.ScriptEngine.run(ScriptEngine.java:183)
	at com.kms.katalon.core.main.ScriptEngine.runScriptAsRawText(ScriptEngine.java:108)
	at com.kms.katalon.core.main.TestCaseExecutor.runScript(TestCaseExecutor.java:294)
	at com.kms.katalon.core.main.TestCaseExecutor.doExecute(TestCaseExecutor.java:285)
	at com.kms.katalon.core.main.TestCaseExecutor.processExecutionPhase(TestCaseExecutor.java:264)
	at com.kms.katalon.core.main.TestCaseExecutor.accessMainPhase(TestCaseExecutor.java:256)
	at com.kms.katalon.core.main.TestCaseExecutor.execute(TestCaseExecutor.java:200)
	at com.kms.katalon.core.main.TestSuiteExecutor.accessTestCaseMainPhase(TestSuiteExecutor.java:129)
	at com.kms.katalon.core.main.TestSuiteExecutor.accessTestSuiteMainPhase(TestSuiteExecutor.java:112)
	at com.kms.katalon.core.main.TestSuiteExecutor.execute(TestSuiteExecutor.java:81)
	at com.kms.katalon.core.main.TestCaseMain.startTestSuite(TestCaseMain.java:142)
	at com.kms.katalon.core.main.TestCaseMain$startTestSuite$0.call(Unknown Source)
	at org.codehaus.groovy.runtime.callsite.CallSiteArray.defaultCall(CallSiteArray.java:48)
	at org.codehaus.groovy.runtime.callsite.AbstractCallSite.call(AbstractCallSite.java:113)
	at org.codehaus.groovy.runtime.callsite.AbstractCallSite.call(AbstractCallSite.java:141)
	at TempTestSuite1537813840264.run(TempTestSuite1537813840264.groovy:36)
	at groovy.lang.GroovyShell.runScriptOrMainOrTestOrRunnable(GroovyShell.java:263)
	at groovy.lang.GroovyShell.run(GroovyShell.java:518)
	at groovy.lang.GroovyShell.run(GroovyShell.java:507)
	at groovy.ui.GroovyMain.processOnce(GroovyMain.java:653)
	at groovy.ui.GroovyMain.run(GroovyMain.java:384)
	at groovy.ui.GroovyMain.process(GroovyMain.java:370)
	at groovy.ui.GroovyMain.processArgs(GroovyMain.java:129)
	at groovy.ui.GroovyMain.main(GroovyMain.java:109)
	at sun.reflect.NativeMethodAccessorImpl.invoke0(Native Method)
	at sun.reflect.NativeMethodAccessorImpl.invoke(NativeMethodAccessorImpl.java:62)
	at sun.reflect.DelegatingMethodAccessorImpl.invoke(DelegatingMethodAccessorImpl.java:43)
	at java.lang.reflect.Method.invoke(Method.java:498)
	at org.codehaus.groovy.tools.GroovyStarter.rootLoader(GroovyStarter.java:109)
	at org.codehaus.groovy.tools.GroovyStarter.main(GroovyStarter.java:131)
)]]></system-err>
      </testcase>
      <testcase name="Test Cases/US mobile test/Test all Shop top-level categories for Womens Shop (Hair)" classname="Test Cases/US mobile test/Test all Shop top-level categories for Womens Shop (Hair)" status="FAILED">
         <failure type="FAILED" message="(Stack trace: com.kms.katalon.core.exception.StepFailedException: Unable to click on object 'Object Repository/Page_Beauty Box Subscription for Wo/a_Blowout Creams  Sprays' (Root cause: org.openqa.selenium.WebDriverException: unknown error: Element &lt;a class=&quot;StyledLink-khUpca fgCKOS&quot; href=&quot;/category/3384&quot;>...&lt;/a> is not clickable at point (111, 491). Other element would receive the click: &lt;div class=&quot;Drawer__MaskDiv-VGhMm utilities__cover___WKDvY gqjSAR&quot; style=&quot;opacity: 0;&quot;>&lt;/div>
  (Session info: chrome=69.0.3497.100)
  (Driver info: chromedriver=2.35.528161 (5b82f2d2aae0ca24b877009200ced9065a772e73),platform=Windows NT 6.1.7601 SP1 x86_64) (WARNING: The server did not provide any stacktrace information)
Command duration or timeout: 0 milliseconds
Build info: version: '3.7.1', revision: '8a0099a', time: '2017-11-06T21:07:36.161Z'
System info: host: 'PLEMKTPLACE-08', ip: '10.241.184.32', os.name: 'Windows 7', os.arch: 'amd64', os.version: '6.1', java.version: '1.8.0_181'
Driver info: com.kms.katalon.selenium.driver.CChromeDriver
Capabilities {acceptInsecureCerts: false, acceptSslCerts: false, applicationCacheEnabled: false, browserConnectionEnabled: false, browserName: chrome, chrome: {chromedriverVersion: 2.35.528161 (5b82f2d2aae0ca..., userDataDir: C:\Users\vbrooks\AppData\Lo...}, cssSelectorsEnabled: true, databaseEnabled: false, handlesAlerts: true, hasTouchScreen: false, javascriptEnabled: true, locationContextEnabled: true, mobileEmulationEnabled: false, nativeEvents: true, networkConnectionEnabled: false, pageLoadStrategy: normal, platform: XP, platformName: XP, rotatable: false, setWindowRect: true, takesHeapSnapshot: true, takesScreenshot: true, unexpectedAlertBehaviour: , unhandledPromptBehavior: , version: 69.0.3497.100, webStorageEnabled: true}
Session ID: 9f621557be015284066699ff6113259a)
	at com.kms.katalon.core.keyword.internal.KeywordMain.stepFailed(KeywordMain.groovy:36)
	at com.kms.katalon.core.webui.keyword.internal.WebUIKeywordMain.stepFailed(WebUIKeywordMain.groovy:65)
	at com.kms.katalon.core.webui.keyword.internal.WebUIKeywordMain.runKeyword(WebUIKeywordMain.groovy:27)
	at com.kms.katalon.core.webui.keyword.builtin.ClickKeyword.click(ClickKeyword.groovy:86)
	at com.kms.katalon.core.webui.keyword.builtin.ClickKeyword.execute(ClickKeyword.groovy:67)
	at com.kms.katalon.core.keyword.internal.KeywordExecutor.executeKeywordForPlatform(KeywordExecutor.groovy:53)
	at com.kms.katalon.core.webui.keyword.WebUiBuiltInKeywords.click(WebUiBuiltInKeywords.groovy:616)
	at com.kms.katalon.core.webui.keyword.WebUiBuiltInKeywords$click$4.call(Unknown Source)
	at org.codehaus.groovy.runtime.callsite.CallSiteArray.defaultCall(CallSiteArray.java:48)
	at org.codehaus.groovy.runtime.callsite.AbstractCallSite.call(AbstractCallSite.java:113)
	at org.codehaus.groovy.runtime.callsite.AbstractCallSite.call(AbstractCallSite.java:125)
	at Script1536614341005.run(Script1536614341005.groovy:233)
	at com.kms.katalon.core.main.ScriptEngine.run(ScriptEngine.java:183)
	at com.kms.katalon.core.main.ScriptEngine.runScriptAsRawText(ScriptEngine.java:108)
	at com.kms.katalon.core.main.TestCaseExecutor.runScript(TestCaseExecutor.java:294)
	at com.kms.katalon.core.main.TestCaseExecutor.doExecute(TestCaseExecutor.java:285)
	at com.kms.katalon.core.main.TestCaseExecutor.processExecutionPhase(TestCaseExecutor.java:264)
	at com.kms.katalon.core.main.TestCaseExecutor.accessMainPhase(TestCaseExecutor.java:256)
	at com.kms.katalon.core.main.TestCaseExecutor.execute(TestCaseExecutor.java:200)
	at com.kms.katalon.core.main.TestSuiteExecutor.accessTestCaseMainPhase(TestSuiteExecutor.java:129)
	at com.kms.katalon.core.main.TestSuiteExecutor.accessTestSuiteMainPhase(TestSuiteExecutor.java:112)
	at com.kms.katalon.core.main.TestSuiteExecutor.execute(TestSuiteExecutor.java:81)
	at com.kms.katalon.core.main.TestCaseMain.startTestSuite(TestCaseMain.java:142)
	at com.kms.katalon.core.main.TestCaseMain$startTestSuite$0.call(Unknown Source)
	at org.codehaus.groovy.runtime.callsite.CallSiteArray.defaultCall(CallSiteArray.java:48)
	at org.codehaus.groovy.runtime.callsite.AbstractCallSite.call(AbstractCallSite.java:113)
	at org.codehaus.groovy.runtime.callsite.AbstractCallSite.call(AbstractCallSite.java:141)
	at TempTestSuite1537813840264.run(TempTestSuite1537813840264.groovy:36)
	at groovy.lang.GroovyShell.runScriptOrMainOrTestOrRunnable(GroovyShell.java:263)
	at groovy.lang.GroovyShell.run(GroovyShell.java:518)
	at groovy.lang.GroovyShell.run(GroovyShell.java:507)
	at groovy.ui.GroovyMain.processOnce(GroovyMain.java:653)
	at groovy.ui.GroovyMain.run(GroovyMain.java:384)
	at groovy.ui.GroovyMain.process(GroovyMain.java:370)
	at groovy.ui.GroovyMain.processArgs(GroovyMain.java:129)
	at groovy.ui.GroovyMain.main(GroovyMain.java:109)
	at sun.reflect.NativeMethodAccessorImpl.invoke0(Native Method)
	at sun.reflect.NativeMethodAccessorImpl.invoke(NativeMethodAccessorImpl.java:62)
	at sun.reflect.DelegatingMethodAccessorImpl.invoke(DelegatingMethodAccessorImpl.java:43)
	at java.lang.reflect.Method.invoke(Method.java:498)
	at org.codehaus.groovy.tools.GroovyStarter.rootLoader(GroovyStarter.java:109)
	at org.codehaus.groovy.tools.GroovyStarter.main(GroovyStarter.java:131)
)"/>
         <system-out><![CDATA[2018-09-24 11:32:26 - [TEST_CASE][FAILED] - Test Cases/US mobile test/Test all Shop top-level categories for Womens Shop (Hair): Test Cases/US mobile test/Test all Shop top-level categories for Womens Shop (Hair) FAILED because (of) (Stack trace: com.kms.katalon.core.exception.StepFailedException: Unable to click on object 'Object Repository/Page_Beauty Box Subscription for Wo/a_Blowout Creams  Sprays' (Root cause: org.openqa.selenium.WebDriverException: unknown error: Element <a class="StyledLink-khUpca fgCKOS" href="/category/3384">...</a> is not clickable at point (111, 491). Other element would receive the click: <div class="Drawer__MaskDiv-VGhMm utilities__cover___WKDvY gqjSAR" style="opacity: 0;"></div>
  (Session info: chrome=69.0.3497.100)
  (Driver info: chromedriver=2.35.528161 (5b82f2d2aae0ca24b877009200ced9065a772e73),platform=Windows NT 6.1.7601 SP1 x86_64) (WARNING: The server did not provide any stacktrace information)
Command duration or timeout: 0 milliseconds
Build info: version: '3.7.1', revision: '8a0099a', time: '2017-11-06T21:07:36.161Z'
System info: host: 'PLEMKTPLACE-08', ip: '10.241.184.32', os.name: 'Windows 7', os.arch: 'amd64', os.version: '6.1', java.version: '1.8.0_181'
Driver info: com.kms.katalon.selenium.driver.CChromeDriver
Capabilities {acceptInsecureCerts: false, acceptSslCerts: false, applicationCacheEnabled: false, browserConnectionEnabled: false, browserName: chrome, chrome: {chromedriverVersion: 2.35.528161 (5b82f2d2aae0ca..., userDataDir: C:\Users\vbrooks\AppData\Lo...}, cssSelectorsEnabled: true, databaseEnabled: false, handlesAlerts: true, hasTouchScreen: false, javascriptEnabled: true, locationContextEnabled: true, mobileEmulationEnabled: false, nativeEvents: true, networkConnectionEnabled: false, pageLoadStrategy: normal, platform: XP, platformName: XP, rotatable: false, setWindowRect: true, takesHeapSnapshot: true, takesScreenshot: true, unexpectedAlertBehaviour: , unhandledPromptBehavior: , version: 69.0.3497.100, webStorageEnabled: true}
Session ID: 9f621557be015284066699ff6113259a)
	at com.kms.katalon.core.keyword.internal.KeywordMain.stepFailed(KeywordMain.groovy:36)
	at com.kms.katalon.core.webui.keyword.internal.WebUIKeywordMain.stepFailed(WebUIKeywordMain.groovy:65)
	at com.kms.katalon.core.webui.keyword.internal.WebUIKeywordMain.runKeyword(WebUIKeywordMain.groovy:27)
	at com.kms.katalon.core.webui.keyword.builtin.ClickKeyword.click(ClickKeyword.groovy:86)
	at com.kms.katalon.core.webui.keyword.builtin.ClickKeyword.execute(ClickKeyword.groovy:67)
	at com.kms.katalon.core.keyword.internal.KeywordExecutor.executeKeywordForPlatform(KeywordExecutor.groovy:53)
	at com.kms.katalon.core.webui.keyword.WebUiBuiltInKeywords.click(WebUiBuiltInKeywords.groovy:616)
	at com.kms.katalon.core.webui.keyword.WebUiBuiltInKeywords$click$4.call(Unknown Source)
	at org.codehaus.groovy.runtime.callsite.CallSiteArray.defaultCall(CallSiteArray.java:48)
	at org.codehaus.groovy.runtime.callsite.AbstractCallSite.call(AbstractCallSite.java:113)
	at org.codehaus.groovy.runtime.callsite.AbstractCallSite.call(AbstractCallSite.java:125)
	at Script1536614341005.run(Script1536614341005.groovy:233)
	at com.kms.katalon.core.main.ScriptEngine.run(ScriptEngine.java:183)
	at com.kms.katalon.core.main.ScriptEngine.runScriptAsRawText(ScriptEngine.java:108)
	at com.kms.katalon.core.main.TestCaseExecutor.runScript(TestCaseExecutor.java:294)
	at com.kms.katalon.core.main.TestCaseExecutor.doExecute(TestCaseExecutor.java:285)
	at com.kms.katalon.core.main.TestCaseExecutor.processExecutionPhase(TestCaseExecutor.java:264)
	at com.kms.katalon.core.main.TestCaseExecutor.accessMainPhase(TestCaseExecutor.java:256)
	at com.kms.katalon.core.main.TestCaseExecutor.execute(TestCaseExecutor.java:200)
	at com.kms.katalon.core.main.TestSuiteExecutor.accessTestCaseMainPhase(TestSuiteExecutor.java:129)
	at com.kms.katalon.core.main.TestSuiteExecutor.accessTestSuiteMainPhase(TestSuiteExecutor.java:112)
	at com.kms.katalon.core.main.TestSuiteExecutor.execute(TestSuiteExecutor.java:81)
	at com.kms.katalon.core.main.TestCaseMain.startTestSuite(TestCaseMain.java:142)
	at com.kms.katalon.core.main.TestCaseMain$startTestSuite$0.call(Unknown Source)
	at org.codehaus.groovy.runtime.callsite.CallSiteArray.defaultCall(CallSiteArray.java:48)
	at org.codehaus.groovy.runtime.callsite.AbstractCallSite.call(AbstractCallSite.java:113)
	at org.codehaus.groovy.runtime.callsite.AbstractCallSite.call(AbstractCallSite.java:141)
	at TempTestSuite1537813840264.run(TempTestSuite1537813840264.groovy:36)
	at groovy.lang.GroovyShell.runScriptOrMainOrTestOrRunnable(GroovyShell.java:263)
	at groovy.lang.GroovyShell.run(GroovyShell.java:518)
	at groovy.lang.GroovyShell.run(GroovyShell.java:507)
	at groovy.ui.GroovyMain.processOnce(GroovyMain.java:653)
	at groovy.ui.GroovyMain.run(GroovyMain.java:384)
	at groovy.ui.GroovyMain.process(GroovyMain.java:370)
	at groovy.ui.GroovyMain.processArgs(GroovyMain.java:129)
	at groovy.ui.GroovyMain.main(GroovyMain.java:109)
	at sun.reflect.NativeMethodAccessorImpl.invoke0(Native Method)
	at sun.reflect.NativeMethodAccessorImpl.invoke(NativeMethodAccessorImpl.java:62)
	at sun.reflect.DelegatingMethodAccessorImpl.invoke(DelegatingMethodAccessorImpl.java:43)
	at java.lang.reflect.Method.invoke(Method.java:498)
	at org.codehaus.groovy.tools.GroovyStarter.rootLoader(GroovyStarter.java:109)
	at org.codehaus.groovy.tools.GroovyStarter.main(GroovyStarter.java:131)
)

2018-09-24 11:32:27 - [TEST_STEP][NOT_RUN] - callTestCase: NOT_RUN: callTestCase

2018-09-24 11:32:27 - [MESSAGE][NOT_RUN] - NOT_RUN: callTestCase

2018-09-24 11:32:27 - [TEST_STEP][PASSED] - delay: Delayed 2 second(s)

2018-09-24 11:32:29 - [MESSAGE][PASSED] - Delayed 2 second(s)

2018-09-24 11:32:29 - [TEST_STEP][PASSED] - click: Object: 'Object Repository/Page_Beauty Box Subscription for Wo/svg_ 2018 Birchbox_icon__svg__' is clicked on

2018-09-24 11:32:29 - [MESSAGE][PASSED] - Object: 'Object Repository/Page_Beauty Box Subscription for Wo/svg_ 2018 Birchbox_icon__svg__' is clicked on

2018-09-24 11:32:29 - [TEST_STEP][PASSED] - delay: Delayed 1 second(s)

2018-09-24 11:32:30 - [MESSAGE][PASSED] - Delayed 1 second(s)

2018-09-24 11:32:30 - [TEST_STEP][PASSED] - click: Object: 'Object Repository/Page_Beauty Box Subscription for Wo/div_Hair' is clicked on

2018-09-24 11:32:30 - [MESSAGE][PASSED] - Object: 'Object Repository/Page_Beauty Box Subscription for Wo/div_Hair' is clicked on

2018-09-24 11:32:30 - [TEST_STEP][PASSED] - click: Object: 'Object Repository/Page_Beauty Box Subscription for Wo/div_Wash  Care' is clicked on

2018-09-24 11:32:31 - [MESSAGE][PASSED] - Object: 'Object Repository/Page_Beauty Box Subscription for Wo/div_Wash  Care' is clicked on

2018-09-24 11:32:31 - [TEST_STEP][PASSED] - delay: Delayed 1 second(s)

2018-09-24 11:32:32 - [MESSAGE][PASSED] - Delayed 1 second(s)

2018-09-24 11:32:32 - [TEST_STEP][PASSED] - click: Object: 'Object Repository/Page_Beauty Box Subscription for Wo/a_Shampoos' is clicked on

2018-09-24 11:32:32 - [MESSAGE][PASSED] - Object: 'Object Repository/Page_Beauty Box Subscription for Wo/a_Shampoos' is clicked on

2018-09-24 11:32:32 - [TEST_STEP][PASSED] - delay: Delayed 2 second(s)

2018-09-24 11:32:34 - [MESSAGE][PASSED] - Delayed 2 second(s)

2018-09-24 11:32:34 - [TEST_STEP][PASSED] - click: Object: 'Object Repository/Page_Shop Shampoos/svg_ 2018 Birchbox_icon__svg__' is clicked on

2018-09-24 11:32:35 - [MESSAGE][PASSED] - Object: 'Object Repository/Page_Shop Shampoos/svg_ 2018 Birchbox_icon__svg__' is clicked on

2018-09-24 11:32:35 - [TEST_STEP][PASSED] - click: Object: 'Object Repository/Page_Shop Shampoos/div_Hair' is clicked on

2018-09-24 11:32:35 - [MESSAGE][PASSED] - Object: 'Object Repository/Page_Shop Shampoos/div_Hair' is clicked on

2018-09-24 11:32:35 - [TEST_STEP][PASSED] - click: Object: 'Object Repository/Page_Shop Shampoos/div_Wash  Care' is clicked on

2018-09-24 11:32:35 - [MESSAGE][PASSED] - Object: 'Object Repository/Page_Shop Shampoos/div_Wash  Care' is clicked on

2018-09-24 11:32:35 - [TEST_STEP][PASSED] - delay: Delayed 1 second(s)

2018-09-24 11:32:36 - [MESSAGE][PASSED] - Delayed 1 second(s)

2018-09-24 11:32:36 - [TEST_STEP][PASSED] - waitForElementVisible: Object 'Object Repository/Page_Beauty Box Subscription for Wo/a_Conditioners' is visible

2018-09-24 11:32:36 - [MESSAGE][WARNING] - Timeout '0' is invalid. Using default page load timeout: '90'

2018-09-24 11:32:36 - [MESSAGE][PASSED] - Object 'Object Repository/Page_Beauty Box Subscription for Wo/a_Conditioners' is visible

2018-09-24 11:32:36 - [TEST_STEP][PASSED] - waitForElementClickable: Object 'Object Repository/Page_Beauty Box Subscription for Wo/a_Conditioners' is clickable

2018-09-24 11:32:36 - [MESSAGE][WARNING] - Timeout '0' is invalid. Using default page load timeout: '90'

2018-09-24 11:32:36 - [MESSAGE][PASSED] - Object 'Object Repository/Page_Beauty Box Subscription for Wo/a_Conditioners' is clickable

2018-09-24 11:32:36 - [TEST_STEP][PASSED] - click: Object: 'Object Repository/Page_Beauty Box Subscription for Wo/a_Conditioners' is clicked on

2018-09-24 11:32:37 - [MESSAGE][PASSED] - Object: 'Object Repository/Page_Beauty Box Subscription for Wo/a_Conditioners' is clicked on

2018-09-24 11:32:37 - [TEST_STEP][PASSED] - delay: Delayed 2 second(s)

2018-09-24 11:32:39 - [MESSAGE][PASSED] - Delayed 2 second(s)

2018-09-24 11:32:39 - [TEST_STEP][PASSED] - click: Object: 'Object Repository/Page_Shop Hair Conditioners/svg_ 2018 Birchbox_icon__svg__' is clicked on

2018-09-24 11:32:39 - [MESSAGE][PASSED] - Object: 'Object Repository/Page_Shop Hair Conditioners/svg_ 2018 Birchbox_icon__svg__' is clicked on

2018-09-24 11:32:39 - [TEST_STEP][PASSED] - delay: Delayed 1 second(s)

2018-09-24 11:32:40 - [MESSAGE][PASSED] - Delayed 1 second(s)

2018-09-24 11:32:40 - [TEST_STEP][PASSED] - click: Object: 'Object Repository/Page_Shop Hair Conditioners/div_Hair' is clicked on

2018-09-24 11:32:40 - [MESSAGE][PASSED] - Object: 'Object Repository/Page_Shop Hair Conditioners/div_Hair' is clicked on

2018-09-24 11:32:40 - [TEST_STEP][PASSED] - click: Object: 'Object Repository/Page_Shop Hair Conditioners/div_Wash  Care' is clicked on

2018-09-24 11:32:40 - [MESSAGE][PASSED] - Object: 'Object Repository/Page_Shop Hair Conditioners/div_Wash  Care' is clicked on

2018-09-24 11:32:40 - [TEST_STEP][PASSED] - delay: Delayed 1 second(s)

2018-09-24 11:32:41 - [MESSAGE][PASSED] - Delayed 1 second(s)

2018-09-24 11:32:41 - [TEST_STEP][PASSED] - waitForElementClickable: Object 'Object Repository/Page_Beauty Box Subscription for Wo/a_Cleansing Conditioners' is clickable

2018-09-24 11:32:41 - [MESSAGE][WARNING] - Timeout '0' is invalid. Using default page load timeout: '90'

2018-09-24 11:32:41 - [MESSAGE][PASSED] - Object 'Object Repository/Page_Beauty Box Subscription for Wo/a_Cleansing Conditioners' is clickable

2018-09-24 11:32:41 - [TEST_STEP][PASSED] - click: Object: 'Object Repository/Page_Beauty Box Subscription for Wo/a_Cleansing Conditioners' is clicked on

2018-09-24 11:32:42 - [MESSAGE][PASSED] - Object: 'Object Repository/Page_Beauty Box Subscription for Wo/a_Cleansing Conditioners' is clicked on

2018-09-24 11:32:42 - [TEST_STEP][PASSED] - delay: Delayed 2 second(s)

2018-09-24 11:32:44 - [MESSAGE][PASSED] - Delayed 2 second(s)

2018-09-24 11:32:44 - [TEST_STEP][PASSED] - click: Object: 'Object Repository/Page_Shop Hair Cleansing Conditione/svg_ 2018 Birchbox_icon__svg__' is clicked on

2018-09-24 11:32:44 - [MESSAGE][PASSED] - Object: 'Object Repository/Page_Shop Hair Cleansing Conditione/svg_ 2018 Birchbox_icon__svg__' is clicked on

2018-09-24 11:32:44 - [TEST_STEP][PASSED] - click: Object: 'Object Repository/Page_Shop Hair Cleansing Conditione/div_Hair' is clicked on

2018-09-24 11:32:44 - [MESSAGE][PASSED] - Object: 'Object Repository/Page_Shop Hair Cleansing Conditione/div_Hair' is clicked on

2018-09-24 11:32:44 - [TEST_STEP][PASSED] - click: Object: 'Object Repository/Page_Shop Hair Cleansing Conditione/div_Treat' is clicked on

2018-09-24 11:32:45 - [MESSAGE][PASSED] - Object: 'Object Repository/Page_Shop Hair Cleansing Conditione/div_Treat' is clicked on

2018-09-24 11:32:45 - [TEST_STEP][PASSED] - waitForElementVisible: Object 'Object Repository/Page_Beauty Box Subscription for Wo/a_Detanglers' is visible

2018-09-24 11:32:45 - [MESSAGE][WARNING] - Timeout '0' is invalid. Using default page load timeout: '90'

2018-09-24 11:32:46 - [MESSAGE][PASSED] - Object 'Object Repository/Page_Beauty Box Subscription for Wo/a_Detanglers' is visible

2018-09-24 11:32:46 - [TEST_STEP][PASSED] - click: Object: 'Object Repository/Page_Beauty Box Subscription for Wo/a_Detanglers' is clicked on

2018-09-24 11:32:47 - [MESSAGE][PASSED] - Object: 'Object Repository/Page_Beauty Box Subscription for Wo/a_Detanglers' is clicked on

2018-09-24 11:32:47 - [TEST_STEP][PASSED] - delay: Delayed 2 second(s)

2018-09-24 11:32:49 - [MESSAGE][PASSED] - Delayed 2 second(s)

2018-09-24 11:32:49 - [TEST_STEP][PASSED] - click: Object: 'Object Repository/Page_Shop Hair Detanglers/svg_ 2018 Birchbox_icon__svg__' is clicked on

2018-09-24 11:32:49 - [MESSAGE][PASSED] - Object: 'Object Repository/Page_Shop Hair Detanglers/svg_ 2018 Birchbox_icon__svg__' is clicked on

2018-09-24 11:32:49 - [TEST_STEP][PASSED] - click: Object: 'Object Repository/Page_Shop Hair Detanglers/div_Hair' is clicked on

2018-09-24 11:32:49 - [MESSAGE][PASSED] - Object: 'Object Repository/Page_Shop Hair Detanglers/div_Hair' is clicked on

2018-09-24 11:32:49 - [TEST_STEP][PASSED] - waitForElementClickable: Object 'Object Repository/Page_Shop Hair Detanglers/div_Treat' is clickable

2018-09-24 11:32:49 - [MESSAGE][WARNING] - Timeout '0' is invalid. Using default page load timeout: '90'

2018-09-24 11:32:49 - [MESSAGE][PASSED] - Object 'Object Repository/Page_Shop Hair Detanglers/div_Treat' is clickable

2018-09-24 11:32:49 - [TEST_STEP][PASSED] - click: Object: 'Object Repository/Page_Shop Hair Detanglers/div_Treat' is clicked on

2018-09-24 11:32:50 - [MESSAGE][PASSED] - Object: 'Object Repository/Page_Shop Hair Detanglers/div_Treat' is clicked on

2018-09-24 11:32:50 - [TEST_STEP][PASSED] - delay: Delayed 1 second(s)

2018-09-24 11:32:51 - [MESSAGE][PASSED] - Delayed 1 second(s)

2018-09-24 11:32:51 - [TEST_STEP][PASSED] - waitForElementVisible: Object 'Object Repository/Page_Beauty Box Subscription for Wo/a_Leave-In Conditioners' is visible

2018-09-24 11:32:51 - [MESSAGE][WARNING] - Timeout '0' is invalid. Using default page load timeout: '90'

2018-09-24 11:32:51 - [MESSAGE][PASSED] - Object 'Object Repository/Page_Beauty Box Subscription for Wo/a_Leave-In Conditioners' is visible

2018-09-24 11:32:51 - [TEST_STEP][PASSED] - waitForElementClickable: Object 'Object Repository/Page_Beauty Box Subscription for Wo/a_Leave-In Conditioners' is clickable

2018-09-24 11:32:51 - [MESSAGE][WARNING] - Timeout '0' is invalid. Using default page load timeout: '90'

2018-09-24 11:32:51 - [MESSAGE][PASSED] - Object 'Object Repository/Page_Beauty Box Subscription for Wo/a_Leave-In Conditioners' is clickable

2018-09-24 11:32:51 - [TEST_STEP][PASSED] - click: Object: 'Object Repository/Page_Beauty Box Subscription for Wo/a_Leave-In Conditioners' is clicked on

2018-09-24 11:32:51 - [MESSAGE][PASSED] - Object: 'Object Repository/Page_Beauty Box Subscription for Wo/a_Leave-In Conditioners' is clicked on

2018-09-24 11:32:51 - [TEST_STEP][PASSED] - delay: Delayed 2 second(s)

2018-09-24 11:32:53 - [MESSAGE][PASSED] - Delayed 2 second(s)

2018-09-24 11:32:53 - [TEST_STEP][PASSED] - click: Object: 'Object Repository/Page_Shop Leave-In Conditioners/svg_ 2018 Birchbox_icon__svg__' is clicked on

2018-09-24 11:32:53 - [MESSAGE][PASSED] - Object: 'Object Repository/Page_Shop Leave-In Conditioners/svg_ 2018 Birchbox_icon__svg__' is clicked on

2018-09-24 11:32:53 - [TEST_STEP][PASSED] - waitForElementVisible: Object 'Object Repository/Page_Shop Leave-In Conditioners/div_Hair' is visible

2018-09-24 11:32:53 - [MESSAGE][WARNING] - Timeout '0' is invalid. Using default page load timeout: '90'

2018-09-24 11:32:53 - [MESSAGE][PASSED] - Object 'Object Repository/Page_Shop Leave-In Conditioners/div_Hair' is visible

2018-09-24 11:32:53 - [TEST_STEP][PASSED] - click: Object: 'Object Repository/Page_Shop Leave-In Conditioners/div_Hair' is clicked on

2018-09-24 11:32:53 - [MESSAGE][PASSED] - Object: 'Object Repository/Page_Shop Leave-In Conditioners/div_Hair' is clicked on

2018-09-24 11:32:53 - [TEST_STEP][PASSED] - click: Object: 'Object Repository/Page_Shop Leave-In Conditioners/div_Treat' is clicked on

2018-09-24 11:32:54 - [MESSAGE][PASSED] - Object: 'Object Repository/Page_Shop Leave-In Conditioners/div_Treat' is clicked on

2018-09-24 11:32:54 - [TEST_STEP][PASSED] - delay: Delayed 1 second(s)

2018-09-24 11:32:55 - [MESSAGE][PASSED] - Delayed 1 second(s)

2018-09-24 11:32:55 - [TEST_STEP][PASSED] - waitForElementVisible: Object 'Object Repository/Page_Beauty Box Subscription for Wo/a_Oils' is visible

2018-09-24 11:32:55 - [MESSAGE][WARNING] - Timeout '0' is invalid. Using default page load timeout: '90'

2018-09-24 11:32:55 - [MESSAGE][PASSED] - Object 'Object Repository/Page_Beauty Box Subscription for Wo/a_Oils' is visible

2018-09-24 11:32:55 - [TEST_STEP][PASSED] - waitForElementClickable: Object 'Object Repository/Page_Beauty Box Subscription for Wo/a_Oils' is clickable

2018-09-24 11:32:55 - [MESSAGE][WARNING] - Timeout '0' is invalid. Using default page load timeout: '90'

2018-09-24 11:32:55 - [MESSAGE][PASSED] - Object 'Object Repository/Page_Beauty Box Subscription for Wo/a_Oils' is clickable

2018-09-24 11:32:55 - [TEST_STEP][PASSED] - click: Object: 'Object Repository/Page_Beauty Box Subscription for Wo/a_Oils' is clicked on

2018-09-24 11:32:55 - [MESSAGE][PASSED] - Object: 'Object Repository/Page_Beauty Box Subscription for Wo/a_Oils' is clicked on

2018-09-24 11:32:55 - [TEST_STEP][PASSED] - delay: Delayed 2 second(s)

2018-09-24 11:32:57 - [MESSAGE][PASSED] - Delayed 2 second(s)

2018-09-24 11:32:57 - [TEST_STEP][PASSED] - click: Object: 'Object Repository/Page_Shop Hair Oils/svg_ 2018 Birchbox_icon__svg__' is clicked on

2018-09-24 11:32:57 - [MESSAGE][PASSED] - Object: 'Object Repository/Page_Shop Hair Oils/svg_ 2018 Birchbox_icon__svg__' is clicked on

2018-09-24 11:32:57 - [TEST_STEP][PASSED] - click: Object: 'Object Repository/Page_Shop Hair Oils/div_Hair' is clicked on

2018-09-24 11:32:58 - [MESSAGE][PASSED] - Object: 'Object Repository/Page_Shop Hair Oils/div_Hair' is clicked on

2018-09-24 11:32:58 - [TEST_STEP][PASSED] - click: Object: 'Object Repository/Page_Shop Hair Oils/div_Treat' is clicked on

2018-09-24 11:32:58 - [MESSAGE][PASSED] - Object: 'Object Repository/Page_Shop Hair Oils/div_Treat' is clicked on

2018-09-24 11:32:58 - [TEST_STEP][PASSED] - delay: Delayed 2 second(s)

2018-09-24 11:33:00 - [MESSAGE][PASSED] - Delayed 2 second(s)

2018-09-24 11:33:00 - [TEST_STEP][PASSED] - waitForElementVisible: Object 'Object Repository/Page_Beauty Box Subscription for Wo/a_Masks' is visible

2018-09-24 11:33:00 - [MESSAGE][WARNING] - Timeout '0' is invalid. Using default page load timeout: '90'

2018-09-24 11:33:00 - [MESSAGE][PASSED] - Object 'Object Repository/Page_Beauty Box Subscription for Wo/a_Masks' is visible

2018-09-24 11:33:00 - [TEST_STEP][PASSED] - waitForElementClickable: Object 'Object Repository/Page_Beauty Box Subscription for Wo/a_Masks' is clickable

2018-09-24 11:33:00 - [MESSAGE][WARNING] - Timeout '0' is invalid. Using default page load timeout: '90'

2018-09-24 11:33:00 - [MESSAGE][PASSED] - Object 'Object Repository/Page_Beauty Box Subscription for Wo/a_Masks' is clickable

2018-09-24 11:33:00 - [TEST_STEP][PASSED] - click: Object: 'Object Repository/Page_Beauty Box Subscription for Wo/a_Masks' is clicked on

2018-09-24 11:33:00 - [MESSAGE][PASSED] - Object: 'Object Repository/Page_Beauty Box Subscription for Wo/a_Masks' is clicked on

2018-09-24 11:33:00 - [TEST_STEP][PASSED] - delay: Delayed 2 second(s)

2018-09-24 11:33:02 - [MESSAGE][PASSED] - Delayed 2 second(s)

2018-09-24 11:33:02 - [TEST_STEP][PASSED] - click: Object: 'Object Repository/Page_Shop Hair Masks/svg_ 2018 Birchbox_icon__svg__' is clicked on

2018-09-24 11:33:03 - [MESSAGE][PASSED] - Object: 'Object Repository/Page_Shop Hair Masks/svg_ 2018 Birchbox_icon__svg__' is clicked on

2018-09-24 11:33:03 - [TEST_STEP][PASSED] - click: Object: 'Object Repository/Page_Shop Hair Masks/div_Hair' is clicked on

2018-09-24 11:33:03 - [MESSAGE][PASSED] - Object: 'Object Repository/Page_Shop Hair Masks/div_Hair' is clicked on

2018-09-24 11:33:03 - [TEST_STEP][PASSED] - click: Object: 'Object Repository/Page_Shop Hair Masks/div_Treat' is clicked on

2018-09-24 11:33:04 - [MESSAGE][PASSED] - Object: 'Object Repository/Page_Shop Hair Masks/div_Treat' is clicked on

2018-09-24 11:33:04 - [TEST_STEP][PASSED] - delay: Delayed 1 second(s)

2018-09-24 11:33:05 - [MESSAGE][PASSED] - Delayed 1 second(s)

2018-09-24 11:33:05 - [TEST_STEP][PASSED] - waitForElementVisible: Object 'Object Repository/Page_Beauty Box Subscription for Wo/a_Pre-Shampoo Treatments' is visible

2018-09-24 11:33:05 - [MESSAGE][WARNING] - Timeout '0' is invalid. Using default page load timeout: '90'

2018-09-24 11:33:05 - [MESSAGE][PASSED] - Object 'Object Repository/Page_Beauty Box Subscription for Wo/a_Pre-Shampoo Treatments' is visible

2018-09-24 11:33:05 - [TEST_STEP][PASSED] - waitForElementClickable: Object 'Object Repository/Page_Beauty Box Subscription for Wo/a_Pre-Shampoo Treatments' is clickable

2018-09-24 11:33:05 - [MESSAGE][WARNING] - Timeout '0' is invalid. Using default page load timeout: '90'

2018-09-24 11:33:05 - [MESSAGE][PASSED] - Object 'Object Repository/Page_Beauty Box Subscription for Wo/a_Pre-Shampoo Treatments' is clickable

2018-09-24 11:33:05 - [TEST_STEP][PASSED] - click: Object: 'Object Repository/Page_Beauty Box Subscription for Wo/a_Pre-Shampoo Treatments' is clicked on

2018-09-24 11:33:05 - [MESSAGE][PASSED] - Object: 'Object Repository/Page_Beauty Box Subscription for Wo/a_Pre-Shampoo Treatments' is clicked on

2018-09-24 11:33:05 - [TEST_STEP][PASSED] - delay: Delayed 2 second(s)

2018-09-24 11:33:07 - [MESSAGE][PASSED] - Delayed 2 second(s)

2018-09-24 11:33:07 - [TEST_STEP][PASSED] - click: Object: 'Object Repository/Page_Shop Pre Shampoo Treatment/svg_ 2018 Birchbox_icon__svg__' is clicked on

2018-09-24 11:33:07 - [MESSAGE][PASSED] - Object: 'Object Repository/Page_Shop Pre Shampoo Treatment/svg_ 2018 Birchbox_icon__svg__' is clicked on

2018-09-24 11:33:07 - [TEST_STEP][PASSED] - click: Object: 'Object Repository/Page_Shop Pre Shampoo Treatment/div_Hair' is clicked on

2018-09-24 11:33:07 - [MESSAGE][PASSED] - Object: 'Object Repository/Page_Shop Pre Shampoo Treatment/div_Hair' is clicked on

2018-09-24 11:33:07 - [TEST_STEP][PASSED] - click: Object: 'Object Repository/Page_Shop Pre Shampoo Treatment/div_Treat' is clicked on

2018-09-24 11:33:08 - [MESSAGE][PASSED] - Object: 'Object Repository/Page_Shop Pre Shampoo Treatment/div_Treat' is clicked on

2018-09-24 11:33:08 - [TEST_STEP][PASSED] - delay: Delayed 2 second(s)

2018-09-24 11:33:10 - [MESSAGE][PASSED] - Delayed 2 second(s)

2018-09-24 11:33:10 - [TEST_STEP][PASSED] - waitForElementVisible: Object 'Object Repository/Page_Beauty Box Subscription for Wo/a_Scalp Treatments  Exfoliator' is visible

2018-09-24 11:33:10 - [MESSAGE][WARNING] - Timeout '0' is invalid. Using default page load timeout: '90'

2018-09-24 11:33:10 - [MESSAGE][PASSED] - Object 'Object Repository/Page_Beauty Box Subscription for Wo/a_Scalp Treatments  Exfoliator' is visible

2018-09-24 11:33:10 - [TEST_STEP][PASSED] - waitForElementClickable: Object 'Object Repository/Page_Beauty Box Subscription for Wo/a_Scalp Treatments  Exfoliator' is clickable

2018-09-24 11:33:10 - [MESSAGE][WARNING] - Timeout '0' is invalid. Using default page load timeout: '90'

2018-09-24 11:33:10 - [MESSAGE][PASSED] - Object 'Object Repository/Page_Beauty Box Subscription for Wo/a_Scalp Treatments  Exfoliator' is clickable

2018-09-24 11:33:10 - [TEST_STEP][PASSED] - click: Object: 'Object Repository/Page_Beauty Box Subscription for Wo/a_Scalp Treatments  Exfoliator' is clicked on

2018-09-24 11:33:10 - [MESSAGE][PASSED] - Object: 'Object Repository/Page_Beauty Box Subscription for Wo/a_Scalp Treatments  Exfoliator' is clicked on

2018-09-24 11:33:10 - [TEST_STEP][PASSED] - delay: Delayed 2 second(s)

2018-09-24 11:33:12 - [MESSAGE][PASSED] - Delayed 2 second(s)

2018-09-24 11:33:12 - [TEST_STEP][PASSED] - click: Object: 'Object Repository/Page_Shop Scalp Treatments and Scal/svg_ 2018 Birchbox_icon__svg__' is clicked on

2018-09-24 11:33:13 - [MESSAGE][PASSED] - Object: 'Object Repository/Page_Shop Scalp Treatments and Scal/svg_ 2018 Birchbox_icon__svg__' is clicked on

2018-09-24 11:33:13 - [TEST_STEP][PASSED] - waitForElementVisible: Object 'Object Repository/Page_Shop Scalp Treatments and Scal/div_Hair' is visible

2018-09-24 11:33:13 - [MESSAGE][WARNING] - Timeout '0' is invalid. Using default page load timeout: '90'

2018-09-24 11:33:13 - [MESSAGE][PASSED] - Object 'Object Repository/Page_Shop Scalp Treatments and Scal/div_Hair' is visible

2018-09-24 11:33:13 - [TEST_STEP][PASSED] - click: Object: 'Object Repository/Page_Shop Scalp Treatments and Scal/div_Hair' is clicked on

2018-09-24 11:33:13 - [MESSAGE][PASSED] - Object: 'Object Repository/Page_Shop Scalp Treatments and Scal/div_Hair' is clicked on

2018-09-24 11:33:13 - [TEST_STEP][PASSED] - click: Object: 'Object Repository/Page_Shop Scalp Treatments and Scal/div_Treat' is clicked on

2018-09-24 11:33:13 - [MESSAGE][PASSED] - Object: 'Object Repository/Page_Shop Scalp Treatments and Scal/div_Treat' is clicked on

2018-09-24 11:33:13 - [TEST_STEP][PASSED] - delay: Delayed 1 second(s)

2018-09-24 11:33:14 - [MESSAGE][PASSED] - Delayed 1 second(s)

2018-09-24 11:33:14 - [TEST_STEP][PASSED] - waitForElementVisible: Object 'Object Repository/Page_Beauty Box Subscription for Wo/a_Split End Treatments' is visible

2018-09-24 11:33:14 - [MESSAGE][WARNING] - Timeout '0' is invalid. Using default page load timeout: '90'

2018-09-24 11:33:14 - [MESSAGE][PASSED] - Object 'Object Repository/Page_Beauty Box Subscription for Wo/a_Split End Treatments' is visible

2018-09-24 11:33:14 - [TEST_STEP][PASSED] - waitForElementClickable: Object 'Object Repository/Page_Beauty Box Subscription for Wo/a_Split End Treatments' is clickable

2018-09-24 11:33:14 - [MESSAGE][WARNING] - Timeout '0' is invalid. Using default page load timeout: '90'

2018-09-24 11:33:14 - [MESSAGE][PASSED] - Object 'Object Repository/Page_Beauty Box Subscription for Wo/a_Split End Treatments' is clickable

2018-09-24 11:33:14 - [TEST_STEP][PASSED] - click: Object: 'Object Repository/Page_Beauty Box Subscription for Wo/a_Split End Treatments' is clicked on

2018-09-24 11:33:15 - [MESSAGE][PASSED] - Object: 'Object Repository/Page_Beauty Box Subscription for Wo/a_Split End Treatments' is clicked on

2018-09-24 11:33:15 - [TEST_STEP][PASSED] - delay: Delayed 2 second(s)

2018-09-24 11:33:17 - [MESSAGE][PASSED] - Delayed 2 second(s)

2018-09-24 11:33:17 - [TEST_STEP][PASSED] - click: Object: 'Object Repository/Page_Shop Split End Treatments/svg_ 2018 Birchbox_icon__svg__' is clicked on

2018-09-24 11:33:17 - [MESSAGE][PASSED] - Object: 'Object Repository/Page_Shop Split End Treatments/svg_ 2018 Birchbox_icon__svg__' is clicked on

2018-09-24 11:33:17 - [TEST_STEP][PASSED] - click: Object: 'Object Repository/Page_Shop Split End Treatments/div_Hair' is clicked on

2018-09-24 11:33:17 - [MESSAGE][PASSED] - Object: 'Object Repository/Page_Shop Split End Treatments/div_Hair' is clicked on

2018-09-24 11:33:17 - [TEST_STEP][PASSED] - click: Object: 'Object Repository/Page_Shop Split End Treatments/div_Treat' is clicked on

2018-09-24 11:33:18 - [MESSAGE][PASSED] - Object: 'Object Repository/Page_Shop Split End Treatments/div_Treat' is clicked on

2018-09-24 11:33:18 - [TEST_STEP][PASSED] - delay: Delayed 1 second(s)

2018-09-24 11:33:19 - [MESSAGE][PASSED] - Delayed 1 second(s)

2018-09-24 11:33:19 - [TEST_STEP][PASSED] - waitForElementVisible: Object 'Object Repository/Page_Beauty Box Subscription for Wo/a_Color Treatments' is visible

2018-09-24 11:33:19 - [MESSAGE][WARNING] - Timeout '0' is invalid. Using default page load timeout: '90'

2018-09-24 11:33:19 - [MESSAGE][PASSED] - Object 'Object Repository/Page_Beauty Box Subscription for Wo/a_Color Treatments' is visible

2018-09-24 11:33:19 - [TEST_STEP][PASSED] - waitForElementClickable: Object 'Object Repository/Page_Beauty Box Subscription for Wo/a_Color Treatments' is clickable

2018-09-24 11:33:19 - [MESSAGE][WARNING] - Timeout '0' is invalid. Using default page load timeout: '90'

2018-09-24 11:33:19 - [MESSAGE][PASSED] - Object 'Object Repository/Page_Beauty Box Subscription for Wo/a_Color Treatments' is clickable

2018-09-24 11:33:19 - [TEST_STEP][PASSED] - click: Object: 'Object Repository/Page_Beauty Box Subscription for Wo/a_Color Treatments' is clicked on

2018-09-24 11:33:19 - [MESSAGE][PASSED] - Object: 'Object Repository/Page_Beauty Box Subscription for Wo/a_Color Treatments' is clicked on

2018-09-24 11:33:19 - [TEST_STEP][PASSED] - delay: Delayed 2 second(s)

2018-09-24 11:33:21 - [MESSAGE][PASSED] - Delayed 2 second(s)

2018-09-24 11:33:21 - [TEST_STEP][PASSED] - click: Object: 'Object Repository/Page_Shop Hair Color Treatments/svg_ 2018 Birchbox_icon__svg__' is clicked on

2018-09-24 11:33:21 - [MESSAGE][PASSED] - Object: 'Object Repository/Page_Shop Hair Color Treatments/svg_ 2018 Birchbox_icon__svg__' is clicked on

2018-09-24 11:33:21 - [TEST_STEP][PASSED] - click: Object: 'Object Repository/Page_Shop Hair Color Treatments/div_Hair' is clicked on

2018-09-24 11:33:22 - [MESSAGE][PASSED] - Object: 'Object Repository/Page_Shop Hair Color Treatments/div_Hair' is clicked on

2018-09-24 11:33:22 - [TEST_STEP][PASSED] - click: Object: 'Object Repository/Page_Shop Hair Color Treatments/div_Style' is clicked on

2018-09-24 11:33:22 - [MESSAGE][PASSED] - Object: 'Object Repository/Page_Shop Hair Color Treatments/div_Style' is clicked on

2018-09-24 11:33:22 - [TEST_STEP][PASSED] - delay: Delayed 1 second(s)

2018-09-24 11:33:23 - [MESSAGE][PASSED] - Delayed 1 second(s)

2018-09-24 11:33:23 - [TEST_STEP][PASSED] - waitForElementVisible: Object 'Object Repository/Page_Beauty Box Subscription for Wo/a_Texturizers' is visible

2018-09-24 11:33:23 - [MESSAGE][WARNING] - Timeout '0' is invalid. Using default page load timeout: '90'

2018-09-24 11:33:24 - [MESSAGE][PASSED] - Object 'Object Repository/Page_Beauty Box Subscription for Wo/a_Texturizers' is visible

2018-09-24 11:33:24 - [TEST_STEP][PASSED] - waitForElementClickable: Object 'Object Repository/Page_Beauty Box Subscription for Wo/a_Texturizers' is clickable

2018-09-24 11:33:24 - [MESSAGE][WARNING] - Timeout '0' is invalid. Using default page load timeout: '90'

2018-09-24 11:33:24 - [MESSAGE][PASSED] - Object 'Object Repository/Page_Beauty Box Subscription for Wo/a_Texturizers' is clickable

2018-09-24 11:33:24 - [TEST_STEP][PASSED] - click: Object: 'Object Repository/Page_Beauty Box Subscription for Wo/a_Texturizers' is clicked on

2018-09-24 11:33:24 - [MESSAGE][PASSED] - Object: 'Object Repository/Page_Beauty Box Subscription for Wo/a_Texturizers' is clicked on

2018-09-24 11:33:24 - [TEST_STEP][PASSED] - delay: Delayed 2 second(s)

2018-09-24 11:33:26 - [MESSAGE][PASSED] - Delayed 2 second(s)

2018-09-24 11:33:26 - [TEST_STEP][PASSED] - click: Object: 'Object Repository/Page_Shop Texturizers/svg_ 2018 Birchbox_icon__svg__' is clicked on

2018-09-24 11:33:26 - [MESSAGE][PASSED] - Object: 'Object Repository/Page_Shop Texturizers/svg_ 2018 Birchbox_icon__svg__' is clicked on

2018-09-24 11:33:26 - [TEST_STEP][PASSED] - click: Object: 'Object Repository/Page_Shop Texturizers/div_Hair' is clicked on

2018-09-24 11:33:27 - [MESSAGE][PASSED] - Object: 'Object Repository/Page_Shop Texturizers/div_Hair' is clicked on

2018-09-24 11:33:27 - [TEST_STEP][PASSED] - click: Object: 'Object Repository/Page_Shop Texturizers/div_Style' is clicked on

2018-09-24 11:33:27 - [MESSAGE][PASSED] - Object: 'Object Repository/Page_Shop Texturizers/div_Style' is clicked on

2018-09-24 11:33:27 - [TEST_STEP][PASSED] - delay: Delayed 1 second(s)

2018-09-24 11:33:28 - [MESSAGE][PASSED] - Delayed 1 second(s)

2018-09-24 11:33:28 - [TEST_STEP][FAILED] - click: Unable to click on object 'Object Repository/Page_Beauty Box Subscription for Wo/a_Blowout Creams  Sprays' (Root cause: org.openqa.selenium.WebDriverException: unknown error: Element <a class="StyledLink-khUpca fgCKOS" href="/category/3384">...</a> is not clickable at point (111, 491). Other element would receive the click: <div class="Drawer__MaskDiv-VGhMm utilities__cover___WKDvY gqjSAR" style="opacity: 0;"></div>
  (Session info: chrome=69.0.3497.100)
  (Driver info: chromedriver=2.35.528161 (5b82f2d2aae0ca24b877009200ced9065a772e73),platform=Windows NT 6.1.7601 SP1 x86_64) (WARNING: The server did not provide any stacktrace information)
Command duration or timeout: 0 milliseconds
Build info: version: '3.7.1', revision: '8a0099a', time: '2017-11-06T21:07:36.161Z'
System info: host: 'PLEMKTPLACE-08', ip: '10.241.184.32', os.name: 'Windows 7', os.arch: 'amd64', os.version: '6.1', java.version: '1.8.0_181'
Driver info: com.kms.katalon.selenium.driver.CChromeDriver
Capabilities {acceptInsecureCerts: false, acceptSslCerts: false, applicationCacheEnabled: false, browserConnectionEnabled: false, browserName: chrome, chrome: {chromedriverVersion: 2.35.528161 (5b82f2d2aae0ca..., userDataDir: C:\Users\vbrooks\AppData\Lo...}, cssSelectorsEnabled: true, databaseEnabled: false, handlesAlerts: true, hasTouchScreen: false, javascriptEnabled: true, locationContextEnabled: true, mobileEmulationEnabled: false, nativeEvents: true, networkConnectionEnabled: false, pageLoadStrategy: normal, platform: XP, platformName: XP, rotatable: false, setWindowRect: true, takesHeapSnapshot: true, takesScreenshot: true, unexpectedAlertBehaviour: , unhandledPromptBehavior: , version: 69.0.3497.100, webStorageEnabled: true}
Session ID: 9f621557be015284066699ff6113259a)

2018-09-24 11:33:28 - [MESSAGE][FAILED] - Unable to click on object 'Object Repository/Page_Beauty Box Subscription for Wo/a_Blowout Creams  Sprays' (Root cause: org.openqa.selenium.WebDriverException: unknown error: Element <a class="StyledLink-khUpca fgCKOS" href="/category/3384">...</a> is not clickable at point (111, 491). Other element would receive the click: <div class="Drawer__MaskDiv-VGhMm utilities__cover___WKDvY gqjSAR" style="opacity: 0;"></div>
  (Session info: chrome=69.0.3497.100)
  (Driver info: chromedriver=2.35.528161 (5b82f2d2aae0ca24b877009200ced9065a772e73),platform=Windows NT 6.1.7601 SP1 x86_64) (WARNING: The server did not provide any stacktrace information)
Command duration or timeout: 0 milliseconds
Build info: version: '3.7.1', revision: '8a0099a', time: '2017-11-06T21:07:36.161Z'
System info: host: 'PLEMKTPLACE-08', ip: '10.241.184.32', os.name: 'Windows 7', os.arch: 'amd64', os.version: '6.1', java.version: '1.8.0_181'
Driver info: com.kms.katalon.selenium.driver.CChromeDriver
Capabilities {acceptInsecureCerts: false, acceptSslCerts: false, applicationCacheEnabled: false, browserConnectionEnabled: false, browserName: chrome, chrome: {chromedriverVersion: 2.35.528161 (5b82f2d2aae0ca..., userDataDir: C:\Users\vbrooks\AppData\Lo...}, cssSelectorsEnabled: true, databaseEnabled: false, handlesAlerts: true, hasTouchScreen: false, javascriptEnabled: true, locationContextEnabled: true, mobileEmulationEnabled: false, nativeEvents: true, networkConnectionEnabled: false, pageLoadStrategy: normal, platform: XP, platformName: XP, rotatable: false, setWindowRect: true, takesHeapSnapshot: true, takesScreenshot: true, unexpectedAlertBehaviour: , unhandledPromptBehavior: , version: 69.0.3497.100, webStorageEnabled: true}
Session ID: 9f621557be015284066699ff6113259a)]]></system-out>
         <system-err><![CDATA[2018-09-24 11:32:26 - [TEST_CASE][FAILED] - Test Cases/US mobile test/Test all Shop top-level categories for Womens Shop (Hair): Test Cases/US mobile test/Test all Shop top-level categories for Womens Shop (Hair) FAILED because (of) (Stack trace: com.kms.katalon.core.exception.StepFailedException: Unable to click on object 'Object Repository/Page_Beauty Box Subscription for Wo/a_Blowout Creams  Sprays' (Root cause: org.openqa.selenium.WebDriverException: unknown error: Element <a class="StyledLink-khUpca fgCKOS" href="/category/3384">...</a> is not clickable at point (111, 491). Other element would receive the click: <div class="Drawer__MaskDiv-VGhMm utilities__cover___WKDvY gqjSAR" style="opacity: 0;"></div>
  (Session info: chrome=69.0.3497.100)
  (Driver info: chromedriver=2.35.528161 (5b82f2d2aae0ca24b877009200ced9065a772e73),platform=Windows NT 6.1.7601 SP1 x86_64) (WARNING: The server did not provide any stacktrace information)
Command duration or timeout: 0 milliseconds
Build info: version: '3.7.1', revision: '8a0099a', time: '2017-11-06T21:07:36.161Z'
System info: host: 'PLEMKTPLACE-08', ip: '10.241.184.32', os.name: 'Windows 7', os.arch: 'amd64', os.version: '6.1', java.version: '1.8.0_181'
Driver info: com.kms.katalon.selenium.driver.CChromeDriver
Capabilities {acceptInsecureCerts: false, acceptSslCerts: false, applicationCacheEnabled: false, browserConnectionEnabled: false, browserName: chrome, chrome: {chromedriverVersion: 2.35.528161 (5b82f2d2aae0ca..., userDataDir: C:\Users\vbrooks\AppData\Lo...}, cssSelectorsEnabled: true, databaseEnabled: false, handlesAlerts: true, hasTouchScreen: false, javascriptEnabled: true, locationContextEnabled: true, mobileEmulationEnabled: false, nativeEvents: true, networkConnectionEnabled: false, pageLoadStrategy: normal, platform: XP, platformName: XP, rotatable: false, setWindowRect: true, takesHeapSnapshot: true, takesScreenshot: true, unexpectedAlertBehaviour: , unhandledPromptBehavior: , version: 69.0.3497.100, webStorageEnabled: true}
Session ID: 9f621557be015284066699ff6113259a)
	at com.kms.katalon.core.keyword.internal.KeywordMain.stepFailed(KeywordMain.groovy:36)
	at com.kms.katalon.core.webui.keyword.internal.WebUIKeywordMain.stepFailed(WebUIKeywordMain.groovy:65)
	at com.kms.katalon.core.webui.keyword.internal.WebUIKeywordMain.runKeyword(WebUIKeywordMain.groovy:27)
	at com.kms.katalon.core.webui.keyword.builtin.ClickKeyword.click(ClickKeyword.groovy:86)
	at com.kms.katalon.core.webui.keyword.builtin.ClickKeyword.execute(ClickKeyword.groovy:67)
	at com.kms.katalon.core.keyword.internal.KeywordExecutor.executeKeywordForPlatform(KeywordExecutor.groovy:53)
	at com.kms.katalon.core.webui.keyword.WebUiBuiltInKeywords.click(WebUiBuiltInKeywords.groovy:616)
	at com.kms.katalon.core.webui.keyword.WebUiBuiltInKeywords$click$4.call(Unknown Source)
	at org.codehaus.groovy.runtime.callsite.CallSiteArray.defaultCall(CallSiteArray.java:48)
	at org.codehaus.groovy.runtime.callsite.AbstractCallSite.call(AbstractCallSite.java:113)
	at org.codehaus.groovy.runtime.callsite.AbstractCallSite.call(AbstractCallSite.java:125)
	at Script1536614341005.run(Script1536614341005.groovy:233)
	at com.kms.katalon.core.main.ScriptEngine.run(ScriptEngine.java:183)
	at com.kms.katalon.core.main.ScriptEngine.runScriptAsRawText(ScriptEngine.java:108)
	at com.kms.katalon.core.main.TestCaseExecutor.runScript(TestCaseExecutor.java:294)
	at com.kms.katalon.core.main.TestCaseExecutor.doExecute(TestCaseExecutor.java:285)
	at com.kms.katalon.core.main.TestCaseExecutor.processExecutionPhase(TestCaseExecutor.java:264)
	at com.kms.katalon.core.main.TestCaseExecutor.accessMainPhase(TestCaseExecutor.java:256)
	at com.kms.katalon.core.main.TestCaseExecutor.execute(TestCaseExecutor.java:200)
	at com.kms.katalon.core.main.TestSuiteExecutor.accessTestCaseMainPhase(TestSuiteExecutor.java:129)
	at com.kms.katalon.core.main.TestSuiteExecutor.accessTestSuiteMainPhase(TestSuiteExecutor.java:112)
	at com.kms.katalon.core.main.TestSuiteExecutor.execute(TestSuiteExecutor.java:81)
	at com.kms.katalon.core.main.TestCaseMain.startTestSuite(TestCaseMain.java:142)
	at com.kms.katalon.core.main.TestCaseMain$startTestSuite$0.call(Unknown Source)
	at org.codehaus.groovy.runtime.callsite.CallSiteArray.defaultCall(CallSiteArray.java:48)
	at org.codehaus.groovy.runtime.callsite.AbstractCallSite.call(AbstractCallSite.java:113)
	at org.codehaus.groovy.runtime.callsite.AbstractCallSite.call(AbstractCallSite.java:141)
	at TempTestSuite1537813840264.run(TempTestSuite1537813840264.groovy:36)
	at groovy.lang.GroovyShell.runScriptOrMainOrTestOrRunnable(GroovyShell.java:263)
	at groovy.lang.GroovyShell.run(GroovyShell.java:518)
	at groovy.lang.GroovyShell.run(GroovyShell.java:507)
	at groovy.ui.GroovyMain.processOnce(GroovyMain.java:653)
	at groovy.ui.GroovyMain.run(GroovyMain.java:384)
	at groovy.ui.GroovyMain.process(GroovyMain.java:370)
	at groovy.ui.GroovyMain.processArgs(GroovyMain.java:129)
	at groovy.ui.GroovyMain.main(GroovyMain.java:109)
	at sun.reflect.NativeMethodAccessorImpl.invoke0(Native Method)
	at sun.reflect.NativeMethodAccessorImpl.invoke(NativeMethodAccessorImpl.java:62)
	at sun.reflect.DelegatingMethodAccessorImpl.invoke(DelegatingMethodAccessorImpl.java:43)
	at java.lang.reflect.Method.invoke(Method.java:498)
	at org.codehaus.groovy.tools.GroovyStarter.rootLoader(GroovyStarter.java:109)
	at org.codehaus.groovy.tools.GroovyStarter.main(GroovyStarter.java:131)
)]]></system-err>
      </testcase>
      <testcase name="Test Cases/US mobile test/Test all Shop top-level categories for Womes Shop (Skin)" classname="Test Cases/US mobile test/Test all Shop top-level categories for Womes Shop (Skin)" status="FAILED">
         <failure type="FAILED" message="(Stack trace: com.kms.katalon.core.exception.StepFailedException: Unable to click on object 'Object Repository/Page_Beauty Box Subscription for Wo/a_Eye Masks  Treatments' (Root cause: com.kms.katalon.core.webui.exception.WebElementNotFoundException: Web element with id: 'Object Repository/Page_Beauty Box Subscription for Wo/a_Eye Masks  Treatments' located by 'By.xpath: //a[@href = '/category/50' and (text() = 'Eye Masks &amp; Treatments' or . = 'Eye Masks &amp; Treatments')]' not found)
	at com.kms.katalon.core.keyword.internal.KeywordMain.stepFailed(KeywordMain.groovy:36)
	at com.kms.katalon.core.webui.keyword.internal.WebUIKeywordMain.stepFailed(WebUIKeywordMain.groovy:65)
	at com.kms.katalon.core.webui.keyword.internal.WebUIKeywordMain.runKeyword(WebUIKeywordMain.groovy:27)
	at com.kms.katalon.core.webui.keyword.builtin.ClickKeyword.click(ClickKeyword.groovy:86)
	at com.kms.katalon.core.webui.keyword.builtin.ClickKeyword.execute(ClickKeyword.groovy:67)
	at com.kms.katalon.core.keyword.internal.KeywordExecutor.executeKeywordForPlatform(KeywordExecutor.groovy:53)
	at com.kms.katalon.core.webui.keyword.WebUiBuiltInKeywords.click(WebUiBuiltInKeywords.groovy:616)
	at com.kms.katalon.core.webui.keyword.WebUiBuiltInKeywords$click$4.call(Unknown Source)
	at org.codehaus.groovy.runtime.callsite.CallSiteArray.defaultCall(CallSiteArray.java:48)
	at org.codehaus.groovy.runtime.callsite.AbstractCallSite.call(AbstractCallSite.java:113)
	at org.codehaus.groovy.runtime.callsite.AbstractCallSite.call(AbstractCallSite.java:125)
	at Script1536617663530.run(Script1536617663530.groovy:168)
	at com.kms.katalon.core.main.ScriptEngine.run(ScriptEngine.java:183)
	at com.kms.katalon.core.main.ScriptEngine.runScriptAsRawText(ScriptEngine.java:108)
	at com.kms.katalon.core.main.TestCaseExecutor.runScript(TestCaseExecutor.java:294)
	at com.kms.katalon.core.main.TestCaseExecutor.doExecute(TestCaseExecutor.java:285)
	at com.kms.katalon.core.main.TestCaseExecutor.processExecutionPhase(TestCaseExecutor.java:264)
	at com.kms.katalon.core.main.TestCaseExecutor.accessMainPhase(TestCaseExecutor.java:256)
	at com.kms.katalon.core.main.TestCaseExecutor.execute(TestCaseExecutor.java:200)
	at com.kms.katalon.core.main.TestSuiteExecutor.accessTestCaseMainPhase(TestSuiteExecutor.java:129)
	at com.kms.katalon.core.main.TestSuiteExecutor.accessTestSuiteMainPhase(TestSuiteExecutor.java:112)
	at com.kms.katalon.core.main.TestSuiteExecutor.execute(TestSuiteExecutor.java:81)
	at com.kms.katalon.core.main.TestCaseMain.startTestSuite(TestCaseMain.java:142)
	at com.kms.katalon.core.main.TestCaseMain$startTestSuite$0.call(Unknown Source)
	at org.codehaus.groovy.runtime.callsite.CallSiteArray.defaultCall(CallSiteArray.java:48)
	at org.codehaus.groovy.runtime.callsite.AbstractCallSite.call(AbstractCallSite.java:113)
	at org.codehaus.groovy.runtime.callsite.AbstractCallSite.call(AbstractCallSite.java:141)
	at TempTestSuite1537813840264.run(TempTestSuite1537813840264.groovy:36)
	at groovy.lang.GroovyShell.runScriptOrMainOrTestOrRunnable(GroovyShell.java:263)
	at groovy.lang.GroovyShell.run(GroovyShell.java:518)
	at groovy.lang.GroovyShell.run(GroovyShell.java:507)
	at groovy.ui.GroovyMain.processOnce(GroovyMain.java:653)
	at groovy.ui.GroovyMain.run(GroovyMain.java:384)
	at groovy.ui.GroovyMain.process(GroovyMain.java:370)
	at groovy.ui.GroovyMain.processArgs(GroovyMain.java:129)
	at groovy.ui.GroovyMain.main(GroovyMain.java:109)
	at sun.reflect.NativeMethodAccessorImpl.invoke0(Native Method)
	at sun.reflect.NativeMethodAccessorImpl.invoke(NativeMethodAccessorImpl.java:62)
	at sun.reflect.DelegatingMethodAccessorImpl.invoke(DelegatingMethodAccessorImpl.java:43)
	at java.lang.reflect.Method.invoke(Method.java:498)
	at org.codehaus.groovy.tools.GroovyStarter.rootLoader(GroovyStarter.java:109)
	at org.codehaus.groovy.tools.GroovyStarter.main(GroovyStarter.java:131)
)"/>
         <system-out><![CDATA[2018-09-24 11:33:28 - [TEST_CASE][FAILED] - Test Cases/US mobile test/Test all Shop top-level categories for Womes Shop (Skin): Test Cases/US mobile test/Test all Shop top-level categories for Womes Shop (Skin) FAILED because (of) (Stack trace: com.kms.katalon.core.exception.StepFailedException: Unable to click on object 'Object Repository/Page_Beauty Box Subscription for Wo/a_Eye Masks  Treatments' (Root cause: com.kms.katalon.core.webui.exception.WebElementNotFoundException: Web element with id: 'Object Repository/Page_Beauty Box Subscription for Wo/a_Eye Masks  Treatments' located by 'By.xpath: //a[@href = '/category/50' and (text() = 'Eye Masks & Treatments' or . = 'Eye Masks & Treatments')]' not found)
	at com.kms.katalon.core.keyword.internal.KeywordMain.stepFailed(KeywordMain.groovy:36)
	at com.kms.katalon.core.webui.keyword.internal.WebUIKeywordMain.stepFailed(WebUIKeywordMain.groovy:65)
	at com.kms.katalon.core.webui.keyword.internal.WebUIKeywordMain.runKeyword(WebUIKeywordMain.groovy:27)
	at com.kms.katalon.core.webui.keyword.builtin.ClickKeyword.click(ClickKeyword.groovy:86)
	at com.kms.katalon.core.webui.keyword.builtin.ClickKeyword.execute(ClickKeyword.groovy:67)
	at com.kms.katalon.core.keyword.internal.KeywordExecutor.executeKeywordForPlatform(KeywordExecutor.groovy:53)
	at com.kms.katalon.core.webui.keyword.WebUiBuiltInKeywords.click(WebUiBuiltInKeywords.groovy:616)
	at com.kms.katalon.core.webui.keyword.WebUiBuiltInKeywords$click$4.call(Unknown Source)
	at org.codehaus.groovy.runtime.callsite.CallSiteArray.defaultCall(CallSiteArray.java:48)
	at org.codehaus.groovy.runtime.callsite.AbstractCallSite.call(AbstractCallSite.java:113)
	at org.codehaus.groovy.runtime.callsite.AbstractCallSite.call(AbstractCallSite.java:125)
	at Script1536617663530.run(Script1536617663530.groovy:168)
	at com.kms.katalon.core.main.ScriptEngine.run(ScriptEngine.java:183)
	at com.kms.katalon.core.main.ScriptEngine.runScriptAsRawText(ScriptEngine.java:108)
	at com.kms.katalon.core.main.TestCaseExecutor.runScript(TestCaseExecutor.java:294)
	at com.kms.katalon.core.main.TestCaseExecutor.doExecute(TestCaseExecutor.java:285)
	at com.kms.katalon.core.main.TestCaseExecutor.processExecutionPhase(TestCaseExecutor.java:264)
	at com.kms.katalon.core.main.TestCaseExecutor.accessMainPhase(TestCaseExecutor.java:256)
	at com.kms.katalon.core.main.TestCaseExecutor.execute(TestCaseExecutor.java:200)
	at com.kms.katalon.core.main.TestSuiteExecutor.accessTestCaseMainPhase(TestSuiteExecutor.java:129)
	at com.kms.katalon.core.main.TestSuiteExecutor.accessTestSuiteMainPhase(TestSuiteExecutor.java:112)
	at com.kms.katalon.core.main.TestSuiteExecutor.execute(TestSuiteExecutor.java:81)
	at com.kms.katalon.core.main.TestCaseMain.startTestSuite(TestCaseMain.java:142)
	at com.kms.katalon.core.main.TestCaseMain$startTestSuite$0.call(Unknown Source)
	at org.codehaus.groovy.runtime.callsite.CallSiteArray.defaultCall(CallSiteArray.java:48)
	at org.codehaus.groovy.runtime.callsite.AbstractCallSite.call(AbstractCallSite.java:113)
	at org.codehaus.groovy.runtime.callsite.AbstractCallSite.call(AbstractCallSite.java:141)
	at TempTestSuite1537813840264.run(TempTestSuite1537813840264.groovy:36)
	at groovy.lang.GroovyShell.runScriptOrMainOrTestOrRunnable(GroovyShell.java:263)
	at groovy.lang.GroovyShell.run(GroovyShell.java:518)
	at groovy.lang.GroovyShell.run(GroovyShell.java:507)
	at groovy.ui.GroovyMain.processOnce(GroovyMain.java:653)
	at groovy.ui.GroovyMain.run(GroovyMain.java:384)
	at groovy.ui.GroovyMain.process(GroovyMain.java:370)
	at groovy.ui.GroovyMain.processArgs(GroovyMain.java:129)
	at groovy.ui.GroovyMain.main(GroovyMain.java:109)
	at sun.reflect.NativeMethodAccessorImpl.invoke0(Native Method)
	at sun.reflect.NativeMethodAccessorImpl.invoke(NativeMethodAccessorImpl.java:62)
	at sun.reflect.DelegatingMethodAccessorImpl.invoke(DelegatingMethodAccessorImpl.java:43)
	at java.lang.reflect.Method.invoke(Method.java:498)
	at org.codehaus.groovy.tools.GroovyStarter.rootLoader(GroovyStarter.java:109)
	at org.codehaus.groovy.tools.GroovyStarter.main(GroovyStarter.java:131)
)

2018-09-24 11:33:28 - [TEST_STEP][NOT_RUN] - callTestCase: NOT_RUN: callTestCase

2018-09-24 11:33:28 - [MESSAGE][NOT_RUN] - NOT_RUN: callTestCase

2018-09-24 11:33:28 - [TEST_STEP][PASSED] - delay: Delayed 1 second(s)

2018-09-24 11:33:29 - [MESSAGE][PASSED] - Delayed 1 second(s)

2018-09-24 11:33:29 - [TEST_STEP][PASSED] - click: Object: 'Object Repository/Page_Beauty Box Subscription for Wo/svg_ 2018 Birchbox_icon__svg__' is clicked on

2018-09-24 11:33:30 - [MESSAGE][PASSED] - Object: 'Object Repository/Page_Beauty Box Subscription for Wo/svg_ 2018 Birchbox_icon__svg__' is clicked on

2018-09-24 11:33:30 - [TEST_STEP][PASSED] - delay: Delayed 2 second(s)

2018-09-24 11:33:32 - [MESSAGE][PASSED] - Delayed 2 second(s)

2018-09-24 11:33:32 - [TEST_STEP][PASSED] - click: Object: 'Object Repository/Page_Beauty Box Subscription for Wo/div_Skin' is clicked on

2018-09-24 11:33:32 - [MESSAGE][PASSED] - Object: 'Object Repository/Page_Beauty Box Subscription for Wo/div_Skin' is clicked on

2018-09-24 11:33:32 - [TEST_STEP][PASSED] - click: Object: 'Object Repository/Page_Beauty Box Subscription for Wo/div_Cleanse' is clicked on

2018-09-24 11:33:33 - [MESSAGE][PASSED] - Object: 'Object Repository/Page_Beauty Box Subscription for Wo/div_Cleanse' is clicked on

2018-09-24 11:33:33 - [TEST_STEP][PASSED] - delay: Delayed 1 second(s)

2018-09-24 11:33:34 - [MESSAGE][PASSED] - Delayed 1 second(s)

2018-09-24 11:33:34 - [TEST_STEP][PASSED] - click: Object: 'Object Repository/Page_Beauty Box Subscription for Wo/a_Cleansers' is clicked on

2018-09-24 11:33:34 - [MESSAGE][PASSED] - Object: 'Object Repository/Page_Beauty Box Subscription for Wo/a_Cleansers' is clicked on

2018-09-24 11:33:34 - [TEST_STEP][PASSED] - delay: Delayed 2 second(s)

2018-09-24 11:33:36 - [MESSAGE][PASSED] - Delayed 2 second(s)

2018-09-24 11:33:36 - [TEST_STEP][PASSED] - click: Object: 'Object Repository/Page_Shop Face Cleansers/svg_ 2018 Birchbox_icon__svg__' is clicked on

2018-09-24 11:33:36 - [MESSAGE][PASSED] - Object: 'Object Repository/Page_Shop Face Cleansers/svg_ 2018 Birchbox_icon__svg__' is clicked on

2018-09-24 11:33:36 - [TEST_STEP][PASSED] - click: Object: 'Object Repository/Page_Shop Face Cleansers/div_Skin' is clicked on

2018-09-24 11:33:36 - [MESSAGE][PASSED] - Object: 'Object Repository/Page_Shop Face Cleansers/div_Skin' is clicked on

2018-09-24 11:33:36 - [TEST_STEP][PASSED] - click: Object: 'Object Repository/Page_Shop Face Cleansers/div_Cleanse' is clicked on

2018-09-24 11:33:37 - [MESSAGE][PASSED] - Object: 'Object Repository/Page_Shop Face Cleansers/div_Cleanse' is clicked on

2018-09-24 11:33:37 - [TEST_STEP][PASSED] - delay: Delayed 1 second(s)

2018-09-24 11:33:38 - [MESSAGE][PASSED] - Delayed 1 second(s)

2018-09-24 11:33:38 - [TEST_STEP][PASSED] - waitForElementVisible: Object 'Object Repository/Page_Beauty Box Subscription for Wo/a_Makeup Removers  Wipes' is visible

2018-09-24 11:33:38 - [MESSAGE][WARNING] - Timeout '0' is invalid. Using default page load timeout: '90'

2018-09-24 11:33:38 - [MESSAGE][PASSED] - Object 'Object Repository/Page_Beauty Box Subscription for Wo/a_Makeup Removers  Wipes' is visible

2018-09-24 11:33:38 - [TEST_STEP][PASSED] - waitForElementClickable: Object 'Object Repository/Page_Beauty Box Subscription for Wo/a_Makeup Removers  Wipes' is clickable

2018-09-24 11:33:38 - [MESSAGE][WARNING] - Timeout '0' is invalid. Using default page load timeout: '90'

2018-09-24 11:33:38 - [MESSAGE][PASSED] - Object 'Object Repository/Page_Beauty Box Subscription for Wo/a_Makeup Removers  Wipes' is clickable

2018-09-24 11:33:38 - [TEST_STEP][PASSED] - click: Object: 'Object Repository/Page_Beauty Box Subscription for Wo/a_Makeup Removers  Wipes' is clicked on

2018-09-24 11:33:38 - [MESSAGE][PASSED] - Object: 'Object Repository/Page_Beauty Box Subscription for Wo/a_Makeup Removers  Wipes' is clicked on

2018-09-24 11:33:38 - [TEST_STEP][PASSED] - delay: Delayed 2 second(s)

2018-09-24 11:33:40 - [MESSAGE][PASSED] - Delayed 2 second(s)

2018-09-24 11:33:40 - [TEST_STEP][PASSED] - click: Object: 'Object Repository/Page_Shop Makeup Removers and Face/svg_ 2018 Birchbox_icon__svg___1' is clicked on

2018-09-24 11:33:40 - [MESSAGE][PASSED] - Object: 'Object Repository/Page_Shop Makeup Removers and Face/svg_ 2018 Birchbox_icon__svg___1' is clicked on

2018-09-24 11:33:40 - [TEST_STEP][PASSED] - click: Object: 'Object Repository/Page_Shop Makeup Removers and Face/div_Skin' is clicked on

2018-09-24 11:33:41 - [MESSAGE][PASSED] - Object: 'Object Repository/Page_Shop Makeup Removers and Face/div_Skin' is clicked on

2018-09-24 11:33:41 - [TEST_STEP][PASSED] - click: Object: 'Object Repository/Page_Shop Makeup Removers and Face/div_Cleanse' is clicked on

2018-09-24 11:33:41 - [MESSAGE][PASSED] - Object: 'Object Repository/Page_Shop Makeup Removers and Face/div_Cleanse' is clicked on

2018-09-24 11:33:41 - [TEST_STEP][PASSED] - delay: Delayed 1 second(s)

2018-09-24 11:33:42 - [MESSAGE][PASSED] - Delayed 1 second(s)

2018-09-24 11:33:42 - [TEST_STEP][PASSED] - click: Object: 'Object Repository/Page_Beauty Box Subscription for Wo/a_Tools' is clicked on

2018-09-24 11:33:43 - [MESSAGE][PASSED] - Object: 'Object Repository/Page_Beauty Box Subscription for Wo/a_Tools' is clicked on

2018-09-24 11:33:43 - [TEST_STEP][PASSED] - delay: Delayed 2 second(s)

2018-09-24 11:33:45 - [MESSAGE][PASSED] - Delayed 2 second(s)

2018-09-24 11:33:45 - [TEST_STEP][PASSED] - click: Object: 'Object Repository/Page_Shop Skincare Tools/svg_ 2018 Birchbox_icon__svg__' is clicked on

2018-09-24 11:33:45 - [MESSAGE][PASSED] - Object: 'Object Repository/Page_Shop Skincare Tools/svg_ 2018 Birchbox_icon__svg__' is clicked on

2018-09-24 11:33:45 - [TEST_STEP][PASSED] - click: Object: 'Object Repository/Page_Shop Skincare Tools/div_Skin' is clicked on

2018-09-24 11:33:45 - [MESSAGE][PASSED] - Object: 'Object Repository/Page_Shop Skincare Tools/div_Skin' is clicked on

2018-09-24 11:33:45 - [TEST_STEP][PASSED] - click: Object: 'Object Repository/Page_Shop Skincare Tools/div_Treat' is clicked on

2018-09-24 11:33:45 - [MESSAGE][PASSED] - Object: 'Object Repository/Page_Shop Skincare Tools/div_Treat' is clicked on

2018-09-24 11:33:45 - [TEST_STEP][PASSED] - delay: Delayed 1 second(s)

2018-09-24 11:33:46 - [MESSAGE][PASSED] - Delayed 1 second(s)

2018-09-24 11:33:46 - [TEST_STEP][PASSED] - click: Object: 'Object Repository/Page_Beauty Box Subscription for Wo/a_Exfoliators  Scrubs' is clicked on

2018-09-24 11:33:47 - [MESSAGE][PASSED] - Object: 'Object Repository/Page_Beauty Box Subscription for Wo/a_Exfoliators  Scrubs' is clicked on

2018-09-24 11:33:47 - [TEST_STEP][PASSED] - delay: Delayed 2 second(s)

2018-09-24 11:33:49 - [MESSAGE][PASSED] - Delayed 2 second(s)

2018-09-24 11:33:49 - [TEST_STEP][PASSED] - click: Object: 'Object Repository/Page_Shop Exfoliators/svg_ 2018 Birchbox_icon__svg__' is clicked on

2018-09-24 11:33:49 - [MESSAGE][PASSED] - Object: 'Object Repository/Page_Shop Exfoliators/svg_ 2018 Birchbox_icon__svg__' is clicked on

2018-09-24 11:33:49 - [TEST_STEP][PASSED] - click: Object: 'Object Repository/Page_Shop Exfoliators/div_Skin' is clicked on

2018-09-24 11:33:49 - [MESSAGE][PASSED] - Object: 'Object Repository/Page_Shop Exfoliators/div_Skin' is clicked on

2018-09-24 11:33:49 - [TEST_STEP][PASSED] - click: Object: 'Object Repository/Page_Shop Exfoliators/div_Treat' is clicked on

2018-09-24 11:33:50 - [MESSAGE][PASSED] - Object: 'Object Repository/Page_Shop Exfoliators/div_Treat' is clicked on

2018-09-24 11:33:50 - [TEST_STEP][PASSED] - delay: Delayed 1 second(s)

2018-09-24 11:33:51 - [MESSAGE][PASSED] - Delayed 1 second(s)

2018-09-24 11:33:51 - [TEST_STEP][PASSED] - click: Object: 'Object Repository/Page_Beauty Box Subscription for Wo/a_Face Masks  Sheet Masks' is clicked on

2018-09-24 11:33:51 - [MESSAGE][PASSED] - Object: 'Object Repository/Page_Beauty Box Subscription for Wo/a_Face Masks  Sheet Masks' is clicked on

2018-09-24 11:33:51 - [TEST_STEP][PASSED] - delay: Delayed 2 second(s)

2018-09-24 11:33:53 - [MESSAGE][PASSED] - Delayed 2 second(s)

2018-09-24 11:33:53 - [TEST_STEP][PASSED] - click: Object: 'Object Repository/Page_Shop Face Masks and Sheet Mask/svg_ 2018 Birchbox_icon__svg__' is clicked on

2018-09-24 11:33:53 - [MESSAGE][PASSED] - Object: 'Object Repository/Page_Shop Face Masks and Sheet Mask/svg_ 2018 Birchbox_icon__svg__' is clicked on

2018-09-24 11:33:53 - [TEST_STEP][PASSED] - click: Object: 'Object Repository/Page_Shop Face Masks and Sheet Mask/div_Skin' is clicked on

2018-09-24 11:33:53 - [MESSAGE][PASSED] - Object: 'Object Repository/Page_Shop Face Masks and Sheet Mask/div_Skin' is clicked on

2018-09-24 11:33:53 - [TEST_STEP][PASSED] - click: Object: 'Object Repository/Page_Shop Face Masks and Sheet Mask/div_Treat' is clicked on

2018-09-24 11:33:54 - [MESSAGE][PASSED] - Object: 'Object Repository/Page_Shop Face Masks and Sheet Mask/div_Treat' is clicked on

2018-09-24 11:33:54 - [TEST_STEP][PASSED] - delay: Delayed 1 second(s)

2018-09-24 11:33:55 - [MESSAGE][PASSED] - Delayed 1 second(s)

2018-09-24 11:33:55 - [TEST_STEP][PASSED] - waitForElementVisible: Object 'Object Repository/Page_Beauty Box Subscription for Wo/a_Peels' is visible

2018-09-24 11:33:55 - [MESSAGE][WARNING] - Timeout '0' is invalid. Using default page load timeout: '90'

2018-09-24 11:33:55 - [MESSAGE][PASSED] - Object 'Object Repository/Page_Beauty Box Subscription for Wo/a_Peels' is visible

2018-09-24 11:33:55 - [TEST_STEP][PASSED] - waitForElementClickable: Object 'Object Repository/Page_Beauty Box Subscription for Wo/a_Peels' is clickable

2018-09-24 11:33:55 - [MESSAGE][WARNING] - Timeout '0' is invalid. Using default page load timeout: '90'

2018-09-24 11:33:55 - [MESSAGE][PASSED] - Object 'Object Repository/Page_Beauty Box Subscription for Wo/a_Peels' is clickable

2018-09-24 11:33:55 - [TEST_STEP][PASSED] - click: Object: 'Object Repository/Page_Beauty Box Subscription for Wo/a_Peels' is clicked on

2018-09-24 11:33:55 - [MESSAGE][PASSED] - Object: 'Object Repository/Page_Beauty Box Subscription for Wo/a_Peels' is clicked on

2018-09-24 11:33:55 - [TEST_STEP][PASSED] - delay: Delayed 2 second(s)

2018-09-24 11:33:57 - [MESSAGE][PASSED] - Delayed 2 second(s)

2018-09-24 11:33:57 - [TEST_STEP][PASSED] - click: Object: 'Object Repository/Page_Shop Facial Peels/svg_ 2018 Birchbox_icon__svg__' is clicked on

2018-09-24 11:33:57 - [MESSAGE][PASSED] - Object: 'Object Repository/Page_Shop Facial Peels/svg_ 2018 Birchbox_icon__svg__' is clicked on

2018-09-24 11:33:57 - [TEST_STEP][PASSED] - click: Object: 'Object Repository/Page_Shop Facial Peels/div_Skin' is clicked on

2018-09-24 11:33:58 - [MESSAGE][PASSED] - Object: 'Object Repository/Page_Shop Facial Peels/div_Skin' is clicked on

2018-09-24 11:33:58 - [TEST_STEP][PASSED] - click: Object: 'Object Repository/Page_Shop Facial Peels/div_Treat' is clicked on

2018-09-24 11:33:58 - [MESSAGE][PASSED] - Object: 'Object Repository/Page_Shop Facial Peels/div_Treat' is clicked on

2018-09-24 11:33:58 - [TEST_STEP][PASSED] - delay: Delayed 1 second(s)

2018-09-24 11:33:59 - [MESSAGE][PASSED] - Delayed 1 second(s)

2018-09-24 11:33:59 - [TEST_STEP][PASSED] - click: Object: 'Object Repository/Page_Beauty Box Subscription for Wo/a_Toners  Mists' is clicked on

2018-09-24 11:33:59 - [MESSAGE][PASSED] - Object: 'Object Repository/Page_Beauty Box Subscription for Wo/a_Toners  Mists' is clicked on

2018-09-24 11:33:59 - [TEST_STEP][PASSED] - delay: Delayed 2 second(s)

2018-09-24 11:34:01 - [MESSAGE][PASSED] - Delayed 2 second(s)

2018-09-24 11:34:01 - [TEST_STEP][PASSED] - click: Object: 'Object Repository/Page_Toners  Mists/svg_ 2018 Birchbox_icon__svg__' is clicked on

2018-09-24 11:34:02 - [MESSAGE][PASSED] - Object: 'Object Repository/Page_Toners  Mists/svg_ 2018 Birchbox_icon__svg__' is clicked on

2018-09-24 11:34:02 - [TEST_STEP][PASSED] - click: Object: 'Object Repository/Page_Toners  Mists/div_Skin' is clicked on

2018-09-24 11:34:02 - [MESSAGE][PASSED] - Object: 'Object Repository/Page_Toners  Mists/div_Skin' is clicked on

2018-09-24 11:34:02 - [TEST_STEP][PASSED] - click: Object: 'Object Repository/Page_Toners  Mists/div_Treat' is clicked on

2018-09-24 11:34:02 - [MESSAGE][PASSED] - Object: 'Object Repository/Page_Toners  Mists/div_Treat' is clicked on

2018-09-24 11:34:02 - [TEST_STEP][PASSED] - delay: Delayed 1 second(s)

2018-09-24 11:34:03 - [MESSAGE][PASSED] - Delayed 1 second(s)

2018-09-24 11:34:03 - [TEST_STEP][PASSED] - waitForElementVisible: Object 'Object Repository/Page_Beauty Box Subscription for Wo/a_Face Serums' is visible

2018-09-24 11:34:03 - [MESSAGE][WARNING] - Timeout '0' is invalid. Using default page load timeout: '90'

2018-09-24 11:34:04 - [MESSAGE][PASSED] - Object 'Object Repository/Page_Beauty Box Subscription for Wo/a_Face Serums' is visible

2018-09-24 11:34:04 - [TEST_STEP][PASSED] - waitForElementClickable: Object 'Object Repository/Page_Beauty Box Subscription for Wo/a_Face Serums' is clickable

2018-09-24 11:34:04 - [MESSAGE][WARNING] - Timeout '0' is invalid. Using default page load timeout: '90'

2018-09-24 11:34:04 - [MESSAGE][PASSED] - Object 'Object Repository/Page_Beauty Box Subscription for Wo/a_Face Serums' is clickable

2018-09-24 11:34:04 - [TEST_STEP][PASSED] - click: Object: 'Object Repository/Page_Beauty Box Subscription for Wo/a_Face Serums' is clicked on

2018-09-24 11:34:04 - [MESSAGE][PASSED] - Object: 'Object Repository/Page_Beauty Box Subscription for Wo/a_Face Serums' is clicked on

2018-09-24 11:34:04 - [TEST_STEP][PASSED] - delay: Delayed 2 second(s)

2018-09-24 11:34:06 - [MESSAGE][PASSED] - Delayed 2 second(s)

2018-09-24 11:34:06 - [TEST_STEP][PASSED] - click: Object: 'Object Repository/Page_Shop Face Serums/svg_ 2018 Birchbox_icon__svg__' is clicked on

2018-09-24 11:34:06 - [MESSAGE][PASSED] - Object: 'Object Repository/Page_Shop Face Serums/svg_ 2018 Birchbox_icon__svg__' is clicked on

2018-09-24 11:34:06 - [TEST_STEP][PASSED] - click: Object: 'Object Repository/Page_Shop Face Serums/div_Skin' is clicked on

2018-09-24 11:34:06 - [MESSAGE][PASSED] - Object: 'Object Repository/Page_Shop Face Serums/div_Skin' is clicked on

2018-09-24 11:34:06 - [TEST_STEP][PASSED] - waitForElementVisible: Object 'Object Repository/Page_Shop Face Serums/div_Treat' is visible

2018-09-24 11:34:06 - [MESSAGE][WARNING] - Timeout '0' is invalid. Using default page load timeout: '90'

2018-09-24 11:34:06 - [MESSAGE][PASSED] - Object 'Object Repository/Page_Shop Face Serums/div_Treat' is visible

2018-09-24 11:34:06 - [TEST_STEP][PASSED] - delay: Delayed 1 second(s)

2018-09-24 11:34:07 - [MESSAGE][PASSED] - Delayed 1 second(s)

2018-09-24 11:34:07 - [TEST_STEP][PASSED] - waitForElementNotClickable: Object 'Object Repository/Page_Shop Face Serums/div_Treat' is not clickable after 90 second(s)

2018-09-24 11:34:08 - [MESSAGE][WARNING] - Timeout '0' is invalid. Using default page load timeout: '90'

2018-09-24 11:35:38 - [MESSAGE][WARNING] - Object 'Object Repository/Page_Shop Face Serums/div_Treat' is not clickable after 90 second(s)

2018-09-24 11:35:38 - [TEST_STEP][PASSED] - click: Object: 'Object Repository/Page_Shop Face Serums/div_Treat' is clicked on

2018-09-24 11:35:38 - [MESSAGE][PASSED] - Object: 'Object Repository/Page_Shop Face Serums/div_Treat' is clicked on

2018-09-24 11:35:38 - [TEST_STEP][PASSED] - delay: Delayed 1 second(s)

2018-09-24 11:35:39 - [MESSAGE][PASSED] - Delayed 1 second(s)

2018-09-24 11:35:39 - [TEST_STEP][PASSED] - waitForElementVisible: Object 'Object Repository/Page_Beauty Box Subscription for Wo/a_Acne  Oil Treatments' is visible

2018-09-24 11:35:39 - [MESSAGE][WARNING] - Timeout '0' is invalid. Using default page load timeout: '90'

2018-09-24 11:35:40 - [MESSAGE][PASSED] - Object 'Object Repository/Page_Beauty Box Subscription for Wo/a_Acne  Oil Treatments' is visible

2018-09-24 11:35:40 - [TEST_STEP][PASSED] - waitForElementClickable: Object 'Object Repository/Page_Beauty Box Subscription for Wo/a_Acne  Oil Treatments' is clickable

2018-09-24 11:35:40 - [MESSAGE][WARNING] - Timeout '0' is invalid. Using default page load timeout: '90'

2018-09-24 11:35:40 - [MESSAGE][PASSED] - Object 'Object Repository/Page_Beauty Box Subscription for Wo/a_Acne  Oil Treatments' is clickable

2018-09-24 11:35:40 - [TEST_STEP][PASSED] - click: Object: 'Object Repository/Page_Beauty Box Subscription for Wo/a_Acne  Oil Treatments' is clicked on

2018-09-24 11:35:40 - [MESSAGE][PASSED] - Object: 'Object Repository/Page_Beauty Box Subscription for Wo/a_Acne  Oil Treatments' is clicked on

2018-09-24 11:35:40 - [TEST_STEP][PASSED] - delay: Delayed 2 second(s)

2018-09-24 11:35:42 - [MESSAGE][PASSED] - Delayed 2 second(s)

2018-09-24 11:35:42 - [TEST_STEP][PASSED] - click: Object: 'Object Repository/Page_Shop Acne Treatments and Oily/svg_ 2018 Birchbox_icon__svg__' is clicked on

2018-09-24 11:35:42 - [MESSAGE][PASSED] - Object: 'Object Repository/Page_Shop Acne Treatments and Oily/svg_ 2018 Birchbox_icon__svg__' is clicked on

2018-09-24 11:35:42 - [TEST_STEP][PASSED] - click: Object: 'Object Repository/Page_Beauty Box Subscription for Wo/div_Skin' is clicked on

2018-09-24 11:35:43 - [MESSAGE][PASSED] - Object: 'Object Repository/Page_Beauty Box Subscription for Wo/div_Skin' is clicked on

2018-09-24 11:35:43 - [TEST_STEP][PASSED] - click: Object: 'Object Repository/Page_Shop Acne Treatments and Oily/div_Treat' is clicked on

2018-09-24 11:35:43 - [MESSAGE][PASSED] - Object: 'Object Repository/Page_Shop Acne Treatments and Oily/div_Treat' is clicked on

2018-09-24 11:35:43 - [TEST_STEP][PASSED] - delay: Delayed 1 second(s)

2018-09-24 11:35:44 - [MESSAGE][PASSED] - Delayed 1 second(s)

2018-09-24 11:35:44 - [TEST_STEP][PASSED] - click: Object: 'Object Repository/Page_Beauty Box Subscription for Wo/a_Eye Masks  Treatments' is clicked on

2018-09-24 11:35:44 - [MESSAGE][PASSED] - Object: 'Object Repository/Page_Beauty Box Subscription for Wo/a_Eye Masks  Treatments' is clicked on

2018-09-24 11:35:44 - [TEST_STEP][FAILED] - click: Unable to click on object 'Object Repository/Page_Beauty Box Subscription for Wo/a_Eye Masks  Treatments' (Root cause: com.kms.katalon.core.webui.exception.WebElementNotFoundException: Web element with id: 'Object Repository/Page_Beauty Box Subscription for Wo/a_Eye Masks  Treatments' located by 'By.xpath: //a[@href = '/category/50' and (text() = 'Eye Masks & Treatments' or . = 'Eye Masks & Treatments')]' not found)

2018-09-24 11:37:18 - [MESSAGE][FAILED] - Unable to click on object 'Object Repository/Page_Beauty Box Subscription for Wo/a_Eye Masks  Treatments' (Root cause: com.kms.katalon.core.webui.exception.WebElementNotFoundException: Web element with id: 'Object Repository/Page_Beauty Box Subscription for Wo/a_Eye Masks  Treatments' located by 'By.xpath: //a[@href = '/category/50' and (text() = 'Eye Masks & Treatments' or . = 'Eye Masks & Treatments')]' not found)]]></system-out>
         <system-err><![CDATA[2018-09-24 11:33:28 - [TEST_CASE][FAILED] - Test Cases/US mobile test/Test all Shop top-level categories for Womes Shop (Skin): Test Cases/US mobile test/Test all Shop top-level categories for Womes Shop (Skin) FAILED because (of) (Stack trace: com.kms.katalon.core.exception.StepFailedException: Unable to click on object 'Object Repository/Page_Beauty Box Subscription for Wo/a_Eye Masks  Treatments' (Root cause: com.kms.katalon.core.webui.exception.WebElementNotFoundException: Web element with id: 'Object Repository/Page_Beauty Box Subscription for Wo/a_Eye Masks  Treatments' located by 'By.xpath: //a[@href = '/category/50' and (text() = 'Eye Masks & Treatments' or . = 'Eye Masks & Treatments')]' not found)
	at com.kms.katalon.core.keyword.internal.KeywordMain.stepFailed(KeywordMain.groovy:36)
	at com.kms.katalon.core.webui.keyword.internal.WebUIKeywordMain.stepFailed(WebUIKeywordMain.groovy:65)
	at com.kms.katalon.core.webui.keyword.internal.WebUIKeywordMain.runKeyword(WebUIKeywordMain.groovy:27)
	at com.kms.katalon.core.webui.keyword.builtin.ClickKeyword.click(ClickKeyword.groovy:86)
	at com.kms.katalon.core.webui.keyword.builtin.ClickKeyword.execute(ClickKeyword.groovy:67)
	at com.kms.katalon.core.keyword.internal.KeywordExecutor.executeKeywordForPlatform(KeywordExecutor.groovy:53)
	at com.kms.katalon.core.webui.keyword.WebUiBuiltInKeywords.click(WebUiBuiltInKeywords.groovy:616)
	at com.kms.katalon.core.webui.keyword.WebUiBuiltInKeywords$click$4.call(Unknown Source)
	at org.codehaus.groovy.runtime.callsite.CallSiteArray.defaultCall(CallSiteArray.java:48)
	at org.codehaus.groovy.runtime.callsite.AbstractCallSite.call(AbstractCallSite.java:113)
	at org.codehaus.groovy.runtime.callsite.AbstractCallSite.call(AbstractCallSite.java:125)
	at Script1536617663530.run(Script1536617663530.groovy:168)
	at com.kms.katalon.core.main.ScriptEngine.run(ScriptEngine.java:183)
	at com.kms.katalon.core.main.ScriptEngine.runScriptAsRawText(ScriptEngine.java:108)
	at com.kms.katalon.core.main.TestCaseExecutor.runScript(TestCaseExecutor.java:294)
	at com.kms.katalon.core.main.TestCaseExecutor.doExecute(TestCaseExecutor.java:285)
	at com.kms.katalon.core.main.TestCaseExecutor.processExecutionPhase(TestCaseExecutor.java:264)
	at com.kms.katalon.core.main.TestCaseExecutor.accessMainPhase(TestCaseExecutor.java:256)
	at com.kms.katalon.core.main.TestCaseExecutor.execute(TestCaseExecutor.java:200)
	at com.kms.katalon.core.main.TestSuiteExecutor.accessTestCaseMainPhase(TestSuiteExecutor.java:129)
	at com.kms.katalon.core.main.TestSuiteExecutor.accessTestSuiteMainPhase(TestSuiteExecutor.java:112)
	at com.kms.katalon.core.main.TestSuiteExecutor.execute(TestSuiteExecutor.java:81)
	at com.kms.katalon.core.main.TestCaseMain.startTestSuite(TestCaseMain.java:142)
	at com.kms.katalon.core.main.TestCaseMain$startTestSuite$0.call(Unknown Source)
	at org.codehaus.groovy.runtime.callsite.CallSiteArray.defaultCall(CallSiteArray.java:48)
	at org.codehaus.groovy.runtime.callsite.AbstractCallSite.call(AbstractCallSite.java:113)
	at org.codehaus.groovy.runtime.callsite.AbstractCallSite.call(AbstractCallSite.java:141)
	at TempTestSuite1537813840264.run(TempTestSuite1537813840264.groovy:36)
	at groovy.lang.GroovyShell.runScriptOrMainOrTestOrRunnable(GroovyShell.java:263)
	at groovy.lang.GroovyShell.run(GroovyShell.java:518)
	at groovy.lang.GroovyShell.run(GroovyShell.java:507)
	at groovy.ui.GroovyMain.processOnce(GroovyMain.java:653)
	at groovy.ui.GroovyMain.run(GroovyMain.java:384)
	at groovy.ui.GroovyMain.process(GroovyMain.java:370)
	at groovy.ui.GroovyMain.processArgs(GroovyMain.java:129)
	at groovy.ui.GroovyMain.main(GroovyMain.java:109)
	at sun.reflect.NativeMethodAccessorImpl.invoke0(Native Method)
	at sun.reflect.NativeMethodAccessorImpl.invoke(NativeMethodAccessorImpl.java:62)
	at sun.reflect.DelegatingMethodAccessorImpl.invoke(DelegatingMethodAccessorImpl.java:43)
	at java.lang.reflect.Method.invoke(Method.java:498)
	at org.codehaus.groovy.tools.GroovyStarter.rootLoader(GroovyStarter.java:109)
	at org.codehaus.groovy.tools.GroovyStarter.main(GroovyStarter.java:131)
)]]></system-err>
      </testcase>
      <system-out><![CDATA[2018-09-24 11:30:42 - [TEST_SUITE][FAILED] - Full Sanity Test (US, mobile): Test Cases/US mobile test/Test all Shop top-level categories for Womens Shop (Makeup) FAILED because (of) (Stack trace: com.kms.katalon.core.exception.StepFailedException: Unable to click on object 'Object Repository/Page_Beauty Box Subscription for Wo/a_Highlighters' (Root cause: org.openqa.selenium.WebDriverException: unknown error: Element <a class="StyledLink-khUpca fgCKOS" href="/category/2653">...</a> is not clickable at point (61, 632). Other element would receive the click: <div class="Drawer__MaskDiv-VGhMm utilities__cover___WKDvY gqjSAR" style="opacity: 0;"></div>
  (Session info: chrome=69.0.3497.100)
  (Driver info: chromedriver=2.35.528161 (5b82f2d2aae0ca24b877009200ced9065a772e73),platform=Windows NT 6.1.7601 SP1 x86_64) (WARNING: The server did not provide any stacktrace information)
Command duration or timeout: 0 milliseconds
Build info: version: '3.7.1', revision: '8a0099a', time: '2017-11-06T21:07:36.161Z'
System info: host: 'PLEMKTPLACE-08', ip: '10.241.184.32', os.name: 'Windows 7', os.arch: 'amd64', os.version: '6.1', java.version: '1.8.0_181'
Driver info: com.kms.katalon.selenium.driver.CChromeDriver
Capabilities {acceptInsecureCerts: false, acceptSslCerts: false, applicationCacheEnabled: false, browserConnectionEnabled: false, browserName: chrome, chrome: {chromedriverVersion: 2.35.528161 (5b82f2d2aae0ca..., userDataDir: C:\Users\vbrooks\AppData\Lo...}, cssSelectorsEnabled: true, databaseEnabled: false, handlesAlerts: true, hasTouchScreen: false, javascriptEnabled: true, locationContextEnabled: true, mobileEmulationEnabled: false, nativeEvents: true, networkConnectionEnabled: false, pageLoadStrategy: normal, platform: XP, platformName: XP, rotatable: false, setWindowRect: true, takesHeapSnapshot: true, takesScreenshot: true, unexpectedAlertBehaviour: , unhandledPromptBehavior: , version: 69.0.3497.100, webStorageEnabled: true}
Session ID: 9f621557be015284066699ff6113259a)
	at com.kms.katalon.core.keyword.internal.KeywordMain.stepFailed(KeywordMain.groovy:36)
	at com.kms.katalon.core.webui.keyword.internal.WebUIKeywordMain.stepFailed(WebUIKeywordMain.groovy:65)
	at com.kms.katalon.core.webui.keyword.internal.WebUIKeywordMain.runKeyword(WebUIKeywordMain.groovy:27)
	at com.kms.katalon.core.webui.keyword.builtin.ClickKeyword.click(ClickKeyword.groovy:86)
	at com.kms.katalon.core.webui.keyword.builtin.ClickKeyword.execute(ClickKeyword.groovy:67)
	at com.kms.katalon.core.keyword.internal.KeywordExecutor.executeKeywordForPlatform(KeywordExecutor.groovy:53)
	at com.kms.katalon.core.webui.keyword.WebUiBuiltInKeywords.click(WebUiBuiltInKeywords.groovy:616)
	at com.kms.katalon.core.webui.keyword.WebUiBuiltInKeywords$click$4.call(Unknown Source)
	at org.codehaus.groovy.runtime.callsite.CallSiteArray.defaultCall(CallSiteArray.java:48)
	at org.codehaus.groovy.runtime.callsite.AbstractCallSite.call(AbstractCallSite.java:113)
	at org.codehaus.groovy.runtime.callsite.AbstractCallSite.call(AbstractCallSite.java:125)
	at Script1536614250757.run(Script1536614250757.groovy:396)
	at com.kms.katalon.core.main.ScriptEngine.run(ScriptEngine.java:183)
	at com.kms.katalon.core.main.ScriptEngine.runScriptAsRawText(ScriptEngine.java:108)
	at com.kms.katalon.core.main.TestCaseExecutor.runScript(TestCaseExecutor.java:294)
	at com.kms.katalon.core.main.TestCaseExecutor.doExecute(TestCaseExecutor.java:285)
	at com.kms.katalon.core.main.TestCaseExecutor.processExecutionPhase(TestCaseExecutor.java:264)
	at com.kms.katalon.core.main.TestCaseExecutor.accessMainPhase(TestCaseExecutor.java:256)
	at com.kms.katalon.core.main.TestCaseExecutor.execute(TestCaseExecutor.java:200)
	at com.kms.katalon.core.main.TestSuiteExecutor.accessTestCaseMainPhase(TestSuiteExecutor.java:129)
	at com.kms.katalon.core.main.TestSuiteExecutor.accessTestSuiteMainPhase(TestSuiteExecutor.java:112)
	at com.kms.katalon.core.main.TestSuiteExecutor.execute(TestSuiteExecutor.java:81)
	at com.kms.katalon.core.main.TestCaseMain.startTestSuite(TestCaseMain.java:142)
	at com.kms.katalon.core.main.TestCaseMain$startTestSuite$0.call(Unknown Source)
	at org.codehaus.groovy.runtime.callsite.CallSiteArray.defaultCall(CallSiteArray.java:48)
	at org.codehaus.groovy.runtime.callsite.AbstractCallSite.call(AbstractCallSite.java:113)
	at org.codehaus.groovy.runtime.callsite.AbstractCallSite.call(AbstractCallSite.java:141)
	at TempTestSuite1537813840264.run(TempTestSuite1537813840264.groovy:36)
	at groovy.lang.GroovyShell.runScriptOrMainOrTestOrRunnable(GroovyShell.java:263)
	at groovy.lang.GroovyShell.run(GroovyShell.java:518)
	at groovy.lang.GroovyShell.run(GroovyShell.java:507)
	at groovy.ui.GroovyMain.processOnce(GroovyMain.java:653)
	at groovy.ui.GroovyMain.run(GroovyMain.java:384)
	at groovy.ui.GroovyMain.process(GroovyMain.java:370)
	at groovy.ui.GroovyMain.processArgs(GroovyMain.java:129)
	at groovy.ui.GroovyMain.main(GroovyMain.java:109)
	at sun.reflect.NativeMethodAccessorImpl.invoke0(Native Method)
	at sun.reflect.NativeMethodAccessorImpl.invoke(NativeMethodAccessorImpl.java:62)
	at sun.reflect.DelegatingMethodAccessorImpl.invoke(DelegatingMethodAccessorImpl.java:43)
	at java.lang.reflect.Method.invoke(Method.java:498)
	at org.codehaus.groovy.tools.GroovyStarter.rootLoader(GroovyStarter.java:109)
	at org.codehaus.groovy.tools.GroovyStarter.main(GroovyStarter.java:131)
)]]></system-out>
      <system-err><![CDATA[2018-09-24 11:30:42 - [TEST_SUITE][FAILED] - Full Sanity Test (US, mobile): Test Cases/US mobile test/Test all Shop top-level categories for Womens Shop (Makeup) FAILED because (of) (Stack trace: com.kms.katalon.core.exception.StepFailedException: Unable to click on object 'Object Repository/Page_Beauty Box Subscription for Wo/a_Highlighters' (Root cause: org.openqa.selenium.WebDriverException: unknown error: Element <a class="StyledLink-khUpca fgCKOS" href="/category/2653">...</a> is not clickable at point (61, 632). Other element would receive the click: <div class="Drawer__MaskDiv-VGhMm utilities__cover___WKDvY gqjSAR" style="opacity: 0;"></div>
  (Session info: chrome=69.0.3497.100)
  (Driver info: chromedriver=2.35.528161 (5b82f2d2aae0ca24b877009200ced9065a772e73),platform=Windows NT 6.1.7601 SP1 x86_64) (WARNING: The server did not provide any stacktrace information)
Command duration or timeout: 0 milliseconds
Build info: version: '3.7.1', revision: '8a0099a', time: '2017-11-06T21:07:36.161Z'
System info: host: 'PLEMKTPLACE-08', ip: '10.241.184.32', os.name: 'Windows 7', os.arch: 'amd64', os.version: '6.1', java.version: '1.8.0_181'
Driver info: com.kms.katalon.selenium.driver.CChromeDriver
Capabilities {acceptInsecureCerts: false, acceptSslCerts: false, applicationCacheEnabled: false, browserConnectionEnabled: false, browserName: chrome, chrome: {chromedriverVersion: 2.35.528161 (5b82f2d2aae0ca..., userDataDir: C:\Users\vbrooks\AppData\Lo...}, cssSelectorsEnabled: true, databaseEnabled: false, handlesAlerts: true, hasTouchScreen: false, javascriptEnabled: true, locationContextEnabled: true, mobileEmulationEnabled: false, nativeEvents: true, networkConnectionEnabled: false, pageLoadStrategy: normal, platform: XP, platformName: XP, rotatable: false, setWindowRect: true, takesHeapSnapshot: true, takesScreenshot: true, unexpectedAlertBehaviour: , unhandledPromptBehavior: , version: 69.0.3497.100, webStorageEnabled: true}
Session ID: 9f621557be015284066699ff6113259a)
	at com.kms.katalon.core.keyword.internal.KeywordMain.stepFailed(KeywordMain.groovy:36)
	at com.kms.katalon.core.webui.keyword.internal.WebUIKeywordMain.stepFailed(WebUIKeywordMain.groovy:65)
	at com.kms.katalon.core.webui.keyword.internal.WebUIKeywordMain.runKeyword(WebUIKeywordMain.groovy:27)
	at com.kms.katalon.core.webui.keyword.builtin.ClickKeyword.click(ClickKeyword.groovy:86)
	at com.kms.katalon.core.webui.keyword.builtin.ClickKeyword.execute(ClickKeyword.groovy:67)
	at com.kms.katalon.core.keyword.internal.KeywordExecutor.executeKeywordForPlatform(KeywordExecutor.groovy:53)
	at com.kms.katalon.core.webui.keyword.WebUiBuiltInKeywords.click(WebUiBuiltInKeywords.groovy:616)
	at com.kms.katalon.core.webui.keyword.WebUiBuiltInKeywords$click$4.call(Unknown Source)
	at org.codehaus.groovy.runtime.callsite.CallSiteArray.defaultCall(CallSiteArray.java:48)
	at org.codehaus.groovy.runtime.callsite.AbstractCallSite.call(AbstractCallSite.java:113)
	at org.codehaus.groovy.runtime.callsite.AbstractCallSite.call(AbstractCallSite.java:125)
	at Script1536614250757.run(Script1536614250757.groovy:396)
	at com.kms.katalon.core.main.ScriptEngine.run(ScriptEngine.java:183)
	at com.kms.katalon.core.main.ScriptEngine.runScriptAsRawText(ScriptEngine.java:108)
	at com.kms.katalon.core.main.TestCaseExecutor.runScript(TestCaseExecutor.java:294)
	at com.kms.katalon.core.main.TestCaseExecutor.doExecute(TestCaseExecutor.java:285)
	at com.kms.katalon.core.main.TestCaseExecutor.processExecutionPhase(TestCaseExecutor.java:264)
	at com.kms.katalon.core.main.TestCaseExecutor.accessMainPhase(TestCaseExecutor.java:256)
	at com.kms.katalon.core.main.TestCaseExecutor.execute(TestCaseExecutor.java:200)
	at com.kms.katalon.core.main.TestSuiteExecutor.accessTestCaseMainPhase(TestSuiteExecutor.java:129)
	at com.kms.katalon.core.main.TestSuiteExecutor.accessTestSuiteMainPhase(TestSuiteExecutor.java:112)
	at com.kms.katalon.core.main.TestSuiteExecutor.execute(TestSuiteExecutor.java:81)
	at com.kms.katalon.core.main.TestCaseMain.startTestSuite(TestCaseMain.java:142)
	at com.kms.katalon.core.main.TestCaseMain$startTestSuite$0.call(Unknown Source)
	at org.codehaus.groovy.runtime.callsite.CallSiteArray.defaultCall(CallSiteArray.java:48)
	at org.codehaus.groovy.runtime.callsite.AbstractCallSite.call(AbstractCallSite.java:113)
	at org.codehaus.groovy.runtime.callsite.AbstractCallSite.call(AbstractCallSite.java:141)
	at TempTestSuite1537813840264.run(TempTestSuite1537813840264.groovy:36)
	at groovy.lang.GroovyShell.runScriptOrMainOrTestOrRunnable(GroovyShell.java:263)
	at groovy.lang.GroovyShell.run(GroovyShell.java:518)
	at groovy.lang.GroovyShell.run(GroovyShell.java:507)
	at groovy.ui.GroovyMain.processOnce(GroovyMain.java:653)
	at groovy.ui.GroovyMain.run(GroovyMain.java:384)
	at groovy.ui.GroovyMain.process(GroovyMain.java:370)
	at groovy.ui.GroovyMain.processArgs(GroovyMain.java:129)
	at groovy.ui.GroovyMain.main(GroovyMain.java:109)
	at sun.reflect.NativeMethodAccessorImpl.invoke0(Native Method)
	at sun.reflect.NativeMethodAccessorImpl.invoke(NativeMethodAccessorImpl.java:62)
	at sun.reflect.DelegatingMethodAccessorImpl.invoke(DelegatingMethodAccessorImpl.java:43)
	at java.lang.reflect.Method.invoke(Method.java:498)
	at org.codehaus.groovy.tools.GroovyStarter.rootLoader(GroovyStarter.java:109)
	at org.codehaus.groovy.tools.GroovyStarter.main(GroovyStarter.java:131)
)]]></system-err>
   </testsuite>
</testsuites>
