<?xml version="1.0" encoding="UTF-8"?>
<testsuites name="Full Sanity Test (US, mobile)" time="763" tests="3" failures="2" errors="0">
   <testsuite name="Full Sanity Test (US, mobile)" tests="3" failures="2" errors="0" time="763" timestamp="2018-09-28 17:44:11" hostname="vbrooks - PLEMKTPLACE-08.esa.winadroot.com" id="Test Suites/Full Sanity Test (US, mobile)">
      <properties>
         <property name="deviceName" value=""/>
         <property name="devicePlatform" value=""/>
         <property name="logFolder" value="C:\\Users\\vbrooks\\Katalon Studio\\Birchbox\\Reports\\Full Sanity Test (US, mobile)\\20180928_174408"/>
         <property name="logFiles" value="C:\\Users\\vbrooks\\Katalon Studio\\Birchbox\\Reports\\Full Sanity Test (US, mobile)\\20180928_174408\\execution0.log"/>
         <property name="attachments" value=""/>
         <property name="hostName" value="vbrooks - PLEMKTPLACE-08.esa.winadroot.com"/>
         <property name="os" value="Windows 7 64bit"/>
         <property name="katalonVersion" value="5.7.1.1"/>
         <property name="browser" value="Chrome 69.0.3497.100"/>
         <property name="hostAddress" value="10.241.184.32"/>
         <property name="sessionId" value="1840f5f18595068f3fe96d3f11a03448"/>
         <property name="seleniumVersion" value="3.7.1"/>
         <property name="proxyInformation" value="ProxyInformation{proxyOption=NO_PROXY, proxyServerType=HTTP, password=, proxyServerAddress=, proxyServerPort=0}"/>
         <property name="platform" value="Windows 7"/>
      </properties>
      <testcase name="Test Cases/US mobile test/Launch the Birchbox site in the required locale - US (www.staging.birchbox.com)" classname="Test Cases/US mobile test/Launch the Birchbox site in the required locale - US (www.staging.birchbox.com)" status="PASSED">
         <system-out><![CDATA[2018-09-28 17:44:11 - [TEST_CASE][PASSED] - Test Cases/US mobile test/Launch the Birchbox site in the required locale - US (www.staging.birchbox.com): Test Cases/US mobile test/Launch the Birchbox site in the required locale - US (www.staging.birchbox.com)

2018-09-28 17:44:12 - [TEST_STEP][PASSED] - openBrowser: Browser is opened with url: ''

2018-09-28 17:44:22 - [MESSAGE][PASSED] - Browser is opened with url: ''

2018-09-28 17:44:22 - [TEST_STEP][PASSED] - Statement - viewportHeight = com.kms.katalon.core.webui.keyword.WebUiBuiltInKeywords.getViewportHeight(): Viewport height is 707

2018-09-28 17:44:22 - [MESSAGE][PASSED] - Viewport height is 707

2018-09-28 17:44:22 - [TEST_STEP][PASSED] - Statement - viewportWidth = com.kms.katalon.core.webui.keyword.WebUiBuiltInKeywords.getViewportWidth(): Viewport width is 1040

2018-09-28 17:44:22 - [MESSAGE][PASSED] - Viewport width is 1040

2018-09-28 17:44:22 - [TEST_STEP][PASSED] - Statement - println("Browser size: " + viewportWidth + "X" + viewportHeight): null

2018-09-28 17:44:22 - [TEST_STEP][PASSED] - navigateToUrl: Navigate to 'https://www.staging.birchbox.com' successfully

2018-09-28 17:44:25 - [MESSAGE][PASSED] - Navigate to 'https://www.staging.birchbox.com' successfully

2018-09-28 17:44:25 - [TEST_STEP][PASSED] - Statement - If (viewportWidth > 1000): Viewport is set to new size with width = 400 and height = 900

2018-09-28 17:44:25 - [TEST_STEP][PASSED] - setViewPortSize: Viewport is set to new size with width = 400 and height = 900

2018-09-28 17:44:27 - [MESSAGE][PASSED] - Viewport is set to new size with width = 400 and height = 900

2018-09-28 17:44:27 - [TEST_STEP][PASSED] - delay: Delayed 10 second(s)

2018-09-28 17:44:37 - [MESSAGE][PASSED] - Delayed 10 second(s)

2018-09-28 17:44:37 - [TEST_STEP][PASSED] - click: Object: 'Object Repository/Page_Beauty Box Subscription for Wo/svg_icon__close_popup' is clicked on

2018-09-28 17:44:37 - [MESSAGE][PASSED] - Object: 'Object Repository/Page_Beauty Box Subscription for Wo/svg_icon__close_popup' is clicked on]]></system-out>
         <system-err><![CDATA[]]></system-err>
      </testcase>
      <testcase name="Test Cases/US mobile test/Test all Shop top-level categories for Womens Shop (Collections)" classname="Test Cases/US mobile test/Test all Shop top-level categories for Womens Shop (Collections)" status="PASSED">
         <system-out><![CDATA[2018-09-28 17:44:37 - [TEST_CASE][PASSED] - Test Cases/US mobile test/Test all Shop top-level categories for Womens Shop (Collections): Test Cases/US mobile test/Test all Shop top-level categories for Womens Shop (Collections)

2018-09-28 17:44:38 - [TEST_STEP][NOT_RUN] - callTestCase: NOT_RUN: callTestCase

2018-09-28 17:44:38 - [MESSAGE][NOT_RUN] - NOT_RUN: callTestCase

2018-09-28 17:44:38 - [TEST_STEP][PASSED] - click: Object: 'Object Repository/Page_Beauty Box Subscription for Wo/svg_icon__hamburger_menu (1)' is clicked on

2018-09-28 17:44:38 - [MESSAGE][PASSED] - Object: 'Object Repository/Page_Beauty Box Subscription for Wo/svg_icon__hamburger_menu (1)' is clicked on

2018-09-28 17:44:38 - [TEST_STEP][PASSED] - waitForElementVisible: Object 'Object Repository/Page_Beauty Box Subscription for Wo/div_Collections (4)' is visible

2018-09-28 17:44:38 - [MESSAGE][WARNING] - Timeout '0' is invalid. Using default page load timeout: '90'

2018-09-28 17:44:39 - [MESSAGE][PASSED] - Object 'Object Repository/Page_Beauty Box Subscription for Wo/div_Collections (4)' is visible

2018-09-28 17:44:39 - [TEST_STEP][PASSED] - waitForElementClickable: Object 'Object Repository/Page_Beauty Box Subscription for Wo/div_Collections (4)' is clickable

2018-09-28 17:44:39 - [MESSAGE][WARNING] - Timeout '0' is invalid. Using default page load timeout: '90'

2018-09-28 17:44:39 - [MESSAGE][PASSED] - Object 'Object Repository/Page_Beauty Box Subscription for Wo/div_Collections (4)' is clickable

2018-09-28 17:44:39 - [TEST_STEP][PASSED] - click: Object: 'Object Repository/Page_Beauty Box Subscription for Wo/div_Collections (4)' is clicked on

2018-09-28 17:44:39 - [MESSAGE][PASSED] - Object: 'Object Repository/Page_Beauty Box Subscription for Wo/div_Collections (4)' is clicked on

2018-09-28 17:44:39 - [TEST_STEP][PASSED] - waitForElementClickable: Object 'Object Repository/Page_Beauty Box Subscription for Wo/div_Limited Edition Boxes' is clickable

2018-09-28 17:44:39 - [MESSAGE][WARNING] - Timeout '0' is invalid. Using default page load timeout: '90'

2018-09-28 17:44:40 - [MESSAGE][PASSED] - Object 'Object Repository/Page_Beauty Box Subscription for Wo/div_Limited Edition Boxes' is clickable

2018-09-28 17:44:40 - [TEST_STEP][PASSED] - click: Object: 'Object Repository/Page_Beauty Box Subscription for Wo/div_Limited Edition Boxes' is clicked on

2018-09-28 17:44:40 - [MESSAGE][PASSED] - Object: 'Object Repository/Page_Beauty Box Subscription for Wo/div_Limited Edition Boxes' is clicked on

2018-09-28 17:44:40 - [TEST_STEP][PASSED] - delay: Delayed 3 second(s)

2018-09-28 17:44:43 - [MESSAGE][PASSED] - Delayed 3 second(s)

2018-09-28 17:44:43 - [TEST_STEP][PASSED] - waitForElementClickable: Object 'Object Repository/Page_Shop Limited Edition Boxes/svg_ 2018 Birchbox_icon__svg__' is clickable

2018-09-28 17:44:43 - [MESSAGE][WARNING] - Timeout '0' is invalid. Using default page load timeout: '90'

2018-09-28 17:44:43 - [MESSAGE][PASSED] - Object 'Object Repository/Page_Shop Limited Edition Boxes/svg_ 2018 Birchbox_icon__svg__' is clickable

2018-09-28 17:44:43 - [TEST_STEP][PASSED] - click: Object: 'Object Repository/Page_Shop Limited Edition Boxes/svg_ 2018 Birchbox_icon__svg__' is clicked on

2018-09-28 17:44:43 - [MESSAGE][PASSED] - Object: 'Object Repository/Page_Shop Limited Edition Boxes/svg_ 2018 Birchbox_icon__svg__' is clicked on

2018-09-28 17:44:43 - [TEST_STEP][PASSED] - delay: Delayed 2 second(s)

2018-09-28 17:44:45 - [MESSAGE][PASSED] - Delayed 2 second(s)

2018-09-28 17:44:45 - [TEST_STEP][PASSED] - click: Object: 'Object Repository/Page_Beauty Box Subscription for Wo/div_Collections (4)' is clicked on

2018-09-28 17:44:46 - [MESSAGE][PASSED] - Object: 'Object Repository/Page_Beauty Box Subscription for Wo/div_Collections (4)' is clicked on

2018-09-28 17:44:46 - [TEST_STEP][PASSED] - delay: Delayed 2 second(s)

2018-09-28 17:44:48 - [MESSAGE][PASSED] - Delayed 2 second(s)

2018-09-28 17:44:48 - [TEST_STEP][PASSED] - waitForElementClickable: Object 'Object Repository/Page_Shop Limited Edition Boxes/div_Birchbox Discovery Kits' is clickable

2018-09-28 17:44:48 - [MESSAGE][WARNING] - Timeout '0' is invalid. Using default page load timeout: '90'

2018-09-28 17:44:48 - [MESSAGE][PASSED] - Object 'Object Repository/Page_Shop Limited Edition Boxes/div_Birchbox Discovery Kits' is clickable

2018-09-28 17:44:48 - [TEST_STEP][PASSED] - click: Object: 'Object Repository/Page_Shop Limited Edition Boxes/div_Birchbox Discovery Kits' is clicked on

2018-09-28 17:44:48 - [MESSAGE][PASSED] - Object: 'Object Repository/Page_Shop Limited Edition Boxes/div_Birchbox Discovery Kits' is clicked on

2018-09-28 17:44:48 - [TEST_STEP][PASSED] - delay: Delayed 2 second(s)

2018-09-28 17:44:50 - [MESSAGE][PASSED] - Delayed 2 second(s)

2018-09-28 17:44:50 - [TEST_STEP][PASSED] - waitForElementClickable: Object 'Object Repository/Page_Birchbox Discovery Kits/svg_ 2018 Birchbox_icon__svg__' is clickable

2018-09-28 17:44:50 - [MESSAGE][WARNING] - Timeout '0' is invalid. Using default page load timeout: '90'

2018-09-28 17:44:50 - [MESSAGE][PASSED] - Object 'Object Repository/Page_Birchbox Discovery Kits/svg_ 2018 Birchbox_icon__svg__' is clickable

2018-09-28 17:44:50 - [TEST_STEP][PASSED] - click: Object: 'Object Repository/Page_Birchbox Discovery Kits/svg_ 2018 Birchbox_icon__svg__' is clicked on

2018-09-28 17:44:50 - [MESSAGE][PASSED] - Object: 'Object Repository/Page_Birchbox Discovery Kits/svg_ 2018 Birchbox_icon__svg__' is clicked on

2018-09-28 17:44:50 - [TEST_STEP][PASSED] - waitForElementVisible: Object 'Object Repository/Page_Beauty Box Subscription for Wo/div_Collections (4)' is visible

2018-09-28 17:44:50 - [MESSAGE][WARNING] - Timeout '0' is invalid. Using default page load timeout: '90'

2018-09-28 17:44:50 - [MESSAGE][PASSED] - Object 'Object Repository/Page_Beauty Box Subscription for Wo/div_Collections (4)' is visible

2018-09-28 17:44:50 - [TEST_STEP][PASSED] - click: Object: 'Object Repository/Page_Beauty Box Subscription for Wo/div_Collections (4)' is clicked on

2018-09-28 17:44:51 - [MESSAGE][PASSED] - Object: 'Object Repository/Page_Beauty Box Subscription for Wo/div_Collections (4)' is clicked on

2018-09-28 17:44:51 - [TEST_STEP][PASSED] - click: Object: 'Object Repository/Page_Birchbox Discovery Kits/div_Birchbox Exclusives' is clicked on

2018-09-28 17:44:51 - [MESSAGE][PASSED] - Object: 'Object Repository/Page_Birchbox Discovery Kits/div_Birchbox Exclusives' is clicked on

2018-09-28 17:44:51 - [TEST_STEP][PASSED] - delay: Delayed 2 second(s)

2018-09-28 17:44:53 - [MESSAGE][PASSED] - Delayed 2 second(s)

2018-09-28 17:44:53 - [TEST_STEP][PASSED] - waitForElementClickable: Object 'Object Repository/Page_Shop Birchbox Exclusives/svg_ 2018 Birchbox_icon__svg__' is clickable

2018-09-28 17:44:53 - [MESSAGE][WARNING] - Timeout '0' is invalid. Using default page load timeout: '90'

2018-09-28 17:44:53 - [MESSAGE][PASSED] - Object 'Object Repository/Page_Shop Birchbox Exclusives/svg_ 2018 Birchbox_icon__svg__' is clickable

2018-09-28 17:44:53 - [TEST_STEP][PASSED] - click: Object: 'Object Repository/Page_Shop Birchbox Exclusives/svg_ 2018 Birchbox_icon__svg__' is clicked on

2018-09-28 17:44:53 - [MESSAGE][PASSED] - Object: 'Object Repository/Page_Shop Birchbox Exclusives/svg_ 2018 Birchbox_icon__svg__' is clicked on

2018-09-28 17:44:53 - [TEST_STEP][PASSED] - waitForElementVisible: Object 'Object Repository/Page_Beauty Box Subscription for Wo/div_Collections (4)' is visible

2018-09-28 17:44:53 - [MESSAGE][WARNING] - Timeout '0' is invalid. Using default page load timeout: '90'

2018-09-28 17:44:53 - [MESSAGE][PASSED] - Object 'Object Repository/Page_Beauty Box Subscription for Wo/div_Collections (4)' is visible

2018-09-28 17:44:53 - [TEST_STEP][PASSED] - click: Object: 'Object Repository/Page_Beauty Box Subscription for Wo/div_Collections (4)' is clicked on

2018-09-28 17:44:54 - [MESSAGE][PASSED] - Object: 'Object Repository/Page_Beauty Box Subscription for Wo/div_Collections (4)' is clicked on

2018-09-28 17:44:54 - [TEST_STEP][PASSED] - click: Object: 'Object Repository/Page_Shop Birchbox Exclusives/div_Best-Sellers' is clicked on

2018-09-28 17:44:54 - [MESSAGE][PASSED] - Object: 'Object Repository/Page_Shop Birchbox Exclusives/div_Best-Sellers' is clicked on

2018-09-28 17:44:54 - [TEST_STEP][PASSED] - delay: Delayed 2 second(s)

2018-09-28 17:44:56 - [MESSAGE][PASSED] - Delayed 2 second(s)

2018-09-28 17:44:56 - [TEST_STEP][PASSED] - waitForElementClickable: Object 'Object Repository/Page_Shop Best Sellers/svg_ 2018 Birchbox_icon__svg__' is clickable

2018-09-28 17:44:56 - [MESSAGE][WARNING] - Timeout '0' is invalid. Using default page load timeout: '90'

2018-09-28 17:44:56 - [MESSAGE][PASSED] - Object 'Object Repository/Page_Shop Best Sellers/svg_ 2018 Birchbox_icon__svg__' is clickable

2018-09-28 17:44:56 - [TEST_STEP][PASSED] - click: Object: 'Object Repository/Page_Shop Best Sellers/svg_ 2018 Birchbox_icon__svg__' is clicked on

2018-09-28 17:44:56 - [MESSAGE][PASSED] - Object: 'Object Repository/Page_Shop Best Sellers/svg_ 2018 Birchbox_icon__svg__' is clicked on

2018-09-28 17:44:56 - [TEST_STEP][PASSED] - delay: Delayed 1 second(s)

2018-09-28 17:44:57 - [MESSAGE][PASSED] - Delayed 1 second(s)

2018-09-28 17:44:57 - [TEST_STEP][PASSED] - waitForElementClickable: Object 'Object Repository/Page_Beauty Box Subscription for Wo/svg_icon__hamburger_menu (1)' is clickable

2018-09-28 17:44:57 - [MESSAGE][WARNING] - Timeout '0' is invalid. Using default page load timeout: '90'

2018-09-28 17:44:58 - [MESSAGE][PASSED] - Object 'Object Repository/Page_Beauty Box Subscription for Wo/svg_icon__hamburger_menu (1)' is clickable

2018-09-28 17:44:58 - [TEST_STEP][PASSED] - click: Object: 'Object Repository/Page_Beauty Box Subscription for Wo/svg_icon__hamburger_menu (1)' is clicked on

2018-09-28 17:44:58 - [MESSAGE][PASSED] - Object: 'Object Repository/Page_Beauty Box Subscription for Wo/svg_icon__hamburger_menu (1)' is clicked on

2018-09-28 17:44:58 - [TEST_STEP][PASSED] - waitForElementVisible: Object 'Object Repository/Page_Beauty Box Subscription for Wo/div_Collections (4)' is visible

2018-09-28 17:44:58 - [MESSAGE][WARNING] - Timeout '0' is invalid. Using default page load timeout: '90'

2018-09-28 17:44:58 - [MESSAGE][PASSED] - Object 'Object Repository/Page_Beauty Box Subscription for Wo/div_Collections (4)' is visible

2018-09-28 17:44:58 - [TEST_STEP][PASSED] - click: Object: 'Object Repository/Page_Beauty Box Subscription for Wo/div_Collections (4)' is clicked on

2018-09-28 17:44:59 - [MESSAGE][PASSED] - Object: 'Object Repository/Page_Beauty Box Subscription for Wo/div_Collections (4)' is clicked on

2018-09-28 17:44:59 - [TEST_STEP][PASSED] - delay: Delayed 2 second(s)

2018-09-28 17:45:01 - [MESSAGE][PASSED] - Delayed 2 second(s)

2018-09-28 17:45:01 - [TEST_STEP][PASSED] - click: Object: 'Object Repository/Page_Shop Best Sellers/div_Gifts with Purchase' is clicked on

2018-09-28 17:45:01 - [MESSAGE][PASSED] - Object: 'Object Repository/Page_Shop Best Sellers/div_Gifts with Purchase' is clicked on

2018-09-28 17:45:01 - [TEST_STEP][PASSED] - delay: Delayed 2 second(s)

2018-09-28 17:45:03 - [MESSAGE][PASSED] - Delayed 2 second(s)

2018-09-28 17:45:03 - [TEST_STEP][PASSED] - waitForElementClickable: Object 'Object Repository/Page_Beauty Box Subscription for Wo/svg_icon__hamburger_menu (1)' is clickable

2018-09-28 17:45:03 - [MESSAGE][WARNING] - Timeout '0' is invalid. Using default page load timeout: '90'

2018-09-28 17:45:03 - [MESSAGE][PASSED] - Object 'Object Repository/Page_Beauty Box Subscription for Wo/svg_icon__hamburger_menu (1)' is clickable

2018-09-28 17:45:03 - [TEST_STEP][PASSED] - click: Object: 'Object Repository/Page_Beauty Box Subscription for Wo/svg_icon__hamburger_menu (1)' is clicked on

2018-09-28 17:45:03 - [MESSAGE][PASSED] - Object: 'Object Repository/Page_Beauty Box Subscription for Wo/svg_icon__hamburger_menu (1)' is clicked on

2018-09-28 17:45:03 - [TEST_STEP][PASSED] - waitForElementVisible: Object 'Object Repository/Page_Beauty Box Subscription for Wo/div_Collections (4)' is visible

2018-09-28 17:45:03 - [MESSAGE][WARNING] - Timeout '0' is invalid. Using default page load timeout: '90'

2018-09-28 17:45:03 - [MESSAGE][PASSED] - Object 'Object Repository/Page_Beauty Box Subscription for Wo/div_Collections (4)' is visible

2018-09-28 17:45:03 - [TEST_STEP][PASSED] - click: Object: 'Object Repository/Page_Beauty Box Subscription for Wo/div_Collections (4)' is clicked on

2018-09-28 17:45:03 - [MESSAGE][PASSED] - Object: 'Object Repository/Page_Beauty Box Subscription for Wo/div_Collections (4)' is clicked on

2018-09-28 17:45:03 - [TEST_STEP][PASSED] - delay: Delayed 2 second(s)

2018-09-28 17:45:05 - [MESSAGE][PASSED] - Delayed 2 second(s)

2018-09-28 17:45:05 - [TEST_STEP][PASSED] - scrollToElement: Scroll to object 'Object Repository/Page_Shop Best Sellers/div_Gifts with Purchase' successfully

2018-09-28 17:45:05 - [MESSAGE][WARNING] - Timeout '0' is invalid. Using default page load timeout: '90'

2018-09-28 17:45:05 - [MESSAGE][PASSED] - Scroll to object 'Object Repository/Page_Shop Best Sellers/div_Gifts with Purchase' successfully

2018-09-28 17:45:05 - [TEST_STEP][PASSED] - click: Object: 'Object Repository/Page_Beauty Box Subscription for Wo/a_ARROW' is clicked on

2018-09-28 17:45:06 - [MESSAGE][PASSED] - Object: 'Object Repository/Page_Beauty Box Subscription for Wo/a_ARROW' is clicked on

2018-09-28 17:45:06 - [TEST_STEP][PASSED] - delay: Delayed 2 second(s)

2018-09-28 17:45:08 - [MESSAGE][PASSED] - Delayed 2 second(s)

2018-09-28 17:45:08 - [TEST_STEP][PASSED] - waitForElementClickable: Object 'Object Repository/Page_Beauty Box Subscription for Wo/svg_ 2018 Birchbox_icon__svg__' is clickable

2018-09-28 17:45:08 - [MESSAGE][WARNING] - Timeout '0' is invalid. Using default page load timeout: '90'

2018-09-28 17:45:08 - [MESSAGE][PASSED] - Object 'Object Repository/Page_Beauty Box Subscription for Wo/svg_ 2018 Birchbox_icon__svg__' is clickable

2018-09-28 17:45:08 - [TEST_STEP][PASSED] - click: Object: 'Object Repository/Page_Beauty Box Subscription for Wo/svg_ 2018 Birchbox_icon__svg__' is clicked on

2018-09-28 17:45:08 - [MESSAGE][PASSED] - Object: 'Object Repository/Page_Beauty Box Subscription for Wo/svg_ 2018 Birchbox_icon__svg__' is clicked on

2018-09-28 17:45:08 - [TEST_STEP][PASSED] - waitForElementVisible: Object 'Object Repository/Page_Beauty Box Subscription for Wo/div_Collections (4)' is visible

2018-09-28 17:45:08 - [MESSAGE][WARNING] - Timeout '0' is invalid. Using default page load timeout: '90'

2018-09-28 17:45:08 - [MESSAGE][PASSED] - Object 'Object Repository/Page_Beauty Box Subscription for Wo/div_Collections (4)' is visible

2018-09-28 17:45:08 - [TEST_STEP][PASSED] - click: Object: 'Object Repository/Page_Beauty Box Subscription for Wo/div_Collections (4)' is clicked on

2018-09-28 17:45:08 - [MESSAGE][PASSED] - Object: 'Object Repository/Page_Beauty Box Subscription for Wo/div_Collections (4)' is clicked on

2018-09-28 17:45:08 - [TEST_STEP][PASSED] - delay: Delayed 2 second(s)

2018-09-28 17:45:10 - [MESSAGE][PASSED] - Delayed 2 second(s)

2018-09-28 17:45:10 - [TEST_STEP][PASSED] - scrollToElement: Scroll to object 'Object Repository/Page_Shop Best Sellers/div_Gifts with Purchase' successfully

2018-09-28 17:45:10 - [MESSAGE][WARNING] - Timeout '0' is invalid. Using default page load timeout: '90'

2018-09-28 17:45:10 - [MESSAGE][PASSED] - Scroll to object 'Object Repository/Page_Shop Best Sellers/div_Gifts with Purchase' successfully

2018-09-28 17:45:10 - [TEST_STEP][PASSED] - waitForElementVisible: Object 'Object Repository/Page_Beauty Box Subscription for Wo/a_Love of Color' is visible

2018-09-28 17:45:10 - [MESSAGE][WARNING] - Timeout '0' is invalid. Using default page load timeout: '90'

2018-09-28 17:45:10 - [MESSAGE][PASSED] - Object 'Object Repository/Page_Beauty Box Subscription for Wo/a_Love of Color' is visible

2018-09-28 17:45:10 - [TEST_STEP][PASSED] - click: Object: 'Object Repository/Page_Beauty Box Subscription for Wo/a_Love of Color' is clicked on

2018-09-28 17:45:11 - [MESSAGE][PASSED] - Object: 'Object Repository/Page_Beauty Box Subscription for Wo/a_Love of Color' is clicked on

2018-09-28 17:45:11 - [TEST_STEP][PASSED] - delay: Delayed 2 second(s)

2018-09-28 17:45:13 - [MESSAGE][PASSED] - Delayed 2 second(s)

2018-09-28 17:45:13 - [TEST_STEP][PASSED] - waitForElementClickable: Object 'Object Repository/Page_Shop Love of Color/svg_ 2018 Birchbox_icon__svg__' is clickable

2018-09-28 17:45:13 - [MESSAGE][WARNING] - Timeout '0' is invalid. Using default page load timeout: '90'

2018-09-28 17:45:13 - [MESSAGE][PASSED] - Object 'Object Repository/Page_Shop Love of Color/svg_ 2018 Birchbox_icon__svg__' is clickable

2018-09-28 17:45:13 - [TEST_STEP][PASSED] - click: Object: 'Object Repository/Page_Shop Love of Color/svg_ 2018 Birchbox_icon__svg__' is clicked on

2018-09-28 17:45:13 - [MESSAGE][PASSED] - Object: 'Object Repository/Page_Shop Love of Color/svg_ 2018 Birchbox_icon__svg__' is clicked on

2018-09-28 17:45:13 - [TEST_STEP][PASSED] - waitForElementVisible: Object 'Object Repository/Page_Beauty Box Subscription for Wo/div_Collections (4)' is visible

2018-09-28 17:45:13 - [MESSAGE][WARNING] - Timeout '0' is invalid. Using default page load timeout: '90'

2018-09-28 17:45:13 - [MESSAGE][PASSED] - Object 'Object Repository/Page_Beauty Box Subscription for Wo/div_Collections (4)' is visible

2018-09-28 17:45:13 - [TEST_STEP][PASSED] - click: Object: 'Object Repository/Page_Beauty Box Subscription for Wo/div_Collections (4)' is clicked on

2018-09-28 17:45:13 - [MESSAGE][PASSED] - Object: 'Object Repository/Page_Beauty Box Subscription for Wo/div_Collections (4)' is clicked on

2018-09-28 17:45:13 - [TEST_STEP][PASSED] - delay: Delayed 2 second(s)

2018-09-28 17:45:15 - [MESSAGE][PASSED] - Delayed 2 second(s)

2018-09-28 17:45:15 - [TEST_STEP][PASSED] - scrollToElement: Scroll to object 'Object Repository/Page_Shop Best Sellers/div_Gifts with Purchase' successfully

2018-09-28 17:45:15 - [MESSAGE][WARNING] - Timeout '0' is invalid. Using default page load timeout: '90'

2018-09-28 17:45:15 - [MESSAGE][PASSED] - Scroll to object 'Object Repository/Page_Shop Best Sellers/div_Gifts with Purchase' successfully

2018-09-28 17:45:15 - [TEST_STEP][PASSED] - click: Object: 'Object Repository/Page_Shop Love of Color/a_PARLOR by Jeff Chastain' is clicked on

2018-09-28 17:45:16 - [MESSAGE][PASSED] - Object: 'Object Repository/Page_Shop Love of Color/a_PARLOR by Jeff Chastain' is clicked on

2018-09-28 17:45:16 - [TEST_STEP][PASSED] - delay: Delayed 2 second(s)

2018-09-28 17:45:18 - [MESSAGE][PASSED] - Delayed 2 second(s)

2018-09-28 17:45:18 - [TEST_STEP][PASSED] - waitForElementClickable: Object 'Object Repository/Page_Shop Parlor/svg_ 2018 Birchbox_icon__svg__' is clickable

2018-09-28 17:45:18 - [MESSAGE][WARNING] - Timeout '0' is invalid. Using default page load timeout: '90'

2018-09-28 17:45:18 - [MESSAGE][PASSED] - Object 'Object Repository/Page_Shop Parlor/svg_ 2018 Birchbox_icon__svg__' is clickable

2018-09-28 17:45:18 - [TEST_STEP][PASSED] - click: Object: 'Object Repository/Page_Shop Parlor/svg_ 2018 Birchbox_icon__svg__' is clicked on

2018-09-28 17:45:18 - [MESSAGE][PASSED] - Object: 'Object Repository/Page_Shop Parlor/svg_ 2018 Birchbox_icon__svg__' is clicked on

2018-09-28 17:45:18 - [TEST_STEP][PASSED] - waitForElementVisible: Object 'Object Repository/Page_Beauty Box Subscription for Wo/div_Collections (4)' is visible

2018-09-28 17:45:18 - [MESSAGE][WARNING] - Timeout '0' is invalid. Using default page load timeout: '90'

2018-09-28 17:45:18 - [MESSAGE][PASSED] - Object 'Object Repository/Page_Beauty Box Subscription for Wo/div_Collections (4)' is visible

2018-09-28 17:45:18 - [TEST_STEP][PASSED] - click: Object: 'Object Repository/Page_Beauty Box Subscription for Wo/div_Collections (4)' is clicked on

2018-09-28 17:45:18 - [MESSAGE][PASSED] - Object: 'Object Repository/Page_Beauty Box Subscription for Wo/div_Collections (4)' is clicked on

2018-09-28 17:45:18 - [TEST_STEP][PASSED] - delay: Delayed 1 second(s)

2018-09-28 17:45:19 - [MESSAGE][PASSED] - Delayed 1 second(s)

2018-09-28 17:45:19 - [TEST_STEP][PASSED] - scrollToElement: Scroll to object 'Object Repository/Page_Shop Best Sellers/div_Gifts with Purchase' successfully

2018-09-28 17:45:19 - [MESSAGE][WARNING] - Timeout '0' is invalid. Using default page load timeout: '90'

2018-09-28 17:45:19 - [MESSAGE][PASSED] - Scroll to object 'Object Repository/Page_Shop Best Sellers/div_Gifts with Purchase' successfully

2018-09-28 17:45:19 - [TEST_STEP][PASSED] - click: Object: 'Object Repository/Page_Shop Parlor/a_Lifestyle' is clicked on

2018-09-28 17:45:20 - [MESSAGE][PASSED] - Object: 'Object Repository/Page_Shop Parlor/a_Lifestyle' is clicked on

2018-09-28 17:45:20 - [TEST_STEP][PASSED] - delay: Delayed 2 second(s)

2018-09-28 17:45:22 - [MESSAGE][PASSED] - Delayed 2 second(s)

2018-09-28 17:45:22 - [TEST_STEP][PASSED] - waitForElementClickable: Object 'Object Repository/Page_Shop Lifestyle Products/svg_ 2018 Birchbox_icon__svg__' is clickable

2018-09-28 17:45:22 - [MESSAGE][WARNING] - Timeout '0' is invalid. Using default page load timeout: '90'

2018-09-28 17:45:22 - [MESSAGE][PASSED] - Object 'Object Repository/Page_Shop Lifestyle Products/svg_ 2018 Birchbox_icon__svg__' is clickable

2018-09-28 17:45:22 - [TEST_STEP][PASSED] - click: Object: 'Object Repository/Page_Shop Lifestyle Products/svg_ 2018 Birchbox_icon__svg__' is clicked on

2018-09-28 17:45:22 - [MESSAGE][PASSED] - Object: 'Object Repository/Page_Shop Lifestyle Products/svg_ 2018 Birchbox_icon__svg__' is clicked on

2018-09-28 17:45:22 - [TEST_STEP][PASSED] - waitForElementVisible: Object 'Object Repository/Page_Beauty Box Subscription for Wo/div_Collections (4)' is visible

2018-09-28 17:45:22 - [MESSAGE][WARNING] - Timeout '0' is invalid. Using default page load timeout: '90'

2018-09-28 17:45:22 - [MESSAGE][PASSED] - Object 'Object Repository/Page_Beauty Box Subscription for Wo/div_Collections (4)' is visible

2018-09-28 17:45:22 - [TEST_STEP][PASSED] - click: Object: 'Object Repository/Page_Beauty Box Subscription for Wo/div_Collections (4)' is clicked on

2018-09-28 17:45:22 - [MESSAGE][PASSED] - Object: 'Object Repository/Page_Beauty Box Subscription for Wo/div_Collections (4)' is clicked on

2018-09-28 17:45:22 - [TEST_STEP][PASSED] - delay: Delayed 1 second(s)

2018-09-28 17:45:23 - [MESSAGE][PASSED] - Delayed 1 second(s)

2018-09-28 17:45:23 - [TEST_STEP][PASSED] - scrollToElement: Scroll to object 'Object Repository/Page_Shop Best Sellers/div_Gifts with Purchase' successfully

2018-09-28 17:45:23 - [MESSAGE][WARNING] - Timeout '0' is invalid. Using default page load timeout: '90'

2018-09-28 17:45:23 - [MESSAGE][PASSED] - Scroll to object 'Object Repository/Page_Shop Best Sellers/div_Gifts with Purchase' successfully

2018-09-28 17:45:23 - [TEST_STEP][PASSED] - click: Object: 'Object Repository/Page_Shop Lifestyle Products/a_Nails' is clicked on

2018-09-28 17:45:24 - [MESSAGE][PASSED] - Object: 'Object Repository/Page_Shop Lifestyle Products/a_Nails' is clicked on

2018-09-28 17:45:24 - [TEST_STEP][PASSED] - delay: Delayed 2 second(s)

2018-09-28 17:45:26 - [MESSAGE][PASSED] - Delayed 2 second(s)

2018-09-28 17:45:26 - [TEST_STEP][PASSED] - waitForElementClickable: Object 'Object Repository/Page_Shop Nails/svg_ 2018 Birchbox_icon__svg__' is clickable

2018-09-28 17:45:26 - [MESSAGE][WARNING] - Timeout '0' is invalid. Using default page load timeout: '90'

2018-09-28 17:45:26 - [MESSAGE][PASSED] - Object 'Object Repository/Page_Shop Nails/svg_ 2018 Birchbox_icon__svg__' is clickable

2018-09-28 17:45:26 - [TEST_STEP][PASSED] - click: Object: 'Object Repository/Page_Shop Nails/svg_ 2018 Birchbox_icon__svg__' is clicked on

2018-09-28 17:45:26 - [MESSAGE][PASSED] - Object: 'Object Repository/Page_Shop Nails/svg_ 2018 Birchbox_icon__svg__' is clicked on

2018-09-28 17:45:26 - [TEST_STEP][PASSED] - waitForElementVisible: Object 'Object Repository/Page_Beauty Box Subscription for Wo/div_Collections (4)' is visible

2018-09-28 17:45:26 - [MESSAGE][WARNING] - Timeout '0' is invalid. Using default page load timeout: '90'

2018-09-28 17:45:26 - [MESSAGE][PASSED] - Object 'Object Repository/Page_Beauty Box Subscription for Wo/div_Collections (4)' is visible

2018-09-28 17:45:26 - [TEST_STEP][PASSED] - click: Object: 'Object Repository/Page_Beauty Box Subscription for Wo/div_Collections (4)' is clicked on

2018-09-28 17:45:26 - [MESSAGE][PASSED] - Object: 'Object Repository/Page_Beauty Box Subscription for Wo/div_Collections (4)' is clicked on

2018-09-28 17:45:26 - [TEST_STEP][PASSED] - delay: Delayed 1 second(s)

2018-09-28 17:45:27 - [MESSAGE][PASSED] - Delayed 1 second(s)

2018-09-28 17:45:27 - [TEST_STEP][PASSED] - scrollToElement: Scroll to object 'Object Repository/Page_Shop Best Sellers/div_Gifts with Purchase' successfully

2018-09-28 17:45:27 - [MESSAGE][WARNING] - Timeout '0' is invalid. Using default page load timeout: '90'

2018-09-28 17:45:27 - [MESSAGE][PASSED] - Scroll to object 'Object Repository/Page_Shop Best Sellers/div_Gifts with Purchase' successfully

2018-09-28 17:45:27 - [TEST_STEP][PASSED] - click: Object: 'Object Repository/Page_Shop Nails/a_Fragrance' is clicked on

2018-09-28 17:45:27 - [MESSAGE][PASSED] - Object: 'Object Repository/Page_Shop Nails/a_Fragrance' is clicked on

2018-09-28 17:45:27 - [TEST_STEP][PASSED] - delay: Delayed 2 second(s)

2018-09-28 17:45:29 - [MESSAGE][PASSED] - Delayed 2 second(s)

2018-09-28 17:45:29 - [TEST_STEP][PASSED] - waitForElementClickable: Object 'Object Repository/Page_Shop Fragrance/svg_ 2018 Birchbox_icon__svg__' is clickable

2018-09-28 17:45:29 - [MESSAGE][WARNING] - Timeout '0' is invalid. Using default page load timeout: '90'

2018-09-28 17:45:30 - [MESSAGE][PASSED] - Object 'Object Repository/Page_Shop Fragrance/svg_ 2018 Birchbox_icon__svg__' is clickable

2018-09-28 17:45:30 - [TEST_STEP][PASSED] - click: Object: 'Object Repository/Page_Shop Fragrance/svg_ 2018 Birchbox_icon__svg__' is clicked on

2018-09-28 17:45:30 - [MESSAGE][PASSED] - Object: 'Object Repository/Page_Shop Fragrance/svg_ 2018 Birchbox_icon__svg__' is clicked on

2018-09-28 17:45:30 - [TEST_STEP][PASSED] - waitForElementVisible: Object 'Object Repository/Page_Beauty Box Subscription for Wo/div_Collections (4)' is visible

2018-09-28 17:45:30 - [MESSAGE][WARNING] - Timeout '0' is invalid. Using default page load timeout: '90'

2018-09-28 17:45:30 - [MESSAGE][PASSED] - Object 'Object Repository/Page_Beauty Box Subscription for Wo/div_Collections (4)' is visible

2018-09-28 17:45:30 - [TEST_STEP][PASSED] - click: Object: 'Object Repository/Page_Beauty Box Subscription for Wo/div_Collections (4)' is clicked on

2018-09-28 17:45:30 - [MESSAGE][PASSED] - Object: 'Object Repository/Page_Beauty Box Subscription for Wo/div_Collections (4)' is clicked on

2018-09-28 17:45:30 - [TEST_STEP][PASSED] - delay: Delayed 1 second(s)

2018-09-28 17:45:31 - [MESSAGE][PASSED] - Delayed 1 second(s)

2018-09-28 17:45:31 - [TEST_STEP][PASSED] - scrollToElement: Scroll to object 'Object Repository/Page_Shop Best Sellers/div_Gifts with Purchase' successfully

2018-09-28 17:45:31 - [MESSAGE][WARNING] - Timeout '0' is invalid. Using default page load timeout: '90'

2018-09-28 17:45:31 - [MESSAGE][PASSED] - Scroll to object 'Object Repository/Page_Shop Best Sellers/div_Gifts with Purchase' successfully

2018-09-28 17:45:31 - [TEST_STEP][PASSED] - click: Object: 'Object Repository/Page_Shop Fragrance/a_Value Sets' is clicked on

2018-09-28 17:45:32 - [MESSAGE][PASSED] - Object: 'Object Repository/Page_Shop Fragrance/a_Value Sets' is clicked on

2018-09-28 17:45:32 - [TEST_STEP][PASSED] - delay: Delayed 2 second(s)

2018-09-28 17:45:34 - [MESSAGE][PASSED] - Delayed 2 second(s)

2018-09-28 17:45:34 - [TEST_STEP][PASSED] - click: Object: 'Object Repository/Page_Shop Holiday Gifts/svg_ 2018 Birchbox_icon__svg__' is clicked on

2018-09-28 17:45:34 - [MESSAGE][PASSED] - Object: 'Object Repository/Page_Shop Holiday Gifts/svg_ 2018 Birchbox_icon__svg__' is clicked on

2018-09-28 17:45:34 - [TEST_STEP][PASSED] - waitForElementVisible: Object 'Object Repository/Page_Beauty Box Subscription for Wo/div_Collections (4)' is visible

2018-09-28 17:45:34 - [MESSAGE][WARNING] - Timeout '0' is invalid. Using default page load timeout: '90'

2018-09-28 17:45:34 - [MESSAGE][PASSED] - Object 'Object Repository/Page_Beauty Box Subscription for Wo/div_Collections (4)' is visible

2018-09-28 17:45:34 - [TEST_STEP][PASSED] - waitForElementClickable: Object 'Object Repository/Page_Beauty Box Subscription for Wo/div_Collections (4)' is clickable

2018-09-28 17:45:34 - [MESSAGE][WARNING] - Timeout '0' is invalid. Using default page load timeout: '90'

2018-09-28 17:45:34 - [MESSAGE][PASSED] - Object 'Object Repository/Page_Beauty Box Subscription for Wo/div_Collections (4)' is clickable

2018-09-28 17:45:34 - [TEST_STEP][PASSED] - click: Object: 'Object Repository/Page_Beauty Box Subscription for Wo/div_Collections (4)' is clicked on

2018-09-28 17:45:34 - [MESSAGE][PASSED] - Object: 'Object Repository/Page_Beauty Box Subscription for Wo/div_Collections (4)' is clicked on

2018-09-28 17:45:34 - [TEST_STEP][PASSED] - delay: Delayed 1 second(s)

2018-09-28 17:45:35 - [MESSAGE][PASSED] - Delayed 1 second(s)

2018-09-28 17:45:35 - [TEST_STEP][PASSED] - scrollToElement: Scroll to object 'Object Repository/Page_Shop Best Sellers/div_Gifts with Purchase' successfully

2018-09-28 17:45:35 - [MESSAGE][WARNING] - Timeout '0' is invalid. Using default page load timeout: '90'

2018-09-28 17:45:35 - [MESSAGE][PASSED] - Scroll to object 'Object Repository/Page_Shop Best Sellers/div_Gifts with Purchase' successfully

2018-09-28 17:45:35 - [TEST_STEP][PASSED] - click: Object: 'Object Repository/Page_Shop Holiday Gifts/a_25 and Under' is clicked on

2018-09-28 17:45:36 - [MESSAGE][PASSED] - Object: 'Object Repository/Page_Shop Holiday Gifts/a_25 and Under' is clicked on

2018-09-28 17:45:36 - [TEST_STEP][PASSED] - delay: Delayed 2 second(s)

2018-09-28 17:45:38 - [MESSAGE][PASSED] - Delayed 2 second(s)

2018-09-28 17:45:38 - [TEST_STEP][PASSED] - click: Object: 'Object Repository/Page_Shop 25 and Under/svg_ 2018 Birchbox_icon__svg__' is clicked on

2018-09-28 17:45:38 - [MESSAGE][PASSED] - Object: 'Object Repository/Page_Shop 25 and Under/svg_ 2018 Birchbox_icon__svg__' is clicked on

2018-09-28 17:45:38 - [TEST_STEP][PASSED] - waitForElementVisible: Object 'Object Repository/Page_Beauty Box Subscription for Wo/div_Collections (4)' is visible

2018-09-28 17:45:38 - [MESSAGE][WARNING] - Timeout '0' is invalid. Using default page load timeout: '90'

2018-09-28 17:45:38 - [MESSAGE][PASSED] - Object 'Object Repository/Page_Beauty Box Subscription for Wo/div_Collections (4)' is visible

2018-09-28 17:45:38 - [TEST_STEP][PASSED] - waitForElementClickable: Object 'Object Repository/Page_Beauty Box Subscription for Wo/div_Collections (4)' is clickable

2018-09-28 17:45:38 - [MESSAGE][WARNING] - Timeout '0' is invalid. Using default page load timeout: '90'

2018-09-28 17:45:38 - [MESSAGE][PASSED] - Object 'Object Repository/Page_Beauty Box Subscription for Wo/div_Collections (4)' is clickable

2018-09-28 17:45:38 - [TEST_STEP][PASSED] - click: Object: 'Object Repository/Page_Beauty Box Subscription for Wo/div_Collections (4)' is clicked on

2018-09-28 17:45:38 - [MESSAGE][PASSED] - Object: 'Object Repository/Page_Beauty Box Subscription for Wo/div_Collections (4)' is clicked on

2018-09-28 17:45:38 - [TEST_STEP][PASSED] - delay: Delayed 1 second(s)

2018-09-28 17:45:39 - [MESSAGE][PASSED] - Delayed 1 second(s)

2018-09-28 17:45:39 - [TEST_STEP][PASSED] - scrollToElement: Scroll to object 'Object Repository/Page_Shop Best Sellers/div_Gifts with Purchase' successfully

2018-09-28 17:45:39 - [MESSAGE][WARNING] - Timeout '0' is invalid. Using default page load timeout: '90'

2018-09-28 17:45:39 - [MESSAGE][PASSED] - Scroll to object 'Object Repository/Page_Shop Best Sellers/div_Gifts with Purchase' successfully

2018-09-28 17:45:39 - [TEST_STEP][PASSED] - click: Object: 'Object Repository/Page_Shop 25 and Under/a_Sale' is clicked on

2018-09-28 17:45:40 - [MESSAGE][PASSED] - Object: 'Object Repository/Page_Shop 25 and Under/a_Sale' is clicked on

2018-09-28 17:45:40 - [TEST_STEP][PASSED] - delay: Delayed 2 second(s)

2018-09-28 17:45:42 - [MESSAGE][PASSED] - Delayed 2 second(s)

2018-09-28 17:45:42 - [TEST_STEP][PASSED] - click: Object: 'Object Repository/Page_Shop Sale/svg_ 2018 Birchbox_icon__svg__' is clicked on

2018-09-28 17:45:42 - [MESSAGE][PASSED] - Object: 'Object Repository/Page_Shop Sale/svg_ 2018 Birchbox_icon__svg__' is clicked on

2018-09-28 17:45:42 - [TEST_STEP][PASSED] - waitForElementVisible: Object 'Object Repository/Page_Beauty Box Subscription for Wo/div_Collections (4)' is visible

2018-09-28 17:45:42 - [MESSAGE][WARNING] - Timeout '0' is invalid. Using default page load timeout: '90'

2018-09-28 17:45:42 - [MESSAGE][PASSED] - Object 'Object Repository/Page_Beauty Box Subscription for Wo/div_Collections (4)' is visible

2018-09-28 17:45:42 - [TEST_STEP][PASSED] - waitForElementClickable: Object 'Object Repository/Page_Beauty Box Subscription for Wo/div_Collections (4)' is clickable

2018-09-28 17:45:42 - [MESSAGE][WARNING] - Timeout '0' is invalid. Using default page load timeout: '90'

2018-09-28 17:45:42 - [MESSAGE][PASSED] - Object 'Object Repository/Page_Beauty Box Subscription for Wo/div_Collections (4)' is clickable

2018-09-28 17:45:42 - [TEST_STEP][PASSED] - click: Object: 'Object Repository/Page_Beauty Box Subscription for Wo/div_Collections (4)' is clicked on

2018-09-28 17:45:42 - [MESSAGE][PASSED] - Object: 'Object Repository/Page_Beauty Box Subscription for Wo/div_Collections (4)' is clicked on

2018-09-28 17:45:42 - [TEST_STEP][PASSED] - delay: Delayed 1 second(s)

2018-09-28 17:45:43 - [MESSAGE][PASSED] - Delayed 1 second(s)

2018-09-28 17:45:43 - [TEST_STEP][PASSED] - scrollToElement: Scroll to object 'Object Repository/Page_Shop Best Sellers/div_Gifts with Purchase' successfully

2018-09-28 17:45:43 - [MESSAGE][WARNING] - Timeout '0' is invalid. Using default page load timeout: '90'

2018-09-28 17:45:43 - [MESSAGE][PASSED] - Scroll to object 'Object Repository/Page_Shop Best Sellers/div_Gifts with Purchase' successfully

2018-09-28 17:45:43 - [TEST_STEP][PASSED] - click: Object: 'Object Repository/Page_Shop Sale/a_Shop by brand' is clicked on

2018-09-28 17:45:44 - [MESSAGE][PASSED] - Object: 'Object Repository/Page_Shop Sale/a_Shop by brand' is clicked on

2018-09-28 17:45:44 - [TEST_STEP][PASSED] - delay: Delayed 2 second(s)

2018-09-28 17:45:46 - [MESSAGE][PASSED] - Delayed 2 second(s)

2018-09-28 17:45:46 - [TEST_STEP][PASSED] - click: Object: 'Object Repository/Page_Beauty Box Subscription for Wo/svg_ 2018 Birchbox_icon__svg__' is clicked on

2018-09-28 17:45:46 - [MESSAGE][PASSED] - Object: 'Object Repository/Page_Beauty Box Subscription for Wo/svg_ 2018 Birchbox_icon__svg__' is clicked on

2018-09-28 17:45:46 - [TEST_STEP][PASSED] - waitForElementVisible: Object 'Object Repository/Page_Beauty Box Subscription for Wo/div_Collections (4)' is visible

2018-09-28 17:45:46 - [MESSAGE][WARNING] - Timeout '0' is invalid. Using default page load timeout: '90'

2018-09-28 17:45:46 - [MESSAGE][PASSED] - Object 'Object Repository/Page_Beauty Box Subscription for Wo/div_Collections (4)' is visible

2018-09-28 17:45:46 - [TEST_STEP][PASSED] - waitForElementClickable: Object 'Object Repository/Page_Beauty Box Subscription for Wo/div_Collections (4)' is clickable

2018-09-28 17:45:46 - [MESSAGE][WARNING] - Timeout '0' is invalid. Using default page load timeout: '90'

2018-09-28 17:45:47 - [MESSAGE][PASSED] - Object 'Object Repository/Page_Beauty Box Subscription for Wo/div_Collections (4)' is clickable

2018-09-28 17:45:47 - [TEST_STEP][PASSED] - click: Object: 'Object Repository/Page_Beauty Box Subscription for Wo/div_Collections (4)' is clicked on

2018-09-28 17:45:47 - [MESSAGE][PASSED] - Object: 'Object Repository/Page_Beauty Box Subscription for Wo/div_Collections (4)' is clicked on

2018-09-28 17:45:47 - [TEST_STEP][PASSED] - delay: Delayed 1 second(s)

2018-09-28 17:45:48 - [MESSAGE][PASSED] - Delayed 1 second(s)

2018-09-28 17:45:48 - [TEST_STEP][PASSED] - scrollToElement: Scroll to object 'Object Repository/Page_Shop Best Sellers/div_Gifts with Purchase' successfully

2018-09-28 17:45:48 - [MESSAGE][WARNING] - Timeout '0' is invalid. Using default page load timeout: '90'

2018-09-28 17:45:48 - [MESSAGE][PASSED] - Scroll to object 'Object Repository/Page_Shop Best Sellers/div_Gifts with Purchase' successfully

2018-09-28 17:45:48 - [TEST_STEP][PASSED] - click: Object: 'Object Repository/Page_Beauty Box Subscription for Wo/a_Whats New' is clicked on

2018-09-28 17:45:48 - [MESSAGE][PASSED] - Object: 'Object Repository/Page_Beauty Box Subscription for Wo/a_Whats New' is clicked on]]></system-out>
         <system-err><![CDATA[]]></system-err>
      </testcase>
      <testcase name="Test Cases/US mobile test/Test all Shop top-level categories for Womens Shop (Makeup)" classname="Test Cases/US mobile test/Test all Shop top-level categories for Womens Shop (Makeup)" status="PASSED">
         <system-out><![CDATA[2018-09-28 17:45:48 - [TEST_CASE][PASSED] - Test Cases/US mobile test/Test all Shop top-level categories for Womens Shop (Makeup): Test Cases/US mobile test/Test all Shop top-level categories for Womens Shop (Makeup)

2018-09-28 17:45:49 - [TEST_STEP][NOT_RUN] - callTestCase: NOT_RUN: callTestCase

2018-09-28 17:45:49 - [MESSAGE][NOT_RUN] - NOT_RUN: callTestCase

2018-09-28 17:45:49 - [TEST_STEP][PASSED] - delay: Delayed 2 second(s)

2018-09-28 17:45:51 - [MESSAGE][PASSED] - Delayed 2 second(s)

2018-09-28 17:45:51 - [TEST_STEP][PASSED] - waitForElementClickable: Object 'Object Repository/Page_Shop Whats New/svg_ 2018 Birchbox_icon__svg__' is clickable

2018-09-28 17:45:51 - [MESSAGE][WARNING] - Timeout '0' is invalid. Using default page load timeout: '90'

2018-09-28 17:45:51 - [MESSAGE][PASSED] - Object 'Object Repository/Page_Shop Whats New/svg_ 2018 Birchbox_icon__svg__' is clickable

2018-09-28 17:45:51 - [TEST_STEP][PASSED] - click: Object: 'Object Repository/Page_Shop Whats New/svg_ 2018 Birchbox_icon__svg__' is clicked on

2018-09-28 17:45:51 - [MESSAGE][PASSED] - Object: 'Object Repository/Page_Shop Whats New/svg_ 2018 Birchbox_icon__svg__' is clicked on

2018-09-28 17:45:51 - [TEST_STEP][PASSED] - waitForElementVisible: Object 'Object Repository/Page_Shop Whats New/div_Makeup' is visible

2018-09-28 17:45:51 - [MESSAGE][WARNING] - Timeout '0' is invalid. Using default page load timeout: '90'

2018-09-28 17:45:51 - [MESSAGE][PASSED] - Object 'Object Repository/Page_Shop Whats New/div_Makeup' is visible

2018-09-28 17:45:51 - [TEST_STEP][PASSED] - waitForElementClickable: Object 'Object Repository/Page_Shop Whats New/div_Makeup' is clickable

2018-09-28 17:45:51 - [MESSAGE][WARNING] - Timeout '0' is invalid. Using default page load timeout: '90'

2018-09-28 17:45:51 - [MESSAGE][PASSED] - Object 'Object Repository/Page_Shop Whats New/div_Makeup' is clickable

2018-09-28 17:45:51 - [TEST_STEP][PASSED] - click: Object: 'Object Repository/Page_Shop Whats New/div_Makeup' is clicked on

2018-09-28 17:45:51 - [MESSAGE][PASSED] - Object: 'Object Repository/Page_Shop Whats New/div_Makeup' is clicked on

2018-09-28 17:45:51 - [TEST_STEP][PASSED] - click: Object: 'Object Repository/Page_Shop Whats New/div_Complexion' is clicked on

2018-09-28 17:45:52 - [MESSAGE][PASSED] - Object: 'Object Repository/Page_Shop Whats New/div_Complexion' is clicked on

2018-09-28 17:45:52 - [TEST_STEP][PASSED] - delay: Delayed 1 second(s)

2018-09-28 17:45:53 - [MESSAGE][PASSED] - Delayed 1 second(s)

2018-09-28 17:45:53 - [TEST_STEP][PASSED] - waitForElementVisible: Object 'Object Repository/Page_Beauty Box Subscription for Wo/a_Tinted Moisturizers  BBCC Cr' is visible

2018-09-28 17:45:53 - [MESSAGE][WARNING] - Timeout '0' is invalid. Using default page load timeout: '90'

2018-09-28 17:45:54 - [MESSAGE][PASSED] - Object 'Object Repository/Page_Beauty Box Subscription for Wo/a_Tinted Moisturizers  BBCC Cr' is visible

2018-09-28 17:45:54 - [TEST_STEP][PASSED] - waitForElementClickable: Object 'Object Repository/Page_Beauty Box Subscription for Wo/a_Tinted Moisturizers  BBCC Cr' is clickable

2018-09-28 17:45:54 - [MESSAGE][WARNING] - Timeout '0' is invalid. Using default page load timeout: '90'

2018-09-28 17:45:54 - [MESSAGE][PASSED] - Object 'Object Repository/Page_Beauty Box Subscription for Wo/a_Tinted Moisturizers  BBCC Cr' is clickable

2018-09-28 17:45:54 - [TEST_STEP][PASSED] - click: Object: 'Object Repository/Page_Beauty Box Subscription for Wo/a_Tinted Moisturizers  BBCC Cr' is clicked on

2018-09-28 17:45:54 - [MESSAGE][PASSED] - Object: 'Object Repository/Page_Beauty Box Subscription for Wo/a_Tinted Moisturizers  BBCC Cr' is clicked on

2018-09-28 17:45:54 - [TEST_STEP][PASSED] - delay: Delayed 2 second(s)

2018-09-28 17:45:56 - [MESSAGE][PASSED] - Delayed 2 second(s)

2018-09-28 17:45:56 - [TEST_STEP][PASSED] - click: Object: 'Object Repository/Page_Shop Tinted Moisturizers  BBCC/svg_ 2018 Birchbox_icon__svg__' is clicked on

2018-09-28 17:45:57 - [MESSAGE][PASSED] - Object: 'Object Repository/Page_Shop Tinted Moisturizers  BBCC/svg_ 2018 Birchbox_icon__svg__' is clicked on

2018-09-28 17:45:57 - [TEST_STEP][PASSED] - delay: Delayed 2 second(s)

2018-09-28 17:45:59 - [MESSAGE][PASSED] - Delayed 2 second(s)

2018-09-28 17:45:59 - [TEST_STEP][PASSED] - waitForElementVisible: Object 'Object Repository/Page_Shop Whats New/div_Makeup' is visible

2018-09-28 17:45:59 - [MESSAGE][WARNING] - Timeout '0' is invalid. Using default page load timeout: '90'

2018-09-28 17:45:59 - [MESSAGE][PASSED] - Object 'Object Repository/Page_Shop Whats New/div_Makeup' is visible

2018-09-28 17:45:59 - [TEST_STEP][PASSED] - waitForElementClickable: Object 'Object Repository/Page_Shop Whats New/div_Makeup' is clickable

2018-09-28 17:45:59 - [MESSAGE][WARNING] - Timeout '0' is invalid. Using default page load timeout: '90'

2018-09-28 17:45:59 - [MESSAGE][PASSED] - Object 'Object Repository/Page_Shop Whats New/div_Makeup' is clickable

2018-09-28 17:45:59 - [TEST_STEP][PASSED] - click: Object: 'Object Repository/Page_Shop Tinted Moisturizers  BBCC/div_Makeup' is clicked on

2018-09-28 17:45:59 - [MESSAGE][PASSED] - Object: 'Object Repository/Page_Shop Tinted Moisturizers  BBCC/div_Makeup' is clicked on

2018-09-28 17:45:59 - [TEST_STEP][PASSED] - delay: Delayed 1 second(s)

2018-09-28 17:46:00 - [MESSAGE][PASSED] - Delayed 1 second(s)

2018-09-28 17:46:00 - [TEST_STEP][PASSED] - click: Object: 'Object Repository/Page_Shop Tinted Moisturizers  BBCC/div_Complexion' is clicked on

2018-09-28 17:46:00 - [MESSAGE][PASSED] - Object: 'Object Repository/Page_Shop Tinted Moisturizers  BBCC/div_Complexion' is clicked on

2018-09-28 17:46:00 - [TEST_STEP][PASSED] - delay: Delayed 1 second(s)

2018-09-28 17:46:01 - [MESSAGE][PASSED] - Delayed 1 second(s)

2018-09-28 17:46:01 - [TEST_STEP][PASSED] - waitForElementVisible: Object 'Object Repository/Page_Beauty Box Subscription for Wo/a_Foundations' is visible

2018-09-28 17:46:01 - [MESSAGE][WARNING] - Timeout '0' is invalid. Using default page load timeout: '90'

2018-09-28 17:46:01 - [MESSAGE][PASSED] - Object 'Object Repository/Page_Beauty Box Subscription for Wo/a_Foundations' is visible

2018-09-28 17:46:01 - [TEST_STEP][PASSED] - waitForElementClickable: Object 'Object Repository/Page_Beauty Box Subscription for Wo/a_Foundations' is clickable

2018-09-28 17:46:01 - [MESSAGE][WARNING] - Timeout '0' is invalid. Using default page load timeout: '90'

2018-09-28 17:46:01 - [MESSAGE][PASSED] - Object 'Object Repository/Page_Beauty Box Subscription for Wo/a_Foundations' is clickable

2018-09-28 17:46:01 - [TEST_STEP][PASSED] - click: Object: 'Object Repository/Page_Beauty Box Subscription for Wo/a_Foundations' is clicked on

2018-09-28 17:46:01 - [MESSAGE][PASSED] - Object: 'Object Repository/Page_Beauty Box Subscription for Wo/a_Foundations' is clicked on

2018-09-28 17:46:01 - [TEST_STEP][PASSED] - delay: Delayed 2 second(s)

2018-09-28 17:46:03 - [MESSAGE][PASSED] - Delayed 2 second(s)

2018-09-28 17:46:03 - [TEST_STEP][PASSED] - click: Object: 'Object Repository/Page_Shop Makeup Foundations/svg_ 2018 Birchbox_icon__svg__' is clicked on

2018-09-28 17:46:04 - [MESSAGE][PASSED] - Object: 'Object Repository/Page_Shop Makeup Foundations/svg_ 2018 Birchbox_icon__svg__' is clicked on

2018-09-28 17:46:04 - [TEST_STEP][PASSED] - waitForElementVisible: Object 'Object Repository/Page_Shop Whats New/div_Makeup' is visible

2018-09-28 17:46:04 - [MESSAGE][WARNING] - Timeout '0' is invalid. Using default page load timeout: '90'

2018-09-28 17:46:04 - [MESSAGE][PASSED] - Object 'Object Repository/Page_Shop Whats New/div_Makeup' is visible

2018-09-28 17:46:04 - [TEST_STEP][PASSED] - waitForElementClickable: Object 'Object Repository/Page_Shop Whats New/div_Makeup' is clickable

2018-09-28 17:46:04 - [MESSAGE][WARNING] - Timeout '0' is invalid. Using default page load timeout: '90'

2018-09-28 17:46:04 - [MESSAGE][PASSED] - Object 'Object Repository/Page_Shop Whats New/div_Makeup' is clickable

2018-09-28 17:46:04 - [TEST_STEP][PASSED] - click: Object: 'Object Repository/Page_Shop Makeup Foundations/div_Makeup' is clicked on

2018-09-28 17:46:04 - [MESSAGE][PASSED] - Object: 'Object Repository/Page_Shop Makeup Foundations/div_Makeup' is clicked on

2018-09-28 17:46:04 - [TEST_STEP][PASSED] - click: Object: 'Object Repository/Page_Shop Makeup Foundations/div_Complexion' is clicked on

2018-09-28 17:46:04 - [MESSAGE][PASSED] - Object: 'Object Repository/Page_Shop Makeup Foundations/div_Complexion' is clicked on

2018-09-28 17:46:04 - [TEST_STEP][PASSED] - delay: Delayed 1 second(s)

2018-09-28 17:46:05 - [MESSAGE][PASSED] - Delayed 1 second(s)

2018-09-28 17:46:05 - [TEST_STEP][PASSED] - waitForElementVisible: Object 'Object Repository/Page_Beauty Box Subscription for Wo/a_Concealers' is visible

2018-09-28 17:46:05 - [MESSAGE][WARNING] - Timeout '0' is invalid. Using default page load timeout: '90'

2018-09-28 17:46:05 - [MESSAGE][PASSED] - Object 'Object Repository/Page_Beauty Box Subscription for Wo/a_Concealers' is visible

2018-09-28 17:46:05 - [TEST_STEP][PASSED] - waitForElementClickable: Object 'Object Repository/Page_Beauty Box Subscription for Wo/a_Concealers' is clickable

2018-09-28 17:46:05 - [MESSAGE][WARNING] - Timeout '0' is invalid. Using default page load timeout: '90'

2018-09-28 17:46:06 - [MESSAGE][PASSED] - Object 'Object Repository/Page_Beauty Box Subscription for Wo/a_Concealers' is clickable

2018-09-28 17:46:06 - [TEST_STEP][PASSED] - click: Object: 'Object Repository/Page_Beauty Box Subscription for Wo/a_Concealers' is clicked on

2018-09-28 17:46:06 - [MESSAGE][PASSED] - Object: 'Object Repository/Page_Beauty Box Subscription for Wo/a_Concealers' is clicked on

2018-09-28 17:46:06 - [TEST_STEP][PASSED] - delay: Delayed 2 second(s)

2018-09-28 17:46:08 - [MESSAGE][PASSED] - Delayed 2 second(s)

2018-09-28 17:46:08 - [TEST_STEP][PASSED] - click: Object: 'Object Repository/Page_Shop Makeup Concealers/svg_ 2018 Birchbox_icon__svg__' is clicked on

2018-09-28 17:46:08 - [MESSAGE][PASSED] - Object: 'Object Repository/Page_Shop Makeup Concealers/svg_ 2018 Birchbox_icon__svg__' is clicked on

2018-09-28 17:46:08 - [TEST_STEP][PASSED] - waitForElementVisible: Object 'Object Repository/Page_Shop Whats New/div_Makeup' is visible

2018-09-28 17:46:08 - [MESSAGE][WARNING] - Timeout '0' is invalid. Using default page load timeout: '90'

2018-09-28 17:46:08 - [MESSAGE][PASSED] - Object 'Object Repository/Page_Shop Whats New/div_Makeup' is visible

2018-09-28 17:46:08 - [TEST_STEP][PASSED] - waitForElementClickable: Object 'Object Repository/Page_Shop Whats New/div_Makeup' is clickable

2018-09-28 17:46:08 - [MESSAGE][WARNING] - Timeout '0' is invalid. Using default page load timeout: '90'

2018-09-28 17:46:08 - [MESSAGE][PASSED] - Object 'Object Repository/Page_Shop Whats New/div_Makeup' is clickable

2018-09-28 17:46:08 - [TEST_STEP][PASSED] - click: Object: 'Object Repository/Page_Shop Makeup Concealers/div_Makeup' is clicked on

2018-09-28 17:46:08 - [MESSAGE][PASSED] - Object: 'Object Repository/Page_Shop Makeup Concealers/div_Makeup' is clicked on

2018-09-28 17:46:08 - [TEST_STEP][PASSED] - click: Object: 'Object Repository/Page_Shop Makeup Concealers/div_Complexion' is clicked on

2018-09-28 17:46:09 - [MESSAGE][PASSED] - Object: 'Object Repository/Page_Shop Makeup Concealers/div_Complexion' is clicked on

2018-09-28 17:46:09 - [TEST_STEP][PASSED] - delay: Delayed 1 second(s)

2018-09-28 17:46:10 - [MESSAGE][PASSED] - Delayed 1 second(s)

2018-09-28 17:46:10 - [TEST_STEP][PASSED] - waitForElementVisible: Object 'Object Repository/Page_Beauty Box Subscription for Wo/a_Primers' is visible

2018-09-28 17:46:10 - [MESSAGE][WARNING] - Timeout '0' is invalid. Using default page load timeout: '90'

2018-09-28 17:46:10 - [MESSAGE][PASSED] - Object 'Object Repository/Page_Beauty Box Subscription for Wo/a_Primers' is visible

2018-09-28 17:46:10 - [TEST_STEP][PASSED] - waitForElementClickable: Object 'Object Repository/Page_Beauty Box Subscription for Wo/a_Primers' is clickable

2018-09-28 17:46:10 - [MESSAGE][WARNING] - Timeout '0' is invalid. Using default page load timeout: '90'

2018-09-28 17:46:10 - [MESSAGE][PASSED] - Object 'Object Repository/Page_Beauty Box Subscription for Wo/a_Primers' is clickable

2018-09-28 17:46:10 - [TEST_STEP][PASSED] - click: Object: 'Object Repository/Page_Beauty Box Subscription for Wo/a_Primers' is clicked on

2018-09-28 17:46:10 - [MESSAGE][PASSED] - Object: 'Object Repository/Page_Beauty Box Subscription for Wo/a_Primers' is clicked on

2018-09-28 17:46:10 - [TEST_STEP][PASSED] - delay: Delayed 2 second(s)

2018-09-28 17:46:12 - [MESSAGE][PASSED] - Delayed 2 second(s)

2018-09-28 17:46:12 - [TEST_STEP][PASSED] - click: Object: 'Object Repository/Page_Shop Makeup Primers/svg_ 2018 Birchbox_icon__svg__' is clicked on

2018-09-28 17:46:12 - [MESSAGE][PASSED] - Object: 'Object Repository/Page_Shop Makeup Primers/svg_ 2018 Birchbox_icon__svg__' is clicked on

2018-09-28 17:46:12 - [TEST_STEP][PASSED] - waitForElementVisible: Object 'Object Repository/Page_Shop Whats New/div_Makeup' is visible

2018-09-28 17:46:12 - [MESSAGE][WARNING] - Timeout '0' is invalid. Using default page load timeout: '90'

2018-09-28 17:46:12 - [MESSAGE][PASSED] - Object 'Object Repository/Page_Shop Whats New/div_Makeup' is visible

2018-09-28 17:46:12 - [TEST_STEP][PASSED] - waitForElementClickable: Object 'Object Repository/Page_Shop Whats New/div_Makeup' is clickable

2018-09-28 17:46:12 - [MESSAGE][WARNING] - Timeout '0' is invalid. Using default page load timeout: '90'

2018-09-28 17:46:13 - [MESSAGE][PASSED] - Object 'Object Repository/Page_Shop Whats New/div_Makeup' is clickable

2018-09-28 17:46:13 - [TEST_STEP][PASSED] - click: Object: 'Object Repository/Page_Shop Makeup Primers/div_Makeup' is clicked on

2018-09-28 17:46:13 - [MESSAGE][PASSED] - Object: 'Object Repository/Page_Shop Makeup Primers/div_Makeup' is clicked on

2018-09-28 17:46:13 - [TEST_STEP][PASSED] - waitForElementVisible: Object 'Object Repository/Page_Shop Makeup Primers/div_Complexion' is visible

2018-09-28 17:46:13 - [MESSAGE][WARNING] - Timeout '0' is invalid. Using default page load timeout: '90'

2018-09-28 17:46:13 - [MESSAGE][PASSED] - Object 'Object Repository/Page_Shop Makeup Primers/div_Complexion' is visible

2018-09-28 17:46:13 - [TEST_STEP][PASSED] - waitForElementClickable: Object 'Object Repository/Page_Shop Makeup Primers/div_Complexion' is clickable

2018-09-28 17:46:13 - [MESSAGE][WARNING] - Timeout '0' is invalid. Using default page load timeout: '90'

2018-09-28 17:46:13 - [MESSAGE][PASSED] - Object 'Object Repository/Page_Shop Makeup Primers/div_Complexion' is clickable

2018-09-28 17:46:13 - [TEST_STEP][PASSED] - click: Object: 'Object Repository/Page_Shop Makeup Primers/div_Complexion' is clicked on

2018-09-28 17:46:13 - [MESSAGE][PASSED] - Object: 'Object Repository/Page_Shop Makeup Primers/div_Complexion' is clicked on

2018-09-28 17:46:13 - [TEST_STEP][PASSED] - delay: Delayed 2 second(s)

2018-09-28 17:46:15 - [MESSAGE][PASSED] - Delayed 2 second(s)

2018-09-28 17:46:15 - [TEST_STEP][PASSED] - waitForElementVisible: Object 'Object Repository/Page_Beauty Box Subscription for Wo/a_Color-Correcting' is visible

2018-09-28 17:46:15 - [MESSAGE][WARNING] - Timeout '0' is invalid. Using default page load timeout: '90'

2018-09-28 17:46:15 - [MESSAGE][PASSED] - Object 'Object Repository/Page_Beauty Box Subscription for Wo/a_Color-Correcting' is visible

2018-09-28 17:46:15 - [TEST_STEP][PASSED] - waitForElementClickable: Object 'Object Repository/Page_Beauty Box Subscription for Wo/a_Color-Correcting' is clickable

2018-09-28 17:46:15 - [MESSAGE][WARNING] - Timeout '0' is invalid. Using default page load timeout: '90'

2018-09-28 17:46:15 - [MESSAGE][PASSED] - Object 'Object Repository/Page_Beauty Box Subscription for Wo/a_Color-Correcting' is clickable

2018-09-28 17:46:15 - [TEST_STEP][PASSED] - click: Object: 'Object Repository/Page_Beauty Box Subscription for Wo/a_Color-Correcting' is clicked on

2018-09-28 17:46:16 - [MESSAGE][PASSED] - Object: 'Object Repository/Page_Beauty Box Subscription for Wo/a_Color-Correcting' is clicked on

2018-09-28 17:46:16 - [TEST_STEP][PASSED] - delay: Delayed 2 second(s)

2018-09-28 17:46:18 - [MESSAGE][PASSED] - Delayed 2 second(s)

2018-09-28 17:46:18 - [TEST_STEP][PASSED] - click: Object: 'Object Repository/Page_Shop Color-Correcting Makeup/svg_ 2018 Birchbox_icon__svg__' is clicked on

2018-09-28 17:46:18 - [MESSAGE][PASSED] - Object: 'Object Repository/Page_Shop Color-Correcting Makeup/svg_ 2018 Birchbox_icon__svg__' is clicked on

2018-09-28 17:46:18 - [TEST_STEP][PASSED] - waitForElementVisible: Object 'Object Repository/Page_Shop Whats New/div_Makeup' is visible

2018-09-28 17:46:18 - [MESSAGE][WARNING] - Timeout '0' is invalid. Using default page load timeout: '90'

2018-09-28 17:46:18 - [MESSAGE][PASSED] - Object 'Object Repository/Page_Shop Whats New/div_Makeup' is visible

2018-09-28 17:46:18 - [TEST_STEP][PASSED] - waitForElementClickable: Object 'Object Repository/Page_Shop Whats New/div_Makeup' is clickable

2018-09-28 17:46:18 - [MESSAGE][WARNING] - Timeout '0' is invalid. Using default page load timeout: '90'

2018-09-28 17:46:18 - [MESSAGE][PASSED] - Object 'Object Repository/Page_Shop Whats New/div_Makeup' is clickable

2018-09-28 17:46:18 - [TEST_STEP][PASSED] - click: Object: 'Object Repository/Page_Shop Color-Correcting Makeup/div_Makeup' is clicked on

2018-09-28 17:46:18 - [MESSAGE][PASSED] - Object: 'Object Repository/Page_Shop Color-Correcting Makeup/div_Makeup' is clicked on

2018-09-28 17:46:18 - [TEST_STEP][PASSED] - click: Object: 'Object Repository/Page_Shop Color-Correcting Makeup/div_Complexion' is clicked on

2018-09-28 17:46:19 - [MESSAGE][PASSED] - Object: 'Object Repository/Page_Shop Color-Correcting Makeup/div_Complexion' is clicked on

2018-09-28 17:46:19 - [TEST_STEP][PASSED] - delay: Delayed 1 second(s)

2018-09-28 17:46:20 - [MESSAGE][PASSED] - Delayed 1 second(s)

2018-09-28 17:46:20 - [TEST_STEP][PASSED] - waitForElementVisible: Object 'Object Repository/Page_Beauty Box Subscription for Wo/a_Setting Sprays  Powders' is visible

2018-09-28 17:46:20 - [MESSAGE][WARNING] - Timeout '0' is invalid. Using default page load timeout: '90'

2018-09-28 17:46:20 - [MESSAGE][PASSED] - Object 'Object Repository/Page_Beauty Box Subscription for Wo/a_Setting Sprays  Powders' is visible

2018-09-28 17:46:20 - [TEST_STEP][PASSED] - verifyElementClickable: Object 'Object Repository/Page_Beauty Box Subscription for Wo/a_Setting Sprays  Powders' is clickable

2018-09-28 17:46:20 - [MESSAGE][PASSED] - Object 'Object Repository/Page_Beauty Box Subscription for Wo/a_Setting Sprays  Powders' is clickable

2018-09-28 17:46:20 - [TEST_STEP][PASSED] - click: Object: 'Object Repository/Page_Beauty Box Subscription for Wo/a_Setting Sprays  Powders' is clicked on

2018-09-28 17:46:20 - [MESSAGE][PASSED] - Object: 'Object Repository/Page_Beauty Box Subscription for Wo/a_Setting Sprays  Powders' is clicked on

2018-09-28 17:46:20 - [TEST_STEP][PASSED] - delay: Delayed 2 second(s)

2018-09-28 17:46:22 - [MESSAGE][PASSED] - Delayed 2 second(s)

2018-09-28 17:46:22 - [TEST_STEP][PASSED] - click: Object: 'Object Repository/Page_Shop Makeup Setting Sprays and/svg_ 2018 Birchbox_icon__svg__' is clicked on

2018-09-28 17:46:23 - [MESSAGE][PASSED] - Object: 'Object Repository/Page_Shop Makeup Setting Sprays and/svg_ 2018 Birchbox_icon__svg__' is clicked on

2018-09-28 17:46:23 - [TEST_STEP][PASSED] - waitForElementVisible: Object 'Object Repository/Page_Shop Whats New/div_Makeup' is visible

2018-09-28 17:46:23 - [MESSAGE][WARNING] - Timeout '0' is invalid. Using default page load timeout: '90'

2018-09-28 17:46:23 - [MESSAGE][PASSED] - Object 'Object Repository/Page_Shop Whats New/div_Makeup' is visible

2018-09-28 17:46:23 - [TEST_STEP][PASSED] - waitForElementClickable: Object 'Object Repository/Page_Shop Whats New/div_Makeup' is clickable

2018-09-28 17:46:23 - [MESSAGE][WARNING] - Timeout '0' is invalid. Using default page load timeout: '90'

2018-09-28 17:46:23 - [MESSAGE][PASSED] - Object 'Object Repository/Page_Shop Whats New/div_Makeup' is clickable

2018-09-28 17:46:23 - [TEST_STEP][PASSED] - click: Object: 'Object Repository/Page_Shop Makeup Setting Sprays and/div_Makeup' is clicked on

2018-09-28 17:46:23 - [MESSAGE][PASSED] - Object: 'Object Repository/Page_Shop Makeup Setting Sprays and/div_Makeup' is clicked on

2018-09-28 17:46:23 - [TEST_STEP][PASSED] - click: Object: 'Object Repository/Page_Shop Makeup Setting Sprays and/div_Complexion' is clicked on

2018-09-28 17:46:23 - [MESSAGE][PASSED] - Object: 'Object Repository/Page_Shop Makeup Setting Sprays and/div_Complexion' is clicked on

2018-09-28 17:46:23 - [TEST_STEP][PASSED] - delay: Delayed 1 second(s)

2018-09-28 17:46:24 - [MESSAGE][PASSED] - Delayed 1 second(s)

2018-09-28 17:46:24 - [TEST_STEP][PASSED] - waitForElementVisible: Object 'Object Repository/Page_Beauty Box Subscription for Wo/a_Complexion Sets  Palettes' is visible

2018-09-28 17:46:24 - [MESSAGE][WARNING] - Timeout '0' is invalid. Using default page load timeout: '90'

2018-09-28 17:46:25 - [MESSAGE][PASSED] - Object 'Object Repository/Page_Beauty Box Subscription for Wo/a_Complexion Sets  Palettes' is visible

2018-09-28 17:46:25 - [TEST_STEP][PASSED] - waitForElementClickable: Object 'Object Repository/Page_Beauty Box Subscription for Wo/a_Complexion Sets  Palettes' is clickable

2018-09-28 17:46:25 - [MESSAGE][WARNING] - Timeout '0' is invalid. Using default page load timeout: '90'

2018-09-28 17:46:25 - [MESSAGE][PASSED] - Object 'Object Repository/Page_Beauty Box Subscription for Wo/a_Complexion Sets  Palettes' is clickable

2018-09-28 17:46:25 - [TEST_STEP][PASSED] - click: Object: 'Object Repository/Page_Beauty Box Subscription for Wo/a_Complexion Sets  Palettes' is clicked on

2018-09-28 17:46:25 - [MESSAGE][PASSED] - Object: 'Object Repository/Page_Beauty Box Subscription for Wo/a_Complexion Sets  Palettes' is clicked on

2018-09-28 17:46:25 - [TEST_STEP][PASSED] - delay: Delayed 2 second(s)

2018-09-28 17:46:27 - [MESSAGE][PASSED] - Delayed 2 second(s)

2018-09-28 17:46:27 - [TEST_STEP][PASSED] - click: Object: 'Object Repository/Page_Shop Makeup Complexion Sets  M/svg_ 2018 Birchbox_icon__svg__' is clicked on

2018-09-28 17:46:27 - [MESSAGE][PASSED] - Object: 'Object Repository/Page_Shop Makeup Complexion Sets  M/svg_ 2018 Birchbox_icon__svg__' is clicked on

2018-09-28 17:46:27 - [TEST_STEP][PASSED] - waitForElementVisible: Object 'Object Repository/Page_Shop Whats New/div_Makeup' is visible

2018-09-28 17:46:27 - [MESSAGE][WARNING] - Timeout '0' is invalid. Using default page load timeout: '90'

2018-09-28 17:46:28 - [MESSAGE][PASSED] - Object 'Object Repository/Page_Shop Whats New/div_Makeup' is visible

2018-09-28 17:46:28 - [TEST_STEP][PASSED] - waitForElementClickable: Object 'Object Repository/Page_Shop Whats New/div_Makeup' is clickable

2018-09-28 17:46:28 - [MESSAGE][WARNING] - Timeout '0' is invalid. Using default page load timeout: '90'

2018-09-28 17:46:28 - [MESSAGE][PASSED] - Object 'Object Repository/Page_Shop Whats New/div_Makeup' is clickable

2018-09-28 17:46:28 - [TEST_STEP][PASSED] - click: Object: 'Object Repository/Page_Shop Makeup Complexion Sets  M/div_Makeup' is clicked on

2018-09-28 17:46:28 - [MESSAGE][PASSED] - Object: 'Object Repository/Page_Shop Makeup Complexion Sets  M/div_Makeup' is clicked on

2018-09-28 17:46:28 - [TEST_STEP][PASSED] - click: Object: 'Object Repository/Page_Shop Makeup Complexion Sets  M/div_Eye' is clicked on

2018-09-28 17:46:28 - [MESSAGE][PASSED] - Object: 'Object Repository/Page_Shop Makeup Complexion Sets  M/div_Eye' is clicked on

2018-09-28 17:46:28 - [TEST_STEP][PASSED] - waitForElementVisible: Object 'Object Repository/Page_Beauty Box Subscription for Wo/a_Mascaras' is visible

2018-09-28 17:46:28 - [MESSAGE][WARNING] - Timeout '0' is invalid. Using default page load timeout: '90'

2018-09-28 17:46:29 - [MESSAGE][PASSED] - Object 'Object Repository/Page_Beauty Box Subscription for Wo/a_Mascaras' is visible

2018-09-28 17:46:29 - [TEST_STEP][PASSED] - waitForElementClickable: Object 'Object Repository/Page_Beauty Box Subscription for Wo/a_Mascaras' is clickable

2018-09-28 17:46:29 - [MESSAGE][WARNING] - Timeout '0' is invalid. Using default page load timeout: '90'

2018-09-28 17:46:30 - [MESSAGE][PASSED] - Object 'Object Repository/Page_Beauty Box Subscription for Wo/a_Mascaras' is clickable

2018-09-28 17:46:30 - [TEST_STEP][PASSED] - click: Object: 'Object Repository/Page_Beauty Box Subscription for Wo/a_Mascaras' is clicked on

2018-09-28 17:46:30 - [MESSAGE][PASSED] - Object: 'Object Repository/Page_Beauty Box Subscription for Wo/a_Mascaras' is clicked on

2018-09-28 17:46:30 - [TEST_STEP][PASSED] - delay: Delayed 2 second(s)

2018-09-28 17:46:32 - [MESSAGE][PASSED] - Delayed 2 second(s)

2018-09-28 17:46:32 - [TEST_STEP][PASSED] - click: Object: 'Object Repository/Page_Shop Mascaras/svg_ 2018 Birchbox_icon__svg__' is clicked on

2018-09-28 17:46:32 - [MESSAGE][PASSED] - Object: 'Object Repository/Page_Shop Mascaras/svg_ 2018 Birchbox_icon__svg__' is clicked on

2018-09-28 17:46:32 - [TEST_STEP][PASSED] - waitForElementVisible: Object 'Object Repository/Page_Shop Whats New/div_Makeup' is visible

2018-09-28 17:46:32 - [MESSAGE][WARNING] - Timeout '0' is invalid. Using default page load timeout: '90'

2018-09-28 17:46:32 - [MESSAGE][PASSED] - Object 'Object Repository/Page_Shop Whats New/div_Makeup' is visible

2018-09-28 17:46:32 - [TEST_STEP][PASSED] - waitForElementClickable: Object 'Object Repository/Page_Shop Whats New/div_Makeup' is clickable

2018-09-28 17:46:32 - [MESSAGE][WARNING] - Timeout '0' is invalid. Using default page load timeout: '90'

2018-09-28 17:46:32 - [MESSAGE][PASSED] - Object 'Object Repository/Page_Shop Whats New/div_Makeup' is clickable

2018-09-28 17:46:32 - [TEST_STEP][PASSED] - click: Object: 'Object Repository/Page_Shop Mascaras/div_Makeup' is clicked on

2018-09-28 17:46:32 - [MESSAGE][PASSED] - Object: 'Object Repository/Page_Shop Mascaras/div_Makeup' is clicked on

2018-09-28 17:46:32 - [TEST_STEP][PASSED] - click: Object: 'Object Repository/Page_Shop Mascaras/div_Eye' is clicked on

2018-09-28 17:46:33 - [MESSAGE][PASSED] - Object: 'Object Repository/Page_Shop Mascaras/div_Eye' is clicked on

2018-09-28 17:46:33 - [TEST_STEP][PASSED] - delay: Delayed 1 second(s)

2018-09-28 17:46:34 - [MESSAGE][PASSED] - Delayed 1 second(s)

2018-09-28 17:46:34 - [TEST_STEP][PASSED] - waitForElementVisible: Object 'Object Repository/Page_Beauty Box Subscription for Wo/a_Brows' is visible

2018-09-28 17:46:34 - [MESSAGE][WARNING] - Timeout '0' is invalid. Using default page load timeout: '90'

2018-09-28 17:46:34 - [MESSAGE][PASSED] - Object 'Object Repository/Page_Beauty Box Subscription for Wo/a_Brows' is visible

2018-09-28 17:46:34 - [TEST_STEP][PASSED] - waitForElementClickable: Object 'Object Repository/Page_Beauty Box Subscription for Wo/a_Brows' is clickable

2018-09-28 17:46:34 - [MESSAGE][WARNING] - Timeout '0' is invalid. Using default page load timeout: '90'

2018-09-28 17:46:34 - [MESSAGE][PASSED] - Object 'Object Repository/Page_Beauty Box Subscription for Wo/a_Brows' is clickable

2018-09-28 17:46:34 - [TEST_STEP][PASSED] - click: Object: 'Object Repository/Page_Beauty Box Subscription for Wo/a_Brows' is clicked on

2018-09-28 17:46:34 - [MESSAGE][PASSED] - Object: 'Object Repository/Page_Beauty Box Subscription for Wo/a_Brows' is clicked on

2018-09-28 17:46:34 - [TEST_STEP][PASSED] - delay: Delayed 2 second(s)

2018-09-28 17:46:36 - [MESSAGE][PASSED] - Delayed 2 second(s)

2018-09-28 17:46:36 - [TEST_STEP][PASSED] - click: Object: 'Object Repository/Page_Shop Brow Makeup/svg_ 2018 Birchbox_icon__svg__' is clicked on

2018-09-28 17:46:36 - [MESSAGE][PASSED] - Object: 'Object Repository/Page_Shop Brow Makeup/svg_ 2018 Birchbox_icon__svg__' is clicked on

2018-09-28 17:46:36 - [TEST_STEP][PASSED] - waitForElementVisible: Object 'Object Repository/Page_Shop Whats New/div_Makeup' is visible

2018-09-28 17:46:36 - [MESSAGE][WARNING] - Timeout '0' is invalid. Using default page load timeout: '90'

2018-09-28 17:46:36 - [MESSAGE][PASSED] - Object 'Object Repository/Page_Shop Whats New/div_Makeup' is visible

2018-09-28 17:46:36 - [TEST_STEP][PASSED] - waitForElementClickable: Object 'Object Repository/Page_Shop Whats New/div_Makeup' is clickable

2018-09-28 17:46:36 - [MESSAGE][WARNING] - Timeout '0' is invalid. Using default page load timeout: '90'

2018-09-28 17:46:37 - [MESSAGE][PASSED] - Object 'Object Repository/Page_Shop Whats New/div_Makeup' is clickable

2018-09-28 17:46:37 - [TEST_STEP][PASSED] - click: Object: 'Object Repository/Page_Shop Brow Makeup/div_Makeup' is clicked on

2018-09-28 17:46:37 - [MESSAGE][PASSED] - Object: 'Object Repository/Page_Shop Brow Makeup/div_Makeup' is clicked on

2018-09-28 17:46:37 - [TEST_STEP][PASSED] - click: Object: 'Object Repository/Page_Shop Brow Makeup/div_Eye' is clicked on

2018-09-28 17:46:37 - [MESSAGE][PASSED] - Object: 'Object Repository/Page_Shop Brow Makeup/div_Eye' is clicked on

2018-09-28 17:46:37 - [TEST_STEP][PASSED] - delay: Delayed 1 second(s)

2018-09-28 17:46:38 - [MESSAGE][PASSED] - Delayed 1 second(s)

2018-09-28 17:46:38 - [TEST_STEP][PASSED] - waitForElementVisible: Object 'Object Repository/Page_Beauty Box Subscription for Wo/a_Eyeliners' is visible

2018-09-28 17:46:38 - [MESSAGE][WARNING] - Timeout '0' is invalid. Using default page load timeout: '90'

2018-09-28 17:46:38 - [MESSAGE][PASSED] - Object 'Object Repository/Page_Beauty Box Subscription for Wo/a_Eyeliners' is visible

2018-09-28 17:46:38 - [TEST_STEP][PASSED] - waitForElementClickable: Object 'Object Repository/Page_Beauty Box Subscription for Wo/a_Eyeliners' is clickable

2018-09-28 17:46:38 - [MESSAGE][WARNING] - Timeout '0' is invalid. Using default page load timeout: '90'

2018-09-28 17:46:38 - [MESSAGE][PASSED] - Object 'Object Repository/Page_Beauty Box Subscription for Wo/a_Eyeliners' is clickable

2018-09-28 17:46:38 - [TEST_STEP][PASSED] - click: Object: 'Object Repository/Page_Beauty Box Subscription for Wo/a_Eyeliners' is clicked on

2018-09-28 17:46:38 - [MESSAGE][PASSED] - Object: 'Object Repository/Page_Beauty Box Subscription for Wo/a_Eyeliners' is clicked on

2018-09-28 17:46:38 - [TEST_STEP][PASSED] - delay: Delayed 2 second(s)

2018-09-28 17:46:40 - [MESSAGE][PASSED] - Delayed 2 second(s)

2018-09-28 17:46:40 - [TEST_STEP][PASSED] - click: Object: 'Object Repository/Page_Shop Eyeliners/svg_ 2018 Birchbox_icon__svg__' is clicked on

2018-09-28 17:46:41 - [MESSAGE][PASSED] - Object: 'Object Repository/Page_Shop Eyeliners/svg_ 2018 Birchbox_icon__svg__' is clicked on

2018-09-28 17:46:41 - [TEST_STEP][PASSED] - waitForElementVisible: Object 'Object Repository/Page_Shop Whats New/div_Makeup' is visible

2018-09-28 17:46:41 - [MESSAGE][WARNING] - Timeout '0' is invalid. Using default page load timeout: '90'

2018-09-28 17:46:41 - [MESSAGE][PASSED] - Object 'Object Repository/Page_Shop Whats New/div_Makeup' is visible

2018-09-28 17:46:41 - [TEST_STEP][PASSED] - waitForElementClickable: Object 'Object Repository/Page_Shop Whats New/div_Makeup' is clickable

2018-09-28 17:46:41 - [MESSAGE][WARNING] - Timeout '0' is invalid. Using default page load timeout: '90'

2018-09-28 17:46:41 - [MESSAGE][PASSED] - Object 'Object Repository/Page_Shop Whats New/div_Makeup' is clickable

2018-09-28 17:46:41 - [TEST_STEP][PASSED] - click: Object: 'Object Repository/Page_Shop Eyeliners/div_Makeup' is clicked on

2018-09-28 17:46:41 - [MESSAGE][PASSED] - Object: 'Object Repository/Page_Shop Eyeliners/div_Makeup' is clicked on

2018-09-28 17:46:41 - [TEST_STEP][PASSED] - click: Object: 'Object Repository/Page_Shop Eyeliners/div_Eye' is clicked on

2018-09-28 17:46:42 - [MESSAGE][PASSED] - Object: 'Object Repository/Page_Shop Eyeliners/div_Eye' is clicked on

2018-09-28 17:46:42 - [TEST_STEP][PASSED] - delay: Delayed 1 second(s)

2018-09-28 17:46:43 - [MESSAGE][PASSED] - Delayed 1 second(s)

2018-09-28 17:46:43 - [TEST_STEP][PASSED] - waitForElementVisible: Object 'Object Repository/Page_Beauty Box Subscription for Wo/a_Eyeshadows' is visible

2018-09-28 17:46:43 - [MESSAGE][WARNING] - Timeout '0' is invalid. Using default page load timeout: '90'

2018-09-28 17:46:43 - [MESSAGE][PASSED] - Object 'Object Repository/Page_Beauty Box Subscription for Wo/a_Eyeshadows' is visible

2018-09-28 17:46:43 - [TEST_STEP][PASSED] - waitForElementClickable: Object 'Object Repository/Page_Beauty Box Subscription for Wo/a_Eyeshadows' is clickable

2018-09-28 17:46:43 - [MESSAGE][WARNING] - Timeout '0' is invalid. Using default page load timeout: '90'

2018-09-28 17:46:43 - [MESSAGE][PASSED] - Object 'Object Repository/Page_Beauty Box Subscription for Wo/a_Eyeshadows' is clickable

2018-09-28 17:46:43 - [TEST_STEP][PASSED] - click: Object: 'Object Repository/Page_Beauty Box Subscription for Wo/a_Eyeshadows' is clicked on

2018-09-28 17:46:43 - [MESSAGE][PASSED] - Object: 'Object Repository/Page_Beauty Box Subscription for Wo/a_Eyeshadows' is clicked on

2018-09-28 17:46:43 - [TEST_STEP][PASSED] - delay: Delayed 2 second(s)

2018-09-28 17:46:45 - [MESSAGE][PASSED] - Delayed 2 second(s)

2018-09-28 17:46:45 - [TEST_STEP][PASSED] - click: Object: 'Object Repository/Page_Shop Eyeshadows/svg_ 2018 Birchbox_icon__svg__' is clicked on

2018-09-28 17:46:45 - [MESSAGE][PASSED] - Object: 'Object Repository/Page_Shop Eyeshadows/svg_ 2018 Birchbox_icon__svg__' is clicked on

2018-09-28 17:46:45 - [TEST_STEP][PASSED] - waitForElementVisible: Object 'Object Repository/Page_Shop Whats New/div_Makeup' is visible

2018-09-28 17:46:45 - [MESSAGE][WARNING] - Timeout '0' is invalid. Using default page load timeout: '90'

2018-09-28 17:46:45 - [MESSAGE][PASSED] - Object 'Object Repository/Page_Shop Whats New/div_Makeup' is visible

2018-09-28 17:46:45 - [TEST_STEP][PASSED] - waitForElementClickable: Object 'Object Repository/Page_Shop Whats New/div_Makeup' is clickable

2018-09-28 17:46:45 - [MESSAGE][WARNING] - Timeout '0' is invalid. Using default page load timeout: '90'

2018-09-28 17:46:45 - [MESSAGE][PASSED] - Object 'Object Repository/Page_Shop Whats New/div_Makeup' is clickable

2018-09-28 17:46:45 - [TEST_STEP][PASSED] - click: Object: 'Object Repository/Page_Shop Eyeshadows/div_Makeup' is clicked on

2018-09-28 17:46:45 - [MESSAGE][PASSED] - Object: 'Object Repository/Page_Shop Eyeshadows/div_Makeup' is clicked on

2018-09-28 17:46:45 - [TEST_STEP][PASSED] - click: Object: 'Object Repository/Page_Shop Eyeshadows/div_Eye' is clicked on

2018-09-28 17:46:46 - [MESSAGE][PASSED] - Object: 'Object Repository/Page_Shop Eyeshadows/div_Eye' is clicked on

2018-09-28 17:46:46 - [TEST_STEP][PASSED] - delay: Delayed 1 second(s)

2018-09-28 17:46:47 - [MESSAGE][PASSED] - Delayed 1 second(s)

2018-09-28 17:46:47 - [TEST_STEP][PASSED] - waitForElementClickable: Object 'Object Repository/Page_Beauty Box Subscription for Wo/a_Eye Primers' is clickable

2018-09-28 17:46:47 - [MESSAGE][WARNING] - Timeout '0' is invalid. Using default page load timeout: '90'

2018-09-28 17:46:47 - [MESSAGE][PASSED] - Object 'Object Repository/Page_Beauty Box Subscription for Wo/a_Eye Primers' is clickable

2018-09-28 17:46:47 - [TEST_STEP][PASSED] - waitForElementVisible: Object 'Object Repository/Page_Beauty Box Subscription for Wo/a_Eye Primers' is visible

2018-09-28 17:46:47 - [MESSAGE][WARNING] - Timeout '0' is invalid. Using default page load timeout: '90'

2018-09-28 17:46:47 - [MESSAGE][PASSED] - Object 'Object Repository/Page_Beauty Box Subscription for Wo/a_Eye Primers' is visible

2018-09-28 17:46:47 - [TEST_STEP][PASSED] - click: Object: 'Object Repository/Page_Beauty Box Subscription for Wo/a_Eye Primers' is clicked on

2018-09-28 17:46:47 - [MESSAGE][PASSED] - Object: 'Object Repository/Page_Beauty Box Subscription for Wo/a_Eye Primers' is clicked on

2018-09-28 17:46:47 - [TEST_STEP][PASSED] - delay: Delayed 2 second(s)

2018-09-28 17:46:49 - [MESSAGE][PASSED] - Delayed 2 second(s)

2018-09-28 17:46:49 - [TEST_STEP][PASSED] - click: Object: 'Object Repository/Page_Shop Eye Primers/svg_ 2018 Birchbox_icon__svg__' is clicked on

2018-09-28 17:46:49 - [MESSAGE][PASSED] - Object: 'Object Repository/Page_Shop Eye Primers/svg_ 2018 Birchbox_icon__svg__' is clicked on

2018-09-28 17:46:49 - [TEST_STEP][PASSED] - waitForElementVisible: Object 'Object Repository/Page_Shop Whats New/div_Makeup' is visible

2018-09-28 17:46:49 - [MESSAGE][WARNING] - Timeout '0' is invalid. Using default page load timeout: '90'

2018-09-28 17:46:49 - [MESSAGE][PASSED] - Object 'Object Repository/Page_Shop Whats New/div_Makeup' is visible

2018-09-28 17:46:49 - [TEST_STEP][PASSED] - waitForElementClickable: Object 'Object Repository/Page_Shop Whats New/div_Makeup' is clickable

2018-09-28 17:46:49 - [MESSAGE][WARNING] - Timeout '0' is invalid. Using default page load timeout: '90'

2018-09-28 17:46:49 - [MESSAGE][PASSED] - Object 'Object Repository/Page_Shop Whats New/div_Makeup' is clickable

2018-09-28 17:46:49 - [TEST_STEP][PASSED] - click: Object: 'Object Repository/Page_Shop Eye Primers/div_Makeup' is clicked on

2018-09-28 17:46:50 - [MESSAGE][PASSED] - Object: 'Object Repository/Page_Shop Eye Primers/div_Makeup' is clicked on

2018-09-28 17:46:50 - [TEST_STEP][PASSED] - click: Object: 'Object Repository/Page_Shop Eye Primers/div_Eye' is clicked on

2018-09-28 17:46:50 - [MESSAGE][PASSED] - Object: 'Object Repository/Page_Shop Eye Primers/div_Eye' is clicked on

2018-09-28 17:46:50 - [TEST_STEP][PASSED] - delay: Delayed 1 second(s)

2018-09-28 17:46:51 - [MESSAGE][PASSED] - Delayed 1 second(s)

2018-09-28 17:46:51 - [TEST_STEP][PASSED] - waitForElementVisible: Object 'Object Repository/Page_Beauty Box Subscription for Wo/a_Lash Primers  Treatments' is visible

2018-09-28 17:46:51 - [MESSAGE][WARNING] - Timeout '0' is invalid. Using default page load timeout: '90'

2018-09-28 17:46:51 - [MESSAGE][PASSED] - Object 'Object Repository/Page_Beauty Box Subscription for Wo/a_Lash Primers  Treatments' is visible

2018-09-28 17:46:51 - [TEST_STEP][PASSED] - waitForElementClickable: Object 'Object Repository/Page_Beauty Box Subscription for Wo/a_Lash Primers  Treatments' is clickable

2018-09-28 17:46:51 - [MESSAGE][WARNING] - Timeout '0' is invalid. Using default page load timeout: '90'

2018-09-28 17:46:51 - [MESSAGE][PASSED] - Object 'Object Repository/Page_Beauty Box Subscription for Wo/a_Lash Primers  Treatments' is clickable

2018-09-28 17:46:51 - [TEST_STEP][PASSED] - click: Object: 'Object Repository/Page_Beauty Box Subscription for Wo/a_Lash Primers  Treatments' is clicked on

2018-09-28 17:46:51 - [MESSAGE][PASSED] - Object: 'Object Repository/Page_Beauty Box Subscription for Wo/a_Lash Primers  Treatments' is clicked on

2018-09-28 17:46:51 - [TEST_STEP][PASSED] - delay: Delayed 2 second(s)

2018-09-28 17:46:53 - [MESSAGE][PASSED] - Delayed 2 second(s)

2018-09-28 17:46:53 - [TEST_STEP][PASSED] - click: Object: 'Object Repository/Page_Shop Lash Primers  Lash Treatm/svg_ 2018 Birchbox_icon__svg__' is clicked on

2018-09-28 17:46:53 - [MESSAGE][PASSED] - Object: 'Object Repository/Page_Shop Lash Primers  Lash Treatm/svg_ 2018 Birchbox_icon__svg__' is clicked on

2018-09-28 17:46:53 - [TEST_STEP][PASSED] - waitForElementVisible: Object 'Object Repository/Page_Shop Whats New/div_Makeup' is visible

2018-09-28 17:46:53 - [MESSAGE][WARNING] - Timeout '0' is invalid. Using default page load timeout: '90'

2018-09-28 17:46:54 - [MESSAGE][PASSED] - Object 'Object Repository/Page_Shop Whats New/div_Makeup' is visible

2018-09-28 17:46:54 - [TEST_STEP][PASSED] - waitForElementClickable: Object 'Object Repository/Page_Shop Whats New/div_Makeup' is clickable

2018-09-28 17:46:54 - [MESSAGE][WARNING] - Timeout '0' is invalid. Using default page load timeout: '90'

2018-09-28 17:46:54 - [MESSAGE][PASSED] - Object 'Object Repository/Page_Shop Whats New/div_Makeup' is clickable

2018-09-28 17:46:54 - [TEST_STEP][PASSED] - click: Object: 'Object Repository/Page_Shop Lash Primers  Lash Treatm/div_Makeup' is clicked on

2018-09-28 17:46:54 - [MESSAGE][PASSED] - Object: 'Object Repository/Page_Shop Lash Primers  Lash Treatm/div_Makeup' is clicked on

2018-09-28 17:46:54 - [TEST_STEP][PASSED] - click: Object: 'Object Repository/Page_Shop Lash Primers  Lash Treatm/div_Eye' is clicked on

2018-09-28 17:46:55 - [MESSAGE][PASSED] - Object: 'Object Repository/Page_Shop Lash Primers  Lash Treatm/div_Eye' is clicked on

2018-09-28 17:46:55 - [TEST_STEP][PASSED] - delay: Delayed 1 second(s)

2018-09-28 17:46:56 - [MESSAGE][PASSED] - Delayed 1 second(s)

2018-09-28 17:46:56 - [TEST_STEP][PASSED] - waitForElementVisible: Object 'Object Repository/Page_Beauty Box Subscription for Wo/a_False Lashes' is visible

2018-09-28 17:46:56 - [MESSAGE][WARNING] - Timeout '0' is invalid. Using default page load timeout: '90'

2018-09-28 17:46:56 - [MESSAGE][PASSED] - Object 'Object Repository/Page_Beauty Box Subscription for Wo/a_False Lashes' is visible

2018-09-28 17:46:56 - [TEST_STEP][PASSED] - waitForElementClickable: Object 'Object Repository/Page_Beauty Box Subscription for Wo/a_False Lashes' is clickable

2018-09-28 17:46:56 - [MESSAGE][WARNING] - Timeout '0' is invalid. Using default page load timeout: '90'

2018-09-28 17:46:56 - [MESSAGE][PASSED] - Object 'Object Repository/Page_Beauty Box Subscription for Wo/a_False Lashes' is clickable

2018-09-28 17:46:56 - [TEST_STEP][PASSED] - click: Object: 'Object Repository/Page_Beauty Box Subscription for Wo/a_False Lashes' is clicked on

2018-09-28 17:46:56 - [MESSAGE][PASSED] - Object: 'Object Repository/Page_Beauty Box Subscription for Wo/a_False Lashes' is clicked on

2018-09-28 17:46:56 - [TEST_STEP][PASSED] - delay: Delayed 2 second(s)

2018-09-28 17:46:58 - [MESSAGE][PASSED] - Delayed 2 second(s)

2018-09-28 17:46:58 - [TEST_STEP][PASSED] - click: Object: 'Object Repository/Page_Shop False Lashes/svg_ 2018 Birchbox_icon__svg__' is clicked on

2018-09-28 17:46:58 - [MESSAGE][PASSED] - Object: 'Object Repository/Page_Shop False Lashes/svg_ 2018 Birchbox_icon__svg__' is clicked on

2018-09-28 17:46:58 - [TEST_STEP][PASSED] - waitForElementVisible: Object 'Object Repository/Page_Shop Whats New/div_Makeup' is visible

2018-09-28 17:46:58 - [MESSAGE][WARNING] - Timeout '0' is invalid. Using default page load timeout: '90'

2018-09-28 17:46:58 - [MESSAGE][PASSED] - Object 'Object Repository/Page_Shop Whats New/div_Makeup' is visible

2018-09-28 17:46:58 - [TEST_STEP][PASSED] - waitForElementClickable: Object 'Object Repository/Page_Shop Whats New/div_Makeup' is clickable

2018-09-28 17:46:58 - [MESSAGE][WARNING] - Timeout '0' is invalid. Using default page load timeout: '90'

2018-09-28 17:46:58 - [MESSAGE][PASSED] - Object 'Object Repository/Page_Shop Whats New/div_Makeup' is clickable

2018-09-28 17:46:58 - [TEST_STEP][PASSED] - click: Object: 'Object Repository/Page_Shop False Lashes/div_Makeup' is clicked on

2018-09-28 17:46:59 - [MESSAGE][PASSED] - Object: 'Object Repository/Page_Shop False Lashes/div_Makeup' is clicked on

2018-09-28 17:46:59 - [TEST_STEP][PASSED] - click: Object: 'Object Repository/Page_Shop False Lashes/div_Eye' is clicked on

2018-09-28 17:46:59 - [MESSAGE][PASSED] - Object: 'Object Repository/Page_Shop False Lashes/div_Eye' is clicked on

2018-09-28 17:46:59 - [TEST_STEP][PASSED] - delay: Delayed 1 second(s)

2018-09-28 17:47:00 - [MESSAGE][PASSED] - Delayed 1 second(s)

2018-09-28 17:47:00 - [TEST_STEP][PASSED] - waitForElementVisible: Object 'Object Repository/Page_Beauty Box Subscription for Wo/a_Eye Sets  Palettes' is visible

2018-09-28 17:47:00 - [MESSAGE][WARNING] - Timeout '0' is invalid. Using default page load timeout: '90'

2018-09-28 17:47:00 - [MESSAGE][PASSED] - Object 'Object Repository/Page_Beauty Box Subscription for Wo/a_Eye Sets  Palettes' is visible

2018-09-28 17:47:00 - [TEST_STEP][PASSED] - waitForElementClickable: Object 'Object Repository/Page_Beauty Box Subscription for Wo/a_Eye Sets  Palettes' is clickable

2018-09-28 17:47:00 - [MESSAGE][WARNING] - Timeout '0' is invalid. Using default page load timeout: '90'

2018-09-28 17:47:00 - [MESSAGE][PASSED] - Object 'Object Repository/Page_Beauty Box Subscription for Wo/a_Eye Sets  Palettes' is clickable

2018-09-28 17:47:00 - [TEST_STEP][PASSED] - click: Object: 'Object Repository/Page_Beauty Box Subscription for Wo/a_Eye Sets  Palettes' is clicked on

2018-09-28 17:47:00 - [MESSAGE][PASSED] - Object: 'Object Repository/Page_Beauty Box Subscription for Wo/a_Eye Sets  Palettes' is clicked on

2018-09-28 17:47:00 - [TEST_STEP][PASSED] - delay: Delayed 2 second(s)

2018-09-28 17:47:02 - [MESSAGE][PASSED] - Delayed 2 second(s)

2018-09-28 17:47:02 - [TEST_STEP][PASSED] - click: Object: 'Object Repository/Page_Shop Eye Makeup Sets and Makeu/svg_ 2018 Birchbox_icon__svg__' is clicked on

2018-09-28 17:47:03 - [MESSAGE][PASSED] - Object: 'Object Repository/Page_Shop Eye Makeup Sets and Makeu/svg_ 2018 Birchbox_icon__svg__' is clicked on

2018-09-28 17:47:03 - [TEST_STEP][PASSED] - waitForElementVisible: Object 'Object Repository/Page_Shop Whats New/div_Makeup' is visible

2018-09-28 17:47:03 - [MESSAGE][WARNING] - Timeout '0' is invalid. Using default page load timeout: '90'

2018-09-28 17:47:03 - [MESSAGE][PASSED] - Object 'Object Repository/Page_Shop Whats New/div_Makeup' is visible

2018-09-28 17:47:03 - [TEST_STEP][PASSED] - waitForElementClickable: Object 'Object Repository/Page_Shop Whats New/div_Makeup' is clickable

2018-09-28 17:47:03 - [MESSAGE][WARNING] - Timeout '0' is invalid. Using default page load timeout: '90'

2018-09-28 17:47:03 - [MESSAGE][PASSED] - Object 'Object Repository/Page_Shop Whats New/div_Makeup' is clickable

2018-09-28 17:47:03 - [TEST_STEP][PASSED] - click: Object: 'Object Repository/Page_Shop Eye Makeup Sets and Makeu/div_Makeup' is clicked on

2018-09-28 17:47:03 - [MESSAGE][PASSED] - Object: 'Object Repository/Page_Shop Eye Makeup Sets and Makeu/div_Makeup' is clicked on

2018-09-28 17:47:03 - [TEST_STEP][PASSED] - click: Object: 'Object Repository/Page_Shop Eye Makeup Sets and Makeu/div_Cheek' is clicked on

2018-09-28 17:47:03 - [MESSAGE][PASSED] - Object: 'Object Repository/Page_Shop Eye Makeup Sets and Makeu/div_Cheek' is clicked on

2018-09-28 17:47:03 - [TEST_STEP][PASSED] - delay: Delayed 1 second(s)

2018-09-28 17:47:04 - [MESSAGE][PASSED] - Delayed 1 second(s)

2018-09-28 17:47:04 - [TEST_STEP][PASSED] - waitForElementVisible: Object 'Object Repository/Page_Beauty Box Subscription for Wo/a_Blushes' is visible

2018-09-28 17:47:04 - [MESSAGE][WARNING] - Timeout '0' is invalid. Using default page load timeout: '90'

2018-09-28 17:47:05 - [MESSAGE][PASSED] - Object 'Object Repository/Page_Beauty Box Subscription for Wo/a_Blushes' is visible

2018-09-28 17:47:05 - [TEST_STEP][PASSED] - waitForElementClickable: Object 'Object Repository/Page_Beauty Box Subscription for Wo/a_Blushes' is clickable

2018-09-28 17:47:05 - [MESSAGE][WARNING] - Timeout '0' is invalid. Using default page load timeout: '90'

2018-09-28 17:47:05 - [MESSAGE][PASSED] - Object 'Object Repository/Page_Beauty Box Subscription for Wo/a_Blushes' is clickable

2018-09-28 17:47:05 - [TEST_STEP][PASSED] - click: Object: 'Object Repository/Page_Beauty Box Subscription for Wo/a_Blushes' is clicked on

2018-09-28 17:47:05 - [MESSAGE][PASSED] - Object: 'Object Repository/Page_Beauty Box Subscription for Wo/a_Blushes' is clicked on

2018-09-28 17:47:05 - [TEST_STEP][PASSED] - delay: Delayed 2 second(s)

2018-09-28 17:47:07 - [MESSAGE][PASSED] - Delayed 2 second(s)

2018-09-28 17:47:07 - [TEST_STEP][PASSED] - click: Object: 'Object Repository/Page_Shop Makeup Blush/svg_ 2018 Birchbox_icon__svg__' is clicked on

2018-09-28 17:47:07 - [MESSAGE][PASSED] - Object: 'Object Repository/Page_Shop Makeup Blush/svg_ 2018 Birchbox_icon__svg__' is clicked on

2018-09-28 17:47:07 - [TEST_STEP][PASSED] - waitForElementVisible: Object 'Object Repository/Page_Shop Whats New/div_Makeup' is visible

2018-09-28 17:47:07 - [MESSAGE][WARNING] - Timeout '0' is invalid. Using default page load timeout: '90'

2018-09-28 17:47:07 - [MESSAGE][PASSED] - Object 'Object Repository/Page_Shop Whats New/div_Makeup' is visible

2018-09-28 17:47:07 - [TEST_STEP][PASSED] - waitForElementClickable: Object 'Object Repository/Page_Shop Whats New/div_Makeup' is clickable

2018-09-28 17:47:07 - [MESSAGE][WARNING] - Timeout '0' is invalid. Using default page load timeout: '90'

2018-09-28 17:47:08 - [MESSAGE][PASSED] - Object 'Object Repository/Page_Shop Whats New/div_Makeup' is clickable

2018-09-28 17:47:08 - [TEST_STEP][PASSED] - click: Object: 'Object Repository/Page_Shop Makeup Blush/div_Makeup' is clicked on

2018-09-28 17:47:08 - [MESSAGE][PASSED] - Object: 'Object Repository/Page_Shop Makeup Blush/div_Makeup' is clicked on

2018-09-28 17:47:08 - [TEST_STEP][PASSED] - click: Object: 'Object Repository/Page_Shop Makeup Blush/div_Cheek' is clicked on

2018-09-28 17:47:08 - [MESSAGE][PASSED] - Object: 'Object Repository/Page_Shop Makeup Blush/div_Cheek' is clicked on

2018-09-28 17:47:08 - [TEST_STEP][PASSED] - delay: Delayed 1 second(s)

2018-09-28 17:47:09 - [MESSAGE][PASSED] - Delayed 1 second(s)

2018-09-28 17:47:09 - [TEST_STEP][PASSED] - waitForElementVisible: Object 'Object Repository/Page_Beauty Box Subscription for Wo/a_Bronzers' is visible

2018-09-28 17:47:09 - [MESSAGE][WARNING] - Timeout '0' is invalid. Using default page load timeout: '90'

2018-09-28 17:47:09 - [MESSAGE][PASSED] - Object 'Object Repository/Page_Beauty Box Subscription for Wo/a_Bronzers' is visible

2018-09-28 17:47:09 - [TEST_STEP][PASSED] - waitForElementClickable: Object 'Object Repository/Page_Beauty Box Subscription for Wo/a_Bronzers' is clickable

2018-09-28 17:47:09 - [MESSAGE][WARNING] - Timeout '0' is invalid. Using default page load timeout: '90'

2018-09-28 17:47:09 - [MESSAGE][PASSED] - Object 'Object Repository/Page_Beauty Box Subscription for Wo/a_Bronzers' is clickable

2018-09-28 17:47:09 - [TEST_STEP][PASSED] - click: Object: 'Object Repository/Page_Beauty Box Subscription for Wo/a_Bronzers' is clicked on

2018-09-28 17:47:09 - [MESSAGE][PASSED] - Object: 'Object Repository/Page_Beauty Box Subscription for Wo/a_Bronzers' is clicked on

2018-09-28 17:47:09 - [TEST_STEP][PASSED] - delay: Delayed 2 second(s)

2018-09-28 17:47:11 - [MESSAGE][PASSED] - Delayed 2 second(s)

2018-09-28 17:47:11 - [TEST_STEP][PASSED] - click: Object: 'Object Repository/Page_Shop Makeup Bronzer/svg_ 2018 Birchbox_icon__svg__' is clicked on

2018-09-28 17:47:12 - [MESSAGE][PASSED] - Object: 'Object Repository/Page_Shop Makeup Bronzer/svg_ 2018 Birchbox_icon__svg__' is clicked on

2018-09-28 17:47:12 - [TEST_STEP][PASSED] - waitForElementVisible: Object 'Object Repository/Page_Shop Whats New/div_Makeup' is visible

2018-09-28 17:47:12 - [MESSAGE][WARNING] - Timeout '0' is invalid. Using default page load timeout: '90'

2018-09-28 17:47:12 - [MESSAGE][PASSED] - Object 'Object Repository/Page_Shop Whats New/div_Makeup' is visible

2018-09-28 17:47:12 - [TEST_STEP][PASSED] - waitForElementClickable: Object 'Object Repository/Page_Shop Whats New/div_Makeup' is clickable

2018-09-28 17:47:12 - [MESSAGE][WARNING] - Timeout '0' is invalid. Using default page load timeout: '90'

2018-09-28 17:47:12 - [MESSAGE][PASSED] - Object 'Object Repository/Page_Shop Whats New/div_Makeup' is clickable

2018-09-28 17:47:12 - [TEST_STEP][PASSED] - click: Object: 'Object Repository/Page_Shop Makeup Bronzer/div_Makeup' is clicked on

2018-09-28 17:47:12 - [MESSAGE][PASSED] - Object: 'Object Repository/Page_Shop Makeup Bronzer/div_Makeup' is clicked on

2018-09-28 17:47:12 - [TEST_STEP][PASSED] - click: Object: 'Object Repository/Page_Shop Makeup Bronzer/div_Cheek' is clicked on

2018-09-28 17:47:12 - [MESSAGE][PASSED] - Object: 'Object Repository/Page_Shop Makeup Bronzer/div_Cheek' is clicked on

2018-09-28 17:47:12 - [TEST_STEP][PASSED] - delay: Delayed 1 second(s)

2018-09-28 17:47:13 - [MESSAGE][PASSED] - Delayed 1 second(s)

2018-09-28 17:47:13 - [TEST_STEP][PASSED] - waitForElementVisible: Object 'Object Repository/Page_Beauty Box Subscription for Wo/a_Highlighters' is visible

2018-09-28 17:47:14 - [MESSAGE][WARNING] - Timeout '0' is invalid. Using default page load timeout: '90'

2018-09-28 17:47:14 - [MESSAGE][PASSED] - Object 'Object Repository/Page_Beauty Box Subscription for Wo/a_Highlighters' is visible

2018-09-28 17:47:14 - [TEST_STEP][PASSED] - waitForElementClickable: Object 'Object Repository/Page_Beauty Box Subscription for Wo/a_Highlighters' is clickable

2018-09-28 17:47:14 - [MESSAGE][WARNING] - Timeout '0' is invalid. Using default page load timeout: '90'

2018-09-28 17:47:14 - [MESSAGE][PASSED] - Object 'Object Repository/Page_Beauty Box Subscription for Wo/a_Highlighters' is clickable

2018-09-28 17:47:14 - [TEST_STEP][PASSED] - click: Object: 'Object Repository/Page_Beauty Box Subscription for Wo/a_Highlighters' is clicked on

2018-09-28 17:47:14 - [MESSAGE][PASSED] - Object: 'Object Repository/Page_Beauty Box Subscription for Wo/a_Highlighters' is clicked on

2018-09-28 17:47:14 - [TEST_STEP][PASSED] - delay: Delayed 2 second(s)

2018-09-28 17:47:16 - [MESSAGE][PASSED] - Delayed 2 second(s)

2018-09-28 17:47:16 - [TEST_STEP][PASSED] - click: Object: 'Object Repository/Page_Shop Makeup Highlighter/svg_ 2018 Birchbox_icon__svg__' is clicked on

2018-09-28 17:47:16 - [MESSAGE][PASSED] - Object: 'Object Repository/Page_Shop Makeup Highlighter/svg_ 2018 Birchbox_icon__svg__' is clicked on

2018-09-28 17:47:16 - [TEST_STEP][PASSED] - waitForElementVisible: Object 'Object Repository/Page_Shop Whats New/div_Makeup' is visible

2018-09-28 17:47:16 - [MESSAGE][WARNING] - Timeout '0' is invalid. Using default page load timeout: '90'

2018-09-28 17:47:17 - [MESSAGE][PASSED] - Object 'Object Repository/Page_Shop Whats New/div_Makeup' is visible

2018-09-28 17:47:17 - [TEST_STEP][PASSED] - waitForElementClickable: Object 'Object Repository/Page_Shop Whats New/div_Makeup' is clickable

2018-09-28 17:47:17 - [MESSAGE][WARNING] - Timeout '0' is invalid. Using default page load timeout: '90'

2018-09-28 17:47:17 - [MESSAGE][PASSED] - Object 'Object Repository/Page_Shop Whats New/div_Makeup' is clickable

2018-09-28 17:47:17 - [TEST_STEP][PASSED] - click: Object: 'Object Repository/Page_Shop Makeup Highlighter/div_Makeup' is clicked on

2018-09-28 17:47:17 - [MESSAGE][PASSED] - Object: 'Object Repository/Page_Shop Makeup Highlighter/div_Makeup' is clicked on

2018-09-28 17:47:17 - [TEST_STEP][PASSED] - click: Object: 'Object Repository/Page_Shop Makeup Highlighter/div_Cheek' is clicked on

2018-09-28 17:47:17 - [MESSAGE][PASSED] - Object: 'Object Repository/Page_Shop Makeup Highlighter/div_Cheek' is clicked on

2018-09-28 17:47:17 - [TEST_STEP][PASSED] - delay: Delayed 1 second(s)

2018-09-28 17:47:18 - [MESSAGE][PASSED] - Delayed 1 second(s)

2018-09-28 17:47:18 - [TEST_STEP][PASSED] - waitForElementVisible: Object 'Object Repository/Page_Beauty Box Subscription for Wo/a_Contouring' is visible

2018-09-28 17:47:18 - [MESSAGE][WARNING] - Timeout '0' is invalid. Using default page load timeout: '90'

2018-09-28 17:47:18 - [MESSAGE][PASSED] - Object 'Object Repository/Page_Beauty Box Subscription for Wo/a_Contouring' is visible

2018-09-28 17:47:18 - [TEST_STEP][PASSED] - waitForElementClickable: Object 'Object Repository/Page_Beauty Box Subscription for Wo/a_Contouring' is clickable

2018-09-28 17:47:18 - [MESSAGE][WARNING] - Timeout '0' is invalid. Using default page load timeout: '90'

2018-09-28 17:47:18 - [MESSAGE][PASSED] - Object 'Object Repository/Page_Beauty Box Subscription for Wo/a_Contouring' is clickable

2018-09-28 17:47:18 - [TEST_STEP][PASSED] - click: Object: 'Object Repository/Page_Beauty Box Subscription for Wo/a_Contouring' is clicked on

2018-09-28 17:47:19 - [MESSAGE][PASSED] - Object: 'Object Repository/Page_Beauty Box Subscription for Wo/a_Contouring' is clicked on

2018-09-28 17:47:19 - [TEST_STEP][PASSED] - delay: Delayed 2 second(s)

2018-09-28 17:47:21 - [MESSAGE][PASSED] - Delayed 2 second(s)

2018-09-28 17:47:21 - [TEST_STEP][PASSED] - click: Object: 'Object Repository/Page_Shop Contouring Makeup/svg_ 2018 Birchbox_icon__svg__' is clicked on

2018-09-28 17:47:21 - [MESSAGE][PASSED] - Object: 'Object Repository/Page_Shop Contouring Makeup/svg_ 2018 Birchbox_icon__svg__' is clicked on

2018-09-28 17:47:21 - [TEST_STEP][PASSED] - waitForElementVisible: Object 'Object Repository/Page_Shop Whats New/div_Makeup' is visible

2018-09-28 17:47:21 - [MESSAGE][WARNING] - Timeout '0' is invalid. Using default page load timeout: '90'

2018-09-28 17:47:21 - [MESSAGE][PASSED] - Object 'Object Repository/Page_Shop Whats New/div_Makeup' is visible

2018-09-28 17:47:21 - [TEST_STEP][PASSED] - waitForElementClickable: Object 'Object Repository/Page_Shop Whats New/div_Makeup' is clickable

2018-09-28 17:47:21 - [MESSAGE][WARNING] - Timeout '0' is invalid. Using default page load timeout: '90'

2018-09-28 17:47:21 - [MESSAGE][PASSED] - Object 'Object Repository/Page_Shop Whats New/div_Makeup' is clickable

2018-09-28 17:47:21 - [TEST_STEP][PASSED] - click: Object: 'Object Repository/Page_Shop Contouring Makeup/div_Makeup' is clicked on

2018-09-28 17:47:22 - [MESSAGE][PASSED] - Object: 'Object Repository/Page_Shop Contouring Makeup/div_Makeup' is clicked on

2018-09-28 17:47:22 - [TEST_STEP][PASSED] - click: Object: 'Object Repository/Page_Shop Contouring Makeup/div_Cheek' is clicked on

2018-09-28 17:47:22 - [MESSAGE][PASSED] - Object: 'Object Repository/Page_Shop Contouring Makeup/div_Cheek' is clicked on

2018-09-28 17:47:22 - [TEST_STEP][PASSED] - delay: Delayed 2 second(s)

2018-09-28 17:47:24 - [MESSAGE][PASSED] - Delayed 2 second(s)

2018-09-28 17:47:24 - [TEST_STEP][PASSED] - waitForElementVisible: Object 'Object Repository/Page_Beauty Box Subscription for Wo/a_Cheek Sets  Palettes' is visible

2018-09-28 17:47:24 - [MESSAGE][WARNING] - Timeout '0' is invalid. Using default page load timeout: '90'

2018-09-28 17:47:24 - [MESSAGE][PASSED] - Object 'Object Repository/Page_Beauty Box Subscription for Wo/a_Cheek Sets  Palettes' is visible

2018-09-28 17:47:24 - [TEST_STEP][PASSED] - waitForElementClickable: Object 'Object Repository/Page_Beauty Box Subscription for Wo/a_Cheek Sets  Palettes' is clickable

2018-09-28 17:47:24 - [MESSAGE][WARNING] - Timeout '0' is invalid. Using default page load timeout: '90'

2018-09-28 17:47:24 - [MESSAGE][PASSED] - Object 'Object Repository/Page_Beauty Box Subscription for Wo/a_Cheek Sets  Palettes' is clickable

2018-09-28 17:47:24 - [TEST_STEP][PASSED] - click: Object: 'Object Repository/Page_Beauty Box Subscription for Wo/a_Cheek Sets  Palettes' is clicked on

2018-09-28 17:47:24 - [MESSAGE][PASSED] - Object: 'Object Repository/Page_Beauty Box Subscription for Wo/a_Cheek Sets  Palettes' is clicked on

2018-09-28 17:47:24 - [TEST_STEP][PASSED] - delay: Delayed 2 second(s)

2018-09-28 17:47:26 - [MESSAGE][PASSED] - Delayed 2 second(s)

2018-09-28 17:47:26 - [TEST_STEP][PASSED] - click: Object: 'Object Repository/Page_Shop Makeup Cheek Palettes and/svg_ 2018 Birchbox_icon__svg__' is clicked on

2018-09-28 17:47:27 - [MESSAGE][PASSED] - Object: 'Object Repository/Page_Shop Makeup Cheek Palettes and/svg_ 2018 Birchbox_icon__svg__' is clicked on

2018-09-28 17:47:27 - [TEST_STEP][PASSED] - waitForElementVisible: Object 'Object Repository/Page_Shop Whats New/div_Makeup' is visible

2018-09-28 17:47:27 - [MESSAGE][WARNING] - Timeout '0' is invalid. Using default page load timeout: '90'

2018-09-28 17:47:27 - [MESSAGE][PASSED] - Object 'Object Repository/Page_Shop Whats New/div_Makeup' is visible

2018-09-28 17:47:27 - [TEST_STEP][PASSED] - waitForElementClickable: Object 'Object Repository/Page_Shop Whats New/div_Makeup' is clickable

2018-09-28 17:47:27 - [MESSAGE][WARNING] - Timeout '0' is invalid. Using default page load timeout: '90'

2018-09-28 17:47:27 - [MESSAGE][PASSED] - Object 'Object Repository/Page_Shop Whats New/div_Makeup' is clickable

2018-09-28 17:47:27 - [TEST_STEP][PASSED] - click: Object: 'Object Repository/Page_Shop Makeup Cheek Palettes and/div_Makeup' is clicked on

2018-09-28 17:47:27 - [MESSAGE][PASSED] - Object: 'Object Repository/Page_Shop Makeup Cheek Palettes and/div_Makeup' is clicked on

2018-09-28 17:47:27 - [TEST_STEP][PASSED] - waitForElementVisible: Object 'Object Repository/Page_Shop Makeup Cheek Palettes and/div_Cheek' is visible

2018-09-28 17:47:27 - [MESSAGE][WARNING] - Timeout '0' is invalid. Using default page load timeout: '90'

2018-09-28 17:47:27 - [MESSAGE][PASSED] - Object 'Object Repository/Page_Shop Makeup Cheek Palettes and/div_Cheek' is visible

2018-09-28 17:47:27 - [TEST_STEP][PASSED] - click: Object: 'Object Repository/Page_Shop Makeup Cheek Palettes and/div_Cheek' is clicked on

2018-09-28 17:47:27 - [MESSAGE][PASSED] - Object: 'Object Repository/Page_Shop Makeup Cheek Palettes and/div_Cheek' is clicked on

2018-09-28 17:47:27 - [TEST_STEP][PASSED] - delay: Delayed 1 second(s)

2018-09-28 17:47:28 - [MESSAGE][PASSED] - Delayed 1 second(s)

2018-09-28 17:47:28 - [TEST_STEP][PASSED] - waitForElementVisible: Object 'Object Repository/Page_Beauty Box Subscription for Wo/a_Lip  Cheek Multi-taskers' is visible

2018-09-28 17:47:29 - [MESSAGE][WARNING] - Timeout '0' is invalid. Using default page load timeout: '90'

2018-09-28 17:47:29 - [MESSAGE][PASSED] - Object 'Object Repository/Page_Beauty Box Subscription for Wo/a_Lip  Cheek Multi-taskers' is visible

2018-09-28 17:47:29 - [TEST_STEP][PASSED] - waitForElementClickable: Object 'Object Repository/Page_Beauty Box Subscription for Wo/a_Lip  Cheek Multi-taskers' is clickable

2018-09-28 17:47:29 - [MESSAGE][WARNING] - Timeout '0' is invalid. Using default page load timeout: '90'

2018-09-28 17:47:29 - [MESSAGE][PASSED] - Object 'Object Repository/Page_Beauty Box Subscription for Wo/a_Lip  Cheek Multi-taskers' is clickable

2018-09-28 17:47:29 - [TEST_STEP][PASSED] - click: Object: 'Object Repository/Page_Beauty Box Subscription for Wo/a_Lip  Cheek Multi-taskers' is clicked on

2018-09-28 17:47:29 - [MESSAGE][PASSED] - Object: 'Object Repository/Page_Beauty Box Subscription for Wo/a_Lip  Cheek Multi-taskers' is clicked on

2018-09-28 17:47:29 - [TEST_STEP][PASSED] - delay: Delayed 2 second(s)

2018-09-28 17:47:31 - [MESSAGE][PASSED] - Delayed 2 second(s)

2018-09-28 17:47:31 - [TEST_STEP][PASSED] - click: Object: 'Object Repository/Page_Shop Lip and Cheek Multi-taske/svg_ 2018 Birchbox_icon__svg__' is clicked on

2018-09-28 17:47:31 - [MESSAGE][PASSED] - Object: 'Object Repository/Page_Shop Lip and Cheek Multi-taske/svg_ 2018 Birchbox_icon__svg__' is clicked on

2018-09-28 17:47:31 - [TEST_STEP][PASSED] - waitForElementVisible: Object 'Object Repository/Page_Shop Whats New/div_Makeup' is visible

2018-09-28 17:47:31 - [MESSAGE][WARNING] - Timeout '0' is invalid. Using default page load timeout: '90'

2018-09-28 17:47:31 - [MESSAGE][PASSED] - Object 'Object Repository/Page_Shop Whats New/div_Makeup' is visible

2018-09-28 17:47:31 - [TEST_STEP][PASSED] - waitForElementClickable: Object 'Object Repository/Page_Shop Whats New/div_Makeup' is clickable

2018-09-28 17:47:31 - [MESSAGE][WARNING] - Timeout '0' is invalid. Using default page load timeout: '90'

2018-09-28 17:47:31 - [MESSAGE][PASSED] - Object 'Object Repository/Page_Shop Whats New/div_Makeup' is clickable

2018-09-28 17:47:31 - [TEST_STEP][PASSED] - click: Object: 'Object Repository/Page_Shop Lip and Cheek Multi-taske/div_Makeup' is clicked on

2018-09-28 17:47:32 - [MESSAGE][PASSED] - Object: 'Object Repository/Page_Shop Lip and Cheek Multi-taske/div_Makeup' is clicked on

2018-09-28 17:47:32 - [TEST_STEP][PASSED] - click: Object: 'Object Repository/Page_Shop Lip and Cheek Multi-taske/div_Lip' is clicked on

2018-09-28 17:47:32 - [MESSAGE][PASSED] - Object: 'Object Repository/Page_Shop Lip and Cheek Multi-taske/div_Lip' is clicked on

2018-09-28 17:47:32 - [TEST_STEP][PASSED] - delay: Delayed 1 second(s)

2018-09-28 17:47:33 - [MESSAGE][PASSED] - Delayed 1 second(s)

2018-09-28 17:47:33 - [TEST_STEP][PASSED] - waitForElementVisible: Object 'Object Repository/Page_Beauty Box Subscription for Wo/a_Lipsticks (3)' is visible

2018-09-28 17:47:33 - [MESSAGE][WARNING] - Timeout '0' is invalid. Using default page load timeout: '90'

2018-09-28 17:47:33 - [MESSAGE][PASSED] - Object 'Object Repository/Page_Beauty Box Subscription for Wo/a_Lipsticks (3)' is visible

2018-09-28 17:47:33 - [TEST_STEP][PASSED] - waitForElementClickable: Object 'Object Repository/Page_Beauty Box Subscription for Wo/a_Lipsticks (3)' is clickable

2018-09-28 17:47:33 - [MESSAGE][WARNING] - Timeout '0' is invalid. Using default page load timeout: '90'

2018-09-28 17:47:33 - [MESSAGE][PASSED] - Object 'Object Repository/Page_Beauty Box Subscription for Wo/a_Lipsticks (3)' is clickable

2018-09-28 17:47:33 - [TEST_STEP][PASSED] - click: Object: 'Object Repository/Page_Beauty Box Subscription for Wo/a_Lipsticks (3)' is clicked on

2018-09-28 17:47:34 - [MESSAGE][PASSED] - Object: 'Object Repository/Page_Beauty Box Subscription for Wo/a_Lipsticks (3)' is clicked on

2018-09-28 17:47:34 - [TEST_STEP][PASSED] - delay: Delayed 2 second(s)

2018-09-28 17:47:36 - [MESSAGE][PASSED] - Delayed 2 second(s)

2018-09-28 17:47:36 - [TEST_STEP][PASSED] - click: Object: 'Object Repository/Page_Shop Lipsticks/svg_ 2018 Birchbox_icon__svg__' is clicked on

2018-09-28 17:47:36 - [MESSAGE][PASSED] - Object: 'Object Repository/Page_Shop Lipsticks/svg_ 2018 Birchbox_icon__svg__' is clicked on

2018-09-28 17:47:36 - [TEST_STEP][PASSED] - waitForElementVisible: Object 'Object Repository/Page_Shop Whats New/div_Makeup' is visible

2018-09-28 17:47:36 - [MESSAGE][WARNING] - Timeout '0' is invalid. Using default page load timeout: '90'

2018-09-28 17:47:36 - [MESSAGE][PASSED] - Object 'Object Repository/Page_Shop Whats New/div_Makeup' is visible

2018-09-28 17:47:36 - [TEST_STEP][PASSED] - waitForElementClickable: Object 'Object Repository/Page_Shop Whats New/div_Makeup' is clickable

2018-09-28 17:47:36 - [MESSAGE][WARNING] - Timeout '0' is invalid. Using default page load timeout: '90'

2018-09-28 17:47:36 - [MESSAGE][PASSED] - Object 'Object Repository/Page_Shop Whats New/div_Makeup' is clickable

2018-09-28 17:47:36 - [TEST_STEP][PASSED] - click: Object: 'Object Repository/Page_Shop Lipsticks/div_Makeup' is clicked on

2018-09-28 17:47:37 - [MESSAGE][PASSED] - Object: 'Object Repository/Page_Shop Lipsticks/div_Makeup' is clicked on

2018-09-28 17:47:37 - [TEST_STEP][PASSED] - click: Object: 'Object Repository/Page_Shop Lipsticks/div_Lip' is clicked on

2018-09-28 17:47:37 - [MESSAGE][PASSED] - Object: 'Object Repository/Page_Shop Lipsticks/div_Lip' is clicked on

2018-09-28 17:47:37 - [TEST_STEP][PASSED] - delay: Delayed 1 second(s)

2018-09-28 17:47:38 - [MESSAGE][PASSED] - Delayed 1 second(s)

2018-09-28 17:47:38 - [TEST_STEP][PASSED] - waitForElementVisible: Object 'Object Repository/Page_Beauty Box Subscription for Wo/a_Lip Balms' is visible

2018-09-28 17:47:38 - [MESSAGE][WARNING] - Timeout '0' is invalid. Using default page load timeout: '90'

2018-09-28 17:47:38 - [MESSAGE][PASSED] - Object 'Object Repository/Page_Beauty Box Subscription for Wo/a_Lip Balms' is visible

2018-09-28 17:47:38 - [TEST_STEP][PASSED] - waitForElementClickable: Object 'Object Repository/Page_Beauty Box Subscription for Wo/a_Lip Balms' is clickable

2018-09-28 17:47:38 - [MESSAGE][WARNING] - Timeout '0' is invalid. Using default page load timeout: '90'

2018-09-28 17:47:38 - [MESSAGE][PASSED] - Object 'Object Repository/Page_Beauty Box Subscription for Wo/a_Lip Balms' is clickable

2018-09-28 17:47:38 - [TEST_STEP][PASSED] - click: Object: 'Object Repository/Page_Beauty Box Subscription for Wo/a_Lip Balms' is clicked on

2018-09-28 17:47:38 - [MESSAGE][PASSED] - Object: 'Object Repository/Page_Beauty Box Subscription for Wo/a_Lip Balms' is clicked on

2018-09-28 17:47:38 - [TEST_STEP][PASSED] - delay: Delayed 2 second(s)

2018-09-28 17:47:40 - [MESSAGE][PASSED] - Delayed 2 second(s)

2018-09-28 17:47:40 - [TEST_STEP][PASSED] - click: Object: 'Object Repository/Page_Shop Tinted Lip Balms/svg_ 2018 Birchbox_icon__svg__' is clicked on

2018-09-28 17:47:40 - [MESSAGE][PASSED] - Object: 'Object Repository/Page_Shop Tinted Lip Balms/svg_ 2018 Birchbox_icon__svg__' is clicked on

2018-09-28 17:47:40 - [TEST_STEP][PASSED] - waitForElementVisible: Object 'Object Repository/Page_Shop Whats New/div_Makeup' is visible

2018-09-28 17:47:40 - [MESSAGE][WARNING] - Timeout '0' is invalid. Using default page load timeout: '90'

2018-09-28 17:47:41 - [MESSAGE][PASSED] - Object 'Object Repository/Page_Shop Whats New/div_Makeup' is visible

2018-09-28 17:47:41 - [TEST_STEP][PASSED] - waitForElementClickable: Object 'Object Repository/Page_Shop Whats New/div_Makeup' is clickable

2018-09-28 17:47:41 - [MESSAGE][WARNING] - Timeout '0' is invalid. Using default page load timeout: '90'

2018-09-28 17:47:41 - [MESSAGE][PASSED] - Object 'Object Repository/Page_Shop Whats New/div_Makeup' is clickable

2018-09-28 17:47:41 - [TEST_STEP][PASSED] - click: Object: 'Object Repository/Page_Shop Tinted Lip Balms/div_Makeup' is clicked on

2018-09-28 17:47:41 - [MESSAGE][PASSED] - Object: 'Object Repository/Page_Shop Tinted Lip Balms/div_Makeup' is clicked on

2018-09-28 17:47:41 - [TEST_STEP][PASSED] - click: Object: 'Object Repository/Page_Shop Tinted Lip Balms/div_Lip' is clicked on

2018-09-28 17:47:41 - [MESSAGE][PASSED] - Object: 'Object Repository/Page_Shop Tinted Lip Balms/div_Lip' is clicked on

2018-09-28 17:47:41 - [TEST_STEP][PASSED] - delay: Delayed 1 second(s)

2018-09-28 17:47:42 - [MESSAGE][PASSED] - Delayed 1 second(s)

2018-09-28 17:47:42 - [TEST_STEP][PASSED] - waitForElementVisible: Object 'Object Repository/Page_Beauty Box Subscription for Wo/a_Lip Glosses' is visible

2018-09-28 17:47:42 - [MESSAGE][WARNING] - Timeout '0' is invalid. Using default page load timeout: '90'

2018-09-28 17:47:42 - [MESSAGE][PASSED] - Object 'Object Repository/Page_Beauty Box Subscription for Wo/a_Lip Glosses' is visible

2018-09-28 17:47:42 - [TEST_STEP][PASSED] - waitForElementClickable: Object 'Object Repository/Page_Beauty Box Subscription for Wo/a_Lip Glosses' is clickable

2018-09-28 17:47:42 - [MESSAGE][WARNING] - Timeout '0' is invalid. Using default page load timeout: '90'

2018-09-28 17:47:42 - [MESSAGE][PASSED] - Object 'Object Repository/Page_Beauty Box Subscription for Wo/a_Lip Glosses' is clickable

2018-09-28 17:47:42 - [TEST_STEP][PASSED] - click: Object: 'Object Repository/Page_Beauty Box Subscription for Wo/a_Lip Glosses' is clicked on

2018-09-28 17:47:43 - [MESSAGE][PASSED] - Object: 'Object Repository/Page_Beauty Box Subscription for Wo/a_Lip Glosses' is clicked on

2018-09-28 17:47:43 - [TEST_STEP][PASSED] - delay: Delayed 2 second(s)

2018-09-28 17:47:45 - [MESSAGE][PASSED] - Delayed 2 second(s)

2018-09-28 17:47:45 - [TEST_STEP][PASSED] - click: Object: 'Object Repository/Page_Shop Lip Glosses/svg_ 2018 Birchbox_icon__svg__' is clicked on

2018-09-28 17:47:45 - [MESSAGE][PASSED] - Object: 'Object Repository/Page_Shop Lip Glosses/svg_ 2018 Birchbox_icon__svg__' is clicked on

2018-09-28 17:47:45 - [TEST_STEP][PASSED] - waitForElementVisible: Object 'Object Repository/Page_Shop Whats New/div_Makeup' is visible

2018-09-28 17:47:45 - [MESSAGE][WARNING] - Timeout '0' is invalid. Using default page load timeout: '90'

2018-09-28 17:47:45 - [MESSAGE][PASSED] - Object 'Object Repository/Page_Shop Whats New/div_Makeup' is visible

2018-09-28 17:47:45 - [TEST_STEP][PASSED] - waitForElementClickable: Object 'Object Repository/Page_Shop Whats New/div_Makeup' is clickable

2018-09-28 17:47:45 - [MESSAGE][WARNING] - Timeout '0' is invalid. Using default page load timeout: '90'

2018-09-28 17:47:45 - [MESSAGE][PASSED] - Object 'Object Repository/Page_Shop Whats New/div_Makeup' is clickable

2018-09-28 17:47:45 - [TEST_STEP][PASSED] - click: Object: 'Object Repository/Page_Shop Lip Glosses/div_Makeup' is clicked on

2018-09-28 17:47:45 - [MESSAGE][PASSED] - Object: 'Object Repository/Page_Shop Lip Glosses/div_Makeup' is clicked on

2018-09-28 17:47:45 - [TEST_STEP][PASSED] - click: Object: 'Object Repository/Page_Shop Lip Glosses/div_Lip' is clicked on

2018-09-28 17:47:46 - [MESSAGE][PASSED] - Object: 'Object Repository/Page_Shop Lip Glosses/div_Lip' is clicked on

2018-09-28 17:47:46 - [TEST_STEP][PASSED] - delay: Delayed 1 second(s)

2018-09-28 17:47:47 - [MESSAGE][PASSED] - Delayed 1 second(s)

2018-09-28 17:47:47 - [TEST_STEP][PASSED] - waitForElementVisible: Object 'Object Repository/Page_Beauty Box Subscription for Wo/a_Lip Masks  Treatments' is visible

2018-09-28 17:47:47 - [MESSAGE][WARNING] - Timeout '0' is invalid. Using default page load timeout: '90'

2018-09-28 17:47:47 - [MESSAGE][PASSED] - Object 'Object Repository/Page_Beauty Box Subscription for Wo/a_Lip Masks  Treatments' is visible

2018-09-28 17:47:47 - [TEST_STEP][PASSED] - waitForElementClickable: Object 'Object Repository/Page_Beauty Box Subscription for Wo/a_Lip Masks  Treatments' is clickable

2018-09-28 17:47:47 - [MESSAGE][WARNING] - Timeout '0' is invalid. Using default page load timeout: '90'

2018-09-28 17:47:47 - [MESSAGE][PASSED] - Object 'Object Repository/Page_Beauty Box Subscription for Wo/a_Lip Masks  Treatments' is clickable

2018-09-28 17:47:47 - [TEST_STEP][PASSED] - click: Object: 'Object Repository/Page_Beauty Box Subscription for Wo/a_Lip Masks  Treatments' is clicked on

2018-09-28 17:47:47 - [MESSAGE][PASSED] - Object: 'Object Repository/Page_Beauty Box Subscription for Wo/a_Lip Masks  Treatments' is clicked on

2018-09-28 17:47:47 - [TEST_STEP][PASSED] - delay: Delayed 2 second(s)

2018-09-28 17:47:49 - [MESSAGE][PASSED] - Delayed 2 second(s)

2018-09-28 17:47:49 - [TEST_STEP][PASSED] - click: Object: 'Object Repository/Page_Shop Lip Masks  Lip Treatments/svg_ 2018 Birchbox_icon__svg__' is clicked on

2018-09-28 17:47:49 - [MESSAGE][PASSED] - Object: 'Object Repository/Page_Shop Lip Masks  Lip Treatments/svg_ 2018 Birchbox_icon__svg__' is clicked on

2018-09-28 17:47:49 - [TEST_STEP][PASSED] - waitForElementVisible: Object 'Object Repository/Page_Shop Whats New/div_Makeup' is visible

2018-09-28 17:47:49 - [MESSAGE][WARNING] - Timeout '0' is invalid. Using default page load timeout: '90'

2018-09-28 17:47:49 - [MESSAGE][PASSED] - Object 'Object Repository/Page_Shop Whats New/div_Makeup' is visible

2018-09-28 17:47:49 - [TEST_STEP][PASSED] - waitForElementClickable: Object 'Object Repository/Page_Shop Whats New/div_Makeup' is clickable

2018-09-28 17:47:49 - [MESSAGE][WARNING] - Timeout '0' is invalid. Using default page load timeout: '90'

2018-09-28 17:47:49 - [MESSAGE][PASSED] - Object 'Object Repository/Page_Shop Whats New/div_Makeup' is clickable

2018-09-28 17:47:49 - [TEST_STEP][PASSED] - click: Object: 'Object Repository/Page_Shop Lip Masks  Lip Treatments/div_Makeup' is clicked on

2018-09-28 17:47:50 - [MESSAGE][PASSED] - Object: 'Object Repository/Page_Shop Lip Masks  Lip Treatments/div_Makeup' is clicked on

2018-09-28 17:47:50 - [TEST_STEP][PASSED] - click: Object: 'Object Repository/Page_Shop Lip Masks  Lip Treatments/div_Lip' is clicked on

2018-09-28 17:47:50 - [MESSAGE][PASSED] - Object: 'Object Repository/Page_Shop Lip Masks  Lip Treatments/div_Lip' is clicked on

2018-09-28 17:47:50 - [TEST_STEP][PASSED] - delay: Delayed 1 second(s)

2018-09-28 17:47:51 - [MESSAGE][PASSED] - Delayed 1 second(s)

2018-09-28 17:47:51 - [TEST_STEP][PASSED] - waitForElementVisible: Object 'Object Repository/Page_Beauty Box Subscription for Wo/a_Lip Liners' is visible

2018-09-28 17:47:51 - [MESSAGE][WARNING] - Timeout '0' is invalid. Using default page load timeout: '90'

2018-09-28 17:47:51 - [MESSAGE][PASSED] - Object 'Object Repository/Page_Beauty Box Subscription for Wo/a_Lip Liners' is visible

2018-09-28 17:47:51 - [TEST_STEP][PASSED] - waitForElementClickable: Object 'Object Repository/Page_Beauty Box Subscription for Wo/a_Lip Liners' is clickable

2018-09-28 17:47:51 - [MESSAGE][WARNING] - Timeout '0' is invalid. Using default page load timeout: '90'

2018-09-28 17:47:51 - [MESSAGE][PASSED] - Object 'Object Repository/Page_Beauty Box Subscription for Wo/a_Lip Liners' is clickable

2018-09-28 17:47:51 - [TEST_STEP][PASSED] - click: Object: 'Object Repository/Page_Beauty Box Subscription for Wo/a_Lip Liners' is clicked on

2018-09-28 17:47:51 - [MESSAGE][PASSED] - Object: 'Object Repository/Page_Beauty Box Subscription for Wo/a_Lip Liners' is clicked on

2018-09-28 17:47:51 - [TEST_STEP][PASSED] - delay: Delayed 2 second(s)

2018-09-28 17:47:53 - [MESSAGE][PASSED] - Delayed 2 second(s)

2018-09-28 17:47:53 - [TEST_STEP][PASSED] - click: Object: 'Object Repository/Page_Shop Lip Liner Makeup/svg_ 2018 Birchbox_icon__svg__' is clicked on

2018-09-28 17:47:54 - [MESSAGE][PASSED] - Object: 'Object Repository/Page_Shop Lip Liner Makeup/svg_ 2018 Birchbox_icon__svg__' is clicked on

2018-09-28 17:47:54 - [TEST_STEP][PASSED] - waitForElementVisible: Object 'Object Repository/Page_Shop Whats New/div_Makeup' is visible

2018-09-28 17:47:54 - [MESSAGE][WARNING] - Timeout '0' is invalid. Using default page load timeout: '90'

2018-09-28 17:47:54 - [MESSAGE][PASSED] - Object 'Object Repository/Page_Shop Whats New/div_Makeup' is visible

2018-09-28 17:47:54 - [TEST_STEP][PASSED] - waitForElementClickable: Object 'Object Repository/Page_Shop Whats New/div_Makeup' is clickable

2018-09-28 17:47:54 - [MESSAGE][WARNING] - Timeout '0' is invalid. Using default page load timeout: '90'

2018-09-28 17:47:54 - [MESSAGE][PASSED] - Object 'Object Repository/Page_Shop Whats New/div_Makeup' is clickable

2018-09-28 17:47:54 - [TEST_STEP][PASSED] - click: Object: 'Object Repository/Page_Shop Lip Liner Makeup/div_Makeup' is clicked on

2018-09-28 17:47:54 - [MESSAGE][PASSED] - Object: 'Object Repository/Page_Shop Lip Liner Makeup/div_Makeup' is clicked on

2018-09-28 17:47:54 - [TEST_STEP][PASSED] - click: Object: 'Object Repository/Page_Shop Lip Liner Makeup/div_Lip' is clicked on

2018-09-28 17:47:54 - [MESSAGE][PASSED] - Object: 'Object Repository/Page_Shop Lip Liner Makeup/div_Lip' is clicked on

2018-09-28 17:47:54 - [TEST_STEP][PASSED] - delay: Delayed 1 second(s)

2018-09-28 17:47:55 - [MESSAGE][PASSED] - Delayed 1 second(s)

2018-09-28 17:47:55 - [TEST_STEP][PASSED] - waitForElementVisible: Object 'Object Repository/Page_Beauty Box Subscription for Wo/a_Lip  Cheek Multi-taskers' is visible

2018-09-28 17:47:55 - [MESSAGE][WARNING] - Timeout '0' is invalid. Using default page load timeout: '90'

2018-09-28 17:47:56 - [MESSAGE][PASSED] - Object 'Object Repository/Page_Beauty Box Subscription for Wo/a_Lip  Cheek Multi-taskers' is visible

2018-09-28 17:47:56 - [TEST_STEP][PASSED] - waitForElementClickable: Object 'Object Repository/Page_Beauty Box Subscription for Wo/a_Lip  Cheek Multi-taskers' is clickable

2018-09-28 17:47:56 - [MESSAGE][WARNING] - Timeout '0' is invalid. Using default page load timeout: '90'

2018-09-28 17:47:56 - [MESSAGE][PASSED] - Object 'Object Repository/Page_Beauty Box Subscription for Wo/a_Lip  Cheek Multi-taskers' is clickable

2018-09-28 17:47:56 - [TEST_STEP][PASSED] - click: Object: 'Object Repository/Page_Beauty Box Subscription for Wo/a_Lip  Cheek Multi-taskers' is clicked on

2018-09-28 17:47:56 - [MESSAGE][PASSED] - Object: 'Object Repository/Page_Beauty Box Subscription for Wo/a_Lip  Cheek Multi-taskers' is clicked on

2018-09-28 17:47:56 - [TEST_STEP][PASSED] - delay: Delayed 2 second(s)

2018-09-28 17:47:58 - [MESSAGE][PASSED] - Delayed 2 second(s)

2018-09-28 17:47:58 - [TEST_STEP][PASSED] - click: Object: 'Object Repository/Page_Shop Lip and Cheek Multi-taske/svg_ 2018 Birchbox_icon__svg__' is clicked on

2018-09-28 17:47:58 - [MESSAGE][PASSED] - Object: 'Object Repository/Page_Shop Lip and Cheek Multi-taske/svg_ 2018 Birchbox_icon__svg__' is clicked on

2018-09-28 17:47:58 - [TEST_STEP][PASSED] - waitForElementVisible: Object 'Object Repository/Page_Shop Whats New/div_Makeup' is visible

2018-09-28 17:47:58 - [MESSAGE][WARNING] - Timeout '0' is invalid. Using default page load timeout: '90'

2018-09-28 17:47:58 - [MESSAGE][PASSED] - Object 'Object Repository/Page_Shop Whats New/div_Makeup' is visible

2018-09-28 17:47:58 - [TEST_STEP][PASSED] - waitForElementClickable: Object 'Object Repository/Page_Shop Whats New/div_Makeup' is clickable

2018-09-28 17:47:58 - [MESSAGE][WARNING] - Timeout '0' is invalid. Using default page load timeout: '90'

2018-09-28 17:47:58 - [MESSAGE][PASSED] - Object 'Object Repository/Page_Shop Whats New/div_Makeup' is clickable

2018-09-28 17:47:58 - [TEST_STEP][PASSED] - click: Object: 'Object Repository/Page_Shop Lip and Cheek Multi-taske/div_Makeup' is clicked on

2018-09-28 17:47:59 - [MESSAGE][PASSED] - Object: 'Object Repository/Page_Shop Lip and Cheek Multi-taske/div_Makeup' is clicked on

2018-09-28 17:47:59 - [TEST_STEP][PASSED] - click: Object: 'Object Repository/Page_Shop Lip and Cheek Multi-taske/div_Lip' is clicked on

2018-09-28 17:47:59 - [MESSAGE][PASSED] - Object: 'Object Repository/Page_Shop Lip and Cheek Multi-taske/div_Lip' is clicked on

2018-09-28 17:47:59 - [TEST_STEP][PASSED] - delay: Delayed 2 second(s)

2018-09-28 17:48:01 - [MESSAGE][PASSED] - Delayed 2 second(s)

2018-09-28 17:48:01 - [TEST_STEP][PASSED] - waitForElementVisible: Object 'Object Repository/Page_Beauty Box Subscription for Wo/a_Lip Sets  Palettes' is visible

2018-09-28 17:48:01 - [MESSAGE][WARNING] - Timeout '0' is invalid. Using default page load timeout: '90'

2018-09-28 17:48:01 - [MESSAGE][PASSED] - Object 'Object Repository/Page_Beauty Box Subscription for Wo/a_Lip Sets  Palettes' is visible

2018-09-28 17:48:01 - [TEST_STEP][PASSED] - waitForElementClickable: Object 'Object Repository/Page_Beauty Box Subscription for Wo/a_Lip Sets  Palettes' is clickable

2018-09-28 17:48:01 - [MESSAGE][WARNING] - Timeout '0' is invalid. Using default page load timeout: '90'

2018-09-28 17:48:01 - [MESSAGE][PASSED] - Object 'Object Repository/Page_Beauty Box Subscription for Wo/a_Lip Sets  Palettes' is clickable

2018-09-28 17:48:01 - [TEST_STEP][PASSED] - click: Object: 'Object Repository/Page_Beauty Box Subscription for Wo/a_Lip Sets  Palettes' is clicked on

2018-09-28 17:48:01 - [MESSAGE][PASSED] - Object: 'Object Repository/Page_Beauty Box Subscription for Wo/a_Lip Sets  Palettes' is clicked on

2018-09-28 17:48:01 - [TEST_STEP][PASSED] - delay: Delayed 2 second(s)

2018-09-28 17:48:03 - [MESSAGE][PASSED] - Delayed 2 second(s)

2018-09-28 17:48:03 - [TEST_STEP][PASSED] - click: Object: 'Object Repository/Page_Shop Lip Makeup Sets  Lip Pale/svg_ 2018 Birchbox_icon__svg__' is clicked on

2018-09-28 17:48:03 - [MESSAGE][PASSED] - Object: 'Object Repository/Page_Shop Lip Makeup Sets  Lip Pale/svg_ 2018 Birchbox_icon__svg__' is clicked on

2018-09-28 17:48:03 - [TEST_STEP][PASSED] - waitForElementVisible: Object 'Object Repository/Page_Shop Whats New/div_Makeup' is visible

2018-09-28 17:48:03 - [MESSAGE][WARNING] - Timeout '0' is invalid. Using default page load timeout: '90'

2018-09-28 17:48:03 - [MESSAGE][PASSED] - Object 'Object Repository/Page_Shop Whats New/div_Makeup' is visible

2018-09-28 17:48:03 - [TEST_STEP][PASSED] - waitForElementClickable: Object 'Object Repository/Page_Shop Whats New/div_Makeup' is clickable

2018-09-28 17:48:03 - [MESSAGE][WARNING] - Timeout '0' is invalid. Using default page load timeout: '90'

2018-09-28 17:48:03 - [MESSAGE][PASSED] - Object 'Object Repository/Page_Shop Whats New/div_Makeup' is clickable

2018-09-28 17:48:03 - [TEST_STEP][PASSED] - click: Object: 'Object Repository/Page_Shop Lip Makeup Sets  Lip Pale/div_Makeup' is clicked on

2018-09-28 17:48:04 - [MESSAGE][PASSED] - Object: 'Object Repository/Page_Shop Lip Makeup Sets  Lip Pale/div_Makeup' is clicked on

2018-09-28 17:48:04 - [TEST_STEP][PASSED] - delay: Delayed 1 second(s)

2018-09-28 17:48:05 - [MESSAGE][PASSED] - Delayed 1 second(s)

2018-09-28 17:48:05 - [TEST_STEP][PASSED] - waitForElementVisible: Object 'Object Repository/Page_Shop Lip Makeup Sets  Lip Pale/a_Best Sellers' is visible

2018-09-28 17:48:05 - [MESSAGE][WARNING] - Timeout '0' is invalid. Using default page load timeout: '90'

2018-09-28 17:48:05 - [MESSAGE][PASSED] - Object 'Object Repository/Page_Shop Lip Makeup Sets  Lip Pale/a_Best Sellers' is visible

2018-09-28 17:48:05 - [TEST_STEP][PASSED] - waitForElementClickable: Object 'Object Repository/Page_Shop Lip Makeup Sets  Lip Pale/a_Best Sellers' is clickable

2018-09-28 17:48:05 - [MESSAGE][WARNING] - Timeout '0' is invalid. Using default page load timeout: '90'

2018-09-28 17:48:05 - [MESSAGE][PASSED] - Object 'Object Repository/Page_Shop Lip Makeup Sets  Lip Pale/a_Best Sellers' is clickable

2018-09-28 17:48:05 - [TEST_STEP][PASSED] - click: Object: 'Object Repository/Page_Shop Lip Makeup Sets  Lip Pale/a_Best Sellers' is clicked on

2018-09-28 17:48:05 - [MESSAGE][PASSED] - Object: 'Object Repository/Page_Shop Lip Makeup Sets  Lip Pale/a_Best Sellers' is clicked on

2018-09-28 17:48:05 - [TEST_STEP][PASSED] - delay: Delayed 2 second(s)

2018-09-28 17:48:07 - [MESSAGE][PASSED] - Delayed 2 second(s)

2018-09-28 17:48:07 - [TEST_STEP][PASSED] - click: Object: 'Object Repository/Page_Shop Makeup Best Sellers/svg_ 2018 Birchbox_icon__svg__' is clicked on

2018-09-28 17:48:07 - [MESSAGE][PASSED] - Object: 'Object Repository/Page_Shop Makeup Best Sellers/svg_ 2018 Birchbox_icon__svg__' is clicked on

2018-09-28 17:48:07 - [TEST_STEP][PASSED] - waitForElementVisible: Object 'Object Repository/Page_Shop Whats New/div_Makeup' is visible

2018-09-28 17:48:07 - [MESSAGE][WARNING] - Timeout '0' is invalid. Using default page load timeout: '90'

2018-09-28 17:48:07 - [MESSAGE][PASSED] - Object 'Object Repository/Page_Shop Whats New/div_Makeup' is visible

2018-09-28 17:48:07 - [TEST_STEP][PASSED] - waitForElementClickable: Object 'Object Repository/Page_Shop Whats New/div_Makeup' is clickable

2018-09-28 17:48:07 - [MESSAGE][WARNING] - Timeout '0' is invalid. Using default page load timeout: '90'

2018-09-28 17:48:07 - [MESSAGE][PASSED] - Object 'Object Repository/Page_Shop Whats New/div_Makeup' is clickable

2018-09-28 17:48:07 - [TEST_STEP][PASSED] - click: Object: 'Object Repository/Page_Shop Makeup Best Sellers/div_Makeup' is clicked on

2018-09-28 17:48:08 - [MESSAGE][PASSED] - Object: 'Object Repository/Page_Shop Makeup Best Sellers/div_Makeup' is clicked on

2018-09-28 17:48:08 - [TEST_STEP][PASSED] - delay: Delayed 1 second(s)

2018-09-28 17:48:09 - [MESSAGE][PASSED] - Delayed 1 second(s)

2018-09-28 17:48:09 - [TEST_STEP][PASSED] - waitForElementVisible: Object 'Object Repository/Page_Shop Makeup Best Sellers/a_Makeup Sets' is visible

2018-09-28 17:48:09 - [MESSAGE][WARNING] - Timeout '0' is invalid. Using default page load timeout: '90'

2018-09-28 17:48:09 - [MESSAGE][PASSED] - Object 'Object Repository/Page_Shop Makeup Best Sellers/a_Makeup Sets' is visible

2018-09-28 17:48:09 - [TEST_STEP][PASSED] - click: Object: 'Object Repository/Page_Shop Makeup Best Sellers/a_Makeup Sets' is clicked on

2018-09-28 17:48:09 - [MESSAGE][PASSED] - Object: 'Object Repository/Page_Shop Makeup Best Sellers/a_Makeup Sets' is clicked on

2018-09-28 17:48:09 - [TEST_STEP][PASSED] - delay: Delayed 2 second(s)

2018-09-28 17:48:11 - [MESSAGE][PASSED] - Delayed 2 second(s)

2018-09-28 17:48:11 - [TEST_STEP][PASSED] - click: Object: 'Object Repository/Page_Shop Makeup Sets/svg_ 2018 Birchbox_icon__svg__' is clicked on

2018-09-28 17:48:11 - [MESSAGE][PASSED] - Object: 'Object Repository/Page_Shop Makeup Sets/svg_ 2018 Birchbox_icon__svg__' is clicked on

2018-09-28 17:48:11 - [TEST_STEP][PASSED] - waitForElementVisible: Object 'Object Repository/Page_Shop Whats New/div_Makeup' is visible

2018-09-28 17:48:11 - [MESSAGE][WARNING] - Timeout '0' is invalid. Using default page load timeout: '90'

2018-09-28 17:48:11 - [MESSAGE][PASSED] - Object 'Object Repository/Page_Shop Whats New/div_Makeup' is visible

2018-09-28 17:48:11 - [TEST_STEP][PASSED] - click: Object: 'Object Repository/Page_Shop Makeup Sets/div_Makeup' is clicked on

2018-09-28 17:48:11 - [MESSAGE][PASSED] - Object: 'Object Repository/Page_Shop Makeup Sets/div_Makeup' is clicked on

2018-09-28 17:48:11 - [TEST_STEP][PASSED] - delay: Delayed 1 second(s)

2018-09-28 17:48:12 - [MESSAGE][PASSED] - Delayed 1 second(s)

2018-09-28 17:48:12 - [TEST_STEP][PASSED] - waitForElementVisible: Object 'Object Repository/Page_Shop Makeup Sets/a_Makeup Brushes  Tools' is visible

2018-09-28 17:48:12 - [MESSAGE][WARNING] - Timeout '0' is invalid. Using default page load timeout: '90'

2018-09-28 17:48:13 - [MESSAGE][PASSED] - Object 'Object Repository/Page_Shop Makeup Sets/a_Makeup Brushes  Tools' is visible

2018-09-28 17:48:13 - [TEST_STEP][PASSED] - waitForElementClickable: Object 'Object Repository/Page_Shop Makeup Sets/a_Makeup Brushes  Tools' is clickable

2018-09-28 17:48:13 - [MESSAGE][WARNING] - Timeout '0' is invalid. Using default page load timeout: '90'

2018-09-28 17:48:13 - [MESSAGE][PASSED] - Object 'Object Repository/Page_Shop Makeup Sets/a_Makeup Brushes  Tools' is clickable

2018-09-28 17:48:13 - [TEST_STEP][PASSED] - click: Object: 'Object Repository/Page_Shop Makeup Sets/a_Makeup Brushes  Tools' is clicked on

2018-09-28 17:48:13 - [MESSAGE][PASSED] - Object: 'Object Repository/Page_Shop Makeup Sets/a_Makeup Brushes  Tools' is clicked on

2018-09-28 17:48:13 - [TEST_STEP][PASSED] - delay: Delayed 3 second(s)

2018-09-28 17:48:16 - [MESSAGE][PASSED] - Delayed 3 second(s)

2018-09-28 17:48:16 - [TEST_STEP][PASSED] - waitForElementVisible: Object 'Object Repository/Page_Shop Makeup Brushes and Makeup/svg_ 2018 Birchbox_icon__svg__' is visible

2018-09-28 17:48:16 - [MESSAGE][WARNING] - Timeout '0' is invalid. Using default page load timeout: '90'

2018-09-28 17:48:16 - [MESSAGE][PASSED] - Object 'Object Repository/Page_Shop Makeup Brushes and Makeup/svg_ 2018 Birchbox_icon__svg__' is visible

2018-09-28 17:48:16 - [TEST_STEP][PASSED] - waitForElementClickable: Object 'Object Repository/Page_Shop Makeup Brushes and Makeup/svg_ 2018 Birchbox_icon__svg__' is clickable

2018-09-28 17:48:16 - [MESSAGE][WARNING] - Timeout '0' is invalid. Using default page load timeout: '90'

2018-09-28 17:48:16 - [MESSAGE][PASSED] - Object 'Object Repository/Page_Shop Makeup Brushes and Makeup/svg_ 2018 Birchbox_icon__svg__' is clickable

2018-09-28 17:48:16 - [TEST_STEP][PASSED] - click: Object: 'Object Repository/Page_Shop Makeup Brushes and Makeup/svg_ 2018 Birchbox_icon__svg__' is clicked on

2018-09-28 17:48:16 - [MESSAGE][PASSED] - Object: 'Object Repository/Page_Shop Makeup Brushes and Makeup/svg_ 2018 Birchbox_icon__svg__' is clicked on

2018-09-28 17:48:16 - [TEST_STEP][PASSED] - waitForElementVisible: Object 'Object Repository/Page_Shop Whats New/div_Makeup' is visible

2018-09-28 17:48:16 - [MESSAGE][WARNING] - Timeout '0' is invalid. Using default page load timeout: '90'

2018-09-28 17:48:16 - [MESSAGE][PASSED] - Object 'Object Repository/Page_Shop Whats New/div_Makeup' is visible

2018-09-28 17:48:16 - [TEST_STEP][PASSED] - waitForElementClickable: Object 'Object Repository/Page_Shop Whats New/div_Makeup' is clickable

2018-09-28 17:48:16 - [MESSAGE][WARNING] - Timeout '0' is invalid. Using default page load timeout: '90'

2018-09-28 17:48:16 - [MESSAGE][PASSED] - Object 'Object Repository/Page_Shop Whats New/div_Makeup' is clickable

2018-09-28 17:48:16 - [TEST_STEP][PASSED] - click: Object: 'Object Repository/Page_Shop Makeup Brushes and Makeup/div_Makeup' is clicked on

2018-09-28 17:48:16 - [MESSAGE][PASSED] - Object: 'Object Repository/Page_Shop Makeup Brushes and Makeup/div_Makeup' is clicked on

2018-09-28 17:48:16 - [TEST_STEP][PASSED] - delay: Delayed 1 second(s)

2018-09-28 17:48:17 - [MESSAGE][PASSED] - Delayed 1 second(s)

2018-09-28 17:48:17 - [TEST_STEP][PASSED] - waitForElementVisible: Object 'Object Repository/Page_Shop Makeup Brushes and Makeup/a_Makeup Removers' is visible

2018-09-28 17:48:18 - [MESSAGE][WARNING] - Timeout '0' is invalid. Using default page load timeout: '90'

2018-09-28 17:48:18 - [MESSAGE][PASSED] - Object 'Object Repository/Page_Shop Makeup Brushes and Makeup/a_Makeup Removers' is visible

2018-09-28 17:48:18 - [TEST_STEP][PASSED] - waitForElementClickable: Object 'Object Repository/Page_Shop Makeup Brushes and Makeup/a_Makeup Removers' is clickable

2018-09-28 17:48:18 - [MESSAGE][WARNING] - Timeout '0' is invalid. Using default page load timeout: '90'

2018-09-28 17:48:18 - [MESSAGE][PASSED] - Object 'Object Repository/Page_Shop Makeup Brushes and Makeup/a_Makeup Removers' is clickable

2018-09-28 17:48:18 - [TEST_STEP][PASSED] - click: Object: 'Object Repository/Page_Shop Makeup Brushes and Makeup/a_Makeup Removers' is clicked on

2018-09-28 17:48:18 - [MESSAGE][PASSED] - Object: 'Object Repository/Page_Shop Makeup Brushes and Makeup/a_Makeup Removers' is clicked on

2018-09-28 17:48:18 - [TEST_STEP][PASSED] - delay: Delayed 2 second(s)

2018-09-28 17:48:20 - [MESSAGE][PASSED] - Delayed 2 second(s)

2018-09-28 17:48:20 - [TEST_STEP][PASSED] - click: Object: 'Object Repository/Page_Shop Makeup Removers/svg_ 2018 Birchbox_icon__svg__' is clicked on

2018-09-28 17:48:20 - [MESSAGE][PASSED] - Object: 'Object Repository/Page_Shop Makeup Removers/svg_ 2018 Birchbox_icon__svg__' is clicked on

2018-09-28 17:48:20 - [TEST_STEP][PASSED] - waitForElementVisible: Object 'Object Repository/Page_Shop Whats New/div_Makeup' is visible

2018-09-28 17:48:20 - [MESSAGE][WARNING] - Timeout '0' is invalid. Using default page load timeout: '90'

2018-09-28 17:48:20 - [MESSAGE][PASSED] - Object 'Object Repository/Page_Shop Whats New/div_Makeup' is visible

2018-09-28 17:48:20 - [TEST_STEP][PASSED] - waitForElementClickable: Object 'Object Repository/Page_Shop Whats New/div_Makeup' is clickable

2018-09-28 17:48:20 - [MESSAGE][WARNING] - Timeout '0' is invalid. Using default page load timeout: '90'

2018-09-28 17:48:20 - [MESSAGE][PASSED] - Object 'Object Repository/Page_Shop Whats New/div_Makeup' is clickable

2018-09-28 17:48:20 - [TEST_STEP][PASSED] - click: Object: 'Object Repository/Page_Shop Makeup Removers/div_Makeup' is clicked on

2018-09-28 17:48:20 - [MESSAGE][PASSED] - Object: 'Object Repository/Page_Shop Makeup Removers/div_Makeup' is clicked on

2018-09-28 17:48:20 - [TEST_STEP][PASSED] - delay: Delayed 1 second(s)

2018-09-28 17:48:21 - [MESSAGE][PASSED] - Delayed 1 second(s)

2018-09-28 17:48:21 - [TEST_STEP][PASSED] - waitForElementVisible: Web element with id: 'Object Repository/Page_Shop Makeup Removers/a_Gifts with Purchase' located by 'By.xpath: //*[@class = 'LinkGroup__StyledLink-gFFnXB typography__copy13___2sIAt bLpdAf StyledLink-khUpca ddtewq' and (text() = 'Gifts with Purchase' or . = 'Gifts with Purchase')]' not found

2018-09-28 17:48:21 - [MESSAGE][WARNING] - Timeout '0' is invalid. Using default page load timeout: '90'

2018-09-28 17:49:56 - [MESSAGE][WARNING] - Web element with id: 'Object Repository/Page_Shop Makeup Removers/a_Gifts with Purchase' located by 'By.xpath: //*[@class = 'LinkGroup__StyledLink-gFFnXB typography__copy13___2sIAt bLpdAf StyledLink-khUpca ddtewq' and (text() = 'Gifts with Purchase' or . = 'Gifts with Purchase')]' not found

2018-09-28 17:49:56 - [TEST_STEP][PASSED] - waitForElementClickable: Object 'Object Repository/Page_Shop Makeup Removers/a_Gifts with Purchase' is clickable

2018-09-28 17:49:56 - [MESSAGE][WARNING] - Timeout '0' is invalid. Using default page load timeout: '90'

2018-09-28 17:49:56 - [MESSAGE][PASSED] - Object 'Object Repository/Page_Shop Makeup Removers/a_Gifts with Purchase' is clickable

2018-09-28 17:49:56 - [TEST_STEP][PASSED] - click: Object: 'Object Repository/Page_Shop Makeup Removers/a_Gifts with Purchase' is clicked on

2018-09-28 17:49:56 - [MESSAGE][PASSED] - Object: 'Object Repository/Page_Shop Makeup Removers/a_Gifts with Purchase' is clicked on

2018-09-28 17:49:56 - [TEST_STEP][PASSED] - delay: Delayed 2 second(s)

2018-09-28 17:49:58 - [MESSAGE][PASSED] - Delayed 2 second(s)

2018-09-28 17:49:58 - [TEST_STEP][PASSED] - click: Object: 'Object Repository/Page_Beauty Box Subscription for Wo/svg_ 2018 Birchbox_icon__svg__' is clicked on

2018-09-28 17:49:58 - [MESSAGE][PASSED] - Object: 'Object Repository/Page_Beauty Box Subscription for Wo/svg_ 2018 Birchbox_icon__svg__' is clicked on

2018-09-28 17:49:58 - [TEST_STEP][PASSED] - waitForElementVisible: Object 'Object Repository/Page_Shop Whats New/div_Makeup' is visible

2018-09-28 17:49:58 - [MESSAGE][WARNING] - Timeout '0' is invalid. Using default page load timeout: '90'

2018-09-28 17:49:59 - [MESSAGE][PASSED] - Object 'Object Repository/Page_Shop Whats New/div_Makeup' is visible

2018-09-28 17:49:59 - [TEST_STEP][PASSED] - waitForElementClickable: Object 'Object Repository/Page_Shop Whats New/div_Makeup' is clickable

2018-09-28 17:49:59 - [MESSAGE][WARNING] - Timeout '0' is invalid. Using default page load timeout: '90'

2018-09-28 17:49:59 - [MESSAGE][PASSED] - Object 'Object Repository/Page_Shop Whats New/div_Makeup' is clickable

2018-09-28 17:49:59 - [TEST_STEP][PASSED] - click: Object: 'Object Repository/Page_Beauty Box Subscription for Wo/div_Makeup' is clicked on

2018-09-28 17:49:59 - [MESSAGE][PASSED] - Object: 'Object Repository/Page_Beauty Box Subscription for Wo/div_Makeup' is clicked on

2018-09-28 17:49:59 - [TEST_STEP][PASSED] - delay: Delayed 1 second(s)

2018-09-28 17:50:00 - [MESSAGE][PASSED] - Delayed 1 second(s)

2018-09-28 17:50:00 - [TEST_STEP][PASSED] - waitForElementVisible: Object 'Object Repository/Page_Beauty Box Subscription for Wo/div_See all Makeup (1)' is visible

2018-09-28 17:50:00 - [MESSAGE][WARNING] - Timeout '0' is invalid. Using default page load timeout: '90'

2018-09-28 17:50:00 - [MESSAGE][PASSED] - Object 'Object Repository/Page_Beauty Box Subscription for Wo/div_See all Makeup (1)' is visible

2018-09-28 17:50:00 - [TEST_STEP][PASSED] - waitForElementClickable: Object 'Object Repository/Page_Beauty Box Subscription for Wo/div_See all Makeup (1)' is clickable

2018-09-28 17:50:00 - [MESSAGE][WARNING] - Timeout '0' is invalid. Using default page load timeout: '90'

2018-09-28 17:50:00 - [MESSAGE][PASSED] - Object 'Object Repository/Page_Beauty Box Subscription for Wo/div_See all Makeup (1)' is clickable

2018-09-28 17:50:00 - [TEST_STEP][PASSED] - click: Object: 'Object Repository/Page_Beauty Box Subscription for Wo/div_See all Makeup (1)' is clicked on

2018-09-28 17:50:00 - [MESSAGE][PASSED] - Object: 'Object Repository/Page_Beauty Box Subscription for Wo/div_See all Makeup (1)' is clicked on]]></system-out>
         <system-err><![CDATA[]]></system-err>
      </testcase>
      <testcase name="Test Cases/US mobile test/Test all Shop top-level categories for Womens Shop (Hair)" classname="Test Cases/US mobile test/Test all Shop top-level categories for Womens Shop (Hair)" status="FAILED">
         <failure type="FAILED" message="(Stack trace: com.kms.katalon.core.exception.StepFailedException: Unable to click on object 'Object Repository/Page_Beauty Box Subscription for Wo/a_Best Sellers' (Root cause: com.kms.katalon.core.webui.exception.WebElementNotFoundException: Web element with id: 'Object Repository/Page_Beauty Box Subscription for Wo/a_Best Sellers' located by 'By.xpath: id(&quot;root&quot;)/div[@class=&quot;app__container___1iszn undefined&quot;]/div[@class=&quot;Drawer__OuterDiv-fQULRK utilities__cover___WKDvY jxeJTN&quot;]/div[@class=&quot;Drawer__InnerDiv-QSCgb jfPdeQ&quot;]/div[@class=&quot;DrawerDiv-ihhGLG ZybrZ&quot;]/div[@class=&quot;TransitionContainer__NarrowScrollDiv-dvmQNx hDoneZ&quot;]/div[1]/div[1]/div[@class=&quot;utilities__relative___1GEg3&quot;]/div[@class=&quot;DepartmentMenuNarrow__OuterDiv-krOToT jjqXTN&quot;]/div[@class=&quot;LinkGroupBlock__OuterDiv-jdLeUj cQPGbl&quot;]/div[@class=&quot;LinkGroup__ContainerDiv-iTTNCg hbgMun&quot;]/a[@class=&quot;LinkGroup__StyledLink-gFFnXB typography__copy13___2sIAt bLpdAf StyledLink-khUpca ddtewq&quot;][count(. | //a[@href = '/category/820']) = count(//a[@href = '/category/820'])]' not found)
	at com.kms.katalon.core.keyword.internal.KeywordMain.stepFailed(KeywordMain.groovy:36)
	at com.kms.katalon.core.webui.keyword.internal.WebUIKeywordMain.stepFailed(WebUIKeywordMain.groovy:65)
	at com.kms.katalon.core.webui.keyword.internal.WebUIKeywordMain.runKeyword(WebUIKeywordMain.groovy:27)
	at com.kms.katalon.core.webui.keyword.builtin.ClickKeyword.click(ClickKeyword.groovy:86)
	at com.kms.katalon.core.webui.keyword.builtin.ClickKeyword.execute(ClickKeyword.groovy:67)
	at com.kms.katalon.core.keyword.internal.KeywordExecutor.executeKeywordForPlatform(KeywordExecutor.groovy:53)
	at com.kms.katalon.core.webui.keyword.WebUiBuiltInKeywords.click(WebUiBuiltInKeywords.groovy:616)
	at com.kms.katalon.core.webui.keyword.WebUiBuiltInKeywords$click$4.call(Unknown Source)
	at org.codehaus.groovy.runtime.callsite.CallSiteArray.defaultCall(CallSiteArray.java:48)
	at org.codehaus.groovy.runtime.callsite.AbstractCallSite.call(AbstractCallSite.java:113)
	at org.codehaus.groovy.runtime.callsite.AbstractCallSite.call(AbstractCallSite.java:125)
	at Script1536614341005.run(Script1536614341005.groovy:480)
	at com.kms.katalon.core.main.ScriptEngine.run(ScriptEngine.java:183)
	at com.kms.katalon.core.main.ScriptEngine.runScriptAsRawText(ScriptEngine.java:108)
	at com.kms.katalon.core.main.TestCaseExecutor.runScript(TestCaseExecutor.java:294)
	at com.kms.katalon.core.main.TestCaseExecutor.doExecute(TestCaseExecutor.java:285)
	at com.kms.katalon.core.main.TestCaseExecutor.processExecutionPhase(TestCaseExecutor.java:264)
	at com.kms.katalon.core.main.TestCaseExecutor.accessMainPhase(TestCaseExecutor.java:256)
	at com.kms.katalon.core.main.TestCaseExecutor.execute(TestCaseExecutor.java:200)
	at com.kms.katalon.core.main.TestSuiteExecutor.accessTestCaseMainPhase(TestSuiteExecutor.java:129)
	at com.kms.katalon.core.main.TestSuiteExecutor.accessTestSuiteMainPhase(TestSuiteExecutor.java:112)
	at com.kms.katalon.core.main.TestSuiteExecutor.execute(TestSuiteExecutor.java:81)
	at com.kms.katalon.core.main.TestCaseMain.startTestSuite(TestCaseMain.java:142)
	at com.kms.katalon.core.main.TestCaseMain$startTestSuite$0.call(Unknown Source)
	at org.codehaus.groovy.runtime.callsite.CallSiteArray.defaultCall(CallSiteArray.java:48)
	at org.codehaus.groovy.runtime.callsite.AbstractCallSite.call(AbstractCallSite.java:113)
	at org.codehaus.groovy.runtime.callsite.AbstractCallSite.call(AbstractCallSite.java:141)
	at TempTestSuite1538181848080.run(TempTestSuite1538181848080.groovy:36)
	at groovy.lang.GroovyShell.runScriptOrMainOrTestOrRunnable(GroovyShell.java:263)
	at groovy.lang.GroovyShell.run(GroovyShell.java:518)
	at groovy.lang.GroovyShell.run(GroovyShell.java:507)
	at groovy.ui.GroovyMain.processOnce(GroovyMain.java:653)
	at groovy.ui.GroovyMain.run(GroovyMain.java:384)
	at groovy.ui.GroovyMain.process(GroovyMain.java:370)
	at groovy.ui.GroovyMain.processArgs(GroovyMain.java:129)
	at groovy.ui.GroovyMain.main(GroovyMain.java:109)
	at sun.reflect.NativeMethodAccessorImpl.invoke0(Native Method)
	at sun.reflect.NativeMethodAccessorImpl.invoke(NativeMethodAccessorImpl.java:62)
	at sun.reflect.DelegatingMethodAccessorImpl.invoke(DelegatingMethodAccessorImpl.java:43)
	at java.lang.reflect.Method.invoke(Method.java:498)
	at org.codehaus.groovy.tools.GroovyStarter.rootLoader(GroovyStarter.java:109)
	at org.codehaus.groovy.tools.GroovyStarter.main(GroovyStarter.java:131)
)"/>
         <system-out><![CDATA[2018-09-28 17:50:00 - [TEST_CASE][FAILED] - Test Cases/US mobile test/Test all Shop top-level categories for Womens Shop (Hair): Test Cases/US mobile test/Test all Shop top-level categories for Womens Shop (Hair) FAILED because (of) (Stack trace: com.kms.katalon.core.exception.StepFailedException: Unable to click on object 'Object Repository/Page_Beauty Box Subscription for Wo/a_Best Sellers' (Root cause: com.kms.katalon.core.webui.exception.WebElementNotFoundException: Web element with id: 'Object Repository/Page_Beauty Box Subscription for Wo/a_Best Sellers' located by 'By.xpath: id("root")/div[@class="app__container___1iszn undefined"]/div[@class="Drawer__OuterDiv-fQULRK utilities__cover___WKDvY jxeJTN"]/div[@class="Drawer__InnerDiv-QSCgb jfPdeQ"]/div[@class="DrawerDiv-ihhGLG ZybrZ"]/div[@class="TransitionContainer__NarrowScrollDiv-dvmQNx hDoneZ"]/div[1]/div[1]/div[@class="utilities__relative___1GEg3"]/div[@class="DepartmentMenuNarrow__OuterDiv-krOToT jjqXTN"]/div[@class="LinkGroupBlock__OuterDiv-jdLeUj cQPGbl"]/div[@class="LinkGroup__ContainerDiv-iTTNCg hbgMun"]/a[@class="LinkGroup__StyledLink-gFFnXB typography__copy13___2sIAt bLpdAf StyledLink-khUpca ddtewq"][count(. | //a[@href = '/category/820']) = count(//a[@href = '/category/820'])]' not found)
	at com.kms.katalon.core.keyword.internal.KeywordMain.stepFailed(KeywordMain.groovy:36)
	at com.kms.katalon.core.webui.keyword.internal.WebUIKeywordMain.stepFailed(WebUIKeywordMain.groovy:65)
	at com.kms.katalon.core.webui.keyword.internal.WebUIKeywordMain.runKeyword(WebUIKeywordMain.groovy:27)
	at com.kms.katalon.core.webui.keyword.builtin.ClickKeyword.click(ClickKeyword.groovy:86)
	at com.kms.katalon.core.webui.keyword.builtin.ClickKeyword.execute(ClickKeyword.groovy:67)
	at com.kms.katalon.core.keyword.internal.KeywordExecutor.executeKeywordForPlatform(KeywordExecutor.groovy:53)
	at com.kms.katalon.core.webui.keyword.WebUiBuiltInKeywords.click(WebUiBuiltInKeywords.groovy:616)
	at com.kms.katalon.core.webui.keyword.WebUiBuiltInKeywords$click$4.call(Unknown Source)
	at org.codehaus.groovy.runtime.callsite.CallSiteArray.defaultCall(CallSiteArray.java:48)
	at org.codehaus.groovy.runtime.callsite.AbstractCallSite.call(AbstractCallSite.java:113)
	at org.codehaus.groovy.runtime.callsite.AbstractCallSite.call(AbstractCallSite.java:125)
	at Script1536614341005.run(Script1536614341005.groovy:480)
	at com.kms.katalon.core.main.ScriptEngine.run(ScriptEngine.java:183)
	at com.kms.katalon.core.main.ScriptEngine.runScriptAsRawText(ScriptEngine.java:108)
	at com.kms.katalon.core.main.TestCaseExecutor.runScript(TestCaseExecutor.java:294)
	at com.kms.katalon.core.main.TestCaseExecutor.doExecute(TestCaseExecutor.java:285)
	at com.kms.katalon.core.main.TestCaseExecutor.processExecutionPhase(TestCaseExecutor.java:264)
	at com.kms.katalon.core.main.TestCaseExecutor.accessMainPhase(TestCaseExecutor.java:256)
	at com.kms.katalon.core.main.TestCaseExecutor.execute(TestCaseExecutor.java:200)
	at com.kms.katalon.core.main.TestSuiteExecutor.accessTestCaseMainPhase(TestSuiteExecutor.java:129)
	at com.kms.katalon.core.main.TestSuiteExecutor.accessTestSuiteMainPhase(TestSuiteExecutor.java:112)
	at com.kms.katalon.core.main.TestSuiteExecutor.execute(TestSuiteExecutor.java:81)
	at com.kms.katalon.core.main.TestCaseMain.startTestSuite(TestCaseMain.java:142)
	at com.kms.katalon.core.main.TestCaseMain$startTestSuite$0.call(Unknown Source)
	at org.codehaus.groovy.runtime.callsite.CallSiteArray.defaultCall(CallSiteArray.java:48)
	at org.codehaus.groovy.runtime.callsite.AbstractCallSite.call(AbstractCallSite.java:113)
	at org.codehaus.groovy.runtime.callsite.AbstractCallSite.call(AbstractCallSite.java:141)
	at TempTestSuite1538181848080.run(TempTestSuite1538181848080.groovy:36)
	at groovy.lang.GroovyShell.runScriptOrMainOrTestOrRunnable(GroovyShell.java:263)
	at groovy.lang.GroovyShell.run(GroovyShell.java:518)
	at groovy.lang.GroovyShell.run(GroovyShell.java:507)
	at groovy.ui.GroovyMain.processOnce(GroovyMain.java:653)
	at groovy.ui.GroovyMain.run(GroovyMain.java:384)
	at groovy.ui.GroovyMain.process(GroovyMain.java:370)
	at groovy.ui.GroovyMain.processArgs(GroovyMain.java:129)
	at groovy.ui.GroovyMain.main(GroovyMain.java:109)
	at sun.reflect.NativeMethodAccessorImpl.invoke0(Native Method)
	at sun.reflect.NativeMethodAccessorImpl.invoke(NativeMethodAccessorImpl.java:62)
	at sun.reflect.DelegatingMethodAccessorImpl.invoke(DelegatingMethodAccessorImpl.java:43)
	at java.lang.reflect.Method.invoke(Method.java:498)
	at org.codehaus.groovy.tools.GroovyStarter.rootLoader(GroovyStarter.java:109)
	at org.codehaus.groovy.tools.GroovyStarter.main(GroovyStarter.java:131)
)

2018-09-28 17:50:01 - [TEST_STEP][NOT_RUN] - callTestCase: NOT_RUN: callTestCase

2018-09-28 17:50:01 - [MESSAGE][NOT_RUN] - NOT_RUN: callTestCase

2018-09-28 17:50:01 - [TEST_STEP][PASSED] - delay: Delayed 2 second(s)

2018-09-28 17:50:03 - [MESSAGE][PASSED] - Delayed 2 second(s)

2018-09-28 17:50:03 - [TEST_STEP][PASSED] - click: Object: 'Object Repository/Page_Beauty Box Subscription for Wo/svg_ 2018 Birchbox_icon__svg__' is clicked on

2018-09-28 17:50:03 - [MESSAGE][PASSED] - Object: 'Object Repository/Page_Beauty Box Subscription for Wo/svg_ 2018 Birchbox_icon__svg__' is clicked on

2018-09-28 17:50:03 - [TEST_STEP][PASSED] - delay: Delayed 1 second(s)

2018-09-28 17:50:04 - [MESSAGE][PASSED] - Delayed 1 second(s)

2018-09-28 17:50:04 - [TEST_STEP][PASSED] - click: Object: 'Object Repository/Page_Beauty Box Subscription for Wo/div_Hair' is clicked on

2018-09-28 17:50:04 - [MESSAGE][PASSED] - Object: 'Object Repository/Page_Beauty Box Subscription for Wo/div_Hair' is clicked on

2018-09-28 17:50:04 - [TEST_STEP][PASSED] - click: Object: 'Object Repository/Page_Beauty Box Subscription for Wo/div_Wash  Care' is clicked on

2018-09-28 17:50:06 - [MESSAGE][PASSED] - Object: 'Object Repository/Page_Beauty Box Subscription for Wo/div_Wash  Care' is clicked on

2018-09-28 17:50:06 - [TEST_STEP][PASSED] - delay: Delayed 1 second(s)

2018-09-28 17:50:07 - [MESSAGE][PASSED] - Delayed 1 second(s)

2018-09-28 17:50:07 - [TEST_STEP][PASSED] - click: Object: 'Object Repository/Page_Beauty Box Subscription for Wo/a_Shampoos' is clicked on

2018-09-28 17:50:10 - [MESSAGE][PASSED] - Object: 'Object Repository/Page_Beauty Box Subscription for Wo/a_Shampoos' is clicked on

2018-09-28 17:50:10 - [TEST_STEP][PASSED] - delay: Delayed 2 second(s)

2018-09-28 17:50:12 - [MESSAGE][PASSED] - Delayed 2 second(s)

2018-09-28 17:50:12 - [TEST_STEP][PASSED] - click: Object: 'Object Repository/Page_Shop Shampoos/svg_ 2018 Birchbox_icon__svg__' is clicked on

2018-09-28 17:50:13 - [MESSAGE][PASSED] - Object: 'Object Repository/Page_Shop Shampoos/svg_ 2018 Birchbox_icon__svg__' is clicked on

2018-09-28 17:50:13 - [TEST_STEP][PASSED] - click: Object: 'Object Repository/Page_Shop Shampoos/div_Hair' is clicked on

2018-09-28 17:50:13 - [MESSAGE][PASSED] - Object: 'Object Repository/Page_Shop Shampoos/div_Hair' is clicked on

2018-09-28 17:50:13 - [TEST_STEP][PASSED] - click: Object: 'Object Repository/Page_Shop Shampoos/div_Wash  Care' is clicked on

2018-09-28 17:50:13 - [MESSAGE][PASSED] - Object: 'Object Repository/Page_Shop Shampoos/div_Wash  Care' is clicked on

2018-09-28 17:50:13 - [TEST_STEP][PASSED] - delay: Delayed 1 second(s)

2018-09-28 17:50:14 - [MESSAGE][PASSED] - Delayed 1 second(s)

2018-09-28 17:50:14 - [TEST_STEP][PASSED] - waitForElementVisible: Object 'Object Repository/Page_Beauty Box Subscription for Wo/a_Conditioners' is visible

2018-09-28 17:50:14 - [MESSAGE][WARNING] - Timeout '0' is invalid. Using default page load timeout: '90'

2018-09-28 17:50:21 - [MESSAGE][PASSED] - Object 'Object Repository/Page_Beauty Box Subscription for Wo/a_Conditioners' is visible

2018-09-28 17:50:21 - [TEST_STEP][PASSED] - waitForElementClickable: Object 'Object Repository/Page_Beauty Box Subscription for Wo/a_Conditioners' is clickable

2018-09-28 17:50:21 - [MESSAGE][WARNING] - Timeout '0' is invalid. Using default page load timeout: '90'

2018-09-28 17:50:21 - [MESSAGE][PASSED] - Object 'Object Repository/Page_Beauty Box Subscription for Wo/a_Conditioners' is clickable

2018-09-28 17:50:21 - [TEST_STEP][PASSED] - click: Object: 'Object Repository/Page_Beauty Box Subscription for Wo/a_Conditioners' is clicked on

2018-09-28 17:50:22 - [MESSAGE][PASSED] - Object: 'Object Repository/Page_Beauty Box Subscription for Wo/a_Conditioners' is clicked on

2018-09-28 17:50:22 - [TEST_STEP][PASSED] - delay: Delayed 2 second(s)

2018-09-28 17:50:24 - [MESSAGE][PASSED] - Delayed 2 second(s)

2018-09-28 17:50:24 - [TEST_STEP][PASSED] - click: Object: 'Object Repository/Page_Shop Hair Conditioners/svg_ 2018 Birchbox_icon__svg__' is clicked on

2018-09-28 17:50:24 - [MESSAGE][PASSED] - Object: 'Object Repository/Page_Shop Hair Conditioners/svg_ 2018 Birchbox_icon__svg__' is clicked on

2018-09-28 17:50:24 - [TEST_STEP][PASSED] - delay: Delayed 1 second(s)

2018-09-28 17:50:25 - [MESSAGE][PASSED] - Delayed 1 second(s)

2018-09-28 17:50:25 - [TEST_STEP][PASSED] - click: Object: 'Object Repository/Page_Shop Hair Conditioners/div_Hair' is clicked on

2018-09-28 17:50:25 - [MESSAGE][PASSED] - Object: 'Object Repository/Page_Shop Hair Conditioners/div_Hair' is clicked on

2018-09-28 17:50:25 - [TEST_STEP][PASSED] - click: Object: 'Object Repository/Page_Shop Hair Conditioners/div_Wash  Care' is clicked on

2018-09-28 17:50:25 - [MESSAGE][PASSED] - Object: 'Object Repository/Page_Shop Hair Conditioners/div_Wash  Care' is clicked on

2018-09-28 17:50:25 - [TEST_STEP][PASSED] - delay: Delayed 1 second(s)

2018-09-28 17:50:26 - [MESSAGE][PASSED] - Delayed 1 second(s)

2018-09-28 17:50:26 - [TEST_STEP][PASSED] - waitForElementVisible: Object 'Object Repository/Page_Beauty Box Subscription for Wo/a_Cleansing Conditioners' is visible

2018-09-28 17:50:27 - [MESSAGE][WARNING] - Timeout '0' is invalid. Using default page load timeout: '90'

2018-09-28 17:50:27 - [MESSAGE][PASSED] - Object 'Object Repository/Page_Beauty Box Subscription for Wo/a_Cleansing Conditioners' is visible

2018-09-28 17:50:27 - [TEST_STEP][PASSED] - waitForElementClickable: Object 'Object Repository/Page_Beauty Box Subscription for Wo/a_Cleansing Conditioners' is clickable

2018-09-28 17:50:27 - [MESSAGE][WARNING] - Timeout '0' is invalid. Using default page load timeout: '90'

2018-09-28 17:50:27 - [MESSAGE][PASSED] - Object 'Object Repository/Page_Beauty Box Subscription for Wo/a_Cleansing Conditioners' is clickable

2018-09-28 17:50:27 - [TEST_STEP][PASSED] - click: Object: 'Object Repository/Page_Beauty Box Subscription for Wo/a_Cleansing Conditioners' is clicked on

2018-09-28 17:50:27 - [MESSAGE][PASSED] - Object: 'Object Repository/Page_Beauty Box Subscription for Wo/a_Cleansing Conditioners' is clicked on

2018-09-28 17:50:27 - [TEST_STEP][PASSED] - delay: Delayed 2 second(s)

2018-09-28 17:50:29 - [MESSAGE][PASSED] - Delayed 2 second(s)

2018-09-28 17:50:29 - [TEST_STEP][PASSED] - click: Object: 'Object Repository/Page_Shop Hair Cleansing Conditione/svg_ 2018 Birchbox_icon__svg__' is clicked on

2018-09-28 17:50:29 - [MESSAGE][PASSED] - Object: 'Object Repository/Page_Shop Hair Cleansing Conditione/svg_ 2018 Birchbox_icon__svg__' is clicked on

2018-09-28 17:50:29 - [TEST_STEP][PASSED] - click: Object: 'Object Repository/Page_Shop Hair Cleansing Conditione/div_Hair' is clicked on

2018-09-28 17:50:29 - [MESSAGE][PASSED] - Object: 'Object Repository/Page_Shop Hair Cleansing Conditione/div_Hair' is clicked on

2018-09-28 17:50:29 - [TEST_STEP][PASSED] - click: Object: 'Object Repository/Page_Shop Hair Cleansing Conditione/div_Treat' is clicked on

2018-09-28 17:50:30 - [MESSAGE][PASSED] - Object: 'Object Repository/Page_Shop Hair Cleansing Conditione/div_Treat' is clicked on

2018-09-28 17:50:30 - [TEST_STEP][PASSED] - waitForElementVisible: Object 'Object Repository/Page_Beauty Box Subscription for Wo/a_Detanglers' is visible

2018-09-28 17:50:30 - [MESSAGE][WARNING] - Timeout '0' is invalid. Using default page load timeout: '90'

2018-09-28 17:50:31 - [MESSAGE][PASSED] - Object 'Object Repository/Page_Beauty Box Subscription for Wo/a_Detanglers' is visible

2018-09-28 17:50:31 - [TEST_STEP][PASSED] - waitForElementClickable: Object 'Object Repository/Page_Beauty Box Subscription for Wo/a_Detanglers' is clickable

2018-09-28 17:50:31 - [MESSAGE][WARNING] - Timeout '0' is invalid. Using default page load timeout: '90'

2018-09-28 17:50:31 - [MESSAGE][PASSED] - Object 'Object Repository/Page_Beauty Box Subscription for Wo/a_Detanglers' is clickable

2018-09-28 17:50:31 - [TEST_STEP][PASSED] - click: Object: 'Object Repository/Page_Beauty Box Subscription for Wo/a_Detanglers' is clicked on

2018-09-28 17:50:31 - [MESSAGE][PASSED] - Object: 'Object Repository/Page_Beauty Box Subscription for Wo/a_Detanglers' is clicked on

2018-09-28 17:50:31 - [TEST_STEP][PASSED] - delay: Delayed 2 second(s)

2018-09-28 17:50:33 - [MESSAGE][PASSED] - Delayed 2 second(s)

2018-09-28 17:50:33 - [TEST_STEP][PASSED] - click: Object: 'Object Repository/Page_Shop Hair Detanglers/svg_ 2018 Birchbox_icon__svg__' is clicked on

2018-09-28 17:50:34 - [MESSAGE][PASSED] - Object: 'Object Repository/Page_Shop Hair Detanglers/svg_ 2018 Birchbox_icon__svg__' is clicked on

2018-09-28 17:50:34 - [TEST_STEP][PASSED] - click: Object: 'Object Repository/Page_Shop Hair Detanglers/div_Hair' is clicked on

2018-09-28 17:50:34 - [MESSAGE][PASSED] - Object: 'Object Repository/Page_Shop Hair Detanglers/div_Hair' is clicked on

2018-09-28 17:50:34 - [TEST_STEP][PASSED] - waitForElementVisible: Object 'Object Repository/Page_Shop Hair Detanglers/div_Treat' is visible

2018-09-28 17:50:34 - [MESSAGE][WARNING] - Timeout '0' is invalid. Using default page load timeout: '90'

2018-09-28 17:50:34 - [MESSAGE][PASSED] - Object 'Object Repository/Page_Shop Hair Detanglers/div_Treat' is visible

2018-09-28 17:50:34 - [TEST_STEP][PASSED] - waitForElementClickable: Object 'Object Repository/Page_Shop Hair Detanglers/div_Treat' is clickable

2018-09-28 17:50:34 - [MESSAGE][WARNING] - Timeout '0' is invalid. Using default page load timeout: '90'

2018-09-28 17:50:34 - [MESSAGE][PASSED] - Object 'Object Repository/Page_Shop Hair Detanglers/div_Treat' is clickable

2018-09-28 17:50:34 - [TEST_STEP][PASSED] - click: Object: 'Object Repository/Page_Shop Hair Detanglers/div_Treat' is clicked on

2018-09-28 17:50:35 - [MESSAGE][PASSED] - Object: 'Object Repository/Page_Shop Hair Detanglers/div_Treat' is clicked on

2018-09-28 17:50:35 - [TEST_STEP][PASSED] - delay: Delayed 1 second(s)

2018-09-28 17:50:36 - [MESSAGE][PASSED] - Delayed 1 second(s)

2018-09-28 17:50:36 - [TEST_STEP][PASSED] - waitForElementVisible: Object 'Object Repository/Page_Beauty Box Subscription for Wo/a_Leave-In Conditioners' is visible

2018-09-28 17:50:36 - [MESSAGE][WARNING] - Timeout '0' is invalid. Using default page load timeout: '90'

2018-09-28 17:50:36 - [MESSAGE][PASSED] - Object 'Object Repository/Page_Beauty Box Subscription for Wo/a_Leave-In Conditioners' is visible

2018-09-28 17:50:36 - [TEST_STEP][PASSED] - waitForElementClickable: Object 'Object Repository/Page_Beauty Box Subscription for Wo/a_Leave-In Conditioners' is clickable

2018-09-28 17:50:36 - [MESSAGE][WARNING] - Timeout '0' is invalid. Using default page load timeout: '90'

2018-09-28 17:50:36 - [MESSAGE][PASSED] - Object 'Object Repository/Page_Beauty Box Subscription for Wo/a_Leave-In Conditioners' is clickable

2018-09-28 17:50:36 - [TEST_STEP][PASSED] - click: Object: 'Object Repository/Page_Beauty Box Subscription for Wo/a_Leave-In Conditioners' is clicked on

2018-09-28 17:50:36 - [MESSAGE][PASSED] - Object: 'Object Repository/Page_Beauty Box Subscription for Wo/a_Leave-In Conditioners' is clicked on

2018-09-28 17:50:36 - [TEST_STEP][PASSED] - delay: Delayed 2 second(s)

2018-09-28 17:50:38 - [MESSAGE][PASSED] - Delayed 2 second(s)

2018-09-28 17:50:38 - [TEST_STEP][PASSED] - click: Object: 'Object Repository/Page_Shop Leave-In Conditioners/svg_ 2018 Birchbox_icon__svg__' is clicked on

2018-09-28 17:50:38 - [MESSAGE][PASSED] - Object: 'Object Repository/Page_Shop Leave-In Conditioners/svg_ 2018 Birchbox_icon__svg__' is clicked on

2018-09-28 17:50:38 - [TEST_STEP][PASSED] - waitForElementVisible: Object 'Object Repository/Page_Shop Leave-In Conditioners/div_Hair' is visible

2018-09-28 17:50:38 - [MESSAGE][WARNING] - Timeout '0' is invalid. Using default page load timeout: '90'

2018-09-28 17:50:39 - [MESSAGE][PASSED] - Object 'Object Repository/Page_Shop Leave-In Conditioners/div_Hair' is visible

2018-09-28 17:50:39 - [TEST_STEP][PASSED] - waitForElementClickable: Object 'Object Repository/Page_Shop Leave-In Conditioners/div_Hair' is clickable

2018-09-28 17:50:39 - [MESSAGE][WARNING] - Timeout '0' is invalid. Using default page load timeout: '90'

2018-09-28 17:50:39 - [MESSAGE][PASSED] - Object 'Object Repository/Page_Shop Leave-In Conditioners/div_Hair' is clickable

2018-09-28 17:50:39 - [TEST_STEP][PASSED] - click: Object: 'Object Repository/Page_Shop Leave-In Conditioners/div_Hair' is clicked on

2018-09-28 17:50:39 - [MESSAGE][PASSED] - Object: 'Object Repository/Page_Shop Leave-In Conditioners/div_Hair' is clicked on

2018-09-28 17:50:39 - [TEST_STEP][PASSED] - click: Object: 'Object Repository/Page_Shop Leave-In Conditioners/div_Treat' is clicked on

2018-09-28 17:50:40 - [MESSAGE][PASSED] - Object: 'Object Repository/Page_Shop Leave-In Conditioners/div_Treat' is clicked on

2018-09-28 17:50:40 - [TEST_STEP][PASSED] - delay: Delayed 1 second(s)

2018-09-28 17:50:41 - [MESSAGE][PASSED] - Delayed 1 second(s)

2018-09-28 17:50:41 - [TEST_STEP][PASSED] - waitForElementVisible: Object 'Object Repository/Page_Beauty Box Subscription for Wo/a_Oils' is visible

2018-09-28 17:50:41 - [MESSAGE][WARNING] - Timeout '0' is invalid. Using default page load timeout: '90'

2018-09-28 17:50:41 - [MESSAGE][PASSED] - Object 'Object Repository/Page_Beauty Box Subscription for Wo/a_Oils' is visible

2018-09-28 17:50:41 - [TEST_STEP][PASSED] - waitForElementClickable: Object 'Object Repository/Page_Beauty Box Subscription for Wo/a_Oils' is clickable

2018-09-28 17:50:41 - [MESSAGE][WARNING] - Timeout '0' is invalid. Using default page load timeout: '90'

2018-09-28 17:50:41 - [MESSAGE][PASSED] - Object 'Object Repository/Page_Beauty Box Subscription for Wo/a_Oils' is clickable

2018-09-28 17:50:41 - [TEST_STEP][PASSED] - click: Object: 'Object Repository/Page_Beauty Box Subscription for Wo/a_Oils' is clicked on

2018-09-28 17:50:41 - [MESSAGE][PASSED] - Object: 'Object Repository/Page_Beauty Box Subscription for Wo/a_Oils' is clicked on

2018-09-28 17:50:41 - [TEST_STEP][PASSED] - delay: Delayed 2 second(s)

2018-09-28 17:50:43 - [MESSAGE][PASSED] - Delayed 2 second(s)

2018-09-28 17:50:43 - [TEST_STEP][PASSED] - click: Object: 'Object Repository/Page_Shop Hair Oils/svg_ 2018 Birchbox_icon__svg__' is clicked on

2018-09-28 17:50:43 - [MESSAGE][PASSED] - Object: 'Object Repository/Page_Shop Hair Oils/svg_ 2018 Birchbox_icon__svg__' is clicked on

2018-09-28 17:50:43 - [TEST_STEP][PASSED] - click: Object: 'Object Repository/Page_Shop Hair Oils/div_Hair' is clicked on

2018-09-28 17:50:44 - [MESSAGE][PASSED] - Object: 'Object Repository/Page_Shop Hair Oils/div_Hair' is clicked on

2018-09-28 17:50:44 - [TEST_STEP][PASSED] - click: Object: 'Object Repository/Page_Shop Hair Oils/div_Treat' is clicked on

2018-09-28 17:50:44 - [MESSAGE][PASSED] - Object: 'Object Repository/Page_Shop Hair Oils/div_Treat' is clicked on

2018-09-28 17:50:44 - [TEST_STEP][PASSED] - delay: Delayed 2 second(s)

2018-09-28 17:50:46 - [MESSAGE][PASSED] - Delayed 2 second(s)

2018-09-28 17:50:46 - [TEST_STEP][PASSED] - waitForElementVisible: Object 'Object Repository/Page_Beauty Box Subscription for Wo/a_Masks' is visible

2018-09-28 17:50:46 - [MESSAGE][WARNING] - Timeout '0' is invalid. Using default page load timeout: '90'

2018-09-28 17:50:46 - [MESSAGE][PASSED] - Object 'Object Repository/Page_Beauty Box Subscription for Wo/a_Masks' is visible

2018-09-28 17:50:46 - [TEST_STEP][PASSED] - waitForElementClickable: Object 'Object Repository/Page_Beauty Box Subscription for Wo/a_Masks' is clickable

2018-09-28 17:50:46 - [MESSAGE][WARNING] - Timeout '0' is invalid. Using default page load timeout: '90'

2018-09-28 17:50:46 - [MESSAGE][PASSED] - Object 'Object Repository/Page_Beauty Box Subscription for Wo/a_Masks' is clickable

2018-09-28 17:50:46 - [TEST_STEP][PASSED] - click: Object: 'Object Repository/Page_Beauty Box Subscription for Wo/a_Masks' is clicked on

2018-09-28 17:50:46 - [MESSAGE][PASSED] - Object: 'Object Repository/Page_Beauty Box Subscription for Wo/a_Masks' is clicked on

2018-09-28 17:50:46 - [TEST_STEP][PASSED] - delay: Delayed 2 second(s)

2018-09-28 17:50:48 - [MESSAGE][PASSED] - Delayed 2 second(s)

2018-09-28 17:50:48 - [TEST_STEP][PASSED] - click: Object: 'Object Repository/Page_Shop Hair Masks/svg_ 2018 Birchbox_icon__svg__' is clicked on

2018-09-28 17:50:48 - [MESSAGE][PASSED] - Object: 'Object Repository/Page_Shop Hair Masks/svg_ 2018 Birchbox_icon__svg__' is clicked on

2018-09-28 17:50:48 - [TEST_STEP][PASSED] - click: Object: 'Object Repository/Page_Shop Hair Masks/div_Hair' is clicked on

2018-09-28 17:50:49 - [MESSAGE][PASSED] - Object: 'Object Repository/Page_Shop Hair Masks/div_Hair' is clicked on

2018-09-28 17:50:49 - [TEST_STEP][PASSED] - click: Object: 'Object Repository/Page_Shop Hair Masks/div_Treat' is clicked on

2018-09-28 17:50:49 - [MESSAGE][PASSED] - Object: 'Object Repository/Page_Shop Hair Masks/div_Treat' is clicked on

2018-09-28 17:50:49 - [TEST_STEP][PASSED] - delay: Delayed 1 second(s)

2018-09-28 17:50:50 - [MESSAGE][PASSED] - Delayed 1 second(s)

2018-09-28 17:50:50 - [TEST_STEP][PASSED] - waitForElementVisible: Object 'Object Repository/Page_Beauty Box Subscription for Wo/a_Pre-Shampoo Treatments' is visible

2018-09-28 17:50:50 - [MESSAGE][WARNING] - Timeout '0' is invalid. Using default page load timeout: '90'

2018-09-28 17:50:50 - [MESSAGE][PASSED] - Object 'Object Repository/Page_Beauty Box Subscription for Wo/a_Pre-Shampoo Treatments' is visible

2018-09-28 17:50:50 - [TEST_STEP][PASSED] - waitForElementClickable: Object 'Object Repository/Page_Beauty Box Subscription for Wo/a_Pre-Shampoo Treatments' is clickable

2018-09-28 17:50:50 - [MESSAGE][WARNING] - Timeout '0' is invalid. Using default page load timeout: '90'

2018-09-28 17:50:50 - [MESSAGE][PASSED] - Object 'Object Repository/Page_Beauty Box Subscription for Wo/a_Pre-Shampoo Treatments' is clickable

2018-09-28 17:50:50 - [TEST_STEP][PASSED] - click: Object: 'Object Repository/Page_Beauty Box Subscription for Wo/a_Pre-Shampoo Treatments' is clicked on

2018-09-28 17:50:50 - [MESSAGE][PASSED] - Object: 'Object Repository/Page_Beauty Box Subscription for Wo/a_Pre-Shampoo Treatments' is clicked on

2018-09-28 17:50:50 - [TEST_STEP][PASSED] - delay: Delayed 2 second(s)

2018-09-28 17:50:52 - [MESSAGE][PASSED] - Delayed 2 second(s)

2018-09-28 17:50:52 - [TEST_STEP][PASSED] - click: Object: 'Object Repository/Page_Shop Pre Shampoo Treatment/svg_ 2018 Birchbox_icon__svg__' is clicked on

2018-09-28 17:50:53 - [MESSAGE][PASSED] - Object: 'Object Repository/Page_Shop Pre Shampoo Treatment/svg_ 2018 Birchbox_icon__svg__' is clicked on

2018-09-28 17:50:53 - [TEST_STEP][PASSED] - click: Object: 'Object Repository/Page_Shop Pre Shampoo Treatment/div_Hair' is clicked on

2018-09-28 17:50:53 - [MESSAGE][PASSED] - Object: 'Object Repository/Page_Shop Pre Shampoo Treatment/div_Hair' is clicked on

2018-09-28 17:50:53 - [TEST_STEP][PASSED] - click: Object: 'Object Repository/Page_Shop Pre Shampoo Treatment/div_Treat' is clicked on

2018-09-28 17:50:54 - [MESSAGE][PASSED] - Object: 'Object Repository/Page_Shop Pre Shampoo Treatment/div_Treat' is clicked on

2018-09-28 17:50:54 - [TEST_STEP][PASSED] - delay: Delayed 2 second(s)

2018-09-28 17:50:56 - [MESSAGE][PASSED] - Delayed 2 second(s)

2018-09-28 17:50:56 - [TEST_STEP][PASSED] - waitForElementVisible: Object 'Object Repository/Page_Beauty Box Subscription for Wo/a_Scalp Treatments  Exfoliator' is visible

2018-09-28 17:50:56 - [MESSAGE][WARNING] - Timeout '0' is invalid. Using default page load timeout: '90'

2018-09-28 17:50:56 - [MESSAGE][PASSED] - Object 'Object Repository/Page_Beauty Box Subscription for Wo/a_Scalp Treatments  Exfoliator' is visible

2018-09-28 17:50:56 - [TEST_STEP][PASSED] - waitForElementClickable: Object 'Object Repository/Page_Beauty Box Subscription for Wo/a_Scalp Treatments  Exfoliator' is clickable

2018-09-28 17:50:56 - [MESSAGE][WARNING] - Timeout '0' is invalid. Using default page load timeout: '90'

2018-09-28 17:50:56 - [MESSAGE][PASSED] - Object 'Object Repository/Page_Beauty Box Subscription for Wo/a_Scalp Treatments  Exfoliator' is clickable

2018-09-28 17:50:56 - [TEST_STEP][PASSED] - click: Object: 'Object Repository/Page_Beauty Box Subscription for Wo/a_Scalp Treatments  Exfoliator' is clicked on

2018-09-28 17:50:56 - [MESSAGE][PASSED] - Object: 'Object Repository/Page_Beauty Box Subscription for Wo/a_Scalp Treatments  Exfoliator' is clicked on

2018-09-28 17:50:56 - [TEST_STEP][PASSED] - delay: Delayed 2 second(s)

2018-09-28 17:50:58 - [MESSAGE][PASSED] - Delayed 2 second(s)

2018-09-28 17:50:58 - [TEST_STEP][PASSED] - click: Object: 'Object Repository/Page_Shop Scalp Treatments and Scal/svg_ 2018 Birchbox_icon__svg__' is clicked on

2018-09-28 17:50:58 - [MESSAGE][PASSED] - Object: 'Object Repository/Page_Shop Scalp Treatments and Scal/svg_ 2018 Birchbox_icon__svg__' is clicked on

2018-09-28 17:50:58 - [TEST_STEP][PASSED] - waitForElementVisible: Object 'Object Repository/Page_Shop Scalp Treatments and Scal/div_Hair' is visible

2018-09-28 17:50:58 - [MESSAGE][WARNING] - Timeout '0' is invalid. Using default page load timeout: '90'

2018-09-28 17:50:58 - [MESSAGE][PASSED] - Object 'Object Repository/Page_Shop Scalp Treatments and Scal/div_Hair' is visible

2018-09-28 17:50:58 - [TEST_STEP][PASSED] - click: Object: 'Object Repository/Page_Shop Scalp Treatments and Scal/div_Hair' is clicked on

2018-09-28 17:50:58 - [MESSAGE][PASSED] - Object: 'Object Repository/Page_Shop Scalp Treatments and Scal/div_Hair' is clicked on

2018-09-28 17:50:58 - [TEST_STEP][PASSED] - click: Object: 'Object Repository/Page_Shop Scalp Treatments and Scal/div_Treat' is clicked on

2018-09-28 17:50:59 - [MESSAGE][PASSED] - Object: 'Object Repository/Page_Shop Scalp Treatments and Scal/div_Treat' is clicked on

2018-09-28 17:50:59 - [TEST_STEP][PASSED] - delay: Delayed 1 second(s)

2018-09-28 17:51:00 - [MESSAGE][PASSED] - Delayed 1 second(s)

2018-09-28 17:51:00 - [TEST_STEP][PASSED] - waitForElementVisible: Object 'Object Repository/Page_Beauty Box Subscription for Wo/a_Split End Treatments' is visible

2018-09-28 17:51:00 - [MESSAGE][WARNING] - Timeout '0' is invalid. Using default page load timeout: '90'

2018-09-28 17:51:00 - [MESSAGE][PASSED] - Object 'Object Repository/Page_Beauty Box Subscription for Wo/a_Split End Treatments' is visible

2018-09-28 17:51:00 - [TEST_STEP][PASSED] - waitForElementClickable: Object 'Object Repository/Page_Beauty Box Subscription for Wo/a_Split End Treatments' is clickable

2018-09-28 17:51:00 - [MESSAGE][WARNING] - Timeout '0' is invalid. Using default page load timeout: '90'

2018-09-28 17:51:00 - [MESSAGE][PASSED] - Object 'Object Repository/Page_Beauty Box Subscription for Wo/a_Split End Treatments' is clickable

2018-09-28 17:51:00 - [TEST_STEP][PASSED] - click: Object: 'Object Repository/Page_Beauty Box Subscription for Wo/a_Split End Treatments' is clicked on

2018-09-28 17:51:00 - [MESSAGE][PASSED] - Object: 'Object Repository/Page_Beauty Box Subscription for Wo/a_Split End Treatments' is clicked on

2018-09-28 17:51:00 - [TEST_STEP][PASSED] - delay: Delayed 2 second(s)

2018-09-28 17:51:02 - [MESSAGE][PASSED] - Delayed 2 second(s)

2018-09-28 17:51:02 - [TEST_STEP][PASSED] - click: Object: 'Object Repository/Page_Shop Split End Treatments/svg_ 2018 Birchbox_icon__svg__' is clicked on

2018-09-28 17:51:02 - [MESSAGE][PASSED] - Object: 'Object Repository/Page_Shop Split End Treatments/svg_ 2018 Birchbox_icon__svg__' is clicked on

2018-09-28 17:51:02 - [TEST_STEP][PASSED] - click: Object: 'Object Repository/Page_Shop Split End Treatments/div_Hair' is clicked on

2018-09-28 17:51:03 - [MESSAGE][PASSED] - Object: 'Object Repository/Page_Shop Split End Treatments/div_Hair' is clicked on

2018-09-28 17:51:03 - [TEST_STEP][PASSED] - click: Object: 'Object Repository/Page_Shop Split End Treatments/div_Treat' is clicked on

2018-09-28 17:51:03 - [MESSAGE][PASSED] - Object: 'Object Repository/Page_Shop Split End Treatments/div_Treat' is clicked on

2018-09-28 17:51:03 - [TEST_STEP][PASSED] - delay: Delayed 1 second(s)

2018-09-28 17:51:04 - [MESSAGE][PASSED] - Delayed 1 second(s)

2018-09-28 17:51:04 - [TEST_STEP][PASSED] - waitForElementVisible: Object 'Object Repository/Page_Beauty Box Subscription for Wo/a_Color Treatments' is visible

2018-09-28 17:51:04 - [MESSAGE][WARNING] - Timeout '0' is invalid. Using default page load timeout: '90'

2018-09-28 17:51:05 - [MESSAGE][PASSED] - Object 'Object Repository/Page_Beauty Box Subscription for Wo/a_Color Treatments' is visible

2018-09-28 17:51:05 - [TEST_STEP][PASSED] - waitForElementClickable: Object 'Object Repository/Page_Beauty Box Subscription for Wo/a_Color Treatments' is clickable

2018-09-28 17:51:05 - [MESSAGE][WARNING] - Timeout '0' is invalid. Using default page load timeout: '90'

2018-09-28 17:51:05 - [MESSAGE][PASSED] - Object 'Object Repository/Page_Beauty Box Subscription for Wo/a_Color Treatments' is clickable

2018-09-28 17:51:05 - [TEST_STEP][PASSED] - click: Object: 'Object Repository/Page_Beauty Box Subscription for Wo/a_Color Treatments' is clicked on

2018-09-28 17:51:05 - [MESSAGE][PASSED] - Object: 'Object Repository/Page_Beauty Box Subscription for Wo/a_Color Treatments' is clicked on

2018-09-28 17:51:05 - [TEST_STEP][PASSED] - delay: Delayed 2 second(s)

2018-09-28 17:51:07 - [MESSAGE][PASSED] - Delayed 2 second(s)

2018-09-28 17:51:07 - [TEST_STEP][PASSED] - click: Object: 'Object Repository/Page_Shop Hair Color Treatments/svg_ 2018 Birchbox_icon__svg__' is clicked on

2018-09-28 17:51:08 - [MESSAGE][PASSED] - Object: 'Object Repository/Page_Shop Hair Color Treatments/svg_ 2018 Birchbox_icon__svg__' is clicked on

2018-09-28 17:51:08 - [TEST_STEP][PASSED] - click: Object: 'Object Repository/Page_Shop Hair Color Treatments/div_Hair' is clicked on

2018-09-28 17:51:08 - [MESSAGE][PASSED] - Object: 'Object Repository/Page_Shop Hair Color Treatments/div_Hair' is clicked on

2018-09-28 17:51:08 - [TEST_STEP][PASSED] - click: Object: 'Object Repository/Page_Shop Hair Color Treatments/div_Style' is clicked on

2018-09-28 17:51:08 - [MESSAGE][PASSED] - Object: 'Object Repository/Page_Shop Hair Color Treatments/div_Style' is clicked on

2018-09-28 17:51:08 - [TEST_STEP][PASSED] - delay: Delayed 1 second(s)

2018-09-28 17:51:09 - [MESSAGE][PASSED] - Delayed 1 second(s)

2018-09-28 17:51:09 - [TEST_STEP][PASSED] - waitForElementVisible: Object 'Object Repository/Page_Beauty Box Subscription for Wo/a_Texturizers' is visible

2018-09-28 17:51:10 - [MESSAGE][WARNING] - Timeout '0' is invalid. Using default page load timeout: '90'

2018-09-28 17:51:10 - [MESSAGE][PASSED] - Object 'Object Repository/Page_Beauty Box Subscription for Wo/a_Texturizers' is visible

2018-09-28 17:51:10 - [TEST_STEP][PASSED] - waitForElementClickable: Object 'Object Repository/Page_Beauty Box Subscription for Wo/a_Texturizers' is clickable

2018-09-28 17:51:10 - [MESSAGE][WARNING] - Timeout '0' is invalid. Using default page load timeout: '90'

2018-09-28 17:51:10 - [MESSAGE][PASSED] - Object 'Object Repository/Page_Beauty Box Subscription for Wo/a_Texturizers' is clickable

2018-09-28 17:51:10 - [TEST_STEP][PASSED] - click: Object: 'Object Repository/Page_Beauty Box Subscription for Wo/a_Texturizers' is clicked on

2018-09-28 17:51:10 - [MESSAGE][PASSED] - Object: 'Object Repository/Page_Beauty Box Subscription for Wo/a_Texturizers' is clicked on

2018-09-28 17:51:10 - [TEST_STEP][PASSED] - delay: Delayed 2 second(s)

2018-09-28 17:51:12 - [MESSAGE][PASSED] - Delayed 2 second(s)

2018-09-28 17:51:12 - [TEST_STEP][PASSED] - click: Object: 'Object Repository/Page_Shop Texturizers/svg_ 2018 Birchbox_icon__svg__' is clicked on

2018-09-28 17:51:12 - [MESSAGE][PASSED] - Object: 'Object Repository/Page_Shop Texturizers/svg_ 2018 Birchbox_icon__svg__' is clicked on

2018-09-28 17:51:12 - [TEST_STEP][PASSED] - click: Object: 'Object Repository/Page_Shop Texturizers/div_Hair' is clicked on

2018-09-28 17:51:13 - [MESSAGE][PASSED] - Object: 'Object Repository/Page_Shop Texturizers/div_Hair' is clicked on

2018-09-28 17:51:13 - [TEST_STEP][PASSED] - click: Object: 'Object Repository/Page_Shop Texturizers/div_Style' is clicked on

2018-09-28 17:51:13 - [MESSAGE][PASSED] - Object: 'Object Repository/Page_Shop Texturizers/div_Style' is clicked on

2018-09-28 17:51:13 - [TEST_STEP][PASSED] - delay: Delayed 1 second(s)

2018-09-28 17:51:14 - [MESSAGE][PASSED] - Delayed 1 second(s)

2018-09-28 17:51:14 - [TEST_STEP][PASSED] - waitForElementVisible: Object 'Object Repository/Page_Beauty Box Subscription for Wo/a_Blowout Creams  Sprays' is visible

2018-09-28 17:51:14 - [MESSAGE][WARNING] - Timeout '0' is invalid. Using default page load timeout: '90'

2018-09-28 17:51:14 - [MESSAGE][PASSED] - Object 'Object Repository/Page_Beauty Box Subscription for Wo/a_Blowout Creams  Sprays' is visible

2018-09-28 17:51:14 - [TEST_STEP][PASSED] - waitForElementClickable: Object 'Object Repository/Page_Beauty Box Subscription for Wo/a_Blowout Creams  Sprays' is clickable

2018-09-28 17:51:14 - [MESSAGE][WARNING] - Timeout '0' is invalid. Using default page load timeout: '90'

2018-09-28 17:51:14 - [MESSAGE][PASSED] - Object 'Object Repository/Page_Beauty Box Subscription for Wo/a_Blowout Creams  Sprays' is clickable

2018-09-28 17:51:14 - [TEST_STEP][PASSED] - click: Object: 'Object Repository/Page_Beauty Box Subscription for Wo/a_Blowout Creams  Sprays' is clicked on

2018-09-28 17:51:15 - [MESSAGE][PASSED] - Object: 'Object Repository/Page_Beauty Box Subscription for Wo/a_Blowout Creams  Sprays' is clicked on

2018-09-28 17:51:15 - [TEST_STEP][PASSED] - delay: Delayed 2 second(s)

2018-09-28 17:51:17 - [MESSAGE][PASSED] - Delayed 2 second(s)

2018-09-28 17:51:17 - [TEST_STEP][PASSED] - click: Object: 'Object Repository/Page_Shop Styling Cremes/svg_ 2018 Birchbox_icon__svg__' is clicked on

2018-09-28 17:51:17 - [MESSAGE][PASSED] - Object: 'Object Repository/Page_Shop Styling Cremes/svg_ 2018 Birchbox_icon__svg__' is clicked on

2018-09-28 17:51:17 - [TEST_STEP][PASSED] - click: Object: 'Object Repository/Page_Shop Styling Cremes/div_Hair' is clicked on

2018-09-28 17:51:17 - [MESSAGE][PASSED] - Object: 'Object Repository/Page_Shop Styling Cremes/div_Hair' is clicked on

2018-09-28 17:51:17 - [TEST_STEP][PASSED] - click: Object: 'Object Repository/Page_Shop Styling Cremes/div_Style' is clicked on

2018-09-28 17:51:18 - [MESSAGE][PASSED] - Object: 'Object Repository/Page_Shop Styling Cremes/div_Style' is clicked on

2018-09-28 17:51:18 - [TEST_STEP][PASSED] - delay: Delayed 1 second(s)

2018-09-28 17:51:19 - [MESSAGE][PASSED] - Delayed 1 second(s)

2018-09-28 17:51:19 - [TEST_STEP][PASSED] - waitForElementVisible: Object 'Object Repository/Page_Beauty Box Subscription for Wo/a_Hairsprays' is visible

2018-09-28 17:51:19 - [MESSAGE][WARNING] - Timeout '0' is invalid. Using default page load timeout: '90'

2018-09-28 17:51:19 - [MESSAGE][PASSED] - Object 'Object Repository/Page_Beauty Box Subscription for Wo/a_Hairsprays' is visible

2018-09-28 17:51:19 - [TEST_STEP][PASSED] - waitForElementClickable: Object 'Object Repository/Page_Beauty Box Subscription for Wo/a_Hairsprays' is clickable

2018-09-28 17:51:19 - [MESSAGE][WARNING] - Timeout '0' is invalid. Using default page load timeout: '90'

2018-09-28 17:51:19 - [MESSAGE][PASSED] - Object 'Object Repository/Page_Beauty Box Subscription for Wo/a_Hairsprays' is clickable

2018-09-28 17:51:19 - [TEST_STEP][PASSED] - click: Object: 'Object Repository/Page_Beauty Box Subscription for Wo/a_Hairsprays' is clicked on

2018-09-28 17:51:19 - [MESSAGE][PASSED] - Object: 'Object Repository/Page_Beauty Box Subscription for Wo/a_Hairsprays' is clicked on

2018-09-28 17:51:19 - [TEST_STEP][PASSED] - delay: Delayed 2 second(s)

2018-09-28 17:51:21 - [MESSAGE][PASSED] - Delayed 2 second(s)

2018-09-28 17:51:21 - [TEST_STEP][PASSED] - click: Object: 'Object Repository/Page_Shop Hairsprays/svg_ 2018 Birchbox_icon__svg__' is clicked on

2018-09-28 17:51:21 - [MESSAGE][PASSED] - Object: 'Object Repository/Page_Shop Hairsprays/svg_ 2018 Birchbox_icon__svg__' is clicked on

2018-09-28 17:51:21 - [TEST_STEP][PASSED] - click: Object: 'Object Repository/Page_Shop Hairsprays/div_Hair' is clicked on

2018-09-28 17:51:22 - [MESSAGE][PASSED] - Object: 'Object Repository/Page_Shop Hairsprays/div_Hair' is clicked on

2018-09-28 17:51:22 - [TEST_STEP][PASSED] - click: Object: 'Object Repository/Page_Shop Hairsprays/div_Style' is clicked on

2018-09-28 17:51:22 - [MESSAGE][PASSED] - Object: 'Object Repository/Page_Shop Hairsprays/div_Style' is clicked on

2018-09-28 17:51:22 - [TEST_STEP][PASSED] - delay: Delayed 1 second(s)

2018-09-28 17:51:23 - [MESSAGE][PASSED] - Delayed 1 second(s)

2018-09-28 17:51:23 - [TEST_STEP][PASSED] - waitForElementVisible: Object 'Object Repository/Page_Beauty Box Subscription for Wo/a_Wave Sprays' is visible

2018-09-28 17:51:23 - [MESSAGE][WARNING] - Timeout '0' is invalid. Using default page load timeout: '90'

2018-09-28 17:51:23 - [MESSAGE][PASSED] - Object 'Object Repository/Page_Beauty Box Subscription for Wo/a_Wave Sprays' is visible

2018-09-28 17:51:23 - [TEST_STEP][PASSED] - waitForElementClickable: Object 'Object Repository/Page_Beauty Box Subscription for Wo/a_Wave Sprays' is clickable

2018-09-28 17:51:23 - [MESSAGE][WARNING] - Timeout '0' is invalid. Using default page load timeout: '90'

2018-09-28 17:51:23 - [MESSAGE][PASSED] - Object 'Object Repository/Page_Beauty Box Subscription for Wo/a_Wave Sprays' is clickable

2018-09-28 17:51:23 - [TEST_STEP][PASSED] - click: Object: 'Object Repository/Page_Beauty Box Subscription for Wo/a_Wave Sprays' is clicked on

2018-09-28 17:51:23 - [MESSAGE][PASSED] - Object: 'Object Repository/Page_Beauty Box Subscription for Wo/a_Wave Sprays' is clicked on

2018-09-28 17:51:23 - [TEST_STEP][PASSED] - delay: Delayed 2 second(s)

2018-09-28 17:51:25 - [MESSAGE][PASSED] - Delayed 2 second(s)

2018-09-28 17:51:25 - [TEST_STEP][PASSED] - click: Object: 'Object Repository/Page_Shop Wave Sprays/svg_ 2018 Birchbox_icon__svg__' is clicked on

2018-09-28 17:51:26 - [MESSAGE][PASSED] - Object: 'Object Repository/Page_Shop Wave Sprays/svg_ 2018 Birchbox_icon__svg__' is clicked on

2018-09-28 17:51:26 - [TEST_STEP][PASSED] - click: Object: 'Object Repository/Page_Shop Wave Sprays/div_Hair' is clicked on

2018-09-28 17:51:26 - [MESSAGE][PASSED] - Object: 'Object Repository/Page_Shop Wave Sprays/div_Hair' is clicked on

2018-09-28 17:51:26 - [TEST_STEP][PASSED] - click: Object: 'Object Repository/Page_Shop Wave Sprays/div_Style' is clicked on

2018-09-28 17:51:26 - [MESSAGE][PASSED] - Object: 'Object Repository/Page_Shop Wave Sprays/div_Style' is clicked on

2018-09-28 17:51:26 - [TEST_STEP][PASSED] - delay: Delayed 1 second(s)

2018-09-28 17:51:27 - [MESSAGE][PASSED] - Delayed 1 second(s)

2018-09-28 17:51:27 - [TEST_STEP][PASSED] - waitForElementVisible: Object 'Object Repository/Page_Beauty Box Subscription for Wo/a_Heat Protectants' is visible

2018-09-28 17:51:27 - [MESSAGE][WARNING] - Timeout '0' is invalid. Using default page load timeout: '90'

2018-09-28 17:51:27 - [MESSAGE][PASSED] - Object 'Object Repository/Page_Beauty Box Subscription for Wo/a_Heat Protectants' is visible

2018-09-28 17:51:27 - [TEST_STEP][PASSED] - waitForElementClickable: Object 'Object Repository/Page_Beauty Box Subscription for Wo/a_Heat Protectants' is clickable

2018-09-28 17:51:27 - [MESSAGE][WARNING] - Timeout '0' is invalid. Using default page load timeout: '90'

2018-09-28 17:51:27 - [MESSAGE][PASSED] - Object 'Object Repository/Page_Beauty Box Subscription for Wo/a_Heat Protectants' is clickable

2018-09-28 17:51:27 - [TEST_STEP][PASSED] - click: Object: 'Object Repository/Page_Beauty Box Subscription for Wo/a_Heat Protectants' is clicked on

2018-09-28 17:51:28 - [MESSAGE][PASSED] - Object: 'Object Repository/Page_Beauty Box Subscription for Wo/a_Heat Protectants' is clicked on

2018-09-28 17:51:28 - [TEST_STEP][PASSED] - delay: Delayed 2 second(s)

2018-09-28 17:51:30 - [MESSAGE][PASSED] - Delayed 2 second(s)

2018-09-28 17:51:30 - [TEST_STEP][PASSED] - click: Object: 'Object Repository/Page_Shop Hair Heat Protectants/svg_ 2018 Birchbox_icon__svg__' is clicked on

2018-09-28 17:51:30 - [MESSAGE][PASSED] - Object: 'Object Repository/Page_Shop Hair Heat Protectants/svg_ 2018 Birchbox_icon__svg__' is clicked on

2018-09-28 17:51:30 - [TEST_STEP][PASSED] - click: Object: 'Object Repository/Page_Shop Hair Heat Protectants/div_Hair' is clicked on

2018-09-28 17:51:30 - [MESSAGE][PASSED] - Object: 'Object Repository/Page_Shop Hair Heat Protectants/div_Hair' is clicked on

2018-09-28 17:51:30 - [TEST_STEP][PASSED] - click: Object: 'Object Repository/Page_Shop Hair Heat Protectants/div_Style' is clicked on

2018-09-28 17:51:30 - [MESSAGE][PASSED] - Object: 'Object Repository/Page_Shop Hair Heat Protectants/div_Style' is clicked on

2018-09-28 17:51:30 - [TEST_STEP][PASSED] - delay: Delayed 1 second(s)

2018-09-28 17:51:31 - [MESSAGE][PASSED] - Delayed 1 second(s)

2018-09-28 17:51:31 - [TEST_STEP][PASSED] - waitForElementVisible: Object 'Object Repository/Page_Beauty Box Subscription for Wo/a_Volumizers' is visible

2018-09-28 17:51:31 - [MESSAGE][WARNING] - Timeout '0' is invalid. Using default page load timeout: '90'

2018-09-28 17:51:31 - [MESSAGE][PASSED] - Object 'Object Repository/Page_Beauty Box Subscription for Wo/a_Volumizers' is visible

2018-09-28 17:51:31 - [TEST_STEP][PASSED] - waitForElementClickable: Object 'Object Repository/Page_Beauty Box Subscription for Wo/a_Volumizers' is clickable

2018-09-28 17:51:31 - [MESSAGE][WARNING] - Timeout '0' is invalid. Using default page load timeout: '90'

2018-09-28 17:51:32 - [MESSAGE][PASSED] - Object 'Object Repository/Page_Beauty Box Subscription for Wo/a_Volumizers' is clickable

2018-09-28 17:51:32 - [TEST_STEP][PASSED] - click: Object: 'Object Repository/Page_Beauty Box Subscription for Wo/a_Volumizers' is clicked on

2018-09-28 17:51:32 - [MESSAGE][PASSED] - Object: 'Object Repository/Page_Beauty Box Subscription for Wo/a_Volumizers' is clicked on

2018-09-28 17:51:32 - [TEST_STEP][PASSED] - delay: Delayed 2 second(s)

2018-09-28 17:51:34 - [MESSAGE][PASSED] - Delayed 2 second(s)

2018-09-28 17:51:34 - [TEST_STEP][PASSED] - click: Object: 'Object Repository/Page_Shop Hair Volumizers/svg_ 2018 Birchbox_icon__svg__' is clicked on

2018-09-28 17:51:34 - [MESSAGE][PASSED] - Object: 'Object Repository/Page_Shop Hair Volumizers/svg_ 2018 Birchbox_icon__svg__' is clicked on

2018-09-28 17:51:34 - [TEST_STEP][PASSED] - click: Object: 'Object Repository/Page_Shop Hair Volumizers/div_Hair' is clicked on

2018-09-28 17:51:34 - [MESSAGE][PASSED] - Object: 'Object Repository/Page_Shop Hair Volumizers/div_Hair' is clicked on

2018-09-28 17:51:34 - [TEST_STEP][PASSED] - click: Object: 'Object Repository/Page_Shop Hair Volumizers/div_Style' is clicked on

2018-09-28 17:51:34 - [MESSAGE][PASSED] - Object: 'Object Repository/Page_Shop Hair Volumizers/div_Style' is clicked on

2018-09-28 17:51:34 - [TEST_STEP][PASSED] - delay: Delayed 1 second(s)

2018-09-28 17:51:35 - [MESSAGE][PASSED] - Delayed 1 second(s)

2018-09-28 17:51:35 - [TEST_STEP][PASSED] - waitForElementVisible: Object 'Object Repository/Page_Beauty Box Subscription for Wo/a_Air Dry Creams  Sprays' is visible

2018-09-28 17:51:35 - [MESSAGE][WARNING] - Timeout '0' is invalid. Using default page load timeout: '90'

2018-09-28 17:51:36 - [MESSAGE][PASSED] - Object 'Object Repository/Page_Beauty Box Subscription for Wo/a_Air Dry Creams  Sprays' is visible

2018-09-28 17:51:36 - [TEST_STEP][PASSED] - waitForElementClickable: Object 'Object Repository/Page_Beauty Box Subscription for Wo/a_Air Dry Creams  Sprays' is clickable

2018-09-28 17:51:36 - [MESSAGE][WARNING] - Timeout '0' is invalid. Using default page load timeout: '90'

2018-09-28 17:51:36 - [MESSAGE][PASSED] - Object 'Object Repository/Page_Beauty Box Subscription for Wo/a_Air Dry Creams  Sprays' is clickable

2018-09-28 17:51:36 - [TEST_STEP][PASSED] - click: Object: 'Object Repository/Page_Beauty Box Subscription for Wo/a_Air Dry Creams  Sprays' is clicked on

2018-09-28 17:51:36 - [MESSAGE][PASSED] - Object: 'Object Repository/Page_Beauty Box Subscription for Wo/a_Air Dry Creams  Sprays' is clicked on

2018-09-28 17:51:36 - [TEST_STEP][PASSED] - delay: Delayed 2 second(s)

2018-09-28 17:51:38 - [MESSAGE][PASSED] - Delayed 2 second(s)

2018-09-28 17:51:38 - [TEST_STEP][PASSED] - click: Object: 'Object Repository/Page_Shop Hair/svg_ 2018 Birchbox_icon__svg__' is clicked on

2018-09-28 17:51:38 - [MESSAGE][PASSED] - Object: 'Object Repository/Page_Shop Hair/svg_ 2018 Birchbox_icon__svg__' is clicked on

2018-09-28 17:51:38 - [TEST_STEP][PASSED] - click: Object: 'Object Repository/Page_Shop Hair/div_Hair' is clicked on

2018-09-28 17:51:38 - [MESSAGE][PASSED] - Object: 'Object Repository/Page_Shop Hair/div_Hair' is clicked on

2018-09-28 17:51:38 - [TEST_STEP][PASSED] - click: Object: 'Object Repository/Page_Shop Hair/div_Style' is clicked on

2018-09-28 17:51:39 - [MESSAGE][PASSED] - Object: 'Object Repository/Page_Shop Hair/div_Style' is clicked on

2018-09-28 17:51:39 - [TEST_STEP][PASSED] - delay: Delayed 1 second(s)

2018-09-28 17:51:40 - [MESSAGE][PASSED] - Delayed 1 second(s)

2018-09-28 17:51:40 - [TEST_STEP][PASSED] - waitForElementVisible: Object 'Object Repository/Page_Beauty Box Subscription for Wo/a_Curl Creams  Sprays' is visible

2018-09-28 17:51:40 - [MESSAGE][WARNING] - Timeout '0' is invalid. Using default page load timeout: '90'

2018-09-28 17:51:40 - [MESSAGE][PASSED] - Object 'Object Repository/Page_Beauty Box Subscription for Wo/a_Curl Creams  Sprays' is visible

2018-09-28 17:51:40 - [TEST_STEP][PASSED] - waitForElementClickable: Object 'Object Repository/Page_Beauty Box Subscription for Wo/a_Curl Creams  Sprays' is clickable

2018-09-28 17:51:40 - [MESSAGE][WARNING] - Timeout '0' is invalid. Using default page load timeout: '90'

2018-09-28 17:51:40 - [MESSAGE][PASSED] - Object 'Object Repository/Page_Beauty Box Subscription for Wo/a_Curl Creams  Sprays' is clickable

2018-09-28 17:51:40 - [TEST_STEP][PASSED] - click: Object: 'Object Repository/Page_Beauty Box Subscription for Wo/a_Curl Creams  Sprays' is clicked on

2018-09-28 17:51:40 - [MESSAGE][PASSED] - Object: 'Object Repository/Page_Beauty Box Subscription for Wo/a_Curl Creams  Sprays' is clicked on

2018-09-28 17:51:40 - [TEST_STEP][PASSED] - delay: Delayed 2 second(s)

2018-09-28 17:51:42 - [MESSAGE][PASSED] - Delayed 2 second(s)

2018-09-28 17:51:42 - [TEST_STEP][PASSED] - click: Object: 'Object Repository/Page_Shop Hair Curl Creams and Hair/svg_ 2018 Birchbox_icon__svg__' is clicked on

2018-09-28 17:51:42 - [MESSAGE][PASSED] - Object: 'Object Repository/Page_Shop Hair Curl Creams and Hair/svg_ 2018 Birchbox_icon__svg__' is clicked on

2018-09-28 17:51:42 - [TEST_STEP][PASSED] - click: Object: 'Object Repository/Page_Shop Hair Curl Creams and Hair/div_Hair' is clicked on

2018-09-28 17:51:43 - [MESSAGE][PASSED] - Object: 'Object Repository/Page_Shop Hair Curl Creams and Hair/div_Hair' is clicked on

2018-09-28 17:51:43 - [TEST_STEP][PASSED] - click: Object: 'Object Repository/Page_Shop Hair Curl Creams and Hair/div_Style' is clicked on

2018-09-28 17:51:43 - [MESSAGE][PASSED] - Object: 'Object Repository/Page_Shop Hair Curl Creams and Hair/div_Style' is clicked on

2018-09-28 17:51:43 - [TEST_STEP][PASSED] - delay: Delayed 1 second(s)

2018-09-28 17:51:44 - [MESSAGE][PASSED] - Delayed 1 second(s)

2018-09-28 17:51:44 - [TEST_STEP][PASSED] - waitForElementVisible: Object 'Object Repository/Page_Beauty Box Subscription for Wo/a_Gels' is visible

2018-09-28 17:51:44 - [MESSAGE][WARNING] - Timeout '0' is invalid. Using default page load timeout: '90'

2018-09-28 17:51:44 - [MESSAGE][PASSED] - Object 'Object Repository/Page_Beauty Box Subscription for Wo/a_Gels' is visible

2018-09-28 17:51:44 - [TEST_STEP][PASSED] - waitForElementClickable: Object 'Object Repository/Page_Beauty Box Subscription for Wo/a_Gels' is clickable

2018-09-28 17:51:44 - [MESSAGE][WARNING] - Timeout '0' is invalid. Using default page load timeout: '90'

2018-09-28 17:51:44 - [MESSAGE][PASSED] - Object 'Object Repository/Page_Beauty Box Subscription for Wo/a_Gels' is clickable

2018-09-28 17:51:44 - [TEST_STEP][PASSED] - click: Object: 'Object Repository/Page_Beauty Box Subscription for Wo/a_Gels' is clicked on

2018-09-28 17:51:44 - [MESSAGE][PASSED] - Object: 'Object Repository/Page_Beauty Box Subscription for Wo/a_Gels' is clicked on

2018-09-28 17:51:44 - [TEST_STEP][PASSED] - delay: Delayed 2 second(s)

2018-09-28 17:51:46 - [MESSAGE][PASSED] - Delayed 2 second(s)

2018-09-28 17:51:46 - [TEST_STEP][PASSED] - click: Object: 'Object Repository/Page_Hair Styling Products from Bir/svg_ 2018 Birchbox_icon__svg__' is clicked on

2018-09-28 17:51:47 - [MESSAGE][PASSED] - Object: 'Object Repository/Page_Hair Styling Products from Bir/svg_ 2018 Birchbox_icon__svg__' is clicked on

2018-09-28 17:51:47 - [TEST_STEP][PASSED] - click: Object: 'Object Repository/Page_Hair Styling Products from Bir/div_Hair' is clicked on

2018-09-28 17:51:47 - [MESSAGE][PASSED] - Object: 'Object Repository/Page_Hair Styling Products from Bir/div_Hair' is clicked on

2018-09-28 17:51:47 - [TEST_STEP][PASSED] - click: Object: 'Object Repository/Page_Hair Styling Products from Bir/div_Style' is clicked on

2018-09-28 17:51:47 - [MESSAGE][PASSED] - Object: 'Object Repository/Page_Hair Styling Products from Bir/div_Style' is clicked on

2018-09-28 17:51:47 - [TEST_STEP][PASSED] - delay: Delayed 1 second(s)

2018-09-28 17:51:48 - [MESSAGE][PASSED] - Delayed 1 second(s)

2018-09-28 17:51:48 - [TEST_STEP][PASSED] - waitForElementVisible: Object 'Object Repository/Page_Beauty Box Subscription for Wo/a_Mousses' is visible

2018-09-28 17:51:48 - [MESSAGE][WARNING] - Timeout '0' is invalid. Using default page load timeout: '90'

2018-09-28 17:51:48 - [MESSAGE][PASSED] - Object 'Object Repository/Page_Beauty Box Subscription for Wo/a_Mousses' is visible

2018-09-28 17:51:48 - [TEST_STEP][PASSED] - waitForElementClickable: Object 'Object Repository/Page_Beauty Box Subscription for Wo/a_Mousses' is clickable

2018-09-28 17:51:48 - [MESSAGE][WARNING] - Timeout '0' is invalid. Using default page load timeout: '90'

2018-09-28 17:51:48 - [MESSAGE][PASSED] - Object 'Object Repository/Page_Beauty Box Subscription for Wo/a_Mousses' is clickable

2018-09-28 17:51:48 - [TEST_STEP][PASSED] - click: Object: 'Object Repository/Page_Beauty Box Subscription for Wo/a_Mousses' is clicked on

2018-09-28 17:51:49 - [MESSAGE][PASSED] - Object: 'Object Repository/Page_Beauty Box Subscription for Wo/a_Mousses' is clicked on

2018-09-28 17:51:49 - [TEST_STEP][PASSED] - delay: Delayed 2 second(s)

2018-09-28 17:51:51 - [MESSAGE][PASSED] - Delayed 2 second(s)

2018-09-28 17:51:51 - [TEST_STEP][PASSED] - click: Object: 'Object Repository/Page_Shop Hair Mousse/svg_ 2018 Birchbox_icon__svg__' is clicked on

2018-09-28 17:51:51 - [MESSAGE][PASSED] - Object: 'Object Repository/Page_Shop Hair Mousse/svg_ 2018 Birchbox_icon__svg__' is clicked on

2018-09-28 17:51:51 - [TEST_STEP][PASSED] - click: Object: 'Object Repository/Page_Shop Hair Mousse/div_Hair' is clicked on

2018-09-28 17:51:51 - [MESSAGE][PASSED] - Object: 'Object Repository/Page_Shop Hair Mousse/div_Hair' is clicked on

2018-09-28 17:51:51 - [TEST_STEP][PASSED] - click: Object: 'Object Repository/Page_Shop Hair Mousse/div_Style' is clicked on

2018-09-28 17:51:52 - [MESSAGE][PASSED] - Object: 'Object Repository/Page_Shop Hair Mousse/div_Style' is clicked on

2018-09-28 17:51:52 - [TEST_STEP][PASSED] - delay: Delayed 1 second(s)

2018-09-28 17:51:53 - [MESSAGE][PASSED] - Delayed 1 second(s)

2018-09-28 17:51:53 - [TEST_STEP][PASSED] - waitForElementVisible: Object 'Object Repository/Page_Beauty Box Subscription for Wo/a_Hot Tools (2)' is visible

2018-09-28 17:51:53 - [MESSAGE][WARNING] - Timeout '0' is invalid. Using default page load timeout: '90'

2018-09-28 17:51:53 - [MESSAGE][PASSED] - Object 'Object Repository/Page_Beauty Box Subscription for Wo/a_Hot Tools (2)' is visible

2018-09-28 17:51:53 - [TEST_STEP][PASSED] - waitForElementClickable: Object 'Object Repository/Page_Beauty Box Subscription for Wo/a_Hot Tools (2)' is clickable

2018-09-28 17:51:53 - [MESSAGE][WARNING] - Timeout '0' is invalid. Using default page load timeout: '90'

2018-09-28 17:51:53 - [MESSAGE][PASSED] - Object 'Object Repository/Page_Beauty Box Subscription for Wo/a_Hot Tools (2)' is clickable

2018-09-28 17:51:53 - [TEST_STEP][PASSED] - click: Object: 'Object Repository/Page_Beauty Box Subscription for Wo/a_Hot Tools (2)' is clicked on

2018-09-28 17:51:53 - [MESSAGE][PASSED] - Object: 'Object Repository/Page_Beauty Box Subscription for Wo/a_Hot Tools (2)' is clicked on

2018-09-28 17:51:53 - [TEST_STEP][PASSED] - delay: Delayed 2 second(s)

2018-09-28 17:51:55 - [MESSAGE][PASSED] - Delayed 2 second(s)

2018-09-28 17:51:55 - [TEST_STEP][PASSED] - click: Object: 'Object Repository/Page_Shop Hair Tools/svg_ 2018 Birchbox_icon__svg__' is clicked on

2018-09-28 17:51:55 - [MESSAGE][PASSED] - Object: 'Object Repository/Page_Shop Hair Tools/svg_ 2018 Birchbox_icon__svg__' is clicked on

2018-09-28 17:51:55 - [TEST_STEP][PASSED] - click: Object: 'Object Repository/Page_Shop Hair Tools/div_Hair' is clicked on

2018-09-28 17:51:55 - [MESSAGE][PASSED] - Object: 'Object Repository/Page_Shop Hair Tools/div_Hair' is clicked on

2018-09-28 17:51:55 - [TEST_STEP][PASSED] - click: Object: 'Object Repository/Page_Shop Hair Tools/div_Extend' is clicked on

2018-09-28 17:51:56 - [MESSAGE][PASSED] - Object: 'Object Repository/Page_Shop Hair Tools/div_Extend' is clicked on

2018-09-28 17:51:56 - [TEST_STEP][PASSED] - delay: Delayed 1 second(s)

2018-09-28 17:51:57 - [MESSAGE][PASSED] - Delayed 1 second(s)

2018-09-28 17:51:57 - [TEST_STEP][PASSED] - waitForElementVisible: Object 'Object Repository/Page_Beauty Box Subscription for Wo/a_Dry Shampoos' is visible

2018-09-28 17:51:57 - [MESSAGE][WARNING] - Timeout '0' is invalid. Using default page load timeout: '90'

2018-09-28 17:51:57 - [MESSAGE][PASSED] - Object 'Object Repository/Page_Beauty Box Subscription for Wo/a_Dry Shampoos' is visible

2018-09-28 17:51:57 - [TEST_STEP][PASSED] - waitForElementClickable: Object 'Object Repository/Page_Beauty Box Subscription for Wo/a_Dry Shampoos' is clickable

2018-09-28 17:51:57 - [MESSAGE][WARNING] - Timeout '0' is invalid. Using default page load timeout: '90'

2018-09-28 17:51:57 - [MESSAGE][PASSED] - Object 'Object Repository/Page_Beauty Box Subscription for Wo/a_Dry Shampoos' is clickable

2018-09-28 17:51:57 - [TEST_STEP][PASSED] - click: Object: 'Object Repository/Page_Beauty Box Subscription for Wo/a_Dry Shampoos' is clicked on

2018-09-28 17:51:57 - [MESSAGE][PASSED] - Object: 'Object Repository/Page_Beauty Box Subscription for Wo/a_Dry Shampoos' is clicked on

2018-09-28 17:51:57 - [TEST_STEP][PASSED] - delay: Delayed 2 second(s)

2018-09-28 17:51:59 - [MESSAGE][PASSED] - Delayed 2 second(s)

2018-09-28 17:51:59 - [TEST_STEP][PASSED] - click: Object: 'Object Repository/Page_Shop Dry Shampoos/svg_ 2018 Birchbox_icon__svg__' is clicked on

2018-09-28 17:52:00 - [MESSAGE][PASSED] - Object: 'Object Repository/Page_Shop Dry Shampoos/svg_ 2018 Birchbox_icon__svg__' is clicked on

2018-09-28 17:52:00 - [TEST_STEP][PASSED] - waitForElementVisible: Object 'Object Repository/Page_Shop Dry Shampoos/div_Hair' is visible

2018-09-28 17:52:00 - [MESSAGE][WARNING] - Timeout '0' is invalid. Using default page load timeout: '90'

2018-09-28 17:52:00 - [MESSAGE][PASSED] - Object 'Object Repository/Page_Shop Dry Shampoos/div_Hair' is visible

2018-09-28 17:52:00 - [TEST_STEP][PASSED] - click: Object: 'Object Repository/Page_Shop Dry Shampoos/div_Hair' is clicked on

2018-09-28 17:52:00 - [MESSAGE][PASSED] - Object: 'Object Repository/Page_Shop Dry Shampoos/div_Hair' is clicked on

2018-09-28 17:52:00 - [TEST_STEP][PASSED] - click: Object: 'Object Repository/Page_Shop Dry Shampoos/div_Extend' is clicked on

2018-09-28 17:52:00 - [MESSAGE][PASSED] - Object: 'Object Repository/Page_Shop Dry Shampoos/div_Extend' is clicked on

2018-09-28 17:52:00 - [TEST_STEP][PASSED] - delay: Delayed 1 second(s)

2018-09-28 17:52:01 - [MESSAGE][PASSED] - Delayed 1 second(s)

2018-09-28 17:52:01 - [TEST_STEP][PASSED] - waitForElementVisible: Object 'Object Repository/Page_Beauty Box Subscription for Wo/a_Dry Conditioners' is visible

2018-09-28 17:52:01 - [MESSAGE][WARNING] - Timeout '0' is invalid. Using default page load timeout: '90'

2018-09-28 17:52:01 - [MESSAGE][PASSED] - Object 'Object Repository/Page_Beauty Box Subscription for Wo/a_Dry Conditioners' is visible

2018-09-28 17:52:01 - [TEST_STEP][PASSED] - waitForElementClickable: Object 'Object Repository/Page_Beauty Box Subscription for Wo/a_Dry Conditioners' is clickable

2018-09-28 17:52:01 - [MESSAGE][WARNING] - Timeout '0' is invalid. Using default page load timeout: '90'

2018-09-28 17:52:01 - [MESSAGE][PASSED] - Object 'Object Repository/Page_Beauty Box Subscription for Wo/a_Dry Conditioners' is clickable

2018-09-28 17:52:01 - [TEST_STEP][PASSED] - click: Object: 'Object Repository/Page_Beauty Box Subscription for Wo/a_Dry Conditioners' is clicked on

2018-09-28 17:52:02 - [MESSAGE][PASSED] - Object: 'Object Repository/Page_Beauty Box Subscription for Wo/a_Dry Conditioners' is clicked on

2018-09-28 17:52:02 - [TEST_STEP][PASSED] - delay: Delayed 2 second(s)

2018-09-28 17:52:04 - [MESSAGE][PASSED] - Delayed 2 second(s)

2018-09-28 17:52:04 - [TEST_STEP][PASSED] - click: Object: 'Object Repository/Page_Shop Dry Conditioners/svg_ 2018 Birchbox_icon__svg__' is clicked on

2018-09-28 17:52:04 - [MESSAGE][PASSED] - Object: 'Object Repository/Page_Shop Dry Conditioners/svg_ 2018 Birchbox_icon__svg__' is clicked on

2018-09-28 17:52:04 - [TEST_STEP][PASSED] - click: Object: 'Object Repository/Page_Shop Dry Conditioners/div_Hair' is clicked on

2018-09-28 17:52:04 - [MESSAGE][PASSED] - Object: 'Object Repository/Page_Shop Dry Conditioners/div_Hair' is clicked on

2018-09-28 17:52:04 - [TEST_STEP][PASSED] - click: Object: 'Object Repository/Page_Shop Dry Conditioners/div_Extend' is clicked on

2018-09-28 17:52:05 - [MESSAGE][PASSED] - Object: 'Object Repository/Page_Shop Dry Conditioners/div_Extend' is clicked on

2018-09-28 17:52:05 - [TEST_STEP][PASSED] - delay: Delayed 1 second(s)

2018-09-28 17:52:06 - [MESSAGE][PASSED] - Delayed 1 second(s)

2018-09-28 17:52:06 - [TEST_STEP][PASSED] - waitForElementVisible: Object 'Object Repository/Page_Beauty Box Subscription for Wo/a_Re-styling Creams  Sprays' is visible

2018-09-28 17:52:06 - [MESSAGE][WARNING] - Timeout '0' is invalid. Using default page load timeout: '90'

2018-09-28 17:52:06 - [MESSAGE][PASSED] - Object 'Object Repository/Page_Beauty Box Subscription for Wo/a_Re-styling Creams  Sprays' is visible

2018-09-28 17:52:06 - [TEST_STEP][PASSED] - waitForElementClickable: Object 'Object Repository/Page_Beauty Box Subscription for Wo/a_Re-styling Creams  Sprays' is clickable

2018-09-28 17:52:06 - [MESSAGE][WARNING] - Timeout '0' is invalid. Using default page load timeout: '90'

2018-09-28 17:52:06 - [MESSAGE][PASSED] - Object 'Object Repository/Page_Beauty Box Subscription for Wo/a_Re-styling Creams  Sprays' is clickable

2018-09-28 17:52:06 - [TEST_STEP][PASSED] - click: Object: 'Object Repository/Page_Beauty Box Subscription for Wo/a_Re-styling Creams  Sprays' is clicked on

2018-09-28 17:52:06 - [MESSAGE][PASSED] - Object: 'Object Repository/Page_Beauty Box Subscription for Wo/a_Re-styling Creams  Sprays' is clicked on

2018-09-28 17:52:06 - [TEST_STEP][PASSED] - delay: Delayed 2 second(s)

2018-09-28 17:52:08 - [MESSAGE][PASSED] - Delayed 2 second(s)

2018-09-28 17:52:08 - [TEST_STEP][PASSED] - click: Object: 'Object Repository/Page_Shop Hair Restyler Cream  Hair/svg_ 2018 Birchbox_icon__svg__' is clicked on

2018-09-28 17:52:08 - [MESSAGE][PASSED] - Object: 'Object Repository/Page_Shop Hair Restyler Cream  Hair/svg_ 2018 Birchbox_icon__svg__' is clicked on

2018-09-28 17:52:08 - [TEST_STEP][PASSED] - click: Object: 'Object Repository/Page_Shop Hair Restyler Cream  Hair/div_Hair' is clicked on

2018-09-28 17:52:08 - [MESSAGE][PASSED] - Object: 'Object Repository/Page_Shop Hair Restyler Cream  Hair/div_Hair' is clicked on

2018-09-28 17:52:08 - [TEST_STEP][PASSED] - delay: Delayed 1 second(s)

2018-09-28 17:52:09 - [MESSAGE][PASSED] - Delayed 1 second(s)

2018-09-28 17:52:09 - [TEST_STEP][PASSED] - waitForElementVisible: Object 'Object Repository/Page_Shop Hair Restyler Cream  Hair/div_See all Haircare' is visible

2018-09-28 17:52:09 - [MESSAGE][WARNING] - Timeout '0' is invalid. Using default page load timeout: '90'

2018-09-28 17:52:09 - [MESSAGE][PASSED] - Object 'Object Repository/Page_Shop Hair Restyler Cream  Hair/div_See all Haircare' is visible

2018-09-28 17:52:09 - [TEST_STEP][PASSED] - waitForElementClickable: Object 'Object Repository/Page_Shop Hair Restyler Cream  Hair/div_See all Haircare' is clickable

2018-09-28 17:52:09 - [MESSAGE][WARNING] - Timeout '0' is invalid. Using default page load timeout: '90'

2018-09-28 17:52:09 - [MESSAGE][PASSED] - Object 'Object Repository/Page_Shop Hair Restyler Cream  Hair/div_See all Haircare' is clickable

2018-09-28 17:52:09 - [TEST_STEP][PASSED] - click: Object: 'Object Repository/Page_Shop Hair Restyler Cream  Hair/div_See all Haircare' is clicked on

2018-09-28 17:52:10 - [MESSAGE][PASSED] - Object: 'Object Repository/Page_Shop Hair Restyler Cream  Hair/div_See all Haircare' is clicked on

2018-09-28 17:52:10 - [TEST_STEP][PASSED] - delay: Delayed 2 second(s)

2018-09-28 17:52:12 - [MESSAGE][PASSED] - Delayed 2 second(s)

2018-09-28 17:52:12 - [TEST_STEP][PASSED] - click: Object: 'Object Repository/Page_Beauty Box Subscription for Wo/svg_ 2018 Birchbox_icon__svg__' is clicked on

2018-09-28 17:52:12 - [MESSAGE][PASSED] - Object: 'Object Repository/Page_Beauty Box Subscription for Wo/svg_ 2018 Birchbox_icon__svg__' is clicked on

2018-09-28 17:52:12 - [TEST_STEP][PASSED] - click: Object: 'Object Repository/Page_Beauty Box Subscription for Wo/div_Hair' is clicked on

2018-09-28 17:52:12 - [MESSAGE][PASSED] - Object: 'Object Repository/Page_Beauty Box Subscription for Wo/div_Hair' is clicked on

2018-09-28 17:52:12 - [TEST_STEP][PASSED] - delay: Delayed 1 second(s)

2018-09-28 17:52:13 - [MESSAGE][PASSED] - Delayed 1 second(s)

2018-09-28 17:52:13 - [TEST_STEP][PASSED] - waitForElementVisible: Web element with id: 'Object Repository/Page_Beauty Box Subscription for Wo/a_Best Sellers' located by 'By.xpath: id("root")/div[@class="app__container___1iszn undefined"]/div[@class="Drawer__OuterDiv-fQULRK utilities__cover___WKDvY jxeJTN"]/div[@class="Drawer__InnerDiv-QSCgb jfPdeQ"]/div[@class="DrawerDiv-ihhGLG ZybrZ"]/div[@class="TransitionContainer__NarrowScrollDiv-dvmQNx hDoneZ"]/div[1]/div[1]/div[@class="utilities__relative___1GEg3"]/div[@class="DepartmentMenuNarrow__OuterDiv-krOToT jjqXTN"]/div[@class="LinkGroupBlock__OuterDiv-jdLeUj cQPGbl"]/div[@class="LinkGroup__ContainerDiv-iTTNCg hbgMun"]/a[@class="LinkGroup__StyledLink-gFFnXB typography__copy13___2sIAt bLpdAf StyledLink-khUpca ddtewq"]' not found

2018-09-28 17:52:13 - [MESSAGE][WARNING] - Timeout '0' is invalid. Using default page load timeout: '90'

2018-09-28 17:53:46 - [MESSAGE][WARNING] - Web element with id: 'Object Repository/Page_Beauty Box Subscription for Wo/a_Best Sellers' located by 'By.xpath: id("root")/div[@class="app__container___1iszn undefined"]/div[@class="Drawer__OuterDiv-fQULRK utilities__cover___WKDvY jxeJTN"]/div[@class="Drawer__InnerDiv-QSCgb jfPdeQ"]/div[@class="DrawerDiv-ihhGLG ZybrZ"]/div[@class="TransitionContainer__NarrowScrollDiv-dvmQNx hDoneZ"]/div[1]/div[1]/div[@class="utilities__relative___1GEg3"]/div[@class="DepartmentMenuNarrow__OuterDiv-krOToT jjqXTN"]/div[@class="LinkGroupBlock__OuterDiv-jdLeUj cQPGbl"]/div[@class="LinkGroup__ContainerDiv-iTTNCg hbgMun"]/a[@class="LinkGroup__StyledLink-gFFnXB typography__copy13___2sIAt bLpdAf StyledLink-khUpca ddtewq"]' not found

2018-09-28 17:53:46 - [TEST_STEP][PASSED] - waitForElementClickable: Web element with id: 'Object Repository/Page_Beauty Box Subscription for Wo/a_Best Sellers' located by 'By.xpath: id("root")/div[@class="app__container___1iszn undefined"]/div[@class="Drawer__OuterDiv-fQULRK utilities__cover___WKDvY jxeJTN"]/div[@class="Drawer__InnerDiv-QSCgb jfPdeQ"]/div[@class="DrawerDiv-ihhGLG ZybrZ"]/div[@class="TransitionContainer__NarrowScrollDiv-dvmQNx hDoneZ"]/div[1]/div[1]/div[@class="utilities__relative___1GEg3"]/div[@class="DepartmentMenuNarrow__OuterDiv-krOToT jjqXTN"]/div[@class="LinkGroupBlock__OuterDiv-jdLeUj cQPGbl"]/div[@class="LinkGroup__ContainerDiv-iTTNCg hbgMun"]/a[@class="LinkGroup__StyledLink-gFFnXB typography__copy13___2sIAt bLpdAf StyledLink-khUpca ddtewq"]' not found

2018-09-28 17:53:46 - [MESSAGE][WARNING] - Timeout '0' is invalid. Using default page load timeout: '90'

2018-09-28 17:55:20 - [MESSAGE][WARNING] - Web element with id: 'Object Repository/Page_Beauty Box Subscription for Wo/a_Best Sellers' located by 'By.xpath: id("root")/div[@class="app__container___1iszn undefined"]/div[@class="Drawer__OuterDiv-fQULRK utilities__cover___WKDvY jxeJTN"]/div[@class="Drawer__InnerDiv-QSCgb jfPdeQ"]/div[@class="DrawerDiv-ihhGLG ZybrZ"]/div[@class="TransitionContainer__NarrowScrollDiv-dvmQNx hDoneZ"]/div[1]/div[1]/div[@class="utilities__relative___1GEg3"]/div[@class="DepartmentMenuNarrow__OuterDiv-krOToT jjqXTN"]/div[@class="LinkGroupBlock__OuterDiv-jdLeUj cQPGbl"]/div[@class="LinkGroup__ContainerDiv-iTTNCg hbgMun"]/a[@class="LinkGroup__StyledLink-gFFnXB typography__copy13___2sIAt bLpdAf StyledLink-khUpca ddtewq"]' not found

2018-09-28 17:55:20 - [TEST_STEP][FAILED] - click: Unable to click on object 'Object Repository/Page_Beauty Box Subscription for Wo/a_Best Sellers' (Root cause: com.kms.katalon.core.webui.exception.WebElementNotFoundException: Web element with id: 'Object Repository/Page_Beauty Box Subscription for Wo/a_Best Sellers' located by 'By.xpath: id("root")/div[@class="app__container___1iszn undefined"]/div[@class="Drawer__OuterDiv-fQULRK utilities__cover___WKDvY jxeJTN"]/div[@class="Drawer__InnerDiv-QSCgb jfPdeQ"]/div[@class="DrawerDiv-ihhGLG ZybrZ"]/div[@class="TransitionContainer__NarrowScrollDiv-dvmQNx hDoneZ"]/div[1]/div[1]/div[@class="utilities__relative___1GEg3"]/div[@class="DepartmentMenuNarrow__OuterDiv-krOToT jjqXTN"]/div[@class="LinkGroupBlock__OuterDiv-jdLeUj cQPGbl"]/div[@class="LinkGroup__ContainerDiv-iTTNCg hbgMun"]/a[@class="LinkGroup__StyledLink-gFFnXB typography__copy13___2sIAt bLpdAf StyledLink-khUpca ddtewq"][count(. | //a[@href = '/category/820']) = count(//a[@href = '/category/820'])]' not found)

2018-09-28 17:56:53 - [MESSAGE][FAILED] - Unable to click on object 'Object Repository/Page_Beauty Box Subscription for Wo/a_Best Sellers' (Root cause: com.kms.katalon.core.webui.exception.WebElementNotFoundException: Web element with id: 'Object Repository/Page_Beauty Box Subscription for Wo/a_Best Sellers' located by 'By.xpath: id("root")/div[@class="app__container___1iszn undefined"]/div[@class="Drawer__OuterDiv-fQULRK utilities__cover___WKDvY jxeJTN"]/div[@class="Drawer__InnerDiv-QSCgb jfPdeQ"]/div[@class="DrawerDiv-ihhGLG ZybrZ"]/div[@class="TransitionContainer__NarrowScrollDiv-dvmQNx hDoneZ"]/div[1]/div[1]/div[@class="utilities__relative___1GEg3"]/div[@class="DepartmentMenuNarrow__OuterDiv-krOToT jjqXTN"]/div[@class="LinkGroupBlock__OuterDiv-jdLeUj cQPGbl"]/div[@class="LinkGroup__ContainerDiv-iTTNCg hbgMun"]/a[@class="LinkGroup__StyledLink-gFFnXB typography__copy13___2sIAt bLpdAf StyledLink-khUpca ddtewq"][count(. | //a[@href = '/category/820']) = count(//a[@href = '/category/820'])]' not found)]]></system-out>
         <system-err><![CDATA[2018-09-28 17:50:00 - [TEST_CASE][FAILED] - Test Cases/US mobile test/Test all Shop top-level categories for Womens Shop (Hair): Test Cases/US mobile test/Test all Shop top-level categories for Womens Shop (Hair) FAILED because (of) (Stack trace: com.kms.katalon.core.exception.StepFailedException: Unable to click on object 'Object Repository/Page_Beauty Box Subscription for Wo/a_Best Sellers' (Root cause: com.kms.katalon.core.webui.exception.WebElementNotFoundException: Web element with id: 'Object Repository/Page_Beauty Box Subscription for Wo/a_Best Sellers' located by 'By.xpath: id("root")/div[@class="app__container___1iszn undefined"]/div[@class="Drawer__OuterDiv-fQULRK utilities__cover___WKDvY jxeJTN"]/div[@class="Drawer__InnerDiv-QSCgb jfPdeQ"]/div[@class="DrawerDiv-ihhGLG ZybrZ"]/div[@class="TransitionContainer__NarrowScrollDiv-dvmQNx hDoneZ"]/div[1]/div[1]/div[@class="utilities__relative___1GEg3"]/div[@class="DepartmentMenuNarrow__OuterDiv-krOToT jjqXTN"]/div[@class="LinkGroupBlock__OuterDiv-jdLeUj cQPGbl"]/div[@class="LinkGroup__ContainerDiv-iTTNCg hbgMun"]/a[@class="LinkGroup__StyledLink-gFFnXB typography__copy13___2sIAt bLpdAf StyledLink-khUpca ddtewq"][count(. | //a[@href = '/category/820']) = count(//a[@href = '/category/820'])]' not found)
	at com.kms.katalon.core.keyword.internal.KeywordMain.stepFailed(KeywordMain.groovy:36)
	at com.kms.katalon.core.webui.keyword.internal.WebUIKeywordMain.stepFailed(WebUIKeywordMain.groovy:65)
	at com.kms.katalon.core.webui.keyword.internal.WebUIKeywordMain.runKeyword(WebUIKeywordMain.groovy:27)
	at com.kms.katalon.core.webui.keyword.builtin.ClickKeyword.click(ClickKeyword.groovy:86)
	at com.kms.katalon.core.webui.keyword.builtin.ClickKeyword.execute(ClickKeyword.groovy:67)
	at com.kms.katalon.core.keyword.internal.KeywordExecutor.executeKeywordForPlatform(KeywordExecutor.groovy:53)
	at com.kms.katalon.core.webui.keyword.WebUiBuiltInKeywords.click(WebUiBuiltInKeywords.groovy:616)
	at com.kms.katalon.core.webui.keyword.WebUiBuiltInKeywords$click$4.call(Unknown Source)
	at org.codehaus.groovy.runtime.callsite.CallSiteArray.defaultCall(CallSiteArray.java:48)
	at org.codehaus.groovy.runtime.callsite.AbstractCallSite.call(AbstractCallSite.java:113)
	at org.codehaus.groovy.runtime.callsite.AbstractCallSite.call(AbstractCallSite.java:125)
	at Script1536614341005.run(Script1536614341005.groovy:480)
	at com.kms.katalon.core.main.ScriptEngine.run(ScriptEngine.java:183)
	at com.kms.katalon.core.main.ScriptEngine.runScriptAsRawText(ScriptEngine.java:108)
	at com.kms.katalon.core.main.TestCaseExecutor.runScript(TestCaseExecutor.java:294)
	at com.kms.katalon.core.main.TestCaseExecutor.doExecute(TestCaseExecutor.java:285)
	at com.kms.katalon.core.main.TestCaseExecutor.processExecutionPhase(TestCaseExecutor.java:264)
	at com.kms.katalon.core.main.TestCaseExecutor.accessMainPhase(TestCaseExecutor.java:256)
	at com.kms.katalon.core.main.TestCaseExecutor.execute(TestCaseExecutor.java:200)
	at com.kms.katalon.core.main.TestSuiteExecutor.accessTestCaseMainPhase(TestSuiteExecutor.java:129)
	at com.kms.katalon.core.main.TestSuiteExecutor.accessTestSuiteMainPhase(TestSuiteExecutor.java:112)
	at com.kms.katalon.core.main.TestSuiteExecutor.execute(TestSuiteExecutor.java:81)
	at com.kms.katalon.core.main.TestCaseMain.startTestSuite(TestCaseMain.java:142)
	at com.kms.katalon.core.main.TestCaseMain$startTestSuite$0.call(Unknown Source)
	at org.codehaus.groovy.runtime.callsite.CallSiteArray.defaultCall(CallSiteArray.java:48)
	at org.codehaus.groovy.runtime.callsite.AbstractCallSite.call(AbstractCallSite.java:113)
	at org.codehaus.groovy.runtime.callsite.AbstractCallSite.call(AbstractCallSite.java:141)
	at TempTestSuite1538181848080.run(TempTestSuite1538181848080.groovy:36)
	at groovy.lang.GroovyShell.runScriptOrMainOrTestOrRunnable(GroovyShell.java:263)
	at groovy.lang.GroovyShell.run(GroovyShell.java:518)
	at groovy.lang.GroovyShell.run(GroovyShell.java:507)
	at groovy.ui.GroovyMain.processOnce(GroovyMain.java:653)
	at groovy.ui.GroovyMain.run(GroovyMain.java:384)
	at groovy.ui.GroovyMain.process(GroovyMain.java:370)
	at groovy.ui.GroovyMain.processArgs(GroovyMain.java:129)
	at groovy.ui.GroovyMain.main(GroovyMain.java:109)
	at sun.reflect.NativeMethodAccessorImpl.invoke0(Native Method)
	at sun.reflect.NativeMethodAccessorImpl.invoke(NativeMethodAccessorImpl.java:62)
	at sun.reflect.DelegatingMethodAccessorImpl.invoke(DelegatingMethodAccessorImpl.java:43)
	at java.lang.reflect.Method.invoke(Method.java:498)
	at org.codehaus.groovy.tools.GroovyStarter.rootLoader(GroovyStarter.java:109)
	at org.codehaus.groovy.tools.GroovyStarter.main(GroovyStarter.java:131)
)]]></system-err>
      </testcase>
      <testcase name="Test Cases/US mobile test/Test all Shop top-level categories for Womes Shop (Skin)" classname="Test Cases/US mobile test/Test all Shop top-level categories for Womes Shop (Skin)" status="FAILED">
         <failure type="FAILED" message="(Stack trace: com.kms.katalon.core.exception.StepFailedException: Unable to click on object 'Object Repository/Page_Beauty Box Subscription for Wo/svg_ 2018 Birchbox_icon__svg__' (Root cause: org.openqa.selenium.WebDriverException: unknown error: Element &lt;svg class=&quot;icon__svg___cc1CR utilities__block___2NUBz utilities__fullWidth___3kUCi utilities__fullHeight___NZTu9&quot; viewBox=&quot;0 0 23 19&quot; fill=&quot;none&quot; stroke=&quot;#1f1f1f&quot; stroke-width=&quot;2&quot; stroke-linecap=&quot;square&quot;>...&lt;/svg> is not clickable at point (29, 32). Other element would receive the click: &lt;path d=&quot;M203.4,372.722l-2.122-2.121-9.677,9.677,2.121,2.121Z&quot; transform=&quot;translate(-191.594 -370.594)&quot;>&lt;/path>
  (Session info: chrome=69.0.3497.100)
  (Driver info: chromedriver=2.35.528161 (5b82f2d2aae0ca24b877009200ced9065a772e73),platform=Windows NT 6.1.7601 SP1 x86_64) (WARNING: The server did not provide any stacktrace information)
Command duration or timeout: 0 milliseconds
Build info: version: '3.7.1', revision: '8a0099a', time: '2017-11-06T21:07:36.161Z'
System info: host: 'PLEMKTPLACE-08', ip: '10.241.184.32', os.name: 'Windows 7', os.arch: 'amd64', os.version: '6.1', java.version: '1.8.0_181'
Driver info: com.kms.katalon.selenium.driver.CChromeDriver
Capabilities {acceptInsecureCerts: false, acceptSslCerts: false, applicationCacheEnabled: false, browserConnectionEnabled: false, browserName: chrome, chrome: {chromedriverVersion: 2.35.528161 (5b82f2d2aae0ca..., userDataDir: C:\Users\vbrooks\AppData\Lo...}, cssSelectorsEnabled: true, databaseEnabled: false, handlesAlerts: true, hasTouchScreen: false, javascriptEnabled: true, locationContextEnabled: true, mobileEmulationEnabled: false, nativeEvents: true, networkConnectionEnabled: false, pageLoadStrategy: normal, platform: XP, platformName: XP, rotatable: false, setWindowRect: true, takesHeapSnapshot: true, takesScreenshot: true, unexpectedAlertBehaviour: , unhandledPromptBehavior: , version: 69.0.3497.100, webStorageEnabled: true}
Session ID: 1840f5f18595068f3fe96d3f11a03448)
	at com.kms.katalon.core.keyword.internal.KeywordMain.stepFailed(KeywordMain.groovy:36)
	at com.kms.katalon.core.webui.keyword.internal.WebUIKeywordMain.stepFailed(WebUIKeywordMain.groovy:65)
	at com.kms.katalon.core.webui.keyword.internal.WebUIKeywordMain.runKeyword(WebUIKeywordMain.groovy:27)
	at com.kms.katalon.core.webui.keyword.builtin.ClickKeyword.click(ClickKeyword.groovy:86)
	at com.kms.katalon.core.webui.keyword.builtin.ClickKeyword.execute(ClickKeyword.groovy:67)
	at com.kms.katalon.core.keyword.internal.KeywordExecutor.executeKeywordForPlatform(KeywordExecutor.groovy:53)
	at com.kms.katalon.core.webui.keyword.WebUiBuiltInKeywords.click(WebUiBuiltInKeywords.groovy:616)
	at com.kms.katalon.core.webui.keyword.WebUiBuiltInKeywords$click$4.call(Unknown Source)
	at org.codehaus.groovy.runtime.callsite.CallSiteArray.defaultCall(CallSiteArray.java:48)
	at org.codehaus.groovy.runtime.callsite.AbstractCallSite.call(AbstractCallSite.java:113)
	at org.codehaus.groovy.runtime.callsite.AbstractCallSite.call(AbstractCallSite.java:125)
	at Script1536617663530.run(Script1536617663530.groovy:22)
	at com.kms.katalon.core.main.ScriptEngine.run(ScriptEngine.java:183)
	at com.kms.katalon.core.main.ScriptEngine.runScriptAsRawText(ScriptEngine.java:108)
	at com.kms.katalon.core.main.TestCaseExecutor.runScript(TestCaseExecutor.java:294)
	at com.kms.katalon.core.main.TestCaseExecutor.doExecute(TestCaseExecutor.java:285)
	at com.kms.katalon.core.main.TestCaseExecutor.processExecutionPhase(TestCaseExecutor.java:264)
	at com.kms.katalon.core.main.TestCaseExecutor.accessMainPhase(TestCaseExecutor.java:256)
	at com.kms.katalon.core.main.TestCaseExecutor.execute(TestCaseExecutor.java:200)
	at com.kms.katalon.core.main.TestSuiteExecutor.accessTestCaseMainPhase(TestSuiteExecutor.java:129)
	at com.kms.katalon.core.main.TestSuiteExecutor.accessTestSuiteMainPhase(TestSuiteExecutor.java:112)
	at com.kms.katalon.core.main.TestSuiteExecutor.execute(TestSuiteExecutor.java:81)
	at com.kms.katalon.core.main.TestCaseMain.startTestSuite(TestCaseMain.java:142)
	at com.kms.katalon.core.main.TestCaseMain$startTestSuite$0.call(Unknown Source)
	at org.codehaus.groovy.runtime.callsite.CallSiteArray.defaultCall(CallSiteArray.java:48)
	at org.codehaus.groovy.runtime.callsite.AbstractCallSite.call(AbstractCallSite.java:113)
	at org.codehaus.groovy.runtime.callsite.AbstractCallSite.call(AbstractCallSite.java:141)
	at TempTestSuite1538181848080.run(TempTestSuite1538181848080.groovy:36)
	at groovy.lang.GroovyShell.runScriptOrMainOrTestOrRunnable(GroovyShell.java:263)
	at groovy.lang.GroovyShell.run(GroovyShell.java:518)
	at groovy.lang.GroovyShell.run(GroovyShell.java:507)
	at groovy.ui.GroovyMain.processOnce(GroovyMain.java:653)
	at groovy.ui.GroovyMain.run(GroovyMain.java:384)
	at groovy.ui.GroovyMain.process(GroovyMain.java:370)
	at groovy.ui.GroovyMain.processArgs(GroovyMain.java:129)
	at groovy.ui.GroovyMain.main(GroovyMain.java:109)
	at sun.reflect.NativeMethodAccessorImpl.invoke0(Native Method)
	at sun.reflect.NativeMethodAccessorImpl.invoke(NativeMethodAccessorImpl.java:62)
	at sun.reflect.DelegatingMethodAccessorImpl.invoke(DelegatingMethodAccessorImpl.java:43)
	at java.lang.reflect.Method.invoke(Method.java:498)
	at org.codehaus.groovy.tools.GroovyStarter.rootLoader(GroovyStarter.java:109)
	at org.codehaus.groovy.tools.GroovyStarter.main(GroovyStarter.java:131)
)"/>
         <system-out><![CDATA[2018-09-28 17:56:53 - [TEST_CASE][FAILED] - Test Cases/US mobile test/Test all Shop top-level categories for Womes Shop (Skin): Test Cases/US mobile test/Test all Shop top-level categories for Womes Shop (Skin) FAILED because (of) (Stack trace: com.kms.katalon.core.exception.StepFailedException: Unable to click on object 'Object Repository/Page_Beauty Box Subscription for Wo/svg_ 2018 Birchbox_icon__svg__' (Root cause: org.openqa.selenium.WebDriverException: unknown error: Element <svg class="icon__svg___cc1CR utilities__block___2NUBz utilities__fullWidth___3kUCi utilities__fullHeight___NZTu9" viewBox="0 0 23 19" fill="none" stroke="#1f1f1f" stroke-width="2" stroke-linecap="square">...</svg> is not clickable at point (29, 32). Other element would receive the click: <path d="M203.4,372.722l-2.122-2.121-9.677,9.677,2.121,2.121Z" transform="translate(-191.594 -370.594)"></path>
  (Session info: chrome=69.0.3497.100)
  (Driver info: chromedriver=2.35.528161 (5b82f2d2aae0ca24b877009200ced9065a772e73),platform=Windows NT 6.1.7601 SP1 x86_64) (WARNING: The server did not provide any stacktrace information)
Command duration or timeout: 0 milliseconds
Build info: version: '3.7.1', revision: '8a0099a', time: '2017-11-06T21:07:36.161Z'
System info: host: 'PLEMKTPLACE-08', ip: '10.241.184.32', os.name: 'Windows 7', os.arch: 'amd64', os.version: '6.1', java.version: '1.8.0_181'
Driver info: com.kms.katalon.selenium.driver.CChromeDriver
Capabilities {acceptInsecureCerts: false, acceptSslCerts: false, applicationCacheEnabled: false, browserConnectionEnabled: false, browserName: chrome, chrome: {chromedriverVersion: 2.35.528161 (5b82f2d2aae0ca..., userDataDir: C:\Users\vbrooks\AppData\Lo...}, cssSelectorsEnabled: true, databaseEnabled: false, handlesAlerts: true, hasTouchScreen: false, javascriptEnabled: true, locationContextEnabled: true, mobileEmulationEnabled: false, nativeEvents: true, networkConnectionEnabled: false, pageLoadStrategy: normal, platform: XP, platformName: XP, rotatable: false, setWindowRect: true, takesHeapSnapshot: true, takesScreenshot: true, unexpectedAlertBehaviour: , unhandledPromptBehavior: , version: 69.0.3497.100, webStorageEnabled: true}
Session ID: 1840f5f18595068f3fe96d3f11a03448)
	at com.kms.katalon.core.keyword.internal.KeywordMain.stepFailed(KeywordMain.groovy:36)
	at com.kms.katalon.core.webui.keyword.internal.WebUIKeywordMain.stepFailed(WebUIKeywordMain.groovy:65)
	at com.kms.katalon.core.webui.keyword.internal.WebUIKeywordMain.runKeyword(WebUIKeywordMain.groovy:27)
	at com.kms.katalon.core.webui.keyword.builtin.ClickKeyword.click(ClickKeyword.groovy:86)
	at com.kms.katalon.core.webui.keyword.builtin.ClickKeyword.execute(ClickKeyword.groovy:67)
	at com.kms.katalon.core.keyword.internal.KeywordExecutor.executeKeywordForPlatform(KeywordExecutor.groovy:53)
	at com.kms.katalon.core.webui.keyword.WebUiBuiltInKeywords.click(WebUiBuiltInKeywords.groovy:616)
	at com.kms.katalon.core.webui.keyword.WebUiBuiltInKeywords$click$4.call(Unknown Source)
	at org.codehaus.groovy.runtime.callsite.CallSiteArray.defaultCall(CallSiteArray.java:48)
	at org.codehaus.groovy.runtime.callsite.AbstractCallSite.call(AbstractCallSite.java:113)
	at org.codehaus.groovy.runtime.callsite.AbstractCallSite.call(AbstractCallSite.java:125)
	at Script1536617663530.run(Script1536617663530.groovy:22)
	at com.kms.katalon.core.main.ScriptEngine.run(ScriptEngine.java:183)
	at com.kms.katalon.core.main.ScriptEngine.runScriptAsRawText(ScriptEngine.java:108)
	at com.kms.katalon.core.main.TestCaseExecutor.runScript(TestCaseExecutor.java:294)
	at com.kms.katalon.core.main.TestCaseExecutor.doExecute(TestCaseExecutor.java:285)
	at com.kms.katalon.core.main.TestCaseExecutor.processExecutionPhase(TestCaseExecutor.java:264)
	at com.kms.katalon.core.main.TestCaseExecutor.accessMainPhase(TestCaseExecutor.java:256)
	at com.kms.katalon.core.main.TestCaseExecutor.execute(TestCaseExecutor.java:200)
	at com.kms.katalon.core.main.TestSuiteExecutor.accessTestCaseMainPhase(TestSuiteExecutor.java:129)
	at com.kms.katalon.core.main.TestSuiteExecutor.accessTestSuiteMainPhase(TestSuiteExecutor.java:112)
	at com.kms.katalon.core.main.TestSuiteExecutor.execute(TestSuiteExecutor.java:81)
	at com.kms.katalon.core.main.TestCaseMain.startTestSuite(TestCaseMain.java:142)
	at com.kms.katalon.core.main.TestCaseMain$startTestSuite$0.call(Unknown Source)
	at org.codehaus.groovy.runtime.callsite.CallSiteArray.defaultCall(CallSiteArray.java:48)
	at org.codehaus.groovy.runtime.callsite.AbstractCallSite.call(AbstractCallSite.java:113)
	at org.codehaus.groovy.runtime.callsite.AbstractCallSite.call(AbstractCallSite.java:141)
	at TempTestSuite1538181848080.run(TempTestSuite1538181848080.groovy:36)
	at groovy.lang.GroovyShell.runScriptOrMainOrTestOrRunnable(GroovyShell.java:263)
	at groovy.lang.GroovyShell.run(GroovyShell.java:518)
	at groovy.lang.GroovyShell.run(GroovyShell.java:507)
	at groovy.ui.GroovyMain.processOnce(GroovyMain.java:653)
	at groovy.ui.GroovyMain.run(GroovyMain.java:384)
	at groovy.ui.GroovyMain.process(GroovyMain.java:370)
	at groovy.ui.GroovyMain.processArgs(GroovyMain.java:129)
	at groovy.ui.GroovyMain.main(GroovyMain.java:109)
	at sun.reflect.NativeMethodAccessorImpl.invoke0(Native Method)
	at sun.reflect.NativeMethodAccessorImpl.invoke(NativeMethodAccessorImpl.java:62)
	at sun.reflect.DelegatingMethodAccessorImpl.invoke(DelegatingMethodAccessorImpl.java:43)
	at java.lang.reflect.Method.invoke(Method.java:498)
	at org.codehaus.groovy.tools.GroovyStarter.rootLoader(GroovyStarter.java:109)
	at org.codehaus.groovy.tools.GroovyStarter.main(GroovyStarter.java:131)
)

2018-09-28 17:56:54 - [TEST_STEP][NOT_RUN] - callTestCase: NOT_RUN: callTestCase

2018-09-28 17:56:54 - [MESSAGE][NOT_RUN] - NOT_RUN: callTestCase

2018-09-28 17:56:54 - [TEST_STEP][PASSED] - delay: Delayed 1 second(s)

2018-09-28 17:56:55 - [MESSAGE][PASSED] - Delayed 1 second(s)

2018-09-28 17:56:55 - [TEST_STEP][FAILED] - click: Unable to click on object 'Object Repository/Page_Beauty Box Subscription for Wo/svg_ 2018 Birchbox_icon__svg__' (Root cause: org.openqa.selenium.WebDriverException: unknown error: Element <svg class="icon__svg___cc1CR utilities__block___2NUBz utilities__fullWidth___3kUCi utilities__fullHeight___NZTu9" viewBox="0 0 23 19" fill="none" stroke="#1f1f1f" stroke-width="2" stroke-linecap="square">...</svg> is not clickable at point (29, 32). Other element would receive the click: <path d="M203.4,372.722l-2.122-2.121-9.677,9.677,2.121,2.121Z" transform="translate(-191.594 -370.594)"></path>
  (Session info: chrome=69.0.3497.100)
  (Driver info: chromedriver=2.35.528161 (5b82f2d2aae0ca24b877009200ced9065a772e73),platform=Windows NT 6.1.7601 SP1 x86_64) (WARNING: The server did not provide any stacktrace information)
Command duration or timeout: 0 milliseconds
Build info: version: '3.7.1', revision: '8a0099a', time: '2017-11-06T21:07:36.161Z'
System info: host: 'PLEMKTPLACE-08', ip: '10.241.184.32', os.name: 'Windows 7', os.arch: 'amd64', os.version: '6.1', java.version: '1.8.0_181'
Driver info: com.kms.katalon.selenium.driver.CChromeDriver
Capabilities {acceptInsecureCerts: false, acceptSslCerts: false, applicationCacheEnabled: false, browserConnectionEnabled: false, browserName: chrome, chrome: {chromedriverVersion: 2.35.528161 (5b82f2d2aae0ca..., userDataDir: C:\Users\vbrooks\AppData\Lo...}, cssSelectorsEnabled: true, databaseEnabled: false, handlesAlerts: true, hasTouchScreen: false, javascriptEnabled: true, locationContextEnabled: true, mobileEmulationEnabled: false, nativeEvents: true, networkConnectionEnabled: false, pageLoadStrategy: normal, platform: XP, platformName: XP, rotatable: false, setWindowRect: true, takesHeapSnapshot: true, takesScreenshot: true, unexpectedAlertBehaviour: , unhandledPromptBehavior: , version: 69.0.3497.100, webStorageEnabled: true}
Session ID: 1840f5f18595068f3fe96d3f11a03448)

2018-09-28 17:56:55 - [MESSAGE][FAILED] - Unable to click on object 'Object Repository/Page_Beauty Box Subscription for Wo/svg_ 2018 Birchbox_icon__svg__' (Root cause: org.openqa.selenium.WebDriverException: unknown error: Element <svg class="icon__svg___cc1CR utilities__block___2NUBz utilities__fullWidth___3kUCi utilities__fullHeight___NZTu9" viewBox="0 0 23 19" fill="none" stroke="#1f1f1f" stroke-width="2" stroke-linecap="square">...</svg> is not clickable at point (29, 32). Other element would receive the click: <path d="M203.4,372.722l-2.122-2.121-9.677,9.677,2.121,2.121Z" transform="translate(-191.594 -370.594)"></path>
  (Session info: chrome=69.0.3497.100)
  (Driver info: chromedriver=2.35.528161 (5b82f2d2aae0ca24b877009200ced9065a772e73),platform=Windows NT 6.1.7601 SP1 x86_64) (WARNING: The server did not provide any stacktrace information)
Command duration or timeout: 0 milliseconds
Build info: version: '3.7.1', revision: '8a0099a', time: '2017-11-06T21:07:36.161Z'
System info: host: 'PLEMKTPLACE-08', ip: '10.241.184.32', os.name: 'Windows 7', os.arch: 'amd64', os.version: '6.1', java.version: '1.8.0_181'
Driver info: com.kms.katalon.selenium.driver.CChromeDriver
Capabilities {acceptInsecureCerts: false, acceptSslCerts: false, applicationCacheEnabled: false, browserConnectionEnabled: false, browserName: chrome, chrome: {chromedriverVersion: 2.35.528161 (5b82f2d2aae0ca..., userDataDir: C:\Users\vbrooks\AppData\Lo...}, cssSelectorsEnabled: true, databaseEnabled: false, handlesAlerts: true, hasTouchScreen: false, javascriptEnabled: true, locationContextEnabled: true, mobileEmulationEnabled: false, nativeEvents: true, networkConnectionEnabled: false, pageLoadStrategy: normal, platform: XP, platformName: XP, rotatable: false, setWindowRect: true, takesHeapSnapshot: true, takesScreenshot: true, unexpectedAlertBehaviour: , unhandledPromptBehavior: , version: 69.0.3497.100, webStorageEnabled: true}
Session ID: 1840f5f18595068f3fe96d3f11a03448)]]></system-out>
         <system-err><![CDATA[2018-09-28 17:56:53 - [TEST_CASE][FAILED] - Test Cases/US mobile test/Test all Shop top-level categories for Womes Shop (Skin): Test Cases/US mobile test/Test all Shop top-level categories for Womes Shop (Skin) FAILED because (of) (Stack trace: com.kms.katalon.core.exception.StepFailedException: Unable to click on object 'Object Repository/Page_Beauty Box Subscription for Wo/svg_ 2018 Birchbox_icon__svg__' (Root cause: org.openqa.selenium.WebDriverException: unknown error: Element <svg class="icon__svg___cc1CR utilities__block___2NUBz utilities__fullWidth___3kUCi utilities__fullHeight___NZTu9" viewBox="0 0 23 19" fill="none" stroke="#1f1f1f" stroke-width="2" stroke-linecap="square">...</svg> is not clickable at point (29, 32). Other element would receive the click: <path d="M203.4,372.722l-2.122-2.121-9.677,9.677,2.121,2.121Z" transform="translate(-191.594 -370.594)"></path>
  (Session info: chrome=69.0.3497.100)
  (Driver info: chromedriver=2.35.528161 (5b82f2d2aae0ca24b877009200ced9065a772e73),platform=Windows NT 6.1.7601 SP1 x86_64) (WARNING: The server did not provide any stacktrace information)
Command duration or timeout: 0 milliseconds
Build info: version: '3.7.1', revision: '8a0099a', time: '2017-11-06T21:07:36.161Z'
System info: host: 'PLEMKTPLACE-08', ip: '10.241.184.32', os.name: 'Windows 7', os.arch: 'amd64', os.version: '6.1', java.version: '1.8.0_181'
Driver info: com.kms.katalon.selenium.driver.CChromeDriver
Capabilities {acceptInsecureCerts: false, acceptSslCerts: false, applicationCacheEnabled: false, browserConnectionEnabled: false, browserName: chrome, chrome: {chromedriverVersion: 2.35.528161 (5b82f2d2aae0ca..., userDataDir: C:\Users\vbrooks\AppData\Lo...}, cssSelectorsEnabled: true, databaseEnabled: false, handlesAlerts: true, hasTouchScreen: false, javascriptEnabled: true, locationContextEnabled: true, mobileEmulationEnabled: false, nativeEvents: true, networkConnectionEnabled: false, pageLoadStrategy: normal, platform: XP, platformName: XP, rotatable: false, setWindowRect: true, takesHeapSnapshot: true, takesScreenshot: true, unexpectedAlertBehaviour: , unhandledPromptBehavior: , version: 69.0.3497.100, webStorageEnabled: true}
Session ID: 1840f5f18595068f3fe96d3f11a03448)
	at com.kms.katalon.core.keyword.internal.KeywordMain.stepFailed(KeywordMain.groovy:36)
	at com.kms.katalon.core.webui.keyword.internal.WebUIKeywordMain.stepFailed(WebUIKeywordMain.groovy:65)
	at com.kms.katalon.core.webui.keyword.internal.WebUIKeywordMain.runKeyword(WebUIKeywordMain.groovy:27)
	at com.kms.katalon.core.webui.keyword.builtin.ClickKeyword.click(ClickKeyword.groovy:86)
	at com.kms.katalon.core.webui.keyword.builtin.ClickKeyword.execute(ClickKeyword.groovy:67)
	at com.kms.katalon.core.keyword.internal.KeywordExecutor.executeKeywordForPlatform(KeywordExecutor.groovy:53)
	at com.kms.katalon.core.webui.keyword.WebUiBuiltInKeywords.click(WebUiBuiltInKeywords.groovy:616)
	at com.kms.katalon.core.webui.keyword.WebUiBuiltInKeywords$click$4.call(Unknown Source)
	at org.codehaus.groovy.runtime.callsite.CallSiteArray.defaultCall(CallSiteArray.java:48)
	at org.codehaus.groovy.runtime.callsite.AbstractCallSite.call(AbstractCallSite.java:113)
	at org.codehaus.groovy.runtime.callsite.AbstractCallSite.call(AbstractCallSite.java:125)
	at Script1536617663530.run(Script1536617663530.groovy:22)
	at com.kms.katalon.core.main.ScriptEngine.run(ScriptEngine.java:183)
	at com.kms.katalon.core.main.ScriptEngine.runScriptAsRawText(ScriptEngine.java:108)
	at com.kms.katalon.core.main.TestCaseExecutor.runScript(TestCaseExecutor.java:294)
	at com.kms.katalon.core.main.TestCaseExecutor.doExecute(TestCaseExecutor.java:285)
	at com.kms.katalon.core.main.TestCaseExecutor.processExecutionPhase(TestCaseExecutor.java:264)
	at com.kms.katalon.core.main.TestCaseExecutor.accessMainPhase(TestCaseExecutor.java:256)
	at com.kms.katalon.core.main.TestCaseExecutor.execute(TestCaseExecutor.java:200)
	at com.kms.katalon.core.main.TestSuiteExecutor.accessTestCaseMainPhase(TestSuiteExecutor.java:129)
	at com.kms.katalon.core.main.TestSuiteExecutor.accessTestSuiteMainPhase(TestSuiteExecutor.java:112)
	at com.kms.katalon.core.main.TestSuiteExecutor.execute(TestSuiteExecutor.java:81)
	at com.kms.katalon.core.main.TestCaseMain.startTestSuite(TestCaseMain.java:142)
	at com.kms.katalon.core.main.TestCaseMain$startTestSuite$0.call(Unknown Source)
	at org.codehaus.groovy.runtime.callsite.CallSiteArray.defaultCall(CallSiteArray.java:48)
	at org.codehaus.groovy.runtime.callsite.AbstractCallSite.call(AbstractCallSite.java:113)
	at org.codehaus.groovy.runtime.callsite.AbstractCallSite.call(AbstractCallSite.java:141)
	at TempTestSuite1538181848080.run(TempTestSuite1538181848080.groovy:36)
	at groovy.lang.GroovyShell.runScriptOrMainOrTestOrRunnable(GroovyShell.java:263)
	at groovy.lang.GroovyShell.run(GroovyShell.java:518)
	at groovy.lang.GroovyShell.run(GroovyShell.java:507)
	at groovy.ui.GroovyMain.processOnce(GroovyMain.java:653)
	at groovy.ui.GroovyMain.run(GroovyMain.java:384)
	at groovy.ui.GroovyMain.process(GroovyMain.java:370)
	at groovy.ui.GroovyMain.processArgs(GroovyMain.java:129)
	at groovy.ui.GroovyMain.main(GroovyMain.java:109)
	at sun.reflect.NativeMethodAccessorImpl.invoke0(Native Method)
	at sun.reflect.NativeMethodAccessorImpl.invoke(NativeMethodAccessorImpl.java:62)
	at sun.reflect.DelegatingMethodAccessorImpl.invoke(DelegatingMethodAccessorImpl.java:43)
	at java.lang.reflect.Method.invoke(Method.java:498)
	at org.codehaus.groovy.tools.GroovyStarter.rootLoader(GroovyStarter.java:109)
	at org.codehaus.groovy.tools.GroovyStarter.main(GroovyStarter.java:131)
)]]></system-err>
      </testcase>
      <system-out><![CDATA[2018-09-28 17:44:11 - [TEST_SUITE][FAILED] - Full Sanity Test (US, mobile): Test Cases/US mobile test/Test all Shop top-level categories for Womens Shop (Hair) FAILED because (of) (Stack trace: com.kms.katalon.core.exception.StepFailedException: Unable to click on object 'Object Repository/Page_Beauty Box Subscription for Wo/a_Best Sellers' (Root cause: com.kms.katalon.core.webui.exception.WebElementNotFoundException: Web element with id: 'Object Repository/Page_Beauty Box Subscription for Wo/a_Best Sellers' located by 'By.xpath: id("root")/div[@class="app__container___1iszn undefined"]/div[@class="Drawer__OuterDiv-fQULRK utilities__cover___WKDvY jxeJTN"]/div[@class="Drawer__InnerDiv-QSCgb jfPdeQ"]/div[@class="DrawerDiv-ihhGLG ZybrZ"]/div[@class="TransitionContainer__NarrowScrollDiv-dvmQNx hDoneZ"]/div[1]/div[1]/div[@class="utilities__relative___1GEg3"]/div[@class="DepartmentMenuNarrow__OuterDiv-krOToT jjqXTN"]/div[@class="LinkGroupBlock__OuterDiv-jdLeUj cQPGbl"]/div[@class="LinkGroup__ContainerDiv-iTTNCg hbgMun"]/a[@class="LinkGroup__StyledLink-gFFnXB typography__copy13___2sIAt bLpdAf StyledLink-khUpca ddtewq"][count(. | //a[@href = '/category/820']) = count(//a[@href = '/category/820'])]' not found)
	at com.kms.katalon.core.keyword.internal.KeywordMain.stepFailed(KeywordMain.groovy:36)
	at com.kms.katalon.core.webui.keyword.internal.WebUIKeywordMain.stepFailed(WebUIKeywordMain.groovy:65)
	at com.kms.katalon.core.webui.keyword.internal.WebUIKeywordMain.runKeyword(WebUIKeywordMain.groovy:27)
	at com.kms.katalon.core.webui.keyword.builtin.ClickKeyword.click(ClickKeyword.groovy:86)
	at com.kms.katalon.core.webui.keyword.builtin.ClickKeyword.execute(ClickKeyword.groovy:67)
	at com.kms.katalon.core.keyword.internal.KeywordExecutor.executeKeywordForPlatform(KeywordExecutor.groovy:53)
	at com.kms.katalon.core.webui.keyword.WebUiBuiltInKeywords.click(WebUiBuiltInKeywords.groovy:616)
	at com.kms.katalon.core.webui.keyword.WebUiBuiltInKeywords$click$4.call(Unknown Source)
	at org.codehaus.groovy.runtime.callsite.CallSiteArray.defaultCall(CallSiteArray.java:48)
	at org.codehaus.groovy.runtime.callsite.AbstractCallSite.call(AbstractCallSite.java:113)
	at org.codehaus.groovy.runtime.callsite.AbstractCallSite.call(AbstractCallSite.java:125)
	at Script1536614341005.run(Script1536614341005.groovy:480)
	at com.kms.katalon.core.main.ScriptEngine.run(ScriptEngine.java:183)
	at com.kms.katalon.core.main.ScriptEngine.runScriptAsRawText(ScriptEngine.java:108)
	at com.kms.katalon.core.main.TestCaseExecutor.runScript(TestCaseExecutor.java:294)
	at com.kms.katalon.core.main.TestCaseExecutor.doExecute(TestCaseExecutor.java:285)
	at com.kms.katalon.core.main.TestCaseExecutor.processExecutionPhase(TestCaseExecutor.java:264)
	at com.kms.katalon.core.main.TestCaseExecutor.accessMainPhase(TestCaseExecutor.java:256)
	at com.kms.katalon.core.main.TestCaseExecutor.execute(TestCaseExecutor.java:200)
	at com.kms.katalon.core.main.TestSuiteExecutor.accessTestCaseMainPhase(TestSuiteExecutor.java:129)
	at com.kms.katalon.core.main.TestSuiteExecutor.accessTestSuiteMainPhase(TestSuiteExecutor.java:112)
	at com.kms.katalon.core.main.TestSuiteExecutor.execute(TestSuiteExecutor.java:81)
	at com.kms.katalon.core.main.TestCaseMain.startTestSuite(TestCaseMain.java:142)
	at com.kms.katalon.core.main.TestCaseMain$startTestSuite$0.call(Unknown Source)
	at org.codehaus.groovy.runtime.callsite.CallSiteArray.defaultCall(CallSiteArray.java:48)
	at org.codehaus.groovy.runtime.callsite.AbstractCallSite.call(AbstractCallSite.java:113)
	at org.codehaus.groovy.runtime.callsite.AbstractCallSite.call(AbstractCallSite.java:141)
	at TempTestSuite1538181848080.run(TempTestSuite1538181848080.groovy:36)
	at groovy.lang.GroovyShell.runScriptOrMainOrTestOrRunnable(GroovyShell.java:263)
	at groovy.lang.GroovyShell.run(GroovyShell.java:518)
	at groovy.lang.GroovyShell.run(GroovyShell.java:507)
	at groovy.ui.GroovyMain.processOnce(GroovyMain.java:653)
	at groovy.ui.GroovyMain.run(GroovyMain.java:384)
	at groovy.ui.GroovyMain.process(GroovyMain.java:370)
	at groovy.ui.GroovyMain.processArgs(GroovyMain.java:129)
	at groovy.ui.GroovyMain.main(GroovyMain.java:109)
	at sun.reflect.NativeMethodAccessorImpl.invoke0(Native Method)
	at sun.reflect.NativeMethodAccessorImpl.invoke(NativeMethodAccessorImpl.java:62)
	at sun.reflect.DelegatingMethodAccessorImpl.invoke(DelegatingMethodAccessorImpl.java:43)
	at java.lang.reflect.Method.invoke(Method.java:498)
	at org.codehaus.groovy.tools.GroovyStarter.rootLoader(GroovyStarter.java:109)
	at org.codehaus.groovy.tools.GroovyStarter.main(GroovyStarter.java:131)
)]]></system-out>
      <system-err><![CDATA[2018-09-28 17:44:11 - [TEST_SUITE][FAILED] - Full Sanity Test (US, mobile): Test Cases/US mobile test/Test all Shop top-level categories for Womens Shop (Hair) FAILED because (of) (Stack trace: com.kms.katalon.core.exception.StepFailedException: Unable to click on object 'Object Repository/Page_Beauty Box Subscription for Wo/a_Best Sellers' (Root cause: com.kms.katalon.core.webui.exception.WebElementNotFoundException: Web element with id: 'Object Repository/Page_Beauty Box Subscription for Wo/a_Best Sellers' located by 'By.xpath: id("root")/div[@class="app__container___1iszn undefined"]/div[@class="Drawer__OuterDiv-fQULRK utilities__cover___WKDvY jxeJTN"]/div[@class="Drawer__InnerDiv-QSCgb jfPdeQ"]/div[@class="DrawerDiv-ihhGLG ZybrZ"]/div[@class="TransitionContainer__NarrowScrollDiv-dvmQNx hDoneZ"]/div[1]/div[1]/div[@class="utilities__relative___1GEg3"]/div[@class="DepartmentMenuNarrow__OuterDiv-krOToT jjqXTN"]/div[@class="LinkGroupBlock__OuterDiv-jdLeUj cQPGbl"]/div[@class="LinkGroup__ContainerDiv-iTTNCg hbgMun"]/a[@class="LinkGroup__StyledLink-gFFnXB typography__copy13___2sIAt bLpdAf StyledLink-khUpca ddtewq"][count(. | //a[@href = '/category/820']) = count(//a[@href = '/category/820'])]' not found)
	at com.kms.katalon.core.keyword.internal.KeywordMain.stepFailed(KeywordMain.groovy:36)
	at com.kms.katalon.core.webui.keyword.internal.WebUIKeywordMain.stepFailed(WebUIKeywordMain.groovy:65)
	at com.kms.katalon.core.webui.keyword.internal.WebUIKeywordMain.runKeyword(WebUIKeywordMain.groovy:27)
	at com.kms.katalon.core.webui.keyword.builtin.ClickKeyword.click(ClickKeyword.groovy:86)
	at com.kms.katalon.core.webui.keyword.builtin.ClickKeyword.execute(ClickKeyword.groovy:67)
	at com.kms.katalon.core.keyword.internal.KeywordExecutor.executeKeywordForPlatform(KeywordExecutor.groovy:53)
	at com.kms.katalon.core.webui.keyword.WebUiBuiltInKeywords.click(WebUiBuiltInKeywords.groovy:616)
	at com.kms.katalon.core.webui.keyword.WebUiBuiltInKeywords$click$4.call(Unknown Source)
	at org.codehaus.groovy.runtime.callsite.CallSiteArray.defaultCall(CallSiteArray.java:48)
	at org.codehaus.groovy.runtime.callsite.AbstractCallSite.call(AbstractCallSite.java:113)
	at org.codehaus.groovy.runtime.callsite.AbstractCallSite.call(AbstractCallSite.java:125)
	at Script1536614341005.run(Script1536614341005.groovy:480)
	at com.kms.katalon.core.main.ScriptEngine.run(ScriptEngine.java:183)
	at com.kms.katalon.core.main.ScriptEngine.runScriptAsRawText(ScriptEngine.java:108)
	at com.kms.katalon.core.main.TestCaseExecutor.runScript(TestCaseExecutor.java:294)
	at com.kms.katalon.core.main.TestCaseExecutor.doExecute(TestCaseExecutor.java:285)
	at com.kms.katalon.core.main.TestCaseExecutor.processExecutionPhase(TestCaseExecutor.java:264)
	at com.kms.katalon.core.main.TestCaseExecutor.accessMainPhase(TestCaseExecutor.java:256)
	at com.kms.katalon.core.main.TestCaseExecutor.execute(TestCaseExecutor.java:200)
	at com.kms.katalon.core.main.TestSuiteExecutor.accessTestCaseMainPhase(TestSuiteExecutor.java:129)
	at com.kms.katalon.core.main.TestSuiteExecutor.accessTestSuiteMainPhase(TestSuiteExecutor.java:112)
	at com.kms.katalon.core.main.TestSuiteExecutor.execute(TestSuiteExecutor.java:81)
	at com.kms.katalon.core.main.TestCaseMain.startTestSuite(TestCaseMain.java:142)
	at com.kms.katalon.core.main.TestCaseMain$startTestSuite$0.call(Unknown Source)
	at org.codehaus.groovy.runtime.callsite.CallSiteArray.defaultCall(CallSiteArray.java:48)
	at org.codehaus.groovy.runtime.callsite.AbstractCallSite.call(AbstractCallSite.java:113)
	at org.codehaus.groovy.runtime.callsite.AbstractCallSite.call(AbstractCallSite.java:141)
	at TempTestSuite1538181848080.run(TempTestSuite1538181848080.groovy:36)
	at groovy.lang.GroovyShell.runScriptOrMainOrTestOrRunnable(GroovyShell.java:263)
	at groovy.lang.GroovyShell.run(GroovyShell.java:518)
	at groovy.lang.GroovyShell.run(GroovyShell.java:507)
	at groovy.ui.GroovyMain.processOnce(GroovyMain.java:653)
	at groovy.ui.GroovyMain.run(GroovyMain.java:384)
	at groovy.ui.GroovyMain.process(GroovyMain.java:370)
	at groovy.ui.GroovyMain.processArgs(GroovyMain.java:129)
	at groovy.ui.GroovyMain.main(GroovyMain.java:109)
	at sun.reflect.NativeMethodAccessorImpl.invoke0(Native Method)
	at sun.reflect.NativeMethodAccessorImpl.invoke(NativeMethodAccessorImpl.java:62)
	at sun.reflect.DelegatingMethodAccessorImpl.invoke(DelegatingMethodAccessorImpl.java:43)
	at java.lang.reflect.Method.invoke(Method.java:498)
	at org.codehaus.groovy.tools.GroovyStarter.rootLoader(GroovyStarter.java:109)
	at org.codehaus.groovy.tools.GroovyStarter.main(GroovyStarter.java:131)
)]]></system-err>
   </testsuite>
</testsuites>
