<?xml version="1.0" encoding="UTF-8"?>
<testsuites name="Full Sanity Test (US, mobile)" time="404" tests="1" failures="3" errors="0">
   <testsuite name="Full Sanity Test (US, mobile)" tests="1" failures="3" errors="0" time="404" timestamp="2018-09-24 09:59:45" hostname="vbrooks - PLEMKTPLACE-08.esa.winadroot.com" id="Test Suites/Full Sanity Test (US, mobile)">
      <properties>
         <property name="deviceName" value=""/>
         <property name="devicePlatform" value=""/>
         <property name="logFolder" value="C:\\Users\\vbrooks\\Katalon Studio\\Birchbox\\Reports\\Full Sanity Test (US, mobile)\\20180924_095943"/>
         <property name="logFiles" value="C:\\Users\\vbrooks\\Katalon Studio\\Birchbox\\Reports\\Full Sanity Test (US, mobile)\\20180924_095943\\execution0.log"/>
         <property name="attachments" value=""/>
         <property name="hostName" value="vbrooks - PLEMKTPLACE-08.esa.winadroot.com"/>
         <property name="os" value="Windows 7 64bit"/>
         <property name="katalonVersion" value="5.7.1.1"/>
         <property name="browser" value="Chrome 69.0.3497.100"/>
         <property name="hostAddress" value="10.241.184.32"/>
         <property name="sessionId" value="b74043b98ba4eb3d0dab72b882eb8b9a"/>
         <property name="seleniumVersion" value="3.7.1"/>
         <property name="proxyInformation" value="ProxyInformation{proxyOption=NO_PROXY, proxyServerType=HTTP, password=, proxyServerAddress=, proxyServerPort=0}"/>
         <property name="platform" value="Windows 7"/>
      </properties>
      <testcase name="Test Cases/US mobile test/Launch the Birchbox site in the required locale - US (www.staging.birchbox.com)" classname="Test Cases/US mobile test/Launch the Birchbox site in the required locale - US (www.staging.birchbox.com)" status="PASSED">
         <system-out><![CDATA[2018-09-24 09:59:46 - [TEST_CASE][PASSED] - Test Cases/US mobile test/Launch the Birchbox site in the required locale - US (www.staging.birchbox.com): Test Cases/US mobile test/Launch the Birchbox site in the required locale - US (www.staging.birchbox.com)

2018-09-24 09:59:46 - [TEST_STEP][PASSED] - openBrowser: Browser is opened with url: ''

2018-09-24 09:59:51 - [MESSAGE][PASSED] - Browser is opened with url: ''

2018-09-24 09:59:51 - [TEST_STEP][PASSED] - Statement - viewportHeight = com.kms.katalon.core.webui.keyword.WebUiBuiltInKeywords.getViewportHeight(): Viewport height is 707

2018-09-24 09:59:51 - [MESSAGE][PASSED] - Viewport height is 707

2018-09-24 09:59:51 - [TEST_STEP][PASSED] - Statement - viewportWidth = com.kms.katalon.core.webui.keyword.WebUiBuiltInKeywords.getViewportWidth(): Viewport width is 1040

2018-09-24 09:59:51 - [MESSAGE][PASSED] - Viewport width is 1040

2018-09-24 09:59:51 - [TEST_STEP][PASSED] - Statement - println("Browser size: " + viewportWidth + "X" + viewportHeight): null

2018-09-24 09:59:51 - [TEST_STEP][PASSED] - navigateToUrl: Navigate to 'https://www.staging.birchbox.com' successfully

2018-09-24 09:59:54 - [MESSAGE][PASSED] - Navigate to 'https://www.staging.birchbox.com' successfully

2018-09-24 09:59:54 - [TEST_STEP][PASSED] - Statement - If (viewportWidth > 1000): Viewport is set to new size with width = 400 and height = 900

2018-09-24 09:59:54 - [TEST_STEP][PASSED] - setViewPortSize: Viewport is set to new size with width = 400 and height = 900

2018-09-24 09:59:55 - [MESSAGE][PASSED] - Viewport is set to new size with width = 400 and height = 900

2018-09-24 09:59:55 - [TEST_STEP][PASSED] - delay: Delayed 10 second(s)

2018-09-24 10:00:05 - [MESSAGE][PASSED] - Delayed 10 second(s)

2018-09-24 10:00:05 - [TEST_STEP][PASSED] - click: Object: 'Object Repository/Page_Beauty Box Subscription for Wo/svg_icon__close_popup' is clicked on

2018-09-24 10:00:05 - [MESSAGE][PASSED] - Object: 'Object Repository/Page_Beauty Box Subscription for Wo/svg_icon__close_popup' is clicked on]]></system-out>
         <system-err><![CDATA[]]></system-err>
      </testcase>
      <testcase name="Test Cases/US mobile test/Test all Shop top-level categories for Womens Shop (Makeup)" classname="Test Cases/US mobile test/Test all Shop top-level categories for Womens Shop (Makeup)" status="FAILED">
         <failure type="FAILED" message="(Stack trace: com.kms.katalon.core.exception.StepFailedException: Unable to click on object 'Object Repository/Page_Beauty Box Subscription for Wo/a_Eye Sets  Palettes' (Root cause: org.openqa.selenium.WebDriverException: unknown error: Element &lt;a class=&quot;StyledLink-khUpca fgCKOS&quot; href=&quot;/category/2339&quot;>...&lt;/a> is not clickable at point (85, 756). Other element would receive the click: &lt;div class=&quot;Drawer__MaskDiv-VGhMm utilities__cover___WKDvY gqjSAR&quot; style=&quot;opacity: 0;&quot;>&lt;/div>
  (Session info: chrome=69.0.3497.100)
  (Driver info: chromedriver=2.35.528161 (5b82f2d2aae0ca24b877009200ced9065a772e73),platform=Windows NT 6.1.7601 SP1 x86_64) (WARNING: The server did not provide any stacktrace information)
Command duration or timeout: 0 milliseconds
Build info: version: '3.7.1', revision: '8a0099a', time: '2017-11-06T21:07:36.161Z'
System info: host: 'PLEMKTPLACE-08', ip: '10.241.184.32', os.name: 'Windows 7', os.arch: 'amd64', os.version: '6.1', java.version: '1.8.0_181'
Driver info: com.kms.katalon.selenium.driver.CChromeDriver
Capabilities {acceptInsecureCerts: false, acceptSslCerts: false, applicationCacheEnabled: false, browserConnectionEnabled: false, browserName: chrome, chrome: {chromedriverVersion: 2.35.528161 (5b82f2d2aae0ca..., userDataDir: C:\Users\vbrooks\AppData\Lo...}, cssSelectorsEnabled: true, databaseEnabled: false, handlesAlerts: true, hasTouchScreen: false, javascriptEnabled: true, locationContextEnabled: true, mobileEmulationEnabled: false, nativeEvents: true, networkConnectionEnabled: false, pageLoadStrategy: normal, platform: XP, platformName: XP, rotatable: false, setWindowRect: true, takesHeapSnapshot: true, takesScreenshot: true, unexpectedAlertBehaviour: , unhandledPromptBehavior: , version: 69.0.3497.100, webStorageEnabled: true}
Session ID: b74043b98ba4eb3d0dab72b882eb8b9a)
	at com.kms.katalon.core.keyword.internal.KeywordMain.stepFailed(KeywordMain.groovy:36)
	at com.kms.katalon.core.webui.keyword.internal.WebUIKeywordMain.stepFailed(WebUIKeywordMain.groovy:65)
	at com.kms.katalon.core.webui.keyword.internal.WebUIKeywordMain.runKeyword(WebUIKeywordMain.groovy:27)
	at com.kms.katalon.core.webui.keyword.builtin.ClickKeyword.click(ClickKeyword.groovy:86)
	at com.kms.katalon.core.webui.keyword.builtin.ClickKeyword.execute(ClickKeyword.groovy:67)
	at com.kms.katalon.core.keyword.internal.KeywordExecutor.executeKeywordForPlatform(KeywordExecutor.groovy:53)
	at com.kms.katalon.core.webui.keyword.WebUiBuiltInKeywords.click(WebUiBuiltInKeywords.groovy:616)
	at com.kms.katalon.core.webui.keyword.WebUiBuiltInKeywords$click$4.call(Unknown Source)
	at org.codehaus.groovy.runtime.callsite.CallSiteArray.defaultCall(CallSiteArray.java:48)
	at org.codehaus.groovy.runtime.callsite.AbstractCallSite.call(AbstractCallSite.java:113)
	at org.codehaus.groovy.runtime.callsite.AbstractCallSite.call(AbstractCallSite.java:125)
	at Script1536614250757.run(Script1536614250757.groovy:334)
	at com.kms.katalon.core.main.ScriptEngine.run(ScriptEngine.java:183)
	at com.kms.katalon.core.main.ScriptEngine.runScriptAsRawText(ScriptEngine.java:108)
	at com.kms.katalon.core.main.TestCaseExecutor.runScript(TestCaseExecutor.java:294)
	at com.kms.katalon.core.main.TestCaseExecutor.doExecute(TestCaseExecutor.java:285)
	at com.kms.katalon.core.main.TestCaseExecutor.processExecutionPhase(TestCaseExecutor.java:264)
	at com.kms.katalon.core.main.TestCaseExecutor.accessMainPhase(TestCaseExecutor.java:256)
	at com.kms.katalon.core.main.TestCaseExecutor.execute(TestCaseExecutor.java:200)
	at com.kms.katalon.core.main.TestSuiteExecutor.accessTestCaseMainPhase(TestSuiteExecutor.java:129)
	at com.kms.katalon.core.main.TestSuiteExecutor.accessTestSuiteMainPhase(TestSuiteExecutor.java:112)
	at com.kms.katalon.core.main.TestSuiteExecutor.execute(TestSuiteExecutor.java:81)
	at com.kms.katalon.core.main.TestCaseMain.startTestSuite(TestCaseMain.java:142)
	at com.kms.katalon.core.main.TestCaseMain$startTestSuite$0.call(Unknown Source)
	at org.codehaus.groovy.runtime.callsite.CallSiteArray.defaultCall(CallSiteArray.java:48)
	at org.codehaus.groovy.runtime.callsite.AbstractCallSite.call(AbstractCallSite.java:113)
	at org.codehaus.groovy.runtime.callsite.AbstractCallSite.call(AbstractCallSite.java:141)
	at TempTestSuite1537808383407.run(TempTestSuite1537808383407.groovy:36)
	at groovy.lang.GroovyShell.runScriptOrMainOrTestOrRunnable(GroovyShell.java:263)
	at groovy.lang.GroovyShell.run(GroovyShell.java:518)
	at groovy.lang.GroovyShell.run(GroovyShell.java:507)
	at groovy.ui.GroovyMain.processOnce(GroovyMain.java:653)
	at groovy.ui.GroovyMain.run(GroovyMain.java:384)
	at groovy.ui.GroovyMain.process(GroovyMain.java:370)
	at groovy.ui.GroovyMain.processArgs(GroovyMain.java:129)
	at groovy.ui.GroovyMain.main(GroovyMain.java:109)
	at sun.reflect.NativeMethodAccessorImpl.invoke0(Native Method)
	at sun.reflect.NativeMethodAccessorImpl.invoke(NativeMethodAccessorImpl.java:62)
	at sun.reflect.DelegatingMethodAccessorImpl.invoke(DelegatingMethodAccessorImpl.java:43)
	at java.lang.reflect.Method.invoke(Method.java:498)
	at org.codehaus.groovy.tools.GroovyStarter.rootLoader(GroovyStarter.java:109)
	at org.codehaus.groovy.tools.GroovyStarter.main(GroovyStarter.java:131)
)"/>
         <system-out><![CDATA[2018-09-24 10:00:05 - [TEST_CASE][FAILED] - Test Cases/US mobile test/Test all Shop top-level categories for Womens Shop (Makeup): Test Cases/US mobile test/Test all Shop top-level categories for Womens Shop (Makeup) FAILED because (of) (Stack trace: com.kms.katalon.core.exception.StepFailedException: Unable to click on object 'Object Repository/Page_Beauty Box Subscription for Wo/a_Eye Sets  Palettes' (Root cause: org.openqa.selenium.WebDriverException: unknown error: Element <a class="StyledLink-khUpca fgCKOS" href="/category/2339">...</a> is not clickable at point (85, 756). Other element would receive the click: <div class="Drawer__MaskDiv-VGhMm utilities__cover___WKDvY gqjSAR" style="opacity: 0;"></div>
  (Session info: chrome=69.0.3497.100)
  (Driver info: chromedriver=2.35.528161 (5b82f2d2aae0ca24b877009200ced9065a772e73),platform=Windows NT 6.1.7601 SP1 x86_64) (WARNING: The server did not provide any stacktrace information)
Command duration or timeout: 0 milliseconds
Build info: version: '3.7.1', revision: '8a0099a', time: '2017-11-06T21:07:36.161Z'
System info: host: 'PLEMKTPLACE-08', ip: '10.241.184.32', os.name: 'Windows 7', os.arch: 'amd64', os.version: '6.1', java.version: '1.8.0_181'
Driver info: com.kms.katalon.selenium.driver.CChromeDriver
Capabilities {acceptInsecureCerts: false, acceptSslCerts: false, applicationCacheEnabled: false, browserConnectionEnabled: false, browserName: chrome, chrome: {chromedriverVersion: 2.35.528161 (5b82f2d2aae0ca..., userDataDir: C:\Users\vbrooks\AppData\Lo...}, cssSelectorsEnabled: true, databaseEnabled: false, handlesAlerts: true, hasTouchScreen: false, javascriptEnabled: true, locationContextEnabled: true, mobileEmulationEnabled: false, nativeEvents: true, networkConnectionEnabled: false, pageLoadStrategy: normal, platform: XP, platformName: XP, rotatable: false, setWindowRect: true, takesHeapSnapshot: true, takesScreenshot: true, unexpectedAlertBehaviour: , unhandledPromptBehavior: , version: 69.0.3497.100, webStorageEnabled: true}
Session ID: b74043b98ba4eb3d0dab72b882eb8b9a)
	at com.kms.katalon.core.keyword.internal.KeywordMain.stepFailed(KeywordMain.groovy:36)
	at com.kms.katalon.core.webui.keyword.internal.WebUIKeywordMain.stepFailed(WebUIKeywordMain.groovy:65)
	at com.kms.katalon.core.webui.keyword.internal.WebUIKeywordMain.runKeyword(WebUIKeywordMain.groovy:27)
	at com.kms.katalon.core.webui.keyword.builtin.ClickKeyword.click(ClickKeyword.groovy:86)
	at com.kms.katalon.core.webui.keyword.builtin.ClickKeyword.execute(ClickKeyword.groovy:67)
	at com.kms.katalon.core.keyword.internal.KeywordExecutor.executeKeywordForPlatform(KeywordExecutor.groovy:53)
	at com.kms.katalon.core.webui.keyword.WebUiBuiltInKeywords.click(WebUiBuiltInKeywords.groovy:616)
	at com.kms.katalon.core.webui.keyword.WebUiBuiltInKeywords$click$4.call(Unknown Source)
	at org.codehaus.groovy.runtime.callsite.CallSiteArray.defaultCall(CallSiteArray.java:48)
	at org.codehaus.groovy.runtime.callsite.AbstractCallSite.call(AbstractCallSite.java:113)
	at org.codehaus.groovy.runtime.callsite.AbstractCallSite.call(AbstractCallSite.java:125)
	at Script1536614250757.run(Script1536614250757.groovy:334)
	at com.kms.katalon.core.main.ScriptEngine.run(ScriptEngine.java:183)
	at com.kms.katalon.core.main.ScriptEngine.runScriptAsRawText(ScriptEngine.java:108)
	at com.kms.katalon.core.main.TestCaseExecutor.runScript(TestCaseExecutor.java:294)
	at com.kms.katalon.core.main.TestCaseExecutor.doExecute(TestCaseExecutor.java:285)
	at com.kms.katalon.core.main.TestCaseExecutor.processExecutionPhase(TestCaseExecutor.java:264)
	at com.kms.katalon.core.main.TestCaseExecutor.accessMainPhase(TestCaseExecutor.java:256)
	at com.kms.katalon.core.main.TestCaseExecutor.execute(TestCaseExecutor.java:200)
	at com.kms.katalon.core.main.TestSuiteExecutor.accessTestCaseMainPhase(TestSuiteExecutor.java:129)
	at com.kms.katalon.core.main.TestSuiteExecutor.accessTestSuiteMainPhase(TestSuiteExecutor.java:112)
	at com.kms.katalon.core.main.TestSuiteExecutor.execute(TestSuiteExecutor.java:81)
	at com.kms.katalon.core.main.TestCaseMain.startTestSuite(TestCaseMain.java:142)
	at com.kms.katalon.core.main.TestCaseMain$startTestSuite$0.call(Unknown Source)
	at org.codehaus.groovy.runtime.callsite.CallSiteArray.defaultCall(CallSiteArray.java:48)
	at org.codehaus.groovy.runtime.callsite.AbstractCallSite.call(AbstractCallSite.java:113)
	at org.codehaus.groovy.runtime.callsite.AbstractCallSite.call(AbstractCallSite.java:141)
	at TempTestSuite1537808383407.run(TempTestSuite1537808383407.groovy:36)
	at groovy.lang.GroovyShell.runScriptOrMainOrTestOrRunnable(GroovyShell.java:263)
	at groovy.lang.GroovyShell.run(GroovyShell.java:518)
	at groovy.lang.GroovyShell.run(GroovyShell.java:507)
	at groovy.ui.GroovyMain.processOnce(GroovyMain.java:653)
	at groovy.ui.GroovyMain.run(GroovyMain.java:384)
	at groovy.ui.GroovyMain.process(GroovyMain.java:370)
	at groovy.ui.GroovyMain.processArgs(GroovyMain.java:129)
	at groovy.ui.GroovyMain.main(GroovyMain.java:109)
	at sun.reflect.NativeMethodAccessorImpl.invoke0(Native Method)
	at sun.reflect.NativeMethodAccessorImpl.invoke(NativeMethodAccessorImpl.java:62)
	at sun.reflect.DelegatingMethodAccessorImpl.invoke(DelegatingMethodAccessorImpl.java:43)
	at java.lang.reflect.Method.invoke(Method.java:498)
	at org.codehaus.groovy.tools.GroovyStarter.rootLoader(GroovyStarter.java:109)
	at org.codehaus.groovy.tools.GroovyStarter.main(GroovyStarter.java:131)
)

2018-09-24 10:00:06 - [TEST_STEP][NOT_RUN] - callTestCase: NOT_RUN: callTestCase

2018-09-24 10:00:06 - [MESSAGE][NOT_RUN] - NOT_RUN: callTestCase

2018-09-24 10:00:06 - [TEST_STEP][PASSED] - delay: Delayed 2 second(s)

2018-09-24 10:00:08 - [MESSAGE][PASSED] - Delayed 2 second(s)

2018-09-24 10:00:08 - [TEST_STEP][PASSED] - waitForElementClickable: Object 'Object Repository/Page_Shop Whats New/svg_ 2018 Birchbox_icon__svg__' is clickable

2018-09-24 10:00:08 - [MESSAGE][WARNING] - Timeout '0' is invalid. Using default page load timeout: '90'

2018-09-24 10:00:08 - [MESSAGE][PASSED] - Object 'Object Repository/Page_Shop Whats New/svg_ 2018 Birchbox_icon__svg__' is clickable

2018-09-24 10:00:08 - [TEST_STEP][PASSED] - click: Object: 'Object Repository/Page_Shop Whats New/svg_ 2018 Birchbox_icon__svg__' is clicked on

2018-09-24 10:00:09 - [MESSAGE][PASSED] - Object: 'Object Repository/Page_Shop Whats New/svg_ 2018 Birchbox_icon__svg__' is clicked on

2018-09-24 10:00:09 - [TEST_STEP][PASSED] - waitForElementVisible: Object 'Object Repository/Page_Shop Whats New/div_Makeup' is visible

2018-09-24 10:00:09 - [MESSAGE][WARNING] - Timeout '0' is invalid. Using default page load timeout: '90'

2018-09-24 10:00:09 - [MESSAGE][PASSED] - Object 'Object Repository/Page_Shop Whats New/div_Makeup' is visible

2018-09-24 10:00:09 - [TEST_STEP][PASSED] - waitForElementClickable: Object 'Object Repository/Page_Shop Whats New/div_Makeup' is clickable

2018-09-24 10:00:09 - [MESSAGE][WARNING] - Timeout '0' is invalid. Using default page load timeout: '90'

2018-09-24 10:00:09 - [MESSAGE][PASSED] - Object 'Object Repository/Page_Shop Whats New/div_Makeup' is clickable

2018-09-24 10:00:09 - [TEST_STEP][PASSED] - click: Object: 'Object Repository/Page_Shop Whats New/div_Makeup' is clicked on

2018-09-24 10:00:09 - [MESSAGE][PASSED] - Object: 'Object Repository/Page_Shop Whats New/div_Makeup' is clicked on

2018-09-24 10:00:09 - [TEST_STEP][PASSED] - click: Object: 'Object Repository/Page_Shop Whats New/div_Complexion' is clicked on

2018-09-24 10:00:10 - [MESSAGE][PASSED] - Object: 'Object Repository/Page_Shop Whats New/div_Complexion' is clicked on

2018-09-24 10:00:10 - [TEST_STEP][PASSED] - delay: Delayed 1 second(s)

2018-09-24 10:00:11 - [MESSAGE][PASSED] - Delayed 1 second(s)

2018-09-24 10:00:11 - [TEST_STEP][PASSED] - waitForElementVisible: Object 'Object Repository/Page_Beauty Box Subscription for Wo/a_Tinted Moisturizers  BBCC Cr' is visible

2018-09-24 10:00:11 - [MESSAGE][WARNING] - Timeout '0' is invalid. Using default page load timeout: '90'

2018-09-24 10:00:12 - [MESSAGE][PASSED] - Object 'Object Repository/Page_Beauty Box Subscription for Wo/a_Tinted Moisturizers  BBCC Cr' is visible

2018-09-24 10:00:12 - [TEST_STEP][PASSED] - waitForElementClickable: Object 'Object Repository/Page_Beauty Box Subscription for Wo/a_Tinted Moisturizers  BBCC Cr' is clickable

2018-09-24 10:00:12 - [MESSAGE][WARNING] - Timeout '0' is invalid. Using default page load timeout: '90'

2018-09-24 10:00:12 - [MESSAGE][PASSED] - Object 'Object Repository/Page_Beauty Box Subscription for Wo/a_Tinted Moisturizers  BBCC Cr' is clickable

2018-09-24 10:00:12 - [TEST_STEP][PASSED] - click: Object: 'Object Repository/Page_Beauty Box Subscription for Wo/a_Tinted Moisturizers  BBCC Cr' is clicked on

2018-09-24 10:00:12 - [MESSAGE][PASSED] - Object: 'Object Repository/Page_Beauty Box Subscription for Wo/a_Tinted Moisturizers  BBCC Cr' is clicked on

2018-09-24 10:00:12 - [TEST_STEP][PASSED] - delay: Delayed 2 second(s)

2018-09-24 10:00:14 - [MESSAGE][PASSED] - Delayed 2 second(s)

2018-09-24 10:00:14 - [TEST_STEP][PASSED] - click: Object: 'Object Repository/Page_Shop Tinted Moisturizers  BBCC/svg_ 2018 Birchbox_icon__svg__' is clicked on

2018-09-24 10:00:15 - [MESSAGE][PASSED] - Object: 'Object Repository/Page_Shop Tinted Moisturizers  BBCC/svg_ 2018 Birchbox_icon__svg__' is clicked on

2018-09-24 10:00:15 - [TEST_STEP][PASSED] - delay: Delayed 2 second(s)

2018-09-24 10:00:17 - [MESSAGE][PASSED] - Delayed 2 second(s)

2018-09-24 10:00:17 - [TEST_STEP][PASSED] - waitForElementVisible: Object 'Object Repository/Page_Shop Whats New/div_Makeup' is visible

2018-09-24 10:00:17 - [MESSAGE][WARNING] - Timeout '0' is invalid. Using default page load timeout: '90'

2018-09-24 10:00:17 - [MESSAGE][PASSED] - Object 'Object Repository/Page_Shop Whats New/div_Makeup' is visible

2018-09-24 10:00:17 - [TEST_STEP][PASSED] - waitForElementClickable: Object 'Object Repository/Page_Shop Whats New/div_Makeup' is clickable

2018-09-24 10:00:17 - [MESSAGE][WARNING] - Timeout '0' is invalid. Using default page load timeout: '90'

2018-09-24 10:00:17 - [MESSAGE][PASSED] - Object 'Object Repository/Page_Shop Whats New/div_Makeup' is clickable

2018-09-24 10:00:17 - [TEST_STEP][PASSED] - click: Object: 'Object Repository/Page_Shop Tinted Moisturizers  BBCC/div_Makeup' is clicked on

2018-09-24 10:00:17 - [MESSAGE][PASSED] - Object: 'Object Repository/Page_Shop Tinted Moisturizers  BBCC/div_Makeup' is clicked on

2018-09-24 10:00:17 - [TEST_STEP][PASSED] - delay: Delayed 1 second(s)

2018-09-24 10:00:18 - [MESSAGE][PASSED] - Delayed 1 second(s)

2018-09-24 10:00:18 - [TEST_STEP][PASSED] - click: Object: 'Object Repository/Page_Shop Tinted Moisturizers  BBCC/div_Complexion' is clicked on

2018-09-24 10:00:18 - [MESSAGE][PASSED] - Object: 'Object Repository/Page_Shop Tinted Moisturizers  BBCC/div_Complexion' is clicked on

2018-09-24 10:00:18 - [TEST_STEP][PASSED] - delay: Delayed 1 second(s)

2018-09-24 10:00:19 - [MESSAGE][PASSED] - Delayed 1 second(s)

2018-09-24 10:00:19 - [TEST_STEP][PASSED] - waitForElementVisible: Object 'Object Repository/Page_Beauty Box Subscription for Wo/a_Foundations' is visible

2018-09-24 10:00:19 - [MESSAGE][WARNING] - Timeout '0' is invalid. Using default page load timeout: '90'

2018-09-24 10:00:19 - [MESSAGE][PASSED] - Object 'Object Repository/Page_Beauty Box Subscription for Wo/a_Foundations' is visible

2018-09-24 10:00:19 - [TEST_STEP][PASSED] - waitForElementClickable: Object 'Object Repository/Page_Beauty Box Subscription for Wo/a_Foundations' is clickable

2018-09-24 10:00:19 - [MESSAGE][WARNING] - Timeout '0' is invalid. Using default page load timeout: '90'

2018-09-24 10:00:19 - [MESSAGE][PASSED] - Object 'Object Repository/Page_Beauty Box Subscription for Wo/a_Foundations' is clickable

2018-09-24 10:00:19 - [TEST_STEP][PASSED] - click: Object: 'Object Repository/Page_Beauty Box Subscription for Wo/a_Foundations' is clicked on

2018-09-24 10:00:20 - [MESSAGE][PASSED] - Object: 'Object Repository/Page_Beauty Box Subscription for Wo/a_Foundations' is clicked on

2018-09-24 10:00:20 - [TEST_STEP][PASSED] - delay: Delayed 2 second(s)

2018-09-24 10:00:22 - [MESSAGE][PASSED] - Delayed 2 second(s)

2018-09-24 10:00:22 - [TEST_STEP][PASSED] - click: Object: 'Object Repository/Page_Shop Makeup Foundations/svg_ 2018 Birchbox_icon__svg__' is clicked on

2018-09-24 10:00:22 - [MESSAGE][PASSED] - Object: 'Object Repository/Page_Shop Makeup Foundations/svg_ 2018 Birchbox_icon__svg__' is clicked on

2018-09-24 10:00:22 - [TEST_STEP][PASSED] - waitForElementVisible: Object 'Object Repository/Page_Shop Whats New/div_Makeup' is visible

2018-09-24 10:00:22 - [MESSAGE][WARNING] - Timeout '0' is invalid. Using default page load timeout: '90'

2018-09-24 10:00:22 - [MESSAGE][PASSED] - Object 'Object Repository/Page_Shop Whats New/div_Makeup' is visible

2018-09-24 10:00:22 - [TEST_STEP][PASSED] - waitForElementClickable: Object 'Object Repository/Page_Shop Whats New/div_Makeup' is clickable

2018-09-24 10:00:22 - [MESSAGE][WARNING] - Timeout '0' is invalid. Using default page load timeout: '90'

2018-09-24 10:00:22 - [MESSAGE][PASSED] - Object 'Object Repository/Page_Shop Whats New/div_Makeup' is clickable

2018-09-24 10:00:22 - [TEST_STEP][PASSED] - click: Object: 'Object Repository/Page_Shop Makeup Foundations/div_Makeup' is clicked on

2018-09-24 10:00:23 - [MESSAGE][PASSED] - Object: 'Object Repository/Page_Shop Makeup Foundations/div_Makeup' is clicked on

2018-09-24 10:00:23 - [TEST_STEP][PASSED] - click: Object: 'Object Repository/Page_Shop Makeup Foundations/div_Complexion' is clicked on

2018-09-24 10:00:23 - [MESSAGE][PASSED] - Object: 'Object Repository/Page_Shop Makeup Foundations/div_Complexion' is clicked on

2018-09-24 10:00:23 - [TEST_STEP][PASSED] - delay: Delayed 1 second(s)

2018-09-24 10:00:24 - [MESSAGE][PASSED] - Delayed 1 second(s)

2018-09-24 10:00:24 - [TEST_STEP][PASSED] - waitForElementVisible: Object 'Object Repository/Page_Beauty Box Subscription for Wo/a_Concealers' is visible

2018-09-24 10:00:24 - [MESSAGE][WARNING] - Timeout '0' is invalid. Using default page load timeout: '90'

2018-09-24 10:00:24 - [MESSAGE][PASSED] - Object 'Object Repository/Page_Beauty Box Subscription for Wo/a_Concealers' is visible

2018-09-24 10:00:24 - [TEST_STEP][PASSED] - waitForElementClickable: Object 'Object Repository/Page_Beauty Box Subscription for Wo/a_Concealers' is clickable

2018-09-24 10:00:24 - [MESSAGE][WARNING] - Timeout '0' is invalid. Using default page load timeout: '90'

2018-09-24 10:00:24 - [MESSAGE][PASSED] - Object 'Object Repository/Page_Beauty Box Subscription for Wo/a_Concealers' is clickable

2018-09-24 10:00:24 - [TEST_STEP][PASSED] - click: Object: 'Object Repository/Page_Beauty Box Subscription for Wo/a_Concealers' is clicked on

2018-09-24 10:00:25 - [MESSAGE][PASSED] - Object: 'Object Repository/Page_Beauty Box Subscription for Wo/a_Concealers' is clicked on

2018-09-24 10:00:25 - [TEST_STEP][PASSED] - delay: Delayed 2 second(s)

2018-09-24 10:00:27 - [MESSAGE][PASSED] - Delayed 2 second(s)

2018-09-24 10:00:27 - [TEST_STEP][PASSED] - click: Object: 'Object Repository/Page_Shop Makeup Concealers/svg_ 2018 Birchbox_icon__svg__' is clicked on

2018-09-24 10:00:27 - [MESSAGE][PASSED] - Object: 'Object Repository/Page_Shop Makeup Concealers/svg_ 2018 Birchbox_icon__svg__' is clicked on

2018-09-24 10:00:27 - [TEST_STEP][PASSED] - waitForElementVisible: Object 'Object Repository/Page_Shop Whats New/div_Makeup' is visible

2018-09-24 10:00:27 - [MESSAGE][WARNING] - Timeout '0' is invalid. Using default page load timeout: '90'

2018-09-24 10:00:27 - [MESSAGE][PASSED] - Object 'Object Repository/Page_Shop Whats New/div_Makeup' is visible

2018-09-24 10:00:27 - [TEST_STEP][PASSED] - waitForElementClickable: Object 'Object Repository/Page_Shop Whats New/div_Makeup' is clickable

2018-09-24 10:00:27 - [MESSAGE][WARNING] - Timeout '0' is invalid. Using default page load timeout: '90'

2018-09-24 10:00:27 - [MESSAGE][PASSED] - Object 'Object Repository/Page_Shop Whats New/div_Makeup' is clickable

2018-09-24 10:00:27 - [TEST_STEP][PASSED] - click: Object: 'Object Repository/Page_Shop Makeup Concealers/div_Makeup' is clicked on

2018-09-24 10:00:28 - [MESSAGE][PASSED] - Object: 'Object Repository/Page_Shop Makeup Concealers/div_Makeup' is clicked on

2018-09-24 10:00:28 - [TEST_STEP][PASSED] - click: Object: 'Object Repository/Page_Shop Makeup Concealers/div_Complexion' is clicked on

2018-09-24 10:00:28 - [MESSAGE][PASSED] - Object: 'Object Repository/Page_Shop Makeup Concealers/div_Complexion' is clicked on

2018-09-24 10:00:28 - [TEST_STEP][PASSED] - delay: Delayed 1 second(s)

2018-09-24 10:00:29 - [MESSAGE][PASSED] - Delayed 1 second(s)

2018-09-24 10:00:29 - [TEST_STEP][PASSED] - waitForElementVisible: Object 'Object Repository/Page_Beauty Box Subscription for Wo/a_Primers' is visible

2018-09-24 10:00:29 - [MESSAGE][WARNING] - Timeout '0' is invalid. Using default page load timeout: '90'

2018-09-24 10:00:29 - [MESSAGE][PASSED] - Object 'Object Repository/Page_Beauty Box Subscription for Wo/a_Primers' is visible

2018-09-24 10:00:29 - [TEST_STEP][PASSED] - waitForElementClickable: Object 'Object Repository/Page_Beauty Box Subscription for Wo/a_Primers' is clickable

2018-09-24 10:00:29 - [MESSAGE][WARNING] - Timeout '0' is invalid. Using default page load timeout: '90'

2018-09-24 10:00:29 - [MESSAGE][PASSED] - Object 'Object Repository/Page_Beauty Box Subscription for Wo/a_Primers' is clickable

2018-09-24 10:00:29 - [TEST_STEP][PASSED] - click: Object: 'Object Repository/Page_Beauty Box Subscription for Wo/a_Primers' is clicked on

2018-09-24 10:00:29 - [MESSAGE][PASSED] - Object: 'Object Repository/Page_Beauty Box Subscription for Wo/a_Primers' is clicked on

2018-09-24 10:00:29 - [TEST_STEP][PASSED] - delay: Delayed 2 second(s)

2018-09-24 10:00:31 - [MESSAGE][PASSED] - Delayed 2 second(s)

2018-09-24 10:00:31 - [TEST_STEP][PASSED] - click: Object: 'Object Repository/Page_Shop Makeup Primers/svg_ 2018 Birchbox_icon__svg__' is clicked on

2018-09-24 10:00:32 - [MESSAGE][PASSED] - Object: 'Object Repository/Page_Shop Makeup Primers/svg_ 2018 Birchbox_icon__svg__' is clicked on

2018-09-24 10:00:32 - [TEST_STEP][PASSED] - waitForElementVisible: Object 'Object Repository/Page_Shop Whats New/div_Makeup' is visible

2018-09-24 10:00:32 - [MESSAGE][WARNING] - Timeout '0' is invalid. Using default page load timeout: '90'

2018-09-24 10:00:32 - [MESSAGE][PASSED] - Object 'Object Repository/Page_Shop Whats New/div_Makeup' is visible

2018-09-24 10:00:32 - [TEST_STEP][PASSED] - waitForElementClickable: Object 'Object Repository/Page_Shop Whats New/div_Makeup' is clickable

2018-09-24 10:00:32 - [MESSAGE][WARNING] - Timeout '0' is invalid. Using default page load timeout: '90'

2018-09-24 10:00:32 - [MESSAGE][PASSED] - Object 'Object Repository/Page_Shop Whats New/div_Makeup' is clickable

2018-09-24 10:00:32 - [TEST_STEP][PASSED] - click: Object: 'Object Repository/Page_Shop Makeup Primers/div_Makeup' is clicked on

2018-09-24 10:00:32 - [MESSAGE][PASSED] - Object: 'Object Repository/Page_Shop Makeup Primers/div_Makeup' is clicked on

2018-09-24 10:00:32 - [TEST_STEP][PASSED] - waitForElementVisible: Object 'Object Repository/Page_Shop Makeup Primers/div_Complexion' is visible

2018-09-24 10:00:32 - [MESSAGE][WARNING] - Timeout '0' is invalid. Using default page load timeout: '90'

2018-09-24 10:00:33 - [MESSAGE][PASSED] - Object 'Object Repository/Page_Shop Makeup Primers/div_Complexion' is visible

2018-09-24 10:00:33 - [TEST_STEP][PASSED] - waitForElementClickable: Object 'Object Repository/Page_Shop Makeup Primers/div_Complexion' is clickable

2018-09-24 10:00:33 - [MESSAGE][WARNING] - Timeout '0' is invalid. Using default page load timeout: '90'

2018-09-24 10:00:33 - [MESSAGE][PASSED] - Object 'Object Repository/Page_Shop Makeup Primers/div_Complexion' is clickable

2018-09-24 10:00:33 - [TEST_STEP][PASSED] - click: Object: 'Object Repository/Page_Shop Makeup Primers/div_Complexion' is clicked on

2018-09-24 10:00:33 - [MESSAGE][PASSED] - Object: 'Object Repository/Page_Shop Makeup Primers/div_Complexion' is clicked on

2018-09-24 10:00:33 - [TEST_STEP][PASSED] - delay: Delayed 2 second(s)

2018-09-24 10:00:35 - [MESSAGE][PASSED] - Delayed 2 second(s)

2018-09-24 10:00:35 - [TEST_STEP][PASSED] - waitForElementVisible: Object 'Object Repository/Page_Beauty Box Subscription for Wo/a_Color-Correcting' is visible

2018-09-24 10:00:35 - [MESSAGE][WARNING] - Timeout '0' is invalid. Using default page load timeout: '90'

2018-09-24 10:00:35 - [MESSAGE][PASSED] - Object 'Object Repository/Page_Beauty Box Subscription for Wo/a_Color-Correcting' is visible

2018-09-24 10:00:35 - [TEST_STEP][PASSED] - waitForElementClickable: Object 'Object Repository/Page_Beauty Box Subscription for Wo/a_Color-Correcting' is clickable

2018-09-24 10:00:35 - [MESSAGE][WARNING] - Timeout '0' is invalid. Using default page load timeout: '90'

2018-09-24 10:00:35 - [MESSAGE][PASSED] - Object 'Object Repository/Page_Beauty Box Subscription for Wo/a_Color-Correcting' is clickable

2018-09-24 10:00:35 - [TEST_STEP][PASSED] - click: Object: 'Object Repository/Page_Beauty Box Subscription for Wo/a_Color-Correcting' is clicked on

2018-09-24 10:00:36 - [MESSAGE][PASSED] - Object: 'Object Repository/Page_Beauty Box Subscription for Wo/a_Color-Correcting' is clicked on

2018-09-24 10:00:36 - [TEST_STEP][PASSED] - delay: Delayed 2 second(s)

2018-09-24 10:00:38 - [MESSAGE][PASSED] - Delayed 2 second(s)

2018-09-24 10:00:38 - [TEST_STEP][PASSED] - click: Object: 'Object Repository/Page_Shop Color-Correcting Makeup/svg_ 2018 Birchbox_icon__svg__' is clicked on

2018-09-24 10:00:38 - [MESSAGE][PASSED] - Object: 'Object Repository/Page_Shop Color-Correcting Makeup/svg_ 2018 Birchbox_icon__svg__' is clicked on

2018-09-24 10:00:38 - [TEST_STEP][PASSED] - waitForElementVisible: Object 'Object Repository/Page_Shop Whats New/div_Makeup' is visible

2018-09-24 10:00:38 - [MESSAGE][WARNING] - Timeout '0' is invalid. Using default page load timeout: '90'

2018-09-24 10:00:38 - [MESSAGE][PASSED] - Object 'Object Repository/Page_Shop Whats New/div_Makeup' is visible

2018-09-24 10:00:38 - [TEST_STEP][PASSED] - waitForElementClickable: Object 'Object Repository/Page_Shop Whats New/div_Makeup' is clickable

2018-09-24 10:00:38 - [MESSAGE][WARNING] - Timeout '0' is invalid. Using default page load timeout: '90'

2018-09-24 10:00:38 - [MESSAGE][PASSED] - Object 'Object Repository/Page_Shop Whats New/div_Makeup' is clickable

2018-09-24 10:00:38 - [TEST_STEP][PASSED] - click: Object: 'Object Repository/Page_Shop Color-Correcting Makeup/div_Makeup' is clicked on

2018-09-24 10:00:39 - [MESSAGE][PASSED] - Object: 'Object Repository/Page_Shop Color-Correcting Makeup/div_Makeup' is clicked on

2018-09-24 10:00:39 - [TEST_STEP][PASSED] - click: Object: 'Object Repository/Page_Shop Color-Correcting Makeup/div_Complexion' is clicked on

2018-09-24 10:00:39 - [MESSAGE][PASSED] - Object: 'Object Repository/Page_Shop Color-Correcting Makeup/div_Complexion' is clicked on

2018-09-24 10:00:39 - [TEST_STEP][PASSED] - waitForElementVisible: Object 'Object Repository/Page_Beauty Box Subscription for Wo/a_Setting Sprays  Powders' is visible

2018-09-24 10:00:39 - [MESSAGE][WARNING] - Timeout '0' is invalid. Using default page load timeout: '90'

2018-09-24 10:00:40 - [MESSAGE][PASSED] - Object 'Object Repository/Page_Beauty Box Subscription for Wo/a_Setting Sprays  Powders' is visible

2018-09-24 10:00:40 - [TEST_STEP][PASSED] - verifyElementClickable: Object 'Object Repository/Page_Beauty Box Subscription for Wo/a_Setting Sprays  Powders' is clickable

2018-09-24 10:00:40 - [MESSAGE][PASSED] - Object 'Object Repository/Page_Beauty Box Subscription for Wo/a_Setting Sprays  Powders' is clickable

2018-09-24 10:00:40 - [TEST_STEP][PASSED] - click: Object: 'Object Repository/Page_Beauty Box Subscription for Wo/a_Setting Sprays  Powders' is clicked on

2018-09-24 10:00:40 - [MESSAGE][PASSED] - Object: 'Object Repository/Page_Beauty Box Subscription for Wo/a_Setting Sprays  Powders' is clicked on

2018-09-24 10:00:40 - [TEST_STEP][PASSED] - delay: Delayed 2 second(s)

2018-09-24 10:00:42 - [MESSAGE][PASSED] - Delayed 2 second(s)

2018-09-24 10:00:42 - [TEST_STEP][PASSED] - click: Object: 'Object Repository/Page_Shop Makeup Setting Sprays and/svg_ 2018 Birchbox_icon__svg__' is clicked on

2018-09-24 10:00:43 - [MESSAGE][PASSED] - Object: 'Object Repository/Page_Shop Makeup Setting Sprays and/svg_ 2018 Birchbox_icon__svg__' is clicked on

2018-09-24 10:00:43 - [TEST_STEP][PASSED] - waitForElementVisible: Object 'Object Repository/Page_Shop Whats New/div_Makeup' is visible

2018-09-24 10:00:43 - [MESSAGE][WARNING] - Timeout '0' is invalid. Using default page load timeout: '90'

2018-09-24 10:00:43 - [MESSAGE][PASSED] - Object 'Object Repository/Page_Shop Whats New/div_Makeup' is visible

2018-09-24 10:00:43 - [TEST_STEP][PASSED] - waitForElementClickable: Object 'Object Repository/Page_Shop Whats New/div_Makeup' is clickable

2018-09-24 10:00:43 - [MESSAGE][WARNING] - Timeout '0' is invalid. Using default page load timeout: '90'

2018-09-24 10:00:43 - [MESSAGE][PASSED] - Object 'Object Repository/Page_Shop Whats New/div_Makeup' is clickable

2018-09-24 10:00:43 - [TEST_STEP][PASSED] - click: Object: 'Object Repository/Page_Shop Makeup Setting Sprays and/div_Makeup' is clicked on

2018-09-24 10:00:43 - [MESSAGE][PASSED] - Object: 'Object Repository/Page_Shop Makeup Setting Sprays and/div_Makeup' is clicked on

2018-09-24 10:00:43 - [TEST_STEP][PASSED] - click: Object: 'Object Repository/Page_Shop Makeup Setting Sprays and/div_Complexion' is clicked on

2018-09-24 10:00:44 - [MESSAGE][PASSED] - Object: 'Object Repository/Page_Shop Makeup Setting Sprays and/div_Complexion' is clicked on

2018-09-24 10:00:44 - [TEST_STEP][PASSED] - delay: Delayed 1 second(s)

2018-09-24 10:00:45 - [MESSAGE][PASSED] - Delayed 1 second(s)

2018-09-24 10:00:45 - [TEST_STEP][PASSED] - waitForElementVisible: Object 'Object Repository/Page_Beauty Box Subscription for Wo/a_Complexion Sets  Palettes' is visible

2018-09-24 10:00:45 - [MESSAGE][WARNING] - Timeout '0' is invalid. Using default page load timeout: '90'

2018-09-24 10:00:45 - [MESSAGE][PASSED] - Object 'Object Repository/Page_Beauty Box Subscription for Wo/a_Complexion Sets  Palettes' is visible

2018-09-24 10:00:45 - [TEST_STEP][PASSED] - waitForElementClickable: Object 'Object Repository/Page_Beauty Box Subscription for Wo/a_Complexion Sets  Palettes' is clickable

2018-09-24 10:00:45 - [MESSAGE][WARNING] - Timeout '0' is invalid. Using default page load timeout: '90'

2018-09-24 10:00:45 - [MESSAGE][PASSED] - Object 'Object Repository/Page_Beauty Box Subscription for Wo/a_Complexion Sets  Palettes' is clickable

2018-09-24 10:00:45 - [TEST_STEP][PASSED] - click: Object: 'Object Repository/Page_Beauty Box Subscription for Wo/a_Complexion Sets  Palettes' is clicked on

2018-09-24 10:00:45 - [MESSAGE][PASSED] - Object: 'Object Repository/Page_Beauty Box Subscription for Wo/a_Complexion Sets  Palettes' is clicked on

2018-09-24 10:00:45 - [TEST_STEP][PASSED] - delay: Delayed 2 second(s)

2018-09-24 10:00:47 - [MESSAGE][PASSED] - Delayed 2 second(s)

2018-09-24 10:00:47 - [TEST_STEP][PASSED] - click: Object: 'Object Repository/Page_Shop Makeup Complexion Sets  M/svg_ 2018 Birchbox_icon__svg__' is clicked on

2018-09-24 10:00:47 - [MESSAGE][PASSED] - Object: 'Object Repository/Page_Shop Makeup Complexion Sets  M/svg_ 2018 Birchbox_icon__svg__' is clicked on

2018-09-24 10:00:47 - [TEST_STEP][PASSED] - waitForElementVisible: Object 'Object Repository/Page_Shop Whats New/div_Makeup' is visible

2018-09-24 10:00:47 - [MESSAGE][WARNING] - Timeout '0' is invalid. Using default page load timeout: '90'

2018-09-24 10:00:48 - [MESSAGE][PASSED] - Object 'Object Repository/Page_Shop Whats New/div_Makeup' is visible

2018-09-24 10:00:48 - [TEST_STEP][PASSED] - waitForElementClickable: Object 'Object Repository/Page_Shop Whats New/div_Makeup' is clickable

2018-09-24 10:00:48 - [MESSAGE][WARNING] - Timeout '0' is invalid. Using default page load timeout: '90'

2018-09-24 10:00:48 - [MESSAGE][PASSED] - Object 'Object Repository/Page_Shop Whats New/div_Makeup' is clickable

2018-09-24 10:00:48 - [TEST_STEP][PASSED] - click: Object: 'Object Repository/Page_Shop Makeup Complexion Sets  M/div_Makeup' is clicked on

2018-09-24 10:00:48 - [MESSAGE][PASSED] - Object: 'Object Repository/Page_Shop Makeup Complexion Sets  M/div_Makeup' is clicked on

2018-09-24 10:00:48 - [TEST_STEP][PASSED] - click: Object: 'Object Repository/Page_Shop Makeup Complexion Sets  M/div_Eye' is clicked on

2018-09-24 10:00:49 - [MESSAGE][PASSED] - Object: 'Object Repository/Page_Shop Makeup Complexion Sets  M/div_Eye' is clicked on

2018-09-24 10:00:49 - [TEST_STEP][PASSED] - waitForElementVisible: Object 'Object Repository/Page_Beauty Box Subscription for Wo/a_Mascaras' is visible

2018-09-24 10:00:49 - [MESSAGE][WARNING] - Timeout '0' is invalid. Using default page load timeout: '90'

2018-09-24 10:00:49 - [MESSAGE][PASSED] - Object 'Object Repository/Page_Beauty Box Subscription for Wo/a_Mascaras' is visible

2018-09-24 10:00:49 - [TEST_STEP][PASSED] - waitForElementClickable: Object 'Object Repository/Page_Beauty Box Subscription for Wo/a_Mascaras' is clickable

2018-09-24 10:00:49 - [MESSAGE][WARNING] - Timeout '0' is invalid. Using default page load timeout: '90'

2018-09-24 10:00:50 - [MESSAGE][PASSED] - Object 'Object Repository/Page_Beauty Box Subscription for Wo/a_Mascaras' is clickable

2018-09-24 10:00:50 - [TEST_STEP][PASSED] - click: Object: 'Object Repository/Page_Beauty Box Subscription for Wo/a_Mascaras' is clicked on

2018-09-24 10:00:50 - [MESSAGE][PASSED] - Object: 'Object Repository/Page_Beauty Box Subscription for Wo/a_Mascaras' is clicked on

2018-09-24 10:00:50 - [TEST_STEP][PASSED] - delay: Delayed 2 second(s)

2018-09-24 10:00:52 - [MESSAGE][PASSED] - Delayed 2 second(s)

2018-09-24 10:00:52 - [TEST_STEP][PASSED] - click: Object: 'Object Repository/Page_Shop Mascaras/svg_ 2018 Birchbox_icon__svg__' is clicked on

2018-09-24 10:00:52 - [MESSAGE][PASSED] - Object: 'Object Repository/Page_Shop Mascaras/svg_ 2018 Birchbox_icon__svg__' is clicked on

2018-09-24 10:00:52 - [TEST_STEP][PASSED] - waitForElementVisible: Object 'Object Repository/Page_Shop Whats New/div_Makeup' is visible

2018-09-24 10:00:52 - [MESSAGE][WARNING] - Timeout '0' is invalid. Using default page load timeout: '90'

2018-09-24 10:00:53 - [MESSAGE][PASSED] - Object 'Object Repository/Page_Shop Whats New/div_Makeup' is visible

2018-09-24 10:00:53 - [TEST_STEP][PASSED] - waitForElementClickable: Object 'Object Repository/Page_Shop Whats New/div_Makeup' is clickable

2018-09-24 10:00:53 - [MESSAGE][WARNING] - Timeout '0' is invalid. Using default page load timeout: '90'

2018-09-24 10:00:53 - [MESSAGE][PASSED] - Object 'Object Repository/Page_Shop Whats New/div_Makeup' is clickable

2018-09-24 10:00:53 - [TEST_STEP][PASSED] - click: Object: 'Object Repository/Page_Shop Mascaras/div_Makeup' is clicked on

2018-09-24 10:00:53 - [MESSAGE][PASSED] - Object: 'Object Repository/Page_Shop Mascaras/div_Makeup' is clicked on

2018-09-24 10:00:53 - [TEST_STEP][PASSED] - click: Object: 'Object Repository/Page_Shop Mascaras/div_Eye' is clicked on

2018-09-24 10:00:53 - [MESSAGE][PASSED] - Object: 'Object Repository/Page_Shop Mascaras/div_Eye' is clicked on

2018-09-24 10:00:53 - [TEST_STEP][PASSED] - delay: Delayed 1 second(s)

2018-09-24 10:00:54 - [MESSAGE][PASSED] - Delayed 1 second(s)

2018-09-24 10:00:54 - [TEST_STEP][PASSED] - waitForElementVisible: Object 'Object Repository/Page_Beauty Box Subscription for Wo/a_Brows' is visible

2018-09-24 10:00:54 - [MESSAGE][WARNING] - Timeout '0' is invalid. Using default page load timeout: '90'

2018-09-24 10:00:54 - [MESSAGE][PASSED] - Object 'Object Repository/Page_Beauty Box Subscription for Wo/a_Brows' is visible

2018-09-24 10:00:54 - [TEST_STEP][PASSED] - waitForElementClickable: Object 'Object Repository/Page_Beauty Box Subscription for Wo/a_Brows' is clickable

2018-09-24 10:00:54 - [MESSAGE][WARNING] - Timeout '0' is invalid. Using default page load timeout: '90'

2018-09-24 10:00:55 - [MESSAGE][PASSED] - Object 'Object Repository/Page_Beauty Box Subscription for Wo/a_Brows' is clickable

2018-09-24 10:00:55 - [TEST_STEP][PASSED] - click: Object: 'Object Repository/Page_Beauty Box Subscription for Wo/a_Brows' is clicked on

2018-09-24 10:00:55 - [MESSAGE][PASSED] - Object: 'Object Repository/Page_Beauty Box Subscription for Wo/a_Brows' is clicked on

2018-09-24 10:00:55 - [TEST_STEP][PASSED] - delay: Delayed 2 second(s)

2018-09-24 10:00:57 - [MESSAGE][PASSED] - Delayed 2 second(s)

2018-09-24 10:00:57 - [TEST_STEP][PASSED] - click: Object: 'Object Repository/Page_Shop Brow Makeup/svg_ 2018 Birchbox_icon__svg__' is clicked on

2018-09-24 10:00:57 - [MESSAGE][PASSED] - Object: 'Object Repository/Page_Shop Brow Makeup/svg_ 2018 Birchbox_icon__svg__' is clicked on

2018-09-24 10:00:57 - [TEST_STEP][PASSED] - waitForElementVisible: Object 'Object Repository/Page_Shop Whats New/div_Makeup' is visible

2018-09-24 10:00:57 - [MESSAGE][WARNING] - Timeout '0' is invalid. Using default page load timeout: '90'

2018-09-24 10:00:57 - [MESSAGE][PASSED] - Object 'Object Repository/Page_Shop Whats New/div_Makeup' is visible

2018-09-24 10:00:57 - [TEST_STEP][PASSED] - waitForElementClickable: Object 'Object Repository/Page_Shop Whats New/div_Makeup' is clickable

2018-09-24 10:00:57 - [MESSAGE][WARNING] - Timeout '0' is invalid. Using default page load timeout: '90'

2018-09-24 10:00:57 - [MESSAGE][PASSED] - Object 'Object Repository/Page_Shop Whats New/div_Makeup' is clickable

2018-09-24 10:00:57 - [TEST_STEP][PASSED] - click: Object: 'Object Repository/Page_Shop Brow Makeup/div_Makeup' is clicked on

2018-09-24 10:00:58 - [MESSAGE][PASSED] - Object: 'Object Repository/Page_Shop Brow Makeup/div_Makeup' is clicked on

2018-09-24 10:00:58 - [TEST_STEP][PASSED] - click: Object: 'Object Repository/Page_Shop Brow Makeup/div_Eye' is clicked on

2018-09-24 10:00:58 - [MESSAGE][PASSED] - Object: 'Object Repository/Page_Shop Brow Makeup/div_Eye' is clicked on

2018-09-24 10:00:58 - [TEST_STEP][PASSED] - delay: Delayed 1 second(s)

2018-09-24 10:00:59 - [MESSAGE][PASSED] - Delayed 1 second(s)

2018-09-24 10:00:59 - [TEST_STEP][PASSED] - waitForElementVisible: Object 'Object Repository/Page_Beauty Box Subscription for Wo/a_Eyeliners' is visible

2018-09-24 10:00:59 - [MESSAGE][WARNING] - Timeout '0' is invalid. Using default page load timeout: '90'

2018-09-24 10:00:59 - [MESSAGE][PASSED] - Object 'Object Repository/Page_Beauty Box Subscription for Wo/a_Eyeliners' is visible

2018-09-24 10:00:59 - [TEST_STEP][PASSED] - waitForElementClickable: Object 'Object Repository/Page_Beauty Box Subscription for Wo/a_Eyeliners' is clickable

2018-09-24 10:00:59 - [MESSAGE][WARNING] - Timeout '0' is invalid. Using default page load timeout: '90'

2018-09-24 10:00:59 - [MESSAGE][PASSED] - Object 'Object Repository/Page_Beauty Box Subscription for Wo/a_Eyeliners' is clickable

2018-09-24 10:00:59 - [TEST_STEP][PASSED] - click: Object: 'Object Repository/Page_Beauty Box Subscription for Wo/a_Eyeliners' is clicked on

2018-09-24 10:01:00 - [MESSAGE][PASSED] - Object: 'Object Repository/Page_Beauty Box Subscription for Wo/a_Eyeliners' is clicked on

2018-09-24 10:01:00 - [TEST_STEP][PASSED] - delay: Delayed 2 second(s)

2018-09-24 10:01:02 - [MESSAGE][PASSED] - Delayed 2 second(s)

2018-09-24 10:01:02 - [TEST_STEP][PASSED] - click: Object: 'Object Repository/Page_Shop Eyeliners/svg_ 2018 Birchbox_icon__svg__' is clicked on

2018-09-24 10:01:02 - [MESSAGE][PASSED] - Object: 'Object Repository/Page_Shop Eyeliners/svg_ 2018 Birchbox_icon__svg__' is clicked on

2018-09-24 10:01:02 - [TEST_STEP][PASSED] - waitForElementVisible: Object 'Object Repository/Page_Shop Whats New/div_Makeup' is visible

2018-09-24 10:01:02 - [MESSAGE][WARNING] - Timeout '0' is invalid. Using default page load timeout: '90'

2018-09-24 10:01:02 - [MESSAGE][PASSED] - Object 'Object Repository/Page_Shop Whats New/div_Makeup' is visible

2018-09-24 10:01:02 - [TEST_STEP][PASSED] - waitForElementClickable: Object 'Object Repository/Page_Shop Whats New/div_Makeup' is clickable

2018-09-24 10:01:02 - [MESSAGE][WARNING] - Timeout '0' is invalid. Using default page load timeout: '90'

2018-09-24 10:01:02 - [MESSAGE][PASSED] - Object 'Object Repository/Page_Shop Whats New/div_Makeup' is clickable

2018-09-24 10:01:02 - [TEST_STEP][PASSED] - click: Object: 'Object Repository/Page_Shop Eyeliners/div_Makeup' is clicked on

2018-09-24 10:01:02 - [MESSAGE][PASSED] - Object: 'Object Repository/Page_Shop Eyeliners/div_Makeup' is clicked on

2018-09-24 10:01:02 - [TEST_STEP][PASSED] - click: Object: 'Object Repository/Page_Shop Eyeliners/div_Eye' is clicked on

2018-09-24 10:01:03 - [MESSAGE][PASSED] - Object: 'Object Repository/Page_Shop Eyeliners/div_Eye' is clicked on

2018-09-24 10:01:03 - [TEST_STEP][PASSED] - delay: Delayed 1 second(s)

2018-09-24 10:01:04 - [MESSAGE][PASSED] - Delayed 1 second(s)

2018-09-24 10:01:04 - [TEST_STEP][PASSED] - waitForElementVisible: Object 'Object Repository/Page_Beauty Box Subscription for Wo/a_Eyeshadows' is visible

2018-09-24 10:01:04 - [MESSAGE][WARNING] - Timeout '0' is invalid. Using default page load timeout: '90'

2018-09-24 10:01:04 - [MESSAGE][PASSED] - Object 'Object Repository/Page_Beauty Box Subscription for Wo/a_Eyeshadows' is visible

2018-09-24 10:01:04 - [TEST_STEP][PASSED] - waitForElementClickable: Object 'Object Repository/Page_Beauty Box Subscription for Wo/a_Eyeshadows' is clickable

2018-09-24 10:01:04 - [MESSAGE][WARNING] - Timeout '0' is invalid. Using default page load timeout: '90'

2018-09-24 10:01:04 - [MESSAGE][PASSED] - Object 'Object Repository/Page_Beauty Box Subscription for Wo/a_Eyeshadows' is clickable

2018-09-24 10:01:04 - [TEST_STEP][PASSED] - click: Object: 'Object Repository/Page_Beauty Box Subscription for Wo/a_Eyeshadows' is clicked on

2018-09-24 10:01:04 - [MESSAGE][PASSED] - Object: 'Object Repository/Page_Beauty Box Subscription for Wo/a_Eyeshadows' is clicked on

2018-09-24 10:01:04 - [TEST_STEP][PASSED] - delay: Delayed 2 second(s)

2018-09-24 10:01:06 - [MESSAGE][PASSED] - Delayed 2 second(s)

2018-09-24 10:01:06 - [TEST_STEP][PASSED] - click: Object: 'Object Repository/Page_Shop Eyeshadows/svg_ 2018 Birchbox_icon__svg__' is clicked on

2018-09-24 10:01:06 - [MESSAGE][PASSED] - Object: 'Object Repository/Page_Shop Eyeshadows/svg_ 2018 Birchbox_icon__svg__' is clicked on

2018-09-24 10:01:06 - [TEST_STEP][PASSED] - waitForElementVisible: Object 'Object Repository/Page_Shop Whats New/div_Makeup' is visible

2018-09-24 10:01:06 - [MESSAGE][WARNING] - Timeout '0' is invalid. Using default page load timeout: '90'

2018-09-24 10:01:06 - [MESSAGE][PASSED] - Object 'Object Repository/Page_Shop Whats New/div_Makeup' is visible

2018-09-24 10:01:06 - [TEST_STEP][PASSED] - waitForElementClickable: Object 'Object Repository/Page_Shop Whats New/div_Makeup' is clickable

2018-09-24 10:01:07 - [MESSAGE][WARNING] - Timeout '0' is invalid. Using default page load timeout: '90'

2018-09-24 10:01:07 - [MESSAGE][PASSED] - Object 'Object Repository/Page_Shop Whats New/div_Makeup' is clickable

2018-09-24 10:01:07 - [TEST_STEP][PASSED] - click: Object: 'Object Repository/Page_Shop Eyeshadows/div_Makeup' is clicked on

2018-09-24 10:01:07 - [MESSAGE][PASSED] - Object: 'Object Repository/Page_Shop Eyeshadows/div_Makeup' is clicked on

2018-09-24 10:01:07 - [TEST_STEP][PASSED] - click: Object: 'Object Repository/Page_Shop Eyeshadows/div_Eye' is clicked on

2018-09-24 10:01:07 - [MESSAGE][PASSED] - Object: 'Object Repository/Page_Shop Eyeshadows/div_Eye' is clicked on

2018-09-24 10:01:07 - [TEST_STEP][PASSED] - delay: Delayed 1 second(s)

2018-09-24 10:01:08 - [MESSAGE][PASSED] - Delayed 1 second(s)

2018-09-24 10:01:08 - [TEST_STEP][PASSED] - waitForElementClickable: Object 'Object Repository/Page_Beauty Box Subscription for Wo/a_Eye Primers' is clickable

2018-09-24 10:01:08 - [MESSAGE][WARNING] - Timeout '0' is invalid. Using default page load timeout: '90'

2018-09-24 10:01:08 - [MESSAGE][PASSED] - Object 'Object Repository/Page_Beauty Box Subscription for Wo/a_Eye Primers' is clickable

2018-09-24 10:01:08 - [TEST_STEP][PASSED] - waitForElementVisible: Object 'Object Repository/Page_Beauty Box Subscription for Wo/a_Eye Primers' is visible

2018-09-24 10:01:08 - [MESSAGE][WARNING] - Timeout '0' is invalid. Using default page load timeout: '90'

2018-09-24 10:01:08 - [MESSAGE][PASSED] - Object 'Object Repository/Page_Beauty Box Subscription for Wo/a_Eye Primers' is visible

2018-09-24 10:01:08 - [TEST_STEP][PASSED] - click: Object: 'Object Repository/Page_Beauty Box Subscription for Wo/a_Eye Primers' is clicked on

2018-09-24 10:01:09 - [MESSAGE][PASSED] - Object: 'Object Repository/Page_Beauty Box Subscription for Wo/a_Eye Primers' is clicked on

2018-09-24 10:01:09 - [TEST_STEP][PASSED] - delay: Delayed 2 second(s)

2018-09-24 10:01:11 - [MESSAGE][PASSED] - Delayed 2 second(s)

2018-09-24 10:01:11 - [TEST_STEP][PASSED] - click: Object: 'Object Repository/Page_Shop Eye Primers/svg_ 2018 Birchbox_icon__svg__' is clicked on

2018-09-24 10:01:11 - [MESSAGE][PASSED] - Object: 'Object Repository/Page_Shop Eye Primers/svg_ 2018 Birchbox_icon__svg__' is clicked on

2018-09-24 10:01:11 - [TEST_STEP][PASSED] - waitForElementVisible: Object 'Object Repository/Page_Shop Whats New/div_Makeup' is visible

2018-09-24 10:01:11 - [MESSAGE][WARNING] - Timeout '0' is invalid. Using default page load timeout: '90'

2018-09-24 10:01:11 - [MESSAGE][PASSED] - Object 'Object Repository/Page_Shop Whats New/div_Makeup' is visible

2018-09-24 10:01:11 - [TEST_STEP][PASSED] - waitForElementClickable: Object 'Object Repository/Page_Shop Whats New/div_Makeup' is clickable

2018-09-24 10:01:11 - [MESSAGE][WARNING] - Timeout '0' is invalid. Using default page load timeout: '90'

2018-09-24 10:01:11 - [MESSAGE][PASSED] - Object 'Object Repository/Page_Shop Whats New/div_Makeup' is clickable

2018-09-24 10:01:11 - [TEST_STEP][PASSED] - click: Object: 'Object Repository/Page_Shop Eye Primers/div_Makeup' is clicked on

2018-09-24 10:01:11 - [MESSAGE][PASSED] - Object: 'Object Repository/Page_Shop Eye Primers/div_Makeup' is clicked on

2018-09-24 10:01:11 - [TEST_STEP][PASSED] - click: Object: 'Object Repository/Page_Shop Eye Primers/div_Eye' is clicked on

2018-09-24 10:01:12 - [MESSAGE][PASSED] - Object: 'Object Repository/Page_Shop Eye Primers/div_Eye' is clicked on

2018-09-24 10:01:12 - [TEST_STEP][PASSED] - delay: Delayed 1 second(s)

2018-09-24 10:01:13 - [MESSAGE][PASSED] - Delayed 1 second(s)

2018-09-24 10:01:13 - [TEST_STEP][PASSED] - waitForElementVisible: Object 'Object Repository/Page_Beauty Box Subscription for Wo/a_Lash Primers  Treatments' is visible

2018-09-24 10:01:13 - [MESSAGE][WARNING] - Timeout '0' is invalid. Using default page load timeout: '90'

2018-09-24 10:01:13 - [MESSAGE][PASSED] - Object 'Object Repository/Page_Beauty Box Subscription for Wo/a_Lash Primers  Treatments' is visible

2018-09-24 10:01:13 - [TEST_STEP][PASSED] - waitForElementClickable: Object 'Object Repository/Page_Beauty Box Subscription for Wo/a_Lash Primers  Treatments' is clickable

2018-09-24 10:01:13 - [MESSAGE][WARNING] - Timeout '0' is invalid. Using default page load timeout: '90'

2018-09-24 10:01:13 - [MESSAGE][PASSED] - Object 'Object Repository/Page_Beauty Box Subscription for Wo/a_Lash Primers  Treatments' is clickable

2018-09-24 10:01:13 - [TEST_STEP][PASSED] - click: Object: 'Object Repository/Page_Beauty Box Subscription for Wo/a_Lash Primers  Treatments' is clicked on

2018-09-24 10:01:13 - [MESSAGE][PASSED] - Object: 'Object Repository/Page_Beauty Box Subscription for Wo/a_Lash Primers  Treatments' is clicked on

2018-09-24 10:01:13 - [TEST_STEP][PASSED] - delay: Delayed 2 second(s)

2018-09-24 10:01:15 - [MESSAGE][PASSED] - Delayed 2 second(s)

2018-09-24 10:01:15 - [TEST_STEP][PASSED] - click: Object: 'Object Repository/Page_Shop Lash Primers  Lash Treatm/svg_ 2018 Birchbox_icon__svg__' is clicked on

2018-09-24 10:01:15 - [MESSAGE][PASSED] - Object: 'Object Repository/Page_Shop Lash Primers  Lash Treatm/svg_ 2018 Birchbox_icon__svg__' is clicked on

2018-09-24 10:01:15 - [TEST_STEP][PASSED] - waitForElementVisible: Object 'Object Repository/Page_Shop Whats New/div_Makeup' is visible

2018-09-24 10:01:15 - [MESSAGE][WARNING] - Timeout '0' is invalid. Using default page load timeout: '90'

2018-09-24 10:01:16 - [MESSAGE][PASSED] - Object 'Object Repository/Page_Shop Whats New/div_Makeup' is visible

2018-09-24 10:01:16 - [TEST_STEP][PASSED] - waitForElementClickable: Object 'Object Repository/Page_Shop Whats New/div_Makeup' is clickable

2018-09-24 10:01:16 - [MESSAGE][WARNING] - Timeout '0' is invalid. Using default page load timeout: '90'

2018-09-24 10:01:16 - [MESSAGE][PASSED] - Object 'Object Repository/Page_Shop Whats New/div_Makeup' is clickable

2018-09-24 10:01:16 - [TEST_STEP][PASSED] - click: Object: 'Object Repository/Page_Shop Lash Primers  Lash Treatm/div_Makeup' is clicked on

2018-09-24 10:01:16 - [MESSAGE][PASSED] - Object: 'Object Repository/Page_Shop Lash Primers  Lash Treatm/div_Makeup' is clicked on

2018-09-24 10:01:16 - [TEST_STEP][PASSED] - click: Object: 'Object Repository/Page_Shop Lash Primers  Lash Treatm/div_Eye' is clicked on

2018-09-24 10:01:16 - [MESSAGE][PASSED] - Object: 'Object Repository/Page_Shop Lash Primers  Lash Treatm/div_Eye' is clicked on

2018-09-24 10:01:16 - [TEST_STEP][PASSED] - delay: Delayed 1 second(s)

2018-09-24 10:01:17 - [MESSAGE][PASSED] - Delayed 1 second(s)

2018-09-24 10:01:17 - [TEST_STEP][PASSED] - waitForElementVisible: Object 'Object Repository/Page_Beauty Box Subscription for Wo/a_False Lashes' is visible

2018-09-24 10:01:17 - [MESSAGE][WARNING] - Timeout '0' is invalid. Using default page load timeout: '90'

2018-09-24 10:01:18 - [MESSAGE][PASSED] - Object 'Object Repository/Page_Beauty Box Subscription for Wo/a_False Lashes' is visible

2018-09-24 10:01:18 - [TEST_STEP][PASSED] - waitForElementClickable: Object 'Object Repository/Page_Beauty Box Subscription for Wo/a_False Lashes' is clickable

2018-09-24 10:01:18 - [MESSAGE][WARNING] - Timeout '0' is invalid. Using default page load timeout: '90'

2018-09-24 10:01:18 - [MESSAGE][PASSED] - Object 'Object Repository/Page_Beauty Box Subscription for Wo/a_False Lashes' is clickable

2018-09-24 10:01:18 - [TEST_STEP][PASSED] - click: Object: 'Object Repository/Page_Beauty Box Subscription for Wo/a_False Lashes' is clicked on

2018-09-24 10:01:18 - [MESSAGE][PASSED] - Object: 'Object Repository/Page_Beauty Box Subscription for Wo/a_False Lashes' is clicked on

2018-09-24 10:01:18 - [TEST_STEP][PASSED] - delay: Delayed 2 second(s)

2018-09-24 10:01:20 - [MESSAGE][PASSED] - Delayed 2 second(s)

2018-09-24 10:01:20 - [TEST_STEP][PASSED] - click: Object: 'Object Repository/Page_Shop False Lashes/svg_ 2018 Birchbox_icon__svg__' is clicked on

2018-09-24 10:01:20 - [MESSAGE][PASSED] - Object: 'Object Repository/Page_Shop False Lashes/svg_ 2018 Birchbox_icon__svg__' is clicked on

2018-09-24 10:01:20 - [TEST_STEP][PASSED] - waitForElementVisible: Object 'Object Repository/Page_Shop Whats New/div_Makeup' is visible

2018-09-24 10:01:20 - [MESSAGE][WARNING] - Timeout '0' is invalid. Using default page load timeout: '90'

2018-09-24 10:01:20 - [MESSAGE][PASSED] - Object 'Object Repository/Page_Shop Whats New/div_Makeup' is visible

2018-09-24 10:01:20 - [TEST_STEP][PASSED] - waitForElementClickable: Object 'Object Repository/Page_Shop Whats New/div_Makeup' is clickable

2018-09-24 10:01:20 - [MESSAGE][WARNING] - Timeout '0' is invalid. Using default page load timeout: '90'

2018-09-24 10:01:20 - [MESSAGE][PASSED] - Object 'Object Repository/Page_Shop Whats New/div_Makeup' is clickable

2018-09-24 10:01:20 - [TEST_STEP][PASSED] - click: Object: 'Object Repository/Page_Shop False Lashes/div_Makeup' is clicked on

2018-09-24 10:01:21 - [MESSAGE][PASSED] - Object: 'Object Repository/Page_Shop False Lashes/div_Makeup' is clicked on

2018-09-24 10:01:21 - [TEST_STEP][PASSED] - click: Object: 'Object Repository/Page_Shop False Lashes/div_Eye' is clicked on

2018-09-24 10:01:21 - [MESSAGE][PASSED] - Object: 'Object Repository/Page_Shop False Lashes/div_Eye' is clicked on

2018-09-24 10:01:21 - [TEST_STEP][PASSED] - waitForElementVisible: Object 'Object Repository/Page_Beauty Box Subscription for Wo/a_Eye Sets  Palettes' is visible

2018-09-24 10:01:21 - [MESSAGE][WARNING] - Timeout '0' is invalid. Using default page load timeout: '90'

2018-09-24 10:01:22 - [MESSAGE][PASSED] - Object 'Object Repository/Page_Beauty Box Subscription for Wo/a_Eye Sets  Palettes' is visible

2018-09-24 10:01:22 - [TEST_STEP][PASSED] - waitForElementClickable: Object 'Object Repository/Page_Beauty Box Subscription for Wo/a_Eye Sets  Palettes' is clickable

2018-09-24 10:01:22 - [MESSAGE][WARNING] - Timeout '0' is invalid. Using default page load timeout: '90'

2018-09-24 10:01:22 - [MESSAGE][PASSED] - Object 'Object Repository/Page_Beauty Box Subscription for Wo/a_Eye Sets  Palettes' is clickable

2018-09-24 10:01:22 - [TEST_STEP][FAILED] - click: Unable to click on object 'Object Repository/Page_Beauty Box Subscription for Wo/a_Eye Sets  Palettes' (Root cause: org.openqa.selenium.WebDriverException: unknown error: Element <a class="StyledLink-khUpca fgCKOS" href="/category/2339">...</a> is not clickable at point (85, 756). Other element would receive the click: <div class="Drawer__MaskDiv-VGhMm utilities__cover___WKDvY gqjSAR" style="opacity: 0;"></div>
  (Session info: chrome=69.0.3497.100)
  (Driver info: chromedriver=2.35.528161 (5b82f2d2aae0ca24b877009200ced9065a772e73),platform=Windows NT 6.1.7601 SP1 x86_64) (WARNING: The server did not provide any stacktrace information)
Command duration or timeout: 0 milliseconds
Build info: version: '3.7.1', revision: '8a0099a', time: '2017-11-06T21:07:36.161Z'
System info: host: 'PLEMKTPLACE-08', ip: '10.241.184.32', os.name: 'Windows 7', os.arch: 'amd64', os.version: '6.1', java.version: '1.8.0_181'
Driver info: com.kms.katalon.selenium.driver.CChromeDriver
Capabilities {acceptInsecureCerts: false, acceptSslCerts: false, applicationCacheEnabled: false, browserConnectionEnabled: false, browserName: chrome, chrome: {chromedriverVersion: 2.35.528161 (5b82f2d2aae0ca..., userDataDir: C:\Users\vbrooks\AppData\Lo...}, cssSelectorsEnabled: true, databaseEnabled: false, handlesAlerts: true, hasTouchScreen: false, javascriptEnabled: true, locationContextEnabled: true, mobileEmulationEnabled: false, nativeEvents: true, networkConnectionEnabled: false, pageLoadStrategy: normal, platform: XP, platformName: XP, rotatable: false, setWindowRect: true, takesHeapSnapshot: true, takesScreenshot: true, unexpectedAlertBehaviour: , unhandledPromptBehavior: , version: 69.0.3497.100, webStorageEnabled: true}
Session ID: b74043b98ba4eb3d0dab72b882eb8b9a)

2018-09-24 10:01:22 - [MESSAGE][FAILED] - Unable to click on object 'Object Repository/Page_Beauty Box Subscription for Wo/a_Eye Sets  Palettes' (Root cause: org.openqa.selenium.WebDriverException: unknown error: Element <a class="StyledLink-khUpca fgCKOS" href="/category/2339">...</a> is not clickable at point (85, 756). Other element would receive the click: <div class="Drawer__MaskDiv-VGhMm utilities__cover___WKDvY gqjSAR" style="opacity: 0;"></div>
  (Session info: chrome=69.0.3497.100)
  (Driver info: chromedriver=2.35.528161 (5b82f2d2aae0ca24b877009200ced9065a772e73),platform=Windows NT 6.1.7601 SP1 x86_64) (WARNING: The server did not provide any stacktrace information)
Command duration or timeout: 0 milliseconds
Build info: version: '3.7.1', revision: '8a0099a', time: '2017-11-06T21:07:36.161Z'
System info: host: 'PLEMKTPLACE-08', ip: '10.241.184.32', os.name: 'Windows 7', os.arch: 'amd64', os.version: '6.1', java.version: '1.8.0_181'
Driver info: com.kms.katalon.selenium.driver.CChromeDriver
Capabilities {acceptInsecureCerts: false, acceptSslCerts: false, applicationCacheEnabled: false, browserConnectionEnabled: false, browserName: chrome, chrome: {chromedriverVersion: 2.35.528161 (5b82f2d2aae0ca..., userDataDir: C:\Users\vbrooks\AppData\Lo...}, cssSelectorsEnabled: true, databaseEnabled: false, handlesAlerts: true, hasTouchScreen: false, javascriptEnabled: true, locationContextEnabled: true, mobileEmulationEnabled: false, nativeEvents: true, networkConnectionEnabled: false, pageLoadStrategy: normal, platform: XP, platformName: XP, rotatable: false, setWindowRect: true, takesHeapSnapshot: true, takesScreenshot: true, unexpectedAlertBehaviour: , unhandledPromptBehavior: , version: 69.0.3497.100, webStorageEnabled: true}
Session ID: b74043b98ba4eb3d0dab72b882eb8b9a)]]></system-out>
         <system-err><![CDATA[2018-09-24 10:00:05 - [TEST_CASE][FAILED] - Test Cases/US mobile test/Test all Shop top-level categories for Womens Shop (Makeup): Test Cases/US mobile test/Test all Shop top-level categories for Womens Shop (Makeup) FAILED because (of) (Stack trace: com.kms.katalon.core.exception.StepFailedException: Unable to click on object 'Object Repository/Page_Beauty Box Subscription for Wo/a_Eye Sets  Palettes' (Root cause: org.openqa.selenium.WebDriverException: unknown error: Element <a class="StyledLink-khUpca fgCKOS" href="/category/2339">...</a> is not clickable at point (85, 756). Other element would receive the click: <div class="Drawer__MaskDiv-VGhMm utilities__cover___WKDvY gqjSAR" style="opacity: 0;"></div>
  (Session info: chrome=69.0.3497.100)
  (Driver info: chromedriver=2.35.528161 (5b82f2d2aae0ca24b877009200ced9065a772e73),platform=Windows NT 6.1.7601 SP1 x86_64) (WARNING: The server did not provide any stacktrace information)
Command duration or timeout: 0 milliseconds
Build info: version: '3.7.1', revision: '8a0099a', time: '2017-11-06T21:07:36.161Z'
System info: host: 'PLEMKTPLACE-08', ip: '10.241.184.32', os.name: 'Windows 7', os.arch: 'amd64', os.version: '6.1', java.version: '1.8.0_181'
Driver info: com.kms.katalon.selenium.driver.CChromeDriver
Capabilities {acceptInsecureCerts: false, acceptSslCerts: false, applicationCacheEnabled: false, browserConnectionEnabled: false, browserName: chrome, chrome: {chromedriverVersion: 2.35.528161 (5b82f2d2aae0ca..., userDataDir: C:\Users\vbrooks\AppData\Lo...}, cssSelectorsEnabled: true, databaseEnabled: false, handlesAlerts: true, hasTouchScreen: false, javascriptEnabled: true, locationContextEnabled: true, mobileEmulationEnabled: false, nativeEvents: true, networkConnectionEnabled: false, pageLoadStrategy: normal, platform: XP, platformName: XP, rotatable: false, setWindowRect: true, takesHeapSnapshot: true, takesScreenshot: true, unexpectedAlertBehaviour: , unhandledPromptBehavior: , version: 69.0.3497.100, webStorageEnabled: true}
Session ID: b74043b98ba4eb3d0dab72b882eb8b9a)
	at com.kms.katalon.core.keyword.internal.KeywordMain.stepFailed(KeywordMain.groovy:36)
	at com.kms.katalon.core.webui.keyword.internal.WebUIKeywordMain.stepFailed(WebUIKeywordMain.groovy:65)
	at com.kms.katalon.core.webui.keyword.internal.WebUIKeywordMain.runKeyword(WebUIKeywordMain.groovy:27)
	at com.kms.katalon.core.webui.keyword.builtin.ClickKeyword.click(ClickKeyword.groovy:86)
	at com.kms.katalon.core.webui.keyword.builtin.ClickKeyword.execute(ClickKeyword.groovy:67)
	at com.kms.katalon.core.keyword.internal.KeywordExecutor.executeKeywordForPlatform(KeywordExecutor.groovy:53)
	at com.kms.katalon.core.webui.keyword.WebUiBuiltInKeywords.click(WebUiBuiltInKeywords.groovy:616)
	at com.kms.katalon.core.webui.keyword.WebUiBuiltInKeywords$click$4.call(Unknown Source)
	at org.codehaus.groovy.runtime.callsite.CallSiteArray.defaultCall(CallSiteArray.java:48)
	at org.codehaus.groovy.runtime.callsite.AbstractCallSite.call(AbstractCallSite.java:113)
	at org.codehaus.groovy.runtime.callsite.AbstractCallSite.call(AbstractCallSite.java:125)
	at Script1536614250757.run(Script1536614250757.groovy:334)
	at com.kms.katalon.core.main.ScriptEngine.run(ScriptEngine.java:183)
	at com.kms.katalon.core.main.ScriptEngine.runScriptAsRawText(ScriptEngine.java:108)
	at com.kms.katalon.core.main.TestCaseExecutor.runScript(TestCaseExecutor.java:294)
	at com.kms.katalon.core.main.TestCaseExecutor.doExecute(TestCaseExecutor.java:285)
	at com.kms.katalon.core.main.TestCaseExecutor.processExecutionPhase(TestCaseExecutor.java:264)
	at com.kms.katalon.core.main.TestCaseExecutor.accessMainPhase(TestCaseExecutor.java:256)
	at com.kms.katalon.core.main.TestCaseExecutor.execute(TestCaseExecutor.java:200)
	at com.kms.katalon.core.main.TestSuiteExecutor.accessTestCaseMainPhase(TestSuiteExecutor.java:129)
	at com.kms.katalon.core.main.TestSuiteExecutor.accessTestSuiteMainPhase(TestSuiteExecutor.java:112)
	at com.kms.katalon.core.main.TestSuiteExecutor.execute(TestSuiteExecutor.java:81)
	at com.kms.katalon.core.main.TestCaseMain.startTestSuite(TestCaseMain.java:142)
	at com.kms.katalon.core.main.TestCaseMain$startTestSuite$0.call(Unknown Source)
	at org.codehaus.groovy.runtime.callsite.CallSiteArray.defaultCall(CallSiteArray.java:48)
	at org.codehaus.groovy.runtime.callsite.AbstractCallSite.call(AbstractCallSite.java:113)
	at org.codehaus.groovy.runtime.callsite.AbstractCallSite.call(AbstractCallSite.java:141)
	at TempTestSuite1537808383407.run(TempTestSuite1537808383407.groovy:36)
	at groovy.lang.GroovyShell.runScriptOrMainOrTestOrRunnable(GroovyShell.java:263)
	at groovy.lang.GroovyShell.run(GroovyShell.java:518)
	at groovy.lang.GroovyShell.run(GroovyShell.java:507)
	at groovy.ui.GroovyMain.processOnce(GroovyMain.java:653)
	at groovy.ui.GroovyMain.run(GroovyMain.java:384)
	at groovy.ui.GroovyMain.process(GroovyMain.java:370)
	at groovy.ui.GroovyMain.processArgs(GroovyMain.java:129)
	at groovy.ui.GroovyMain.main(GroovyMain.java:109)
	at sun.reflect.NativeMethodAccessorImpl.invoke0(Native Method)
	at sun.reflect.NativeMethodAccessorImpl.invoke(NativeMethodAccessorImpl.java:62)
	at sun.reflect.DelegatingMethodAccessorImpl.invoke(DelegatingMethodAccessorImpl.java:43)
	at java.lang.reflect.Method.invoke(Method.java:498)
	at org.codehaus.groovy.tools.GroovyStarter.rootLoader(GroovyStarter.java:109)
	at org.codehaus.groovy.tools.GroovyStarter.main(GroovyStarter.java:131)
)]]></system-err>
      </testcase>
      <testcase name="Test Cases/US mobile test/Test all Shop top-level categories for Womens Shop (Hair)" classname="Test Cases/US mobile test/Test all Shop top-level categories for Womens Shop (Hair)" status="FAILED">
         <failure type="FAILED" message="(Stack trace: com.kms.katalon.core.exception.StepFailedException: Unable to click on object 'Object Repository/Page_Beauty Box Subscription for Wo/a_Wave Sprays' (Root cause: org.openqa.selenium.WebDriverException: unknown error: Element &lt;a class=&quot;StyledLink-khUpca fgCKOS&quot; href=&quot;/category/11382&quot;>...&lt;/a> is not clickable at point (62, 569). Other element would receive the click: &lt;div class=&quot;Drawer__MaskDiv-VGhMm utilities__cover___WKDvY gqjSAR&quot; style=&quot;opacity: 0;&quot;>&lt;/div>
  (Session info: chrome=69.0.3497.100)
  (Driver info: chromedriver=2.35.528161 (5b82f2d2aae0ca24b877009200ced9065a772e73),platform=Windows NT 6.1.7601 SP1 x86_64) (WARNING: The server did not provide any stacktrace information)
Command duration or timeout: 0 milliseconds
Build info: version: '3.7.1', revision: '8a0099a', time: '2017-11-06T21:07:36.161Z'
System info: host: 'PLEMKTPLACE-08', ip: '10.241.184.32', os.name: 'Windows 7', os.arch: 'amd64', os.version: '6.1', java.version: '1.8.0_181'
Driver info: com.kms.katalon.selenium.driver.CChromeDriver
Capabilities {acceptInsecureCerts: false, acceptSslCerts: false, applicationCacheEnabled: false, browserConnectionEnabled: false, browserName: chrome, chrome: {chromedriverVersion: 2.35.528161 (5b82f2d2aae0ca..., userDataDir: C:\Users\vbrooks\AppData\Lo...}, cssSelectorsEnabled: true, databaseEnabled: false, handlesAlerts: true, hasTouchScreen: false, javascriptEnabled: true, locationContextEnabled: true, mobileEmulationEnabled: false, nativeEvents: true, networkConnectionEnabled: false, pageLoadStrategy: normal, platform: XP, platformName: XP, rotatable: false, setWindowRect: true, takesHeapSnapshot: true, takesScreenshot: true, unexpectedAlertBehaviour: , unhandledPromptBehavior: , version: 69.0.3497.100, webStorageEnabled: true}
Session ID: b74043b98ba4eb3d0dab72b882eb8b9a)
	at com.kms.katalon.core.keyword.internal.KeywordMain.stepFailed(KeywordMain.groovy:36)
	at com.kms.katalon.core.webui.keyword.internal.WebUIKeywordMain.stepFailed(WebUIKeywordMain.groovy:65)
	at com.kms.katalon.core.webui.keyword.internal.WebUIKeywordMain.runKeyword(WebUIKeywordMain.groovy:27)
	at com.kms.katalon.core.webui.keyword.builtin.ClickKeyword.click(ClickKeyword.groovy:86)
	at com.kms.katalon.core.webui.keyword.builtin.ClickKeyword.execute(ClickKeyword.groovy:67)
	at com.kms.katalon.core.keyword.internal.KeywordExecutor.executeKeywordForPlatform(KeywordExecutor.groovy:53)
	at com.kms.katalon.core.webui.keyword.WebUiBuiltInKeywords.click(WebUiBuiltInKeywords.groovy:616)
	at com.kms.katalon.core.webui.keyword.WebUiBuiltInKeywords$click$4.call(Unknown Source)
	at org.codehaus.groovy.runtime.callsite.CallSiteArray.defaultCall(CallSiteArray.java:48)
	at org.codehaus.groovy.runtime.callsite.AbstractCallSite.call(AbstractCallSite.java:113)
	at org.codehaus.groovy.runtime.callsite.AbstractCallSite.call(AbstractCallSite.java:125)
	at Script1536614341005.run(Script1536614341005.groovy:218)
	at com.kms.katalon.core.main.ScriptEngine.run(ScriptEngine.java:183)
	at com.kms.katalon.core.main.ScriptEngine.runScriptAsRawText(ScriptEngine.java:108)
	at com.kms.katalon.core.main.TestCaseExecutor.runScript(TestCaseExecutor.java:294)
	at com.kms.katalon.core.main.TestCaseExecutor.doExecute(TestCaseExecutor.java:285)
	at com.kms.katalon.core.main.TestCaseExecutor.processExecutionPhase(TestCaseExecutor.java:264)
	at com.kms.katalon.core.main.TestCaseExecutor.accessMainPhase(TestCaseExecutor.java:256)
	at com.kms.katalon.core.main.TestCaseExecutor.execute(TestCaseExecutor.java:200)
	at com.kms.katalon.core.main.TestSuiteExecutor.accessTestCaseMainPhase(TestSuiteExecutor.java:129)
	at com.kms.katalon.core.main.TestSuiteExecutor.accessTestSuiteMainPhase(TestSuiteExecutor.java:112)
	at com.kms.katalon.core.main.TestSuiteExecutor.execute(TestSuiteExecutor.java:81)
	at com.kms.katalon.core.main.TestCaseMain.startTestSuite(TestCaseMain.java:142)
	at com.kms.katalon.core.main.TestCaseMain$startTestSuite$0.call(Unknown Source)
	at org.codehaus.groovy.runtime.callsite.CallSiteArray.defaultCall(CallSiteArray.java:48)
	at org.codehaus.groovy.runtime.callsite.AbstractCallSite.call(AbstractCallSite.java:113)
	at org.codehaus.groovy.runtime.callsite.AbstractCallSite.call(AbstractCallSite.java:141)
	at TempTestSuite1537808383407.run(TempTestSuite1537808383407.groovy:36)
	at groovy.lang.GroovyShell.runScriptOrMainOrTestOrRunnable(GroovyShell.java:263)
	at groovy.lang.GroovyShell.run(GroovyShell.java:518)
	at groovy.lang.GroovyShell.run(GroovyShell.java:507)
	at groovy.ui.GroovyMain.processOnce(GroovyMain.java:653)
	at groovy.ui.GroovyMain.run(GroovyMain.java:384)
	at groovy.ui.GroovyMain.process(GroovyMain.java:370)
	at groovy.ui.GroovyMain.processArgs(GroovyMain.java:129)
	at groovy.ui.GroovyMain.main(GroovyMain.java:109)
	at sun.reflect.NativeMethodAccessorImpl.invoke0(Native Method)
	at sun.reflect.NativeMethodAccessorImpl.invoke(NativeMethodAccessorImpl.java:62)
	at sun.reflect.DelegatingMethodAccessorImpl.invoke(DelegatingMethodAccessorImpl.java:43)
	at java.lang.reflect.Method.invoke(Method.java:498)
	at org.codehaus.groovy.tools.GroovyStarter.rootLoader(GroovyStarter.java:109)
	at org.codehaus.groovy.tools.GroovyStarter.main(GroovyStarter.java:131)
)"/>
         <system-out><![CDATA[2018-09-24 10:01:22 - [TEST_CASE][FAILED] - Test Cases/US mobile test/Test all Shop top-level categories for Womens Shop (Hair): Test Cases/US mobile test/Test all Shop top-level categories for Womens Shop (Hair) FAILED because (of) (Stack trace: com.kms.katalon.core.exception.StepFailedException: Unable to click on object 'Object Repository/Page_Beauty Box Subscription for Wo/a_Wave Sprays' (Root cause: org.openqa.selenium.WebDriverException: unknown error: Element <a class="StyledLink-khUpca fgCKOS" href="/category/11382">...</a> is not clickable at point (62, 569). Other element would receive the click: <div class="Drawer__MaskDiv-VGhMm utilities__cover___WKDvY gqjSAR" style="opacity: 0;"></div>
  (Session info: chrome=69.0.3497.100)
  (Driver info: chromedriver=2.35.528161 (5b82f2d2aae0ca24b877009200ced9065a772e73),platform=Windows NT 6.1.7601 SP1 x86_64) (WARNING: The server did not provide any stacktrace information)
Command duration or timeout: 0 milliseconds
Build info: version: '3.7.1', revision: '8a0099a', time: '2017-11-06T21:07:36.161Z'
System info: host: 'PLEMKTPLACE-08', ip: '10.241.184.32', os.name: 'Windows 7', os.arch: 'amd64', os.version: '6.1', java.version: '1.8.0_181'
Driver info: com.kms.katalon.selenium.driver.CChromeDriver
Capabilities {acceptInsecureCerts: false, acceptSslCerts: false, applicationCacheEnabled: false, browserConnectionEnabled: false, browserName: chrome, chrome: {chromedriverVersion: 2.35.528161 (5b82f2d2aae0ca..., userDataDir: C:\Users\vbrooks\AppData\Lo...}, cssSelectorsEnabled: true, databaseEnabled: false, handlesAlerts: true, hasTouchScreen: false, javascriptEnabled: true, locationContextEnabled: true, mobileEmulationEnabled: false, nativeEvents: true, networkConnectionEnabled: false, pageLoadStrategy: normal, platform: XP, platformName: XP, rotatable: false, setWindowRect: true, takesHeapSnapshot: true, takesScreenshot: true, unexpectedAlertBehaviour: , unhandledPromptBehavior: , version: 69.0.3497.100, webStorageEnabled: true}
Session ID: b74043b98ba4eb3d0dab72b882eb8b9a)
	at com.kms.katalon.core.keyword.internal.KeywordMain.stepFailed(KeywordMain.groovy:36)
	at com.kms.katalon.core.webui.keyword.internal.WebUIKeywordMain.stepFailed(WebUIKeywordMain.groovy:65)
	at com.kms.katalon.core.webui.keyword.internal.WebUIKeywordMain.runKeyword(WebUIKeywordMain.groovy:27)
	at com.kms.katalon.core.webui.keyword.builtin.ClickKeyword.click(ClickKeyword.groovy:86)
	at com.kms.katalon.core.webui.keyword.builtin.ClickKeyword.execute(ClickKeyword.groovy:67)
	at com.kms.katalon.core.keyword.internal.KeywordExecutor.executeKeywordForPlatform(KeywordExecutor.groovy:53)
	at com.kms.katalon.core.webui.keyword.WebUiBuiltInKeywords.click(WebUiBuiltInKeywords.groovy:616)
	at com.kms.katalon.core.webui.keyword.WebUiBuiltInKeywords$click$4.call(Unknown Source)
	at org.codehaus.groovy.runtime.callsite.CallSiteArray.defaultCall(CallSiteArray.java:48)
	at org.codehaus.groovy.runtime.callsite.AbstractCallSite.call(AbstractCallSite.java:113)
	at org.codehaus.groovy.runtime.callsite.AbstractCallSite.call(AbstractCallSite.java:125)
	at Script1536614341005.run(Script1536614341005.groovy:218)
	at com.kms.katalon.core.main.ScriptEngine.run(ScriptEngine.java:183)
	at com.kms.katalon.core.main.ScriptEngine.runScriptAsRawText(ScriptEngine.java:108)
	at com.kms.katalon.core.main.TestCaseExecutor.runScript(TestCaseExecutor.java:294)
	at com.kms.katalon.core.main.TestCaseExecutor.doExecute(TestCaseExecutor.java:285)
	at com.kms.katalon.core.main.TestCaseExecutor.processExecutionPhase(TestCaseExecutor.java:264)
	at com.kms.katalon.core.main.TestCaseExecutor.accessMainPhase(TestCaseExecutor.java:256)
	at com.kms.katalon.core.main.TestCaseExecutor.execute(TestCaseExecutor.java:200)
	at com.kms.katalon.core.main.TestSuiteExecutor.accessTestCaseMainPhase(TestSuiteExecutor.java:129)
	at com.kms.katalon.core.main.TestSuiteExecutor.accessTestSuiteMainPhase(TestSuiteExecutor.java:112)
	at com.kms.katalon.core.main.TestSuiteExecutor.execute(TestSuiteExecutor.java:81)
	at com.kms.katalon.core.main.TestCaseMain.startTestSuite(TestCaseMain.java:142)
	at com.kms.katalon.core.main.TestCaseMain$startTestSuite$0.call(Unknown Source)
	at org.codehaus.groovy.runtime.callsite.CallSiteArray.defaultCall(CallSiteArray.java:48)
	at org.codehaus.groovy.runtime.callsite.AbstractCallSite.call(AbstractCallSite.java:113)
	at org.codehaus.groovy.runtime.callsite.AbstractCallSite.call(AbstractCallSite.java:141)
	at TempTestSuite1537808383407.run(TempTestSuite1537808383407.groovy:36)
	at groovy.lang.GroovyShell.runScriptOrMainOrTestOrRunnable(GroovyShell.java:263)
	at groovy.lang.GroovyShell.run(GroovyShell.java:518)
	at groovy.lang.GroovyShell.run(GroovyShell.java:507)
	at groovy.ui.GroovyMain.processOnce(GroovyMain.java:653)
	at groovy.ui.GroovyMain.run(GroovyMain.java:384)
	at groovy.ui.GroovyMain.process(GroovyMain.java:370)
	at groovy.ui.GroovyMain.processArgs(GroovyMain.java:129)
	at groovy.ui.GroovyMain.main(GroovyMain.java:109)
	at sun.reflect.NativeMethodAccessorImpl.invoke0(Native Method)
	at sun.reflect.NativeMethodAccessorImpl.invoke(NativeMethodAccessorImpl.java:62)
	at sun.reflect.DelegatingMethodAccessorImpl.invoke(DelegatingMethodAccessorImpl.java:43)
	at java.lang.reflect.Method.invoke(Method.java:498)
	at org.codehaus.groovy.tools.GroovyStarter.rootLoader(GroovyStarter.java:109)
	at org.codehaus.groovy.tools.GroovyStarter.main(GroovyStarter.java:131)
)

2018-09-24 10:01:23 - [TEST_STEP][NOT_RUN] - callTestCase: NOT_RUN: callTestCase

2018-09-24 10:01:23 - [MESSAGE][NOT_RUN] - NOT_RUN: callTestCase

2018-09-24 10:01:23 - [TEST_STEP][PASSED] - delay: Delayed 2 second(s)

2018-09-24 10:01:25 - [MESSAGE][PASSED] - Delayed 2 second(s)

2018-09-24 10:01:25 - [TEST_STEP][PASSED] - click: Object: 'Object Repository/Page_Beauty Box Subscription for Wo/svg_ 2018 Birchbox_icon__svg__' is clicked on

2018-09-24 10:01:25 - [MESSAGE][PASSED] - Object: 'Object Repository/Page_Beauty Box Subscription for Wo/svg_ 2018 Birchbox_icon__svg__' is clicked on

2018-09-24 10:01:25 - [TEST_STEP][PASSED] - delay: Delayed 1 second(s)

2018-09-24 10:01:26 - [MESSAGE][PASSED] - Delayed 1 second(s)

2018-09-24 10:01:26 - [TEST_STEP][PASSED] - click: Object: 'Object Repository/Page_Beauty Box Subscription for Wo/div_Hair' is clicked on

2018-09-24 10:01:26 - [MESSAGE][PASSED] - Object: 'Object Repository/Page_Beauty Box Subscription for Wo/div_Hair' is clicked on

2018-09-24 10:01:26 - [TEST_STEP][PASSED] - click: Object: 'Object Repository/Page_Beauty Box Subscription for Wo/div_Wash  Care' is clicked on

2018-09-24 10:01:27 - [MESSAGE][PASSED] - Object: 'Object Repository/Page_Beauty Box Subscription for Wo/div_Wash  Care' is clicked on

2018-09-24 10:01:27 - [TEST_STEP][PASSED] - delay: Delayed 1 second(s)

2018-09-24 10:01:28 - [MESSAGE][PASSED] - Delayed 1 second(s)

2018-09-24 10:01:28 - [TEST_STEP][PASSED] - click: Object: 'Object Repository/Page_Beauty Box Subscription for Wo/a_Shampoos' is clicked on

2018-09-24 10:01:28 - [MESSAGE][PASSED] - Object: 'Object Repository/Page_Beauty Box Subscription for Wo/a_Shampoos' is clicked on

2018-09-24 10:01:28 - [TEST_STEP][PASSED] - delay: Delayed 2 second(s)

2018-09-24 10:01:30 - [MESSAGE][PASSED] - Delayed 2 second(s)

2018-09-24 10:01:30 - [TEST_STEP][PASSED] - click: Object: 'Object Repository/Page_Shop Shampoos/svg_ 2018 Birchbox_icon__svg__' is clicked on

2018-09-24 10:01:31 - [MESSAGE][PASSED] - Object: 'Object Repository/Page_Shop Shampoos/svg_ 2018 Birchbox_icon__svg__' is clicked on

2018-09-24 10:01:31 - [TEST_STEP][PASSED] - click: Object: 'Object Repository/Page_Shop Shampoos/div_Hair' is clicked on

2018-09-24 10:01:31 - [MESSAGE][PASSED] - Object: 'Object Repository/Page_Shop Shampoos/div_Hair' is clicked on

2018-09-24 10:01:31 - [TEST_STEP][PASSED] - click: Object: 'Object Repository/Page_Shop Shampoos/div_Wash  Care' is clicked on

2018-09-24 10:01:32 - [MESSAGE][PASSED] - Object: 'Object Repository/Page_Shop Shampoos/div_Wash  Care' is clicked on

2018-09-24 10:01:32 - [TEST_STEP][PASSED] - delay: Delayed 1 second(s)

2018-09-24 10:01:33 - [MESSAGE][PASSED] - Delayed 1 second(s)

2018-09-24 10:01:33 - [TEST_STEP][PASSED] - waitForElementVisible: Object 'Object Repository/Page_Beauty Box Subscription for Wo/a_Conditioners' is visible

2018-09-24 10:01:33 - [MESSAGE][WARNING] - Timeout '0' is invalid. Using default page load timeout: '90'

2018-09-24 10:01:33 - [MESSAGE][PASSED] - Object 'Object Repository/Page_Beauty Box Subscription for Wo/a_Conditioners' is visible

2018-09-24 10:01:33 - [TEST_STEP][PASSED] - waitForElementClickable: Object 'Object Repository/Page_Beauty Box Subscription for Wo/a_Conditioners' is clickable

2018-09-24 10:01:33 - [MESSAGE][WARNING] - Timeout '0' is invalid. Using default page load timeout: '90'

2018-09-24 10:01:33 - [MESSAGE][PASSED] - Object 'Object Repository/Page_Beauty Box Subscription for Wo/a_Conditioners' is clickable

2018-09-24 10:01:33 - [TEST_STEP][PASSED] - click: Object: 'Object Repository/Page_Beauty Box Subscription for Wo/a_Conditioners' is clicked on

2018-09-24 10:01:33 - [MESSAGE][PASSED] - Object: 'Object Repository/Page_Beauty Box Subscription for Wo/a_Conditioners' is clicked on

2018-09-24 10:01:33 - [TEST_STEP][PASSED] - delay: Delayed 2 second(s)

2018-09-24 10:01:35 - [MESSAGE][PASSED] - Delayed 2 second(s)

2018-09-24 10:01:35 - [TEST_STEP][PASSED] - click: Object: 'Object Repository/Page_Shop Hair Conditioners/svg_ 2018 Birchbox_icon__svg__' is clicked on

2018-09-24 10:01:35 - [MESSAGE][PASSED] - Object: 'Object Repository/Page_Shop Hair Conditioners/svg_ 2018 Birchbox_icon__svg__' is clicked on

2018-09-24 10:01:35 - [TEST_STEP][PASSED] - delay: Delayed 1 second(s)

2018-09-24 10:01:36 - [MESSAGE][PASSED] - Delayed 1 second(s)

2018-09-24 10:01:36 - [TEST_STEP][PASSED] - click: Object: 'Object Repository/Page_Shop Hair Conditioners/div_Hair' is clicked on

2018-09-24 10:01:36 - [MESSAGE][PASSED] - Object: 'Object Repository/Page_Shop Hair Conditioners/div_Hair' is clicked on

2018-09-24 10:01:36 - [TEST_STEP][PASSED] - click: Object: 'Object Repository/Page_Shop Hair Conditioners/div_Wash  Care' is clicked on

2018-09-24 10:01:37 - [MESSAGE][PASSED] - Object: 'Object Repository/Page_Shop Hair Conditioners/div_Wash  Care' is clicked on

2018-09-24 10:01:37 - [TEST_STEP][PASSED] - delay: Delayed 1 second(s)

2018-09-24 10:01:38 - [MESSAGE][PASSED] - Delayed 1 second(s)

2018-09-24 10:01:38 - [TEST_STEP][PASSED] - waitForElementClickable: Object 'Object Repository/Page_Beauty Box Subscription for Wo/a_Cleansing Conditioners' is clickable

2018-09-24 10:01:38 - [MESSAGE][WARNING] - Timeout '0' is invalid. Using default page load timeout: '90'

2018-09-24 10:01:38 - [MESSAGE][PASSED] - Object 'Object Repository/Page_Beauty Box Subscription for Wo/a_Cleansing Conditioners' is clickable

2018-09-24 10:01:38 - [TEST_STEP][PASSED] - click: Object: 'Object Repository/Page_Beauty Box Subscription for Wo/a_Cleansing Conditioners' is clicked on

2018-09-24 10:01:38 - [MESSAGE][PASSED] - Object: 'Object Repository/Page_Beauty Box Subscription for Wo/a_Cleansing Conditioners' is clicked on

2018-09-24 10:01:38 - [TEST_STEP][PASSED] - delay: Delayed 2 second(s)

2018-09-24 10:01:40 - [MESSAGE][PASSED] - Delayed 2 second(s)

2018-09-24 10:01:40 - [TEST_STEP][PASSED] - click: Object: 'Object Repository/Page_Shop Hair Cleansing Conditione/svg_ 2018 Birchbox_icon__svg__' is clicked on

2018-09-24 10:01:40 - [MESSAGE][PASSED] - Object: 'Object Repository/Page_Shop Hair Cleansing Conditione/svg_ 2018 Birchbox_icon__svg__' is clicked on

2018-09-24 10:01:40 - [TEST_STEP][PASSED] - click: Object: 'Object Repository/Page_Shop Hair Cleansing Conditione/div_Hair' is clicked on

2018-09-24 10:01:40 - [MESSAGE][PASSED] - Object: 'Object Repository/Page_Shop Hair Cleansing Conditione/div_Hair' is clicked on

2018-09-24 10:01:40 - [TEST_STEP][PASSED] - click: Object: 'Object Repository/Page_Shop Hair Cleansing Conditione/div_Treat' is clicked on

2018-09-24 10:01:41 - [MESSAGE][PASSED] - Object: 'Object Repository/Page_Shop Hair Cleansing Conditione/div_Treat' is clicked on

2018-09-24 10:01:41 - [TEST_STEP][PASSED] - click: Object: 'Object Repository/Page_Beauty Box Subscription for Wo/a_Detanglers' is clicked on

2018-09-24 10:01:42 - [MESSAGE][PASSED] - Object: 'Object Repository/Page_Beauty Box Subscription for Wo/a_Detanglers' is clicked on

2018-09-24 10:01:42 - [TEST_STEP][PASSED] - delay: Delayed 2 second(s)

2018-09-24 10:01:44 - [MESSAGE][PASSED] - Delayed 2 second(s)

2018-09-24 10:01:44 - [TEST_STEP][PASSED] - click: Object: 'Object Repository/Page_Shop Hair Detanglers/svg_ 2018 Birchbox_icon__svg__' is clicked on

2018-09-24 10:01:44 - [MESSAGE][PASSED] - Object: 'Object Repository/Page_Shop Hair Detanglers/svg_ 2018 Birchbox_icon__svg__' is clicked on

2018-09-24 10:01:44 - [TEST_STEP][PASSED] - click: Object: 'Object Repository/Page_Shop Hair Detanglers/div_Hair' is clicked on

2018-09-24 10:01:45 - [MESSAGE][PASSED] - Object: 'Object Repository/Page_Shop Hair Detanglers/div_Hair' is clicked on

2018-09-24 10:01:45 - [TEST_STEP][PASSED] - waitForElementClickable: Object 'Object Repository/Page_Shop Hair Detanglers/div_Treat' is clickable

2018-09-24 10:01:45 - [MESSAGE][WARNING] - Timeout '0' is invalid. Using default page load timeout: '90'

2018-09-24 10:01:45 - [MESSAGE][PASSED] - Object 'Object Repository/Page_Shop Hair Detanglers/div_Treat' is clickable

2018-09-24 10:01:45 - [TEST_STEP][PASSED] - click: Object: 'Object Repository/Page_Shop Hair Detanglers/div_Treat' is clicked on

2018-09-24 10:01:45 - [MESSAGE][PASSED] - Object: 'Object Repository/Page_Shop Hair Detanglers/div_Treat' is clicked on

2018-09-24 10:01:45 - [TEST_STEP][PASSED] - delay: Delayed 1 second(s)

2018-09-24 10:01:46 - [MESSAGE][PASSED] - Delayed 1 second(s)

2018-09-24 10:01:46 - [TEST_STEP][PASSED] - click: Object: 'Object Repository/Page_Beauty Box Subscription for Wo/a_Leave-In Conditioners' is clicked on

2018-09-24 10:01:47 - [MESSAGE][PASSED] - Object: 'Object Repository/Page_Beauty Box Subscription for Wo/a_Leave-In Conditioners' is clicked on

2018-09-24 10:01:47 - [TEST_STEP][PASSED] - delay: Delayed 2 second(s)

2018-09-24 10:01:49 - [MESSAGE][PASSED] - Delayed 2 second(s)

2018-09-24 10:01:49 - [TEST_STEP][PASSED] - click: Object: 'Object Repository/Page_Shop Leave-In Conditioners/svg_ 2018 Birchbox_icon__svg__' is clicked on

2018-09-24 10:01:49 - [MESSAGE][PASSED] - Object: 'Object Repository/Page_Shop Leave-In Conditioners/svg_ 2018 Birchbox_icon__svg__' is clicked on

2018-09-24 10:01:49 - [TEST_STEP][PASSED] - click: Object: 'Object Repository/Page_Shop Leave-In Conditioners/div_Hair' is clicked on

2018-09-24 10:01:49 - [MESSAGE][PASSED] - Object: 'Object Repository/Page_Shop Leave-In Conditioners/div_Hair' is clicked on

2018-09-24 10:01:49 - [TEST_STEP][PASSED] - click: Object: 'Object Repository/Page_Shop Leave-In Conditioners/div_Treat' is clicked on

2018-09-24 10:01:50 - [MESSAGE][PASSED] - Object: 'Object Repository/Page_Shop Leave-In Conditioners/div_Treat' is clicked on

2018-09-24 10:01:50 - [TEST_STEP][PASSED] - delay: Delayed 1 second(s)

2018-09-24 10:01:51 - [MESSAGE][PASSED] - Delayed 1 second(s)

2018-09-24 10:01:51 - [TEST_STEP][PASSED] - waitForElementVisible: Object 'Object Repository/Page_Beauty Box Subscription for Wo/a_Oils' is visible

2018-09-24 10:01:51 - [MESSAGE][WARNING] - Timeout '0' is invalid. Using default page load timeout: '90'

2018-09-24 10:01:51 - [MESSAGE][PASSED] - Object 'Object Repository/Page_Beauty Box Subscription for Wo/a_Oils' is visible

2018-09-24 10:01:51 - [TEST_STEP][PASSED] - waitForElementClickable: Object 'Object Repository/Page_Beauty Box Subscription for Wo/a_Oils' is clickable

2018-09-24 10:01:51 - [MESSAGE][WARNING] - Timeout '0' is invalid. Using default page load timeout: '90'

2018-09-24 10:01:51 - [MESSAGE][PASSED] - Object 'Object Repository/Page_Beauty Box Subscription for Wo/a_Oils' is clickable

2018-09-24 10:01:51 - [TEST_STEP][PASSED] - click: Object: 'Object Repository/Page_Beauty Box Subscription for Wo/a_Oils' is clicked on

2018-09-24 10:01:51 - [MESSAGE][PASSED] - Object: 'Object Repository/Page_Beauty Box Subscription for Wo/a_Oils' is clicked on

2018-09-24 10:01:51 - [TEST_STEP][PASSED] - delay: Delayed 2 second(s)

2018-09-24 10:01:53 - [MESSAGE][PASSED] - Delayed 2 second(s)

2018-09-24 10:01:53 - [TEST_STEP][PASSED] - click: Object: 'Object Repository/Page_Shop Hair Oils/svg_ 2018 Birchbox_icon__svg__' is clicked on

2018-09-24 10:01:53 - [MESSAGE][PASSED] - Object: 'Object Repository/Page_Shop Hair Oils/svg_ 2018 Birchbox_icon__svg__' is clicked on

2018-09-24 10:01:53 - [TEST_STEP][PASSED] - click: Object: 'Object Repository/Page_Shop Hair Oils/div_Hair' is clicked on

2018-09-24 10:01:54 - [MESSAGE][PASSED] - Object: 'Object Repository/Page_Shop Hair Oils/div_Hair' is clicked on

2018-09-24 10:01:54 - [TEST_STEP][PASSED] - click: Object: 'Object Repository/Page_Shop Hair Oils/div_Treat' is clicked on

2018-09-24 10:01:54 - [MESSAGE][PASSED] - Object: 'Object Repository/Page_Shop Hair Oils/div_Treat' is clicked on

2018-09-24 10:01:54 - [TEST_STEP][PASSED] - delay: Delayed 2 second(s)

2018-09-24 10:01:56 - [MESSAGE][PASSED] - Delayed 2 second(s)

2018-09-24 10:01:56 - [TEST_STEP][PASSED] - click: Object: 'Object Repository/Page_Beauty Box Subscription for Wo/a_Masks' is clicked on

2018-09-24 10:01:57 - [MESSAGE][PASSED] - Object: 'Object Repository/Page_Beauty Box Subscription for Wo/a_Masks' is clicked on

2018-09-24 10:01:57 - [TEST_STEP][PASSED] - delay: Delayed 2 second(s)

2018-09-24 10:01:59 - [MESSAGE][PASSED] - Delayed 2 second(s)

2018-09-24 10:01:59 - [TEST_STEP][PASSED] - click: Object: 'Object Repository/Page_Shop Hair Masks/svg_ 2018 Birchbox_icon__svg__' is clicked on

2018-09-24 10:01:59 - [MESSAGE][PASSED] - Object: 'Object Repository/Page_Shop Hair Masks/svg_ 2018 Birchbox_icon__svg__' is clicked on

2018-09-24 10:01:59 - [TEST_STEP][PASSED] - click: Object: 'Object Repository/Page_Shop Hair Masks/div_Hair' is clicked on

2018-09-24 10:01:59 - [MESSAGE][PASSED] - Object: 'Object Repository/Page_Shop Hair Masks/div_Hair' is clicked on

2018-09-24 10:01:59 - [TEST_STEP][PASSED] - click: Object: 'Object Repository/Page_Shop Hair Masks/div_Treat' is clicked on

2018-09-24 10:02:00 - [MESSAGE][PASSED] - Object: 'Object Repository/Page_Shop Hair Masks/div_Treat' is clicked on

2018-09-24 10:02:00 - [TEST_STEP][PASSED] - delay: Delayed 1 second(s)

2018-09-24 10:02:01 - [MESSAGE][PASSED] - Delayed 1 second(s)

2018-09-24 10:02:01 - [TEST_STEP][PASSED] - click: Object: 'Object Repository/Page_Beauty Box Subscription for Wo/a_Pre-Shampoo Treatments' is clicked on

2018-09-24 10:02:02 - [MESSAGE][PASSED] - Object: 'Object Repository/Page_Beauty Box Subscription for Wo/a_Pre-Shampoo Treatments' is clicked on

2018-09-24 10:02:02 - [TEST_STEP][PASSED] - delay: Delayed 2 second(s)

2018-09-24 10:02:04 - [MESSAGE][PASSED] - Delayed 2 second(s)

2018-09-24 10:02:04 - [TEST_STEP][PASSED] - click: Object: 'Object Repository/Page_Shop Pre Shampoo Treatment/svg_ 2018 Birchbox_icon__svg__' is clicked on

2018-09-24 10:02:04 - [MESSAGE][PASSED] - Object: 'Object Repository/Page_Shop Pre Shampoo Treatment/svg_ 2018 Birchbox_icon__svg__' is clicked on

2018-09-24 10:02:04 - [TEST_STEP][PASSED] - click: Object: 'Object Repository/Page_Shop Pre Shampoo Treatment/div_Hair' is clicked on

2018-09-24 10:02:04 - [MESSAGE][PASSED] - Object: 'Object Repository/Page_Shop Pre Shampoo Treatment/div_Hair' is clicked on

2018-09-24 10:02:04 - [TEST_STEP][PASSED] - click: Object: 'Object Repository/Page_Shop Pre Shampoo Treatment/div_Treat' is clicked on

2018-09-24 10:02:05 - [MESSAGE][PASSED] - Object: 'Object Repository/Page_Shop Pre Shampoo Treatment/div_Treat' is clicked on

2018-09-24 10:02:05 - [TEST_STEP][PASSED] - delay: Delayed 1 second(s)

2018-09-24 10:02:06 - [MESSAGE][PASSED] - Delayed 1 second(s)

2018-09-24 10:02:06 - [TEST_STEP][PASSED] - click: Object: 'Object Repository/Page_Beauty Box Subscription for Wo/a_Scalp Treatments  Exfoliator' is clicked on

2018-09-24 10:02:06 - [MESSAGE][PASSED] - Object: 'Object Repository/Page_Beauty Box Subscription for Wo/a_Scalp Treatments  Exfoliator' is clicked on

2018-09-24 10:02:06 - [TEST_STEP][PASSED] - delay: Delayed 2 second(s)

2018-09-24 10:02:08 - [MESSAGE][PASSED] - Delayed 2 second(s)

2018-09-24 10:02:08 - [TEST_STEP][PASSED] - click: Object: 'Object Repository/Page_Shop Scalp Treatments and Scal/svg_ 2018 Birchbox_icon__svg__' is clicked on

2018-09-24 10:02:09 - [MESSAGE][PASSED] - Object: 'Object Repository/Page_Shop Scalp Treatments and Scal/svg_ 2018 Birchbox_icon__svg__' is clicked on

2018-09-24 10:02:09 - [TEST_STEP][PASSED] - waitForElementVisible: Object 'Object Repository/Page_Shop Scalp Treatments and Scal/div_Hair' is visible

2018-09-24 10:02:09 - [MESSAGE][WARNING] - Timeout '0' is invalid. Using default page load timeout: '90'

2018-09-24 10:02:09 - [MESSAGE][PASSED] - Object 'Object Repository/Page_Shop Scalp Treatments and Scal/div_Hair' is visible

2018-09-24 10:02:09 - [TEST_STEP][PASSED] - click: Object: 'Object Repository/Page_Shop Scalp Treatments and Scal/div_Hair' is clicked on

2018-09-24 10:02:09 - [MESSAGE][PASSED] - Object: 'Object Repository/Page_Shop Scalp Treatments and Scal/div_Hair' is clicked on

2018-09-24 10:02:09 - [TEST_STEP][PASSED] - click: Object: 'Object Repository/Page_Shop Scalp Treatments and Scal/div_Treat' is clicked on

2018-09-24 10:02:10 - [MESSAGE][PASSED] - Object: 'Object Repository/Page_Shop Scalp Treatments and Scal/div_Treat' is clicked on

2018-09-24 10:02:10 - [TEST_STEP][PASSED] - delay: Delayed 1 second(s)

2018-09-24 10:02:11 - [MESSAGE][PASSED] - Delayed 1 second(s)

2018-09-24 10:02:11 - [TEST_STEP][PASSED] - waitForElementClickable: Object 'Object Repository/Page_Beauty Box Subscription for Wo/a_Split End Treatments' is clickable

2018-09-24 10:02:11 - [MESSAGE][WARNING] - Timeout '0' is invalid. Using default page load timeout: '90'

2018-09-24 10:02:11 - [MESSAGE][PASSED] - Object 'Object Repository/Page_Beauty Box Subscription for Wo/a_Split End Treatments' is clickable

2018-09-24 10:02:11 - [TEST_STEP][PASSED] - click: Object: 'Object Repository/Page_Beauty Box Subscription for Wo/a_Split End Treatments' is clicked on

2018-09-24 10:02:11 - [MESSAGE][PASSED] - Object: 'Object Repository/Page_Beauty Box Subscription for Wo/a_Split End Treatments' is clicked on

2018-09-24 10:02:11 - [TEST_STEP][PASSED] - delay: Delayed 2 second(s)

2018-09-24 10:02:13 - [MESSAGE][PASSED] - Delayed 2 second(s)

2018-09-24 10:02:13 - [TEST_STEP][PASSED] - click: Object: 'Object Repository/Page_Shop Split End Treatments/svg_ 2018 Birchbox_icon__svg__' is clicked on

2018-09-24 10:02:14 - [MESSAGE][PASSED] - Object: 'Object Repository/Page_Shop Split End Treatments/svg_ 2018 Birchbox_icon__svg__' is clicked on

2018-09-24 10:02:14 - [TEST_STEP][PASSED] - click: Object: 'Object Repository/Page_Shop Split End Treatments/div_Hair' is clicked on

2018-09-24 10:02:14 - [MESSAGE][PASSED] - Object: 'Object Repository/Page_Shop Split End Treatments/div_Hair' is clicked on

2018-09-24 10:02:14 - [TEST_STEP][PASSED] - click: Object: 'Object Repository/Page_Shop Split End Treatments/div_Treat' is clicked on

2018-09-24 10:02:14 - [MESSAGE][PASSED] - Object: 'Object Repository/Page_Shop Split End Treatments/div_Treat' is clicked on

2018-09-24 10:02:14 - [TEST_STEP][PASSED] - delay: Delayed 1 second(s)

2018-09-24 10:02:15 - [MESSAGE][PASSED] - Delayed 1 second(s)

2018-09-24 10:02:15 - [TEST_STEP][PASSED] - click: Object: 'Object Repository/Page_Beauty Box Subscription for Wo/a_Color Treatments' is clicked on

2018-09-24 10:02:16 - [MESSAGE][PASSED] - Object: 'Object Repository/Page_Beauty Box Subscription for Wo/a_Color Treatments' is clicked on

2018-09-24 10:02:16 - [TEST_STEP][PASSED] - delay: Delayed 2 second(s)

2018-09-24 10:02:18 - [MESSAGE][PASSED] - Delayed 2 second(s)

2018-09-24 10:02:18 - [TEST_STEP][PASSED] - click: Object: 'Object Repository/Page_Shop Hair Color Treatments/svg_ 2018 Birchbox_icon__svg__' is clicked on

2018-09-24 10:02:18 - [MESSAGE][PASSED] - Object: 'Object Repository/Page_Shop Hair Color Treatments/svg_ 2018 Birchbox_icon__svg__' is clicked on

2018-09-24 10:02:18 - [TEST_STEP][PASSED] - click: Object: 'Object Repository/Page_Shop Hair Color Treatments/div_Hair' is clicked on

2018-09-24 10:02:18 - [MESSAGE][PASSED] - Object: 'Object Repository/Page_Shop Hair Color Treatments/div_Hair' is clicked on

2018-09-24 10:02:18 - [TEST_STEP][PASSED] - click: Object: 'Object Repository/Page_Shop Hair Color Treatments/div_Style' is clicked on

2018-09-24 10:02:19 - [MESSAGE][PASSED] - Object: 'Object Repository/Page_Shop Hair Color Treatments/div_Style' is clicked on

2018-09-24 10:02:19 - [TEST_STEP][PASSED] - click: Object: 'Object Repository/Page_Beauty Box Subscription for Wo/a_Texturizers' is clicked on

2018-09-24 10:02:20 - [MESSAGE][PASSED] - Object: 'Object Repository/Page_Beauty Box Subscription for Wo/a_Texturizers' is clicked on

2018-09-24 10:02:20 - [TEST_STEP][PASSED] - delay: Delayed 2 second(s)

2018-09-24 10:02:22 - [MESSAGE][PASSED] - Delayed 2 second(s)

2018-09-24 10:02:22 - [TEST_STEP][PASSED] - click: Object: 'Object Repository/Page_Shop Texturizers/svg_ 2018 Birchbox_icon__svg__' is clicked on

2018-09-24 10:02:23 - [MESSAGE][PASSED] - Object: 'Object Repository/Page_Shop Texturizers/svg_ 2018 Birchbox_icon__svg__' is clicked on

2018-09-24 10:02:23 - [TEST_STEP][PASSED] - click: Object: 'Object Repository/Page_Shop Texturizers/div_Hair' is clicked on

2018-09-24 10:02:23 - [MESSAGE][PASSED] - Object: 'Object Repository/Page_Shop Texturizers/div_Hair' is clicked on

2018-09-24 10:02:23 - [TEST_STEP][PASSED] - click: Object: 'Object Repository/Page_Shop Texturizers/div_Style' is clicked on

2018-09-24 10:02:24 - [MESSAGE][PASSED] - Object: 'Object Repository/Page_Shop Texturizers/div_Style' is clicked on

2018-09-24 10:02:24 - [TEST_STEP][PASSED] - delay: Delayed 1 second(s)

2018-09-24 10:02:25 - [MESSAGE][PASSED] - Delayed 1 second(s)

2018-09-24 10:02:25 - [TEST_STEP][PASSED] - click: Object: 'Object Repository/Page_Beauty Box Subscription for Wo/a_Blowout Creams  Sprays' is clicked on

2018-09-24 10:02:25 - [MESSAGE][PASSED] - Object: 'Object Repository/Page_Beauty Box Subscription for Wo/a_Blowout Creams  Sprays' is clicked on

2018-09-24 10:02:25 - [TEST_STEP][PASSED] - delay: Delayed 2 second(s)

2018-09-24 10:02:27 - [MESSAGE][PASSED] - Delayed 2 second(s)

2018-09-24 10:02:27 - [TEST_STEP][PASSED] - click: Object: 'Object Repository/Page_Shop Styling Cremes/svg_ 2018 Birchbox_icon__svg__' is clicked on

2018-09-24 10:02:28 - [MESSAGE][PASSED] - Object: 'Object Repository/Page_Shop Styling Cremes/svg_ 2018 Birchbox_icon__svg__' is clicked on

2018-09-24 10:02:28 - [TEST_STEP][PASSED] - click: Object: 'Object Repository/Page_Shop Styling Cremes/div_Hair' is clicked on

2018-09-24 10:02:28 - [MESSAGE][PASSED] - Object: 'Object Repository/Page_Shop Styling Cremes/div_Hair' is clicked on

2018-09-24 10:02:28 - [TEST_STEP][PASSED] - click: Object: 'Object Repository/Page_Shop Styling Cremes/div_Style' is clicked on

2018-09-24 10:02:28 - [MESSAGE][PASSED] - Object: 'Object Repository/Page_Shop Styling Cremes/div_Style' is clicked on

2018-09-24 10:02:28 - [TEST_STEP][PASSED] - delay: Delayed 1 second(s)

2018-09-24 10:02:29 - [MESSAGE][PASSED] - Delayed 1 second(s)

2018-09-24 10:02:29 - [TEST_STEP][PASSED] - click: Object: 'Object Repository/Page_Beauty Box Subscription for Wo/a_Hairsprays' is clicked on

2018-09-24 10:02:30 - [MESSAGE][PASSED] - Object: 'Object Repository/Page_Beauty Box Subscription for Wo/a_Hairsprays' is clicked on

2018-09-24 10:02:30 - [TEST_STEP][PASSED] - delay: Delayed 2 second(s)

2018-09-24 10:02:32 - [MESSAGE][PASSED] - Delayed 2 second(s)

2018-09-24 10:02:32 - [TEST_STEP][PASSED] - click: Object: 'Object Repository/Page_Shop Hairsprays/svg_ 2018 Birchbox_icon__svg__' is clicked on

2018-09-24 10:02:32 - [MESSAGE][PASSED] - Object: 'Object Repository/Page_Shop Hairsprays/svg_ 2018 Birchbox_icon__svg__' is clicked on

2018-09-24 10:02:32 - [TEST_STEP][PASSED] - click: Object: 'Object Repository/Page_Shop Hairsprays/div_Hair' is clicked on

2018-09-24 10:02:32 - [MESSAGE][PASSED] - Object: 'Object Repository/Page_Shop Hairsprays/div_Hair' is clicked on

2018-09-24 10:02:32 - [TEST_STEP][PASSED] - click: Object: 'Object Repository/Page_Shop Hairsprays/div_Style' is clicked on

2018-09-24 10:02:33 - [MESSAGE][PASSED] - Object: 'Object Repository/Page_Shop Hairsprays/div_Style' is clicked on

2018-09-24 10:02:33 - [TEST_STEP][PASSED] - delay: Delayed 1 second(s)

2018-09-24 10:02:34 - [MESSAGE][PASSED] - Delayed 1 second(s)

2018-09-24 10:02:34 - [TEST_STEP][PASSED] - waitForElementClickable: Object 'Object Repository/Page_Beauty Box Subscription for Wo/a_Wave Sprays' is clickable

2018-09-24 10:02:34 - [MESSAGE][WARNING] - Timeout '0' is invalid. Using default page load timeout: '90'

2018-09-24 10:02:34 - [MESSAGE][PASSED] - Object 'Object Repository/Page_Beauty Box Subscription for Wo/a_Wave Sprays' is clickable

2018-09-24 10:02:34 - [TEST_STEP][FAILED] - click: Unable to click on object 'Object Repository/Page_Beauty Box Subscription for Wo/a_Wave Sprays' (Root cause: org.openqa.selenium.WebDriverException: unknown error: Element <a class="StyledLink-khUpca fgCKOS" href="/category/11382">...</a> is not clickable at point (62, 569). Other element would receive the click: <div class="Drawer__MaskDiv-VGhMm utilities__cover___WKDvY gqjSAR" style="opacity: 0;"></div>
  (Session info: chrome=69.0.3497.100)
  (Driver info: chromedriver=2.35.528161 (5b82f2d2aae0ca24b877009200ced9065a772e73),platform=Windows NT 6.1.7601 SP1 x86_64) (WARNING: The server did not provide any stacktrace information)
Command duration or timeout: 0 milliseconds
Build info: version: '3.7.1', revision: '8a0099a', time: '2017-11-06T21:07:36.161Z'
System info: host: 'PLEMKTPLACE-08', ip: '10.241.184.32', os.name: 'Windows 7', os.arch: 'amd64', os.version: '6.1', java.version: '1.8.0_181'
Driver info: com.kms.katalon.selenium.driver.CChromeDriver
Capabilities {acceptInsecureCerts: false, acceptSslCerts: false, applicationCacheEnabled: false, browserConnectionEnabled: false, browserName: chrome, chrome: {chromedriverVersion: 2.35.528161 (5b82f2d2aae0ca..., userDataDir: C:\Users\vbrooks\AppData\Lo...}, cssSelectorsEnabled: true, databaseEnabled: false, handlesAlerts: true, hasTouchScreen: false, javascriptEnabled: true, locationContextEnabled: true, mobileEmulationEnabled: false, nativeEvents: true, networkConnectionEnabled: false, pageLoadStrategy: normal, platform: XP, platformName: XP, rotatable: false, setWindowRect: true, takesHeapSnapshot: true, takesScreenshot: true, unexpectedAlertBehaviour: , unhandledPromptBehavior: , version: 69.0.3497.100, webStorageEnabled: true}
Session ID: b74043b98ba4eb3d0dab72b882eb8b9a)

2018-09-24 10:02:34 - [MESSAGE][FAILED] - Unable to click on object 'Object Repository/Page_Beauty Box Subscription for Wo/a_Wave Sprays' (Root cause: org.openqa.selenium.WebDriverException: unknown error: Element <a class="StyledLink-khUpca fgCKOS" href="/category/11382">...</a> is not clickable at point (62, 569). Other element would receive the click: <div class="Drawer__MaskDiv-VGhMm utilities__cover___WKDvY gqjSAR" style="opacity: 0;"></div>
  (Session info: chrome=69.0.3497.100)
  (Driver info: chromedriver=2.35.528161 (5b82f2d2aae0ca24b877009200ced9065a772e73),platform=Windows NT 6.1.7601 SP1 x86_64) (WARNING: The server did not provide any stacktrace information)
Command duration or timeout: 0 milliseconds
Build info: version: '3.7.1', revision: '8a0099a', time: '2017-11-06T21:07:36.161Z'
System info: host: 'PLEMKTPLACE-08', ip: '10.241.184.32', os.name: 'Windows 7', os.arch: 'amd64', os.version: '6.1', java.version: '1.8.0_181'
Driver info: com.kms.katalon.selenium.driver.CChromeDriver
Capabilities {acceptInsecureCerts: false, acceptSslCerts: false, applicationCacheEnabled: false, browserConnectionEnabled: false, browserName: chrome, chrome: {chromedriverVersion: 2.35.528161 (5b82f2d2aae0ca..., userDataDir: C:\Users\vbrooks\AppData\Lo...}, cssSelectorsEnabled: true, databaseEnabled: false, handlesAlerts: true, hasTouchScreen: false, javascriptEnabled: true, locationContextEnabled: true, mobileEmulationEnabled: false, nativeEvents: true, networkConnectionEnabled: false, pageLoadStrategy: normal, platform: XP, platformName: XP, rotatable: false, setWindowRect: true, takesHeapSnapshot: true, takesScreenshot: true, unexpectedAlertBehaviour: , unhandledPromptBehavior: , version: 69.0.3497.100, webStorageEnabled: true}
Session ID: b74043b98ba4eb3d0dab72b882eb8b9a)]]></system-out>
         <system-err><![CDATA[2018-09-24 10:01:22 - [TEST_CASE][FAILED] - Test Cases/US mobile test/Test all Shop top-level categories for Womens Shop (Hair): Test Cases/US mobile test/Test all Shop top-level categories for Womens Shop (Hair) FAILED because (of) (Stack trace: com.kms.katalon.core.exception.StepFailedException: Unable to click on object 'Object Repository/Page_Beauty Box Subscription for Wo/a_Wave Sprays' (Root cause: org.openqa.selenium.WebDriverException: unknown error: Element <a class="StyledLink-khUpca fgCKOS" href="/category/11382">...</a> is not clickable at point (62, 569). Other element would receive the click: <div class="Drawer__MaskDiv-VGhMm utilities__cover___WKDvY gqjSAR" style="opacity: 0;"></div>
  (Session info: chrome=69.0.3497.100)
  (Driver info: chromedriver=2.35.528161 (5b82f2d2aae0ca24b877009200ced9065a772e73),platform=Windows NT 6.1.7601 SP1 x86_64) (WARNING: The server did not provide any stacktrace information)
Command duration or timeout: 0 milliseconds
Build info: version: '3.7.1', revision: '8a0099a', time: '2017-11-06T21:07:36.161Z'
System info: host: 'PLEMKTPLACE-08', ip: '10.241.184.32', os.name: 'Windows 7', os.arch: 'amd64', os.version: '6.1', java.version: '1.8.0_181'
Driver info: com.kms.katalon.selenium.driver.CChromeDriver
Capabilities {acceptInsecureCerts: false, acceptSslCerts: false, applicationCacheEnabled: false, browserConnectionEnabled: false, browserName: chrome, chrome: {chromedriverVersion: 2.35.528161 (5b82f2d2aae0ca..., userDataDir: C:\Users\vbrooks\AppData\Lo...}, cssSelectorsEnabled: true, databaseEnabled: false, handlesAlerts: true, hasTouchScreen: false, javascriptEnabled: true, locationContextEnabled: true, mobileEmulationEnabled: false, nativeEvents: true, networkConnectionEnabled: false, pageLoadStrategy: normal, platform: XP, platformName: XP, rotatable: false, setWindowRect: true, takesHeapSnapshot: true, takesScreenshot: true, unexpectedAlertBehaviour: , unhandledPromptBehavior: , version: 69.0.3497.100, webStorageEnabled: true}
Session ID: b74043b98ba4eb3d0dab72b882eb8b9a)
	at com.kms.katalon.core.keyword.internal.KeywordMain.stepFailed(KeywordMain.groovy:36)
	at com.kms.katalon.core.webui.keyword.internal.WebUIKeywordMain.stepFailed(WebUIKeywordMain.groovy:65)
	at com.kms.katalon.core.webui.keyword.internal.WebUIKeywordMain.runKeyword(WebUIKeywordMain.groovy:27)
	at com.kms.katalon.core.webui.keyword.builtin.ClickKeyword.click(ClickKeyword.groovy:86)
	at com.kms.katalon.core.webui.keyword.builtin.ClickKeyword.execute(ClickKeyword.groovy:67)
	at com.kms.katalon.core.keyword.internal.KeywordExecutor.executeKeywordForPlatform(KeywordExecutor.groovy:53)
	at com.kms.katalon.core.webui.keyword.WebUiBuiltInKeywords.click(WebUiBuiltInKeywords.groovy:616)
	at com.kms.katalon.core.webui.keyword.WebUiBuiltInKeywords$click$4.call(Unknown Source)
	at org.codehaus.groovy.runtime.callsite.CallSiteArray.defaultCall(CallSiteArray.java:48)
	at org.codehaus.groovy.runtime.callsite.AbstractCallSite.call(AbstractCallSite.java:113)
	at org.codehaus.groovy.runtime.callsite.AbstractCallSite.call(AbstractCallSite.java:125)
	at Script1536614341005.run(Script1536614341005.groovy:218)
	at com.kms.katalon.core.main.ScriptEngine.run(ScriptEngine.java:183)
	at com.kms.katalon.core.main.ScriptEngine.runScriptAsRawText(ScriptEngine.java:108)
	at com.kms.katalon.core.main.TestCaseExecutor.runScript(TestCaseExecutor.java:294)
	at com.kms.katalon.core.main.TestCaseExecutor.doExecute(TestCaseExecutor.java:285)
	at com.kms.katalon.core.main.TestCaseExecutor.processExecutionPhase(TestCaseExecutor.java:264)
	at com.kms.katalon.core.main.TestCaseExecutor.accessMainPhase(TestCaseExecutor.java:256)
	at com.kms.katalon.core.main.TestCaseExecutor.execute(TestCaseExecutor.java:200)
	at com.kms.katalon.core.main.TestSuiteExecutor.accessTestCaseMainPhase(TestSuiteExecutor.java:129)
	at com.kms.katalon.core.main.TestSuiteExecutor.accessTestSuiteMainPhase(TestSuiteExecutor.java:112)
	at com.kms.katalon.core.main.TestSuiteExecutor.execute(TestSuiteExecutor.java:81)
	at com.kms.katalon.core.main.TestCaseMain.startTestSuite(TestCaseMain.java:142)
	at com.kms.katalon.core.main.TestCaseMain$startTestSuite$0.call(Unknown Source)
	at org.codehaus.groovy.runtime.callsite.CallSiteArray.defaultCall(CallSiteArray.java:48)
	at org.codehaus.groovy.runtime.callsite.AbstractCallSite.call(AbstractCallSite.java:113)
	at org.codehaus.groovy.runtime.callsite.AbstractCallSite.call(AbstractCallSite.java:141)
	at TempTestSuite1537808383407.run(TempTestSuite1537808383407.groovy:36)
	at groovy.lang.GroovyShell.runScriptOrMainOrTestOrRunnable(GroovyShell.java:263)
	at groovy.lang.GroovyShell.run(GroovyShell.java:518)
	at groovy.lang.GroovyShell.run(GroovyShell.java:507)
	at groovy.ui.GroovyMain.processOnce(GroovyMain.java:653)
	at groovy.ui.GroovyMain.run(GroovyMain.java:384)
	at groovy.ui.GroovyMain.process(GroovyMain.java:370)
	at groovy.ui.GroovyMain.processArgs(GroovyMain.java:129)
	at groovy.ui.GroovyMain.main(GroovyMain.java:109)
	at sun.reflect.NativeMethodAccessorImpl.invoke0(Native Method)
	at sun.reflect.NativeMethodAccessorImpl.invoke(NativeMethodAccessorImpl.java:62)
	at sun.reflect.DelegatingMethodAccessorImpl.invoke(DelegatingMethodAccessorImpl.java:43)
	at java.lang.reflect.Method.invoke(Method.java:498)
	at org.codehaus.groovy.tools.GroovyStarter.rootLoader(GroovyStarter.java:109)
	at org.codehaus.groovy.tools.GroovyStarter.main(GroovyStarter.java:131)
)]]></system-err>
      </testcase>
      <testcase name="Test Cases/US mobile test/Test all Shop top-level categories for Womes Shop (Skin)" classname="Test Cases/US mobile test/Test all Shop top-level categories for Womes Shop (Skin)" status="FAILED">
         <failure type="FAILED" message="(Stack trace: com.kms.katalon.core.exception.StepFailedException: Unable to click on object 'Object Repository/Page_Beauty Box Subscription for Wo/a_Eye Masks  Treatments' (Root cause: com.kms.katalon.core.webui.exception.WebElementNotFoundException: Web element with id: 'Object Repository/Page_Beauty Box Subscription for Wo/a_Eye Masks  Treatments' located by 'By.xpath: //*[(text() = 'Eye Masks &amp; Treatments' or . = 'Eye Masks &amp; Treatments')]' not found)
	at com.kms.katalon.core.keyword.internal.KeywordMain.stepFailed(KeywordMain.groovy:36)
	at com.kms.katalon.core.webui.keyword.internal.WebUIKeywordMain.stepFailed(WebUIKeywordMain.groovy:65)
	at com.kms.katalon.core.webui.keyword.internal.WebUIKeywordMain.runKeyword(WebUIKeywordMain.groovy:27)
	at com.kms.katalon.core.webui.keyword.builtin.ClickKeyword.click(ClickKeyword.groovy:86)
	at com.kms.katalon.core.webui.keyword.builtin.ClickKeyword.execute(ClickKeyword.groovy:67)
	at com.kms.katalon.core.keyword.internal.KeywordExecutor.executeKeywordForPlatform(KeywordExecutor.groovy:53)
	at com.kms.katalon.core.webui.keyword.WebUiBuiltInKeywords.click(WebUiBuiltInKeywords.groovy:616)
	at com.kms.katalon.core.webui.keyword.WebUiBuiltInKeywords$click$4.call(Unknown Source)
	at org.codehaus.groovy.runtime.callsite.CallSiteArray.defaultCall(CallSiteArray.java:48)
	at org.codehaus.groovy.runtime.callsite.AbstractCallSite.call(AbstractCallSite.java:113)
	at org.codehaus.groovy.runtime.callsite.AbstractCallSite.call(AbstractCallSite.java:125)
	at Script1536617663530.run(Script1536617663530.groovy:170)
	at com.kms.katalon.core.main.ScriptEngine.run(ScriptEngine.java:183)
	at com.kms.katalon.core.main.ScriptEngine.runScriptAsRawText(ScriptEngine.java:108)
	at com.kms.katalon.core.main.TestCaseExecutor.runScript(TestCaseExecutor.java:294)
	at com.kms.katalon.core.main.TestCaseExecutor.doExecute(TestCaseExecutor.java:285)
	at com.kms.katalon.core.main.TestCaseExecutor.processExecutionPhase(TestCaseExecutor.java:264)
	at com.kms.katalon.core.main.TestCaseExecutor.accessMainPhase(TestCaseExecutor.java:256)
	at com.kms.katalon.core.main.TestCaseExecutor.execute(TestCaseExecutor.java:200)
	at com.kms.katalon.core.main.TestSuiteExecutor.accessTestCaseMainPhase(TestSuiteExecutor.java:129)
	at com.kms.katalon.core.main.TestSuiteExecutor.accessTestSuiteMainPhase(TestSuiteExecutor.java:112)
	at com.kms.katalon.core.main.TestSuiteExecutor.execute(TestSuiteExecutor.java:81)
	at com.kms.katalon.core.main.TestCaseMain.startTestSuite(TestCaseMain.java:142)
	at com.kms.katalon.core.main.TestCaseMain$startTestSuite$0.call(Unknown Source)
	at org.codehaus.groovy.runtime.callsite.CallSiteArray.defaultCall(CallSiteArray.java:48)
	at org.codehaus.groovy.runtime.callsite.AbstractCallSite.call(AbstractCallSite.java:113)
	at org.codehaus.groovy.runtime.callsite.AbstractCallSite.call(AbstractCallSite.java:141)
	at TempTestSuite1537808383407.run(TempTestSuite1537808383407.groovy:36)
	at groovy.lang.GroovyShell.runScriptOrMainOrTestOrRunnable(GroovyShell.java:263)
	at groovy.lang.GroovyShell.run(GroovyShell.java:518)
	at groovy.lang.GroovyShell.run(GroovyShell.java:507)
	at groovy.ui.GroovyMain.processOnce(GroovyMain.java:653)
	at groovy.ui.GroovyMain.run(GroovyMain.java:384)
	at groovy.ui.GroovyMain.process(GroovyMain.java:370)
	at groovy.ui.GroovyMain.processArgs(GroovyMain.java:129)
	at groovy.ui.GroovyMain.main(GroovyMain.java:109)
	at sun.reflect.NativeMethodAccessorImpl.invoke0(Native Method)
	at sun.reflect.NativeMethodAccessorImpl.invoke(NativeMethodAccessorImpl.java:62)
	at sun.reflect.DelegatingMethodAccessorImpl.invoke(DelegatingMethodAccessorImpl.java:43)
	at java.lang.reflect.Method.invoke(Method.java:498)
	at org.codehaus.groovy.tools.GroovyStarter.rootLoader(GroovyStarter.java:109)
	at org.codehaus.groovy.tools.GroovyStarter.main(GroovyStarter.java:131)
)"/>
         <system-out><![CDATA[2018-09-24 10:02:34 - [TEST_CASE][FAILED] - Test Cases/US mobile test/Test all Shop top-level categories for Womes Shop (Skin): Test Cases/US mobile test/Test all Shop top-level categories for Womes Shop (Skin) FAILED because (of) (Stack trace: com.kms.katalon.core.exception.StepFailedException: Unable to click on object 'Object Repository/Page_Beauty Box Subscription for Wo/a_Eye Masks  Treatments' (Root cause: com.kms.katalon.core.webui.exception.WebElementNotFoundException: Web element with id: 'Object Repository/Page_Beauty Box Subscription for Wo/a_Eye Masks  Treatments' located by 'By.xpath: //*[(text() = 'Eye Masks & Treatments' or . = 'Eye Masks & Treatments')]' not found)
	at com.kms.katalon.core.keyword.internal.KeywordMain.stepFailed(KeywordMain.groovy:36)
	at com.kms.katalon.core.webui.keyword.internal.WebUIKeywordMain.stepFailed(WebUIKeywordMain.groovy:65)
	at com.kms.katalon.core.webui.keyword.internal.WebUIKeywordMain.runKeyword(WebUIKeywordMain.groovy:27)
	at com.kms.katalon.core.webui.keyword.builtin.ClickKeyword.click(ClickKeyword.groovy:86)
	at com.kms.katalon.core.webui.keyword.builtin.ClickKeyword.execute(ClickKeyword.groovy:67)
	at com.kms.katalon.core.keyword.internal.KeywordExecutor.executeKeywordForPlatform(KeywordExecutor.groovy:53)
	at com.kms.katalon.core.webui.keyword.WebUiBuiltInKeywords.click(WebUiBuiltInKeywords.groovy:616)
	at com.kms.katalon.core.webui.keyword.WebUiBuiltInKeywords$click$4.call(Unknown Source)
	at org.codehaus.groovy.runtime.callsite.CallSiteArray.defaultCall(CallSiteArray.java:48)
	at org.codehaus.groovy.runtime.callsite.AbstractCallSite.call(AbstractCallSite.java:113)
	at org.codehaus.groovy.runtime.callsite.AbstractCallSite.call(AbstractCallSite.java:125)
	at Script1536617663530.run(Script1536617663530.groovy:170)
	at com.kms.katalon.core.main.ScriptEngine.run(ScriptEngine.java:183)
	at com.kms.katalon.core.main.ScriptEngine.runScriptAsRawText(ScriptEngine.java:108)
	at com.kms.katalon.core.main.TestCaseExecutor.runScript(TestCaseExecutor.java:294)
	at com.kms.katalon.core.main.TestCaseExecutor.doExecute(TestCaseExecutor.java:285)
	at com.kms.katalon.core.main.TestCaseExecutor.processExecutionPhase(TestCaseExecutor.java:264)
	at com.kms.katalon.core.main.TestCaseExecutor.accessMainPhase(TestCaseExecutor.java:256)
	at com.kms.katalon.core.main.TestCaseExecutor.execute(TestCaseExecutor.java:200)
	at com.kms.katalon.core.main.TestSuiteExecutor.accessTestCaseMainPhase(TestSuiteExecutor.java:129)
	at com.kms.katalon.core.main.TestSuiteExecutor.accessTestSuiteMainPhase(TestSuiteExecutor.java:112)
	at com.kms.katalon.core.main.TestSuiteExecutor.execute(TestSuiteExecutor.java:81)
	at com.kms.katalon.core.main.TestCaseMain.startTestSuite(TestCaseMain.java:142)
	at com.kms.katalon.core.main.TestCaseMain$startTestSuite$0.call(Unknown Source)
	at org.codehaus.groovy.runtime.callsite.CallSiteArray.defaultCall(CallSiteArray.java:48)
	at org.codehaus.groovy.runtime.callsite.AbstractCallSite.call(AbstractCallSite.java:113)
	at org.codehaus.groovy.runtime.callsite.AbstractCallSite.call(AbstractCallSite.java:141)
	at TempTestSuite1537808383407.run(TempTestSuite1537808383407.groovy:36)
	at groovy.lang.GroovyShell.runScriptOrMainOrTestOrRunnable(GroovyShell.java:263)
	at groovy.lang.GroovyShell.run(GroovyShell.java:518)
	at groovy.lang.GroovyShell.run(GroovyShell.java:507)
	at groovy.ui.GroovyMain.processOnce(GroovyMain.java:653)
	at groovy.ui.GroovyMain.run(GroovyMain.java:384)
	at groovy.ui.GroovyMain.process(GroovyMain.java:370)
	at groovy.ui.GroovyMain.processArgs(GroovyMain.java:129)
	at groovy.ui.GroovyMain.main(GroovyMain.java:109)
	at sun.reflect.NativeMethodAccessorImpl.invoke0(Native Method)
	at sun.reflect.NativeMethodAccessorImpl.invoke(NativeMethodAccessorImpl.java:62)
	at sun.reflect.DelegatingMethodAccessorImpl.invoke(DelegatingMethodAccessorImpl.java:43)
	at java.lang.reflect.Method.invoke(Method.java:498)
	at org.codehaus.groovy.tools.GroovyStarter.rootLoader(GroovyStarter.java:109)
	at org.codehaus.groovy.tools.GroovyStarter.main(GroovyStarter.java:131)
)

2018-09-24 10:02:34 - [TEST_STEP][NOT_RUN] - callTestCase: NOT_RUN: callTestCase

2018-09-24 10:02:34 - [MESSAGE][NOT_RUN] - NOT_RUN: callTestCase

2018-09-24 10:02:34 - [TEST_STEP][PASSED] - delay: Delayed 1 second(s)

2018-09-24 10:02:35 - [MESSAGE][PASSED] - Delayed 1 second(s)

2018-09-24 10:02:35 - [TEST_STEP][PASSED] - click: Object: 'Object Repository/Page_Beauty Box Subscription for Wo/svg_ 2018 Birchbox_icon__svg__' is clicked on

2018-09-24 10:02:36 - [MESSAGE][PASSED] - Object: 'Object Repository/Page_Beauty Box Subscription for Wo/svg_ 2018 Birchbox_icon__svg__' is clicked on

2018-09-24 10:02:36 - [TEST_STEP][PASSED] - delay: Delayed 2 second(s)

2018-09-24 10:02:38 - [MESSAGE][PASSED] - Delayed 2 second(s)

2018-09-24 10:02:38 - [TEST_STEP][PASSED] - click: Object: 'Object Repository/Page_Beauty Box Subscription for Wo/div_Skin' is clicked on

2018-09-24 10:02:38 - [MESSAGE][PASSED] - Object: 'Object Repository/Page_Beauty Box Subscription for Wo/div_Skin' is clicked on

2018-09-24 10:02:38 - [TEST_STEP][PASSED] - click: Object: 'Object Repository/Page_Beauty Box Subscription for Wo/div_Cleanse' is clicked on

2018-09-24 10:02:39 - [MESSAGE][PASSED] - Object: 'Object Repository/Page_Beauty Box Subscription for Wo/div_Cleanse' is clicked on

2018-09-24 10:02:39 - [TEST_STEP][PASSED] - delay: Delayed 1 second(s)

2018-09-24 10:02:40 - [MESSAGE][PASSED] - Delayed 1 second(s)

2018-09-24 10:02:40 - [TEST_STEP][PASSED] - click: Object: 'Object Repository/Page_Beauty Box Subscription for Wo/a_Cleansers' is clicked on

2018-09-24 10:02:40 - [MESSAGE][PASSED] - Object: 'Object Repository/Page_Beauty Box Subscription for Wo/a_Cleansers' is clicked on

2018-09-24 10:02:40 - [TEST_STEP][PASSED] - delay: Delayed 2 second(s)

2018-09-24 10:02:42 - [MESSAGE][PASSED] - Delayed 2 second(s)

2018-09-24 10:02:42 - [TEST_STEP][PASSED] - click: Object: 'Object Repository/Page_Shop Face Cleansers/svg_ 2018 Birchbox_icon__svg__' is clicked on

2018-09-24 10:02:42 - [MESSAGE][PASSED] - Object: 'Object Repository/Page_Shop Face Cleansers/svg_ 2018 Birchbox_icon__svg__' is clicked on

2018-09-24 10:02:42 - [TEST_STEP][PASSED] - click: Object: 'Object Repository/Page_Shop Face Cleansers/div_Skin' is clicked on

2018-09-24 10:02:43 - [MESSAGE][PASSED] - Object: 'Object Repository/Page_Shop Face Cleansers/div_Skin' is clicked on

2018-09-24 10:02:43 - [TEST_STEP][PASSED] - click: Object: 'Object Repository/Page_Shop Face Cleansers/div_Cleanse' is clicked on

2018-09-24 10:02:43 - [MESSAGE][PASSED] - Object: 'Object Repository/Page_Shop Face Cleansers/div_Cleanse' is clicked on

2018-09-24 10:02:43 - [TEST_STEP][PASSED] - delay: Delayed 1 second(s)

2018-09-24 10:02:44 - [MESSAGE][PASSED] - Delayed 1 second(s)

2018-09-24 10:02:44 - [TEST_STEP][PASSED] - waitForElementVisible: Object 'Object Repository/Page_Beauty Box Subscription for Wo/a_Makeup Removers  Wipes' is visible

2018-09-24 10:02:44 - [MESSAGE][WARNING] - Timeout '0' is invalid. Using default page load timeout: '90'

2018-09-24 10:02:44 - [MESSAGE][PASSED] - Object 'Object Repository/Page_Beauty Box Subscription for Wo/a_Makeup Removers  Wipes' is visible

2018-09-24 10:02:44 - [TEST_STEP][PASSED] - waitForElementClickable: Object 'Object Repository/Page_Beauty Box Subscription for Wo/a_Makeup Removers  Wipes' is clickable

2018-09-24 10:02:44 - [MESSAGE][WARNING] - Timeout '0' is invalid. Using default page load timeout: '90'

2018-09-24 10:02:44 - [MESSAGE][PASSED] - Object 'Object Repository/Page_Beauty Box Subscription for Wo/a_Makeup Removers  Wipes' is clickable

2018-09-24 10:02:44 - [TEST_STEP][PASSED] - click: Object: 'Object Repository/Page_Beauty Box Subscription for Wo/a_Makeup Removers  Wipes' is clicked on

2018-09-24 10:02:45 - [MESSAGE][PASSED] - Object: 'Object Repository/Page_Beauty Box Subscription for Wo/a_Makeup Removers  Wipes' is clicked on

2018-09-24 10:02:45 - [TEST_STEP][PASSED] - delay: Delayed 2 second(s)

2018-09-24 10:02:47 - [MESSAGE][PASSED] - Delayed 2 second(s)

2018-09-24 10:02:47 - [TEST_STEP][PASSED] - click: Object: 'Object Repository/Page_Shop Makeup Removers and Face/svg_ 2018 Birchbox_icon__svg___1' is clicked on

2018-09-24 10:02:47 - [MESSAGE][PASSED] - Object: 'Object Repository/Page_Shop Makeup Removers and Face/svg_ 2018 Birchbox_icon__svg___1' is clicked on

2018-09-24 10:02:47 - [TEST_STEP][PASSED] - click: Object: 'Object Repository/Page_Shop Makeup Removers and Face/div_Skin' is clicked on

2018-09-24 10:02:47 - [MESSAGE][PASSED] - Object: 'Object Repository/Page_Shop Makeup Removers and Face/div_Skin' is clicked on

2018-09-24 10:02:47 - [TEST_STEP][PASSED] - click: Object: 'Object Repository/Page_Shop Makeup Removers and Face/div_Cleanse' is clicked on

2018-09-24 10:02:48 - [MESSAGE][PASSED] - Object: 'Object Repository/Page_Shop Makeup Removers and Face/div_Cleanse' is clicked on

2018-09-24 10:02:48 - [TEST_STEP][PASSED] - delay: Delayed 1 second(s)

2018-09-24 10:02:49 - [MESSAGE][PASSED] - Delayed 1 second(s)

2018-09-24 10:02:49 - [TEST_STEP][PASSED] - click: Object: 'Object Repository/Page_Beauty Box Subscription for Wo/a_Tools' is clicked on

2018-09-24 10:02:49 - [MESSAGE][PASSED] - Object: 'Object Repository/Page_Beauty Box Subscription for Wo/a_Tools' is clicked on

2018-09-24 10:02:49 - [TEST_STEP][PASSED] - delay: Delayed 2 second(s)

2018-09-24 10:02:51 - [MESSAGE][PASSED] - Delayed 2 second(s)

2018-09-24 10:02:51 - [TEST_STEP][PASSED] - click: Object: 'Object Repository/Page_Shop Skincare Tools/svg_ 2018 Birchbox_icon__svg__' is clicked on

2018-09-24 10:02:51 - [MESSAGE][PASSED] - Object: 'Object Repository/Page_Shop Skincare Tools/svg_ 2018 Birchbox_icon__svg__' is clicked on

2018-09-24 10:02:51 - [TEST_STEP][PASSED] - click: Object: 'Object Repository/Page_Shop Skincare Tools/div_Skin' is clicked on

2018-09-24 10:02:52 - [MESSAGE][PASSED] - Object: 'Object Repository/Page_Shop Skincare Tools/div_Skin' is clicked on

2018-09-24 10:02:52 - [TEST_STEP][PASSED] - click: Object: 'Object Repository/Page_Shop Skincare Tools/div_Treat' is clicked on

2018-09-24 10:02:52 - [MESSAGE][PASSED] - Object: 'Object Repository/Page_Shop Skincare Tools/div_Treat' is clicked on

2018-09-24 10:02:52 - [TEST_STEP][PASSED] - delay: Delayed 1 second(s)

2018-09-24 10:02:53 - [MESSAGE][PASSED] - Delayed 1 second(s)

2018-09-24 10:02:53 - [TEST_STEP][PASSED] - click: Object: 'Object Repository/Page_Beauty Box Subscription for Wo/a_Exfoliators  Scrubs' is clicked on

2018-09-24 10:02:54 - [MESSAGE][PASSED] - Object: 'Object Repository/Page_Beauty Box Subscription for Wo/a_Exfoliators  Scrubs' is clicked on

2018-09-24 10:02:54 - [TEST_STEP][PASSED] - delay: Delayed 2 second(s)

2018-09-24 10:02:56 - [MESSAGE][PASSED] - Delayed 2 second(s)

2018-09-24 10:02:56 - [TEST_STEP][PASSED] - click: Object: 'Object Repository/Page_Shop Exfoliators/svg_ 2018 Birchbox_icon__svg__' is clicked on

2018-09-24 10:02:57 - [MESSAGE][PASSED] - Object: 'Object Repository/Page_Shop Exfoliators/svg_ 2018 Birchbox_icon__svg__' is clicked on

2018-09-24 10:02:57 - [TEST_STEP][PASSED] - click: Object: 'Object Repository/Page_Shop Exfoliators/div_Skin' is clicked on

2018-09-24 10:02:57 - [MESSAGE][PASSED] - Object: 'Object Repository/Page_Shop Exfoliators/div_Skin' is clicked on

2018-09-24 10:02:57 - [TEST_STEP][PASSED] - click: Object: 'Object Repository/Page_Shop Exfoliators/div_Treat' is clicked on

2018-09-24 10:02:57 - [MESSAGE][PASSED] - Object: 'Object Repository/Page_Shop Exfoliators/div_Treat' is clicked on

2018-09-24 10:02:57 - [TEST_STEP][PASSED] - delay: Delayed 1 second(s)

2018-09-24 10:02:58 - [MESSAGE][PASSED] - Delayed 1 second(s)

2018-09-24 10:02:58 - [TEST_STEP][PASSED] - click: Object: 'Object Repository/Page_Beauty Box Subscription for Wo/a_Face Masks  Sheet Masks' is clicked on

2018-09-24 10:02:59 - [MESSAGE][PASSED] - Object: 'Object Repository/Page_Beauty Box Subscription for Wo/a_Face Masks  Sheet Masks' is clicked on

2018-09-24 10:02:59 - [TEST_STEP][PASSED] - delay: Delayed 2 second(s)

2018-09-24 10:03:01 - [MESSAGE][PASSED] - Delayed 2 second(s)

2018-09-24 10:03:01 - [TEST_STEP][PASSED] - click: Object: 'Object Repository/Page_Shop Face Masks and Sheet Mask/svg_ 2018 Birchbox_icon__svg__' is clicked on

2018-09-24 10:03:01 - [MESSAGE][PASSED] - Object: 'Object Repository/Page_Shop Face Masks and Sheet Mask/svg_ 2018 Birchbox_icon__svg__' is clicked on

2018-09-24 10:03:01 - [TEST_STEP][PASSED] - click: Object: 'Object Repository/Page_Shop Face Masks and Sheet Mask/div_Skin' is clicked on

2018-09-24 10:03:01 - [MESSAGE][PASSED] - Object: 'Object Repository/Page_Shop Face Masks and Sheet Mask/div_Skin' is clicked on

2018-09-24 10:03:01 - [TEST_STEP][PASSED] - click: Object: 'Object Repository/Page_Shop Face Masks and Sheet Mask/div_Treat' is clicked on

2018-09-24 10:03:02 - [MESSAGE][PASSED] - Object: 'Object Repository/Page_Shop Face Masks and Sheet Mask/div_Treat' is clicked on

2018-09-24 10:03:02 - [TEST_STEP][PASSED] - delay: Delayed 1 second(s)

2018-09-24 10:03:03 - [MESSAGE][PASSED] - Delayed 1 second(s)

2018-09-24 10:03:03 - [TEST_STEP][PASSED] - waitForElementVisible: Object 'Object Repository/Page_Beauty Box Subscription for Wo/a_Peels' is visible

2018-09-24 10:03:03 - [MESSAGE][WARNING] - Timeout '0' is invalid. Using default page load timeout: '90'

2018-09-24 10:03:03 - [MESSAGE][PASSED] - Object 'Object Repository/Page_Beauty Box Subscription for Wo/a_Peels' is visible

2018-09-24 10:03:03 - [TEST_STEP][PASSED] - waitForElementClickable: Object 'Object Repository/Page_Beauty Box Subscription for Wo/a_Peels' is clickable

2018-09-24 10:03:03 - [MESSAGE][WARNING] - Timeout '0' is invalid. Using default page load timeout: '90'

2018-09-24 10:03:03 - [MESSAGE][PASSED] - Object 'Object Repository/Page_Beauty Box Subscription for Wo/a_Peels' is clickable

2018-09-24 10:03:03 - [TEST_STEP][PASSED] - click: Object: 'Object Repository/Page_Beauty Box Subscription for Wo/a_Peels' is clicked on

2018-09-24 10:03:03 - [MESSAGE][PASSED] - Object: 'Object Repository/Page_Beauty Box Subscription for Wo/a_Peels' is clicked on

2018-09-24 10:03:03 - [TEST_STEP][PASSED] - delay: Delayed 2 second(s)

2018-09-24 10:03:05 - [MESSAGE][PASSED] - Delayed 2 second(s)

2018-09-24 10:03:05 - [TEST_STEP][PASSED] - click: Object: 'Object Repository/Page_Shop Facial Peels/svg_ 2018 Birchbox_icon__svg__' is clicked on

2018-09-24 10:03:06 - [MESSAGE][PASSED] - Object: 'Object Repository/Page_Shop Facial Peels/svg_ 2018 Birchbox_icon__svg__' is clicked on

2018-09-24 10:03:06 - [TEST_STEP][PASSED] - click: Object: 'Object Repository/Page_Shop Facial Peels/div_Skin' is clicked on

2018-09-24 10:03:06 - [MESSAGE][PASSED] - Object: 'Object Repository/Page_Shop Facial Peels/div_Skin' is clicked on

2018-09-24 10:03:06 - [TEST_STEP][PASSED] - click: Object: 'Object Repository/Page_Shop Facial Peels/div_Treat' is clicked on

2018-09-24 10:03:06 - [MESSAGE][PASSED] - Object: 'Object Repository/Page_Shop Facial Peels/div_Treat' is clicked on

2018-09-24 10:03:06 - [TEST_STEP][PASSED] - delay: Delayed 1 second(s)

2018-09-24 10:03:07 - [MESSAGE][PASSED] - Delayed 1 second(s)

2018-09-24 10:03:07 - [TEST_STEP][PASSED] - click: Object: 'Object Repository/Page_Beauty Box Subscription for Wo/a_Toners  Mists' is clicked on

2018-09-24 10:03:08 - [MESSAGE][PASSED] - Object: 'Object Repository/Page_Beauty Box Subscription for Wo/a_Toners  Mists' is clicked on

2018-09-24 10:03:08 - [TEST_STEP][PASSED] - delay: Delayed 2 second(s)

2018-09-24 10:03:10 - [MESSAGE][PASSED] - Delayed 2 second(s)

2018-09-24 10:03:10 - [TEST_STEP][PASSED] - click: Object: 'Object Repository/Page_Toners  Mists/svg_ 2018 Birchbox_icon__svg__' is clicked on

2018-09-24 10:03:10 - [MESSAGE][PASSED] - Object: 'Object Repository/Page_Toners  Mists/svg_ 2018 Birchbox_icon__svg__' is clicked on

2018-09-24 10:03:10 - [TEST_STEP][PASSED] - click: Object: 'Object Repository/Page_Toners  Mists/div_Skin' is clicked on

2018-09-24 10:03:10 - [MESSAGE][PASSED] - Object: 'Object Repository/Page_Toners  Mists/div_Skin' is clicked on

2018-09-24 10:03:10 - [TEST_STEP][PASSED] - click: Object: 'Object Repository/Page_Toners  Mists/div_Treat' is clicked on

2018-09-24 10:03:11 - [MESSAGE][PASSED] - Object: 'Object Repository/Page_Toners  Mists/div_Treat' is clicked on

2018-09-24 10:03:11 - [TEST_STEP][PASSED] - delay: Delayed 1 second(s)

2018-09-24 10:03:12 - [MESSAGE][PASSED] - Delayed 1 second(s)

2018-09-24 10:03:12 - [TEST_STEP][PASSED] - waitForElementVisible: Object 'Object Repository/Page_Beauty Box Subscription for Wo/a_Face Serums' is visible

2018-09-24 10:03:12 - [MESSAGE][WARNING] - Timeout '0' is invalid. Using default page load timeout: '90'

2018-09-24 10:03:12 - [MESSAGE][PASSED] - Object 'Object Repository/Page_Beauty Box Subscription for Wo/a_Face Serums' is visible

2018-09-24 10:03:12 - [TEST_STEP][PASSED] - waitForElementClickable: Object 'Object Repository/Page_Beauty Box Subscription for Wo/a_Face Serums' is clickable

2018-09-24 10:03:12 - [MESSAGE][WARNING] - Timeout '0' is invalid. Using default page load timeout: '90'

2018-09-24 10:03:12 - [MESSAGE][PASSED] - Object 'Object Repository/Page_Beauty Box Subscription for Wo/a_Face Serums' is clickable

2018-09-24 10:03:12 - [TEST_STEP][PASSED] - click: Object: 'Object Repository/Page_Beauty Box Subscription for Wo/a_Face Serums' is clicked on

2018-09-24 10:03:12 - [MESSAGE][PASSED] - Object: 'Object Repository/Page_Beauty Box Subscription for Wo/a_Face Serums' is clicked on

2018-09-24 10:03:12 - [TEST_STEP][PASSED] - delay: Delayed 2 second(s)

2018-09-24 10:03:14 - [MESSAGE][PASSED] - Delayed 2 second(s)

2018-09-24 10:03:14 - [TEST_STEP][PASSED] - click: Object: 'Object Repository/Page_Shop Face Serums/svg_ 2018 Birchbox_icon__svg__' is clicked on

2018-09-24 10:03:15 - [MESSAGE][PASSED] - Object: 'Object Repository/Page_Shop Face Serums/svg_ 2018 Birchbox_icon__svg__' is clicked on

2018-09-24 10:03:15 - [TEST_STEP][PASSED] - click: Object: 'Object Repository/Page_Shop Face Serums/div_Skin' is clicked on

2018-09-24 10:03:15 - [MESSAGE][PASSED] - Object: 'Object Repository/Page_Shop Face Serums/div_Skin' is clicked on

2018-09-24 10:03:15 - [TEST_STEP][PASSED] - waitForElementVisible: Object 'Object Repository/Page_Shop Face Serums/div_Treat' is visible

2018-09-24 10:03:15 - [MESSAGE][WARNING] - Timeout '0' is invalid. Using default page load timeout: '90'

2018-09-24 10:03:15 - [MESSAGE][PASSED] - Object 'Object Repository/Page_Shop Face Serums/div_Treat' is visible

2018-09-24 10:03:15 - [TEST_STEP][PASSED] - delay: Delayed 1 second(s)

2018-09-24 10:03:16 - [MESSAGE][PASSED] - Delayed 1 second(s)

2018-09-24 10:03:16 - [TEST_STEP][PASSED] - waitForElementNotClickable: Object 'Object Repository/Page_Shop Face Serums/div_Treat' is not clickable after 90 second(s)

2018-09-24 10:03:16 - [MESSAGE][WARNING] - Timeout '0' is invalid. Using default page load timeout: '90'

2018-09-24 10:04:47 - [MESSAGE][WARNING] - Object 'Object Repository/Page_Shop Face Serums/div_Treat' is not clickable after 90 second(s)

2018-09-24 10:04:47 - [TEST_STEP][PASSED] - click: Object: 'Object Repository/Page_Shop Face Serums/div_Treat' is clicked on

2018-09-24 10:04:47 - [MESSAGE][PASSED] - Object: 'Object Repository/Page_Shop Face Serums/div_Treat' is clicked on

2018-09-24 10:04:47 - [TEST_STEP][PASSED] - delay: Delayed 1 second(s)

2018-09-24 10:04:48 - [MESSAGE][PASSED] - Delayed 1 second(s)

2018-09-24 10:04:48 - [TEST_STEP][PASSED] - waitForElementVisible: Object 'Object Repository/Page_Beauty Box Subscription for Wo/a_Acne  Oil Treatments' is visible

2018-09-24 10:04:48 - [MESSAGE][WARNING] - Timeout '0' is invalid. Using default page load timeout: '90'

2018-09-24 10:04:49 - [MESSAGE][PASSED] - Object 'Object Repository/Page_Beauty Box Subscription for Wo/a_Acne  Oil Treatments' is visible

2018-09-24 10:04:49 - [TEST_STEP][PASSED] - waitForElementClickable: Object 'Object Repository/Page_Beauty Box Subscription for Wo/a_Acne  Oil Treatments' is clickable

2018-09-24 10:04:49 - [MESSAGE][WARNING] - Timeout '0' is invalid. Using default page load timeout: '90'

2018-09-24 10:04:49 - [MESSAGE][PASSED] - Object 'Object Repository/Page_Beauty Box Subscription for Wo/a_Acne  Oil Treatments' is clickable

2018-09-24 10:04:49 - [TEST_STEP][PASSED] - click: Object: 'Object Repository/Page_Beauty Box Subscription for Wo/a_Acne  Oil Treatments' is clicked on

2018-09-24 10:04:49 - [MESSAGE][PASSED] - Object: 'Object Repository/Page_Beauty Box Subscription for Wo/a_Acne  Oil Treatments' is clicked on

2018-09-24 10:04:49 - [TEST_STEP][PASSED] - delay: Delayed 2 second(s)

2018-09-24 10:04:51 - [MESSAGE][PASSED] - Delayed 2 second(s)

2018-09-24 10:04:51 - [TEST_STEP][PASSED] - click: Object: 'Object Repository/Page_Shop Acne Treatments and Oily/svg_ 2018 Birchbox_icon__svg__' is clicked on

2018-09-24 10:04:52 - [MESSAGE][PASSED] - Object: 'Object Repository/Page_Shop Acne Treatments and Oily/svg_ 2018 Birchbox_icon__svg__' is clicked on

2018-09-24 10:04:52 - [TEST_STEP][PASSED] - click: Object: 'Object Repository/Page_Beauty Box Subscription for Wo/div_Skin' is clicked on

2018-09-24 10:04:52 - [MESSAGE][PASSED] - Object: 'Object Repository/Page_Beauty Box Subscription for Wo/div_Skin' is clicked on

2018-09-24 10:04:52 - [TEST_STEP][PASSED] - click: Object: 'Object Repository/Page_Shop Acne Treatments and Oily/div_Treat' is clicked on

2018-09-24 10:04:53 - [MESSAGE][PASSED] - Object: 'Object Repository/Page_Shop Acne Treatments and Oily/div_Treat' is clicked on

2018-09-24 10:04:53 - [TEST_STEP][PASSED] - delay: Delayed 1 second(s)

2018-09-24 10:04:54 - [MESSAGE][PASSED] - Delayed 1 second(s)

2018-09-24 10:04:54 - [TEST_STEP][PASSED] - click: Object: 'Object Repository/Page_Beauty Box Subscription for Wo/a_Eye Masks  Treatments' is clicked on

2018-09-24 10:04:54 - [MESSAGE][PASSED] - Object: 'Object Repository/Page_Beauty Box Subscription for Wo/a_Eye Masks  Treatments' is clicked on

2018-09-24 10:04:54 - [TEST_STEP][PASSED] - click: Object: 'Object Repository/Page_Beauty Box Subscription for Wo/a_Eye Masks  Treatments' is clicked on

2018-09-24 10:04:55 - [MESSAGE][PASSED] - Object: 'Object Repository/Page_Beauty Box Subscription for Wo/a_Eye Masks  Treatments' is clicked on

2018-09-24 10:04:55 - [TEST_STEP][FAILED] - click: Unable to click on object 'Object Repository/Page_Beauty Box Subscription for Wo/a_Eye Masks  Treatments' (Root cause: com.kms.katalon.core.webui.exception.WebElementNotFoundException: Web element with id: 'Object Repository/Page_Beauty Box Subscription for Wo/a_Eye Masks  Treatments' located by 'By.xpath: //*[(text() = 'Eye Masks & Treatments' or . = 'Eye Masks & Treatments')]' not found)

2018-09-24 10:06:29 - [MESSAGE][FAILED] - Unable to click on object 'Object Repository/Page_Beauty Box Subscription for Wo/a_Eye Masks  Treatments' (Root cause: com.kms.katalon.core.webui.exception.WebElementNotFoundException: Web element with id: 'Object Repository/Page_Beauty Box Subscription for Wo/a_Eye Masks  Treatments' located by 'By.xpath: //*[(text() = 'Eye Masks & Treatments' or . = 'Eye Masks & Treatments')]' not found)]]></system-out>
         <system-err><![CDATA[2018-09-24 10:02:34 - [TEST_CASE][FAILED] - Test Cases/US mobile test/Test all Shop top-level categories for Womes Shop (Skin): Test Cases/US mobile test/Test all Shop top-level categories for Womes Shop (Skin) FAILED because (of) (Stack trace: com.kms.katalon.core.exception.StepFailedException: Unable to click on object 'Object Repository/Page_Beauty Box Subscription for Wo/a_Eye Masks  Treatments' (Root cause: com.kms.katalon.core.webui.exception.WebElementNotFoundException: Web element with id: 'Object Repository/Page_Beauty Box Subscription for Wo/a_Eye Masks  Treatments' located by 'By.xpath: //*[(text() = 'Eye Masks & Treatments' or . = 'Eye Masks & Treatments')]' not found)
	at com.kms.katalon.core.keyword.internal.KeywordMain.stepFailed(KeywordMain.groovy:36)
	at com.kms.katalon.core.webui.keyword.internal.WebUIKeywordMain.stepFailed(WebUIKeywordMain.groovy:65)
	at com.kms.katalon.core.webui.keyword.internal.WebUIKeywordMain.runKeyword(WebUIKeywordMain.groovy:27)
	at com.kms.katalon.core.webui.keyword.builtin.ClickKeyword.click(ClickKeyword.groovy:86)
	at com.kms.katalon.core.webui.keyword.builtin.ClickKeyword.execute(ClickKeyword.groovy:67)
	at com.kms.katalon.core.keyword.internal.KeywordExecutor.executeKeywordForPlatform(KeywordExecutor.groovy:53)
	at com.kms.katalon.core.webui.keyword.WebUiBuiltInKeywords.click(WebUiBuiltInKeywords.groovy:616)
	at com.kms.katalon.core.webui.keyword.WebUiBuiltInKeywords$click$4.call(Unknown Source)
	at org.codehaus.groovy.runtime.callsite.CallSiteArray.defaultCall(CallSiteArray.java:48)
	at org.codehaus.groovy.runtime.callsite.AbstractCallSite.call(AbstractCallSite.java:113)
	at org.codehaus.groovy.runtime.callsite.AbstractCallSite.call(AbstractCallSite.java:125)
	at Script1536617663530.run(Script1536617663530.groovy:170)
	at com.kms.katalon.core.main.ScriptEngine.run(ScriptEngine.java:183)
	at com.kms.katalon.core.main.ScriptEngine.runScriptAsRawText(ScriptEngine.java:108)
	at com.kms.katalon.core.main.TestCaseExecutor.runScript(TestCaseExecutor.java:294)
	at com.kms.katalon.core.main.TestCaseExecutor.doExecute(TestCaseExecutor.java:285)
	at com.kms.katalon.core.main.TestCaseExecutor.processExecutionPhase(TestCaseExecutor.java:264)
	at com.kms.katalon.core.main.TestCaseExecutor.accessMainPhase(TestCaseExecutor.java:256)
	at com.kms.katalon.core.main.TestCaseExecutor.execute(TestCaseExecutor.java:200)
	at com.kms.katalon.core.main.TestSuiteExecutor.accessTestCaseMainPhase(TestSuiteExecutor.java:129)
	at com.kms.katalon.core.main.TestSuiteExecutor.accessTestSuiteMainPhase(TestSuiteExecutor.java:112)
	at com.kms.katalon.core.main.TestSuiteExecutor.execute(TestSuiteExecutor.java:81)
	at com.kms.katalon.core.main.TestCaseMain.startTestSuite(TestCaseMain.java:142)
	at com.kms.katalon.core.main.TestCaseMain$startTestSuite$0.call(Unknown Source)
	at org.codehaus.groovy.runtime.callsite.CallSiteArray.defaultCall(CallSiteArray.java:48)
	at org.codehaus.groovy.runtime.callsite.AbstractCallSite.call(AbstractCallSite.java:113)
	at org.codehaus.groovy.runtime.callsite.AbstractCallSite.call(AbstractCallSite.java:141)
	at TempTestSuite1537808383407.run(TempTestSuite1537808383407.groovy:36)
	at groovy.lang.GroovyShell.runScriptOrMainOrTestOrRunnable(GroovyShell.java:263)
	at groovy.lang.GroovyShell.run(GroovyShell.java:518)
	at groovy.lang.GroovyShell.run(GroovyShell.java:507)
	at groovy.ui.GroovyMain.processOnce(GroovyMain.java:653)
	at groovy.ui.GroovyMain.run(GroovyMain.java:384)
	at groovy.ui.GroovyMain.process(GroovyMain.java:370)
	at groovy.ui.GroovyMain.processArgs(GroovyMain.java:129)
	at groovy.ui.GroovyMain.main(GroovyMain.java:109)
	at sun.reflect.NativeMethodAccessorImpl.invoke0(Native Method)
	at sun.reflect.NativeMethodAccessorImpl.invoke(NativeMethodAccessorImpl.java:62)
	at sun.reflect.DelegatingMethodAccessorImpl.invoke(DelegatingMethodAccessorImpl.java:43)
	at java.lang.reflect.Method.invoke(Method.java:498)
	at org.codehaus.groovy.tools.GroovyStarter.rootLoader(GroovyStarter.java:109)
	at org.codehaus.groovy.tools.GroovyStarter.main(GroovyStarter.java:131)
)]]></system-err>
      </testcase>
      <system-out><![CDATA[2018-09-24 09:59:45 - [TEST_SUITE][FAILED] - Full Sanity Test (US, mobile): Test Cases/US mobile test/Test all Shop top-level categories for Womens Shop (Makeup) FAILED because (of) (Stack trace: com.kms.katalon.core.exception.StepFailedException: Unable to click on object 'Object Repository/Page_Beauty Box Subscription for Wo/a_Eye Sets  Palettes' (Root cause: org.openqa.selenium.WebDriverException: unknown error: Element <a class="StyledLink-khUpca fgCKOS" href="/category/2339">...</a> is not clickable at point (85, 756). Other element would receive the click: <div class="Drawer__MaskDiv-VGhMm utilities__cover___WKDvY gqjSAR" style="opacity: 0;"></div>
  (Session info: chrome=69.0.3497.100)
  (Driver info: chromedriver=2.35.528161 (5b82f2d2aae0ca24b877009200ced9065a772e73),platform=Windows NT 6.1.7601 SP1 x86_64) (WARNING: The server did not provide any stacktrace information)
Command duration or timeout: 0 milliseconds
Build info: version: '3.7.1', revision: '8a0099a', time: '2017-11-06T21:07:36.161Z'
System info: host: 'PLEMKTPLACE-08', ip: '10.241.184.32', os.name: 'Windows 7', os.arch: 'amd64', os.version: '6.1', java.version: '1.8.0_181'
Driver info: com.kms.katalon.selenium.driver.CChromeDriver
Capabilities {acceptInsecureCerts: false, acceptSslCerts: false, applicationCacheEnabled: false, browserConnectionEnabled: false, browserName: chrome, chrome: {chromedriverVersion: 2.35.528161 (5b82f2d2aae0ca..., userDataDir: C:\Users\vbrooks\AppData\Lo...}, cssSelectorsEnabled: true, databaseEnabled: false, handlesAlerts: true, hasTouchScreen: false, javascriptEnabled: true, locationContextEnabled: true, mobileEmulationEnabled: false, nativeEvents: true, networkConnectionEnabled: false, pageLoadStrategy: normal, platform: XP, platformName: XP, rotatable: false, setWindowRect: true, takesHeapSnapshot: true, takesScreenshot: true, unexpectedAlertBehaviour: , unhandledPromptBehavior: , version: 69.0.3497.100, webStorageEnabled: true}
Session ID: b74043b98ba4eb3d0dab72b882eb8b9a)
	at com.kms.katalon.core.keyword.internal.KeywordMain.stepFailed(KeywordMain.groovy:36)
	at com.kms.katalon.core.webui.keyword.internal.WebUIKeywordMain.stepFailed(WebUIKeywordMain.groovy:65)
	at com.kms.katalon.core.webui.keyword.internal.WebUIKeywordMain.runKeyword(WebUIKeywordMain.groovy:27)
	at com.kms.katalon.core.webui.keyword.builtin.ClickKeyword.click(ClickKeyword.groovy:86)
	at com.kms.katalon.core.webui.keyword.builtin.ClickKeyword.execute(ClickKeyword.groovy:67)
	at com.kms.katalon.core.keyword.internal.KeywordExecutor.executeKeywordForPlatform(KeywordExecutor.groovy:53)
	at com.kms.katalon.core.webui.keyword.WebUiBuiltInKeywords.click(WebUiBuiltInKeywords.groovy:616)
	at com.kms.katalon.core.webui.keyword.WebUiBuiltInKeywords$click$4.call(Unknown Source)
	at org.codehaus.groovy.runtime.callsite.CallSiteArray.defaultCall(CallSiteArray.java:48)
	at org.codehaus.groovy.runtime.callsite.AbstractCallSite.call(AbstractCallSite.java:113)
	at org.codehaus.groovy.runtime.callsite.AbstractCallSite.call(AbstractCallSite.java:125)
	at Script1536614250757.run(Script1536614250757.groovy:334)
	at com.kms.katalon.core.main.ScriptEngine.run(ScriptEngine.java:183)
	at com.kms.katalon.core.main.ScriptEngine.runScriptAsRawText(ScriptEngine.java:108)
	at com.kms.katalon.core.main.TestCaseExecutor.runScript(TestCaseExecutor.java:294)
	at com.kms.katalon.core.main.TestCaseExecutor.doExecute(TestCaseExecutor.java:285)
	at com.kms.katalon.core.main.TestCaseExecutor.processExecutionPhase(TestCaseExecutor.java:264)
	at com.kms.katalon.core.main.TestCaseExecutor.accessMainPhase(TestCaseExecutor.java:256)
	at com.kms.katalon.core.main.TestCaseExecutor.execute(TestCaseExecutor.java:200)
	at com.kms.katalon.core.main.TestSuiteExecutor.accessTestCaseMainPhase(TestSuiteExecutor.java:129)
	at com.kms.katalon.core.main.TestSuiteExecutor.accessTestSuiteMainPhase(TestSuiteExecutor.java:112)
	at com.kms.katalon.core.main.TestSuiteExecutor.execute(TestSuiteExecutor.java:81)
	at com.kms.katalon.core.main.TestCaseMain.startTestSuite(TestCaseMain.java:142)
	at com.kms.katalon.core.main.TestCaseMain$startTestSuite$0.call(Unknown Source)
	at org.codehaus.groovy.runtime.callsite.CallSiteArray.defaultCall(CallSiteArray.java:48)
	at org.codehaus.groovy.runtime.callsite.AbstractCallSite.call(AbstractCallSite.java:113)
	at org.codehaus.groovy.runtime.callsite.AbstractCallSite.call(AbstractCallSite.java:141)
	at TempTestSuite1537808383407.run(TempTestSuite1537808383407.groovy:36)
	at groovy.lang.GroovyShell.runScriptOrMainOrTestOrRunnable(GroovyShell.java:263)
	at groovy.lang.GroovyShell.run(GroovyShell.java:518)
	at groovy.lang.GroovyShell.run(GroovyShell.java:507)
	at groovy.ui.GroovyMain.processOnce(GroovyMain.java:653)
	at groovy.ui.GroovyMain.run(GroovyMain.java:384)
	at groovy.ui.GroovyMain.process(GroovyMain.java:370)
	at groovy.ui.GroovyMain.processArgs(GroovyMain.java:129)
	at groovy.ui.GroovyMain.main(GroovyMain.java:109)
	at sun.reflect.NativeMethodAccessorImpl.invoke0(Native Method)
	at sun.reflect.NativeMethodAccessorImpl.invoke(NativeMethodAccessorImpl.java:62)
	at sun.reflect.DelegatingMethodAccessorImpl.invoke(DelegatingMethodAccessorImpl.java:43)
	at java.lang.reflect.Method.invoke(Method.java:498)
	at org.codehaus.groovy.tools.GroovyStarter.rootLoader(GroovyStarter.java:109)
	at org.codehaus.groovy.tools.GroovyStarter.main(GroovyStarter.java:131)
)]]></system-out>
      <system-err><![CDATA[2018-09-24 09:59:45 - [TEST_SUITE][FAILED] - Full Sanity Test (US, mobile): Test Cases/US mobile test/Test all Shop top-level categories for Womens Shop (Makeup) FAILED because (of) (Stack trace: com.kms.katalon.core.exception.StepFailedException: Unable to click on object 'Object Repository/Page_Beauty Box Subscription for Wo/a_Eye Sets  Palettes' (Root cause: org.openqa.selenium.WebDriverException: unknown error: Element <a class="StyledLink-khUpca fgCKOS" href="/category/2339">...</a> is not clickable at point (85, 756). Other element would receive the click: <div class="Drawer__MaskDiv-VGhMm utilities__cover___WKDvY gqjSAR" style="opacity: 0;"></div>
  (Session info: chrome=69.0.3497.100)
  (Driver info: chromedriver=2.35.528161 (5b82f2d2aae0ca24b877009200ced9065a772e73),platform=Windows NT 6.1.7601 SP1 x86_64) (WARNING: The server did not provide any stacktrace information)
Command duration or timeout: 0 milliseconds
Build info: version: '3.7.1', revision: '8a0099a', time: '2017-11-06T21:07:36.161Z'
System info: host: 'PLEMKTPLACE-08', ip: '10.241.184.32', os.name: 'Windows 7', os.arch: 'amd64', os.version: '6.1', java.version: '1.8.0_181'
Driver info: com.kms.katalon.selenium.driver.CChromeDriver
Capabilities {acceptInsecureCerts: false, acceptSslCerts: false, applicationCacheEnabled: false, browserConnectionEnabled: false, browserName: chrome, chrome: {chromedriverVersion: 2.35.528161 (5b82f2d2aae0ca..., userDataDir: C:\Users\vbrooks\AppData\Lo...}, cssSelectorsEnabled: true, databaseEnabled: false, handlesAlerts: true, hasTouchScreen: false, javascriptEnabled: true, locationContextEnabled: true, mobileEmulationEnabled: false, nativeEvents: true, networkConnectionEnabled: false, pageLoadStrategy: normal, platform: XP, platformName: XP, rotatable: false, setWindowRect: true, takesHeapSnapshot: true, takesScreenshot: true, unexpectedAlertBehaviour: , unhandledPromptBehavior: , version: 69.0.3497.100, webStorageEnabled: true}
Session ID: b74043b98ba4eb3d0dab72b882eb8b9a)
	at com.kms.katalon.core.keyword.internal.KeywordMain.stepFailed(KeywordMain.groovy:36)
	at com.kms.katalon.core.webui.keyword.internal.WebUIKeywordMain.stepFailed(WebUIKeywordMain.groovy:65)
	at com.kms.katalon.core.webui.keyword.internal.WebUIKeywordMain.runKeyword(WebUIKeywordMain.groovy:27)
	at com.kms.katalon.core.webui.keyword.builtin.ClickKeyword.click(ClickKeyword.groovy:86)
	at com.kms.katalon.core.webui.keyword.builtin.ClickKeyword.execute(ClickKeyword.groovy:67)
	at com.kms.katalon.core.keyword.internal.KeywordExecutor.executeKeywordForPlatform(KeywordExecutor.groovy:53)
	at com.kms.katalon.core.webui.keyword.WebUiBuiltInKeywords.click(WebUiBuiltInKeywords.groovy:616)
	at com.kms.katalon.core.webui.keyword.WebUiBuiltInKeywords$click$4.call(Unknown Source)
	at org.codehaus.groovy.runtime.callsite.CallSiteArray.defaultCall(CallSiteArray.java:48)
	at org.codehaus.groovy.runtime.callsite.AbstractCallSite.call(AbstractCallSite.java:113)
	at org.codehaus.groovy.runtime.callsite.AbstractCallSite.call(AbstractCallSite.java:125)
	at Script1536614250757.run(Script1536614250757.groovy:334)
	at com.kms.katalon.core.main.ScriptEngine.run(ScriptEngine.java:183)
	at com.kms.katalon.core.main.ScriptEngine.runScriptAsRawText(ScriptEngine.java:108)
	at com.kms.katalon.core.main.TestCaseExecutor.runScript(TestCaseExecutor.java:294)
	at com.kms.katalon.core.main.TestCaseExecutor.doExecute(TestCaseExecutor.java:285)
	at com.kms.katalon.core.main.TestCaseExecutor.processExecutionPhase(TestCaseExecutor.java:264)
	at com.kms.katalon.core.main.TestCaseExecutor.accessMainPhase(TestCaseExecutor.java:256)
	at com.kms.katalon.core.main.TestCaseExecutor.execute(TestCaseExecutor.java:200)
	at com.kms.katalon.core.main.TestSuiteExecutor.accessTestCaseMainPhase(TestSuiteExecutor.java:129)
	at com.kms.katalon.core.main.TestSuiteExecutor.accessTestSuiteMainPhase(TestSuiteExecutor.java:112)
	at com.kms.katalon.core.main.TestSuiteExecutor.execute(TestSuiteExecutor.java:81)
	at com.kms.katalon.core.main.TestCaseMain.startTestSuite(TestCaseMain.java:142)
	at com.kms.katalon.core.main.TestCaseMain$startTestSuite$0.call(Unknown Source)
	at org.codehaus.groovy.runtime.callsite.CallSiteArray.defaultCall(CallSiteArray.java:48)
	at org.codehaus.groovy.runtime.callsite.AbstractCallSite.call(AbstractCallSite.java:113)
	at org.codehaus.groovy.runtime.callsite.AbstractCallSite.call(AbstractCallSite.java:141)
	at TempTestSuite1537808383407.run(TempTestSuite1537808383407.groovy:36)
	at groovy.lang.GroovyShell.runScriptOrMainOrTestOrRunnable(GroovyShell.java:263)
	at groovy.lang.GroovyShell.run(GroovyShell.java:518)
	at groovy.lang.GroovyShell.run(GroovyShell.java:507)
	at groovy.ui.GroovyMain.processOnce(GroovyMain.java:653)
	at groovy.ui.GroovyMain.run(GroovyMain.java:384)
	at groovy.ui.GroovyMain.process(GroovyMain.java:370)
	at groovy.ui.GroovyMain.processArgs(GroovyMain.java:129)
	at groovy.ui.GroovyMain.main(GroovyMain.java:109)
	at sun.reflect.NativeMethodAccessorImpl.invoke0(Native Method)
	at sun.reflect.NativeMethodAccessorImpl.invoke(NativeMethodAccessorImpl.java:62)
	at sun.reflect.DelegatingMethodAccessorImpl.invoke(DelegatingMethodAccessorImpl.java:43)
	at java.lang.reflect.Method.invoke(Method.java:498)
	at org.codehaus.groovy.tools.GroovyStarter.rootLoader(GroovyStarter.java:109)
	at org.codehaus.groovy.tools.GroovyStarter.main(GroovyStarter.java:131)
)]]></system-err>
   </testsuite>
</testsuites>
