<?xml version="1.0" encoding="UTF-8"?>
<testsuites name="Full Sanity Test (US, mobile)" time="569" tests="3" failures="2" errors="0">
   <testsuite name="Full Sanity Test (US, mobile)" tests="3" failures="2" errors="0" time="569" timestamp="2018-09-25 14:19:32" hostname="vbrooks - PLEMKTPLACE-08.esa.winadroot.com" id="Test Suites/Full Sanity Test (US, mobile)">
      <properties>
         <property name="deviceName" value=""/>
         <property name="devicePlatform" value=""/>
         <property name="logFolder" value="C:\\Users\\vbrooks\\Katalon Studio\\Birchbox\\Reports\\Full Sanity Test (US, mobile)\\20180925_141930"/>
         <property name="logFiles" value="C:\\Users\\vbrooks\\Katalon Studio\\Birchbox\\Reports\\Full Sanity Test (US, mobile)\\20180925_141930\\execution0.log"/>
         <property name="attachments" value=""/>
         <property name="hostName" value="vbrooks - PLEMKTPLACE-08.esa.winadroot.com"/>
         <property name="os" value="Windows 7 64bit"/>
         <property name="katalonVersion" value="5.7.1.1"/>
         <property name="browser" value="Chrome 69.0.3497.100"/>
         <property name="hostAddress" value="10.241.184.32"/>
         <property name="sessionId" value="ced8423c50b87970df46a860d29bd281"/>
         <property name="seleniumVersion" value="3.7.1"/>
         <property name="proxyInformation" value="ProxyInformation{proxyOption=NO_PROXY, proxyServerType=HTTP, password=, proxyServerAddress=, proxyServerPort=0}"/>
         <property name="platform" value="Windows 7"/>
      </properties>
      <testcase name="Test Cases/US mobile test/Launch the Birchbox site in the required locale - US (www.staging.birchbox.com)" classname="Test Cases/US mobile test/Launch the Birchbox site in the required locale - US (www.staging.birchbox.com)" status="PASSED">
         <system-out><![CDATA[2018-09-25 14:19:33 - [TEST_CASE][PASSED] - Test Cases/US mobile test/Launch the Birchbox site in the required locale - US (www.staging.birchbox.com): Test Cases/US mobile test/Launch the Birchbox site in the required locale - US (www.staging.birchbox.com)

2018-09-25 14:19:33 - [TEST_STEP][PASSED] - openBrowser: Browser is opened with url: ''

2018-09-25 14:19:37 - [MESSAGE][PASSED] - Browser is opened with url: ''

2018-09-25 14:19:37 - [TEST_STEP][PASSED] - Statement - viewportHeight = com.kms.katalon.core.webui.keyword.WebUiBuiltInKeywords.getViewportHeight(): Viewport height is 707

2018-09-25 14:19:38 - [MESSAGE][PASSED] - Viewport height is 707

2018-09-25 14:19:38 - [TEST_STEP][PASSED] - Statement - viewportWidth = com.kms.katalon.core.webui.keyword.WebUiBuiltInKeywords.getViewportWidth(): Viewport width is 1040

2018-09-25 14:19:38 - [MESSAGE][PASSED] - Viewport width is 1040

2018-09-25 14:19:38 - [TEST_STEP][PASSED] - Statement - println("Browser size: " + viewportWidth + "X" + viewportHeight): null

2018-09-25 14:19:38 - [TEST_STEP][PASSED] - navigateToUrl: Navigate to 'https://www.staging.birchbox.com' successfully

2018-09-25 14:19:40 - [MESSAGE][PASSED] - Navigate to 'https://www.staging.birchbox.com' successfully

2018-09-25 14:19:40 - [TEST_STEP][PASSED] - Statement - If (viewportWidth > 1000): Viewport is set to new size with width = 400 and height = 900

2018-09-25 14:19:40 - [TEST_STEP][PASSED] - setViewPortSize: Viewport is set to new size with width = 400 and height = 900

2018-09-25 14:19:41 - [MESSAGE][PASSED] - Viewport is set to new size with width = 400 and height = 900

2018-09-25 14:19:41 - [TEST_STEP][PASSED] - delay: Delayed 10 second(s)

2018-09-25 14:19:51 - [MESSAGE][PASSED] - Delayed 10 second(s)

2018-09-25 14:19:51 - [TEST_STEP][PASSED] - click: Object: 'Object Repository/Page_Beauty Box Subscription for Wo/svg_icon__close_popup' is clicked on

2018-09-25 14:19:51 - [MESSAGE][PASSED] - Object: 'Object Repository/Page_Beauty Box Subscription for Wo/svg_icon__close_popup' is clicked on]]></system-out>
         <system-err><![CDATA[]]></system-err>
      </testcase>
      <testcase name="Test Cases/US mobile test/Test all Shop top-level categories for Womens Shop (Collections)" classname="Test Cases/US mobile test/Test all Shop top-level categories for Womens Shop (Collections)" status="FAILED">
         <failure type="FAILED" message="(Stack trace: com.kms.katalon.core.exception.StepFailedException: Unable to click on object 'Object Repository/Page_Beauty Box Subscription for Wo/div_Collections (4)' (Root cause: org.openqa.selenium.StaleElementReferenceException: stale element reference: element is not attached to the page document
  (Session info: chrome=69.0.3497.100)
  (Driver info: chromedriver=2.35.528161 (5b82f2d2aae0ca24b877009200ced9065a772e73),platform=Windows NT 6.1.7601 SP1 x86_64) (WARNING: The server did not provide any stacktrace information)
Command duration or timeout: 0 milliseconds
For documentation on this error, please visit: http://seleniumhq.org/exceptions/stale_element_reference.html
Build info: version: '3.7.1', revision: '8a0099a', time: '2017-11-06T21:07:36.161Z'
System info: host: 'PLEMKTPLACE-08', ip: '10.241.184.32', os.name: 'Windows 7', os.arch: 'amd64', os.version: '6.1', java.version: '1.8.0_181'
Driver info: com.kms.katalon.selenium.driver.CChromeDriver
Capabilities {acceptInsecureCerts: false, acceptSslCerts: false, applicationCacheEnabled: false, browserConnectionEnabled: false, browserName: chrome, chrome: {chromedriverVersion: 2.35.528161 (5b82f2d2aae0ca..., userDataDir: C:\Users\vbrooks\AppData\Lo...}, cssSelectorsEnabled: true, databaseEnabled: false, handlesAlerts: true, hasTouchScreen: false, javascriptEnabled: true, locationContextEnabled: true, mobileEmulationEnabled: false, nativeEvents: true, networkConnectionEnabled: false, pageLoadStrategy: normal, platform: XP, platformName: XP, rotatable: false, setWindowRect: true, takesHeapSnapshot: true, takesScreenshot: true, unexpectedAlertBehaviour: , unhandledPromptBehavior: , version: 69.0.3497.100, webStorageEnabled: true}
Session ID: ced8423c50b87970df46a860d29bd281)
	at com.kms.katalon.core.keyword.internal.KeywordMain.stepFailed(KeywordMain.groovy:36)
	at com.kms.katalon.core.webui.keyword.internal.WebUIKeywordMain.stepFailed(WebUIKeywordMain.groovy:65)
	at com.kms.katalon.core.webui.keyword.internal.WebUIKeywordMain.runKeyword(WebUIKeywordMain.groovy:27)
	at com.kms.katalon.core.webui.keyword.builtin.ClickKeyword.click(ClickKeyword.groovy:86)
	at com.kms.katalon.core.webui.keyword.builtin.ClickKeyword.execute(ClickKeyword.groovy:67)
	at com.kms.katalon.core.keyword.internal.KeywordExecutor.executeKeywordForPlatform(KeywordExecutor.groovy:53)
	at com.kms.katalon.core.webui.keyword.WebUiBuiltInKeywords.click(WebUiBuiltInKeywords.groovy:616)
	at com.kms.katalon.core.webui.keyword.WebUiBuiltInKeywords$click$4.call(Unknown Source)
	at org.codehaus.groovy.runtime.callsite.CallSiteArray.defaultCall(CallSiteArray.java:48)
	at org.codehaus.groovy.runtime.callsite.AbstractCallSite.call(AbstractCallSite.java:113)
	at org.codehaus.groovy.runtime.callsite.AbstractCallSite.call(AbstractCallSite.java:125)
	at Script1536614233195.run(Script1536614233195.groovy:82)
	at com.kms.katalon.core.main.ScriptEngine.run(ScriptEngine.java:183)
	at com.kms.katalon.core.main.ScriptEngine.runScriptAsRawText(ScriptEngine.java:108)
	at com.kms.katalon.core.main.TestCaseExecutor.runScript(TestCaseExecutor.java:294)
	at com.kms.katalon.core.main.TestCaseExecutor.doExecute(TestCaseExecutor.java:285)
	at com.kms.katalon.core.main.TestCaseExecutor.processExecutionPhase(TestCaseExecutor.java:264)
	at com.kms.katalon.core.main.TestCaseExecutor.accessMainPhase(TestCaseExecutor.java:256)
	at com.kms.katalon.core.main.TestCaseExecutor.execute(TestCaseExecutor.java:200)
	at com.kms.katalon.core.main.TestSuiteExecutor.accessTestCaseMainPhase(TestSuiteExecutor.java:129)
	at com.kms.katalon.core.main.TestSuiteExecutor.accessTestSuiteMainPhase(TestSuiteExecutor.java:112)
	at com.kms.katalon.core.main.TestSuiteExecutor.execute(TestSuiteExecutor.java:81)
	at com.kms.katalon.core.main.TestCaseMain.startTestSuite(TestCaseMain.java:142)
	at com.kms.katalon.core.main.TestCaseMain$startTestSuite$0.call(Unknown Source)
	at org.codehaus.groovy.runtime.callsite.CallSiteArray.defaultCall(CallSiteArray.java:48)
	at org.codehaus.groovy.runtime.callsite.AbstractCallSite.call(AbstractCallSite.java:113)
	at org.codehaus.groovy.runtime.callsite.AbstractCallSite.call(AbstractCallSite.java:141)
	at TempTestSuite1537910370531.run(TempTestSuite1537910370531.groovy:36)
	at groovy.lang.GroovyShell.runScriptOrMainOrTestOrRunnable(GroovyShell.java:263)
	at groovy.lang.GroovyShell.run(GroovyShell.java:518)
	at groovy.lang.GroovyShell.run(GroovyShell.java:507)
	at groovy.ui.GroovyMain.processOnce(GroovyMain.java:653)
	at groovy.ui.GroovyMain.run(GroovyMain.java:384)
	at groovy.ui.GroovyMain.process(GroovyMain.java:370)
	at groovy.ui.GroovyMain.processArgs(GroovyMain.java:129)
	at groovy.ui.GroovyMain.main(GroovyMain.java:109)
	at sun.reflect.NativeMethodAccessorImpl.invoke0(Native Method)
	at sun.reflect.NativeMethodAccessorImpl.invoke(NativeMethodAccessorImpl.java:62)
	at sun.reflect.DelegatingMethodAccessorImpl.invoke(DelegatingMethodAccessorImpl.java:43)
	at java.lang.reflect.Method.invoke(Method.java:498)
	at org.codehaus.groovy.tools.GroovyStarter.rootLoader(GroovyStarter.java:109)
	at org.codehaus.groovy.tools.GroovyStarter.main(GroovyStarter.java:131)
)"/>
         <system-out><![CDATA[2018-09-25 14:19:51 - [TEST_CASE][FAILED] - Test Cases/US mobile test/Test all Shop top-level categories for Womens Shop (Collections): Test Cases/US mobile test/Test all Shop top-level categories for Womens Shop (Collections) FAILED because (of) (Stack trace: com.kms.katalon.core.exception.StepFailedException: Unable to click on object 'Object Repository/Page_Beauty Box Subscription for Wo/div_Collections (4)' (Root cause: org.openqa.selenium.StaleElementReferenceException: stale element reference: element is not attached to the page document
  (Session info: chrome=69.0.3497.100)
  (Driver info: chromedriver=2.35.528161 (5b82f2d2aae0ca24b877009200ced9065a772e73),platform=Windows NT 6.1.7601 SP1 x86_64) (WARNING: The server did not provide any stacktrace information)
Command duration or timeout: 0 milliseconds
For documentation on this error, please visit: http://seleniumhq.org/exceptions/stale_element_reference.html
Build info: version: '3.7.1', revision: '8a0099a', time: '2017-11-06T21:07:36.161Z'
System info: host: 'PLEMKTPLACE-08', ip: '10.241.184.32', os.name: 'Windows 7', os.arch: 'amd64', os.version: '6.1', java.version: '1.8.0_181'
Driver info: com.kms.katalon.selenium.driver.CChromeDriver
Capabilities {acceptInsecureCerts: false, acceptSslCerts: false, applicationCacheEnabled: false, browserConnectionEnabled: false, browserName: chrome, chrome: {chromedriverVersion: 2.35.528161 (5b82f2d2aae0ca..., userDataDir: C:\Users\vbrooks\AppData\Lo...}, cssSelectorsEnabled: true, databaseEnabled: false, handlesAlerts: true, hasTouchScreen: false, javascriptEnabled: true, locationContextEnabled: true, mobileEmulationEnabled: false, nativeEvents: true, networkConnectionEnabled: false, pageLoadStrategy: normal, platform: XP, platformName: XP, rotatable: false, setWindowRect: true, takesHeapSnapshot: true, takesScreenshot: true, unexpectedAlertBehaviour: , unhandledPromptBehavior: , version: 69.0.3497.100, webStorageEnabled: true}
Session ID: ced8423c50b87970df46a860d29bd281)
	at com.kms.katalon.core.keyword.internal.KeywordMain.stepFailed(KeywordMain.groovy:36)
	at com.kms.katalon.core.webui.keyword.internal.WebUIKeywordMain.stepFailed(WebUIKeywordMain.groovy:65)
	at com.kms.katalon.core.webui.keyword.internal.WebUIKeywordMain.runKeyword(WebUIKeywordMain.groovy:27)
	at com.kms.katalon.core.webui.keyword.builtin.ClickKeyword.click(ClickKeyword.groovy:86)
	at com.kms.katalon.core.webui.keyword.builtin.ClickKeyword.execute(ClickKeyword.groovy:67)
	at com.kms.katalon.core.keyword.internal.KeywordExecutor.executeKeywordForPlatform(KeywordExecutor.groovy:53)
	at com.kms.katalon.core.webui.keyword.WebUiBuiltInKeywords.click(WebUiBuiltInKeywords.groovy:616)
	at com.kms.katalon.core.webui.keyword.WebUiBuiltInKeywords$click$4.call(Unknown Source)
	at org.codehaus.groovy.runtime.callsite.CallSiteArray.defaultCall(CallSiteArray.java:48)
	at org.codehaus.groovy.runtime.callsite.AbstractCallSite.call(AbstractCallSite.java:113)
	at org.codehaus.groovy.runtime.callsite.AbstractCallSite.call(AbstractCallSite.java:125)
	at Script1536614233195.run(Script1536614233195.groovy:82)
	at com.kms.katalon.core.main.ScriptEngine.run(ScriptEngine.java:183)
	at com.kms.katalon.core.main.ScriptEngine.runScriptAsRawText(ScriptEngine.java:108)
	at com.kms.katalon.core.main.TestCaseExecutor.runScript(TestCaseExecutor.java:294)
	at com.kms.katalon.core.main.TestCaseExecutor.doExecute(TestCaseExecutor.java:285)
	at com.kms.katalon.core.main.TestCaseExecutor.processExecutionPhase(TestCaseExecutor.java:264)
	at com.kms.katalon.core.main.TestCaseExecutor.accessMainPhase(TestCaseExecutor.java:256)
	at com.kms.katalon.core.main.TestCaseExecutor.execute(TestCaseExecutor.java:200)
	at com.kms.katalon.core.main.TestSuiteExecutor.accessTestCaseMainPhase(TestSuiteExecutor.java:129)
	at com.kms.katalon.core.main.TestSuiteExecutor.accessTestSuiteMainPhase(TestSuiteExecutor.java:112)
	at com.kms.katalon.core.main.TestSuiteExecutor.execute(TestSuiteExecutor.java:81)
	at com.kms.katalon.core.main.TestCaseMain.startTestSuite(TestCaseMain.java:142)
	at com.kms.katalon.core.main.TestCaseMain$startTestSuite$0.call(Unknown Source)
	at org.codehaus.groovy.runtime.callsite.CallSiteArray.defaultCall(CallSiteArray.java:48)
	at org.codehaus.groovy.runtime.callsite.AbstractCallSite.call(AbstractCallSite.java:113)
	at org.codehaus.groovy.runtime.callsite.AbstractCallSite.call(AbstractCallSite.java:141)
	at TempTestSuite1537910370531.run(TempTestSuite1537910370531.groovy:36)
	at groovy.lang.GroovyShell.runScriptOrMainOrTestOrRunnable(GroovyShell.java:263)
	at groovy.lang.GroovyShell.run(GroovyShell.java:518)
	at groovy.lang.GroovyShell.run(GroovyShell.java:507)
	at groovy.ui.GroovyMain.processOnce(GroovyMain.java:653)
	at groovy.ui.GroovyMain.run(GroovyMain.java:384)
	at groovy.ui.GroovyMain.process(GroovyMain.java:370)
	at groovy.ui.GroovyMain.processArgs(GroovyMain.java:129)
	at groovy.ui.GroovyMain.main(GroovyMain.java:109)
	at sun.reflect.NativeMethodAccessorImpl.invoke0(Native Method)
	at sun.reflect.NativeMethodAccessorImpl.invoke(NativeMethodAccessorImpl.java:62)
	at sun.reflect.DelegatingMethodAccessorImpl.invoke(DelegatingMethodAccessorImpl.java:43)
	at java.lang.reflect.Method.invoke(Method.java:498)
	at org.codehaus.groovy.tools.GroovyStarter.rootLoader(GroovyStarter.java:109)
	at org.codehaus.groovy.tools.GroovyStarter.main(GroovyStarter.java:131)
)

2018-09-25 14:19:52 - [TEST_STEP][NOT_RUN] - callTestCase: NOT_RUN: callTestCase

2018-09-25 14:19:52 - [MESSAGE][NOT_RUN] - NOT_RUN: callTestCase

2018-09-25 14:19:52 - [TEST_STEP][PASSED] - click: Object: 'Object Repository/Page_Beauty Box Subscription for Wo/svg_icon__hamburger_menu (1)' is clicked on

2018-09-25 14:19:52 - [MESSAGE][PASSED] - Object: 'Object Repository/Page_Beauty Box Subscription for Wo/svg_icon__hamburger_menu (1)' is clicked on

2018-09-25 14:19:52 - [TEST_STEP][PASSED] - waitForElementVisible: Object 'Object Repository/Page_Beauty Box Subscription for Wo/div_Collections (4)' is visible

2018-09-25 14:19:52 - [MESSAGE][WARNING] - Timeout '0' is invalid. Using default page load timeout: '90'

2018-09-25 14:19:52 - [MESSAGE][PASSED] - Object 'Object Repository/Page_Beauty Box Subscription for Wo/div_Collections (4)' is visible

2018-09-25 14:19:52 - [TEST_STEP][PASSED] - waitForElementClickable: Object 'Object Repository/Page_Beauty Box Subscription for Wo/div_Collections (4)' is clickable

2018-09-25 14:19:52 - [MESSAGE][WARNING] - Timeout '0' is invalid. Using default page load timeout: '90'

2018-09-25 14:19:53 - [MESSAGE][PASSED] - Object 'Object Repository/Page_Beauty Box Subscription for Wo/div_Collections (4)' is clickable

2018-09-25 14:19:53 - [TEST_STEP][PASSED] - click: Object: 'Object Repository/Page_Beauty Box Subscription for Wo/div_Collections (4)' is clicked on

2018-09-25 14:19:53 - [MESSAGE][PASSED] - Object: 'Object Repository/Page_Beauty Box Subscription for Wo/div_Collections (4)' is clicked on

2018-09-25 14:19:53 - [TEST_STEP][PASSED] - waitForElementClickable: Object 'Object Repository/Page_Beauty Box Subscription for Wo/div_Limited Edition Boxes' is clickable

2018-09-25 14:19:53 - [MESSAGE][WARNING] - Timeout '0' is invalid. Using default page load timeout: '90'

2018-09-25 14:19:54 - [MESSAGE][PASSED] - Object 'Object Repository/Page_Beauty Box Subscription for Wo/div_Limited Edition Boxes' is clickable

2018-09-25 14:19:54 - [TEST_STEP][PASSED] - click: Object: 'Object Repository/Page_Beauty Box Subscription for Wo/div_Limited Edition Boxes' is clicked on

2018-09-25 14:19:54 - [MESSAGE][PASSED] - Object: 'Object Repository/Page_Beauty Box Subscription for Wo/div_Limited Edition Boxes' is clicked on

2018-09-25 14:19:54 - [TEST_STEP][PASSED] - delay: Delayed 3 second(s)

2018-09-25 14:19:57 - [MESSAGE][PASSED] - Delayed 3 second(s)

2018-09-25 14:19:57 - [TEST_STEP][PASSED] - waitForElementClickable: Object 'Object Repository/Page_Shop Limited Edition Boxes/svg_ 2018 Birchbox_icon__svg__' is clickable

2018-09-25 14:19:57 - [MESSAGE][WARNING] - Timeout '0' is invalid. Using default page load timeout: '90'

2018-09-25 14:19:57 - [MESSAGE][PASSED] - Object 'Object Repository/Page_Shop Limited Edition Boxes/svg_ 2018 Birchbox_icon__svg__' is clickable

2018-09-25 14:19:57 - [TEST_STEP][PASSED] - click: Object: 'Object Repository/Page_Shop Limited Edition Boxes/svg_ 2018 Birchbox_icon__svg__' is clicked on

2018-09-25 14:19:57 - [MESSAGE][PASSED] - Object: 'Object Repository/Page_Shop Limited Edition Boxes/svg_ 2018 Birchbox_icon__svg__' is clicked on

2018-09-25 14:19:57 - [TEST_STEP][PASSED] - delay: Delayed 2 second(s)

2018-09-25 14:19:59 - [MESSAGE][PASSED] - Delayed 2 second(s)

2018-09-25 14:19:59 - [TEST_STEP][PASSED] - click: Object: 'Object Repository/Page_Beauty Box Subscription for Wo/div_Collections (4)' is clicked on

2018-09-25 14:20:00 - [MESSAGE][PASSED] - Object: 'Object Repository/Page_Beauty Box Subscription for Wo/div_Collections (4)' is clicked on

2018-09-25 14:20:00 - [TEST_STEP][PASSED] - delay: Delayed 2 second(s)

2018-09-25 14:20:02 - [MESSAGE][PASSED] - Delayed 2 second(s)

2018-09-25 14:20:02 - [TEST_STEP][PASSED] - waitForElementClickable: Object 'Object Repository/Page_Shop Limited Edition Boxes/div_Birchbox Discovery Kits' is clickable

2018-09-25 14:20:02 - [MESSAGE][WARNING] - Timeout '0' is invalid. Using default page load timeout: '90'

2018-09-25 14:20:02 - [MESSAGE][PASSED] - Object 'Object Repository/Page_Shop Limited Edition Boxes/div_Birchbox Discovery Kits' is clickable

2018-09-25 14:20:02 - [TEST_STEP][PASSED] - click: Object: 'Object Repository/Page_Shop Limited Edition Boxes/div_Birchbox Discovery Kits' is clicked on

2018-09-25 14:20:02 - [MESSAGE][PASSED] - Object: 'Object Repository/Page_Shop Limited Edition Boxes/div_Birchbox Discovery Kits' is clicked on

2018-09-25 14:20:02 - [TEST_STEP][PASSED] - delay: Delayed 2 second(s)

2018-09-25 14:20:04 - [MESSAGE][PASSED] - Delayed 2 second(s)

2018-09-25 14:20:04 - [TEST_STEP][PASSED] - waitForElementClickable: Object 'Object Repository/Page_Birchbox Discovery Kits/svg_ 2018 Birchbox_icon__svg__' is clickable

2018-09-25 14:20:04 - [MESSAGE][WARNING] - Timeout '0' is invalid. Using default page load timeout: '90'

2018-09-25 14:20:04 - [MESSAGE][PASSED] - Object 'Object Repository/Page_Birchbox Discovery Kits/svg_ 2018 Birchbox_icon__svg__' is clickable

2018-09-25 14:20:04 - [TEST_STEP][PASSED] - click: Object: 'Object Repository/Page_Birchbox Discovery Kits/svg_ 2018 Birchbox_icon__svg__' is clicked on

2018-09-25 14:20:04 - [MESSAGE][PASSED] - Object: 'Object Repository/Page_Birchbox Discovery Kits/svg_ 2018 Birchbox_icon__svg__' is clicked on

2018-09-25 14:20:04 - [TEST_STEP][PASSED] - waitForElementVisible: Object 'Object Repository/Page_Beauty Box Subscription for Wo/div_Collections (4)' is visible

2018-09-25 14:20:04 - [MESSAGE][WARNING] - Timeout '0' is invalid. Using default page load timeout: '90'

2018-09-25 14:20:04 - [MESSAGE][PASSED] - Object 'Object Repository/Page_Beauty Box Subscription for Wo/div_Collections (4)' is visible

2018-09-25 14:20:04 - [TEST_STEP][PASSED] - click: Object: 'Object Repository/Page_Beauty Box Subscription for Wo/div_Collections (4)' is clicked on

2018-09-25 14:20:05 - [MESSAGE][PASSED] - Object: 'Object Repository/Page_Beauty Box Subscription for Wo/div_Collections (4)' is clicked on

2018-09-25 14:20:05 - [TEST_STEP][PASSED] - click: Object: 'Object Repository/Page_Birchbox Discovery Kits/div_Birchbox Exclusives' is clicked on

2018-09-25 14:20:05 - [MESSAGE][PASSED] - Object: 'Object Repository/Page_Birchbox Discovery Kits/div_Birchbox Exclusives' is clicked on

2018-09-25 14:20:05 - [TEST_STEP][PASSED] - delay: Delayed 2 second(s)

2018-09-25 14:20:07 - [MESSAGE][PASSED] - Delayed 2 second(s)

2018-09-25 14:20:07 - [TEST_STEP][PASSED] - waitForElementClickable: Object 'Object Repository/Page_Shop Birchbox Exclusives/svg_ 2018 Birchbox_icon__svg__' is clickable

2018-09-25 14:20:07 - [MESSAGE][WARNING] - Timeout '0' is invalid. Using default page load timeout: '90'

2018-09-25 14:20:07 - [MESSAGE][PASSED] - Object 'Object Repository/Page_Shop Birchbox Exclusives/svg_ 2018 Birchbox_icon__svg__' is clickable

2018-09-25 14:20:07 - [TEST_STEP][PASSED] - click: Object: 'Object Repository/Page_Shop Birchbox Exclusives/svg_ 2018 Birchbox_icon__svg__' is clicked on

2018-09-25 14:20:08 - [MESSAGE][PASSED] - Object: 'Object Repository/Page_Shop Birchbox Exclusives/svg_ 2018 Birchbox_icon__svg__' is clicked on

2018-09-25 14:20:08 - [TEST_STEP][PASSED] - waitForElementVisible: Object 'Object Repository/Page_Beauty Box Subscription for Wo/div_Collections (4)' is visible

2018-09-25 14:20:08 - [MESSAGE][WARNING] - Timeout '0' is invalid. Using default page load timeout: '90'

2018-09-25 14:20:08 - [MESSAGE][PASSED] - Object 'Object Repository/Page_Beauty Box Subscription for Wo/div_Collections (4)' is visible

2018-09-25 14:20:08 - [TEST_STEP][PASSED] - click: Object: 'Object Repository/Page_Beauty Box Subscription for Wo/div_Collections (4)' is clicked on

2018-09-25 14:20:08 - [MESSAGE][PASSED] - Object: 'Object Repository/Page_Beauty Box Subscription for Wo/div_Collections (4)' is clicked on

2018-09-25 14:20:08 - [TEST_STEP][PASSED] - click: Object: 'Object Repository/Page_Shop Birchbox Exclusives/div_Best-Sellers' is clicked on

2018-09-25 14:20:09 - [MESSAGE][PASSED] - Object: 'Object Repository/Page_Shop Birchbox Exclusives/div_Best-Sellers' is clicked on

2018-09-25 14:20:09 - [TEST_STEP][PASSED] - delay: Delayed 2 second(s)

2018-09-25 14:20:11 - [MESSAGE][PASSED] - Delayed 2 second(s)

2018-09-25 14:20:11 - [TEST_STEP][PASSED] - waitForElementClickable: Object 'Object Repository/Page_Shop Best Sellers/svg_ 2018 Birchbox_icon__svg__' is clickable

2018-09-25 14:20:11 - [MESSAGE][WARNING] - Timeout '0' is invalid. Using default page load timeout: '90'

2018-09-25 14:20:11 - [MESSAGE][PASSED] - Object 'Object Repository/Page_Shop Best Sellers/svg_ 2018 Birchbox_icon__svg__' is clickable

2018-09-25 14:20:11 - [TEST_STEP][PASSED] - click: Object: 'Object Repository/Page_Shop Best Sellers/svg_ 2018 Birchbox_icon__svg__' is clicked on

2018-09-25 14:20:11 - [MESSAGE][PASSED] - Object: 'Object Repository/Page_Shop Best Sellers/svg_ 2018 Birchbox_icon__svg__' is clicked on

2018-09-25 14:20:11 - [TEST_STEP][PASSED] - waitForElementVisible: Web element with id: 'Object Repository/Page_Beauty Box Subscription for Wo/div_Collections (4)' located by 'By.xpath: //div[(text() = 'Collections' or . = 'Collections')]' not found

2018-09-25 14:20:11 - [MESSAGE][WARNING] - Timeout '0' is invalid. Using default page load timeout: '90'

2018-09-25 14:21:45 - [MESSAGE][WARNING] - Web element with id: 'Object Repository/Page_Beauty Box Subscription for Wo/div_Collections (4)' located by 'By.xpath: //div[(text() = 'Collections' or . = 'Collections')]' not found

2018-09-25 14:21:45 - [TEST_STEP][FAILED] - click: Unable to click on object 'Object Repository/Page_Beauty Box Subscription for Wo/div_Collections (4)' (Root cause: org.openqa.selenium.StaleElementReferenceException: stale element reference: element is not attached to the page document
  (Session info: chrome=69.0.3497.100)
  (Driver info: chromedriver=2.35.528161 (5b82f2d2aae0ca24b877009200ced9065a772e73),platform=Windows NT 6.1.7601 SP1 x86_64) (WARNING: The server did not provide any stacktrace information)
Command duration or timeout: 0 milliseconds
For documentation on this error, please visit: http://seleniumhq.org/exceptions/stale_element_reference.html
Build info: version: '3.7.1', revision: '8a0099a', time: '2017-11-06T21:07:36.161Z'
System info: host: 'PLEMKTPLACE-08', ip: '10.241.184.32', os.name: 'Windows 7', os.arch: 'amd64', os.version: '6.1', java.version: '1.8.0_181'
Driver info: com.kms.katalon.selenium.driver.CChromeDriver
Capabilities {acceptInsecureCerts: false, acceptSslCerts: false, applicationCacheEnabled: false, browserConnectionEnabled: false, browserName: chrome, chrome: {chromedriverVersion: 2.35.528161 (5b82f2d2aae0ca..., userDataDir: C:\Users\vbrooks\AppData\Lo...}, cssSelectorsEnabled: true, databaseEnabled: false, handlesAlerts: true, hasTouchScreen: false, javascriptEnabled: true, locationContextEnabled: true, mobileEmulationEnabled: false, nativeEvents: true, networkConnectionEnabled: false, pageLoadStrategy: normal, platform: XP, platformName: XP, rotatable: false, setWindowRect: true, takesHeapSnapshot: true, takesScreenshot: true, unexpectedAlertBehaviour: , unhandledPromptBehavior: , version: 69.0.3497.100, webStorageEnabled: true}
Session ID: ced8423c50b87970df46a860d29bd281)

2018-09-25 14:23:17 - [MESSAGE][FAILED] - Unable to click on object 'Object Repository/Page_Beauty Box Subscription for Wo/div_Collections (4)' (Root cause: org.openqa.selenium.StaleElementReferenceException: stale element reference: element is not attached to the page document
  (Session info: chrome=69.0.3497.100)
  (Driver info: chromedriver=2.35.528161 (5b82f2d2aae0ca24b877009200ced9065a772e73),platform=Windows NT 6.1.7601 SP1 x86_64) (WARNING: The server did not provide any stacktrace information)
Command duration or timeout: 0 milliseconds
For documentation on this error, please visit: http://seleniumhq.org/exceptions/stale_element_reference.html
Build info: version: '3.7.1', revision: '8a0099a', time: '2017-11-06T21:07:36.161Z'
System info: host: 'PLEMKTPLACE-08', ip: '10.241.184.32', os.name: 'Windows 7', os.arch: 'amd64', os.version: '6.1', java.version: '1.8.0_181'
Driver info: com.kms.katalon.selenium.driver.CChromeDriver
Capabilities {acceptInsecureCerts: false, acceptSslCerts: false, applicationCacheEnabled: false, browserConnectionEnabled: false, browserName: chrome, chrome: {chromedriverVersion: 2.35.528161 (5b82f2d2aae0ca..., userDataDir: C:\Users\vbrooks\AppData\Lo...}, cssSelectorsEnabled: true, databaseEnabled: false, handlesAlerts: true, hasTouchScreen: false, javascriptEnabled: true, locationContextEnabled: true, mobileEmulationEnabled: false, nativeEvents: true, networkConnectionEnabled: false, pageLoadStrategy: normal, platform: XP, platformName: XP, rotatable: false, setWindowRect: true, takesHeapSnapshot: true, takesScreenshot: true, unexpectedAlertBehaviour: , unhandledPromptBehavior: , version: 69.0.3497.100, webStorageEnabled: true}
Session ID: ced8423c50b87970df46a860d29bd281)]]></system-out>
         <system-err><![CDATA[2018-09-25 14:19:51 - [TEST_CASE][FAILED] - Test Cases/US mobile test/Test all Shop top-level categories for Womens Shop (Collections): Test Cases/US mobile test/Test all Shop top-level categories for Womens Shop (Collections) FAILED because (of) (Stack trace: com.kms.katalon.core.exception.StepFailedException: Unable to click on object 'Object Repository/Page_Beauty Box Subscription for Wo/div_Collections (4)' (Root cause: org.openqa.selenium.StaleElementReferenceException: stale element reference: element is not attached to the page document
  (Session info: chrome=69.0.3497.100)
  (Driver info: chromedriver=2.35.528161 (5b82f2d2aae0ca24b877009200ced9065a772e73),platform=Windows NT 6.1.7601 SP1 x86_64) (WARNING: The server did not provide any stacktrace information)
Command duration or timeout: 0 milliseconds
For documentation on this error, please visit: http://seleniumhq.org/exceptions/stale_element_reference.html
Build info: version: '3.7.1', revision: '8a0099a', time: '2017-11-06T21:07:36.161Z'
System info: host: 'PLEMKTPLACE-08', ip: '10.241.184.32', os.name: 'Windows 7', os.arch: 'amd64', os.version: '6.1', java.version: '1.8.0_181'
Driver info: com.kms.katalon.selenium.driver.CChromeDriver
Capabilities {acceptInsecureCerts: false, acceptSslCerts: false, applicationCacheEnabled: false, browserConnectionEnabled: false, browserName: chrome, chrome: {chromedriverVersion: 2.35.528161 (5b82f2d2aae0ca..., userDataDir: C:\Users\vbrooks\AppData\Lo...}, cssSelectorsEnabled: true, databaseEnabled: false, handlesAlerts: true, hasTouchScreen: false, javascriptEnabled: true, locationContextEnabled: true, mobileEmulationEnabled: false, nativeEvents: true, networkConnectionEnabled: false, pageLoadStrategy: normal, platform: XP, platformName: XP, rotatable: false, setWindowRect: true, takesHeapSnapshot: true, takesScreenshot: true, unexpectedAlertBehaviour: , unhandledPromptBehavior: , version: 69.0.3497.100, webStorageEnabled: true}
Session ID: ced8423c50b87970df46a860d29bd281)
	at com.kms.katalon.core.keyword.internal.KeywordMain.stepFailed(KeywordMain.groovy:36)
	at com.kms.katalon.core.webui.keyword.internal.WebUIKeywordMain.stepFailed(WebUIKeywordMain.groovy:65)
	at com.kms.katalon.core.webui.keyword.internal.WebUIKeywordMain.runKeyword(WebUIKeywordMain.groovy:27)
	at com.kms.katalon.core.webui.keyword.builtin.ClickKeyword.click(ClickKeyword.groovy:86)
	at com.kms.katalon.core.webui.keyword.builtin.ClickKeyword.execute(ClickKeyword.groovy:67)
	at com.kms.katalon.core.keyword.internal.KeywordExecutor.executeKeywordForPlatform(KeywordExecutor.groovy:53)
	at com.kms.katalon.core.webui.keyword.WebUiBuiltInKeywords.click(WebUiBuiltInKeywords.groovy:616)
	at com.kms.katalon.core.webui.keyword.WebUiBuiltInKeywords$click$4.call(Unknown Source)
	at org.codehaus.groovy.runtime.callsite.CallSiteArray.defaultCall(CallSiteArray.java:48)
	at org.codehaus.groovy.runtime.callsite.AbstractCallSite.call(AbstractCallSite.java:113)
	at org.codehaus.groovy.runtime.callsite.AbstractCallSite.call(AbstractCallSite.java:125)
	at Script1536614233195.run(Script1536614233195.groovy:82)
	at com.kms.katalon.core.main.ScriptEngine.run(ScriptEngine.java:183)
	at com.kms.katalon.core.main.ScriptEngine.runScriptAsRawText(ScriptEngine.java:108)
	at com.kms.katalon.core.main.TestCaseExecutor.runScript(TestCaseExecutor.java:294)
	at com.kms.katalon.core.main.TestCaseExecutor.doExecute(TestCaseExecutor.java:285)
	at com.kms.katalon.core.main.TestCaseExecutor.processExecutionPhase(TestCaseExecutor.java:264)
	at com.kms.katalon.core.main.TestCaseExecutor.accessMainPhase(TestCaseExecutor.java:256)
	at com.kms.katalon.core.main.TestCaseExecutor.execute(TestCaseExecutor.java:200)
	at com.kms.katalon.core.main.TestSuiteExecutor.accessTestCaseMainPhase(TestSuiteExecutor.java:129)
	at com.kms.katalon.core.main.TestSuiteExecutor.accessTestSuiteMainPhase(TestSuiteExecutor.java:112)
	at com.kms.katalon.core.main.TestSuiteExecutor.execute(TestSuiteExecutor.java:81)
	at com.kms.katalon.core.main.TestCaseMain.startTestSuite(TestCaseMain.java:142)
	at com.kms.katalon.core.main.TestCaseMain$startTestSuite$0.call(Unknown Source)
	at org.codehaus.groovy.runtime.callsite.CallSiteArray.defaultCall(CallSiteArray.java:48)
	at org.codehaus.groovy.runtime.callsite.AbstractCallSite.call(AbstractCallSite.java:113)
	at org.codehaus.groovy.runtime.callsite.AbstractCallSite.call(AbstractCallSite.java:141)
	at TempTestSuite1537910370531.run(TempTestSuite1537910370531.groovy:36)
	at groovy.lang.GroovyShell.runScriptOrMainOrTestOrRunnable(GroovyShell.java:263)
	at groovy.lang.GroovyShell.run(GroovyShell.java:518)
	at groovy.lang.GroovyShell.run(GroovyShell.java:507)
	at groovy.ui.GroovyMain.processOnce(GroovyMain.java:653)
	at groovy.ui.GroovyMain.run(GroovyMain.java:384)
	at groovy.ui.GroovyMain.process(GroovyMain.java:370)
	at groovy.ui.GroovyMain.processArgs(GroovyMain.java:129)
	at groovy.ui.GroovyMain.main(GroovyMain.java:109)
	at sun.reflect.NativeMethodAccessorImpl.invoke0(Native Method)
	at sun.reflect.NativeMethodAccessorImpl.invoke(NativeMethodAccessorImpl.java:62)
	at sun.reflect.DelegatingMethodAccessorImpl.invoke(DelegatingMethodAccessorImpl.java:43)
	at java.lang.reflect.Method.invoke(Method.java:498)
	at org.codehaus.groovy.tools.GroovyStarter.rootLoader(GroovyStarter.java:109)
	at org.codehaus.groovy.tools.GroovyStarter.main(GroovyStarter.java:131)
)]]></system-err>
      </testcase>
      <testcase name="Test Cases/US mobile test/Test all Shop top-level categories for Womens Shop (Makeup)" classname="Test Cases/US mobile test/Test all Shop top-level categories for Womens Shop (Makeup)" status="PASSED">
         <system-out><![CDATA[2018-09-25 14:23:17 - [TEST_CASE][PASSED] - Test Cases/US mobile test/Test all Shop top-level categories for Womens Shop (Makeup): Test Cases/US mobile test/Test all Shop top-level categories for Womens Shop (Makeup)

2018-09-25 14:23:18 - [TEST_STEP][NOT_RUN] - callTestCase: NOT_RUN: callTestCase

2018-09-25 14:23:18 - [MESSAGE][NOT_RUN] - NOT_RUN: callTestCase

2018-09-25 14:23:18 - [TEST_STEP][PASSED] - delay: Delayed 2 second(s)

2018-09-25 14:23:20 - [MESSAGE][PASSED] - Delayed 2 second(s)

2018-09-25 14:23:20 - [TEST_STEP][PASSED] - waitForElementClickable: Object 'Object Repository/Page_Shop Whats New/svg_ 2018 Birchbox_icon__svg__' is clickable

2018-09-25 14:23:20 - [MESSAGE][WARNING] - Timeout '0' is invalid. Using default page load timeout: '90'

2018-09-25 14:23:20 - [MESSAGE][PASSED] - Object 'Object Repository/Page_Shop Whats New/svg_ 2018 Birchbox_icon__svg__' is clickable

2018-09-25 14:23:20 - [TEST_STEP][PASSED] - click: Object: 'Object Repository/Page_Shop Whats New/svg_ 2018 Birchbox_icon__svg__' is clicked on

2018-09-25 14:23:20 - [MESSAGE][PASSED] - Object: 'Object Repository/Page_Shop Whats New/svg_ 2018 Birchbox_icon__svg__' is clicked on

2018-09-25 14:23:20 - [TEST_STEP][PASSED] - waitForElementVisible: Object 'Object Repository/Page_Shop Whats New/div_Makeup' is visible

2018-09-25 14:23:20 - [MESSAGE][WARNING] - Timeout '0' is invalid. Using default page load timeout: '90'

2018-09-25 14:23:20 - [MESSAGE][PASSED] - Object 'Object Repository/Page_Shop Whats New/div_Makeup' is visible

2018-09-25 14:23:20 - [TEST_STEP][PASSED] - waitForElementClickable: Object 'Object Repository/Page_Shop Whats New/div_Makeup' is clickable

2018-09-25 14:23:20 - [MESSAGE][WARNING] - Timeout '0' is invalid. Using default page load timeout: '90'

2018-09-25 14:23:21 - [MESSAGE][PASSED] - Object 'Object Repository/Page_Shop Whats New/div_Makeup' is clickable

2018-09-25 14:23:21 - [TEST_STEP][PASSED] - click: Object: 'Object Repository/Page_Shop Whats New/div_Makeup' is clicked on

2018-09-25 14:23:21 - [MESSAGE][PASSED] - Object: 'Object Repository/Page_Shop Whats New/div_Makeup' is clicked on

2018-09-25 14:23:21 - [TEST_STEP][PASSED] - click: Object: 'Object Repository/Page_Shop Whats New/div_Complexion' is clicked on

2018-09-25 14:23:22 - [MESSAGE][PASSED] - Object: 'Object Repository/Page_Shop Whats New/div_Complexion' is clicked on

2018-09-25 14:23:22 - [TEST_STEP][PASSED] - delay: Delayed 1 second(s)

2018-09-25 14:23:23 - [MESSAGE][PASSED] - Delayed 1 second(s)

2018-09-25 14:23:23 - [TEST_STEP][PASSED] - waitForElementVisible: Object 'Object Repository/Page_Beauty Box Subscription for Wo/a_Tinted Moisturizers  BBCC Cr' is visible

2018-09-25 14:23:23 - [MESSAGE][WARNING] - Timeout '0' is invalid. Using default page load timeout: '90'

2018-09-25 14:23:23 - [MESSAGE][PASSED] - Object 'Object Repository/Page_Beauty Box Subscription for Wo/a_Tinted Moisturizers  BBCC Cr' is visible

2018-09-25 14:23:23 - [TEST_STEP][PASSED] - waitForElementClickable: Object 'Object Repository/Page_Beauty Box Subscription for Wo/a_Tinted Moisturizers  BBCC Cr' is clickable

2018-09-25 14:23:23 - [MESSAGE][WARNING] - Timeout '0' is invalid. Using default page load timeout: '90'

2018-09-25 14:23:24 - [MESSAGE][PASSED] - Object 'Object Repository/Page_Beauty Box Subscription for Wo/a_Tinted Moisturizers  BBCC Cr' is clickable

2018-09-25 14:23:24 - [TEST_STEP][PASSED] - click: Object: 'Object Repository/Page_Beauty Box Subscription for Wo/a_Tinted Moisturizers  BBCC Cr' is clicked on

2018-09-25 14:23:24 - [MESSAGE][PASSED] - Object: 'Object Repository/Page_Beauty Box Subscription for Wo/a_Tinted Moisturizers  BBCC Cr' is clicked on

2018-09-25 14:23:24 - [TEST_STEP][PASSED] - delay: Delayed 2 second(s)

2018-09-25 14:23:26 - [MESSAGE][PASSED] - Delayed 2 second(s)

2018-09-25 14:23:26 - [TEST_STEP][PASSED] - click: Object: 'Object Repository/Page_Shop Tinted Moisturizers  BBCC/svg_ 2018 Birchbox_icon__svg__' is clicked on

2018-09-25 14:23:26 - [MESSAGE][PASSED] - Object: 'Object Repository/Page_Shop Tinted Moisturizers  BBCC/svg_ 2018 Birchbox_icon__svg__' is clicked on

2018-09-25 14:23:26 - [TEST_STEP][PASSED] - delay: Delayed 2 second(s)

2018-09-25 14:23:28 - [MESSAGE][PASSED] - Delayed 2 second(s)

2018-09-25 14:23:28 - [TEST_STEP][PASSED] - waitForElementVisible: Object 'Object Repository/Page_Shop Whats New/div_Makeup' is visible

2018-09-25 14:23:28 - [MESSAGE][WARNING] - Timeout '0' is invalid. Using default page load timeout: '90'

2018-09-25 14:23:28 - [MESSAGE][PASSED] - Object 'Object Repository/Page_Shop Whats New/div_Makeup' is visible

2018-09-25 14:23:28 - [TEST_STEP][PASSED] - waitForElementClickable: Object 'Object Repository/Page_Shop Whats New/div_Makeup' is clickable

2018-09-25 14:23:28 - [MESSAGE][WARNING] - Timeout '0' is invalid. Using default page load timeout: '90'

2018-09-25 14:23:28 - [MESSAGE][PASSED] - Object 'Object Repository/Page_Shop Whats New/div_Makeup' is clickable

2018-09-25 14:23:28 - [TEST_STEP][PASSED] - click: Object: 'Object Repository/Page_Shop Tinted Moisturizers  BBCC/div_Makeup' is clicked on

2018-09-25 14:23:28 - [MESSAGE][PASSED] - Object: 'Object Repository/Page_Shop Tinted Moisturizers  BBCC/div_Makeup' is clicked on

2018-09-25 14:23:28 - [TEST_STEP][PASSED] - delay: Delayed 1 second(s)

2018-09-25 14:23:29 - [MESSAGE][PASSED] - Delayed 1 second(s)

2018-09-25 14:23:29 - [TEST_STEP][PASSED] - click: Object: 'Object Repository/Page_Shop Tinted Moisturizers  BBCC/div_Complexion' is clicked on

2018-09-25 14:23:30 - [MESSAGE][PASSED] - Object: 'Object Repository/Page_Shop Tinted Moisturizers  BBCC/div_Complexion' is clicked on

2018-09-25 14:23:30 - [TEST_STEP][PASSED] - delay: Delayed 1 second(s)

2018-09-25 14:23:31 - [MESSAGE][PASSED] - Delayed 1 second(s)

2018-09-25 14:23:31 - [TEST_STEP][PASSED] - waitForElementVisible: Object 'Object Repository/Page_Beauty Box Subscription for Wo/a_Foundations' is visible

2018-09-25 14:23:31 - [MESSAGE][WARNING] - Timeout '0' is invalid. Using default page load timeout: '90'

2018-09-25 14:23:31 - [MESSAGE][PASSED] - Object 'Object Repository/Page_Beauty Box Subscription for Wo/a_Foundations' is visible

2018-09-25 14:23:31 - [TEST_STEP][PASSED] - waitForElementClickable: Object 'Object Repository/Page_Beauty Box Subscription for Wo/a_Foundations' is clickable

2018-09-25 14:23:31 - [MESSAGE][WARNING] - Timeout '0' is invalid. Using default page load timeout: '90'

2018-09-25 14:23:31 - [MESSAGE][PASSED] - Object 'Object Repository/Page_Beauty Box Subscription for Wo/a_Foundations' is clickable

2018-09-25 14:23:31 - [TEST_STEP][PASSED] - click: Object: 'Object Repository/Page_Beauty Box Subscription for Wo/a_Foundations' is clicked on

2018-09-25 14:23:31 - [MESSAGE][PASSED] - Object: 'Object Repository/Page_Beauty Box Subscription for Wo/a_Foundations' is clicked on

2018-09-25 14:23:31 - [TEST_STEP][PASSED] - delay: Delayed 2 second(s)

2018-09-25 14:23:33 - [MESSAGE][PASSED] - Delayed 2 second(s)

2018-09-25 14:23:33 - [TEST_STEP][PASSED] - click: Object: 'Object Repository/Page_Shop Makeup Foundations/svg_ 2018 Birchbox_icon__svg__' is clicked on

2018-09-25 14:23:34 - [MESSAGE][PASSED] - Object: 'Object Repository/Page_Shop Makeup Foundations/svg_ 2018 Birchbox_icon__svg__' is clicked on

2018-09-25 14:23:34 - [TEST_STEP][PASSED] - waitForElementVisible: Object 'Object Repository/Page_Shop Whats New/div_Makeup' is visible

2018-09-25 14:23:34 - [MESSAGE][WARNING] - Timeout '0' is invalid. Using default page load timeout: '90'

2018-09-25 14:23:34 - [MESSAGE][PASSED] - Object 'Object Repository/Page_Shop Whats New/div_Makeup' is visible

2018-09-25 14:23:34 - [TEST_STEP][PASSED] - waitForElementClickable: Object 'Object Repository/Page_Shop Whats New/div_Makeup' is clickable

2018-09-25 14:23:34 - [MESSAGE][WARNING] - Timeout '0' is invalid. Using default page load timeout: '90'

2018-09-25 14:23:34 - [MESSAGE][PASSED] - Object 'Object Repository/Page_Shop Whats New/div_Makeup' is clickable

2018-09-25 14:23:34 - [TEST_STEP][PASSED] - click: Object: 'Object Repository/Page_Shop Makeup Foundations/div_Makeup' is clicked on

2018-09-25 14:23:35 - [MESSAGE][PASSED] - Object: 'Object Repository/Page_Shop Makeup Foundations/div_Makeup' is clicked on

2018-09-25 14:23:35 - [TEST_STEP][PASSED] - click: Object: 'Object Repository/Page_Shop Makeup Foundations/div_Complexion' is clicked on

2018-09-25 14:23:35 - [MESSAGE][PASSED] - Object: 'Object Repository/Page_Shop Makeup Foundations/div_Complexion' is clicked on

2018-09-25 14:23:35 - [TEST_STEP][PASSED] - delay: Delayed 1 second(s)

2018-09-25 14:23:36 - [MESSAGE][PASSED] - Delayed 1 second(s)

2018-09-25 14:23:36 - [TEST_STEP][PASSED] - waitForElementVisible: Object 'Object Repository/Page_Beauty Box Subscription for Wo/a_Concealers' is visible

2018-09-25 14:23:36 - [MESSAGE][WARNING] - Timeout '0' is invalid. Using default page load timeout: '90'

2018-09-25 14:23:36 - [MESSAGE][PASSED] - Object 'Object Repository/Page_Beauty Box Subscription for Wo/a_Concealers' is visible

2018-09-25 14:23:36 - [TEST_STEP][PASSED] - waitForElementClickable: Object 'Object Repository/Page_Beauty Box Subscription for Wo/a_Concealers' is clickable

2018-09-25 14:23:36 - [MESSAGE][WARNING] - Timeout '0' is invalid. Using default page load timeout: '90'

2018-09-25 14:23:36 - [MESSAGE][PASSED] - Object 'Object Repository/Page_Beauty Box Subscription for Wo/a_Concealers' is clickable

2018-09-25 14:23:36 - [TEST_STEP][PASSED] - click: Object: 'Object Repository/Page_Beauty Box Subscription for Wo/a_Concealers' is clicked on

2018-09-25 14:23:37 - [MESSAGE][PASSED] - Object: 'Object Repository/Page_Beauty Box Subscription for Wo/a_Concealers' is clicked on

2018-09-25 14:23:37 - [TEST_STEP][PASSED] - delay: Delayed 2 second(s)

2018-09-25 14:23:39 - [MESSAGE][PASSED] - Delayed 2 second(s)

2018-09-25 14:23:39 - [TEST_STEP][PASSED] - click: Object: 'Object Repository/Page_Shop Makeup Concealers/svg_ 2018 Birchbox_icon__svg__' is clicked on

2018-09-25 14:23:39 - [MESSAGE][PASSED] - Object: 'Object Repository/Page_Shop Makeup Concealers/svg_ 2018 Birchbox_icon__svg__' is clicked on

2018-09-25 14:23:39 - [TEST_STEP][PASSED] - waitForElementVisible: Object 'Object Repository/Page_Shop Whats New/div_Makeup' is visible

2018-09-25 14:23:39 - [MESSAGE][WARNING] - Timeout '0' is invalid. Using default page load timeout: '90'

2018-09-25 14:23:39 - [MESSAGE][PASSED] - Object 'Object Repository/Page_Shop Whats New/div_Makeup' is visible

2018-09-25 14:23:39 - [TEST_STEP][PASSED] - waitForElementClickable: Object 'Object Repository/Page_Shop Whats New/div_Makeup' is clickable

2018-09-25 14:23:39 - [MESSAGE][WARNING] - Timeout '0' is invalid. Using default page load timeout: '90'

2018-09-25 14:23:39 - [MESSAGE][PASSED] - Object 'Object Repository/Page_Shop Whats New/div_Makeup' is clickable

2018-09-25 14:23:39 - [TEST_STEP][PASSED] - click: Object: 'Object Repository/Page_Shop Makeup Concealers/div_Makeup' is clicked on

2018-09-25 14:23:40 - [MESSAGE][PASSED] - Object: 'Object Repository/Page_Shop Makeup Concealers/div_Makeup' is clicked on

2018-09-25 14:23:40 - [TEST_STEP][PASSED] - click: Object: 'Object Repository/Page_Shop Makeup Concealers/div_Complexion' is clicked on

2018-09-25 14:23:40 - [MESSAGE][PASSED] - Object: 'Object Repository/Page_Shop Makeup Concealers/div_Complexion' is clicked on

2018-09-25 14:23:40 - [TEST_STEP][PASSED] - delay: Delayed 1 second(s)

2018-09-25 14:23:41 - [MESSAGE][PASSED] - Delayed 1 second(s)

2018-09-25 14:23:41 - [TEST_STEP][PASSED] - waitForElementVisible: Object 'Object Repository/Page_Beauty Box Subscription for Wo/a_Primers' is visible

2018-09-25 14:23:41 - [MESSAGE][WARNING] - Timeout '0' is invalid. Using default page load timeout: '90'

2018-09-25 14:23:41 - [MESSAGE][PASSED] - Object 'Object Repository/Page_Beauty Box Subscription for Wo/a_Primers' is visible

2018-09-25 14:23:41 - [TEST_STEP][PASSED] - waitForElementClickable: Object 'Object Repository/Page_Beauty Box Subscription for Wo/a_Primers' is clickable

2018-09-25 14:23:41 - [MESSAGE][WARNING] - Timeout '0' is invalid. Using default page load timeout: '90'

2018-09-25 14:23:41 - [MESSAGE][PASSED] - Object 'Object Repository/Page_Beauty Box Subscription for Wo/a_Primers' is clickable

2018-09-25 14:23:41 - [TEST_STEP][PASSED] - click: Object: 'Object Repository/Page_Beauty Box Subscription for Wo/a_Primers' is clicked on

2018-09-25 14:23:41 - [MESSAGE][PASSED] - Object: 'Object Repository/Page_Beauty Box Subscription for Wo/a_Primers' is clicked on

2018-09-25 14:23:41 - [TEST_STEP][PASSED] - delay: Delayed 2 second(s)

2018-09-25 14:23:43 - [MESSAGE][PASSED] - Delayed 2 second(s)

2018-09-25 14:23:43 - [TEST_STEP][PASSED] - click: Object: 'Object Repository/Page_Shop Makeup Primers/svg_ 2018 Birchbox_icon__svg__' is clicked on

2018-09-25 14:23:44 - [MESSAGE][PASSED] - Object: 'Object Repository/Page_Shop Makeup Primers/svg_ 2018 Birchbox_icon__svg__' is clicked on

2018-09-25 14:23:44 - [TEST_STEP][PASSED] - waitForElementVisible: Object 'Object Repository/Page_Shop Whats New/div_Makeup' is visible

2018-09-25 14:23:44 - [MESSAGE][WARNING] - Timeout '0' is invalid. Using default page load timeout: '90'

2018-09-25 14:23:44 - [MESSAGE][PASSED] - Object 'Object Repository/Page_Shop Whats New/div_Makeup' is visible

2018-09-25 14:23:44 - [TEST_STEP][PASSED] - waitForElementClickable: Object 'Object Repository/Page_Shop Whats New/div_Makeup' is clickable

2018-09-25 14:23:44 - [MESSAGE][WARNING] - Timeout '0' is invalid. Using default page load timeout: '90'

2018-09-25 14:23:44 - [MESSAGE][PASSED] - Object 'Object Repository/Page_Shop Whats New/div_Makeup' is clickable

2018-09-25 14:23:44 - [TEST_STEP][PASSED] - click: Object: 'Object Repository/Page_Shop Makeup Primers/div_Makeup' is clicked on

2018-09-25 14:23:45 - [MESSAGE][PASSED] - Object: 'Object Repository/Page_Shop Makeup Primers/div_Makeup' is clicked on

2018-09-25 14:23:45 - [TEST_STEP][PASSED] - waitForElementVisible: Object 'Object Repository/Page_Shop Makeup Primers/div_Complexion' is visible

2018-09-25 14:23:45 - [MESSAGE][WARNING] - Timeout '0' is invalid. Using default page load timeout: '90'

2018-09-25 14:23:45 - [MESSAGE][PASSED] - Object 'Object Repository/Page_Shop Makeup Primers/div_Complexion' is visible

2018-09-25 14:23:45 - [TEST_STEP][PASSED] - waitForElementClickable: Object 'Object Repository/Page_Shop Makeup Primers/div_Complexion' is clickable

2018-09-25 14:23:45 - [MESSAGE][WARNING] - Timeout '0' is invalid. Using default page load timeout: '90'

2018-09-25 14:23:45 - [MESSAGE][PASSED] - Object 'Object Repository/Page_Shop Makeup Primers/div_Complexion' is clickable

2018-09-25 14:23:45 - [TEST_STEP][PASSED] - click: Object: 'Object Repository/Page_Shop Makeup Primers/div_Complexion' is clicked on

2018-09-25 14:23:45 - [MESSAGE][PASSED] - Object: 'Object Repository/Page_Shop Makeup Primers/div_Complexion' is clicked on

2018-09-25 14:23:45 - [TEST_STEP][PASSED] - delay: Delayed 2 second(s)

2018-09-25 14:23:47 - [MESSAGE][PASSED] - Delayed 2 second(s)

2018-09-25 14:23:47 - [TEST_STEP][PASSED] - waitForElementVisible: Object 'Object Repository/Page_Beauty Box Subscription for Wo/a_Color-Correcting' is visible

2018-09-25 14:23:47 - [MESSAGE][WARNING] - Timeout '0' is invalid. Using default page load timeout: '90'

2018-09-25 14:23:48 - [MESSAGE][PASSED] - Object 'Object Repository/Page_Beauty Box Subscription for Wo/a_Color-Correcting' is visible

2018-09-25 14:23:48 - [TEST_STEP][PASSED] - waitForElementClickable: Object 'Object Repository/Page_Beauty Box Subscription for Wo/a_Color-Correcting' is clickable

2018-09-25 14:23:48 - [MESSAGE][WARNING] - Timeout '0' is invalid. Using default page load timeout: '90'

2018-09-25 14:23:48 - [MESSAGE][PASSED] - Object 'Object Repository/Page_Beauty Box Subscription for Wo/a_Color-Correcting' is clickable

2018-09-25 14:23:48 - [TEST_STEP][PASSED] - click: Object: 'Object Repository/Page_Beauty Box Subscription for Wo/a_Color-Correcting' is clicked on

2018-09-25 14:23:48 - [MESSAGE][PASSED] - Object: 'Object Repository/Page_Beauty Box Subscription for Wo/a_Color-Correcting' is clicked on

2018-09-25 14:23:48 - [TEST_STEP][PASSED] - delay: Delayed 2 second(s)

2018-09-25 14:23:50 - [MESSAGE][PASSED] - Delayed 2 second(s)

2018-09-25 14:23:50 - [TEST_STEP][PASSED] - click: Object: 'Object Repository/Page_Shop Color-Correcting Makeup/svg_ 2018 Birchbox_icon__svg__' is clicked on

2018-09-25 14:23:50 - [MESSAGE][PASSED] - Object: 'Object Repository/Page_Shop Color-Correcting Makeup/svg_ 2018 Birchbox_icon__svg__' is clicked on

2018-09-25 14:23:50 - [TEST_STEP][PASSED] - waitForElementVisible: Object 'Object Repository/Page_Shop Whats New/div_Makeup' is visible

2018-09-25 14:23:50 - [MESSAGE][WARNING] - Timeout '0' is invalid. Using default page load timeout: '90'

2018-09-25 14:23:50 - [MESSAGE][PASSED] - Object 'Object Repository/Page_Shop Whats New/div_Makeup' is visible

2018-09-25 14:23:50 - [TEST_STEP][PASSED] - waitForElementClickable: Object 'Object Repository/Page_Shop Whats New/div_Makeup' is clickable

2018-09-25 14:23:50 - [MESSAGE][WARNING] - Timeout '0' is invalid. Using default page load timeout: '90'

2018-09-25 14:23:51 - [MESSAGE][PASSED] - Object 'Object Repository/Page_Shop Whats New/div_Makeup' is clickable

2018-09-25 14:23:51 - [TEST_STEP][PASSED] - click: Object: 'Object Repository/Page_Shop Color-Correcting Makeup/div_Makeup' is clicked on

2018-09-25 14:23:51 - [MESSAGE][PASSED] - Object: 'Object Repository/Page_Shop Color-Correcting Makeup/div_Makeup' is clicked on

2018-09-25 14:23:51 - [TEST_STEP][PASSED] - click: Object: 'Object Repository/Page_Shop Color-Correcting Makeup/div_Complexion' is clicked on

2018-09-25 14:23:51 - [MESSAGE][PASSED] - Object: 'Object Repository/Page_Shop Color-Correcting Makeup/div_Complexion' is clicked on

2018-09-25 14:23:51 - [TEST_STEP][PASSED] - delay: Delayed 1 second(s)

2018-09-25 14:23:52 - [MESSAGE][PASSED] - Delayed 1 second(s)

2018-09-25 14:23:52 - [TEST_STEP][PASSED] - waitForElementVisible: Object 'Object Repository/Page_Beauty Box Subscription for Wo/a_Setting Sprays  Powders' is visible

2018-09-25 14:23:52 - [MESSAGE][WARNING] - Timeout '0' is invalid. Using default page load timeout: '90'

2018-09-25 14:23:53 - [MESSAGE][PASSED] - Object 'Object Repository/Page_Beauty Box Subscription for Wo/a_Setting Sprays  Powders' is visible

2018-09-25 14:23:53 - [TEST_STEP][PASSED] - verifyElementClickable: Object 'Object Repository/Page_Beauty Box Subscription for Wo/a_Setting Sprays  Powders' is clickable

2018-09-25 14:23:53 - [MESSAGE][PASSED] - Object 'Object Repository/Page_Beauty Box Subscription for Wo/a_Setting Sprays  Powders' is clickable

2018-09-25 14:23:53 - [TEST_STEP][PASSED] - click: Object: 'Object Repository/Page_Beauty Box Subscription for Wo/a_Setting Sprays  Powders' is clicked on

2018-09-25 14:23:53 - [MESSAGE][PASSED] - Object: 'Object Repository/Page_Beauty Box Subscription for Wo/a_Setting Sprays  Powders' is clicked on

2018-09-25 14:23:53 - [TEST_STEP][PASSED] - delay: Delayed 2 second(s)

2018-09-25 14:23:55 - [MESSAGE][PASSED] - Delayed 2 second(s)

2018-09-25 14:23:55 - [TEST_STEP][PASSED] - click: Object: 'Object Repository/Page_Shop Makeup Setting Sprays and/svg_ 2018 Birchbox_icon__svg__' is clicked on

2018-09-25 14:23:55 - [MESSAGE][PASSED] - Object: 'Object Repository/Page_Shop Makeup Setting Sprays and/svg_ 2018 Birchbox_icon__svg__' is clicked on

2018-09-25 14:23:55 - [TEST_STEP][PASSED] - waitForElementVisible: Object 'Object Repository/Page_Shop Whats New/div_Makeup' is visible

2018-09-25 14:23:55 - [MESSAGE][WARNING] - Timeout '0' is invalid. Using default page load timeout: '90'

2018-09-25 14:23:55 - [MESSAGE][PASSED] - Object 'Object Repository/Page_Shop Whats New/div_Makeup' is visible

2018-09-25 14:23:55 - [TEST_STEP][PASSED] - waitForElementClickable: Object 'Object Repository/Page_Shop Whats New/div_Makeup' is clickable

2018-09-25 14:23:55 - [MESSAGE][WARNING] - Timeout '0' is invalid. Using default page load timeout: '90'

2018-09-25 14:23:56 - [MESSAGE][PASSED] - Object 'Object Repository/Page_Shop Whats New/div_Makeup' is clickable

2018-09-25 14:23:56 - [TEST_STEP][PASSED] - click: Object: 'Object Repository/Page_Shop Makeup Setting Sprays and/div_Makeup' is clicked on

2018-09-25 14:23:56 - [MESSAGE][PASSED] - Object: 'Object Repository/Page_Shop Makeup Setting Sprays and/div_Makeup' is clicked on

2018-09-25 14:23:56 - [TEST_STEP][PASSED] - click: Object: 'Object Repository/Page_Shop Makeup Setting Sprays and/div_Complexion' is clicked on

2018-09-25 14:23:56 - [MESSAGE][PASSED] - Object: 'Object Repository/Page_Shop Makeup Setting Sprays and/div_Complexion' is clicked on

2018-09-25 14:23:56 - [TEST_STEP][PASSED] - delay: Delayed 1 second(s)

2018-09-25 14:23:57 - [MESSAGE][PASSED] - Delayed 1 second(s)

2018-09-25 14:23:57 - [TEST_STEP][PASSED] - waitForElementVisible: Object 'Object Repository/Page_Beauty Box Subscription for Wo/a_Complexion Sets  Palettes' is visible

2018-09-25 14:23:57 - [MESSAGE][WARNING] - Timeout '0' is invalid. Using default page load timeout: '90'

2018-09-25 14:23:57 - [MESSAGE][PASSED] - Object 'Object Repository/Page_Beauty Box Subscription for Wo/a_Complexion Sets  Palettes' is visible

2018-09-25 14:23:57 - [TEST_STEP][PASSED] - waitForElementClickable: Object 'Object Repository/Page_Beauty Box Subscription for Wo/a_Complexion Sets  Palettes' is clickable

2018-09-25 14:23:57 - [MESSAGE][WARNING] - Timeout '0' is invalid. Using default page load timeout: '90'

2018-09-25 14:23:58 - [MESSAGE][PASSED] - Object 'Object Repository/Page_Beauty Box Subscription for Wo/a_Complexion Sets  Palettes' is clickable

2018-09-25 14:23:58 - [TEST_STEP][PASSED] - click: Object: 'Object Repository/Page_Beauty Box Subscription for Wo/a_Complexion Sets  Palettes' is clicked on

2018-09-25 14:23:58 - [MESSAGE][PASSED] - Object: 'Object Repository/Page_Beauty Box Subscription for Wo/a_Complexion Sets  Palettes' is clicked on

2018-09-25 14:23:58 - [TEST_STEP][PASSED] - delay: Delayed 2 second(s)

2018-09-25 14:24:00 - [MESSAGE][PASSED] - Delayed 2 second(s)

2018-09-25 14:24:00 - [TEST_STEP][PASSED] - click: Object: 'Object Repository/Page_Shop Makeup Complexion Sets  M/svg_ 2018 Birchbox_icon__svg__' is clicked on

2018-09-25 14:24:00 - [MESSAGE][PASSED] - Object: 'Object Repository/Page_Shop Makeup Complexion Sets  M/svg_ 2018 Birchbox_icon__svg__' is clicked on

2018-09-25 14:24:00 - [TEST_STEP][PASSED] - waitForElementVisible: Object 'Object Repository/Page_Shop Whats New/div_Makeup' is visible

2018-09-25 14:24:00 - [MESSAGE][WARNING] - Timeout '0' is invalid. Using default page load timeout: '90'

2018-09-25 14:24:00 - [MESSAGE][PASSED] - Object 'Object Repository/Page_Shop Whats New/div_Makeup' is visible

2018-09-25 14:24:00 - [TEST_STEP][PASSED] - waitForElementClickable: Object 'Object Repository/Page_Shop Whats New/div_Makeup' is clickable

2018-09-25 14:24:00 - [MESSAGE][WARNING] - Timeout '0' is invalid. Using default page load timeout: '90'

2018-09-25 14:24:00 - [MESSAGE][PASSED] - Object 'Object Repository/Page_Shop Whats New/div_Makeup' is clickable

2018-09-25 14:24:00 - [TEST_STEP][PASSED] - click: Object: 'Object Repository/Page_Shop Makeup Complexion Sets  M/div_Makeup' is clicked on

2018-09-25 14:24:01 - [MESSAGE][PASSED] - Object: 'Object Repository/Page_Shop Makeup Complexion Sets  M/div_Makeup' is clicked on

2018-09-25 14:24:01 - [TEST_STEP][PASSED] - click: Object: 'Object Repository/Page_Shop Makeup Complexion Sets  M/div_Eye' is clicked on

2018-09-25 14:24:01 - [MESSAGE][PASSED] - Object: 'Object Repository/Page_Shop Makeup Complexion Sets  M/div_Eye' is clicked on

2018-09-25 14:24:01 - [TEST_STEP][PASSED] - waitForElementVisible: Object 'Object Repository/Page_Beauty Box Subscription for Wo/a_Mascaras' is visible

2018-09-25 14:24:01 - [MESSAGE][WARNING] - Timeout '0' is invalid. Using default page load timeout: '90'

2018-09-25 14:24:02 - [MESSAGE][PASSED] - Object 'Object Repository/Page_Beauty Box Subscription for Wo/a_Mascaras' is visible

2018-09-25 14:24:02 - [TEST_STEP][PASSED] - waitForElementClickable: Object 'Object Repository/Page_Beauty Box Subscription for Wo/a_Mascaras' is clickable

2018-09-25 14:24:02 - [MESSAGE][WARNING] - Timeout '0' is invalid. Using default page load timeout: '90'

2018-09-25 14:24:03 - [MESSAGE][PASSED] - Object 'Object Repository/Page_Beauty Box Subscription for Wo/a_Mascaras' is clickable

2018-09-25 14:24:03 - [TEST_STEP][PASSED] - click: Object: 'Object Repository/Page_Beauty Box Subscription for Wo/a_Mascaras' is clicked on

2018-09-25 14:24:03 - [MESSAGE][PASSED] - Object: 'Object Repository/Page_Beauty Box Subscription for Wo/a_Mascaras' is clicked on

2018-09-25 14:24:03 - [TEST_STEP][PASSED] - delay: Delayed 2 second(s)

2018-09-25 14:24:05 - [MESSAGE][PASSED] - Delayed 2 second(s)

2018-09-25 14:24:05 - [TEST_STEP][PASSED] - click: Object: 'Object Repository/Page_Shop Mascaras/svg_ 2018 Birchbox_icon__svg__' is clicked on

2018-09-25 14:24:05 - [MESSAGE][PASSED] - Object: 'Object Repository/Page_Shop Mascaras/svg_ 2018 Birchbox_icon__svg__' is clicked on

2018-09-25 14:24:05 - [TEST_STEP][PASSED] - waitForElementVisible: Object 'Object Repository/Page_Shop Whats New/div_Makeup' is visible

2018-09-25 14:24:05 - [MESSAGE][WARNING] - Timeout '0' is invalid. Using default page load timeout: '90'

2018-09-25 14:24:06 - [MESSAGE][PASSED] - Object 'Object Repository/Page_Shop Whats New/div_Makeup' is visible

2018-09-25 14:24:06 - [TEST_STEP][PASSED] - waitForElementClickable: Object 'Object Repository/Page_Shop Whats New/div_Makeup' is clickable

2018-09-25 14:24:06 - [MESSAGE][WARNING] - Timeout '0' is invalid. Using default page load timeout: '90'

2018-09-25 14:24:06 - [MESSAGE][PASSED] - Object 'Object Repository/Page_Shop Whats New/div_Makeup' is clickable

2018-09-25 14:24:06 - [TEST_STEP][PASSED] - click: Object: 'Object Repository/Page_Shop Mascaras/div_Makeup' is clicked on

2018-09-25 14:24:07 - [MESSAGE][PASSED] - Object: 'Object Repository/Page_Shop Mascaras/div_Makeup' is clicked on

2018-09-25 14:24:07 - [TEST_STEP][PASSED] - click: Object: 'Object Repository/Page_Shop Mascaras/div_Eye' is clicked on

2018-09-25 14:24:07 - [MESSAGE][PASSED] - Object: 'Object Repository/Page_Shop Mascaras/div_Eye' is clicked on

2018-09-25 14:24:07 - [TEST_STEP][PASSED] - delay: Delayed 1 second(s)

2018-09-25 14:24:08 - [MESSAGE][PASSED] - Delayed 1 second(s)

2018-09-25 14:24:08 - [TEST_STEP][PASSED] - waitForElementVisible: Object 'Object Repository/Page_Beauty Box Subscription for Wo/a_Brows' is visible

2018-09-25 14:24:08 - [MESSAGE][WARNING] - Timeout '0' is invalid. Using default page load timeout: '90'

2018-09-25 14:24:08 - [MESSAGE][PASSED] - Object 'Object Repository/Page_Beauty Box Subscription for Wo/a_Brows' is visible

2018-09-25 14:24:08 - [TEST_STEP][PASSED] - waitForElementClickable: Object 'Object Repository/Page_Beauty Box Subscription for Wo/a_Brows' is clickable

2018-09-25 14:24:08 - [MESSAGE][WARNING] - Timeout '0' is invalid. Using default page load timeout: '90'

2018-09-25 14:24:08 - [MESSAGE][PASSED] - Object 'Object Repository/Page_Beauty Box Subscription for Wo/a_Brows' is clickable

2018-09-25 14:24:08 - [TEST_STEP][PASSED] - click: Object: 'Object Repository/Page_Beauty Box Subscription for Wo/a_Brows' is clicked on

2018-09-25 14:24:09 - [MESSAGE][PASSED] - Object: 'Object Repository/Page_Beauty Box Subscription for Wo/a_Brows' is clicked on

2018-09-25 14:24:09 - [TEST_STEP][PASSED] - delay: Delayed 2 second(s)

2018-09-25 14:24:11 - [MESSAGE][PASSED] - Delayed 2 second(s)

2018-09-25 14:24:11 - [TEST_STEP][PASSED] - click: Object: 'Object Repository/Page_Shop Brow Makeup/svg_ 2018 Birchbox_icon__svg__' is clicked on

2018-09-25 14:24:11 - [MESSAGE][PASSED] - Object: 'Object Repository/Page_Shop Brow Makeup/svg_ 2018 Birchbox_icon__svg__' is clicked on

2018-09-25 14:24:11 - [TEST_STEP][PASSED] - waitForElementVisible: Object 'Object Repository/Page_Shop Whats New/div_Makeup' is visible

2018-09-25 14:24:11 - [MESSAGE][WARNING] - Timeout '0' is invalid. Using default page load timeout: '90'

2018-09-25 14:24:11 - [MESSAGE][PASSED] - Object 'Object Repository/Page_Shop Whats New/div_Makeup' is visible

2018-09-25 14:24:11 - [TEST_STEP][PASSED] - waitForElementClickable: Object 'Object Repository/Page_Shop Whats New/div_Makeup' is clickable

2018-09-25 14:24:11 - [MESSAGE][WARNING] - Timeout '0' is invalid. Using default page load timeout: '90'

2018-09-25 14:24:11 - [MESSAGE][PASSED] - Object 'Object Repository/Page_Shop Whats New/div_Makeup' is clickable

2018-09-25 14:24:11 - [TEST_STEP][PASSED] - click: Object: 'Object Repository/Page_Shop Brow Makeup/div_Makeup' is clicked on

2018-09-25 14:24:11 - [MESSAGE][PASSED] - Object: 'Object Repository/Page_Shop Brow Makeup/div_Makeup' is clicked on

2018-09-25 14:24:11 - [TEST_STEP][PASSED] - click: Object: 'Object Repository/Page_Shop Brow Makeup/div_Eye' is clicked on

2018-09-25 14:24:12 - [MESSAGE][PASSED] - Object: 'Object Repository/Page_Shop Brow Makeup/div_Eye' is clicked on

2018-09-25 14:24:12 - [TEST_STEP][PASSED] - delay: Delayed 1 second(s)

2018-09-25 14:24:13 - [MESSAGE][PASSED] - Delayed 1 second(s)

2018-09-25 14:24:13 - [TEST_STEP][PASSED] - waitForElementVisible: Object 'Object Repository/Page_Beauty Box Subscription for Wo/a_Eyeliners' is visible

2018-09-25 14:24:13 - [MESSAGE][WARNING] - Timeout '0' is invalid. Using default page load timeout: '90'

2018-09-25 14:24:13 - [MESSAGE][PASSED] - Object 'Object Repository/Page_Beauty Box Subscription for Wo/a_Eyeliners' is visible

2018-09-25 14:24:13 - [TEST_STEP][PASSED] - waitForElementClickable: Object 'Object Repository/Page_Beauty Box Subscription for Wo/a_Eyeliners' is clickable

2018-09-25 14:24:13 - [MESSAGE][WARNING] - Timeout '0' is invalid. Using default page load timeout: '90'

2018-09-25 14:24:13 - [MESSAGE][PASSED] - Object 'Object Repository/Page_Beauty Box Subscription for Wo/a_Eyeliners' is clickable

2018-09-25 14:24:13 - [TEST_STEP][PASSED] - click: Object: 'Object Repository/Page_Beauty Box Subscription for Wo/a_Eyeliners' is clicked on

2018-09-25 14:24:13 - [MESSAGE][PASSED] - Object: 'Object Repository/Page_Beauty Box Subscription for Wo/a_Eyeliners' is clicked on

2018-09-25 14:24:13 - [TEST_STEP][PASSED] - delay: Delayed 2 second(s)

2018-09-25 14:24:15 - [MESSAGE][PASSED] - Delayed 2 second(s)

2018-09-25 14:24:15 - [TEST_STEP][PASSED] - click: Object: 'Object Repository/Page_Shop Eyeliners/svg_ 2018 Birchbox_icon__svg__' is clicked on

2018-09-25 14:24:16 - [MESSAGE][PASSED] - Object: 'Object Repository/Page_Shop Eyeliners/svg_ 2018 Birchbox_icon__svg__' is clicked on

2018-09-25 14:24:16 - [TEST_STEP][PASSED] - waitForElementVisible: Object 'Object Repository/Page_Shop Whats New/div_Makeup' is visible

2018-09-25 14:24:16 - [MESSAGE][WARNING] - Timeout '0' is invalid. Using default page load timeout: '90'

2018-09-25 14:24:16 - [MESSAGE][PASSED] - Object 'Object Repository/Page_Shop Whats New/div_Makeup' is visible

2018-09-25 14:24:16 - [TEST_STEP][PASSED] - waitForElementClickable: Object 'Object Repository/Page_Shop Whats New/div_Makeup' is clickable

2018-09-25 14:24:16 - [MESSAGE][WARNING] - Timeout '0' is invalid. Using default page load timeout: '90'

2018-09-25 14:24:16 - [MESSAGE][PASSED] - Object 'Object Repository/Page_Shop Whats New/div_Makeup' is clickable

2018-09-25 14:24:16 - [TEST_STEP][PASSED] - click: Object: 'Object Repository/Page_Shop Eyeliners/div_Makeup' is clicked on

2018-09-25 14:24:17 - [MESSAGE][PASSED] - Object: 'Object Repository/Page_Shop Eyeliners/div_Makeup' is clicked on

2018-09-25 14:24:17 - [TEST_STEP][PASSED] - click: Object: 'Object Repository/Page_Shop Eyeliners/div_Eye' is clicked on

2018-09-25 14:24:17 - [MESSAGE][PASSED] - Object: 'Object Repository/Page_Shop Eyeliners/div_Eye' is clicked on

2018-09-25 14:24:17 - [TEST_STEP][PASSED] - delay: Delayed 1 second(s)

2018-09-25 14:24:18 - [MESSAGE][PASSED] - Delayed 1 second(s)

2018-09-25 14:24:18 - [TEST_STEP][PASSED] - waitForElementVisible: Object 'Object Repository/Page_Beauty Box Subscription for Wo/a_Eyeshadows' is visible

2018-09-25 14:24:18 - [MESSAGE][WARNING] - Timeout '0' is invalid. Using default page load timeout: '90'

2018-09-25 14:24:18 - [MESSAGE][PASSED] - Object 'Object Repository/Page_Beauty Box Subscription for Wo/a_Eyeshadows' is visible

2018-09-25 14:24:18 - [TEST_STEP][PASSED] - waitForElementClickable: Object 'Object Repository/Page_Beauty Box Subscription for Wo/a_Eyeshadows' is clickable

2018-09-25 14:24:18 - [MESSAGE][WARNING] - Timeout '0' is invalid. Using default page load timeout: '90'

2018-09-25 14:24:18 - [MESSAGE][PASSED] - Object 'Object Repository/Page_Beauty Box Subscription for Wo/a_Eyeshadows' is clickable

2018-09-25 14:24:18 - [TEST_STEP][PASSED] - click: Object: 'Object Repository/Page_Beauty Box Subscription for Wo/a_Eyeshadows' is clicked on

2018-09-25 14:24:18 - [MESSAGE][PASSED] - Object: 'Object Repository/Page_Beauty Box Subscription for Wo/a_Eyeshadows' is clicked on

2018-09-25 14:24:18 - [TEST_STEP][PASSED] - delay: Delayed 2 second(s)

2018-09-25 14:24:20 - [MESSAGE][PASSED] - Delayed 2 second(s)

2018-09-25 14:24:20 - [TEST_STEP][PASSED] - click: Object: 'Object Repository/Page_Shop Eyeshadows/svg_ 2018 Birchbox_icon__svg__' is clicked on

2018-09-25 14:24:21 - [MESSAGE][PASSED] - Object: 'Object Repository/Page_Shop Eyeshadows/svg_ 2018 Birchbox_icon__svg__' is clicked on

2018-09-25 14:24:21 - [TEST_STEP][PASSED] - waitForElementVisible: Object 'Object Repository/Page_Shop Whats New/div_Makeup' is visible

2018-09-25 14:24:21 - [MESSAGE][WARNING] - Timeout '0' is invalid. Using default page load timeout: '90'

2018-09-25 14:24:21 - [MESSAGE][PASSED] - Object 'Object Repository/Page_Shop Whats New/div_Makeup' is visible

2018-09-25 14:24:21 - [TEST_STEP][PASSED] - waitForElementClickable: Object 'Object Repository/Page_Shop Whats New/div_Makeup' is clickable

2018-09-25 14:24:21 - [MESSAGE][WARNING] - Timeout '0' is invalid. Using default page load timeout: '90'

2018-09-25 14:24:21 - [MESSAGE][PASSED] - Object 'Object Repository/Page_Shop Whats New/div_Makeup' is clickable

2018-09-25 14:24:21 - [TEST_STEP][PASSED] - click: Object: 'Object Repository/Page_Shop Eyeshadows/div_Makeup' is clicked on

2018-09-25 14:24:21 - [MESSAGE][PASSED] - Object: 'Object Repository/Page_Shop Eyeshadows/div_Makeup' is clicked on

2018-09-25 14:24:21 - [TEST_STEP][PASSED] - click: Object: 'Object Repository/Page_Shop Eyeshadows/div_Eye' is clicked on

2018-09-25 14:24:22 - [MESSAGE][PASSED] - Object: 'Object Repository/Page_Shop Eyeshadows/div_Eye' is clicked on

2018-09-25 14:24:22 - [TEST_STEP][PASSED] - delay: Delayed 1 second(s)

2018-09-25 14:24:23 - [MESSAGE][PASSED] - Delayed 1 second(s)

2018-09-25 14:24:23 - [TEST_STEP][PASSED] - waitForElementClickable: Object 'Object Repository/Page_Beauty Box Subscription for Wo/a_Eye Primers' is clickable

2018-09-25 14:24:23 - [MESSAGE][WARNING] - Timeout '0' is invalid. Using default page load timeout: '90'

2018-09-25 14:24:23 - [MESSAGE][PASSED] - Object 'Object Repository/Page_Beauty Box Subscription for Wo/a_Eye Primers' is clickable

2018-09-25 14:24:23 - [TEST_STEP][PASSED] - waitForElementVisible: Object 'Object Repository/Page_Beauty Box Subscription for Wo/a_Eye Primers' is visible

2018-09-25 14:24:23 - [MESSAGE][WARNING] - Timeout '0' is invalid. Using default page load timeout: '90'

2018-09-25 14:24:23 - [MESSAGE][PASSED] - Object 'Object Repository/Page_Beauty Box Subscription for Wo/a_Eye Primers' is visible

2018-09-25 14:24:23 - [TEST_STEP][PASSED] - click: Object: 'Object Repository/Page_Beauty Box Subscription for Wo/a_Eye Primers' is clicked on

2018-09-25 14:24:24 - [MESSAGE][PASSED] - Object: 'Object Repository/Page_Beauty Box Subscription for Wo/a_Eye Primers' is clicked on

2018-09-25 14:24:24 - [TEST_STEP][PASSED] - delay: Delayed 2 second(s)

2018-09-25 14:24:26 - [MESSAGE][PASSED] - Delayed 2 second(s)

2018-09-25 14:24:26 - [TEST_STEP][PASSED] - click: Object: 'Object Repository/Page_Shop Eye Primers/svg_ 2018 Birchbox_icon__svg__' is clicked on

2018-09-25 14:24:26 - [MESSAGE][PASSED] - Object: 'Object Repository/Page_Shop Eye Primers/svg_ 2018 Birchbox_icon__svg__' is clicked on

2018-09-25 14:24:26 - [TEST_STEP][PASSED] - waitForElementVisible: Object 'Object Repository/Page_Shop Whats New/div_Makeup' is visible

2018-09-25 14:24:26 - [MESSAGE][WARNING] - Timeout '0' is invalid. Using default page load timeout: '90'

2018-09-25 14:24:26 - [MESSAGE][PASSED] - Object 'Object Repository/Page_Shop Whats New/div_Makeup' is visible

2018-09-25 14:24:26 - [TEST_STEP][PASSED] - waitForElementClickable: Object 'Object Repository/Page_Shop Whats New/div_Makeup' is clickable

2018-09-25 14:24:26 - [MESSAGE][WARNING] - Timeout '0' is invalid. Using default page load timeout: '90'

2018-09-25 14:24:27 - [MESSAGE][PASSED] - Object 'Object Repository/Page_Shop Whats New/div_Makeup' is clickable

2018-09-25 14:24:27 - [TEST_STEP][PASSED] - click: Object: 'Object Repository/Page_Shop Eye Primers/div_Makeup' is clicked on

2018-09-25 14:24:27 - [MESSAGE][PASSED] - Object: 'Object Repository/Page_Shop Eye Primers/div_Makeup' is clicked on

2018-09-25 14:24:27 - [TEST_STEP][PASSED] - click: Object: 'Object Repository/Page_Shop Eye Primers/div_Eye' is clicked on

2018-09-25 14:24:27 - [MESSAGE][PASSED] - Object: 'Object Repository/Page_Shop Eye Primers/div_Eye' is clicked on

2018-09-25 14:24:27 - [TEST_STEP][PASSED] - delay: Delayed 1 second(s)

2018-09-25 14:24:28 - [MESSAGE][PASSED] - Delayed 1 second(s)

2018-09-25 14:24:28 - [TEST_STEP][PASSED] - waitForElementVisible: Object 'Object Repository/Page_Beauty Box Subscription for Wo/a_Lash Primers  Treatments' is visible

2018-09-25 14:24:28 - [MESSAGE][WARNING] - Timeout '0' is invalid. Using default page load timeout: '90'

2018-09-25 14:24:28 - [MESSAGE][PASSED] - Object 'Object Repository/Page_Beauty Box Subscription for Wo/a_Lash Primers  Treatments' is visible

2018-09-25 14:24:28 - [TEST_STEP][PASSED] - waitForElementClickable: Object 'Object Repository/Page_Beauty Box Subscription for Wo/a_Lash Primers  Treatments' is clickable

2018-09-25 14:24:28 - [MESSAGE][WARNING] - Timeout '0' is invalid. Using default page load timeout: '90'

2018-09-25 14:24:28 - [MESSAGE][PASSED] - Object 'Object Repository/Page_Beauty Box Subscription for Wo/a_Lash Primers  Treatments' is clickable

2018-09-25 14:24:28 - [TEST_STEP][PASSED] - click: Object: 'Object Repository/Page_Beauty Box Subscription for Wo/a_Lash Primers  Treatments' is clicked on

2018-09-25 14:24:29 - [MESSAGE][PASSED] - Object: 'Object Repository/Page_Beauty Box Subscription for Wo/a_Lash Primers  Treatments' is clicked on

2018-09-25 14:24:29 - [TEST_STEP][PASSED] - delay: Delayed 2 second(s)

2018-09-25 14:24:31 - [MESSAGE][PASSED] - Delayed 2 second(s)

2018-09-25 14:24:31 - [TEST_STEP][PASSED] - click: Object: 'Object Repository/Page_Shop Lash Primers  Lash Treatm/svg_ 2018 Birchbox_icon__svg__' is clicked on

2018-09-25 14:24:31 - [MESSAGE][PASSED] - Object: 'Object Repository/Page_Shop Lash Primers  Lash Treatm/svg_ 2018 Birchbox_icon__svg__' is clicked on

2018-09-25 14:24:31 - [TEST_STEP][PASSED] - waitForElementVisible: Object 'Object Repository/Page_Shop Whats New/div_Makeup' is visible

2018-09-25 14:24:31 - [MESSAGE][WARNING] - Timeout '0' is invalid. Using default page load timeout: '90'

2018-09-25 14:24:32 - [MESSAGE][PASSED] - Object 'Object Repository/Page_Shop Whats New/div_Makeup' is visible

2018-09-25 14:24:32 - [TEST_STEP][PASSED] - waitForElementClickable: Object 'Object Repository/Page_Shop Whats New/div_Makeup' is clickable

2018-09-25 14:24:32 - [MESSAGE][WARNING] - Timeout '0' is invalid. Using default page load timeout: '90'

2018-09-25 14:24:32 - [MESSAGE][PASSED] - Object 'Object Repository/Page_Shop Whats New/div_Makeup' is clickable

2018-09-25 14:24:32 - [TEST_STEP][PASSED] - click: Object: 'Object Repository/Page_Shop Lash Primers  Lash Treatm/div_Makeup' is clicked on

2018-09-25 14:24:32 - [MESSAGE][PASSED] - Object: 'Object Repository/Page_Shop Lash Primers  Lash Treatm/div_Makeup' is clicked on

2018-09-25 14:24:32 - [TEST_STEP][PASSED] - click: Object: 'Object Repository/Page_Shop Lash Primers  Lash Treatm/div_Eye' is clicked on

2018-09-25 14:24:32 - [MESSAGE][PASSED] - Object: 'Object Repository/Page_Shop Lash Primers  Lash Treatm/div_Eye' is clicked on

2018-09-25 14:24:32 - [TEST_STEP][PASSED] - delay: Delayed 1 second(s)

2018-09-25 14:24:33 - [MESSAGE][PASSED] - Delayed 1 second(s)

2018-09-25 14:24:33 - [TEST_STEP][PASSED] - waitForElementVisible: Object 'Object Repository/Page_Beauty Box Subscription for Wo/a_False Lashes' is visible

2018-09-25 14:24:33 - [MESSAGE][WARNING] - Timeout '0' is invalid. Using default page load timeout: '90'

2018-09-25 14:24:33 - [MESSAGE][PASSED] - Object 'Object Repository/Page_Beauty Box Subscription for Wo/a_False Lashes' is visible

2018-09-25 14:24:33 - [TEST_STEP][PASSED] - waitForElementClickable: Object 'Object Repository/Page_Beauty Box Subscription for Wo/a_False Lashes' is clickable

2018-09-25 14:24:33 - [MESSAGE][WARNING] - Timeout '0' is invalid. Using default page load timeout: '90'

2018-09-25 14:24:33 - [MESSAGE][PASSED] - Object 'Object Repository/Page_Beauty Box Subscription for Wo/a_False Lashes' is clickable

2018-09-25 14:24:33 - [TEST_STEP][PASSED] - click: Object: 'Object Repository/Page_Beauty Box Subscription for Wo/a_False Lashes' is clicked on

2018-09-25 14:24:34 - [MESSAGE][PASSED] - Object: 'Object Repository/Page_Beauty Box Subscription for Wo/a_False Lashes' is clicked on

2018-09-25 14:24:34 - [TEST_STEP][PASSED] - delay: Delayed 2 second(s)

2018-09-25 14:24:36 - [MESSAGE][PASSED] - Delayed 2 second(s)

2018-09-25 14:24:36 - [TEST_STEP][PASSED] - click: Object: 'Object Repository/Page_Shop False Lashes/svg_ 2018 Birchbox_icon__svg__' is clicked on

2018-09-25 14:24:36 - [MESSAGE][PASSED] - Object: 'Object Repository/Page_Shop False Lashes/svg_ 2018 Birchbox_icon__svg__' is clicked on

2018-09-25 14:24:36 - [TEST_STEP][PASSED] - waitForElementVisible: Object 'Object Repository/Page_Shop Whats New/div_Makeup' is visible

2018-09-25 14:24:36 - [MESSAGE][WARNING] - Timeout '0' is invalid. Using default page load timeout: '90'

2018-09-25 14:24:36 - [MESSAGE][PASSED] - Object 'Object Repository/Page_Shop Whats New/div_Makeup' is visible

2018-09-25 14:24:36 - [TEST_STEP][PASSED] - waitForElementClickable: Object 'Object Repository/Page_Shop Whats New/div_Makeup' is clickable

2018-09-25 14:24:36 - [MESSAGE][WARNING] - Timeout '0' is invalid. Using default page load timeout: '90'

2018-09-25 14:24:36 - [MESSAGE][PASSED] - Object 'Object Repository/Page_Shop Whats New/div_Makeup' is clickable

2018-09-25 14:24:36 - [TEST_STEP][PASSED] - click: Object: 'Object Repository/Page_Shop False Lashes/div_Makeup' is clicked on

2018-09-25 14:24:37 - [MESSAGE][PASSED] - Object: 'Object Repository/Page_Shop False Lashes/div_Makeup' is clicked on

2018-09-25 14:24:37 - [TEST_STEP][PASSED] - click: Object: 'Object Repository/Page_Shop False Lashes/div_Eye' is clicked on

2018-09-25 14:24:37 - [MESSAGE][PASSED] - Object: 'Object Repository/Page_Shop False Lashes/div_Eye' is clicked on

2018-09-25 14:24:37 - [TEST_STEP][PASSED] - delay: Delayed 1 second(s)

2018-09-25 14:24:38 - [MESSAGE][PASSED] - Delayed 1 second(s)

2018-09-25 14:24:38 - [TEST_STEP][PASSED] - waitForElementVisible: Object 'Object Repository/Page_Beauty Box Subscription for Wo/a_Eye Sets  Palettes' is visible

2018-09-25 14:24:38 - [MESSAGE][WARNING] - Timeout '0' is invalid. Using default page load timeout: '90'

2018-09-25 14:24:38 - [MESSAGE][PASSED] - Object 'Object Repository/Page_Beauty Box Subscription for Wo/a_Eye Sets  Palettes' is visible

2018-09-25 14:24:38 - [TEST_STEP][PASSED] - waitForElementClickable: Object 'Object Repository/Page_Beauty Box Subscription for Wo/a_Eye Sets  Palettes' is clickable

2018-09-25 14:24:38 - [MESSAGE][WARNING] - Timeout '0' is invalid. Using default page load timeout: '90'

2018-09-25 14:24:38 - [MESSAGE][PASSED] - Object 'Object Repository/Page_Beauty Box Subscription for Wo/a_Eye Sets  Palettes' is clickable

2018-09-25 14:24:38 - [TEST_STEP][PASSED] - click: Object: 'Object Repository/Page_Beauty Box Subscription for Wo/a_Eye Sets  Palettes' is clicked on

2018-09-25 14:24:39 - [MESSAGE][PASSED] - Object: 'Object Repository/Page_Beauty Box Subscription for Wo/a_Eye Sets  Palettes' is clicked on

2018-09-25 14:24:39 - [TEST_STEP][PASSED] - delay: Delayed 2 second(s)

2018-09-25 14:24:41 - [MESSAGE][PASSED] - Delayed 2 second(s)

2018-09-25 14:24:41 - [TEST_STEP][PASSED] - click: Object: 'Object Repository/Page_Shop Eye Makeup Sets and Makeu/svg_ 2018 Birchbox_icon__svg__' is clicked on

2018-09-25 14:24:41 - [MESSAGE][PASSED] - Object: 'Object Repository/Page_Shop Eye Makeup Sets and Makeu/svg_ 2018 Birchbox_icon__svg__' is clicked on

2018-09-25 14:24:41 - [TEST_STEP][PASSED] - waitForElementVisible: Object 'Object Repository/Page_Shop Whats New/div_Makeup' is visible

2018-09-25 14:24:41 - [MESSAGE][WARNING] - Timeout '0' is invalid. Using default page load timeout: '90'

2018-09-25 14:24:41 - [MESSAGE][PASSED] - Object 'Object Repository/Page_Shop Whats New/div_Makeup' is visible

2018-09-25 14:24:41 - [TEST_STEP][PASSED] - waitForElementClickable: Object 'Object Repository/Page_Shop Whats New/div_Makeup' is clickable

2018-09-25 14:24:41 - [MESSAGE][WARNING] - Timeout '0' is invalid. Using default page load timeout: '90'

2018-09-25 14:24:41 - [MESSAGE][PASSED] - Object 'Object Repository/Page_Shop Whats New/div_Makeup' is clickable

2018-09-25 14:24:41 - [TEST_STEP][PASSED] - click: Object: 'Object Repository/Page_Shop Eye Makeup Sets and Makeu/div_Makeup' is clicked on

2018-09-25 14:24:42 - [MESSAGE][PASSED] - Object: 'Object Repository/Page_Shop Eye Makeup Sets and Makeu/div_Makeup' is clicked on

2018-09-25 14:24:42 - [TEST_STEP][PASSED] - click: Object: 'Object Repository/Page_Shop Eye Makeup Sets and Makeu/div_Cheek' is clicked on

2018-09-25 14:24:42 - [MESSAGE][PASSED] - Object: 'Object Repository/Page_Shop Eye Makeup Sets and Makeu/div_Cheek' is clicked on

2018-09-25 14:24:42 - [TEST_STEP][PASSED] - delay: Delayed 1 second(s)

2018-09-25 14:24:43 - [MESSAGE][PASSED] - Delayed 1 second(s)

2018-09-25 14:24:43 - [TEST_STEP][PASSED] - waitForElementVisible: Object 'Object Repository/Page_Beauty Box Subscription for Wo/a_Blushes' is visible

2018-09-25 14:24:43 - [MESSAGE][WARNING] - Timeout '0' is invalid. Using default page load timeout: '90'

2018-09-25 14:24:43 - [MESSAGE][PASSED] - Object 'Object Repository/Page_Beauty Box Subscription for Wo/a_Blushes' is visible

2018-09-25 14:24:43 - [TEST_STEP][PASSED] - waitForElementClickable: Object 'Object Repository/Page_Beauty Box Subscription for Wo/a_Blushes' is clickable

2018-09-25 14:24:43 - [MESSAGE][WARNING] - Timeout '0' is invalid. Using default page load timeout: '90'

2018-09-25 14:24:44 - [MESSAGE][PASSED] - Object 'Object Repository/Page_Beauty Box Subscription for Wo/a_Blushes' is clickable

2018-09-25 14:24:44 - [TEST_STEP][PASSED] - click: Object: 'Object Repository/Page_Beauty Box Subscription for Wo/a_Blushes' is clicked on

2018-09-25 14:24:44 - [MESSAGE][PASSED] - Object: 'Object Repository/Page_Beauty Box Subscription for Wo/a_Blushes' is clicked on

2018-09-25 14:24:44 - [TEST_STEP][PASSED] - delay: Delayed 2 second(s)

2018-09-25 14:24:46 - [MESSAGE][PASSED] - Delayed 2 second(s)

2018-09-25 14:24:46 - [TEST_STEP][PASSED] - click: Object: 'Object Repository/Page_Shop Makeup Blush/svg_ 2018 Birchbox_icon__svg__' is clicked on

2018-09-25 14:24:46 - [MESSAGE][PASSED] - Object: 'Object Repository/Page_Shop Makeup Blush/svg_ 2018 Birchbox_icon__svg__' is clicked on

2018-09-25 14:24:46 - [TEST_STEP][PASSED] - waitForElementVisible: Object 'Object Repository/Page_Shop Whats New/div_Makeup' is visible

2018-09-25 14:24:46 - [MESSAGE][WARNING] - Timeout '0' is invalid. Using default page load timeout: '90'

2018-09-25 14:24:46 - [MESSAGE][PASSED] - Object 'Object Repository/Page_Shop Whats New/div_Makeup' is visible

2018-09-25 14:24:46 - [TEST_STEP][PASSED] - waitForElementClickable: Object 'Object Repository/Page_Shop Whats New/div_Makeup' is clickable

2018-09-25 14:24:46 - [MESSAGE][WARNING] - Timeout '0' is invalid. Using default page load timeout: '90'

2018-09-25 14:24:46 - [MESSAGE][PASSED] - Object 'Object Repository/Page_Shop Whats New/div_Makeup' is clickable

2018-09-25 14:24:46 - [TEST_STEP][PASSED] - click: Object: 'Object Repository/Page_Shop Makeup Blush/div_Makeup' is clicked on

2018-09-25 14:24:47 - [MESSAGE][PASSED] - Object: 'Object Repository/Page_Shop Makeup Blush/div_Makeup' is clicked on

2018-09-25 14:24:47 - [TEST_STEP][PASSED] - click: Object: 'Object Repository/Page_Shop Makeup Blush/div_Cheek' is clicked on

2018-09-25 14:24:47 - [MESSAGE][PASSED] - Object: 'Object Repository/Page_Shop Makeup Blush/div_Cheek' is clicked on

2018-09-25 14:24:47 - [TEST_STEP][PASSED] - delay: Delayed 1 second(s)

2018-09-25 14:24:48 - [MESSAGE][PASSED] - Delayed 1 second(s)

2018-09-25 14:24:48 - [TEST_STEP][PASSED] - waitForElementVisible: Object 'Object Repository/Page_Beauty Box Subscription for Wo/a_Bronzers' is visible

2018-09-25 14:24:48 - [MESSAGE][WARNING] - Timeout '0' is invalid. Using default page load timeout: '90'

2018-09-25 14:24:48 - [MESSAGE][PASSED] - Object 'Object Repository/Page_Beauty Box Subscription for Wo/a_Bronzers' is visible

2018-09-25 14:24:48 - [TEST_STEP][PASSED] - waitForElementClickable: Object 'Object Repository/Page_Beauty Box Subscription for Wo/a_Bronzers' is clickable

2018-09-25 14:24:48 - [MESSAGE][WARNING] - Timeout '0' is invalid. Using default page load timeout: '90'

2018-09-25 14:24:48 - [MESSAGE][PASSED] - Object 'Object Repository/Page_Beauty Box Subscription for Wo/a_Bronzers' is clickable

2018-09-25 14:24:48 - [TEST_STEP][PASSED] - click: Object: 'Object Repository/Page_Beauty Box Subscription for Wo/a_Bronzers' is clicked on

2018-09-25 14:24:49 - [MESSAGE][PASSED] - Object: 'Object Repository/Page_Beauty Box Subscription for Wo/a_Bronzers' is clicked on

2018-09-25 14:24:49 - [TEST_STEP][PASSED] - delay: Delayed 2 second(s)

2018-09-25 14:24:51 - [MESSAGE][PASSED] - Delayed 2 second(s)

2018-09-25 14:24:51 - [TEST_STEP][PASSED] - click: Object: 'Object Repository/Page_Shop Makeup Bronzer/svg_ 2018 Birchbox_icon__svg__' is clicked on

2018-09-25 14:24:51 - [MESSAGE][PASSED] - Object: 'Object Repository/Page_Shop Makeup Bronzer/svg_ 2018 Birchbox_icon__svg__' is clicked on

2018-09-25 14:24:51 - [TEST_STEP][PASSED] - waitForElementVisible: Object 'Object Repository/Page_Shop Whats New/div_Makeup' is visible

2018-09-25 14:24:51 - [MESSAGE][WARNING] - Timeout '0' is invalid. Using default page load timeout: '90'

2018-09-25 14:24:51 - [MESSAGE][PASSED] - Object 'Object Repository/Page_Shop Whats New/div_Makeup' is visible

2018-09-25 14:24:51 - [TEST_STEP][PASSED] - waitForElementClickable: Object 'Object Repository/Page_Shop Whats New/div_Makeup' is clickable

2018-09-25 14:24:51 - [MESSAGE][WARNING] - Timeout '0' is invalid. Using default page load timeout: '90'

2018-09-25 14:24:51 - [MESSAGE][PASSED] - Object 'Object Repository/Page_Shop Whats New/div_Makeup' is clickable

2018-09-25 14:24:51 - [TEST_STEP][PASSED] - click: Object: 'Object Repository/Page_Shop Makeup Bronzer/div_Makeup' is clicked on

2018-09-25 14:24:52 - [MESSAGE][PASSED] - Object: 'Object Repository/Page_Shop Makeup Bronzer/div_Makeup' is clicked on

2018-09-25 14:24:52 - [TEST_STEP][PASSED] - click: Object: 'Object Repository/Page_Shop Makeup Bronzer/div_Cheek' is clicked on

2018-09-25 14:24:52 - [MESSAGE][PASSED] - Object: 'Object Repository/Page_Shop Makeup Bronzer/div_Cheek' is clicked on

2018-09-25 14:24:52 - [TEST_STEP][PASSED] - delay: Delayed 1 second(s)

2018-09-25 14:24:53 - [MESSAGE][PASSED] - Delayed 1 second(s)

2018-09-25 14:24:53 - [TEST_STEP][PASSED] - waitForElementVisible: Object 'Object Repository/Page_Beauty Box Subscription for Wo/a_Highlighters' is visible

2018-09-25 14:24:53 - [MESSAGE][WARNING] - Timeout '0' is invalid. Using default page load timeout: '90'

2018-09-25 14:24:53 - [MESSAGE][PASSED] - Object 'Object Repository/Page_Beauty Box Subscription for Wo/a_Highlighters' is visible

2018-09-25 14:24:53 - [TEST_STEP][PASSED] - waitForElementClickable: Object 'Object Repository/Page_Beauty Box Subscription for Wo/a_Highlighters' is clickable

2018-09-25 14:24:53 - [MESSAGE][WARNING] - Timeout '0' is invalid. Using default page load timeout: '90'

2018-09-25 14:24:53 - [MESSAGE][PASSED] - Object 'Object Repository/Page_Beauty Box Subscription for Wo/a_Highlighters' is clickable

2018-09-25 14:24:53 - [TEST_STEP][PASSED] - click: Object: 'Object Repository/Page_Beauty Box Subscription for Wo/a_Highlighters' is clicked on

2018-09-25 14:24:54 - [MESSAGE][PASSED] - Object: 'Object Repository/Page_Beauty Box Subscription for Wo/a_Highlighters' is clicked on

2018-09-25 14:24:54 - [TEST_STEP][PASSED] - delay: Delayed 2 second(s)

2018-09-25 14:24:56 - [MESSAGE][PASSED] - Delayed 2 second(s)

2018-09-25 14:24:56 - [TEST_STEP][PASSED] - click: Object: 'Object Repository/Page_Shop Makeup Highlighter/svg_ 2018 Birchbox_icon__svg__' is clicked on

2018-09-25 14:24:56 - [MESSAGE][PASSED] - Object: 'Object Repository/Page_Shop Makeup Highlighter/svg_ 2018 Birchbox_icon__svg__' is clicked on

2018-09-25 14:24:56 - [TEST_STEP][PASSED] - waitForElementVisible: Object 'Object Repository/Page_Shop Whats New/div_Makeup' is visible

2018-09-25 14:24:56 - [MESSAGE][WARNING] - Timeout '0' is invalid. Using default page load timeout: '90'

2018-09-25 14:24:57 - [MESSAGE][PASSED] - Object 'Object Repository/Page_Shop Whats New/div_Makeup' is visible

2018-09-25 14:24:57 - [TEST_STEP][PASSED] - waitForElementClickable: Object 'Object Repository/Page_Shop Whats New/div_Makeup' is clickable

2018-09-25 14:24:57 - [MESSAGE][WARNING] - Timeout '0' is invalid. Using default page load timeout: '90'

2018-09-25 14:24:57 - [MESSAGE][PASSED] - Object 'Object Repository/Page_Shop Whats New/div_Makeup' is clickable

2018-09-25 14:24:57 - [TEST_STEP][PASSED] - click: Object: 'Object Repository/Page_Shop Makeup Highlighter/div_Makeup' is clicked on

2018-09-25 14:24:57 - [MESSAGE][PASSED] - Object: 'Object Repository/Page_Shop Makeup Highlighter/div_Makeup' is clicked on

2018-09-25 14:24:57 - [TEST_STEP][PASSED] - click: Object: 'Object Repository/Page_Shop Makeup Highlighter/div_Cheek' is clicked on

2018-09-25 14:24:57 - [MESSAGE][PASSED] - Object: 'Object Repository/Page_Shop Makeup Highlighter/div_Cheek' is clicked on

2018-09-25 14:24:57 - [TEST_STEP][PASSED] - delay: Delayed 1 second(s)

2018-09-25 14:24:58 - [MESSAGE][PASSED] - Delayed 1 second(s)

2018-09-25 14:24:58 - [TEST_STEP][PASSED] - waitForElementVisible: Object 'Object Repository/Page_Beauty Box Subscription for Wo/a_Contouring' is visible

2018-09-25 14:24:58 - [MESSAGE][WARNING] - Timeout '0' is invalid. Using default page load timeout: '90'

2018-09-25 14:24:58 - [MESSAGE][PASSED] - Object 'Object Repository/Page_Beauty Box Subscription for Wo/a_Contouring' is visible

2018-09-25 14:24:58 - [TEST_STEP][PASSED] - waitForElementClickable: Object 'Object Repository/Page_Beauty Box Subscription for Wo/a_Contouring' is clickable

2018-09-25 14:24:58 - [MESSAGE][WARNING] - Timeout '0' is invalid. Using default page load timeout: '90'

2018-09-25 14:24:58 - [MESSAGE][PASSED] - Object 'Object Repository/Page_Beauty Box Subscription for Wo/a_Contouring' is clickable

2018-09-25 14:24:58 - [TEST_STEP][PASSED] - click: Object: 'Object Repository/Page_Beauty Box Subscription for Wo/a_Contouring' is clicked on

2018-09-25 14:24:59 - [MESSAGE][PASSED] - Object: 'Object Repository/Page_Beauty Box Subscription for Wo/a_Contouring' is clicked on

2018-09-25 14:24:59 - [TEST_STEP][PASSED] - delay: Delayed 2 second(s)

2018-09-25 14:25:01 - [MESSAGE][PASSED] - Delayed 2 second(s)

2018-09-25 14:25:01 - [TEST_STEP][PASSED] - click: Object: 'Object Repository/Page_Shop Contouring Makeup/svg_ 2018 Birchbox_icon__svg__' is clicked on

2018-09-25 14:25:01 - [MESSAGE][PASSED] - Object: 'Object Repository/Page_Shop Contouring Makeup/svg_ 2018 Birchbox_icon__svg__' is clicked on

2018-09-25 14:25:01 - [TEST_STEP][PASSED] - waitForElementVisible: Object 'Object Repository/Page_Shop Whats New/div_Makeup' is visible

2018-09-25 14:25:01 - [MESSAGE][WARNING] - Timeout '0' is invalid. Using default page load timeout: '90'

2018-09-25 14:25:02 - [MESSAGE][PASSED] - Object 'Object Repository/Page_Shop Whats New/div_Makeup' is visible

2018-09-25 14:25:02 - [TEST_STEP][PASSED] - waitForElementClickable: Object 'Object Repository/Page_Shop Whats New/div_Makeup' is clickable

2018-09-25 14:25:02 - [MESSAGE][WARNING] - Timeout '0' is invalid. Using default page load timeout: '90'

2018-09-25 14:25:02 - [MESSAGE][PASSED] - Object 'Object Repository/Page_Shop Whats New/div_Makeup' is clickable

2018-09-25 14:25:02 - [TEST_STEP][PASSED] - click: Object: 'Object Repository/Page_Shop Contouring Makeup/div_Makeup' is clicked on

2018-09-25 14:25:02 - [MESSAGE][PASSED] - Object: 'Object Repository/Page_Shop Contouring Makeup/div_Makeup' is clicked on

2018-09-25 14:25:02 - [TEST_STEP][PASSED] - click: Object: 'Object Repository/Page_Shop Contouring Makeup/div_Cheek' is clicked on

2018-09-25 14:25:02 - [MESSAGE][PASSED] - Object: 'Object Repository/Page_Shop Contouring Makeup/div_Cheek' is clicked on

2018-09-25 14:25:02 - [TEST_STEP][PASSED] - delay: Delayed 2 second(s)

2018-09-25 14:25:04 - [MESSAGE][PASSED] - Delayed 2 second(s)

2018-09-25 14:25:04 - [TEST_STEP][PASSED] - waitForElementVisible: Object 'Object Repository/Page_Beauty Box Subscription for Wo/a_Cheek Sets  Palettes' is visible

2018-09-25 14:25:04 - [MESSAGE][WARNING] - Timeout '0' is invalid. Using default page load timeout: '90'

2018-09-25 14:25:04 - [MESSAGE][PASSED] - Object 'Object Repository/Page_Beauty Box Subscription for Wo/a_Cheek Sets  Palettes' is visible

2018-09-25 14:25:04 - [TEST_STEP][PASSED] - waitForElementClickable: Object 'Object Repository/Page_Beauty Box Subscription for Wo/a_Cheek Sets  Palettes' is clickable

2018-09-25 14:25:04 - [MESSAGE][WARNING] - Timeout '0' is invalid. Using default page load timeout: '90'

2018-09-25 14:25:04 - [MESSAGE][PASSED] - Object 'Object Repository/Page_Beauty Box Subscription for Wo/a_Cheek Sets  Palettes' is clickable

2018-09-25 14:25:04 - [TEST_STEP][PASSED] - click: Object: 'Object Repository/Page_Beauty Box Subscription for Wo/a_Cheek Sets  Palettes' is clicked on

2018-09-25 14:25:05 - [MESSAGE][PASSED] - Object: 'Object Repository/Page_Beauty Box Subscription for Wo/a_Cheek Sets  Palettes' is clicked on

2018-09-25 14:25:05 - [TEST_STEP][PASSED] - delay: Delayed 2 second(s)

2018-09-25 14:25:07 - [MESSAGE][PASSED] - Delayed 2 second(s)

2018-09-25 14:25:07 - [TEST_STEP][PASSED] - click: Object: 'Object Repository/Page_Shop Makeup Cheek Palettes and/svg_ 2018 Birchbox_icon__svg__' is clicked on

2018-09-25 14:25:07 - [MESSAGE][PASSED] - Object: 'Object Repository/Page_Shop Makeup Cheek Palettes and/svg_ 2018 Birchbox_icon__svg__' is clicked on

2018-09-25 14:25:07 - [TEST_STEP][PASSED] - waitForElementVisible: Object 'Object Repository/Page_Shop Whats New/div_Makeup' is visible

2018-09-25 14:25:07 - [MESSAGE][WARNING] - Timeout '0' is invalid. Using default page load timeout: '90'

2018-09-25 14:25:07 - [MESSAGE][PASSED] - Object 'Object Repository/Page_Shop Whats New/div_Makeup' is visible

2018-09-25 14:25:07 - [TEST_STEP][PASSED] - waitForElementClickable: Object 'Object Repository/Page_Shop Whats New/div_Makeup' is clickable

2018-09-25 14:25:07 - [MESSAGE][WARNING] - Timeout '0' is invalid. Using default page load timeout: '90'

2018-09-25 14:25:07 - [MESSAGE][PASSED] - Object 'Object Repository/Page_Shop Whats New/div_Makeup' is clickable

2018-09-25 14:25:07 - [TEST_STEP][PASSED] - click: Object: 'Object Repository/Page_Shop Makeup Cheek Palettes and/div_Makeup' is clicked on

2018-09-25 14:25:08 - [MESSAGE][PASSED] - Object: 'Object Repository/Page_Shop Makeup Cheek Palettes and/div_Makeup' is clicked on

2018-09-25 14:25:08 - [TEST_STEP][PASSED] - waitForElementVisible: Object 'Object Repository/Page_Shop Makeup Cheek Palettes and/div_Cheek' is visible

2018-09-25 14:25:08 - [MESSAGE][WARNING] - Timeout '0' is invalid. Using default page load timeout: '90'

2018-09-25 14:25:08 - [MESSAGE][PASSED] - Object 'Object Repository/Page_Shop Makeup Cheek Palettes and/div_Cheek' is visible

2018-09-25 14:25:08 - [TEST_STEP][PASSED] - click: Object: 'Object Repository/Page_Shop Makeup Cheek Palettes and/div_Cheek' is clicked on

2018-09-25 14:25:08 - [MESSAGE][PASSED] - Object: 'Object Repository/Page_Shop Makeup Cheek Palettes and/div_Cheek' is clicked on

2018-09-25 14:25:08 - [TEST_STEP][PASSED] - delay: Delayed 1 second(s)

2018-09-25 14:25:09 - [MESSAGE][PASSED] - Delayed 1 second(s)

2018-09-25 14:25:09 - [TEST_STEP][PASSED] - waitForElementVisible: Object 'Object Repository/Page_Beauty Box Subscription for Wo/a_Lip  Cheek Multi-taskers' is visible

2018-09-25 14:25:09 - [MESSAGE][WARNING] - Timeout '0' is invalid. Using default page load timeout: '90'

2018-09-25 14:25:09 - [MESSAGE][PASSED] - Object 'Object Repository/Page_Beauty Box Subscription for Wo/a_Lip  Cheek Multi-taskers' is visible

2018-09-25 14:25:09 - [TEST_STEP][PASSED] - waitForElementClickable: Object 'Object Repository/Page_Beauty Box Subscription for Wo/a_Lip  Cheek Multi-taskers' is clickable

2018-09-25 14:25:09 - [MESSAGE][WARNING] - Timeout '0' is invalid. Using default page load timeout: '90'

2018-09-25 14:25:09 - [MESSAGE][PASSED] - Object 'Object Repository/Page_Beauty Box Subscription for Wo/a_Lip  Cheek Multi-taskers' is clickable

2018-09-25 14:25:09 - [TEST_STEP][PASSED] - click: Object: 'Object Repository/Page_Beauty Box Subscription for Wo/a_Lip  Cheek Multi-taskers' is clicked on

2018-09-25 14:25:10 - [MESSAGE][PASSED] - Object: 'Object Repository/Page_Beauty Box Subscription for Wo/a_Lip  Cheek Multi-taskers' is clicked on

2018-09-25 14:25:10 - [TEST_STEP][PASSED] - delay: Delayed 2 second(s)

2018-09-25 14:25:12 - [MESSAGE][PASSED] - Delayed 2 second(s)

2018-09-25 14:25:12 - [TEST_STEP][PASSED] - click: Object: 'Object Repository/Page_Shop Lip and Cheek Multi-taske/svg_ 2018 Birchbox_icon__svg__' is clicked on

2018-09-25 14:25:12 - [MESSAGE][PASSED] - Object: 'Object Repository/Page_Shop Lip and Cheek Multi-taske/svg_ 2018 Birchbox_icon__svg__' is clicked on

2018-09-25 14:25:12 - [TEST_STEP][PASSED] - waitForElementVisible: Object 'Object Repository/Page_Shop Whats New/div_Makeup' is visible

2018-09-25 14:25:12 - [MESSAGE][WARNING] - Timeout '0' is invalid. Using default page load timeout: '90'

2018-09-25 14:25:12 - [MESSAGE][PASSED] - Object 'Object Repository/Page_Shop Whats New/div_Makeup' is visible

2018-09-25 14:25:12 - [TEST_STEP][PASSED] - waitForElementClickable: Object 'Object Repository/Page_Shop Whats New/div_Makeup' is clickable

2018-09-25 14:25:12 - [MESSAGE][WARNING] - Timeout '0' is invalid. Using default page load timeout: '90'

2018-09-25 14:25:12 - [MESSAGE][PASSED] - Object 'Object Repository/Page_Shop Whats New/div_Makeup' is clickable

2018-09-25 14:25:12 - [TEST_STEP][PASSED] - click: Object: 'Object Repository/Page_Shop Lip and Cheek Multi-taske/div_Makeup' is clicked on

2018-09-25 14:25:13 - [MESSAGE][PASSED] - Object: 'Object Repository/Page_Shop Lip and Cheek Multi-taske/div_Makeup' is clicked on

2018-09-25 14:25:13 - [TEST_STEP][PASSED] - click: Object: 'Object Repository/Page_Shop Lip and Cheek Multi-taske/div_Lip' is clicked on

2018-09-25 14:25:13 - [MESSAGE][PASSED] - Object: 'Object Repository/Page_Shop Lip and Cheek Multi-taske/div_Lip' is clicked on

2018-09-25 14:25:13 - [TEST_STEP][PASSED] - delay: Delayed 1 second(s)

2018-09-25 14:25:14 - [MESSAGE][PASSED] - Delayed 1 second(s)

2018-09-25 14:25:14 - [TEST_STEP][PASSED] - waitForElementVisible: Object 'Object Repository/Page_Beauty Box Subscription for Wo/a_Lipsticks (3)' is visible

2018-09-25 14:25:14 - [MESSAGE][WARNING] - Timeout '0' is invalid. Using default page load timeout: '90'

2018-09-25 14:25:14 - [MESSAGE][PASSED] - Object 'Object Repository/Page_Beauty Box Subscription for Wo/a_Lipsticks (3)' is visible

2018-09-25 14:25:14 - [TEST_STEP][PASSED] - waitForElementClickable: Object 'Object Repository/Page_Beauty Box Subscription for Wo/a_Lipsticks (3)' is clickable

2018-09-25 14:25:14 - [MESSAGE][WARNING] - Timeout '0' is invalid. Using default page load timeout: '90'

2018-09-25 14:25:15 - [MESSAGE][PASSED] - Object 'Object Repository/Page_Beauty Box Subscription for Wo/a_Lipsticks (3)' is clickable

2018-09-25 14:25:15 - [TEST_STEP][PASSED] - click: Object: 'Object Repository/Page_Beauty Box Subscription for Wo/a_Lipsticks (3)' is clicked on

2018-09-25 14:25:15 - [MESSAGE][PASSED] - Object: 'Object Repository/Page_Beauty Box Subscription for Wo/a_Lipsticks (3)' is clicked on

2018-09-25 14:25:15 - [TEST_STEP][PASSED] - delay: Delayed 2 second(s)

2018-09-25 14:25:17 - [MESSAGE][PASSED] - Delayed 2 second(s)

2018-09-25 14:25:17 - [TEST_STEP][PASSED] - click: Object: 'Object Repository/Page_Shop Lipsticks/svg_ 2018 Birchbox_icon__svg__' is clicked on

2018-09-25 14:25:17 - [MESSAGE][PASSED] - Object: 'Object Repository/Page_Shop Lipsticks/svg_ 2018 Birchbox_icon__svg__' is clicked on

2018-09-25 14:25:17 - [TEST_STEP][PASSED] - waitForElementVisible: Object 'Object Repository/Page_Shop Whats New/div_Makeup' is visible

2018-09-25 14:25:17 - [MESSAGE][WARNING] - Timeout '0' is invalid. Using default page load timeout: '90'

2018-09-25 14:25:18 - [MESSAGE][PASSED] - Object 'Object Repository/Page_Shop Whats New/div_Makeup' is visible

2018-09-25 14:25:18 - [TEST_STEP][PASSED] - waitForElementClickable: Object 'Object Repository/Page_Shop Whats New/div_Makeup' is clickable

2018-09-25 14:25:18 - [MESSAGE][WARNING] - Timeout '0' is invalid. Using default page load timeout: '90'

2018-09-25 14:25:18 - [MESSAGE][PASSED] - Object 'Object Repository/Page_Shop Whats New/div_Makeup' is clickable

2018-09-25 14:25:18 - [TEST_STEP][PASSED] - click: Object: 'Object Repository/Page_Shop Lipsticks/div_Makeup' is clicked on

2018-09-25 14:25:18 - [MESSAGE][PASSED] - Object: 'Object Repository/Page_Shop Lipsticks/div_Makeup' is clicked on

2018-09-25 14:25:18 - [TEST_STEP][PASSED] - click: Object: 'Object Repository/Page_Shop Lipsticks/div_Lip' is clicked on

2018-09-25 14:25:19 - [MESSAGE][PASSED] - Object: 'Object Repository/Page_Shop Lipsticks/div_Lip' is clicked on

2018-09-25 14:25:19 - [TEST_STEP][PASSED] - delay: Delayed 1 second(s)

2018-09-25 14:25:20 - [MESSAGE][PASSED] - Delayed 1 second(s)

2018-09-25 14:25:20 - [TEST_STEP][PASSED] - waitForElementVisible: Object 'Object Repository/Page_Beauty Box Subscription for Wo/a_Lip Balms' is visible

2018-09-25 14:25:20 - [MESSAGE][WARNING] - Timeout '0' is invalid. Using default page load timeout: '90'

2018-09-25 14:25:20 - [MESSAGE][PASSED] - Object 'Object Repository/Page_Beauty Box Subscription for Wo/a_Lip Balms' is visible

2018-09-25 14:25:20 - [TEST_STEP][PASSED] - waitForElementClickable: Object 'Object Repository/Page_Beauty Box Subscription for Wo/a_Lip Balms' is clickable

2018-09-25 14:25:20 - [MESSAGE][WARNING] - Timeout '0' is invalid. Using default page load timeout: '90'

2018-09-25 14:25:20 - [MESSAGE][PASSED] - Object 'Object Repository/Page_Beauty Box Subscription for Wo/a_Lip Balms' is clickable

2018-09-25 14:25:20 - [TEST_STEP][PASSED] - click: Object: 'Object Repository/Page_Beauty Box Subscription for Wo/a_Lip Balms' is clicked on

2018-09-25 14:25:20 - [MESSAGE][PASSED] - Object: 'Object Repository/Page_Beauty Box Subscription for Wo/a_Lip Balms' is clicked on

2018-09-25 14:25:20 - [TEST_STEP][PASSED] - delay: Delayed 2 second(s)

2018-09-25 14:25:22 - [MESSAGE][PASSED] - Delayed 2 second(s)

2018-09-25 14:25:22 - [TEST_STEP][PASSED] - click: Object: 'Object Repository/Page_Shop Tinted Lip Balms/svg_ 2018 Birchbox_icon__svg__' is clicked on

2018-09-25 14:25:22 - [MESSAGE][PASSED] - Object: 'Object Repository/Page_Shop Tinted Lip Balms/svg_ 2018 Birchbox_icon__svg__' is clicked on

2018-09-25 14:25:22 - [TEST_STEP][PASSED] - waitForElementVisible: Object 'Object Repository/Page_Shop Whats New/div_Makeup' is visible

2018-09-25 14:25:22 - [MESSAGE][WARNING] - Timeout '0' is invalid. Using default page load timeout: '90'

2018-09-25 14:25:23 - [MESSAGE][PASSED] - Object 'Object Repository/Page_Shop Whats New/div_Makeup' is visible

2018-09-25 14:25:23 - [TEST_STEP][PASSED] - waitForElementClickable: Object 'Object Repository/Page_Shop Whats New/div_Makeup' is clickable

2018-09-25 14:25:23 - [MESSAGE][WARNING] - Timeout '0' is invalid. Using default page load timeout: '90'

2018-09-25 14:25:23 - [MESSAGE][PASSED] - Object 'Object Repository/Page_Shop Whats New/div_Makeup' is clickable

2018-09-25 14:25:23 - [TEST_STEP][PASSED] - click: Object: 'Object Repository/Page_Shop Tinted Lip Balms/div_Makeup' is clicked on

2018-09-25 14:25:23 - [MESSAGE][PASSED] - Object: 'Object Repository/Page_Shop Tinted Lip Balms/div_Makeup' is clicked on

2018-09-25 14:25:23 - [TEST_STEP][PASSED] - click: Object: 'Object Repository/Page_Shop Tinted Lip Balms/div_Lip' is clicked on

2018-09-25 14:25:23 - [MESSAGE][PASSED] - Object: 'Object Repository/Page_Shop Tinted Lip Balms/div_Lip' is clicked on

2018-09-25 14:25:23 - [TEST_STEP][PASSED] - delay: Delayed 1 second(s)

2018-09-25 14:25:24 - [MESSAGE][PASSED] - Delayed 1 second(s)

2018-09-25 14:25:24 - [TEST_STEP][PASSED] - waitForElementVisible: Object 'Object Repository/Page_Beauty Box Subscription for Wo/a_Lip Glosses' is visible

2018-09-25 14:25:25 - [MESSAGE][WARNING] - Timeout '0' is invalid. Using default page load timeout: '90'

2018-09-25 14:25:25 - [MESSAGE][PASSED] - Object 'Object Repository/Page_Beauty Box Subscription for Wo/a_Lip Glosses' is visible

2018-09-25 14:25:25 - [TEST_STEP][PASSED] - waitForElementClickable: Object 'Object Repository/Page_Beauty Box Subscription for Wo/a_Lip Glosses' is clickable

2018-09-25 14:25:25 - [MESSAGE][WARNING] - Timeout '0' is invalid. Using default page load timeout: '90'

2018-09-25 14:25:25 - [MESSAGE][PASSED] - Object 'Object Repository/Page_Beauty Box Subscription for Wo/a_Lip Glosses' is clickable

2018-09-25 14:25:25 - [TEST_STEP][PASSED] - click: Object: 'Object Repository/Page_Beauty Box Subscription for Wo/a_Lip Glosses' is clicked on

2018-09-25 14:25:25 - [MESSAGE][PASSED] - Object: 'Object Repository/Page_Beauty Box Subscription for Wo/a_Lip Glosses' is clicked on

2018-09-25 14:25:25 - [TEST_STEP][PASSED] - delay: Delayed 2 second(s)

2018-09-25 14:25:27 - [MESSAGE][PASSED] - Delayed 2 second(s)

2018-09-25 14:25:27 - [TEST_STEP][PASSED] - click: Object: 'Object Repository/Page_Shop Lip Glosses/svg_ 2018 Birchbox_icon__svg__' is clicked on

2018-09-25 14:25:28 - [MESSAGE][PASSED] - Object: 'Object Repository/Page_Shop Lip Glosses/svg_ 2018 Birchbox_icon__svg__' is clicked on

2018-09-25 14:25:28 - [TEST_STEP][PASSED] - waitForElementVisible: Object 'Object Repository/Page_Shop Whats New/div_Makeup' is visible

2018-09-25 14:25:28 - [MESSAGE][WARNING] - Timeout '0' is invalid. Using default page load timeout: '90'

2018-09-25 14:25:28 - [MESSAGE][PASSED] - Object 'Object Repository/Page_Shop Whats New/div_Makeup' is visible

2018-09-25 14:25:28 - [TEST_STEP][PASSED] - waitForElementClickable: Object 'Object Repository/Page_Shop Whats New/div_Makeup' is clickable

2018-09-25 14:25:28 - [MESSAGE][WARNING] - Timeout '0' is invalid. Using default page load timeout: '90'

2018-09-25 14:25:28 - [MESSAGE][PASSED] - Object 'Object Repository/Page_Shop Whats New/div_Makeup' is clickable

2018-09-25 14:25:28 - [TEST_STEP][PASSED] - click: Object: 'Object Repository/Page_Shop Lip Glosses/div_Makeup' is clicked on

2018-09-25 14:25:28 - [MESSAGE][PASSED] - Object: 'Object Repository/Page_Shop Lip Glosses/div_Makeup' is clicked on

2018-09-25 14:25:28 - [TEST_STEP][PASSED] - click: Object: 'Object Repository/Page_Shop Lip Glosses/div_Lip' is clicked on

2018-09-25 14:25:29 - [MESSAGE][PASSED] - Object: 'Object Repository/Page_Shop Lip Glosses/div_Lip' is clicked on

2018-09-25 14:25:29 - [TEST_STEP][PASSED] - delay: Delayed 1 second(s)

2018-09-25 14:25:30 - [MESSAGE][PASSED] - Delayed 1 second(s)

2018-09-25 14:25:30 - [TEST_STEP][PASSED] - waitForElementVisible: Object 'Object Repository/Page_Beauty Box Subscription for Wo/a_Lip Masks  Treatments' is visible

2018-09-25 14:25:30 - [MESSAGE][WARNING] - Timeout '0' is invalid. Using default page load timeout: '90'

2018-09-25 14:25:30 - [MESSAGE][PASSED] - Object 'Object Repository/Page_Beauty Box Subscription for Wo/a_Lip Masks  Treatments' is visible

2018-09-25 14:25:30 - [TEST_STEP][PASSED] - waitForElementClickable: Object 'Object Repository/Page_Beauty Box Subscription for Wo/a_Lip Masks  Treatments' is clickable

2018-09-25 14:25:30 - [MESSAGE][WARNING] - Timeout '0' is invalid. Using default page load timeout: '90'

2018-09-25 14:25:30 - [MESSAGE][PASSED] - Object 'Object Repository/Page_Beauty Box Subscription for Wo/a_Lip Masks  Treatments' is clickable

2018-09-25 14:25:30 - [TEST_STEP][PASSED] - click: Object: 'Object Repository/Page_Beauty Box Subscription for Wo/a_Lip Masks  Treatments' is clicked on

2018-09-25 14:25:30 - [MESSAGE][PASSED] - Object: 'Object Repository/Page_Beauty Box Subscription for Wo/a_Lip Masks  Treatments' is clicked on

2018-09-25 14:25:30 - [TEST_STEP][PASSED] - delay: Delayed 2 second(s)

2018-09-25 14:25:32 - [MESSAGE][PASSED] - Delayed 2 second(s)

2018-09-25 14:25:32 - [TEST_STEP][PASSED] - click: Object: 'Object Repository/Page_Shop Lip Masks  Lip Treatments/svg_ 2018 Birchbox_icon__svg__' is clicked on

2018-09-25 14:25:33 - [MESSAGE][PASSED] - Object: 'Object Repository/Page_Shop Lip Masks  Lip Treatments/svg_ 2018 Birchbox_icon__svg__' is clicked on

2018-09-25 14:25:33 - [TEST_STEP][PASSED] - waitForElementVisible: Object 'Object Repository/Page_Shop Whats New/div_Makeup' is visible

2018-09-25 14:25:33 - [MESSAGE][WARNING] - Timeout '0' is invalid. Using default page load timeout: '90'

2018-09-25 14:25:33 - [MESSAGE][PASSED] - Object 'Object Repository/Page_Shop Whats New/div_Makeup' is visible

2018-09-25 14:25:33 - [TEST_STEP][PASSED] - waitForElementClickable: Object 'Object Repository/Page_Shop Whats New/div_Makeup' is clickable

2018-09-25 14:25:33 - [MESSAGE][WARNING] - Timeout '0' is invalid. Using default page load timeout: '90'

2018-09-25 14:25:33 - [MESSAGE][PASSED] - Object 'Object Repository/Page_Shop Whats New/div_Makeup' is clickable

2018-09-25 14:25:33 - [TEST_STEP][PASSED] - click: Object: 'Object Repository/Page_Shop Lip Masks  Lip Treatments/div_Makeup' is clicked on

2018-09-25 14:25:33 - [MESSAGE][PASSED] - Object: 'Object Repository/Page_Shop Lip Masks  Lip Treatments/div_Makeup' is clicked on

2018-09-25 14:25:33 - [TEST_STEP][PASSED] - click: Object: 'Object Repository/Page_Shop Lip Masks  Lip Treatments/div_Lip' is clicked on

2018-09-25 14:25:34 - [MESSAGE][PASSED] - Object: 'Object Repository/Page_Shop Lip Masks  Lip Treatments/div_Lip' is clicked on

2018-09-25 14:25:34 - [TEST_STEP][PASSED] - delay: Delayed 1 second(s)

2018-09-25 14:25:35 - [MESSAGE][PASSED] - Delayed 1 second(s)

2018-09-25 14:25:35 - [TEST_STEP][PASSED] - waitForElementVisible: Object 'Object Repository/Page_Beauty Box Subscription for Wo/a_Lip Liners' is visible

2018-09-25 14:25:35 - [MESSAGE][WARNING] - Timeout '0' is invalid. Using default page load timeout: '90'

2018-09-25 14:25:35 - [MESSAGE][PASSED] - Object 'Object Repository/Page_Beauty Box Subscription for Wo/a_Lip Liners' is visible

2018-09-25 14:25:35 - [TEST_STEP][PASSED] - waitForElementClickable: Object 'Object Repository/Page_Beauty Box Subscription for Wo/a_Lip Liners' is clickable

2018-09-25 14:25:35 - [MESSAGE][WARNING] - Timeout '0' is invalid. Using default page load timeout: '90'

2018-09-25 14:25:35 - [MESSAGE][PASSED] - Object 'Object Repository/Page_Beauty Box Subscription for Wo/a_Lip Liners' is clickable

2018-09-25 14:25:35 - [TEST_STEP][PASSED] - click: Object: 'Object Repository/Page_Beauty Box Subscription for Wo/a_Lip Liners' is clicked on

2018-09-25 14:25:35 - [MESSAGE][PASSED] - Object: 'Object Repository/Page_Beauty Box Subscription for Wo/a_Lip Liners' is clicked on

2018-09-25 14:25:35 - [TEST_STEP][PASSED] - delay: Delayed 2 second(s)

2018-09-25 14:25:37 - [MESSAGE][PASSED] - Delayed 2 second(s)

2018-09-25 14:25:37 - [TEST_STEP][PASSED] - click: Object: 'Object Repository/Page_Shop Lip Liner Makeup/svg_ 2018 Birchbox_icon__svg__' is clicked on

2018-09-25 14:25:37 - [MESSAGE][PASSED] - Object: 'Object Repository/Page_Shop Lip Liner Makeup/svg_ 2018 Birchbox_icon__svg__' is clicked on

2018-09-25 14:25:37 - [TEST_STEP][PASSED] - waitForElementVisible: Object 'Object Repository/Page_Shop Whats New/div_Makeup' is visible

2018-09-25 14:25:37 - [MESSAGE][WARNING] - Timeout '0' is invalid. Using default page load timeout: '90'

2018-09-25 14:25:38 - [MESSAGE][PASSED] - Object 'Object Repository/Page_Shop Whats New/div_Makeup' is visible

2018-09-25 14:25:38 - [TEST_STEP][PASSED] - waitForElementClickable: Object 'Object Repository/Page_Shop Whats New/div_Makeup' is clickable

2018-09-25 14:25:38 - [MESSAGE][WARNING] - Timeout '0' is invalid. Using default page load timeout: '90'

2018-09-25 14:25:38 - [MESSAGE][PASSED] - Object 'Object Repository/Page_Shop Whats New/div_Makeup' is clickable

2018-09-25 14:25:38 - [TEST_STEP][PASSED] - click: Object: 'Object Repository/Page_Shop Lip Liner Makeup/div_Makeup' is clicked on

2018-09-25 14:25:38 - [MESSAGE][PASSED] - Object: 'Object Repository/Page_Shop Lip Liner Makeup/div_Makeup' is clicked on

2018-09-25 14:25:38 - [TEST_STEP][PASSED] - click: Object: 'Object Repository/Page_Shop Lip Liner Makeup/div_Lip' is clicked on

2018-09-25 14:25:38 - [MESSAGE][PASSED] - Object: 'Object Repository/Page_Shop Lip Liner Makeup/div_Lip' is clicked on

2018-09-25 14:25:38 - [TEST_STEP][PASSED] - delay: Delayed 1 second(s)

2018-09-25 14:25:39 - [MESSAGE][PASSED] - Delayed 1 second(s)

2018-09-25 14:25:39 - [TEST_STEP][PASSED] - waitForElementVisible: Object 'Object Repository/Page_Beauty Box Subscription for Wo/a_Lip  Cheek Multi-taskers' is visible

2018-09-25 14:25:39 - [MESSAGE][WARNING] - Timeout '0' is invalid. Using default page load timeout: '90'

2018-09-25 14:25:40 - [MESSAGE][PASSED] - Object 'Object Repository/Page_Beauty Box Subscription for Wo/a_Lip  Cheek Multi-taskers' is visible

2018-09-25 14:25:40 - [TEST_STEP][PASSED] - waitForElementClickable: Object 'Object Repository/Page_Beauty Box Subscription for Wo/a_Lip  Cheek Multi-taskers' is clickable

2018-09-25 14:25:40 - [MESSAGE][WARNING] - Timeout '0' is invalid. Using default page load timeout: '90'

2018-09-25 14:25:40 - [MESSAGE][PASSED] - Object 'Object Repository/Page_Beauty Box Subscription for Wo/a_Lip  Cheek Multi-taskers' is clickable

2018-09-25 14:25:40 - [TEST_STEP][PASSED] - click: Object: 'Object Repository/Page_Beauty Box Subscription for Wo/a_Lip  Cheek Multi-taskers' is clicked on

2018-09-25 14:25:40 - [MESSAGE][PASSED] - Object: 'Object Repository/Page_Beauty Box Subscription for Wo/a_Lip  Cheek Multi-taskers' is clicked on

2018-09-25 14:25:40 - [TEST_STEP][PASSED] - delay: Delayed 2 second(s)

2018-09-25 14:25:42 - [MESSAGE][PASSED] - Delayed 2 second(s)

2018-09-25 14:25:42 - [TEST_STEP][PASSED] - click: Object: 'Object Repository/Page_Shop Lip and Cheek Multi-taske/svg_ 2018 Birchbox_icon__svg__' is clicked on

2018-09-25 14:25:42 - [MESSAGE][PASSED] - Object: 'Object Repository/Page_Shop Lip and Cheek Multi-taske/svg_ 2018 Birchbox_icon__svg__' is clicked on

2018-09-25 14:25:42 - [TEST_STEP][PASSED] - waitForElementVisible: Object 'Object Repository/Page_Shop Whats New/div_Makeup' is visible

2018-09-25 14:25:42 - [MESSAGE][WARNING] - Timeout '0' is invalid. Using default page load timeout: '90'

2018-09-25 14:25:43 - [MESSAGE][PASSED] - Object 'Object Repository/Page_Shop Whats New/div_Makeup' is visible

2018-09-25 14:25:43 - [TEST_STEP][PASSED] - waitForElementClickable: Object 'Object Repository/Page_Shop Whats New/div_Makeup' is clickable

2018-09-25 14:25:43 - [MESSAGE][WARNING] - Timeout '0' is invalid. Using default page load timeout: '90'

2018-09-25 14:25:43 - [MESSAGE][PASSED] - Object 'Object Repository/Page_Shop Whats New/div_Makeup' is clickable

2018-09-25 14:25:43 - [TEST_STEP][PASSED] - click: Object: 'Object Repository/Page_Shop Lip and Cheek Multi-taske/div_Makeup' is clicked on

2018-09-25 14:25:43 - [MESSAGE][PASSED] - Object: 'Object Repository/Page_Shop Lip and Cheek Multi-taske/div_Makeup' is clicked on

2018-09-25 14:25:43 - [TEST_STEP][PASSED] - click: Object: 'Object Repository/Page_Shop Lip and Cheek Multi-taske/div_Lip' is clicked on

2018-09-25 14:25:44 - [MESSAGE][PASSED] - Object: 'Object Repository/Page_Shop Lip and Cheek Multi-taske/div_Lip' is clicked on

2018-09-25 14:25:44 - [TEST_STEP][PASSED] - delay: Delayed 2 second(s)

2018-09-25 14:25:46 - [MESSAGE][PASSED] - Delayed 2 second(s)

2018-09-25 14:25:46 - [TEST_STEP][PASSED] - waitForElementVisible: Object 'Object Repository/Page_Beauty Box Subscription for Wo/a_Lip Sets  Palettes' is visible

2018-09-25 14:25:46 - [MESSAGE][WARNING] - Timeout '0' is invalid. Using default page load timeout: '90'

2018-09-25 14:25:46 - [MESSAGE][PASSED] - Object 'Object Repository/Page_Beauty Box Subscription for Wo/a_Lip Sets  Palettes' is visible

2018-09-25 14:25:46 - [TEST_STEP][PASSED] - waitForElementClickable: Object 'Object Repository/Page_Beauty Box Subscription for Wo/a_Lip Sets  Palettes' is clickable

2018-09-25 14:25:46 - [MESSAGE][WARNING] - Timeout '0' is invalid. Using default page load timeout: '90'

2018-09-25 14:25:46 - [MESSAGE][PASSED] - Object 'Object Repository/Page_Beauty Box Subscription for Wo/a_Lip Sets  Palettes' is clickable

2018-09-25 14:25:46 - [TEST_STEP][PASSED] - click: Object: 'Object Repository/Page_Beauty Box Subscription for Wo/a_Lip Sets  Palettes' is clicked on

2018-09-25 14:25:46 - [MESSAGE][PASSED] - Object: 'Object Repository/Page_Beauty Box Subscription for Wo/a_Lip Sets  Palettes' is clicked on

2018-09-25 14:25:46 - [TEST_STEP][PASSED] - delay: Delayed 2 second(s)

2018-09-25 14:25:48 - [MESSAGE][PASSED] - Delayed 2 second(s)

2018-09-25 14:25:48 - [TEST_STEP][PASSED] - click: Object: 'Object Repository/Page_Shop Lip Makeup Sets  Lip Pale/svg_ 2018 Birchbox_icon__svg__' is clicked on

2018-09-25 14:25:48 - [MESSAGE][PASSED] - Object: 'Object Repository/Page_Shop Lip Makeup Sets  Lip Pale/svg_ 2018 Birchbox_icon__svg__' is clicked on

2018-09-25 14:25:48 - [TEST_STEP][PASSED] - waitForElementVisible: Object 'Object Repository/Page_Shop Whats New/div_Makeup' is visible

2018-09-25 14:25:48 - [MESSAGE][WARNING] - Timeout '0' is invalid. Using default page load timeout: '90'

2018-09-25 14:25:48 - [MESSAGE][PASSED] - Object 'Object Repository/Page_Shop Whats New/div_Makeup' is visible

2018-09-25 14:25:48 - [TEST_STEP][PASSED] - waitForElementClickable: Object 'Object Repository/Page_Shop Whats New/div_Makeup' is clickable

2018-09-25 14:25:48 - [MESSAGE][WARNING] - Timeout '0' is invalid. Using default page load timeout: '90'

2018-09-25 14:25:48 - [MESSAGE][PASSED] - Object 'Object Repository/Page_Shop Whats New/div_Makeup' is clickable

2018-09-25 14:25:48 - [TEST_STEP][PASSED] - click: Object: 'Object Repository/Page_Shop Lip Makeup Sets  Lip Pale/div_Makeup' is clicked on

2018-09-25 14:25:49 - [MESSAGE][PASSED] - Object: 'Object Repository/Page_Shop Lip Makeup Sets  Lip Pale/div_Makeup' is clicked on

2018-09-25 14:25:49 - [TEST_STEP][PASSED] - delay: Delayed 1 second(s)

2018-09-25 14:25:50 - [MESSAGE][PASSED] - Delayed 1 second(s)

2018-09-25 14:25:50 - [TEST_STEP][PASSED] - waitForElementVisible: Object 'Object Repository/Page_Shop Lip Makeup Sets  Lip Pale/a_Best Sellers' is visible

2018-09-25 14:25:50 - [MESSAGE][WARNING] - Timeout '0' is invalid. Using default page load timeout: '90'

2018-09-25 14:25:50 - [MESSAGE][PASSED] - Object 'Object Repository/Page_Shop Lip Makeup Sets  Lip Pale/a_Best Sellers' is visible

2018-09-25 14:25:50 - [TEST_STEP][PASSED] - waitForElementClickable: Object 'Object Repository/Page_Shop Lip Makeup Sets  Lip Pale/a_Best Sellers' is clickable

2018-09-25 14:25:50 - [MESSAGE][WARNING] - Timeout '0' is invalid. Using default page load timeout: '90'

2018-09-25 14:25:50 - [MESSAGE][PASSED] - Object 'Object Repository/Page_Shop Lip Makeup Sets  Lip Pale/a_Best Sellers' is clickable

2018-09-25 14:25:50 - [TEST_STEP][PASSED] - click: Object: 'Object Repository/Page_Shop Lip Makeup Sets  Lip Pale/a_Best Sellers' is clicked on

2018-09-25 14:25:50 - [MESSAGE][PASSED] - Object: 'Object Repository/Page_Shop Lip Makeup Sets  Lip Pale/a_Best Sellers' is clicked on

2018-09-25 14:25:50 - [TEST_STEP][PASSED] - delay: Delayed 2 second(s)

2018-09-25 14:25:52 - [MESSAGE][PASSED] - Delayed 2 second(s)

2018-09-25 14:25:52 - [TEST_STEP][PASSED] - click: Object: 'Object Repository/Page_Shop Makeup Best Sellers/svg_ 2018 Birchbox_icon__svg__' is clicked on

2018-09-25 14:25:53 - [MESSAGE][PASSED] - Object: 'Object Repository/Page_Shop Makeup Best Sellers/svg_ 2018 Birchbox_icon__svg__' is clicked on

2018-09-25 14:25:53 - [TEST_STEP][PASSED] - waitForElementVisible: Object 'Object Repository/Page_Shop Whats New/div_Makeup' is visible

2018-09-25 14:25:53 - [MESSAGE][WARNING] - Timeout '0' is invalid. Using default page load timeout: '90'

2018-09-25 14:25:53 - [MESSAGE][PASSED] - Object 'Object Repository/Page_Shop Whats New/div_Makeup' is visible

2018-09-25 14:25:53 - [TEST_STEP][PASSED] - waitForElementClickable: Object 'Object Repository/Page_Shop Whats New/div_Makeup' is clickable

2018-09-25 14:25:53 - [MESSAGE][WARNING] - Timeout '0' is invalid. Using default page load timeout: '90'

2018-09-25 14:25:53 - [MESSAGE][PASSED] - Object 'Object Repository/Page_Shop Whats New/div_Makeup' is clickable

2018-09-25 14:25:53 - [TEST_STEP][PASSED] - click: Object: 'Object Repository/Page_Shop Makeup Best Sellers/div_Makeup' is clicked on

2018-09-25 14:25:54 - [MESSAGE][PASSED] - Object: 'Object Repository/Page_Shop Makeup Best Sellers/div_Makeup' is clicked on

2018-09-25 14:25:54 - [TEST_STEP][PASSED] - delay: Delayed 1 second(s)

2018-09-25 14:25:55 - [MESSAGE][PASSED] - Delayed 1 second(s)

2018-09-25 14:25:55 - [TEST_STEP][PASSED] - waitForElementVisible: Object 'Object Repository/Page_Shop Makeup Best Sellers/a_Makeup Sets' is visible

2018-09-25 14:25:55 - [MESSAGE][WARNING] - Timeout '0' is invalid. Using default page load timeout: '90'

2018-09-25 14:25:55 - [MESSAGE][PASSED] - Object 'Object Repository/Page_Shop Makeup Best Sellers/a_Makeup Sets' is visible

2018-09-25 14:25:55 - [TEST_STEP][PASSED] - click: Object: 'Object Repository/Page_Shop Makeup Best Sellers/a_Makeup Sets' is clicked on

2018-09-25 14:25:55 - [MESSAGE][PASSED] - Object: 'Object Repository/Page_Shop Makeup Best Sellers/a_Makeup Sets' is clicked on

2018-09-25 14:25:55 - [TEST_STEP][PASSED] - delay: Delayed 2 second(s)

2018-09-25 14:25:57 - [MESSAGE][PASSED] - Delayed 2 second(s)

2018-09-25 14:25:57 - [TEST_STEP][PASSED] - click: Object: 'Object Repository/Page_Shop Makeup Sets/svg_ 2018 Birchbox_icon__svg__' is clicked on

2018-09-25 14:25:57 - [MESSAGE][PASSED] - Object: 'Object Repository/Page_Shop Makeup Sets/svg_ 2018 Birchbox_icon__svg__' is clicked on

2018-09-25 14:25:57 - [TEST_STEP][PASSED] - waitForElementVisible: Object 'Object Repository/Page_Shop Whats New/div_Makeup' is visible

2018-09-25 14:25:57 - [MESSAGE][WARNING] - Timeout '0' is invalid. Using default page load timeout: '90'

2018-09-25 14:25:58 - [MESSAGE][PASSED] - Object 'Object Repository/Page_Shop Whats New/div_Makeup' is visible

2018-09-25 14:25:58 - [TEST_STEP][PASSED] - click: Object: 'Object Repository/Page_Shop Makeup Sets/div_Makeup' is clicked on

2018-09-25 14:25:58 - [MESSAGE][PASSED] - Object: 'Object Repository/Page_Shop Makeup Sets/div_Makeup' is clicked on

2018-09-25 14:25:58 - [TEST_STEP][PASSED] - delay: Delayed 1 second(s)

2018-09-25 14:25:59 - [MESSAGE][PASSED] - Delayed 1 second(s)

2018-09-25 14:25:59 - [TEST_STEP][PASSED] - waitForElementVisible: Object 'Object Repository/Page_Shop Makeup Sets/a_Makeup Brushes  Tools' is visible

2018-09-25 14:25:59 - [MESSAGE][WARNING] - Timeout '0' is invalid. Using default page load timeout: '90'

2018-09-25 14:25:59 - [MESSAGE][PASSED] - Object 'Object Repository/Page_Shop Makeup Sets/a_Makeup Brushes  Tools' is visible

2018-09-25 14:25:59 - [TEST_STEP][PASSED] - waitForElementClickable: Object 'Object Repository/Page_Shop Makeup Sets/a_Makeup Brushes  Tools' is clickable

2018-09-25 14:25:59 - [MESSAGE][WARNING] - Timeout '0' is invalid. Using default page load timeout: '90'

2018-09-25 14:25:59 - [MESSAGE][PASSED] - Object 'Object Repository/Page_Shop Makeup Sets/a_Makeup Brushes  Tools' is clickable

2018-09-25 14:25:59 - [TEST_STEP][PASSED] - click: Object: 'Object Repository/Page_Shop Makeup Sets/a_Makeup Brushes  Tools' is clicked on

2018-09-25 14:26:00 - [MESSAGE][PASSED] - Object: 'Object Repository/Page_Shop Makeup Sets/a_Makeup Brushes  Tools' is clicked on

2018-09-25 14:26:00 - [TEST_STEP][PASSED] - delay: Delayed 3 second(s)

2018-09-25 14:26:03 - [MESSAGE][PASSED] - Delayed 3 second(s)

2018-09-25 14:26:03 - [TEST_STEP][PASSED] - waitForElementVisible: Object 'Object Repository/Page_Shop Makeup Brushes and Makeup/svg_ 2018 Birchbox_icon__svg__' is visible

2018-09-25 14:26:03 - [MESSAGE][WARNING] - Timeout '0' is invalid. Using default page load timeout: '90'

2018-09-25 14:26:03 - [MESSAGE][PASSED] - Object 'Object Repository/Page_Shop Makeup Brushes and Makeup/svg_ 2018 Birchbox_icon__svg__' is visible

2018-09-25 14:26:03 - [TEST_STEP][PASSED] - waitForElementClickable: Object 'Object Repository/Page_Shop Makeup Brushes and Makeup/svg_ 2018 Birchbox_icon__svg__' is clickable

2018-09-25 14:26:03 - [MESSAGE][WARNING] - Timeout '0' is invalid. Using default page load timeout: '90'

2018-09-25 14:26:03 - [MESSAGE][PASSED] - Object 'Object Repository/Page_Shop Makeup Brushes and Makeup/svg_ 2018 Birchbox_icon__svg__' is clickable

2018-09-25 14:26:03 - [TEST_STEP][PASSED] - click: Object: 'Object Repository/Page_Shop Makeup Brushes and Makeup/svg_ 2018 Birchbox_icon__svg__' is clicked on

2018-09-25 14:26:03 - [MESSAGE][PASSED] - Object: 'Object Repository/Page_Shop Makeup Brushes and Makeup/svg_ 2018 Birchbox_icon__svg__' is clicked on

2018-09-25 14:26:03 - [TEST_STEP][PASSED] - waitForElementVisible: Object 'Object Repository/Page_Shop Whats New/div_Makeup' is visible

2018-09-25 14:26:03 - [MESSAGE][WARNING] - Timeout '0' is invalid. Using default page load timeout: '90'

2018-09-25 14:26:03 - [MESSAGE][PASSED] - Object 'Object Repository/Page_Shop Whats New/div_Makeup' is visible

2018-09-25 14:26:03 - [TEST_STEP][PASSED] - waitForElementClickable: Object 'Object Repository/Page_Shop Whats New/div_Makeup' is clickable

2018-09-25 14:26:03 - [MESSAGE][WARNING] - Timeout '0' is invalid. Using default page load timeout: '90'

2018-09-25 14:26:03 - [MESSAGE][PASSED] - Object 'Object Repository/Page_Shop Whats New/div_Makeup' is clickable

2018-09-25 14:26:03 - [TEST_STEP][PASSED] - click: Object: 'Object Repository/Page_Shop Makeup Brushes and Makeup/div_Makeup' is clicked on

2018-09-25 14:26:04 - [MESSAGE][PASSED] - Object: 'Object Repository/Page_Shop Makeup Brushes and Makeup/div_Makeup' is clicked on

2018-09-25 14:26:04 - [TEST_STEP][PASSED] - delay: Delayed 1 second(s)

2018-09-25 14:26:05 - [MESSAGE][PASSED] - Delayed 1 second(s)

2018-09-25 14:26:05 - [TEST_STEP][PASSED] - waitForElementVisible: Object 'Object Repository/Page_Shop Makeup Brushes and Makeup/a_Makeup Removers' is visible

2018-09-25 14:26:05 - [MESSAGE][WARNING] - Timeout '0' is invalid. Using default page load timeout: '90'

2018-09-25 14:26:05 - [MESSAGE][PASSED] - Object 'Object Repository/Page_Shop Makeup Brushes and Makeup/a_Makeup Removers' is visible

2018-09-25 14:26:05 - [TEST_STEP][PASSED] - waitForElementClickable: Object 'Object Repository/Page_Shop Makeup Brushes and Makeup/a_Makeup Removers' is clickable

2018-09-25 14:26:05 - [MESSAGE][WARNING] - Timeout '0' is invalid. Using default page load timeout: '90'

2018-09-25 14:26:05 - [MESSAGE][PASSED] - Object 'Object Repository/Page_Shop Makeup Brushes and Makeup/a_Makeup Removers' is clickable

2018-09-25 14:26:05 - [TEST_STEP][PASSED] - click: Object: 'Object Repository/Page_Shop Makeup Brushes and Makeup/a_Makeup Removers' is clicked on

2018-09-25 14:26:05 - [MESSAGE][PASSED] - Object: 'Object Repository/Page_Shop Makeup Brushes and Makeup/a_Makeup Removers' is clicked on

2018-09-25 14:26:05 - [TEST_STEP][PASSED] - delay: Delayed 2 second(s)

2018-09-25 14:26:07 - [MESSAGE][PASSED] - Delayed 2 second(s)

2018-09-25 14:26:07 - [TEST_STEP][PASSED] - click: Object: 'Object Repository/Page_Shop Makeup Removers/svg_ 2018 Birchbox_icon__svg__' is clicked on

2018-09-25 14:26:08 - [MESSAGE][PASSED] - Object: 'Object Repository/Page_Shop Makeup Removers/svg_ 2018 Birchbox_icon__svg__' is clicked on

2018-09-25 14:26:08 - [TEST_STEP][PASSED] - waitForElementVisible: Object 'Object Repository/Page_Shop Whats New/div_Makeup' is visible

2018-09-25 14:26:08 - [MESSAGE][WARNING] - Timeout '0' is invalid. Using default page load timeout: '90'

2018-09-25 14:26:08 - [MESSAGE][PASSED] - Object 'Object Repository/Page_Shop Whats New/div_Makeup' is visible

2018-09-25 14:26:08 - [TEST_STEP][PASSED] - waitForElementClickable: Object 'Object Repository/Page_Shop Whats New/div_Makeup' is clickable

2018-09-25 14:26:08 - [MESSAGE][WARNING] - Timeout '0' is invalid. Using default page load timeout: '90'

2018-09-25 14:26:08 - [MESSAGE][PASSED] - Object 'Object Repository/Page_Shop Whats New/div_Makeup' is clickable

2018-09-25 14:26:08 - [TEST_STEP][PASSED] - click: Object: 'Object Repository/Page_Shop Makeup Removers/div_Makeup' is clicked on

2018-09-25 14:26:08 - [MESSAGE][PASSED] - Object: 'Object Repository/Page_Shop Makeup Removers/div_Makeup' is clicked on

2018-09-25 14:26:08 - [TEST_STEP][PASSED] - delay: Delayed 1 second(s)

2018-09-25 14:26:09 - [MESSAGE][PASSED] - Delayed 1 second(s)

2018-09-25 14:26:09 - [TEST_STEP][PASSED] - waitForElementVisible: Object 'Object Repository/Page_Shop Makeup Removers/a_Gifts with Purchase' is visible

2018-09-25 14:26:09 - [MESSAGE][WARNING] - Timeout '0' is invalid. Using default page load timeout: '90'

2018-09-25 14:26:09 - [MESSAGE][PASSED] - Object 'Object Repository/Page_Shop Makeup Removers/a_Gifts with Purchase' is visible

2018-09-25 14:26:09 - [TEST_STEP][PASSED] - waitForElementClickable: Object 'Object Repository/Page_Shop Makeup Removers/a_Gifts with Purchase' is clickable

2018-09-25 14:26:09 - [MESSAGE][WARNING] - Timeout '0' is invalid. Using default page load timeout: '90'

2018-09-25 14:26:09 - [MESSAGE][PASSED] - Object 'Object Repository/Page_Shop Makeup Removers/a_Gifts with Purchase' is clickable

2018-09-25 14:26:09 - [TEST_STEP][PASSED] - click: Object: 'Object Repository/Page_Shop Makeup Removers/a_Gifts with Purchase' is clicked on

2018-09-25 14:26:10 - [MESSAGE][PASSED] - Object: 'Object Repository/Page_Shop Makeup Removers/a_Gifts with Purchase' is clicked on

2018-09-25 14:26:10 - [TEST_STEP][PASSED] - delay: Delayed 2 second(s)

2018-09-25 14:26:12 - [MESSAGE][PASSED] - Delayed 2 second(s)

2018-09-25 14:26:12 - [TEST_STEP][PASSED] - click: Object: 'Object Repository/Page_Beauty Box Subscription for Wo/svg_ 2018 Birchbox_icon__svg__' is clicked on

2018-09-25 14:26:12 - [MESSAGE][PASSED] - Object: 'Object Repository/Page_Beauty Box Subscription for Wo/svg_ 2018 Birchbox_icon__svg__' is clicked on

2018-09-25 14:26:12 - [TEST_STEP][PASSED] - waitForElementVisible: Object 'Object Repository/Page_Shop Whats New/div_Makeup' is visible

2018-09-25 14:26:12 - [MESSAGE][WARNING] - Timeout '0' is invalid. Using default page load timeout: '90'

2018-09-25 14:26:12 - [MESSAGE][PASSED] - Object 'Object Repository/Page_Shop Whats New/div_Makeup' is visible

2018-09-25 14:26:12 - [TEST_STEP][PASSED] - waitForElementClickable: Object 'Object Repository/Page_Shop Whats New/div_Makeup' is clickable

2018-09-25 14:26:12 - [MESSAGE][WARNING] - Timeout '0' is invalid. Using default page load timeout: '90'

2018-09-25 14:26:12 - [MESSAGE][PASSED] - Object 'Object Repository/Page_Shop Whats New/div_Makeup' is clickable

2018-09-25 14:26:12 - [TEST_STEP][PASSED] - click: Object: 'Object Repository/Page_Beauty Box Subscription for Wo/div_Makeup' is clicked on

2018-09-25 14:26:12 - [MESSAGE][PASSED] - Object: 'Object Repository/Page_Beauty Box Subscription for Wo/div_Makeup' is clicked on

2018-09-25 14:26:12 - [TEST_STEP][PASSED] - delay: Delayed 1 second(s)

2018-09-25 14:26:13 - [MESSAGE][PASSED] - Delayed 1 second(s)

2018-09-25 14:26:13 - [TEST_STEP][PASSED] - waitForElementVisible: Object 'Object Repository/Page_Beauty Box Subscription for Wo/div_See all Makeup (1)' is visible

2018-09-25 14:26:13 - [MESSAGE][WARNING] - Timeout '0' is invalid. Using default page load timeout: '90'

2018-09-25 14:26:13 - [MESSAGE][PASSED] - Object 'Object Repository/Page_Beauty Box Subscription for Wo/div_See all Makeup (1)' is visible

2018-09-25 14:26:13 - [TEST_STEP][PASSED] - waitForElementClickable: Object 'Object Repository/Page_Beauty Box Subscription for Wo/div_See all Makeup (1)' is clickable

2018-09-25 14:26:13 - [MESSAGE][WARNING] - Timeout '0' is invalid. Using default page load timeout: '90'

2018-09-25 14:26:13 - [MESSAGE][PASSED] - Object 'Object Repository/Page_Beauty Box Subscription for Wo/div_See all Makeup (1)' is clickable

2018-09-25 14:26:13 - [TEST_STEP][PASSED] - click: Object: 'Object Repository/Page_Beauty Box Subscription for Wo/div_See all Makeup (1)' is clicked on

2018-09-25 14:26:14 - [MESSAGE][PASSED] - Object: 'Object Repository/Page_Beauty Box Subscription for Wo/div_See all Makeup (1)' is clicked on]]></system-out>
         <system-err><![CDATA[]]></system-err>
      </testcase>
      <testcase name="Test Cases/US mobile test/Test all Shop top-level categories for Womens Shop (Hair)" classname="Test Cases/US mobile test/Test all Shop top-level categories for Womens Shop (Hair)" status="PASSED">
         <system-out><![CDATA[2018-09-25 14:26:14 - [TEST_CASE][PASSED] - Test Cases/US mobile test/Test all Shop top-level categories for Womens Shop (Hair): Test Cases/US mobile test/Test all Shop top-level categories for Womens Shop (Hair)

2018-09-25 14:26:14 - [TEST_STEP][NOT_RUN] - callTestCase: NOT_RUN: callTestCase

2018-09-25 14:26:14 - [MESSAGE][NOT_RUN] - NOT_RUN: callTestCase

2018-09-25 14:26:14 - [TEST_STEP][PASSED] - delay: Delayed 2 second(s)

2018-09-25 14:26:16 - [MESSAGE][PASSED] - Delayed 2 second(s)

2018-09-25 14:26:16 - [TEST_STEP][PASSED] - click: Object: 'Object Repository/Page_Beauty Box Subscription for Wo/svg_ 2018 Birchbox_icon__svg__' is clicked on

2018-09-25 14:26:16 - [MESSAGE][PASSED] - Object: 'Object Repository/Page_Beauty Box Subscription for Wo/svg_ 2018 Birchbox_icon__svg__' is clicked on

2018-09-25 14:26:16 - [TEST_STEP][PASSED] - delay: Delayed 1 second(s)

2018-09-25 14:26:17 - [MESSAGE][PASSED] - Delayed 1 second(s)

2018-09-25 14:26:17 - [TEST_STEP][PASSED] - click: Object: 'Object Repository/Page_Beauty Box Subscription for Wo/div_Hair' is clicked on

2018-09-25 14:26:18 - [MESSAGE][PASSED] - Object: 'Object Repository/Page_Beauty Box Subscription for Wo/div_Hair' is clicked on

2018-09-25 14:26:18 - [TEST_STEP][PASSED] - click: Object: 'Object Repository/Page_Beauty Box Subscription for Wo/div_Wash  Care' is clicked on

2018-09-25 14:26:19 - [MESSAGE][PASSED] - Object: 'Object Repository/Page_Beauty Box Subscription for Wo/div_Wash  Care' is clicked on

2018-09-25 14:26:19 - [TEST_STEP][PASSED] - delay: Delayed 1 second(s)

2018-09-25 14:26:20 - [MESSAGE][PASSED] - Delayed 1 second(s)

2018-09-25 14:26:20 - [TEST_STEP][PASSED] - click: Object: 'Object Repository/Page_Beauty Box Subscription for Wo/a_Shampoos' is clicked on

2018-09-25 14:26:20 - [MESSAGE][PASSED] - Object: 'Object Repository/Page_Beauty Box Subscription for Wo/a_Shampoos' is clicked on

2018-09-25 14:26:20 - [TEST_STEP][PASSED] - delay: Delayed 2 second(s)

2018-09-25 14:26:22 - [MESSAGE][PASSED] - Delayed 2 second(s)

2018-09-25 14:26:22 - [TEST_STEP][PASSED] - click: Object: 'Object Repository/Page_Shop Shampoos/svg_ 2018 Birchbox_icon__svg__' is clicked on

2018-09-25 14:26:23 - [MESSAGE][PASSED] - Object: 'Object Repository/Page_Shop Shampoos/svg_ 2018 Birchbox_icon__svg__' is clicked on

2018-09-25 14:26:23 - [TEST_STEP][PASSED] - click: Object: 'Object Repository/Page_Shop Shampoos/div_Hair' is clicked on

2018-09-25 14:26:23 - [MESSAGE][PASSED] - Object: 'Object Repository/Page_Shop Shampoos/div_Hair' is clicked on

2018-09-25 14:26:23 - [TEST_STEP][PASSED] - click: Object: 'Object Repository/Page_Shop Shampoos/div_Wash  Care' is clicked on

2018-09-25 14:26:23 - [MESSAGE][PASSED] - Object: 'Object Repository/Page_Shop Shampoos/div_Wash  Care' is clicked on

2018-09-25 14:26:23 - [TEST_STEP][PASSED] - delay: Delayed 1 second(s)

2018-09-25 14:26:24 - [MESSAGE][PASSED] - Delayed 1 second(s)

2018-09-25 14:26:24 - [TEST_STEP][PASSED] - waitForElementVisible: Object 'Object Repository/Page_Beauty Box Subscription for Wo/a_Conditioners' is visible

2018-09-25 14:26:25 - [MESSAGE][WARNING] - Timeout '0' is invalid. Using default page load timeout: '90'

2018-09-25 14:26:25 - [MESSAGE][PASSED] - Object 'Object Repository/Page_Beauty Box Subscription for Wo/a_Conditioners' is visible

2018-09-25 14:26:25 - [TEST_STEP][PASSED] - waitForElementClickable: Object 'Object Repository/Page_Beauty Box Subscription for Wo/a_Conditioners' is clickable

2018-09-25 14:26:25 - [MESSAGE][WARNING] - Timeout '0' is invalid. Using default page load timeout: '90'

2018-09-25 14:26:25 - [MESSAGE][PASSED] - Object 'Object Repository/Page_Beauty Box Subscription for Wo/a_Conditioners' is clickable

2018-09-25 14:26:25 - [TEST_STEP][PASSED] - click: Object: 'Object Repository/Page_Beauty Box Subscription for Wo/a_Conditioners' is clicked on

2018-09-25 14:26:25 - [MESSAGE][PASSED] - Object: 'Object Repository/Page_Beauty Box Subscription for Wo/a_Conditioners' is clicked on

2018-09-25 14:26:25 - [TEST_STEP][PASSED] - delay: Delayed 2 second(s)

2018-09-25 14:26:27 - [MESSAGE][PASSED] - Delayed 2 second(s)

2018-09-25 14:26:27 - [TEST_STEP][PASSED] - click: Object: 'Object Repository/Page_Shop Hair Conditioners/svg_ 2018 Birchbox_icon__svg__' is clicked on

2018-09-25 14:26:27 - [MESSAGE][PASSED] - Object: 'Object Repository/Page_Shop Hair Conditioners/svg_ 2018 Birchbox_icon__svg__' is clicked on

2018-09-25 14:26:27 - [TEST_STEP][PASSED] - delay: Delayed 1 second(s)

2018-09-25 14:26:28 - [MESSAGE][PASSED] - Delayed 1 second(s)

2018-09-25 14:26:28 - [TEST_STEP][PASSED] - click: Object: 'Object Repository/Page_Shop Hair Conditioners/div_Hair' is clicked on

2018-09-25 14:26:29 - [MESSAGE][PASSED] - Object: 'Object Repository/Page_Shop Hair Conditioners/div_Hair' is clicked on

2018-09-25 14:26:29 - [TEST_STEP][PASSED] - click: Object: 'Object Repository/Page_Shop Hair Conditioners/div_Wash  Care' is clicked on

2018-09-25 14:26:29 - [MESSAGE][PASSED] - Object: 'Object Repository/Page_Shop Hair Conditioners/div_Wash  Care' is clicked on

2018-09-25 14:26:29 - [TEST_STEP][PASSED] - delay: Delayed 1 second(s)

2018-09-25 14:26:30 - [MESSAGE][PASSED] - Delayed 1 second(s)

2018-09-25 14:26:30 - [TEST_STEP][PASSED] - waitForElementVisible: Object 'Object Repository/Page_Beauty Box Subscription for Wo/a_Cleansing Conditioners' is visible

2018-09-25 14:26:30 - [MESSAGE][WARNING] - Timeout '0' is invalid. Using default page load timeout: '90'

2018-09-25 14:26:30 - [MESSAGE][PASSED] - Object 'Object Repository/Page_Beauty Box Subscription for Wo/a_Cleansing Conditioners' is visible

2018-09-25 14:26:30 - [TEST_STEP][PASSED] - waitForElementClickable: Object 'Object Repository/Page_Beauty Box Subscription for Wo/a_Cleansing Conditioners' is clickable

2018-09-25 14:26:30 - [MESSAGE][WARNING] - Timeout '0' is invalid. Using default page load timeout: '90'

2018-09-25 14:26:30 - [MESSAGE][PASSED] - Object 'Object Repository/Page_Beauty Box Subscription for Wo/a_Cleansing Conditioners' is clickable

2018-09-25 14:26:30 - [TEST_STEP][PASSED] - click: Object: 'Object Repository/Page_Beauty Box Subscription for Wo/a_Cleansing Conditioners' is clicked on

2018-09-25 14:26:31 - [MESSAGE][PASSED] - Object: 'Object Repository/Page_Beauty Box Subscription for Wo/a_Cleansing Conditioners' is clicked on

2018-09-25 14:26:31 - [TEST_STEP][PASSED] - delay: Delayed 2 second(s)

2018-09-25 14:26:33 - [MESSAGE][PASSED] - Delayed 2 second(s)

2018-09-25 14:26:33 - [TEST_STEP][PASSED] - click: Object: 'Object Repository/Page_Shop Hair Cleansing Conditione/svg_ 2018 Birchbox_icon__svg__' is clicked on

2018-09-25 14:26:33 - [MESSAGE][PASSED] - Object: 'Object Repository/Page_Shop Hair Cleansing Conditione/svg_ 2018 Birchbox_icon__svg__' is clicked on

2018-09-25 14:26:33 - [TEST_STEP][PASSED] - click: Object: 'Object Repository/Page_Shop Hair Cleansing Conditione/div_Hair' is clicked on

2018-09-25 14:26:33 - [MESSAGE][PASSED] - Object: 'Object Repository/Page_Shop Hair Cleansing Conditione/div_Hair' is clicked on

2018-09-25 14:26:33 - [TEST_STEP][PASSED] - click: Object: 'Object Repository/Page_Shop Hair Cleansing Conditione/div_Treat' is clicked on

2018-09-25 14:26:34 - [MESSAGE][PASSED] - Object: 'Object Repository/Page_Shop Hair Cleansing Conditione/div_Treat' is clicked on

2018-09-25 14:26:34 - [TEST_STEP][PASSED] - waitForElementVisible: Object 'Object Repository/Page_Beauty Box Subscription for Wo/a_Detanglers' is visible

2018-09-25 14:26:34 - [MESSAGE][WARNING] - Timeout '0' is invalid. Using default page load timeout: '90'

2018-09-25 14:26:35 - [MESSAGE][PASSED] - Object 'Object Repository/Page_Beauty Box Subscription for Wo/a_Detanglers' is visible

2018-09-25 14:26:35 - [TEST_STEP][PASSED] - waitForElementClickable: Object 'Object Repository/Page_Beauty Box Subscription for Wo/a_Detanglers' is clickable

2018-09-25 14:26:35 - [MESSAGE][WARNING] - Timeout '0' is invalid. Using default page load timeout: '90'

2018-09-25 14:26:35 - [MESSAGE][PASSED] - Object 'Object Repository/Page_Beauty Box Subscription for Wo/a_Detanglers' is clickable

2018-09-25 14:26:35 - [TEST_STEP][PASSED] - click: Object: 'Object Repository/Page_Beauty Box Subscription for Wo/a_Detanglers' is clicked on

2018-09-25 14:26:36 - [MESSAGE][PASSED] - Object: 'Object Repository/Page_Beauty Box Subscription for Wo/a_Detanglers' is clicked on

2018-09-25 14:26:36 - [TEST_STEP][PASSED] - delay: Delayed 2 second(s)

2018-09-25 14:26:38 - [MESSAGE][PASSED] - Delayed 2 second(s)

2018-09-25 14:26:38 - [TEST_STEP][PASSED] - click: Object: 'Object Repository/Page_Shop Hair Detanglers/svg_ 2018 Birchbox_icon__svg__' is clicked on

2018-09-25 14:26:38 - [MESSAGE][PASSED] - Object: 'Object Repository/Page_Shop Hair Detanglers/svg_ 2018 Birchbox_icon__svg__' is clicked on

2018-09-25 14:26:38 - [TEST_STEP][PASSED] - click: Object: 'Object Repository/Page_Shop Hair Detanglers/div_Hair' is clicked on

2018-09-25 14:26:38 - [MESSAGE][PASSED] - Object: 'Object Repository/Page_Shop Hair Detanglers/div_Hair' is clicked on

2018-09-25 14:26:38 - [TEST_STEP][PASSED] - waitForElementVisible: Object 'Object Repository/Page_Shop Hair Detanglers/div_Treat' is visible

2018-09-25 14:26:38 - [MESSAGE][WARNING] - Timeout '0' is invalid. Using default page load timeout: '90'

2018-09-25 14:26:39 - [MESSAGE][PASSED] - Object 'Object Repository/Page_Shop Hair Detanglers/div_Treat' is visible

2018-09-25 14:26:39 - [TEST_STEP][PASSED] - waitForElementClickable: Object 'Object Repository/Page_Shop Hair Detanglers/div_Treat' is clickable

2018-09-25 14:26:39 - [MESSAGE][WARNING] - Timeout '0' is invalid. Using default page load timeout: '90'

2018-09-25 14:26:39 - [MESSAGE][PASSED] - Object 'Object Repository/Page_Shop Hair Detanglers/div_Treat' is clickable

2018-09-25 14:26:39 - [TEST_STEP][PASSED] - click: Object: 'Object Repository/Page_Shop Hair Detanglers/div_Treat' is clicked on

2018-09-25 14:26:39 - [MESSAGE][PASSED] - Object: 'Object Repository/Page_Shop Hair Detanglers/div_Treat' is clicked on

2018-09-25 14:26:39 - [TEST_STEP][PASSED] - delay: Delayed 1 second(s)

2018-09-25 14:26:40 - [MESSAGE][PASSED] - Delayed 1 second(s)

2018-09-25 14:26:40 - [TEST_STEP][PASSED] - waitForElementVisible: Object 'Object Repository/Page_Beauty Box Subscription for Wo/a_Leave-In Conditioners' is visible

2018-09-25 14:26:40 - [MESSAGE][WARNING] - Timeout '0' is invalid. Using default page load timeout: '90'

2018-09-25 14:26:40 - [MESSAGE][PASSED] - Object 'Object Repository/Page_Beauty Box Subscription for Wo/a_Leave-In Conditioners' is visible

2018-09-25 14:26:40 - [TEST_STEP][PASSED] - waitForElementClickable: Object 'Object Repository/Page_Beauty Box Subscription for Wo/a_Leave-In Conditioners' is clickable

2018-09-25 14:26:40 - [MESSAGE][WARNING] - Timeout '0' is invalid. Using default page load timeout: '90'

2018-09-25 14:26:40 - [MESSAGE][PASSED] - Object 'Object Repository/Page_Beauty Box Subscription for Wo/a_Leave-In Conditioners' is clickable

2018-09-25 14:26:40 - [TEST_STEP][PASSED] - click: Object: 'Object Repository/Page_Beauty Box Subscription for Wo/a_Leave-In Conditioners' is clicked on

2018-09-25 14:26:41 - [MESSAGE][PASSED] - Object: 'Object Repository/Page_Beauty Box Subscription for Wo/a_Leave-In Conditioners' is clicked on

2018-09-25 14:26:41 - [TEST_STEP][PASSED] - delay: Delayed 2 second(s)

2018-09-25 14:26:43 - [MESSAGE][PASSED] - Delayed 2 second(s)

2018-09-25 14:26:43 - [TEST_STEP][PASSED] - click: Object: 'Object Repository/Page_Shop Leave-In Conditioners/svg_ 2018 Birchbox_icon__svg__' is clicked on

2018-09-25 14:26:43 - [MESSAGE][PASSED] - Object: 'Object Repository/Page_Shop Leave-In Conditioners/svg_ 2018 Birchbox_icon__svg__' is clicked on

2018-09-25 14:26:43 - [TEST_STEP][PASSED] - waitForElementVisible: Object 'Object Repository/Page_Shop Leave-In Conditioners/div_Hair' is visible

2018-09-25 14:26:43 - [MESSAGE][WARNING] - Timeout '0' is invalid. Using default page load timeout: '90'

2018-09-25 14:26:43 - [MESSAGE][PASSED] - Object 'Object Repository/Page_Shop Leave-In Conditioners/div_Hair' is visible

2018-09-25 14:26:43 - [TEST_STEP][PASSED] - waitForElementClickable: Object 'Object Repository/Page_Shop Leave-In Conditioners/div_Hair' is clickable

2018-09-25 14:26:43 - [MESSAGE][WARNING] - Timeout '0' is invalid. Using default page load timeout: '90'

2018-09-25 14:26:43 - [MESSAGE][PASSED] - Object 'Object Repository/Page_Shop Leave-In Conditioners/div_Hair' is clickable

2018-09-25 14:26:43 - [TEST_STEP][PASSED] - click: Object: 'Object Repository/Page_Shop Leave-In Conditioners/div_Hair' is clicked on

2018-09-25 14:26:43 - [MESSAGE][PASSED] - Object: 'Object Repository/Page_Shop Leave-In Conditioners/div_Hair' is clicked on

2018-09-25 14:26:43 - [TEST_STEP][PASSED] - click: Object: 'Object Repository/Page_Shop Leave-In Conditioners/div_Treat' is clicked on

2018-09-25 14:26:44 - [MESSAGE][PASSED] - Object: 'Object Repository/Page_Shop Leave-In Conditioners/div_Treat' is clicked on

2018-09-25 14:26:44 - [TEST_STEP][PASSED] - delay: Delayed 1 second(s)

2018-09-25 14:26:45 - [MESSAGE][PASSED] - Delayed 1 second(s)

2018-09-25 14:26:45 - [TEST_STEP][PASSED] - waitForElementVisible: Object 'Object Repository/Page_Beauty Box Subscription for Wo/a_Oils' is visible

2018-09-25 14:26:45 - [MESSAGE][WARNING] - Timeout '0' is invalid. Using default page load timeout: '90'

2018-09-25 14:26:45 - [MESSAGE][PASSED] - Object 'Object Repository/Page_Beauty Box Subscription for Wo/a_Oils' is visible

2018-09-25 14:26:45 - [TEST_STEP][PASSED] - waitForElementClickable: Object 'Object Repository/Page_Beauty Box Subscription for Wo/a_Oils' is clickable

2018-09-25 14:26:45 - [MESSAGE][WARNING] - Timeout '0' is invalid. Using default page load timeout: '90'

2018-09-25 14:26:45 - [MESSAGE][PASSED] - Object 'Object Repository/Page_Beauty Box Subscription for Wo/a_Oils' is clickable

2018-09-25 14:26:45 - [TEST_STEP][PASSED] - click: Object: 'Object Repository/Page_Beauty Box Subscription for Wo/a_Oils' is clicked on

2018-09-25 14:26:45 - [MESSAGE][PASSED] - Object: 'Object Repository/Page_Beauty Box Subscription for Wo/a_Oils' is clicked on

2018-09-25 14:26:45 - [TEST_STEP][PASSED] - delay: Delayed 2 second(s)

2018-09-25 14:26:47 - [MESSAGE][PASSED] - Delayed 2 second(s)

2018-09-25 14:26:47 - [TEST_STEP][PASSED] - click: Object: 'Object Repository/Page_Shop Hair Oils/svg_ 2018 Birchbox_icon__svg__' is clicked on

2018-09-25 14:26:47 - [MESSAGE][PASSED] - Object: 'Object Repository/Page_Shop Hair Oils/svg_ 2018 Birchbox_icon__svg__' is clicked on

2018-09-25 14:26:47 - [TEST_STEP][PASSED] - click: Object: 'Object Repository/Page_Shop Hair Oils/div_Hair' is clicked on

2018-09-25 14:26:48 - [MESSAGE][PASSED] - Object: 'Object Repository/Page_Shop Hair Oils/div_Hair' is clicked on

2018-09-25 14:26:48 - [TEST_STEP][PASSED] - click: Object: 'Object Repository/Page_Shop Hair Oils/div_Treat' is clicked on

2018-09-25 14:26:48 - [MESSAGE][PASSED] - Object: 'Object Repository/Page_Shop Hair Oils/div_Treat' is clicked on

2018-09-25 14:26:48 - [TEST_STEP][PASSED] - delay: Delayed 2 second(s)

2018-09-25 14:26:50 - [MESSAGE][PASSED] - Delayed 2 second(s)

2018-09-25 14:26:50 - [TEST_STEP][PASSED] - waitForElementVisible: Object 'Object Repository/Page_Beauty Box Subscription for Wo/a_Masks' is visible

2018-09-25 14:26:50 - [MESSAGE][WARNING] - Timeout '0' is invalid. Using default page load timeout: '90'

2018-09-25 14:26:50 - [MESSAGE][PASSED] - Object 'Object Repository/Page_Beauty Box Subscription for Wo/a_Masks' is visible

2018-09-25 14:26:50 - [TEST_STEP][PASSED] - waitForElementClickable: Object 'Object Repository/Page_Beauty Box Subscription for Wo/a_Masks' is clickable

2018-09-25 14:26:50 - [MESSAGE][WARNING] - Timeout '0' is invalid. Using default page load timeout: '90'

2018-09-25 14:26:50 - [MESSAGE][PASSED] - Object 'Object Repository/Page_Beauty Box Subscription for Wo/a_Masks' is clickable

2018-09-25 14:26:50 - [TEST_STEP][PASSED] - click: Object: 'Object Repository/Page_Beauty Box Subscription for Wo/a_Masks' is clicked on

2018-09-25 14:26:51 - [MESSAGE][PASSED] - Object: 'Object Repository/Page_Beauty Box Subscription for Wo/a_Masks' is clicked on

2018-09-25 14:26:51 - [TEST_STEP][PASSED] - delay: Delayed 2 second(s)

2018-09-25 14:26:53 - [MESSAGE][PASSED] - Delayed 2 second(s)

2018-09-25 14:26:53 - [TEST_STEP][PASSED] - click: Object: 'Object Repository/Page_Shop Hair Masks/svg_ 2018 Birchbox_icon__svg__' is clicked on

2018-09-25 14:26:53 - [MESSAGE][PASSED] - Object: 'Object Repository/Page_Shop Hair Masks/svg_ 2018 Birchbox_icon__svg__' is clicked on

2018-09-25 14:26:53 - [TEST_STEP][PASSED] - click: Object: 'Object Repository/Page_Shop Hair Masks/div_Hair' is clicked on

2018-09-25 14:26:53 - [MESSAGE][PASSED] - Object: 'Object Repository/Page_Shop Hair Masks/div_Hair' is clicked on

2018-09-25 14:26:53 - [TEST_STEP][PASSED] - click: Object: 'Object Repository/Page_Shop Hair Masks/div_Treat' is clicked on

2018-09-25 14:26:54 - [MESSAGE][PASSED] - Object: 'Object Repository/Page_Shop Hair Masks/div_Treat' is clicked on

2018-09-25 14:26:54 - [TEST_STEP][PASSED] - delay: Delayed 1 second(s)

2018-09-25 14:26:55 - [MESSAGE][PASSED] - Delayed 1 second(s)

2018-09-25 14:26:55 - [TEST_STEP][PASSED] - waitForElementVisible: Object 'Object Repository/Page_Beauty Box Subscription for Wo/a_Pre-Shampoo Treatments' is visible

2018-09-25 14:26:55 - [MESSAGE][WARNING] - Timeout '0' is invalid. Using default page load timeout: '90'

2018-09-25 14:26:55 - [MESSAGE][PASSED] - Object 'Object Repository/Page_Beauty Box Subscription for Wo/a_Pre-Shampoo Treatments' is visible

2018-09-25 14:26:55 - [TEST_STEP][PASSED] - waitForElementClickable: Object 'Object Repository/Page_Beauty Box Subscription for Wo/a_Pre-Shampoo Treatments' is clickable

2018-09-25 14:26:55 - [MESSAGE][WARNING] - Timeout '0' is invalid. Using default page load timeout: '90'

2018-09-25 14:26:55 - [MESSAGE][PASSED] - Object 'Object Repository/Page_Beauty Box Subscription for Wo/a_Pre-Shampoo Treatments' is clickable

2018-09-25 14:26:55 - [TEST_STEP][PASSED] - click: Object: 'Object Repository/Page_Beauty Box Subscription for Wo/a_Pre-Shampoo Treatments' is clicked on

2018-09-25 14:26:55 - [MESSAGE][PASSED] - Object: 'Object Repository/Page_Beauty Box Subscription for Wo/a_Pre-Shampoo Treatments' is clicked on

2018-09-25 14:26:55 - [TEST_STEP][PASSED] - delay: Delayed 2 second(s)

2018-09-25 14:26:57 - [MESSAGE][PASSED] - Delayed 2 second(s)

2018-09-25 14:26:57 - [TEST_STEP][PASSED] - click: Object: 'Object Repository/Page_Shop Pre Shampoo Treatment/svg_ 2018 Birchbox_icon__svg__' is clicked on

2018-09-25 14:26:58 - [MESSAGE][PASSED] - Object: 'Object Repository/Page_Shop Pre Shampoo Treatment/svg_ 2018 Birchbox_icon__svg__' is clicked on

2018-09-25 14:26:58 - [TEST_STEP][PASSED] - click: Object: 'Object Repository/Page_Shop Pre Shampoo Treatment/div_Hair' is clicked on

2018-09-25 14:26:58 - [MESSAGE][PASSED] - Object: 'Object Repository/Page_Shop Pre Shampoo Treatment/div_Hair' is clicked on

2018-09-25 14:26:58 - [TEST_STEP][PASSED] - click: Object: 'Object Repository/Page_Shop Pre Shampoo Treatment/div_Treat' is clicked on

2018-09-25 14:26:58 - [MESSAGE][PASSED] - Object: 'Object Repository/Page_Shop Pre Shampoo Treatment/div_Treat' is clicked on

2018-09-25 14:26:58 - [TEST_STEP][PASSED] - delay: Delayed 2 second(s)

2018-09-25 14:27:00 - [MESSAGE][PASSED] - Delayed 2 second(s)

2018-09-25 14:27:00 - [TEST_STEP][PASSED] - waitForElementVisible: Object 'Object Repository/Page_Beauty Box Subscription for Wo/a_Scalp Treatments  Exfoliator' is visible

2018-09-25 14:27:00 - [MESSAGE][WARNING] - Timeout '0' is invalid. Using default page load timeout: '90'

2018-09-25 14:27:00 - [MESSAGE][PASSED] - Object 'Object Repository/Page_Beauty Box Subscription for Wo/a_Scalp Treatments  Exfoliator' is visible

2018-09-25 14:27:00 - [TEST_STEP][PASSED] - waitForElementClickable: Object 'Object Repository/Page_Beauty Box Subscription for Wo/a_Scalp Treatments  Exfoliator' is clickable

2018-09-25 14:27:00 - [MESSAGE][WARNING] - Timeout '0' is invalid. Using default page load timeout: '90'

2018-09-25 14:27:00 - [MESSAGE][PASSED] - Object 'Object Repository/Page_Beauty Box Subscription for Wo/a_Scalp Treatments  Exfoliator' is clickable

2018-09-25 14:27:00 - [TEST_STEP][PASSED] - click: Object: 'Object Repository/Page_Beauty Box Subscription for Wo/a_Scalp Treatments  Exfoliator' is clicked on

2018-09-25 14:27:01 - [MESSAGE][PASSED] - Object: 'Object Repository/Page_Beauty Box Subscription for Wo/a_Scalp Treatments  Exfoliator' is clicked on

2018-09-25 14:27:01 - [TEST_STEP][PASSED] - delay: Delayed 2 second(s)

2018-09-25 14:27:03 - [MESSAGE][PASSED] - Delayed 2 second(s)

2018-09-25 14:27:03 - [TEST_STEP][PASSED] - click: Object: 'Object Repository/Page_Shop Scalp Treatments and Scal/svg_ 2018 Birchbox_icon__svg__' is clicked on

2018-09-25 14:27:03 - [MESSAGE][PASSED] - Object: 'Object Repository/Page_Shop Scalp Treatments and Scal/svg_ 2018 Birchbox_icon__svg__' is clicked on

2018-09-25 14:27:03 - [TEST_STEP][PASSED] - waitForElementVisible: Object 'Object Repository/Page_Shop Scalp Treatments and Scal/div_Hair' is visible

2018-09-25 14:27:03 - [MESSAGE][WARNING] - Timeout '0' is invalid. Using default page load timeout: '90'

2018-09-25 14:27:03 - [MESSAGE][PASSED] - Object 'Object Repository/Page_Shop Scalp Treatments and Scal/div_Hair' is visible

2018-09-25 14:27:03 - [TEST_STEP][PASSED] - click: Object: 'Object Repository/Page_Shop Scalp Treatments and Scal/div_Hair' is clicked on

2018-09-25 14:27:03 - [MESSAGE][PASSED] - Object: 'Object Repository/Page_Shop Scalp Treatments and Scal/div_Hair' is clicked on

2018-09-25 14:27:03 - [TEST_STEP][PASSED] - click: Object: 'Object Repository/Page_Shop Scalp Treatments and Scal/div_Treat' is clicked on

2018-09-25 14:27:04 - [MESSAGE][PASSED] - Object: 'Object Repository/Page_Shop Scalp Treatments and Scal/div_Treat' is clicked on

2018-09-25 14:27:04 - [TEST_STEP][PASSED] - delay: Delayed 1 second(s)

2018-09-25 14:27:05 - [MESSAGE][PASSED] - Delayed 1 second(s)

2018-09-25 14:27:05 - [TEST_STEP][PASSED] - waitForElementVisible: Object 'Object Repository/Page_Beauty Box Subscription for Wo/a_Split End Treatments' is visible

2018-09-25 14:27:05 - [MESSAGE][WARNING] - Timeout '0' is invalid. Using default page load timeout: '90'

2018-09-25 14:27:05 - [MESSAGE][PASSED] - Object 'Object Repository/Page_Beauty Box Subscription for Wo/a_Split End Treatments' is visible

2018-09-25 14:27:05 - [TEST_STEP][PASSED] - waitForElementClickable: Object 'Object Repository/Page_Beauty Box Subscription for Wo/a_Split End Treatments' is clickable

2018-09-25 14:27:05 - [MESSAGE][WARNING] - Timeout '0' is invalid. Using default page load timeout: '90'

2018-09-25 14:27:05 - [MESSAGE][PASSED] - Object 'Object Repository/Page_Beauty Box Subscription for Wo/a_Split End Treatments' is clickable

2018-09-25 14:27:05 - [TEST_STEP][PASSED] - click: Object: 'Object Repository/Page_Beauty Box Subscription for Wo/a_Split End Treatments' is clicked on

2018-09-25 14:27:05 - [MESSAGE][PASSED] - Object: 'Object Repository/Page_Beauty Box Subscription for Wo/a_Split End Treatments' is clicked on

2018-09-25 14:27:05 - [TEST_STEP][PASSED] - delay: Delayed 2 second(s)

2018-09-25 14:27:07 - [MESSAGE][PASSED] - Delayed 2 second(s)

2018-09-25 14:27:07 - [TEST_STEP][PASSED] - click: Object: 'Object Repository/Page_Shop Split End Treatments/svg_ 2018 Birchbox_icon__svg__' is clicked on

2018-09-25 14:27:07 - [MESSAGE][PASSED] - Object: 'Object Repository/Page_Shop Split End Treatments/svg_ 2018 Birchbox_icon__svg__' is clicked on

2018-09-25 14:27:07 - [TEST_STEP][PASSED] - click: Object: 'Object Repository/Page_Shop Split End Treatments/div_Hair' is clicked on

2018-09-25 14:27:08 - [MESSAGE][PASSED] - Object: 'Object Repository/Page_Shop Split End Treatments/div_Hair' is clicked on

2018-09-25 14:27:08 - [TEST_STEP][PASSED] - click: Object: 'Object Repository/Page_Shop Split End Treatments/div_Treat' is clicked on

2018-09-25 14:27:08 - [MESSAGE][PASSED] - Object: 'Object Repository/Page_Shop Split End Treatments/div_Treat' is clicked on

2018-09-25 14:27:08 - [TEST_STEP][PASSED] - delay: Delayed 1 second(s)

2018-09-25 14:27:09 - [MESSAGE][PASSED] - Delayed 1 second(s)

2018-09-25 14:27:09 - [TEST_STEP][PASSED] - waitForElementVisible: Object 'Object Repository/Page_Beauty Box Subscription for Wo/a_Color Treatments' is visible

2018-09-25 14:27:09 - [MESSAGE][WARNING] - Timeout '0' is invalid. Using default page load timeout: '90'

2018-09-25 14:27:09 - [MESSAGE][PASSED] - Object 'Object Repository/Page_Beauty Box Subscription for Wo/a_Color Treatments' is visible

2018-09-25 14:27:09 - [TEST_STEP][PASSED] - waitForElementClickable: Object 'Object Repository/Page_Beauty Box Subscription for Wo/a_Color Treatments' is clickable

2018-09-25 14:27:09 - [MESSAGE][WARNING] - Timeout '0' is invalid. Using default page load timeout: '90'

2018-09-25 14:27:09 - [MESSAGE][PASSED] - Object 'Object Repository/Page_Beauty Box Subscription for Wo/a_Color Treatments' is clickable

2018-09-25 14:27:09 - [TEST_STEP][PASSED] - click: Object: 'Object Repository/Page_Beauty Box Subscription for Wo/a_Color Treatments' is clicked on

2018-09-25 14:27:10 - [MESSAGE][PASSED] - Object: 'Object Repository/Page_Beauty Box Subscription for Wo/a_Color Treatments' is clicked on

2018-09-25 14:27:10 - [TEST_STEP][PASSED] - delay: Delayed 2 second(s)

2018-09-25 14:27:12 - [MESSAGE][PASSED] - Delayed 2 second(s)

2018-09-25 14:27:12 - [TEST_STEP][PASSED] - click: Object: 'Object Repository/Page_Shop Hair Color Treatments/svg_ 2018 Birchbox_icon__svg__' is clicked on

2018-09-25 14:27:12 - [MESSAGE][PASSED] - Object: 'Object Repository/Page_Shop Hair Color Treatments/svg_ 2018 Birchbox_icon__svg__' is clicked on

2018-09-25 14:27:12 - [TEST_STEP][PASSED] - click: Object: 'Object Repository/Page_Shop Hair Color Treatments/div_Hair' is clicked on

2018-09-25 14:27:13 - [MESSAGE][PASSED] - Object: 'Object Repository/Page_Shop Hair Color Treatments/div_Hair' is clicked on

2018-09-25 14:27:13 - [TEST_STEP][PASSED] - click: Object: 'Object Repository/Page_Shop Hair Color Treatments/div_Style' is clicked on

2018-09-25 14:27:13 - [MESSAGE][PASSED] - Object: 'Object Repository/Page_Shop Hair Color Treatments/div_Style' is clicked on

2018-09-25 14:27:13 - [TEST_STEP][PASSED] - delay: Delayed 1 second(s)

2018-09-25 14:27:14 - [MESSAGE][PASSED] - Delayed 1 second(s)

2018-09-25 14:27:14 - [TEST_STEP][PASSED] - waitForElementVisible: Object 'Object Repository/Page_Beauty Box Subscription for Wo/a_Texturizers' is visible

2018-09-25 14:27:14 - [MESSAGE][WARNING] - Timeout '0' is invalid. Using default page load timeout: '90'

2018-09-25 14:27:15 - [MESSAGE][PASSED] - Object 'Object Repository/Page_Beauty Box Subscription for Wo/a_Texturizers' is visible

2018-09-25 14:27:15 - [TEST_STEP][PASSED] - waitForElementClickable: Object 'Object Repository/Page_Beauty Box Subscription for Wo/a_Texturizers' is clickable

2018-09-25 14:27:15 - [MESSAGE][WARNING] - Timeout '0' is invalid. Using default page load timeout: '90'

2018-09-25 14:27:15 - [MESSAGE][PASSED] - Object 'Object Repository/Page_Beauty Box Subscription for Wo/a_Texturizers' is clickable

2018-09-25 14:27:15 - [TEST_STEP][PASSED] - click: Object: 'Object Repository/Page_Beauty Box Subscription for Wo/a_Texturizers' is clicked on

2018-09-25 14:27:15 - [MESSAGE][PASSED] - Object: 'Object Repository/Page_Beauty Box Subscription for Wo/a_Texturizers' is clicked on

2018-09-25 14:27:15 - [TEST_STEP][PASSED] - delay: Delayed 2 second(s)

2018-09-25 14:27:17 - [MESSAGE][PASSED] - Delayed 2 second(s)

2018-09-25 14:27:17 - [TEST_STEP][PASSED] - click: Object: 'Object Repository/Page_Shop Texturizers/svg_ 2018 Birchbox_icon__svg__' is clicked on

2018-09-25 14:27:17 - [MESSAGE][PASSED] - Object: 'Object Repository/Page_Shop Texturizers/svg_ 2018 Birchbox_icon__svg__' is clicked on

2018-09-25 14:27:17 - [TEST_STEP][PASSED] - click: Object: 'Object Repository/Page_Shop Texturizers/div_Hair' is clicked on

2018-09-25 14:27:18 - [MESSAGE][PASSED] - Object: 'Object Repository/Page_Shop Texturizers/div_Hair' is clicked on

2018-09-25 14:27:18 - [TEST_STEP][PASSED] - click: Object: 'Object Repository/Page_Shop Texturizers/div_Style' is clicked on

2018-09-25 14:27:18 - [MESSAGE][PASSED] - Object: 'Object Repository/Page_Shop Texturizers/div_Style' is clicked on

2018-09-25 14:27:18 - [TEST_STEP][PASSED] - delay: Delayed 1 second(s)

2018-09-25 14:27:19 - [MESSAGE][PASSED] - Delayed 1 second(s)

2018-09-25 14:27:19 - [TEST_STEP][PASSED] - waitForElementVisible: Object 'Object Repository/Page_Beauty Box Subscription for Wo/a_Blowout Creams  Sprays' is visible

2018-09-25 14:27:19 - [MESSAGE][WARNING] - Timeout '0' is invalid. Using default page load timeout: '90'

2018-09-25 14:27:19 - [MESSAGE][PASSED] - Object 'Object Repository/Page_Beauty Box Subscription for Wo/a_Blowout Creams  Sprays' is visible

2018-09-25 14:27:19 - [TEST_STEP][PASSED] - waitForElementClickable: Object 'Object Repository/Page_Beauty Box Subscription for Wo/a_Blowout Creams  Sprays' is clickable

2018-09-25 14:27:19 - [MESSAGE][WARNING] - Timeout '0' is invalid. Using default page load timeout: '90'

2018-09-25 14:27:19 - [MESSAGE][PASSED] - Object 'Object Repository/Page_Beauty Box Subscription for Wo/a_Blowout Creams  Sprays' is clickable

2018-09-25 14:27:19 - [TEST_STEP][PASSED] - click: Object: 'Object Repository/Page_Beauty Box Subscription for Wo/a_Blowout Creams  Sprays' is clicked on

2018-09-25 14:27:20 - [MESSAGE][PASSED] - Object: 'Object Repository/Page_Beauty Box Subscription for Wo/a_Blowout Creams  Sprays' is clicked on

2018-09-25 14:27:20 - [TEST_STEP][PASSED] - delay: Delayed 2 second(s)

2018-09-25 14:27:22 - [MESSAGE][PASSED] - Delayed 2 second(s)

2018-09-25 14:27:22 - [TEST_STEP][PASSED] - click: Object: 'Object Repository/Page_Shop Styling Cremes/svg_ 2018 Birchbox_icon__svg__' is clicked on

2018-09-25 14:27:22 - [MESSAGE][PASSED] - Object: 'Object Repository/Page_Shop Styling Cremes/svg_ 2018 Birchbox_icon__svg__' is clicked on

2018-09-25 14:27:22 - [TEST_STEP][PASSED] - click: Object: 'Object Repository/Page_Shop Styling Cremes/div_Hair' is clicked on

2018-09-25 14:27:22 - [MESSAGE][PASSED] - Object: 'Object Repository/Page_Shop Styling Cremes/div_Hair' is clicked on

2018-09-25 14:27:22 - [TEST_STEP][PASSED] - click: Object: 'Object Repository/Page_Shop Styling Cremes/div_Style' is clicked on

2018-09-25 14:27:23 - [MESSAGE][PASSED] - Object: 'Object Repository/Page_Shop Styling Cremes/div_Style' is clicked on

2018-09-25 14:27:23 - [TEST_STEP][PASSED] - delay: Delayed 1 second(s)

2018-09-25 14:27:24 - [MESSAGE][PASSED] - Delayed 1 second(s)

2018-09-25 14:27:24 - [TEST_STEP][PASSED] - waitForElementVisible: Object 'Object Repository/Page_Beauty Box Subscription for Wo/a_Hairsprays' is visible

2018-09-25 14:27:24 - [MESSAGE][WARNING] - Timeout '0' is invalid. Using default page load timeout: '90'

2018-09-25 14:27:24 - [MESSAGE][PASSED] - Object 'Object Repository/Page_Beauty Box Subscription for Wo/a_Hairsprays' is visible

2018-09-25 14:27:24 - [TEST_STEP][PASSED] - waitForElementClickable: Object 'Object Repository/Page_Beauty Box Subscription for Wo/a_Hairsprays' is clickable

2018-09-25 14:27:24 - [MESSAGE][WARNING] - Timeout '0' is invalid. Using default page load timeout: '90'

2018-09-25 14:27:24 - [MESSAGE][PASSED] - Object 'Object Repository/Page_Beauty Box Subscription for Wo/a_Hairsprays' is clickable

2018-09-25 14:27:24 - [TEST_STEP][PASSED] - click: Object: 'Object Repository/Page_Beauty Box Subscription for Wo/a_Hairsprays' is clicked on

2018-09-25 14:27:24 - [MESSAGE][PASSED] - Object: 'Object Repository/Page_Beauty Box Subscription for Wo/a_Hairsprays' is clicked on

2018-09-25 14:27:24 - [TEST_STEP][PASSED] - delay: Delayed 2 second(s)

2018-09-25 14:27:26 - [MESSAGE][PASSED] - Delayed 2 second(s)

2018-09-25 14:27:26 - [TEST_STEP][PASSED] - click: Object: 'Object Repository/Page_Shop Hairsprays/svg_ 2018 Birchbox_icon__svg__' is clicked on

2018-09-25 14:27:27 - [MESSAGE][PASSED] - Object: 'Object Repository/Page_Shop Hairsprays/svg_ 2018 Birchbox_icon__svg__' is clicked on

2018-09-25 14:27:27 - [TEST_STEP][PASSED] - click: Object: 'Object Repository/Page_Shop Hairsprays/div_Hair' is clicked on

2018-09-25 14:27:27 - [MESSAGE][PASSED] - Object: 'Object Repository/Page_Shop Hairsprays/div_Hair' is clicked on

2018-09-25 14:27:27 - [TEST_STEP][PASSED] - click: Object: 'Object Repository/Page_Shop Hairsprays/div_Style' is clicked on

2018-09-25 14:27:28 - [MESSAGE][PASSED] - Object: 'Object Repository/Page_Shop Hairsprays/div_Style' is clicked on

2018-09-25 14:27:28 - [TEST_STEP][PASSED] - delay: Delayed 1 second(s)

2018-09-25 14:27:29 - [MESSAGE][PASSED] - Delayed 1 second(s)

2018-09-25 14:27:29 - [TEST_STEP][PASSED] - waitForElementVisible: Object 'Object Repository/Page_Beauty Box Subscription for Wo/a_Wave Sprays' is visible

2018-09-25 14:27:29 - [MESSAGE][WARNING] - Timeout '0' is invalid. Using default page load timeout: '90'

2018-09-25 14:27:29 - [MESSAGE][PASSED] - Object 'Object Repository/Page_Beauty Box Subscription for Wo/a_Wave Sprays' is visible

2018-09-25 14:27:29 - [TEST_STEP][PASSED] - waitForElementClickable: Object 'Object Repository/Page_Beauty Box Subscription for Wo/a_Wave Sprays' is clickable

2018-09-25 14:27:29 - [MESSAGE][WARNING] - Timeout '0' is invalid. Using default page load timeout: '90'

2018-09-25 14:27:29 - [MESSAGE][PASSED] - Object 'Object Repository/Page_Beauty Box Subscription for Wo/a_Wave Sprays' is clickable

2018-09-25 14:27:29 - [TEST_STEP][PASSED] - click: Object: 'Object Repository/Page_Beauty Box Subscription for Wo/a_Wave Sprays' is clicked on

2018-09-25 14:27:29 - [MESSAGE][PASSED] - Object: 'Object Repository/Page_Beauty Box Subscription for Wo/a_Wave Sprays' is clicked on

2018-09-25 14:27:29 - [TEST_STEP][PASSED] - delay: Delayed 2 second(s)

2018-09-25 14:27:31 - [MESSAGE][PASSED] - Delayed 2 second(s)

2018-09-25 14:27:31 - [TEST_STEP][PASSED] - click: Object: 'Object Repository/Page_Shop Wave Sprays/svg_ 2018 Birchbox_icon__svg__' is clicked on

2018-09-25 14:27:31 - [MESSAGE][PASSED] - Object: 'Object Repository/Page_Shop Wave Sprays/svg_ 2018 Birchbox_icon__svg__' is clicked on

2018-09-25 14:27:31 - [TEST_STEP][PASSED] - click: Object: 'Object Repository/Page_Shop Wave Sprays/div_Hair' is clicked on

2018-09-25 14:27:32 - [MESSAGE][PASSED] - Object: 'Object Repository/Page_Shop Wave Sprays/div_Hair' is clicked on

2018-09-25 14:27:32 - [TEST_STEP][PASSED] - click: Object: 'Object Repository/Page_Shop Wave Sprays/div_Style' is clicked on

2018-09-25 14:27:32 - [MESSAGE][PASSED] - Object: 'Object Repository/Page_Shop Wave Sprays/div_Style' is clicked on

2018-09-25 14:27:32 - [TEST_STEP][PASSED] - delay: Delayed 1 second(s)

2018-09-25 14:27:33 - [MESSAGE][PASSED] - Delayed 1 second(s)

2018-09-25 14:27:33 - [TEST_STEP][PASSED] - waitForElementVisible: Object 'Object Repository/Page_Beauty Box Subscription for Wo/a_Heat Protectants' is visible

2018-09-25 14:27:33 - [MESSAGE][WARNING] - Timeout '0' is invalid. Using default page load timeout: '90'

2018-09-25 14:27:34 - [MESSAGE][PASSED] - Object 'Object Repository/Page_Beauty Box Subscription for Wo/a_Heat Protectants' is visible

2018-09-25 14:27:34 - [TEST_STEP][PASSED] - waitForElementClickable: Object 'Object Repository/Page_Beauty Box Subscription for Wo/a_Heat Protectants' is clickable

2018-09-25 14:27:34 - [MESSAGE][WARNING] - Timeout '0' is invalid. Using default page load timeout: '90'

2018-09-25 14:27:34 - [MESSAGE][PASSED] - Object 'Object Repository/Page_Beauty Box Subscription for Wo/a_Heat Protectants' is clickable

2018-09-25 14:27:34 - [TEST_STEP][PASSED] - click: Object: 'Object Repository/Page_Beauty Box Subscription for Wo/a_Heat Protectants' is clicked on

2018-09-25 14:27:34 - [MESSAGE][PASSED] - Object: 'Object Repository/Page_Beauty Box Subscription for Wo/a_Heat Protectants' is clicked on

2018-09-25 14:27:34 - [TEST_STEP][PASSED] - delay: Delayed 2 second(s)

2018-09-25 14:27:36 - [MESSAGE][PASSED] - Delayed 2 second(s)

2018-09-25 14:27:36 - [TEST_STEP][PASSED] - click: Object: 'Object Repository/Page_Shop Hair Heat Protectants/svg_ 2018 Birchbox_icon__svg__' is clicked on

2018-09-25 14:27:36 - [MESSAGE][PASSED] - Object: 'Object Repository/Page_Shop Hair Heat Protectants/svg_ 2018 Birchbox_icon__svg__' is clicked on

2018-09-25 14:27:36 - [TEST_STEP][PASSED] - click: Object: 'Object Repository/Page_Shop Hair Heat Protectants/div_Hair' is clicked on

2018-09-25 14:27:37 - [MESSAGE][PASSED] - Object: 'Object Repository/Page_Shop Hair Heat Protectants/div_Hair' is clicked on

2018-09-25 14:27:37 - [TEST_STEP][PASSED] - click: Object: 'Object Repository/Page_Shop Hair Heat Protectants/div_Style' is clicked on

2018-09-25 14:27:37 - [MESSAGE][PASSED] - Object: 'Object Repository/Page_Shop Hair Heat Protectants/div_Style' is clicked on

2018-09-25 14:27:37 - [TEST_STEP][PASSED] - delay: Delayed 1 second(s)

2018-09-25 14:27:38 - [MESSAGE][PASSED] - Delayed 1 second(s)

2018-09-25 14:27:38 - [TEST_STEP][PASSED] - waitForElementVisible: Object 'Object Repository/Page_Beauty Box Subscription for Wo/a_Volumizers' is visible

2018-09-25 14:27:38 - [MESSAGE][WARNING] - Timeout '0' is invalid. Using default page load timeout: '90'

2018-09-25 14:27:38 - [MESSAGE][PASSED] - Object 'Object Repository/Page_Beauty Box Subscription for Wo/a_Volumizers' is visible

2018-09-25 14:27:38 - [TEST_STEP][PASSED] - waitForElementClickable: Object 'Object Repository/Page_Beauty Box Subscription for Wo/a_Volumizers' is clickable

2018-09-25 14:27:38 - [MESSAGE][WARNING] - Timeout '0' is invalid. Using default page load timeout: '90'

2018-09-25 14:27:39 - [MESSAGE][PASSED] - Object 'Object Repository/Page_Beauty Box Subscription for Wo/a_Volumizers' is clickable

2018-09-25 14:27:39 - [TEST_STEP][PASSED] - click: Object: 'Object Repository/Page_Beauty Box Subscription for Wo/a_Volumizers' is clicked on

2018-09-25 14:27:39 - [MESSAGE][PASSED] - Object: 'Object Repository/Page_Beauty Box Subscription for Wo/a_Volumizers' is clicked on

2018-09-25 14:27:39 - [TEST_STEP][PASSED] - delay: Delayed 2 second(s)

2018-09-25 14:27:41 - [MESSAGE][PASSED] - Delayed 2 second(s)

2018-09-25 14:27:41 - [TEST_STEP][PASSED] - click: Object: 'Object Repository/Page_Shop Hair Volumizers/svg_ 2018 Birchbox_icon__svg__' is clicked on

2018-09-25 14:27:41 - [MESSAGE][PASSED] - Object: 'Object Repository/Page_Shop Hair Volumizers/svg_ 2018 Birchbox_icon__svg__' is clicked on

2018-09-25 14:27:41 - [TEST_STEP][PASSED] - click: Object: 'Object Repository/Page_Shop Hair Volumizers/div_Hair' is clicked on

2018-09-25 14:27:42 - [MESSAGE][PASSED] - Object: 'Object Repository/Page_Shop Hair Volumizers/div_Hair' is clicked on

2018-09-25 14:27:42 - [TEST_STEP][PASSED] - click: Object: 'Object Repository/Page_Shop Hair Volumizers/div_Style' is clicked on

2018-09-25 14:27:42 - [MESSAGE][PASSED] - Object: 'Object Repository/Page_Shop Hair Volumizers/div_Style' is clicked on

2018-09-25 14:27:42 - [TEST_STEP][PASSED] - delay: Delayed 1 second(s)

2018-09-25 14:27:43 - [MESSAGE][PASSED] - Delayed 1 second(s)

2018-09-25 14:27:43 - [TEST_STEP][PASSED] - waitForElementVisible: Object 'Object Repository/Page_Beauty Box Subscription for Wo/a_Air Dry Creams  Sprays' is visible

2018-09-25 14:27:43 - [MESSAGE][WARNING] - Timeout '0' is invalid. Using default page load timeout: '90'

2018-09-25 14:27:43 - [MESSAGE][PASSED] - Object 'Object Repository/Page_Beauty Box Subscription for Wo/a_Air Dry Creams  Sprays' is visible

2018-09-25 14:27:43 - [TEST_STEP][PASSED] - waitForElementClickable: Object 'Object Repository/Page_Beauty Box Subscription for Wo/a_Air Dry Creams  Sprays' is clickable

2018-09-25 14:27:43 - [MESSAGE][WARNING] - Timeout '0' is invalid. Using default page load timeout: '90'

2018-09-25 14:27:44 - [MESSAGE][PASSED] - Object 'Object Repository/Page_Beauty Box Subscription for Wo/a_Air Dry Creams  Sprays' is clickable

2018-09-25 14:27:44 - [TEST_STEP][PASSED] - click: Object: 'Object Repository/Page_Beauty Box Subscription for Wo/a_Air Dry Creams  Sprays' is clicked on

2018-09-25 14:27:44 - [MESSAGE][PASSED] - Object: 'Object Repository/Page_Beauty Box Subscription for Wo/a_Air Dry Creams  Sprays' is clicked on

2018-09-25 14:27:44 - [TEST_STEP][PASSED] - delay: Delayed 2 second(s)

2018-09-25 14:27:46 - [MESSAGE][PASSED] - Delayed 2 second(s)

2018-09-25 14:27:46 - [TEST_STEP][PASSED] - click: Object: 'Object Repository/Page_Shop Hair/svg_ 2018 Birchbox_icon__svg__' is clicked on

2018-09-25 14:27:46 - [MESSAGE][PASSED] - Object: 'Object Repository/Page_Shop Hair/svg_ 2018 Birchbox_icon__svg__' is clicked on

2018-09-25 14:27:46 - [TEST_STEP][PASSED] - click: Object: 'Object Repository/Page_Shop Hair/div_Hair' is clicked on

2018-09-25 14:27:47 - [MESSAGE][PASSED] - Object: 'Object Repository/Page_Shop Hair/div_Hair' is clicked on

2018-09-25 14:27:47 - [TEST_STEP][PASSED] - click: Object: 'Object Repository/Page_Shop Hair/div_Style' is clicked on

2018-09-25 14:27:47 - [MESSAGE][PASSED] - Object: 'Object Repository/Page_Shop Hair/div_Style' is clicked on

2018-09-25 14:27:47 - [TEST_STEP][PASSED] - delay: Delayed 1 second(s)

2018-09-25 14:27:48 - [MESSAGE][PASSED] - Delayed 1 second(s)

2018-09-25 14:27:48 - [TEST_STEP][PASSED] - waitForElementVisible: Object 'Object Repository/Page_Beauty Box Subscription for Wo/a_Curl Creams  Sprays' is visible

2018-09-25 14:27:48 - [MESSAGE][WARNING] - Timeout '0' is invalid. Using default page load timeout: '90'

2018-09-25 14:27:48 - [MESSAGE][PASSED] - Object 'Object Repository/Page_Beauty Box Subscription for Wo/a_Curl Creams  Sprays' is visible

2018-09-25 14:27:48 - [TEST_STEP][PASSED] - waitForElementClickable: Object 'Object Repository/Page_Beauty Box Subscription for Wo/a_Curl Creams  Sprays' is clickable

2018-09-25 14:27:48 - [MESSAGE][WARNING] - Timeout '0' is invalid. Using default page load timeout: '90'

2018-09-25 14:27:49 - [MESSAGE][PASSED] - Object 'Object Repository/Page_Beauty Box Subscription for Wo/a_Curl Creams  Sprays' is clickable

2018-09-25 14:27:49 - [TEST_STEP][PASSED] - click: Object: 'Object Repository/Page_Beauty Box Subscription for Wo/a_Curl Creams  Sprays' is clicked on

2018-09-25 14:27:49 - [MESSAGE][PASSED] - Object: 'Object Repository/Page_Beauty Box Subscription for Wo/a_Curl Creams  Sprays' is clicked on

2018-09-25 14:27:49 - [TEST_STEP][PASSED] - delay: Delayed 2 second(s)

2018-09-25 14:27:51 - [MESSAGE][PASSED] - Delayed 2 second(s)

2018-09-25 14:27:51 - [TEST_STEP][PASSED] - click: Object: 'Object Repository/Page_Shop Hair Curl Creams and Hair/svg_ 2018 Birchbox_icon__svg__' is clicked on

2018-09-25 14:27:51 - [MESSAGE][PASSED] - Object: 'Object Repository/Page_Shop Hair Curl Creams and Hair/svg_ 2018 Birchbox_icon__svg__' is clicked on

2018-09-25 14:27:51 - [TEST_STEP][PASSED] - click: Object: 'Object Repository/Page_Shop Hair Curl Creams and Hair/div_Hair' is clicked on

2018-09-25 14:27:51 - [MESSAGE][PASSED] - Object: 'Object Repository/Page_Shop Hair Curl Creams and Hair/div_Hair' is clicked on

2018-09-25 14:27:51 - [TEST_STEP][PASSED] - click: Object: 'Object Repository/Page_Shop Hair Curl Creams and Hair/div_Style' is clicked on

2018-09-25 14:27:52 - [MESSAGE][PASSED] - Object: 'Object Repository/Page_Shop Hair Curl Creams and Hair/div_Style' is clicked on

2018-09-25 14:27:52 - [TEST_STEP][PASSED] - delay: Delayed 1 second(s)

2018-09-25 14:27:53 - [MESSAGE][PASSED] - Delayed 1 second(s)

2018-09-25 14:27:53 - [TEST_STEP][PASSED] - waitForElementVisible: Object 'Object Repository/Page_Beauty Box Subscription for Wo/a_Gels' is visible

2018-09-25 14:27:53 - [MESSAGE][WARNING] - Timeout '0' is invalid. Using default page load timeout: '90'

2018-09-25 14:27:53 - [MESSAGE][PASSED] - Object 'Object Repository/Page_Beauty Box Subscription for Wo/a_Gels' is visible

2018-09-25 14:27:53 - [TEST_STEP][PASSED] - waitForElementClickable: Object 'Object Repository/Page_Beauty Box Subscription for Wo/a_Gels' is clickable

2018-09-25 14:27:53 - [MESSAGE][WARNING] - Timeout '0' is invalid. Using default page load timeout: '90'

2018-09-25 14:27:53 - [MESSAGE][PASSED] - Object 'Object Repository/Page_Beauty Box Subscription for Wo/a_Gels' is clickable

2018-09-25 14:27:53 - [TEST_STEP][PASSED] - click: Object: 'Object Repository/Page_Beauty Box Subscription for Wo/a_Gels' is clicked on

2018-09-25 14:27:54 - [MESSAGE][PASSED] - Object: 'Object Repository/Page_Beauty Box Subscription for Wo/a_Gels' is clicked on

2018-09-25 14:27:54 - [TEST_STEP][PASSED] - delay: Delayed 2 second(s)

2018-09-25 14:27:56 - [MESSAGE][PASSED] - Delayed 2 second(s)

2018-09-25 14:27:56 - [TEST_STEP][PASSED] - click: Object: 'Object Repository/Page_Hair Styling Products from Bir/svg_ 2018 Birchbox_icon__svg__' is clicked on

2018-09-25 14:27:56 - [MESSAGE][PASSED] - Object: 'Object Repository/Page_Hair Styling Products from Bir/svg_ 2018 Birchbox_icon__svg__' is clicked on

2018-09-25 14:27:56 - [TEST_STEP][PASSED] - click: Object: 'Object Repository/Page_Hair Styling Products from Bir/div_Hair' is clicked on

2018-09-25 14:27:57 - [MESSAGE][PASSED] - Object: 'Object Repository/Page_Hair Styling Products from Bir/div_Hair' is clicked on

2018-09-25 14:27:57 - [TEST_STEP][PASSED] - click: Object: 'Object Repository/Page_Hair Styling Products from Bir/div_Style' is clicked on

2018-09-25 14:27:58 - [MESSAGE][PASSED] - Object: 'Object Repository/Page_Hair Styling Products from Bir/div_Style' is clicked on

2018-09-25 14:27:58 - [TEST_STEP][PASSED] - delay: Delayed 1 second(s)

2018-09-25 14:27:59 - [MESSAGE][PASSED] - Delayed 1 second(s)

2018-09-25 14:27:59 - [TEST_STEP][PASSED] - waitForElementVisible: Object 'Object Repository/Page_Beauty Box Subscription for Wo/a_Mousses' is visible

2018-09-25 14:27:59 - [MESSAGE][WARNING] - Timeout '0' is invalid. Using default page load timeout: '90'

2018-09-25 14:27:59 - [MESSAGE][PASSED] - Object 'Object Repository/Page_Beauty Box Subscription for Wo/a_Mousses' is visible

2018-09-25 14:27:59 - [TEST_STEP][PASSED] - waitForElementClickable: Object 'Object Repository/Page_Beauty Box Subscription for Wo/a_Mousses' is clickable

2018-09-25 14:27:59 - [MESSAGE][WARNING] - Timeout '0' is invalid. Using default page load timeout: '90'

2018-09-25 14:27:59 - [MESSAGE][PASSED] - Object 'Object Repository/Page_Beauty Box Subscription for Wo/a_Mousses' is clickable

2018-09-25 14:27:59 - [TEST_STEP][PASSED] - click: Object: 'Object Repository/Page_Beauty Box Subscription for Wo/a_Mousses' is clicked on

2018-09-25 14:28:00 - [MESSAGE][PASSED] - Object: 'Object Repository/Page_Beauty Box Subscription for Wo/a_Mousses' is clicked on

2018-09-25 14:28:00 - [TEST_STEP][PASSED] - delay: Delayed 2 second(s)

2018-09-25 14:28:02 - [MESSAGE][PASSED] - Delayed 2 second(s)

2018-09-25 14:28:02 - [TEST_STEP][PASSED] - click: Object: 'Object Repository/Page_Shop Hair Mousse/svg_ 2018 Birchbox_icon__svg__' is clicked on

2018-09-25 14:28:02 - [MESSAGE][PASSED] - Object: 'Object Repository/Page_Shop Hair Mousse/svg_ 2018 Birchbox_icon__svg__' is clicked on

2018-09-25 14:28:02 - [TEST_STEP][PASSED] - click: Object: 'Object Repository/Page_Shop Hair Mousse/div_Hair' is clicked on

2018-09-25 14:28:02 - [MESSAGE][PASSED] - Object: 'Object Repository/Page_Shop Hair Mousse/div_Hair' is clicked on

2018-09-25 14:28:02 - [TEST_STEP][PASSED] - click: Object: 'Object Repository/Page_Shop Hair Mousse/div_Style' is clicked on

2018-09-25 14:28:03 - [MESSAGE][PASSED] - Object: 'Object Repository/Page_Shop Hair Mousse/div_Style' is clicked on

2018-09-25 14:28:03 - [TEST_STEP][PASSED] - delay: Delayed 1 second(s)

2018-09-25 14:28:04 - [MESSAGE][PASSED] - Delayed 1 second(s)

2018-09-25 14:28:04 - [TEST_STEP][PASSED] - waitForElementVisible: Object 'Object Repository/Page_Beauty Box Subscription for Wo/a_Hot Tools (2)' is visible

2018-09-25 14:28:04 - [MESSAGE][WARNING] - Timeout '0' is invalid. Using default page load timeout: '90'

2018-09-25 14:28:04 - [MESSAGE][PASSED] - Object 'Object Repository/Page_Beauty Box Subscription for Wo/a_Hot Tools (2)' is visible

2018-09-25 14:28:04 - [TEST_STEP][PASSED] - waitForElementClickable: Object 'Object Repository/Page_Beauty Box Subscription for Wo/a_Hot Tools (2)' is clickable

2018-09-25 14:28:04 - [MESSAGE][WARNING] - Timeout '0' is invalid. Using default page load timeout: '90'

2018-09-25 14:28:04 - [MESSAGE][PASSED] - Object 'Object Repository/Page_Beauty Box Subscription for Wo/a_Hot Tools (2)' is clickable

2018-09-25 14:28:04 - [TEST_STEP][PASSED] - click: Object: 'Object Repository/Page_Beauty Box Subscription for Wo/a_Hot Tools (2)' is clicked on

2018-09-25 14:28:04 - [MESSAGE][PASSED] - Object: 'Object Repository/Page_Beauty Box Subscription for Wo/a_Hot Tools (2)' is clicked on

2018-09-25 14:28:04 - [TEST_STEP][PASSED] - delay: Delayed 2 second(s)

2018-09-25 14:28:06 - [MESSAGE][PASSED] - Delayed 2 second(s)

2018-09-25 14:28:06 - [TEST_STEP][PASSED] - click: Object: 'Object Repository/Page_Shop Hair Tools/svg_ 2018 Birchbox_icon__svg__' is clicked on

2018-09-25 14:28:07 - [MESSAGE][PASSED] - Object: 'Object Repository/Page_Shop Hair Tools/svg_ 2018 Birchbox_icon__svg__' is clicked on

2018-09-25 14:28:07 - [TEST_STEP][PASSED] - click: Object: 'Object Repository/Page_Shop Hair Tools/div_Hair' is clicked on

2018-09-25 14:28:07 - [MESSAGE][PASSED] - Object: 'Object Repository/Page_Shop Hair Tools/div_Hair' is clicked on

2018-09-25 14:28:07 - [TEST_STEP][PASSED] - click: Object: 'Object Repository/Page_Shop Hair Tools/div_Extend' is clicked on

2018-09-25 14:28:08 - [MESSAGE][PASSED] - Object: 'Object Repository/Page_Shop Hair Tools/div_Extend' is clicked on

2018-09-25 14:28:08 - [TEST_STEP][PASSED] - delay: Delayed 1 second(s)

2018-09-25 14:28:09 - [MESSAGE][PASSED] - Delayed 1 second(s)

2018-09-25 14:28:09 - [TEST_STEP][PASSED] - waitForElementVisible: Object 'Object Repository/Page_Beauty Box Subscription for Wo/a_Dry Shampoos' is visible

2018-09-25 14:28:09 - [MESSAGE][WARNING] - Timeout '0' is invalid. Using default page load timeout: '90'

2018-09-25 14:28:09 - [MESSAGE][PASSED] - Object 'Object Repository/Page_Beauty Box Subscription for Wo/a_Dry Shampoos' is visible

2018-09-25 14:28:09 - [TEST_STEP][PASSED] - waitForElementClickable: Object 'Object Repository/Page_Beauty Box Subscription for Wo/a_Dry Shampoos' is clickable

2018-09-25 14:28:09 - [MESSAGE][WARNING] - Timeout '0' is invalid. Using default page load timeout: '90'

2018-09-25 14:28:09 - [MESSAGE][PASSED] - Object 'Object Repository/Page_Beauty Box Subscription for Wo/a_Dry Shampoos' is clickable

2018-09-25 14:28:09 - [TEST_STEP][PASSED] - click: Object: 'Object Repository/Page_Beauty Box Subscription for Wo/a_Dry Shampoos' is clicked on

2018-09-25 14:28:10 - [MESSAGE][PASSED] - Object: 'Object Repository/Page_Beauty Box Subscription for Wo/a_Dry Shampoos' is clicked on

2018-09-25 14:28:10 - [TEST_STEP][PASSED] - delay: Delayed 2 second(s)

2018-09-25 14:28:12 - [MESSAGE][PASSED] - Delayed 2 second(s)

2018-09-25 14:28:12 - [TEST_STEP][PASSED] - click: Object: 'Object Repository/Page_Shop Dry Shampoos/svg_ 2018 Birchbox_icon__svg__' is clicked on

2018-09-25 14:28:13 - [MESSAGE][PASSED] - Object: 'Object Repository/Page_Shop Dry Shampoos/svg_ 2018 Birchbox_icon__svg__' is clicked on

2018-09-25 14:28:13 - [TEST_STEP][PASSED] - waitForElementVisible: Object 'Object Repository/Page_Shop Dry Shampoos/div_Hair' is visible

2018-09-25 14:28:13 - [MESSAGE][WARNING] - Timeout '0' is invalid. Using default page load timeout: '90'

2018-09-25 14:28:13 - [MESSAGE][PASSED] - Object 'Object Repository/Page_Shop Dry Shampoos/div_Hair' is visible

2018-09-25 14:28:13 - [TEST_STEP][PASSED] - click: Object: 'Object Repository/Page_Shop Dry Shampoos/div_Hair' is clicked on

2018-09-25 14:28:13 - [MESSAGE][PASSED] - Object: 'Object Repository/Page_Shop Dry Shampoos/div_Hair' is clicked on

2018-09-25 14:28:13 - [TEST_STEP][PASSED] - click: Object: 'Object Repository/Page_Shop Dry Shampoos/div_Extend' is clicked on

2018-09-25 14:28:14 - [MESSAGE][PASSED] - Object: 'Object Repository/Page_Shop Dry Shampoos/div_Extend' is clicked on

2018-09-25 14:28:14 - [TEST_STEP][PASSED] - delay: Delayed 1 second(s)

2018-09-25 14:28:15 - [MESSAGE][PASSED] - Delayed 1 second(s)

2018-09-25 14:28:15 - [TEST_STEP][PASSED] - waitForElementVisible: Object 'Object Repository/Page_Beauty Box Subscription for Wo/a_Dry Conditioners' is visible

2018-09-25 14:28:15 - [MESSAGE][WARNING] - Timeout '0' is invalid. Using default page load timeout: '90'

2018-09-25 14:28:15 - [MESSAGE][PASSED] - Object 'Object Repository/Page_Beauty Box Subscription for Wo/a_Dry Conditioners' is visible

2018-09-25 14:28:15 - [TEST_STEP][PASSED] - waitForElementClickable: Object 'Object Repository/Page_Beauty Box Subscription for Wo/a_Dry Conditioners' is clickable

2018-09-25 14:28:15 - [MESSAGE][WARNING] - Timeout '0' is invalid. Using default page load timeout: '90'

2018-09-25 14:28:15 - [MESSAGE][PASSED] - Object 'Object Repository/Page_Beauty Box Subscription for Wo/a_Dry Conditioners' is clickable

2018-09-25 14:28:15 - [TEST_STEP][PASSED] - click: Object: 'Object Repository/Page_Beauty Box Subscription for Wo/a_Dry Conditioners' is clicked on

2018-09-25 14:28:15 - [MESSAGE][PASSED] - Object: 'Object Repository/Page_Beauty Box Subscription for Wo/a_Dry Conditioners' is clicked on

2018-09-25 14:28:15 - [TEST_STEP][PASSED] - delay: Delayed 2 second(s)

2018-09-25 14:28:17 - [MESSAGE][PASSED] - Delayed 2 second(s)

2018-09-25 14:28:17 - [TEST_STEP][PASSED] - click: Object: 'Object Repository/Page_Shop Dry Conditioners/svg_ 2018 Birchbox_icon__svg__' is clicked on

2018-09-25 14:28:17 - [MESSAGE][PASSED] - Object: 'Object Repository/Page_Shop Dry Conditioners/svg_ 2018 Birchbox_icon__svg__' is clicked on

2018-09-25 14:28:17 - [TEST_STEP][PASSED] - click: Object: 'Object Repository/Page_Shop Dry Conditioners/div_Hair' is clicked on

2018-09-25 14:28:18 - [MESSAGE][PASSED] - Object: 'Object Repository/Page_Shop Dry Conditioners/div_Hair' is clicked on

2018-09-25 14:28:18 - [TEST_STEP][PASSED] - click: Object: 'Object Repository/Page_Shop Dry Conditioners/div_Extend' is clicked on

2018-09-25 14:28:18 - [MESSAGE][PASSED] - Object: 'Object Repository/Page_Shop Dry Conditioners/div_Extend' is clicked on

2018-09-25 14:28:18 - [TEST_STEP][PASSED] - delay: Delayed 1 second(s)

2018-09-25 14:28:19 - [MESSAGE][PASSED] - Delayed 1 second(s)

2018-09-25 14:28:19 - [TEST_STEP][PASSED] - waitForElementVisible: Object 'Object Repository/Page_Beauty Box Subscription for Wo/a_Re-styling Creams  Sprays' is visible

2018-09-25 14:28:19 - [MESSAGE][WARNING] - Timeout '0' is invalid. Using default page load timeout: '90'

2018-09-25 14:28:20 - [MESSAGE][PASSED] - Object 'Object Repository/Page_Beauty Box Subscription for Wo/a_Re-styling Creams  Sprays' is visible

2018-09-25 14:28:20 - [TEST_STEP][PASSED] - waitForElementClickable: Object 'Object Repository/Page_Beauty Box Subscription for Wo/a_Re-styling Creams  Sprays' is clickable

2018-09-25 14:28:20 - [MESSAGE][WARNING] - Timeout '0' is invalid. Using default page load timeout: '90'

2018-09-25 14:28:20 - [MESSAGE][PASSED] - Object 'Object Repository/Page_Beauty Box Subscription for Wo/a_Re-styling Creams  Sprays' is clickable

2018-09-25 14:28:20 - [TEST_STEP][PASSED] - click: Object: 'Object Repository/Page_Beauty Box Subscription for Wo/a_Re-styling Creams  Sprays' is clicked on

2018-09-25 14:28:20 - [MESSAGE][PASSED] - Object: 'Object Repository/Page_Beauty Box Subscription for Wo/a_Re-styling Creams  Sprays' is clicked on

2018-09-25 14:28:20 - [TEST_STEP][PASSED] - delay: Delayed 2 second(s)

2018-09-25 14:28:22 - [MESSAGE][PASSED] - Delayed 2 second(s)

2018-09-25 14:28:22 - [TEST_STEP][PASSED] - click: Object: 'Object Repository/Page_Shop Hair Restyler Cream  Hair/svg_ 2018 Birchbox_icon__svg__' is clicked on

2018-09-25 14:28:22 - [MESSAGE][PASSED] - Object: 'Object Repository/Page_Shop Hair Restyler Cream  Hair/svg_ 2018 Birchbox_icon__svg__' is clicked on

2018-09-25 14:28:22 - [TEST_STEP][PASSED] - click: Object: 'Object Repository/Page_Shop Hair Restyler Cream  Hair/div_Hair' is clicked on

2018-09-25 14:28:23 - [MESSAGE][PASSED] - Object: 'Object Repository/Page_Shop Hair Restyler Cream  Hair/div_Hair' is clicked on

2018-09-25 14:28:23 - [TEST_STEP][PASSED] - delay: Delayed 1 second(s)

2018-09-25 14:28:24 - [MESSAGE][PASSED] - Delayed 1 second(s)

2018-09-25 14:28:24 - [TEST_STEP][PASSED] - waitForElementVisible: Object 'Object Repository/Page_Shop Hair Restyler Cream  Hair/div_See all Haircare' is visible

2018-09-25 14:28:24 - [MESSAGE][WARNING] - Timeout '0' is invalid. Using default page load timeout: '90'

2018-09-25 14:28:24 - [MESSAGE][PASSED] - Object 'Object Repository/Page_Shop Hair Restyler Cream  Hair/div_See all Haircare' is visible

2018-09-25 14:28:24 - [TEST_STEP][PASSED] - waitForElementClickable: Object 'Object Repository/Page_Shop Hair Restyler Cream  Hair/div_See all Haircare' is clickable

2018-09-25 14:28:24 - [MESSAGE][WARNING] - Timeout '0' is invalid. Using default page load timeout: '90'

2018-09-25 14:28:24 - [MESSAGE][PASSED] - Object 'Object Repository/Page_Shop Hair Restyler Cream  Hair/div_See all Haircare' is clickable

2018-09-25 14:28:24 - [TEST_STEP][PASSED] - click: Object: 'Object Repository/Page_Shop Hair Restyler Cream  Hair/div_See all Haircare' is clicked on

2018-09-25 14:28:24 - [MESSAGE][PASSED] - Object: 'Object Repository/Page_Shop Hair Restyler Cream  Hair/div_See all Haircare' is clicked on

2018-09-25 14:28:24 - [TEST_STEP][PASSED] - delay: Delayed 2 second(s)

2018-09-25 14:28:26 - [MESSAGE][PASSED] - Delayed 2 second(s)

2018-09-25 14:28:26 - [TEST_STEP][PASSED] - click: Object: 'Object Repository/Page_Beauty Box Subscription for Wo/svg_ 2018 Birchbox_icon__svg__' is clicked on

2018-09-25 14:28:26 - [MESSAGE][PASSED] - Object: 'Object Repository/Page_Beauty Box Subscription for Wo/svg_ 2018 Birchbox_icon__svg__' is clicked on

2018-09-25 14:28:26 - [TEST_STEP][PASSED] - click: Object: 'Object Repository/Page_Beauty Box Subscription for Wo/div_Hair' is clicked on

2018-09-25 14:28:27 - [MESSAGE][PASSED] - Object: 'Object Repository/Page_Beauty Box Subscription for Wo/div_Hair' is clicked on

2018-09-25 14:28:27 - [TEST_STEP][PASSED] - delay: Delayed 1 second(s)

2018-09-25 14:28:28 - [MESSAGE][PASSED] - Delayed 1 second(s)

2018-09-25 14:28:28 - [TEST_STEP][PASSED] - waitForElementVisible: Object 'Object Repository/Page_Beauty Box Subscription for Wo/a_Best Sellers' is visible

2018-09-25 14:28:28 - [MESSAGE][WARNING] - Timeout '0' is invalid. Using default page load timeout: '90'

2018-09-25 14:28:28 - [MESSAGE][PASSED] - Object 'Object Repository/Page_Beauty Box Subscription for Wo/a_Best Sellers' is visible

2018-09-25 14:28:28 - [TEST_STEP][PASSED] - waitForElementClickable: Object 'Object Repository/Page_Beauty Box Subscription for Wo/a_Best Sellers' is clickable

2018-09-25 14:28:28 - [MESSAGE][WARNING] - Timeout '0' is invalid. Using default page load timeout: '90'

2018-09-25 14:28:28 - [MESSAGE][PASSED] - Object 'Object Repository/Page_Beauty Box Subscription for Wo/a_Best Sellers' is clickable

2018-09-25 14:28:28 - [TEST_STEP][PASSED] - click: Object: 'Object Repository/Page_Beauty Box Subscription for Wo/a_Best Sellers' is clicked on

2018-09-25 14:28:28 - [MESSAGE][PASSED] - Object: 'Object Repository/Page_Beauty Box Subscription for Wo/a_Best Sellers' is clicked on

2018-09-25 14:28:28 - [TEST_STEP][PASSED] - delay: Delayed 2 second(s)

2018-09-25 14:28:30 - [MESSAGE][PASSED] - Delayed 2 second(s)

2018-09-25 14:28:30 - [TEST_STEP][PASSED] - click: Object: 'Object Repository/Page_Shop Hair Best Sellers/svg_ 2018 Birchbox_icon__svg__' is clicked on

2018-09-25 14:28:30 - [MESSAGE][PASSED] - Object: 'Object Repository/Page_Shop Hair Best Sellers/svg_ 2018 Birchbox_icon__svg__' is clicked on

2018-09-25 14:28:30 - [TEST_STEP][PASSED] - click: Object: 'Object Repository/Page_Shop Hair Best Sellers/div_Hair' is clicked on

2018-09-25 14:28:31 - [MESSAGE][PASSED] - Object: 'Object Repository/Page_Shop Hair Best Sellers/div_Hair' is clicked on

2018-09-25 14:28:31 - [TEST_STEP][PASSED] - delay: Delayed 1 second(s)

2018-09-25 14:28:32 - [MESSAGE][PASSED] - Delayed 1 second(s)

2018-09-25 14:28:32 - [TEST_STEP][PASSED] - waitForElementVisible: Object 'Object Repository/Page_Shop Hair Best Sellers/a_Hair Sets' is visible

2018-09-25 14:28:32 - [MESSAGE][WARNING] - Timeout '0' is invalid. Using default page load timeout: '90'

2018-09-25 14:28:32 - [MESSAGE][PASSED] - Object 'Object Repository/Page_Shop Hair Best Sellers/a_Hair Sets' is visible

2018-09-25 14:28:32 - [TEST_STEP][PASSED] - waitForElementClickable: Object 'Object Repository/Page_Shop Hair Best Sellers/a_Hair Sets' is clickable

2018-09-25 14:28:32 - [MESSAGE][WARNING] - Timeout '0' is invalid. Using default page load timeout: '90'

2018-09-25 14:28:32 - [MESSAGE][PASSED] - Object 'Object Repository/Page_Shop Hair Best Sellers/a_Hair Sets' is clickable

2018-09-25 14:28:32 - [TEST_STEP][PASSED] - click: Object: 'Object Repository/Page_Shop Hair Best Sellers/a_Hair Sets' is clicked on

2018-09-25 14:28:32 - [MESSAGE][PASSED] - Object: 'Object Repository/Page_Shop Hair Best Sellers/a_Hair Sets' is clicked on

2018-09-25 14:28:32 - [TEST_STEP][PASSED] - delay: Delayed 2 second(s)

2018-09-25 14:28:34 - [MESSAGE][PASSED] - Delayed 2 second(s)

2018-09-25 14:28:34 - [TEST_STEP][PASSED] - click: Object: 'Object Repository/Page_Shop Hair Sets/svg_ 2018 Birchbox_icon__svg__' is clicked on

2018-09-25 14:28:35 - [MESSAGE][PASSED] - Object: 'Object Repository/Page_Shop Hair Sets/svg_ 2018 Birchbox_icon__svg__' is clicked on

2018-09-25 14:28:35 - [TEST_STEP][PASSED] - click: Object: 'Object Repository/Page_Shop Hair Sets/div_Hair' is clicked on

2018-09-25 14:28:35 - [MESSAGE][PASSED] - Object: 'Object Repository/Page_Shop Hair Sets/div_Hair' is clicked on

2018-09-25 14:28:35 - [TEST_STEP][PASSED] - delay: Delayed 1 second(s)

2018-09-25 14:28:36 - [MESSAGE][PASSED] - Delayed 1 second(s)

2018-09-25 14:28:36 - [TEST_STEP][PASSED] - waitForElementVisible: Object 'Object Repository/Page_Shop Hair Sets/a_Hair Brushes  Tools' is visible

2018-09-25 14:28:36 - [MESSAGE][WARNING] - Timeout '0' is invalid. Using default page load timeout: '90'

2018-09-25 14:28:36 - [MESSAGE][PASSED] - Object 'Object Repository/Page_Shop Hair Sets/a_Hair Brushes  Tools' is visible

2018-09-25 14:28:36 - [TEST_STEP][PASSED] - waitForElementClickable: Object 'Object Repository/Page_Shop Hair Sets/a_Hair Brushes  Tools' is clickable

2018-09-25 14:28:36 - [MESSAGE][WARNING] - Timeout '0' is invalid. Using default page load timeout: '90'

2018-09-25 14:28:36 - [MESSAGE][PASSED] - Object 'Object Repository/Page_Shop Hair Sets/a_Hair Brushes  Tools' is clickable

2018-09-25 14:28:36 - [TEST_STEP][PASSED] - click: Object: 'Object Repository/Page_Shop Hair Sets/a_Hair Brushes  Tools' is clicked on

2018-09-25 14:28:36 - [MESSAGE][PASSED] - Object: 'Object Repository/Page_Shop Hair Sets/a_Hair Brushes  Tools' is clicked on

2018-09-25 14:28:36 - [TEST_STEP][PASSED] - delay: Delayed 2 second(s)

2018-09-25 14:28:38 - [MESSAGE][PASSED] - Delayed 2 second(s)

2018-09-25 14:28:38 - [TEST_STEP][PASSED] - click: Object: 'Object Repository/Page_Shop Hair Tools/svg_ 2018 Birchbox_icon__svg__' is clicked on

2018-09-25 14:28:39 - [MESSAGE][PASSED] - Object: 'Object Repository/Page_Shop Hair Tools/svg_ 2018 Birchbox_icon__svg__' is clicked on

2018-09-25 14:28:39 - [TEST_STEP][PASSED] - click: Object: 'Object Repository/Page_Shop Hair Tools/div_Hair' is clicked on

2018-09-25 14:28:39 - [MESSAGE][PASSED] - Object: 'Object Repository/Page_Shop Hair Tools/div_Hair' is clicked on

2018-09-25 14:28:39 - [TEST_STEP][PASSED] - delay: Delayed 1 second(s)

2018-09-25 14:28:40 - [MESSAGE][PASSED] - Delayed 1 second(s)

2018-09-25 14:28:40 - [TEST_STEP][PASSED] - waitForElementVisible: Object 'Object Repository/Page_Shop Hair Tools/a_Travel Products' is visible

2018-09-25 14:28:40 - [MESSAGE][WARNING] - Timeout '0' is invalid. Using default page load timeout: '90'

2018-09-25 14:28:40 - [MESSAGE][PASSED] - Object 'Object Repository/Page_Shop Hair Tools/a_Travel Products' is visible

2018-09-25 14:28:40 - [TEST_STEP][PASSED] - waitForElementClickable: Object 'Object Repository/Page_Shop Hair Tools/a_Travel Products' is clickable

2018-09-25 14:28:40 - [MESSAGE][WARNING] - Timeout '0' is invalid. Using default page load timeout: '90'

2018-09-25 14:28:40 - [MESSAGE][PASSED] - Object 'Object Repository/Page_Shop Hair Tools/a_Travel Products' is clickable

2018-09-25 14:28:40 - [TEST_STEP][PASSED] - click: Object: 'Object Repository/Page_Shop Hair Tools/a_Travel Products' is clicked on

2018-09-25 14:28:40 - [MESSAGE][PASSED] - Object: 'Object Repository/Page_Shop Hair Tools/a_Travel Products' is clicked on

2018-09-25 14:28:40 - [TEST_STEP][PASSED] - delay: Delayed 2 second(s)

2018-09-25 14:28:42 - [MESSAGE][PASSED] - Delayed 2 second(s)

2018-09-25 14:28:42 - [TEST_STEP][PASSED] - click: Object: 'Object Repository/Page_Shop Travel Size Hair Products/svg_ 2018 Birchbox_icon__svg__' is clicked on

2018-09-25 14:28:43 - [MESSAGE][PASSED] - Object: 'Object Repository/Page_Shop Travel Size Hair Products/svg_ 2018 Birchbox_icon__svg__' is clicked on

2018-09-25 14:28:43 - [TEST_STEP][PASSED] - waitForElementClickable: Object 'Object Repository/Page_Shop Travel Size Hair Products/div_Hair' is clickable

2018-09-25 14:28:43 - [MESSAGE][WARNING] - Timeout '0' is invalid. Using default page load timeout: '90'

2018-09-25 14:28:43 - [MESSAGE][PASSED] - Object 'Object Repository/Page_Shop Travel Size Hair Products/div_Hair' is clickable

2018-09-25 14:28:43 - [TEST_STEP][PASSED] - click: Object: 'Object Repository/Page_Shop Travel Size Hair Products/div_Hair' is clicked on

2018-09-25 14:28:43 - [MESSAGE][PASSED] - Object: 'Object Repository/Page_Shop Travel Size Hair Products/div_Hair' is clicked on

2018-09-25 14:28:43 - [TEST_STEP][PASSED] - delay: Delayed 1 second(s)

2018-09-25 14:28:44 - [MESSAGE][PASSED] - Delayed 1 second(s)

2018-09-25 14:28:44 - [TEST_STEP][PASSED] - waitForElementVisible: Object 'Object Repository/Page_Shop Travel Size Hair Products/a_Gifts with Purchase' is visible

2018-09-25 14:28:44 - [MESSAGE][WARNING] - Timeout '0' is invalid. Using default page load timeout: '90'

2018-09-25 14:28:44 - [MESSAGE][PASSED] - Object 'Object Repository/Page_Shop Travel Size Hair Products/a_Gifts with Purchase' is visible

2018-09-25 14:28:44 - [TEST_STEP][PASSED] - waitForElementClickable: Object 'Object Repository/Page_Shop Travel Size Hair Products/a_Gifts with Purchase' is clickable

2018-09-25 14:28:44 - [MESSAGE][WARNING] - Timeout '0' is invalid. Using default page load timeout: '90'

2018-09-25 14:28:44 - [MESSAGE][PASSED] - Object 'Object Repository/Page_Shop Travel Size Hair Products/a_Gifts with Purchase' is clickable

2018-09-25 14:28:44 - [TEST_STEP][PASSED] - click: Object: 'Object Repository/Page_Shop Travel Size Hair Products/a_Gifts with Purchase' is clicked on

2018-09-25 14:28:44 - [MESSAGE][PASSED] - Object: 'Object Repository/Page_Shop Travel Size Hair Products/a_Gifts with Purchase' is clicked on

2018-09-25 14:28:44 - [TEST_STEP][PASSED] - delay: Delayed 2 second(s)

2018-09-25 14:28:46 - [MESSAGE][PASSED] - Delayed 2 second(s)]]></system-out>
         <system-err><![CDATA[]]></system-err>
      </testcase>
      <testcase name="Test Cases/US mobile test/Test all Shop top-level categories for Womes Shop (Skin)" classname="Test Cases/US mobile test/Test all Shop top-level categories for Womes Shop (Skin)" status="FAILED">
         <failure type="FAILED" message="(Stack trace: com.kms.katalon.core.exception.StepFailedException: Unable to click on object 'Object Repository/Page_Beauty Box Subscription for Wo/a_Tools' (Root cause: org.openqa.selenium.WebDriverException: unknown error: Element &lt;a class=&quot;StyledLink-khUpca fgCKOS&quot; href=&quot;/category/4805&quot;>...&lt;/a> is not clickable at point (33, 593). Other element would receive the click: &lt;div class=&quot;Drawer__MaskDiv-VGhMm utilities__cover___WKDvY gqjSAR&quot; style=&quot;opacity: 0;&quot;>&lt;/div>
  (Session info: chrome=69.0.3497.100)
  (Driver info: chromedriver=2.35.528161 (5b82f2d2aae0ca24b877009200ced9065a772e73),platform=Windows NT 6.1.7601 SP1 x86_64) (WARNING: The server did not provide any stacktrace information)
Command duration or timeout: 0 milliseconds
Build info: version: '3.7.1', revision: '8a0099a', time: '2017-11-06T21:07:36.161Z'
System info: host: 'PLEMKTPLACE-08', ip: '10.241.184.32', os.name: 'Windows 7', os.arch: 'amd64', os.version: '6.1', java.version: '1.8.0_181'
Driver info: com.kms.katalon.selenium.driver.CChromeDriver
Capabilities {acceptInsecureCerts: false, acceptSslCerts: false, applicationCacheEnabled: false, browserConnectionEnabled: false, browserName: chrome, chrome: {chromedriverVersion: 2.35.528161 (5b82f2d2aae0ca..., userDataDir: C:\Users\vbrooks\AppData\Lo...}, cssSelectorsEnabled: true, databaseEnabled: false, handlesAlerts: true, hasTouchScreen: false, javascriptEnabled: true, locationContextEnabled: true, mobileEmulationEnabled: false, nativeEvents: true, networkConnectionEnabled: false, pageLoadStrategy: normal, platform: XP, platformName: XP, rotatable: false, setWindowRect: true, takesHeapSnapshot: true, takesScreenshot: true, unexpectedAlertBehaviour: , unhandledPromptBehavior: , version: 69.0.3497.100, webStorageEnabled: true}
Session ID: ced8423c50b87970df46a860d29bd281)
	at com.kms.katalon.core.keyword.internal.KeywordMain.stepFailed(KeywordMain.groovy:36)
	at com.kms.katalon.core.webui.keyword.internal.WebUIKeywordMain.stepFailed(WebUIKeywordMain.groovy:65)
	at com.kms.katalon.core.webui.keyword.internal.WebUIKeywordMain.runKeyword(WebUIKeywordMain.groovy:27)
	at com.kms.katalon.core.webui.keyword.builtin.ClickKeyword.click(ClickKeyword.groovy:86)
	at com.kms.katalon.core.webui.keyword.builtin.ClickKeyword.execute(ClickKeyword.groovy:67)
	at com.kms.katalon.core.keyword.internal.KeywordExecutor.executeKeywordForPlatform(KeywordExecutor.groovy:53)
	at com.kms.katalon.core.webui.keyword.WebUiBuiltInKeywords.click(WebUiBuiltInKeywords.groovy:616)
	at com.kms.katalon.core.webui.keyword.WebUiBuiltInKeywords$click$4.call(Unknown Source)
	at org.codehaus.groovy.runtime.callsite.CallSiteArray.defaultCall(CallSiteArray.java:48)
	at org.codehaus.groovy.runtime.callsite.AbstractCallSite.call(AbstractCallSite.java:113)
	at org.codehaus.groovy.runtime.callsite.AbstractCallSite.call(AbstractCallSite.java:125)
	at Script1536617663530.run(Script1536617663530.groovy:70)
	at com.kms.katalon.core.main.ScriptEngine.run(ScriptEngine.java:183)
	at com.kms.katalon.core.main.ScriptEngine.runScriptAsRawText(ScriptEngine.java:108)
	at com.kms.katalon.core.main.TestCaseExecutor.runScript(TestCaseExecutor.java:294)
	at com.kms.katalon.core.main.TestCaseExecutor.doExecute(TestCaseExecutor.java:285)
	at com.kms.katalon.core.main.TestCaseExecutor.processExecutionPhase(TestCaseExecutor.java:264)
	at com.kms.katalon.core.main.TestCaseExecutor.accessMainPhase(TestCaseExecutor.java:256)
	at com.kms.katalon.core.main.TestCaseExecutor.execute(TestCaseExecutor.java:200)
	at com.kms.katalon.core.main.TestSuiteExecutor.accessTestCaseMainPhase(TestSuiteExecutor.java:129)
	at com.kms.katalon.core.main.TestSuiteExecutor.accessTestSuiteMainPhase(TestSuiteExecutor.java:112)
	at com.kms.katalon.core.main.TestSuiteExecutor.execute(TestSuiteExecutor.java:81)
	at com.kms.katalon.core.main.TestCaseMain.startTestSuite(TestCaseMain.java:142)
	at com.kms.katalon.core.main.TestCaseMain$startTestSuite$0.call(Unknown Source)
	at org.codehaus.groovy.runtime.callsite.CallSiteArray.defaultCall(CallSiteArray.java:48)
	at org.codehaus.groovy.runtime.callsite.AbstractCallSite.call(AbstractCallSite.java:113)
	at org.codehaus.groovy.runtime.callsite.AbstractCallSite.call(AbstractCallSite.java:141)
	at TempTestSuite1537910370531.run(TempTestSuite1537910370531.groovy:36)
	at groovy.lang.GroovyShell.runScriptOrMainOrTestOrRunnable(GroovyShell.java:263)
	at groovy.lang.GroovyShell.run(GroovyShell.java:518)
	at groovy.lang.GroovyShell.run(GroovyShell.java:507)
	at groovy.ui.GroovyMain.processOnce(GroovyMain.java:653)
	at groovy.ui.GroovyMain.run(GroovyMain.java:384)
	at groovy.ui.GroovyMain.process(GroovyMain.java:370)
	at groovy.ui.GroovyMain.processArgs(GroovyMain.java:129)
	at groovy.ui.GroovyMain.main(GroovyMain.java:109)
	at sun.reflect.NativeMethodAccessorImpl.invoke0(Native Method)
	at sun.reflect.NativeMethodAccessorImpl.invoke(NativeMethodAccessorImpl.java:62)
	at sun.reflect.DelegatingMethodAccessorImpl.invoke(DelegatingMethodAccessorImpl.java:43)
	at java.lang.reflect.Method.invoke(Method.java:498)
	at org.codehaus.groovy.tools.GroovyStarter.rootLoader(GroovyStarter.java:109)
	at org.codehaus.groovy.tools.GroovyStarter.main(GroovyStarter.java:131)
)"/>
         <system-out><![CDATA[2018-09-25 14:28:46 - [TEST_CASE][FAILED] - Test Cases/US mobile test/Test all Shop top-level categories for Womes Shop (Skin): Test Cases/US mobile test/Test all Shop top-level categories for Womes Shop (Skin) FAILED because (of) (Stack trace: com.kms.katalon.core.exception.StepFailedException: Unable to click on object 'Object Repository/Page_Beauty Box Subscription for Wo/a_Tools' (Root cause: org.openqa.selenium.WebDriverException: unknown error: Element <a class="StyledLink-khUpca fgCKOS" href="/category/4805">...</a> is not clickable at point (33, 593). Other element would receive the click: <div class="Drawer__MaskDiv-VGhMm utilities__cover___WKDvY gqjSAR" style="opacity: 0;"></div>
  (Session info: chrome=69.0.3497.100)
  (Driver info: chromedriver=2.35.528161 (5b82f2d2aae0ca24b877009200ced9065a772e73),platform=Windows NT 6.1.7601 SP1 x86_64) (WARNING: The server did not provide any stacktrace information)
Command duration or timeout: 0 milliseconds
Build info: version: '3.7.1', revision: '8a0099a', time: '2017-11-06T21:07:36.161Z'
System info: host: 'PLEMKTPLACE-08', ip: '10.241.184.32', os.name: 'Windows 7', os.arch: 'amd64', os.version: '6.1', java.version: '1.8.0_181'
Driver info: com.kms.katalon.selenium.driver.CChromeDriver
Capabilities {acceptInsecureCerts: false, acceptSslCerts: false, applicationCacheEnabled: false, browserConnectionEnabled: false, browserName: chrome, chrome: {chromedriverVersion: 2.35.528161 (5b82f2d2aae0ca..., userDataDir: C:\Users\vbrooks\AppData\Lo...}, cssSelectorsEnabled: true, databaseEnabled: false, handlesAlerts: true, hasTouchScreen: false, javascriptEnabled: true, locationContextEnabled: true, mobileEmulationEnabled: false, nativeEvents: true, networkConnectionEnabled: false, pageLoadStrategy: normal, platform: XP, platformName: XP, rotatable: false, setWindowRect: true, takesHeapSnapshot: true, takesScreenshot: true, unexpectedAlertBehaviour: , unhandledPromptBehavior: , version: 69.0.3497.100, webStorageEnabled: true}
Session ID: ced8423c50b87970df46a860d29bd281)
	at com.kms.katalon.core.keyword.internal.KeywordMain.stepFailed(KeywordMain.groovy:36)
	at com.kms.katalon.core.webui.keyword.internal.WebUIKeywordMain.stepFailed(WebUIKeywordMain.groovy:65)
	at com.kms.katalon.core.webui.keyword.internal.WebUIKeywordMain.runKeyword(WebUIKeywordMain.groovy:27)
	at com.kms.katalon.core.webui.keyword.builtin.ClickKeyword.click(ClickKeyword.groovy:86)
	at com.kms.katalon.core.webui.keyword.builtin.ClickKeyword.execute(ClickKeyword.groovy:67)
	at com.kms.katalon.core.keyword.internal.KeywordExecutor.executeKeywordForPlatform(KeywordExecutor.groovy:53)
	at com.kms.katalon.core.webui.keyword.WebUiBuiltInKeywords.click(WebUiBuiltInKeywords.groovy:616)
	at com.kms.katalon.core.webui.keyword.WebUiBuiltInKeywords$click$4.call(Unknown Source)
	at org.codehaus.groovy.runtime.callsite.CallSiteArray.defaultCall(CallSiteArray.java:48)
	at org.codehaus.groovy.runtime.callsite.AbstractCallSite.call(AbstractCallSite.java:113)
	at org.codehaus.groovy.runtime.callsite.AbstractCallSite.call(AbstractCallSite.java:125)
	at Script1536617663530.run(Script1536617663530.groovy:70)
	at com.kms.katalon.core.main.ScriptEngine.run(ScriptEngine.java:183)
	at com.kms.katalon.core.main.ScriptEngine.runScriptAsRawText(ScriptEngine.java:108)
	at com.kms.katalon.core.main.TestCaseExecutor.runScript(TestCaseExecutor.java:294)
	at com.kms.katalon.core.main.TestCaseExecutor.doExecute(TestCaseExecutor.java:285)
	at com.kms.katalon.core.main.TestCaseExecutor.processExecutionPhase(TestCaseExecutor.java:264)
	at com.kms.katalon.core.main.TestCaseExecutor.accessMainPhase(TestCaseExecutor.java:256)
	at com.kms.katalon.core.main.TestCaseExecutor.execute(TestCaseExecutor.java:200)
	at com.kms.katalon.core.main.TestSuiteExecutor.accessTestCaseMainPhase(TestSuiteExecutor.java:129)
	at com.kms.katalon.core.main.TestSuiteExecutor.accessTestSuiteMainPhase(TestSuiteExecutor.java:112)
	at com.kms.katalon.core.main.TestSuiteExecutor.execute(TestSuiteExecutor.java:81)
	at com.kms.katalon.core.main.TestCaseMain.startTestSuite(TestCaseMain.java:142)
	at com.kms.katalon.core.main.TestCaseMain$startTestSuite$0.call(Unknown Source)
	at org.codehaus.groovy.runtime.callsite.CallSiteArray.defaultCall(CallSiteArray.java:48)
	at org.codehaus.groovy.runtime.callsite.AbstractCallSite.call(AbstractCallSite.java:113)
	at org.codehaus.groovy.runtime.callsite.AbstractCallSite.call(AbstractCallSite.java:141)
	at TempTestSuite1537910370531.run(TempTestSuite1537910370531.groovy:36)
	at groovy.lang.GroovyShell.runScriptOrMainOrTestOrRunnable(GroovyShell.java:263)
	at groovy.lang.GroovyShell.run(GroovyShell.java:518)
	at groovy.lang.GroovyShell.run(GroovyShell.java:507)
	at groovy.ui.GroovyMain.processOnce(GroovyMain.java:653)
	at groovy.ui.GroovyMain.run(GroovyMain.java:384)
	at groovy.ui.GroovyMain.process(GroovyMain.java:370)
	at groovy.ui.GroovyMain.processArgs(GroovyMain.java:129)
	at groovy.ui.GroovyMain.main(GroovyMain.java:109)
	at sun.reflect.NativeMethodAccessorImpl.invoke0(Native Method)
	at sun.reflect.NativeMethodAccessorImpl.invoke(NativeMethodAccessorImpl.java:62)
	at sun.reflect.DelegatingMethodAccessorImpl.invoke(DelegatingMethodAccessorImpl.java:43)
	at java.lang.reflect.Method.invoke(Method.java:498)
	at org.codehaus.groovy.tools.GroovyStarter.rootLoader(GroovyStarter.java:109)
	at org.codehaus.groovy.tools.GroovyStarter.main(GroovyStarter.java:131)
)

2018-09-25 14:28:47 - [TEST_STEP][NOT_RUN] - callTestCase: NOT_RUN: callTestCase

2018-09-25 14:28:47 - [MESSAGE][NOT_RUN] - NOT_RUN: callTestCase

2018-09-25 14:28:47 - [TEST_STEP][PASSED] - delay: Delayed 1 second(s)

2018-09-25 14:28:48 - [MESSAGE][PASSED] - Delayed 1 second(s)

2018-09-25 14:28:48 - [TEST_STEP][PASSED] - click: Object: 'Object Repository/Page_Beauty Box Subscription for Wo/svg_ 2018 Birchbox_icon__svg__' is clicked on

2018-09-25 14:28:48 - [MESSAGE][PASSED] - Object: 'Object Repository/Page_Beauty Box Subscription for Wo/svg_ 2018 Birchbox_icon__svg__' is clicked on

2018-09-25 14:28:48 - [TEST_STEP][PASSED] - delay: Delayed 2 second(s)

2018-09-25 14:28:50 - [MESSAGE][PASSED] - Delayed 2 second(s)

2018-09-25 14:28:50 - [TEST_STEP][PASSED] - click: Object: 'Object Repository/Page_Beauty Box Subscription for Wo/div_Skin' is clicked on

2018-09-25 14:28:50 - [MESSAGE][PASSED] - Object: 'Object Repository/Page_Beauty Box Subscription for Wo/div_Skin' is clicked on

2018-09-25 14:28:50 - [TEST_STEP][PASSED] - click: Object: 'Object Repository/Page_Beauty Box Subscription for Wo/div_Cleanse' is clicked on

2018-09-25 14:28:51 - [MESSAGE][PASSED] - Object: 'Object Repository/Page_Beauty Box Subscription for Wo/div_Cleanse' is clicked on

2018-09-25 14:28:51 - [TEST_STEP][PASSED] - delay: Delayed 1 second(s)

2018-09-25 14:28:52 - [MESSAGE][PASSED] - Delayed 1 second(s)

2018-09-25 14:28:52 - [TEST_STEP][PASSED] - waitForElementVisible: Object 'Object Repository/Page_Beauty Box Subscription for Wo/a_Cleansers' is visible

2018-09-25 14:28:52 - [MESSAGE][WARNING] - Timeout '0' is invalid. Using default page load timeout: '90'

2018-09-25 14:28:52 - [MESSAGE][PASSED] - Object 'Object Repository/Page_Beauty Box Subscription for Wo/a_Cleansers' is visible

2018-09-25 14:28:52 - [TEST_STEP][PASSED] - waitForElementClickable: Object 'Object Repository/Page_Beauty Box Subscription for Wo/a_Cleansers' is clickable

2018-09-25 14:28:52 - [MESSAGE][WARNING] - Timeout '0' is invalid. Using default page load timeout: '90'

2018-09-25 14:28:53 - [MESSAGE][PASSED] - Object 'Object Repository/Page_Beauty Box Subscription for Wo/a_Cleansers' is clickable

2018-09-25 14:28:53 - [TEST_STEP][PASSED] - click: Object: 'Object Repository/Page_Beauty Box Subscription for Wo/a_Cleansers' is clicked on

2018-09-25 14:28:53 - [MESSAGE][PASSED] - Object: 'Object Repository/Page_Beauty Box Subscription for Wo/a_Cleansers' is clicked on

2018-09-25 14:28:53 - [TEST_STEP][PASSED] - delay: Delayed 2 second(s)

2018-09-25 14:28:55 - [MESSAGE][PASSED] - Delayed 2 second(s)

2018-09-25 14:28:55 - [TEST_STEP][PASSED] - click: Object: 'Object Repository/Page_Shop Face Cleansers/svg_ 2018 Birchbox_icon__svg__' is clicked on

2018-09-25 14:28:55 - [MESSAGE][PASSED] - Object: 'Object Repository/Page_Shop Face Cleansers/svg_ 2018 Birchbox_icon__svg__' is clicked on

2018-09-25 14:28:55 - [TEST_STEP][PASSED] - click: Object: 'Object Repository/Page_Shop Face Cleansers/div_Skin' is clicked on

2018-09-25 14:28:56 - [MESSAGE][PASSED] - Object: 'Object Repository/Page_Shop Face Cleansers/div_Skin' is clicked on

2018-09-25 14:28:56 - [TEST_STEP][PASSED] - click: Object: 'Object Repository/Page_Shop Face Cleansers/div_Cleanse' is clicked on

2018-09-25 14:28:56 - [MESSAGE][PASSED] - Object: 'Object Repository/Page_Shop Face Cleansers/div_Cleanse' is clicked on

2018-09-25 14:28:56 - [TEST_STEP][PASSED] - delay: Delayed 1 second(s)

2018-09-25 14:28:57 - [MESSAGE][PASSED] - Delayed 1 second(s)

2018-09-25 14:28:57 - [TEST_STEP][PASSED] - waitForElementVisible: Object 'Object Repository/Page_Beauty Box Subscription for Wo/a_Makeup Removers  Wipes' is visible

2018-09-25 14:28:57 - [MESSAGE][WARNING] - Timeout '0' is invalid. Using default page load timeout: '90'

2018-09-25 14:28:57 - [MESSAGE][PASSED] - Object 'Object Repository/Page_Beauty Box Subscription for Wo/a_Makeup Removers  Wipes' is visible

2018-09-25 14:28:57 - [TEST_STEP][PASSED] - waitForElementClickable: Object 'Object Repository/Page_Beauty Box Subscription for Wo/a_Makeup Removers  Wipes' is clickable

2018-09-25 14:28:57 - [MESSAGE][WARNING] - Timeout '0' is invalid. Using default page load timeout: '90'

2018-09-25 14:28:57 - [MESSAGE][PASSED] - Object 'Object Repository/Page_Beauty Box Subscription for Wo/a_Makeup Removers  Wipes' is clickable

2018-09-25 14:28:57 - [TEST_STEP][PASSED] - click: Object: 'Object Repository/Page_Beauty Box Subscription for Wo/a_Makeup Removers  Wipes' is clicked on

2018-09-25 14:28:58 - [MESSAGE][PASSED] - Object: 'Object Repository/Page_Beauty Box Subscription for Wo/a_Makeup Removers  Wipes' is clicked on

2018-09-25 14:28:58 - [TEST_STEP][PASSED] - delay: Delayed 2 second(s)

2018-09-25 14:29:00 - [MESSAGE][PASSED] - Delayed 2 second(s)

2018-09-25 14:29:00 - [TEST_STEP][PASSED] - click: Object: 'Object Repository/Page_Shop Makeup Removers and Face/svg_ 2018 Birchbox_icon__svg___1' is clicked on

2018-09-25 14:29:00 - [MESSAGE][PASSED] - Object: 'Object Repository/Page_Shop Makeup Removers and Face/svg_ 2018 Birchbox_icon__svg___1' is clicked on

2018-09-25 14:29:00 - [TEST_STEP][PASSED] - click: Object: 'Object Repository/Page_Shop Makeup Removers and Face/div_Skin' is clicked on

2018-09-25 14:29:00 - [MESSAGE][PASSED] - Object: 'Object Repository/Page_Shop Makeup Removers and Face/div_Skin' is clicked on

2018-09-25 14:29:00 - [TEST_STEP][PASSED] - click: Object: 'Object Repository/Page_Shop Makeup Removers and Face/div_Cleanse' is clicked on

2018-09-25 14:29:01 - [MESSAGE][PASSED] - Object: 'Object Repository/Page_Shop Makeup Removers and Face/div_Cleanse' is clicked on

2018-09-25 14:29:01 - [TEST_STEP][PASSED] - delay: Delayed 1 second(s)

2018-09-25 14:29:02 - [MESSAGE][PASSED] - Delayed 1 second(s)

2018-09-25 14:29:02 - [TEST_STEP][PASSED] - waitForElementVisible: Object 'Object Repository/Page_Beauty Box Subscription for Wo/a_Tools' is visible

2018-09-25 14:29:02 - [MESSAGE][WARNING] - Timeout '0' is invalid. Using default page load timeout: '90'

2018-09-25 14:29:02 - [MESSAGE][PASSED] - Object 'Object Repository/Page_Beauty Box Subscription for Wo/a_Tools' is visible

2018-09-25 14:29:02 - [TEST_STEP][PASSED] - waitForElementClickable: Object 'Object Repository/Page_Beauty Box Subscription for Wo/a_Tools' is clickable

2018-09-25 14:29:02 - [MESSAGE][WARNING] - Timeout '0' is invalid. Using default page load timeout: '90'

2018-09-25 14:29:02 - [MESSAGE][PASSED] - Object 'Object Repository/Page_Beauty Box Subscription for Wo/a_Tools' is clickable

2018-09-25 14:29:02 - [TEST_STEP][FAILED] - click: Unable to click on object 'Object Repository/Page_Beauty Box Subscription for Wo/a_Tools' (Root cause: org.openqa.selenium.WebDriverException: unknown error: Element <a class="StyledLink-khUpca fgCKOS" href="/category/4805">...</a> is not clickable at point (33, 593). Other element would receive the click: <div class="Drawer__MaskDiv-VGhMm utilities__cover___WKDvY gqjSAR" style="opacity: 0;"></div>
  (Session info: chrome=69.0.3497.100)
  (Driver info: chromedriver=2.35.528161 (5b82f2d2aae0ca24b877009200ced9065a772e73),platform=Windows NT 6.1.7601 SP1 x86_64) (WARNING: The server did not provide any stacktrace information)
Command duration or timeout: 0 milliseconds
Build info: version: '3.7.1', revision: '8a0099a', time: '2017-11-06T21:07:36.161Z'
System info: host: 'PLEMKTPLACE-08', ip: '10.241.184.32', os.name: 'Windows 7', os.arch: 'amd64', os.version: '6.1', java.version: '1.8.0_181'
Driver info: com.kms.katalon.selenium.driver.CChromeDriver
Capabilities {acceptInsecureCerts: false, acceptSslCerts: false, applicationCacheEnabled: false, browserConnectionEnabled: false, browserName: chrome, chrome: {chromedriverVersion: 2.35.528161 (5b82f2d2aae0ca..., userDataDir: C:\Users\vbrooks\AppData\Lo...}, cssSelectorsEnabled: true, databaseEnabled: false, handlesAlerts: true, hasTouchScreen: false, javascriptEnabled: true, locationContextEnabled: true, mobileEmulationEnabled: false, nativeEvents: true, networkConnectionEnabled: false, pageLoadStrategy: normal, platform: XP, platformName: XP, rotatable: false, setWindowRect: true, takesHeapSnapshot: true, takesScreenshot: true, unexpectedAlertBehaviour: , unhandledPromptBehavior: , version: 69.0.3497.100, webStorageEnabled: true}
Session ID: ced8423c50b87970df46a860d29bd281)

2018-09-25 14:29:02 - [MESSAGE][FAILED] - Unable to click on object 'Object Repository/Page_Beauty Box Subscription for Wo/a_Tools' (Root cause: org.openqa.selenium.WebDriverException: unknown error: Element <a class="StyledLink-khUpca fgCKOS" href="/category/4805">...</a> is not clickable at point (33, 593). Other element would receive the click: <div class="Drawer__MaskDiv-VGhMm utilities__cover___WKDvY gqjSAR" style="opacity: 0;"></div>
  (Session info: chrome=69.0.3497.100)
  (Driver info: chromedriver=2.35.528161 (5b82f2d2aae0ca24b877009200ced9065a772e73),platform=Windows NT 6.1.7601 SP1 x86_64) (WARNING: The server did not provide any stacktrace information)
Command duration or timeout: 0 milliseconds
Build info: version: '3.7.1', revision: '8a0099a', time: '2017-11-06T21:07:36.161Z'
System info: host: 'PLEMKTPLACE-08', ip: '10.241.184.32', os.name: 'Windows 7', os.arch: 'amd64', os.version: '6.1', java.version: '1.8.0_181'
Driver info: com.kms.katalon.selenium.driver.CChromeDriver
Capabilities {acceptInsecureCerts: false, acceptSslCerts: false, applicationCacheEnabled: false, browserConnectionEnabled: false, browserName: chrome, chrome: {chromedriverVersion: 2.35.528161 (5b82f2d2aae0ca..., userDataDir: C:\Users\vbrooks\AppData\Lo...}, cssSelectorsEnabled: true, databaseEnabled: false, handlesAlerts: true, hasTouchScreen: false, javascriptEnabled: true, locationContextEnabled: true, mobileEmulationEnabled: false, nativeEvents: true, networkConnectionEnabled: false, pageLoadStrategy: normal, platform: XP, platformName: XP, rotatable: false, setWindowRect: true, takesHeapSnapshot: true, takesScreenshot: true, unexpectedAlertBehaviour: , unhandledPromptBehavior: , version: 69.0.3497.100, webStorageEnabled: true}
Session ID: ced8423c50b87970df46a860d29bd281)]]></system-out>
         <system-err><![CDATA[2018-09-25 14:28:46 - [TEST_CASE][FAILED] - Test Cases/US mobile test/Test all Shop top-level categories for Womes Shop (Skin): Test Cases/US mobile test/Test all Shop top-level categories for Womes Shop (Skin) FAILED because (of) (Stack trace: com.kms.katalon.core.exception.StepFailedException: Unable to click on object 'Object Repository/Page_Beauty Box Subscription for Wo/a_Tools' (Root cause: org.openqa.selenium.WebDriverException: unknown error: Element <a class="StyledLink-khUpca fgCKOS" href="/category/4805">...</a> is not clickable at point (33, 593). Other element would receive the click: <div class="Drawer__MaskDiv-VGhMm utilities__cover___WKDvY gqjSAR" style="opacity: 0;"></div>
  (Session info: chrome=69.0.3497.100)
  (Driver info: chromedriver=2.35.528161 (5b82f2d2aae0ca24b877009200ced9065a772e73),platform=Windows NT 6.1.7601 SP1 x86_64) (WARNING: The server did not provide any stacktrace information)
Command duration or timeout: 0 milliseconds
Build info: version: '3.7.1', revision: '8a0099a', time: '2017-11-06T21:07:36.161Z'
System info: host: 'PLEMKTPLACE-08', ip: '10.241.184.32', os.name: 'Windows 7', os.arch: 'amd64', os.version: '6.1', java.version: '1.8.0_181'
Driver info: com.kms.katalon.selenium.driver.CChromeDriver
Capabilities {acceptInsecureCerts: false, acceptSslCerts: false, applicationCacheEnabled: false, browserConnectionEnabled: false, browserName: chrome, chrome: {chromedriverVersion: 2.35.528161 (5b82f2d2aae0ca..., userDataDir: C:\Users\vbrooks\AppData\Lo...}, cssSelectorsEnabled: true, databaseEnabled: false, handlesAlerts: true, hasTouchScreen: false, javascriptEnabled: true, locationContextEnabled: true, mobileEmulationEnabled: false, nativeEvents: true, networkConnectionEnabled: false, pageLoadStrategy: normal, platform: XP, platformName: XP, rotatable: false, setWindowRect: true, takesHeapSnapshot: true, takesScreenshot: true, unexpectedAlertBehaviour: , unhandledPromptBehavior: , version: 69.0.3497.100, webStorageEnabled: true}
Session ID: ced8423c50b87970df46a860d29bd281)
	at com.kms.katalon.core.keyword.internal.KeywordMain.stepFailed(KeywordMain.groovy:36)
	at com.kms.katalon.core.webui.keyword.internal.WebUIKeywordMain.stepFailed(WebUIKeywordMain.groovy:65)
	at com.kms.katalon.core.webui.keyword.internal.WebUIKeywordMain.runKeyword(WebUIKeywordMain.groovy:27)
	at com.kms.katalon.core.webui.keyword.builtin.ClickKeyword.click(ClickKeyword.groovy:86)
	at com.kms.katalon.core.webui.keyword.builtin.ClickKeyword.execute(ClickKeyword.groovy:67)
	at com.kms.katalon.core.keyword.internal.KeywordExecutor.executeKeywordForPlatform(KeywordExecutor.groovy:53)
	at com.kms.katalon.core.webui.keyword.WebUiBuiltInKeywords.click(WebUiBuiltInKeywords.groovy:616)
	at com.kms.katalon.core.webui.keyword.WebUiBuiltInKeywords$click$4.call(Unknown Source)
	at org.codehaus.groovy.runtime.callsite.CallSiteArray.defaultCall(CallSiteArray.java:48)
	at org.codehaus.groovy.runtime.callsite.AbstractCallSite.call(AbstractCallSite.java:113)
	at org.codehaus.groovy.runtime.callsite.AbstractCallSite.call(AbstractCallSite.java:125)
	at Script1536617663530.run(Script1536617663530.groovy:70)
	at com.kms.katalon.core.main.ScriptEngine.run(ScriptEngine.java:183)
	at com.kms.katalon.core.main.ScriptEngine.runScriptAsRawText(ScriptEngine.java:108)
	at com.kms.katalon.core.main.TestCaseExecutor.runScript(TestCaseExecutor.java:294)
	at com.kms.katalon.core.main.TestCaseExecutor.doExecute(TestCaseExecutor.java:285)
	at com.kms.katalon.core.main.TestCaseExecutor.processExecutionPhase(TestCaseExecutor.java:264)
	at com.kms.katalon.core.main.TestCaseExecutor.accessMainPhase(TestCaseExecutor.java:256)
	at com.kms.katalon.core.main.TestCaseExecutor.execute(TestCaseExecutor.java:200)
	at com.kms.katalon.core.main.TestSuiteExecutor.accessTestCaseMainPhase(TestSuiteExecutor.java:129)
	at com.kms.katalon.core.main.TestSuiteExecutor.accessTestSuiteMainPhase(TestSuiteExecutor.java:112)
	at com.kms.katalon.core.main.TestSuiteExecutor.execute(TestSuiteExecutor.java:81)
	at com.kms.katalon.core.main.TestCaseMain.startTestSuite(TestCaseMain.java:142)
	at com.kms.katalon.core.main.TestCaseMain$startTestSuite$0.call(Unknown Source)
	at org.codehaus.groovy.runtime.callsite.CallSiteArray.defaultCall(CallSiteArray.java:48)
	at org.codehaus.groovy.runtime.callsite.AbstractCallSite.call(AbstractCallSite.java:113)
	at org.codehaus.groovy.runtime.callsite.AbstractCallSite.call(AbstractCallSite.java:141)
	at TempTestSuite1537910370531.run(TempTestSuite1537910370531.groovy:36)
	at groovy.lang.GroovyShell.runScriptOrMainOrTestOrRunnable(GroovyShell.java:263)
	at groovy.lang.GroovyShell.run(GroovyShell.java:518)
	at groovy.lang.GroovyShell.run(GroovyShell.java:507)
	at groovy.ui.GroovyMain.processOnce(GroovyMain.java:653)
	at groovy.ui.GroovyMain.run(GroovyMain.java:384)
	at groovy.ui.GroovyMain.process(GroovyMain.java:370)
	at groovy.ui.GroovyMain.processArgs(GroovyMain.java:129)
	at groovy.ui.GroovyMain.main(GroovyMain.java:109)
	at sun.reflect.NativeMethodAccessorImpl.invoke0(Native Method)
	at sun.reflect.NativeMethodAccessorImpl.invoke(NativeMethodAccessorImpl.java:62)
	at sun.reflect.DelegatingMethodAccessorImpl.invoke(DelegatingMethodAccessorImpl.java:43)
	at java.lang.reflect.Method.invoke(Method.java:498)
	at org.codehaus.groovy.tools.GroovyStarter.rootLoader(GroovyStarter.java:109)
	at org.codehaus.groovy.tools.GroovyStarter.main(GroovyStarter.java:131)
)]]></system-err>
      </testcase>
      <system-out><![CDATA[2018-09-25 14:19:32 - [TEST_SUITE][FAILED] - Full Sanity Test (US, mobile): Test Cases/US mobile test/Test all Shop top-level categories for Womens Shop (Collections) FAILED because (of) (Stack trace: com.kms.katalon.core.exception.StepFailedException: Unable to click on object 'Object Repository/Page_Beauty Box Subscription for Wo/div_Collections (4)' (Root cause: org.openqa.selenium.StaleElementReferenceException: stale element reference: element is not attached to the page document
  (Session info: chrome=69.0.3497.100)
  (Driver info: chromedriver=2.35.528161 (5b82f2d2aae0ca24b877009200ced9065a772e73),platform=Windows NT 6.1.7601 SP1 x86_64) (WARNING: The server did not provide any stacktrace information)
Command duration or timeout: 0 milliseconds
For documentation on this error, please visit: http://seleniumhq.org/exceptions/stale_element_reference.html
Build info: version: '3.7.1', revision: '8a0099a', time: '2017-11-06T21:07:36.161Z'
System info: host: 'PLEMKTPLACE-08', ip: '10.241.184.32', os.name: 'Windows 7', os.arch: 'amd64', os.version: '6.1', java.version: '1.8.0_181'
Driver info: com.kms.katalon.selenium.driver.CChromeDriver
Capabilities {acceptInsecureCerts: false, acceptSslCerts: false, applicationCacheEnabled: false, browserConnectionEnabled: false, browserName: chrome, chrome: {chromedriverVersion: 2.35.528161 (5b82f2d2aae0ca..., userDataDir: C:\Users\vbrooks\AppData\Lo...}, cssSelectorsEnabled: true, databaseEnabled: false, handlesAlerts: true, hasTouchScreen: false, javascriptEnabled: true, locationContextEnabled: true, mobileEmulationEnabled: false, nativeEvents: true, networkConnectionEnabled: false, pageLoadStrategy: normal, platform: XP, platformName: XP, rotatable: false, setWindowRect: true, takesHeapSnapshot: true, takesScreenshot: true, unexpectedAlertBehaviour: , unhandledPromptBehavior: , version: 69.0.3497.100, webStorageEnabled: true}
Session ID: ced8423c50b87970df46a860d29bd281)
	at com.kms.katalon.core.keyword.internal.KeywordMain.stepFailed(KeywordMain.groovy:36)
	at com.kms.katalon.core.webui.keyword.internal.WebUIKeywordMain.stepFailed(WebUIKeywordMain.groovy:65)
	at com.kms.katalon.core.webui.keyword.internal.WebUIKeywordMain.runKeyword(WebUIKeywordMain.groovy:27)
	at com.kms.katalon.core.webui.keyword.builtin.ClickKeyword.click(ClickKeyword.groovy:86)
	at com.kms.katalon.core.webui.keyword.builtin.ClickKeyword.execute(ClickKeyword.groovy:67)
	at com.kms.katalon.core.keyword.internal.KeywordExecutor.executeKeywordForPlatform(KeywordExecutor.groovy:53)
	at com.kms.katalon.core.webui.keyword.WebUiBuiltInKeywords.click(WebUiBuiltInKeywords.groovy:616)
	at com.kms.katalon.core.webui.keyword.WebUiBuiltInKeywords$click$4.call(Unknown Source)
	at org.codehaus.groovy.runtime.callsite.CallSiteArray.defaultCall(CallSiteArray.java:48)
	at org.codehaus.groovy.runtime.callsite.AbstractCallSite.call(AbstractCallSite.java:113)
	at org.codehaus.groovy.runtime.callsite.AbstractCallSite.call(AbstractCallSite.java:125)
	at Script1536614233195.run(Script1536614233195.groovy:82)
	at com.kms.katalon.core.main.ScriptEngine.run(ScriptEngine.java:183)
	at com.kms.katalon.core.main.ScriptEngine.runScriptAsRawText(ScriptEngine.java:108)
	at com.kms.katalon.core.main.TestCaseExecutor.runScript(TestCaseExecutor.java:294)
	at com.kms.katalon.core.main.TestCaseExecutor.doExecute(TestCaseExecutor.java:285)
	at com.kms.katalon.core.main.TestCaseExecutor.processExecutionPhase(TestCaseExecutor.java:264)
	at com.kms.katalon.core.main.TestCaseExecutor.accessMainPhase(TestCaseExecutor.java:256)
	at com.kms.katalon.core.main.TestCaseExecutor.execute(TestCaseExecutor.java:200)
	at com.kms.katalon.core.main.TestSuiteExecutor.accessTestCaseMainPhase(TestSuiteExecutor.java:129)
	at com.kms.katalon.core.main.TestSuiteExecutor.accessTestSuiteMainPhase(TestSuiteExecutor.java:112)
	at com.kms.katalon.core.main.TestSuiteExecutor.execute(TestSuiteExecutor.java:81)
	at com.kms.katalon.core.main.TestCaseMain.startTestSuite(TestCaseMain.java:142)
	at com.kms.katalon.core.main.TestCaseMain$startTestSuite$0.call(Unknown Source)
	at org.codehaus.groovy.runtime.callsite.CallSiteArray.defaultCall(CallSiteArray.java:48)
	at org.codehaus.groovy.runtime.callsite.AbstractCallSite.call(AbstractCallSite.java:113)
	at org.codehaus.groovy.runtime.callsite.AbstractCallSite.call(AbstractCallSite.java:141)
	at TempTestSuite1537910370531.run(TempTestSuite1537910370531.groovy:36)
	at groovy.lang.GroovyShell.runScriptOrMainOrTestOrRunnable(GroovyShell.java:263)
	at groovy.lang.GroovyShell.run(GroovyShell.java:518)
	at groovy.lang.GroovyShell.run(GroovyShell.java:507)
	at groovy.ui.GroovyMain.processOnce(GroovyMain.java:653)
	at groovy.ui.GroovyMain.run(GroovyMain.java:384)
	at groovy.ui.GroovyMain.process(GroovyMain.java:370)
	at groovy.ui.GroovyMain.processArgs(GroovyMain.java:129)
	at groovy.ui.GroovyMain.main(GroovyMain.java:109)
	at sun.reflect.NativeMethodAccessorImpl.invoke0(Native Method)
	at sun.reflect.NativeMethodAccessorImpl.invoke(NativeMethodAccessorImpl.java:62)
	at sun.reflect.DelegatingMethodAccessorImpl.invoke(DelegatingMethodAccessorImpl.java:43)
	at java.lang.reflect.Method.invoke(Method.java:498)
	at org.codehaus.groovy.tools.GroovyStarter.rootLoader(GroovyStarter.java:109)
	at org.codehaus.groovy.tools.GroovyStarter.main(GroovyStarter.java:131)
)]]></system-out>
      <system-err><![CDATA[2018-09-25 14:19:32 - [TEST_SUITE][FAILED] - Full Sanity Test (US, mobile): Test Cases/US mobile test/Test all Shop top-level categories for Womens Shop (Collections) FAILED because (of) (Stack trace: com.kms.katalon.core.exception.StepFailedException: Unable to click on object 'Object Repository/Page_Beauty Box Subscription for Wo/div_Collections (4)' (Root cause: org.openqa.selenium.StaleElementReferenceException: stale element reference: element is not attached to the page document
  (Session info: chrome=69.0.3497.100)
  (Driver info: chromedriver=2.35.528161 (5b82f2d2aae0ca24b877009200ced9065a772e73),platform=Windows NT 6.1.7601 SP1 x86_64) (WARNING: The server did not provide any stacktrace information)
Command duration or timeout: 0 milliseconds
For documentation on this error, please visit: http://seleniumhq.org/exceptions/stale_element_reference.html
Build info: version: '3.7.1', revision: '8a0099a', time: '2017-11-06T21:07:36.161Z'
System info: host: 'PLEMKTPLACE-08', ip: '10.241.184.32', os.name: 'Windows 7', os.arch: 'amd64', os.version: '6.1', java.version: '1.8.0_181'
Driver info: com.kms.katalon.selenium.driver.CChromeDriver
Capabilities {acceptInsecureCerts: false, acceptSslCerts: false, applicationCacheEnabled: false, browserConnectionEnabled: false, browserName: chrome, chrome: {chromedriverVersion: 2.35.528161 (5b82f2d2aae0ca..., userDataDir: C:\Users\vbrooks\AppData\Lo...}, cssSelectorsEnabled: true, databaseEnabled: false, handlesAlerts: true, hasTouchScreen: false, javascriptEnabled: true, locationContextEnabled: true, mobileEmulationEnabled: false, nativeEvents: true, networkConnectionEnabled: false, pageLoadStrategy: normal, platform: XP, platformName: XP, rotatable: false, setWindowRect: true, takesHeapSnapshot: true, takesScreenshot: true, unexpectedAlertBehaviour: , unhandledPromptBehavior: , version: 69.0.3497.100, webStorageEnabled: true}
Session ID: ced8423c50b87970df46a860d29bd281)
	at com.kms.katalon.core.keyword.internal.KeywordMain.stepFailed(KeywordMain.groovy:36)
	at com.kms.katalon.core.webui.keyword.internal.WebUIKeywordMain.stepFailed(WebUIKeywordMain.groovy:65)
	at com.kms.katalon.core.webui.keyword.internal.WebUIKeywordMain.runKeyword(WebUIKeywordMain.groovy:27)
	at com.kms.katalon.core.webui.keyword.builtin.ClickKeyword.click(ClickKeyword.groovy:86)
	at com.kms.katalon.core.webui.keyword.builtin.ClickKeyword.execute(ClickKeyword.groovy:67)
	at com.kms.katalon.core.keyword.internal.KeywordExecutor.executeKeywordForPlatform(KeywordExecutor.groovy:53)
	at com.kms.katalon.core.webui.keyword.WebUiBuiltInKeywords.click(WebUiBuiltInKeywords.groovy:616)
	at com.kms.katalon.core.webui.keyword.WebUiBuiltInKeywords$click$4.call(Unknown Source)
	at org.codehaus.groovy.runtime.callsite.CallSiteArray.defaultCall(CallSiteArray.java:48)
	at org.codehaus.groovy.runtime.callsite.AbstractCallSite.call(AbstractCallSite.java:113)
	at org.codehaus.groovy.runtime.callsite.AbstractCallSite.call(AbstractCallSite.java:125)
	at Script1536614233195.run(Script1536614233195.groovy:82)
	at com.kms.katalon.core.main.ScriptEngine.run(ScriptEngine.java:183)
	at com.kms.katalon.core.main.ScriptEngine.runScriptAsRawText(ScriptEngine.java:108)
	at com.kms.katalon.core.main.TestCaseExecutor.runScript(TestCaseExecutor.java:294)
	at com.kms.katalon.core.main.TestCaseExecutor.doExecute(TestCaseExecutor.java:285)
	at com.kms.katalon.core.main.TestCaseExecutor.processExecutionPhase(TestCaseExecutor.java:264)
	at com.kms.katalon.core.main.TestCaseExecutor.accessMainPhase(TestCaseExecutor.java:256)
	at com.kms.katalon.core.main.TestCaseExecutor.execute(TestCaseExecutor.java:200)
	at com.kms.katalon.core.main.TestSuiteExecutor.accessTestCaseMainPhase(TestSuiteExecutor.java:129)
	at com.kms.katalon.core.main.TestSuiteExecutor.accessTestSuiteMainPhase(TestSuiteExecutor.java:112)
	at com.kms.katalon.core.main.TestSuiteExecutor.execute(TestSuiteExecutor.java:81)
	at com.kms.katalon.core.main.TestCaseMain.startTestSuite(TestCaseMain.java:142)
	at com.kms.katalon.core.main.TestCaseMain$startTestSuite$0.call(Unknown Source)
	at org.codehaus.groovy.runtime.callsite.CallSiteArray.defaultCall(CallSiteArray.java:48)
	at org.codehaus.groovy.runtime.callsite.AbstractCallSite.call(AbstractCallSite.java:113)
	at org.codehaus.groovy.runtime.callsite.AbstractCallSite.call(AbstractCallSite.java:141)
	at TempTestSuite1537910370531.run(TempTestSuite1537910370531.groovy:36)
	at groovy.lang.GroovyShell.runScriptOrMainOrTestOrRunnable(GroovyShell.java:263)
	at groovy.lang.GroovyShell.run(GroovyShell.java:518)
	at groovy.lang.GroovyShell.run(GroovyShell.java:507)
	at groovy.ui.GroovyMain.processOnce(GroovyMain.java:653)
	at groovy.ui.GroovyMain.run(GroovyMain.java:384)
	at groovy.ui.GroovyMain.process(GroovyMain.java:370)
	at groovy.ui.GroovyMain.processArgs(GroovyMain.java:129)
	at groovy.ui.GroovyMain.main(GroovyMain.java:109)
	at sun.reflect.NativeMethodAccessorImpl.invoke0(Native Method)
	at sun.reflect.NativeMethodAccessorImpl.invoke(NativeMethodAccessorImpl.java:62)
	at sun.reflect.DelegatingMethodAccessorImpl.invoke(DelegatingMethodAccessorImpl.java:43)
	at java.lang.reflect.Method.invoke(Method.java:498)
	at org.codehaus.groovy.tools.GroovyStarter.rootLoader(GroovyStarter.java:109)
	at org.codehaus.groovy.tools.GroovyStarter.main(GroovyStarter.java:131)
)]]></system-err>
   </testsuite>
</testsuites>
