<?xml version="1.0" encoding="UTF-8"?>
<testsuites name="Full Sanity Test (US, mobile)" time="197" tests="1" failures="3" errors="0">
   <testsuite name="Full Sanity Test (US, mobile)" tests="1" failures="3" errors="0" time="197" timestamp="2018-09-24 09:37:52" hostname="vbrooks - PLEMKTPLACE-08.esa.winadroot.com" id="Test Suites/Full Sanity Test (US, mobile)">
      <properties>
         <property name="deviceName" value=""/>
         <property name="devicePlatform" value=""/>
         <property name="logFolder" value="C:\\Users\\vbrooks\\Katalon Studio\\Birchbox\\Reports\\Full Sanity Test (US, mobile)\\20180924_093750"/>
         <property name="logFiles" value="C:\\Users\\vbrooks\\Katalon Studio\\Birchbox\\Reports\\Full Sanity Test (US, mobile)\\20180924_093750\\execution0.log"/>
         <property name="attachments" value=""/>
         <property name="hostName" value="vbrooks - PLEMKTPLACE-08.esa.winadroot.com"/>
         <property name="os" value="Windows 7 64bit"/>
         <property name="katalonVersion" value="5.7.1.1"/>
         <property name="browser" value="Chrome 69.0.3497.100"/>
         <property name="hostAddress" value="10.241.184.32"/>
         <property name="sessionId" value="5fdf4978f7a7fac2224539d199d0f170"/>
         <property name="seleniumVersion" value="3.7.1"/>
         <property name="proxyInformation" value="ProxyInformation{proxyOption=NO_PROXY, proxyServerType=HTTP, password=, proxyServerAddress=, proxyServerPort=0}"/>
         <property name="platform" value="Windows 7"/>
      </properties>
      <testcase name="Test Cases/US mobile test/Launch the Birchbox site in the required locale - US (www.staging.birchbox.com)" classname="Test Cases/US mobile test/Launch the Birchbox site in the required locale - US (www.staging.birchbox.com)" status="PASSED">
         <system-out><![CDATA[2018-09-24 09:37:53 - [TEST_CASE][PASSED] - Test Cases/US mobile test/Launch the Birchbox site in the required locale - US (www.staging.birchbox.com): Test Cases/US mobile test/Launch the Birchbox site in the required locale - US (www.staging.birchbox.com)

2018-09-24 09:37:53 - [TEST_STEP][PASSED] - openBrowser: Browser is opened with url: ''

2018-09-24 09:37:58 - [MESSAGE][PASSED] - Browser is opened with url: ''

2018-09-24 09:37:58 - [TEST_STEP][PASSED] - Statement - viewportHeight = com.kms.katalon.core.webui.keyword.WebUiBuiltInKeywords.getViewportHeight(): Viewport height is 707

2018-09-24 09:37:58 - [MESSAGE][PASSED] - Viewport height is 707

2018-09-24 09:37:58 - [TEST_STEP][PASSED] - Statement - viewportWidth = com.kms.katalon.core.webui.keyword.WebUiBuiltInKeywords.getViewportWidth(): Viewport width is 1040

2018-09-24 09:37:58 - [MESSAGE][PASSED] - Viewport width is 1040

2018-09-24 09:37:58 - [TEST_STEP][PASSED] - Statement - println("Browser size: " + viewportWidth + "X" + viewportHeight): null

2018-09-24 09:37:58 - [TEST_STEP][PASSED] - navigateToUrl: Navigate to 'https://www.staging.birchbox.com' successfully

2018-09-24 09:38:00 - [MESSAGE][PASSED] - Navigate to 'https://www.staging.birchbox.com' successfully

2018-09-24 09:38:00 - [TEST_STEP][PASSED] - Statement - If (viewportWidth > 1000): Viewport is set to new size with width = 400 and height = 900

2018-09-24 09:38:00 - [TEST_STEP][PASSED] - setViewPortSize: Viewport is set to new size with width = 400 and height = 900

2018-09-24 09:38:01 - [MESSAGE][PASSED] - Viewport is set to new size with width = 400 and height = 900

2018-09-24 09:38:01 - [TEST_STEP][PASSED] - delay: Delayed 10 second(s)

2018-09-24 09:38:11 - [MESSAGE][PASSED] - Delayed 10 second(s)

2018-09-24 09:38:11 - [TEST_STEP][PASSED] - click: Object: 'Object Repository/Page_Beauty Box Subscription for Wo/svg_icon__close_popup' is clicked on

2018-09-24 09:38:11 - [MESSAGE][PASSED] - Object: 'Object Repository/Page_Beauty Box Subscription for Wo/svg_icon__close_popup' is clicked on]]></system-out>
         <system-err><![CDATA[]]></system-err>
      </testcase>
      <testcase name="Test Cases/US mobile test/Test all Shop top-level categories for Womens Shop (Makeup)" classname="Test Cases/US mobile test/Test all Shop top-level categories for Womens Shop (Makeup)" status="FAILED">
         <failure type="FAILED" message="(Stack trace: com.kms.katalon.core.exception.StepFailedException: Unable to click on object 'Object Repository/Page_Beauty Box Subscription for Wo/a_Eye Primers' (Root cause: org.openqa.selenium.WebDriverException: unknown error: Element &lt;div class=&quot;SkylineCategoryBar__StyledCategory-bIlJTp dqXaUh&quot;>...&lt;/div> is not clickable at point (58, 644). Other element would receive the click: &lt;div class=&quot;Drawer__MaskDiv-VGhMm utilities__cover___WKDvY gqjSAR&quot; style=&quot;opacity: 0;&quot;>&lt;/div>
  (Session info: chrome=69.0.3497.100)
  (Driver info: chromedriver=2.35.528161 (5b82f2d2aae0ca24b877009200ced9065a772e73),platform=Windows NT 6.1.7601 SP1 x86_64) (WARNING: The server did not provide any stacktrace information)
Command duration or timeout: 0 milliseconds
Build info: version: '3.7.1', revision: '8a0099a', time: '2017-11-06T21:07:36.161Z'
System info: host: 'PLEMKTPLACE-08', ip: '10.241.184.32', os.name: 'Windows 7', os.arch: 'amd64', os.version: '6.1', java.version: '1.8.0_181'
Driver info: com.kms.katalon.selenium.driver.CChromeDriver
Capabilities {acceptInsecureCerts: false, acceptSslCerts: false, applicationCacheEnabled: false, browserConnectionEnabled: false, browserName: chrome, chrome: {chromedriverVersion: 2.35.528161 (5b82f2d2aae0ca..., userDataDir: C:\Users\vbrooks\AppData\Lo...}, cssSelectorsEnabled: true, databaseEnabled: false, handlesAlerts: true, hasTouchScreen: false, javascriptEnabled: true, locationContextEnabled: true, mobileEmulationEnabled: false, nativeEvents: true, networkConnectionEnabled: false, pageLoadStrategy: normal, platform: XP, platformName: XP, rotatable: false, setWindowRect: true, takesHeapSnapshot: true, takesScreenshot: true, unexpectedAlertBehaviour: , unhandledPromptBehavior: , version: 69.0.3497.100, webStorageEnabled: true}
Session ID: 5fdf4978f7a7fac2224539d199d0f170)
	at com.kms.katalon.core.keyword.internal.KeywordMain.stepFailed(KeywordMain.groovy:36)
	at com.kms.katalon.core.webui.keyword.internal.WebUIKeywordMain.stepFailed(WebUIKeywordMain.groovy:65)
	at com.kms.katalon.core.webui.keyword.internal.WebUIKeywordMain.runKeyword(WebUIKeywordMain.groovy:27)
	at com.kms.katalon.core.webui.keyword.builtin.ClickKeyword.click(ClickKeyword.groovy:86)
	at com.kms.katalon.core.webui.keyword.builtin.ClickKeyword.execute(ClickKeyword.groovy:67)
	at com.kms.katalon.core.keyword.internal.KeywordExecutor.executeKeywordForPlatform(KeywordExecutor.groovy:53)
	at com.kms.katalon.core.webui.keyword.WebUiBuiltInKeywords.click(WebUiBuiltInKeywords.groovy:616)
	at com.kms.katalon.core.webui.keyword.WebUiBuiltInKeywords$click$4.call(Unknown Source)
	at org.codehaus.groovy.runtime.callsite.CallSiteArray.defaultCall(CallSiteArray.java:48)
	at org.codehaus.groovy.runtime.callsite.AbstractCallSite.call(AbstractCallSite.java:113)
	at org.codehaus.groovy.runtime.callsite.AbstractCallSite.call(AbstractCallSite.java:125)
	at Script1536614250757.run(Script1536614250757.groovy:270)
	at com.kms.katalon.core.main.ScriptEngine.run(ScriptEngine.java:183)
	at com.kms.katalon.core.main.ScriptEngine.runScriptAsRawText(ScriptEngine.java:108)
	at com.kms.katalon.core.main.TestCaseExecutor.runScript(TestCaseExecutor.java:294)
	at com.kms.katalon.core.main.TestCaseExecutor.doExecute(TestCaseExecutor.java:285)
	at com.kms.katalon.core.main.TestCaseExecutor.processExecutionPhase(TestCaseExecutor.java:264)
	at com.kms.katalon.core.main.TestCaseExecutor.accessMainPhase(TestCaseExecutor.java:256)
	at com.kms.katalon.core.main.TestCaseExecutor.execute(TestCaseExecutor.java:200)
	at com.kms.katalon.core.main.TestSuiteExecutor.accessTestCaseMainPhase(TestSuiteExecutor.java:129)
	at com.kms.katalon.core.main.TestSuiteExecutor.accessTestSuiteMainPhase(TestSuiteExecutor.java:112)
	at com.kms.katalon.core.main.TestSuiteExecutor.execute(TestSuiteExecutor.java:81)
	at com.kms.katalon.core.main.TestCaseMain.startTestSuite(TestCaseMain.java:142)
	at com.kms.katalon.core.main.TestCaseMain$startTestSuite$0.call(Unknown Source)
	at org.codehaus.groovy.runtime.callsite.CallSiteArray.defaultCall(CallSiteArray.java:48)
	at org.codehaus.groovy.runtime.callsite.AbstractCallSite.call(AbstractCallSite.java:113)
	at org.codehaus.groovy.runtime.callsite.AbstractCallSite.call(AbstractCallSite.java:141)
	at TempTestSuite1537807070351.run(TempTestSuite1537807070351.groovy:36)
	at groovy.lang.GroovyShell.runScriptOrMainOrTestOrRunnable(GroovyShell.java:263)
	at groovy.lang.GroovyShell.run(GroovyShell.java:518)
	at groovy.lang.GroovyShell.run(GroovyShell.java:507)
	at groovy.ui.GroovyMain.processOnce(GroovyMain.java:653)
	at groovy.ui.GroovyMain.run(GroovyMain.java:384)
	at groovy.ui.GroovyMain.process(GroovyMain.java:370)
	at groovy.ui.GroovyMain.processArgs(GroovyMain.java:129)
	at groovy.ui.GroovyMain.main(GroovyMain.java:109)
	at sun.reflect.NativeMethodAccessorImpl.invoke0(Native Method)
	at sun.reflect.NativeMethodAccessorImpl.invoke(NativeMethodAccessorImpl.java:62)
	at sun.reflect.DelegatingMethodAccessorImpl.invoke(DelegatingMethodAccessorImpl.java:43)
	at java.lang.reflect.Method.invoke(Method.java:498)
	at org.codehaus.groovy.tools.GroovyStarter.rootLoader(GroovyStarter.java:109)
	at org.codehaus.groovy.tools.GroovyStarter.main(GroovyStarter.java:131)
)"/>
         <system-out><![CDATA[2018-09-24 09:38:11 - [TEST_CASE][FAILED] - Test Cases/US mobile test/Test all Shop top-level categories for Womens Shop (Makeup): Test Cases/US mobile test/Test all Shop top-level categories for Womens Shop (Makeup) FAILED because (of) (Stack trace: com.kms.katalon.core.exception.StepFailedException: Unable to click on object 'Object Repository/Page_Beauty Box Subscription for Wo/a_Eye Primers' (Root cause: org.openqa.selenium.WebDriverException: unknown error: Element <div class="SkylineCategoryBar__StyledCategory-bIlJTp dqXaUh">...</div> is not clickable at point (58, 644). Other element would receive the click: <div class="Drawer__MaskDiv-VGhMm utilities__cover___WKDvY gqjSAR" style="opacity: 0;"></div>
  (Session info: chrome=69.0.3497.100)
  (Driver info: chromedriver=2.35.528161 (5b82f2d2aae0ca24b877009200ced9065a772e73),platform=Windows NT 6.1.7601 SP1 x86_64) (WARNING: The server did not provide any stacktrace information)
Command duration or timeout: 0 milliseconds
Build info: version: '3.7.1', revision: '8a0099a', time: '2017-11-06T21:07:36.161Z'
System info: host: 'PLEMKTPLACE-08', ip: '10.241.184.32', os.name: 'Windows 7', os.arch: 'amd64', os.version: '6.1', java.version: '1.8.0_181'
Driver info: com.kms.katalon.selenium.driver.CChromeDriver
Capabilities {acceptInsecureCerts: false, acceptSslCerts: false, applicationCacheEnabled: false, browserConnectionEnabled: false, browserName: chrome, chrome: {chromedriverVersion: 2.35.528161 (5b82f2d2aae0ca..., userDataDir: C:\Users\vbrooks\AppData\Lo...}, cssSelectorsEnabled: true, databaseEnabled: false, handlesAlerts: true, hasTouchScreen: false, javascriptEnabled: true, locationContextEnabled: true, mobileEmulationEnabled: false, nativeEvents: true, networkConnectionEnabled: false, pageLoadStrategy: normal, platform: XP, platformName: XP, rotatable: false, setWindowRect: true, takesHeapSnapshot: true, takesScreenshot: true, unexpectedAlertBehaviour: , unhandledPromptBehavior: , version: 69.0.3497.100, webStorageEnabled: true}
Session ID: 5fdf4978f7a7fac2224539d199d0f170)
	at com.kms.katalon.core.keyword.internal.KeywordMain.stepFailed(KeywordMain.groovy:36)
	at com.kms.katalon.core.webui.keyword.internal.WebUIKeywordMain.stepFailed(WebUIKeywordMain.groovy:65)
	at com.kms.katalon.core.webui.keyword.internal.WebUIKeywordMain.runKeyword(WebUIKeywordMain.groovy:27)
	at com.kms.katalon.core.webui.keyword.builtin.ClickKeyword.click(ClickKeyword.groovy:86)
	at com.kms.katalon.core.webui.keyword.builtin.ClickKeyword.execute(ClickKeyword.groovy:67)
	at com.kms.katalon.core.keyword.internal.KeywordExecutor.executeKeywordForPlatform(KeywordExecutor.groovy:53)
	at com.kms.katalon.core.webui.keyword.WebUiBuiltInKeywords.click(WebUiBuiltInKeywords.groovy:616)
	at com.kms.katalon.core.webui.keyword.WebUiBuiltInKeywords$click$4.call(Unknown Source)
	at org.codehaus.groovy.runtime.callsite.CallSiteArray.defaultCall(CallSiteArray.java:48)
	at org.codehaus.groovy.runtime.callsite.AbstractCallSite.call(AbstractCallSite.java:113)
	at org.codehaus.groovy.runtime.callsite.AbstractCallSite.call(AbstractCallSite.java:125)
	at Script1536614250757.run(Script1536614250757.groovy:270)
	at com.kms.katalon.core.main.ScriptEngine.run(ScriptEngine.java:183)
	at com.kms.katalon.core.main.ScriptEngine.runScriptAsRawText(ScriptEngine.java:108)
	at com.kms.katalon.core.main.TestCaseExecutor.runScript(TestCaseExecutor.java:294)
	at com.kms.katalon.core.main.TestCaseExecutor.doExecute(TestCaseExecutor.java:285)
	at com.kms.katalon.core.main.TestCaseExecutor.processExecutionPhase(TestCaseExecutor.java:264)
	at com.kms.katalon.core.main.TestCaseExecutor.accessMainPhase(TestCaseExecutor.java:256)
	at com.kms.katalon.core.main.TestCaseExecutor.execute(TestCaseExecutor.java:200)
	at com.kms.katalon.core.main.TestSuiteExecutor.accessTestCaseMainPhase(TestSuiteExecutor.java:129)
	at com.kms.katalon.core.main.TestSuiteExecutor.accessTestSuiteMainPhase(TestSuiteExecutor.java:112)
	at com.kms.katalon.core.main.TestSuiteExecutor.execute(TestSuiteExecutor.java:81)
	at com.kms.katalon.core.main.TestCaseMain.startTestSuite(TestCaseMain.java:142)
	at com.kms.katalon.core.main.TestCaseMain$startTestSuite$0.call(Unknown Source)
	at org.codehaus.groovy.runtime.callsite.CallSiteArray.defaultCall(CallSiteArray.java:48)
	at org.codehaus.groovy.runtime.callsite.AbstractCallSite.call(AbstractCallSite.java:113)
	at org.codehaus.groovy.runtime.callsite.AbstractCallSite.call(AbstractCallSite.java:141)
	at TempTestSuite1537807070351.run(TempTestSuite1537807070351.groovy:36)
	at groovy.lang.GroovyShell.runScriptOrMainOrTestOrRunnable(GroovyShell.java:263)
	at groovy.lang.GroovyShell.run(GroovyShell.java:518)
	at groovy.lang.GroovyShell.run(GroovyShell.java:507)
	at groovy.ui.GroovyMain.processOnce(GroovyMain.java:653)
	at groovy.ui.GroovyMain.run(GroovyMain.java:384)
	at groovy.ui.GroovyMain.process(GroovyMain.java:370)
	at groovy.ui.GroovyMain.processArgs(GroovyMain.java:129)
	at groovy.ui.GroovyMain.main(GroovyMain.java:109)
	at sun.reflect.NativeMethodAccessorImpl.invoke0(Native Method)
	at sun.reflect.NativeMethodAccessorImpl.invoke(NativeMethodAccessorImpl.java:62)
	at sun.reflect.DelegatingMethodAccessorImpl.invoke(DelegatingMethodAccessorImpl.java:43)
	at java.lang.reflect.Method.invoke(Method.java:498)
	at org.codehaus.groovy.tools.GroovyStarter.rootLoader(GroovyStarter.java:109)
	at org.codehaus.groovy.tools.GroovyStarter.main(GroovyStarter.java:131)
)

2018-09-24 09:38:12 - [TEST_STEP][NOT_RUN] - callTestCase: NOT_RUN: callTestCase

2018-09-24 09:38:12 - [MESSAGE][NOT_RUN] - NOT_RUN: callTestCase

2018-09-24 09:38:12 - [TEST_STEP][PASSED] - delay: Delayed 2 second(s)

2018-09-24 09:38:14 - [MESSAGE][PASSED] - Delayed 2 second(s)

2018-09-24 09:38:14 - [TEST_STEP][PASSED] - waitForElementClickable: Object 'Object Repository/Page_Shop Whats New/svg_ 2018 Birchbox_icon__svg__' is clickable

2018-09-24 09:38:14 - [MESSAGE][WARNING] - Timeout '0' is invalid. Using default page load timeout: '90'

2018-09-24 09:38:14 - [MESSAGE][PASSED] - Object 'Object Repository/Page_Shop Whats New/svg_ 2018 Birchbox_icon__svg__' is clickable

2018-09-24 09:38:14 - [TEST_STEP][PASSED] - click: Object: 'Object Repository/Page_Shop Whats New/svg_ 2018 Birchbox_icon__svg__' is clicked on

2018-09-24 09:38:14 - [MESSAGE][PASSED] - Object: 'Object Repository/Page_Shop Whats New/svg_ 2018 Birchbox_icon__svg__' is clicked on

2018-09-24 09:38:14 - [TEST_STEP][PASSED] - waitForElementVisible: Object 'Object Repository/Page_Shop Whats New/div_Makeup' is visible

2018-09-24 09:38:14 - [MESSAGE][WARNING] - Timeout '0' is invalid. Using default page load timeout: '90'

2018-09-24 09:38:15 - [MESSAGE][PASSED] - Object 'Object Repository/Page_Shop Whats New/div_Makeup' is visible

2018-09-24 09:38:15 - [TEST_STEP][PASSED] - waitForElementClickable: Object 'Object Repository/Page_Shop Whats New/div_Makeup' is clickable

2018-09-24 09:38:15 - [MESSAGE][WARNING] - Timeout '0' is invalid. Using default page load timeout: '90'

2018-09-24 09:38:15 - [MESSAGE][PASSED] - Object 'Object Repository/Page_Shop Whats New/div_Makeup' is clickable

2018-09-24 09:38:15 - [TEST_STEP][PASSED] - click: Object: 'Object Repository/Page_Shop Whats New/div_Makeup' is clicked on

2018-09-24 09:38:15 - [MESSAGE][PASSED] - Object: 'Object Repository/Page_Shop Whats New/div_Makeup' is clicked on

2018-09-24 09:38:15 - [TEST_STEP][PASSED] - click: Object: 'Object Repository/Page_Shop Whats New/div_Complexion' is clicked on

2018-09-24 09:38:16 - [MESSAGE][PASSED] - Object: 'Object Repository/Page_Shop Whats New/div_Complexion' is clicked on

2018-09-24 09:38:16 - [TEST_STEP][PASSED] - delay: Delayed 1 second(s)

2018-09-24 09:38:17 - [MESSAGE][PASSED] - Delayed 1 second(s)

2018-09-24 09:38:17 - [TEST_STEP][PASSED] - waitForElementVisible: Object 'Object Repository/Page_Beauty Box Subscription for Wo/a_Tinted Moisturizers  BBCC Cr' is visible

2018-09-24 09:38:17 - [MESSAGE][WARNING] - Timeout '0' is invalid. Using default page load timeout: '90'

2018-09-24 09:38:17 - [MESSAGE][PASSED] - Object 'Object Repository/Page_Beauty Box Subscription for Wo/a_Tinted Moisturizers  BBCC Cr' is visible

2018-09-24 09:38:17 - [TEST_STEP][PASSED] - waitForElementClickable: Object 'Object Repository/Page_Beauty Box Subscription for Wo/a_Tinted Moisturizers  BBCC Cr' is clickable

2018-09-24 09:38:17 - [MESSAGE][WARNING] - Timeout '0' is invalid. Using default page load timeout: '90'

2018-09-24 09:38:18 - [MESSAGE][PASSED] - Object 'Object Repository/Page_Beauty Box Subscription for Wo/a_Tinted Moisturizers  BBCC Cr' is clickable

2018-09-24 09:38:18 - [TEST_STEP][PASSED] - click: Object: 'Object Repository/Page_Beauty Box Subscription for Wo/a_Tinted Moisturizers  BBCC Cr' is clicked on

2018-09-24 09:38:18 - [MESSAGE][PASSED] - Object: 'Object Repository/Page_Beauty Box Subscription for Wo/a_Tinted Moisturizers  BBCC Cr' is clicked on

2018-09-24 09:38:18 - [TEST_STEP][PASSED] - delay: Delayed 2 second(s)

2018-09-24 09:38:20 - [MESSAGE][PASSED] - Delayed 2 second(s)

2018-09-24 09:38:20 - [TEST_STEP][PASSED] - click: Object: 'Object Repository/Page_Shop Tinted Moisturizers  BBCC/svg_ 2018 Birchbox_icon__svg__' is clicked on

2018-09-24 09:38:21 - [MESSAGE][PASSED] - Object: 'Object Repository/Page_Shop Tinted Moisturizers  BBCC/svg_ 2018 Birchbox_icon__svg__' is clicked on

2018-09-24 09:38:21 - [TEST_STEP][PASSED] - delay: Delayed 2 second(s)

2018-09-24 09:38:23 - [MESSAGE][PASSED] - Delayed 2 second(s)

2018-09-24 09:38:23 - [TEST_STEP][PASSED] - waitForElementVisible: Object 'Object Repository/Page_Shop Whats New/div_Makeup' is visible

2018-09-24 09:38:23 - [MESSAGE][WARNING] - Timeout '0' is invalid. Using default page load timeout: '90'

2018-09-24 09:38:23 - [MESSAGE][PASSED] - Object 'Object Repository/Page_Shop Whats New/div_Makeup' is visible

2018-09-24 09:38:23 - [TEST_STEP][PASSED] - waitForElementClickable: Object 'Object Repository/Page_Shop Whats New/div_Makeup' is clickable

2018-09-24 09:38:23 - [MESSAGE][WARNING] - Timeout '0' is invalid. Using default page load timeout: '90'

2018-09-24 09:38:23 - [MESSAGE][PASSED] - Object 'Object Repository/Page_Shop Whats New/div_Makeup' is clickable

2018-09-24 09:38:23 - [TEST_STEP][PASSED] - click: Object: 'Object Repository/Page_Shop Tinted Moisturizers  BBCC/div_Makeup' is clicked on

2018-09-24 09:38:23 - [MESSAGE][PASSED] - Object: 'Object Repository/Page_Shop Tinted Moisturizers  BBCC/div_Makeup' is clicked on

2018-09-24 09:38:23 - [TEST_STEP][PASSED] - delay: Delayed 1 second(s)

2018-09-24 09:38:24 - [MESSAGE][PASSED] - Delayed 1 second(s)

2018-09-24 09:38:24 - [TEST_STEP][PASSED] - click: Object: 'Object Repository/Page_Shop Tinted Moisturizers  BBCC/div_Complexion' is clicked on

2018-09-24 09:38:24 - [MESSAGE][PASSED] - Object: 'Object Repository/Page_Shop Tinted Moisturizers  BBCC/div_Complexion' is clicked on

2018-09-24 09:38:24 - [TEST_STEP][PASSED] - delay: Delayed 1 second(s)

2018-09-24 09:38:25 - [MESSAGE][PASSED] - Delayed 1 second(s)

2018-09-24 09:38:25 - [TEST_STEP][PASSED] - waitForElementVisible: Object 'Object Repository/Page_Beauty Box Subscription for Wo/a_Foundations' is visible

2018-09-24 09:38:25 - [MESSAGE][WARNING] - Timeout '0' is invalid. Using default page load timeout: '90'

2018-09-24 09:38:25 - [MESSAGE][PASSED] - Object 'Object Repository/Page_Beauty Box Subscription for Wo/a_Foundations' is visible

2018-09-24 09:38:25 - [TEST_STEP][PASSED] - waitForElementClickable: Object 'Object Repository/Page_Beauty Box Subscription for Wo/a_Foundations' is clickable

2018-09-24 09:38:25 - [MESSAGE][WARNING] - Timeout '0' is invalid. Using default page load timeout: '90'

2018-09-24 09:38:25 - [MESSAGE][PASSED] - Object 'Object Repository/Page_Beauty Box Subscription for Wo/a_Foundations' is clickable

2018-09-24 09:38:25 - [TEST_STEP][PASSED] - click: Object: 'Object Repository/Page_Beauty Box Subscription for Wo/a_Foundations' is clicked on

2018-09-24 09:38:25 - [MESSAGE][PASSED] - Object: 'Object Repository/Page_Beauty Box Subscription for Wo/a_Foundations' is clicked on

2018-09-24 09:38:25 - [TEST_STEP][PASSED] - delay: Delayed 2 second(s)

2018-09-24 09:38:27 - [MESSAGE][PASSED] - Delayed 2 second(s)

2018-09-24 09:38:27 - [TEST_STEP][PASSED] - click: Object: 'Object Repository/Page_Shop Makeup Foundations/svg_ 2018 Birchbox_icon__svg__' is clicked on

2018-09-24 09:38:28 - [MESSAGE][PASSED] - Object: 'Object Repository/Page_Shop Makeup Foundations/svg_ 2018 Birchbox_icon__svg__' is clicked on

2018-09-24 09:38:28 - [TEST_STEP][PASSED] - waitForElementVisible: Object 'Object Repository/Page_Shop Whats New/div_Makeup' is visible

2018-09-24 09:38:28 - [MESSAGE][WARNING] - Timeout '0' is invalid. Using default page load timeout: '90'

2018-09-24 09:38:28 - [MESSAGE][PASSED] - Object 'Object Repository/Page_Shop Whats New/div_Makeup' is visible

2018-09-24 09:38:28 - [TEST_STEP][PASSED] - waitForElementClickable: Object 'Object Repository/Page_Shop Whats New/div_Makeup' is clickable

2018-09-24 09:38:28 - [MESSAGE][WARNING] - Timeout '0' is invalid. Using default page load timeout: '90'

2018-09-24 09:38:28 - [MESSAGE][PASSED] - Object 'Object Repository/Page_Shop Whats New/div_Makeup' is clickable

2018-09-24 09:38:28 - [TEST_STEP][PASSED] - click: Object: 'Object Repository/Page_Shop Makeup Foundations/div_Makeup' is clicked on

2018-09-24 09:38:28 - [MESSAGE][PASSED] - Object: 'Object Repository/Page_Shop Makeup Foundations/div_Makeup' is clicked on

2018-09-24 09:38:28 - [TEST_STEP][PASSED] - click: Object: 'Object Repository/Page_Shop Makeup Foundations/div_Complexion' is clicked on

2018-09-24 09:38:29 - [MESSAGE][PASSED] - Object: 'Object Repository/Page_Shop Makeup Foundations/div_Complexion' is clicked on

2018-09-24 09:38:29 - [TEST_STEP][PASSED] - delay: Delayed 1 second(s)

2018-09-24 09:38:30 - [MESSAGE][PASSED] - Delayed 1 second(s)

2018-09-24 09:38:30 - [TEST_STEP][PASSED] - waitForElementVisible: Object 'Object Repository/Page_Beauty Box Subscription for Wo/a_Concealers' is visible

2018-09-24 09:38:30 - [MESSAGE][WARNING] - Timeout '0' is invalid. Using default page load timeout: '90'

2018-09-24 09:38:30 - [MESSAGE][PASSED] - Object 'Object Repository/Page_Beauty Box Subscription for Wo/a_Concealers' is visible

2018-09-24 09:38:30 - [TEST_STEP][PASSED] - waitForElementClickable: Object 'Object Repository/Page_Beauty Box Subscription for Wo/a_Concealers' is clickable

2018-09-24 09:38:30 - [MESSAGE][WARNING] - Timeout '0' is invalid. Using default page load timeout: '90'

2018-09-24 09:38:30 - [MESSAGE][PASSED] - Object 'Object Repository/Page_Beauty Box Subscription for Wo/a_Concealers' is clickable

2018-09-24 09:38:30 - [TEST_STEP][PASSED] - click: Object: 'Object Repository/Page_Beauty Box Subscription for Wo/a_Concealers' is clicked on

2018-09-24 09:38:30 - [MESSAGE][PASSED] - Object: 'Object Repository/Page_Beauty Box Subscription for Wo/a_Concealers' is clicked on

2018-09-24 09:38:30 - [TEST_STEP][PASSED] - delay: Delayed 2 second(s)

2018-09-24 09:38:32 - [MESSAGE][PASSED] - Delayed 2 second(s)

2018-09-24 09:38:32 - [TEST_STEP][PASSED] - click: Object: 'Object Repository/Page_Shop Makeup Concealers/svg_ 2018 Birchbox_icon__svg__' is clicked on

2018-09-24 09:38:32 - [MESSAGE][PASSED] - Object: 'Object Repository/Page_Shop Makeup Concealers/svg_ 2018 Birchbox_icon__svg__' is clicked on

2018-09-24 09:38:32 - [TEST_STEP][PASSED] - waitForElementVisible: Object 'Object Repository/Page_Shop Whats New/div_Makeup' is visible

2018-09-24 09:38:32 - [MESSAGE][WARNING] - Timeout '0' is invalid. Using default page load timeout: '90'

2018-09-24 09:38:33 - [MESSAGE][PASSED] - Object 'Object Repository/Page_Shop Whats New/div_Makeup' is visible

2018-09-24 09:38:33 - [TEST_STEP][PASSED] - waitForElementClickable: Object 'Object Repository/Page_Shop Whats New/div_Makeup' is clickable

2018-09-24 09:38:33 - [MESSAGE][WARNING] - Timeout '0' is invalid. Using default page load timeout: '90'

2018-09-24 09:38:33 - [MESSAGE][PASSED] - Object 'Object Repository/Page_Shop Whats New/div_Makeup' is clickable

2018-09-24 09:38:33 - [TEST_STEP][PASSED] - click: Object: 'Object Repository/Page_Shop Makeup Concealers/div_Makeup' is clicked on

2018-09-24 09:38:33 - [MESSAGE][PASSED] - Object: 'Object Repository/Page_Shop Makeup Concealers/div_Makeup' is clicked on

2018-09-24 09:38:33 - [TEST_STEP][PASSED] - click: Object: 'Object Repository/Page_Shop Makeup Concealers/div_Complexion' is clicked on

2018-09-24 09:38:34 - [MESSAGE][PASSED] - Object: 'Object Repository/Page_Shop Makeup Concealers/div_Complexion' is clicked on

2018-09-24 09:38:34 - [TEST_STEP][PASSED] - delay: Delayed 1 second(s)

2018-09-24 09:38:35 - [MESSAGE][PASSED] - Delayed 1 second(s)

2018-09-24 09:38:35 - [TEST_STEP][PASSED] - waitForElementVisible: Object 'Object Repository/Page_Beauty Box Subscription for Wo/a_Primers' is visible

2018-09-24 09:38:35 - [MESSAGE][WARNING] - Timeout '0' is invalid. Using default page load timeout: '90'

2018-09-24 09:38:35 - [MESSAGE][PASSED] - Object 'Object Repository/Page_Beauty Box Subscription for Wo/a_Primers' is visible

2018-09-24 09:38:35 - [TEST_STEP][PASSED] - waitForElementClickable: Object 'Object Repository/Page_Beauty Box Subscription for Wo/a_Primers' is clickable

2018-09-24 09:38:35 - [MESSAGE][WARNING] - Timeout '0' is invalid. Using default page load timeout: '90'

2018-09-24 09:38:35 - [MESSAGE][PASSED] - Object 'Object Repository/Page_Beauty Box Subscription for Wo/a_Primers' is clickable

2018-09-24 09:38:35 - [TEST_STEP][PASSED] - click: Object: 'Object Repository/Page_Beauty Box Subscription for Wo/a_Primers' is clicked on

2018-09-24 09:38:35 - [MESSAGE][PASSED] - Object: 'Object Repository/Page_Beauty Box Subscription for Wo/a_Primers' is clicked on

2018-09-24 09:38:35 - [TEST_STEP][PASSED] - delay: Delayed 2 second(s)

2018-09-24 09:38:37 - [MESSAGE][PASSED] - Delayed 2 second(s)

2018-09-24 09:38:37 - [TEST_STEP][PASSED] - click: Object: 'Object Repository/Page_Shop Makeup Primers/svg_ 2018 Birchbox_icon__svg__' is clicked on

2018-09-24 09:38:37 - [MESSAGE][PASSED] - Object: 'Object Repository/Page_Shop Makeup Primers/svg_ 2018 Birchbox_icon__svg__' is clicked on

2018-09-24 09:38:37 - [TEST_STEP][PASSED] - waitForElementVisible: Object 'Object Repository/Page_Shop Whats New/div_Makeup' is visible

2018-09-24 09:38:37 - [MESSAGE][WARNING] - Timeout '0' is invalid. Using default page load timeout: '90'

2018-09-24 09:38:38 - [MESSAGE][PASSED] - Object 'Object Repository/Page_Shop Whats New/div_Makeup' is visible

2018-09-24 09:38:38 - [TEST_STEP][PASSED] - waitForElementClickable: Object 'Object Repository/Page_Shop Whats New/div_Makeup' is clickable

2018-09-24 09:38:38 - [MESSAGE][WARNING] - Timeout '0' is invalid. Using default page load timeout: '90'

2018-09-24 09:38:38 - [MESSAGE][PASSED] - Object 'Object Repository/Page_Shop Whats New/div_Makeup' is clickable

2018-09-24 09:38:38 - [TEST_STEP][PASSED] - click: Object: 'Object Repository/Page_Shop Makeup Primers/div_Makeup' is clicked on

2018-09-24 09:38:38 - [MESSAGE][PASSED] - Object: 'Object Repository/Page_Shop Makeup Primers/div_Makeup' is clicked on

2018-09-24 09:38:38 - [TEST_STEP][PASSED] - waitForElementVisible: Object 'Object Repository/Page_Shop Makeup Primers/div_Complexion' is visible

2018-09-24 09:38:38 - [MESSAGE][WARNING] - Timeout '0' is invalid. Using default page load timeout: '90'

2018-09-24 09:38:38 - [MESSAGE][PASSED] - Object 'Object Repository/Page_Shop Makeup Primers/div_Complexion' is visible

2018-09-24 09:38:38 - [TEST_STEP][PASSED] - waitForElementClickable: Object 'Object Repository/Page_Shop Makeup Primers/div_Complexion' is clickable

2018-09-24 09:38:38 - [MESSAGE][WARNING] - Timeout '0' is invalid. Using default page load timeout: '90'

2018-09-24 09:38:38 - [MESSAGE][PASSED] - Object 'Object Repository/Page_Shop Makeup Primers/div_Complexion' is clickable

2018-09-24 09:38:38 - [TEST_STEP][PASSED] - click: Object: 'Object Repository/Page_Shop Makeup Primers/div_Complexion' is clicked on

2018-09-24 09:38:39 - [MESSAGE][PASSED] - Object: 'Object Repository/Page_Shop Makeup Primers/div_Complexion' is clicked on

2018-09-24 09:38:39 - [TEST_STEP][PASSED] - delay: Delayed 2 second(s)

2018-09-24 09:38:41 - [MESSAGE][PASSED] - Delayed 2 second(s)

2018-09-24 09:38:41 - [TEST_STEP][PASSED] - waitForElementVisible: Object 'Object Repository/Page_Beauty Box Subscription for Wo/a_Color-Correcting' is visible

2018-09-24 09:38:41 - [MESSAGE][WARNING] - Timeout '0' is invalid. Using default page load timeout: '90'

2018-09-24 09:38:41 - [MESSAGE][PASSED] - Object 'Object Repository/Page_Beauty Box Subscription for Wo/a_Color-Correcting' is visible

2018-09-24 09:38:41 - [TEST_STEP][PASSED] - waitForElementClickable: Object 'Object Repository/Page_Beauty Box Subscription for Wo/a_Color-Correcting' is clickable

2018-09-24 09:38:41 - [MESSAGE][WARNING] - Timeout '0' is invalid. Using default page load timeout: '90'

2018-09-24 09:38:41 - [MESSAGE][PASSED] - Object 'Object Repository/Page_Beauty Box Subscription for Wo/a_Color-Correcting' is clickable

2018-09-24 09:38:41 - [TEST_STEP][PASSED] - click: Object: 'Object Repository/Page_Beauty Box Subscription for Wo/a_Color-Correcting' is clicked on

2018-09-24 09:38:41 - [MESSAGE][PASSED] - Object: 'Object Repository/Page_Beauty Box Subscription for Wo/a_Color-Correcting' is clicked on

2018-09-24 09:38:41 - [TEST_STEP][PASSED] - delay: Delayed 2 second(s)

2018-09-24 09:38:43 - [MESSAGE][PASSED] - Delayed 2 second(s)

2018-09-24 09:38:43 - [TEST_STEP][PASSED] - click: Object: 'Object Repository/Page_Shop Color-Correcting Makeup/svg_ 2018 Birchbox_icon__svg__' is clicked on

2018-09-24 09:38:43 - [MESSAGE][PASSED] - Object: 'Object Repository/Page_Shop Color-Correcting Makeup/svg_ 2018 Birchbox_icon__svg__' is clicked on

2018-09-24 09:38:43 - [TEST_STEP][PASSED] - waitForElementVisible: Object 'Object Repository/Page_Shop Whats New/div_Makeup' is visible

2018-09-24 09:38:43 - [MESSAGE][WARNING] - Timeout '0' is invalid. Using default page load timeout: '90'

2018-09-24 09:38:43 - [MESSAGE][PASSED] - Object 'Object Repository/Page_Shop Whats New/div_Makeup' is visible

2018-09-24 09:38:43 - [TEST_STEP][PASSED] - waitForElementClickable: Object 'Object Repository/Page_Shop Whats New/div_Makeup' is clickable

2018-09-24 09:38:43 - [MESSAGE][WARNING] - Timeout '0' is invalid. Using default page load timeout: '90'

2018-09-24 09:38:43 - [MESSAGE][PASSED] - Object 'Object Repository/Page_Shop Whats New/div_Makeup' is clickable

2018-09-24 09:38:43 - [TEST_STEP][PASSED] - click: Object: 'Object Repository/Page_Shop Color-Correcting Makeup/div_Makeup' is clicked on

2018-09-24 09:38:44 - [MESSAGE][PASSED] - Object: 'Object Repository/Page_Shop Color-Correcting Makeup/div_Makeup' is clicked on

2018-09-24 09:38:44 - [TEST_STEP][PASSED] - click: Object: 'Object Repository/Page_Shop Color-Correcting Makeup/div_Complexion' is clicked on

2018-09-24 09:38:44 - [MESSAGE][PASSED] - Object: 'Object Repository/Page_Shop Color-Correcting Makeup/div_Complexion' is clicked on

2018-09-24 09:38:44 - [TEST_STEP][PASSED] - waitForElementVisible: Object 'Object Repository/Page_Beauty Box Subscription for Wo/a_Setting Sprays  Powders' is visible

2018-09-24 09:38:44 - [MESSAGE][WARNING] - Timeout '0' is invalid. Using default page load timeout: '90'

2018-09-24 09:38:45 - [MESSAGE][PASSED] - Object 'Object Repository/Page_Beauty Box Subscription for Wo/a_Setting Sprays  Powders' is visible

2018-09-24 09:38:45 - [TEST_STEP][PASSED] - verifyElementClickable: Object 'Object Repository/Page_Beauty Box Subscription for Wo/a_Setting Sprays  Powders' is clickable

2018-09-24 09:38:45 - [MESSAGE][PASSED] - Object 'Object Repository/Page_Beauty Box Subscription for Wo/a_Setting Sprays  Powders' is clickable

2018-09-24 09:38:45 - [TEST_STEP][PASSED] - click: Object: 'Object Repository/Page_Beauty Box Subscription for Wo/a_Setting Sprays  Powders' is clicked on

2018-09-24 09:38:46 - [MESSAGE][PASSED] - Object: 'Object Repository/Page_Beauty Box Subscription for Wo/a_Setting Sprays  Powders' is clicked on

2018-09-24 09:38:46 - [TEST_STEP][PASSED] - delay: Delayed 2 second(s)

2018-09-24 09:38:48 - [MESSAGE][PASSED] - Delayed 2 second(s)

2018-09-24 09:38:48 - [TEST_STEP][PASSED] - click: Object: 'Object Repository/Page_Shop Makeup Setting Sprays and/svg_ 2018 Birchbox_icon__svg__' is clicked on

2018-09-24 09:38:48 - [MESSAGE][PASSED] - Object: 'Object Repository/Page_Shop Makeup Setting Sprays and/svg_ 2018 Birchbox_icon__svg__' is clicked on

2018-09-24 09:38:48 - [TEST_STEP][PASSED] - waitForElementVisible: Object 'Object Repository/Page_Shop Whats New/div_Makeup' is visible

2018-09-24 09:38:48 - [MESSAGE][WARNING] - Timeout '0' is invalid. Using default page load timeout: '90'

2018-09-24 09:38:48 - [MESSAGE][PASSED] - Object 'Object Repository/Page_Shop Whats New/div_Makeup' is visible

2018-09-24 09:38:48 - [TEST_STEP][PASSED] - waitForElementClickable: Object 'Object Repository/Page_Shop Whats New/div_Makeup' is clickable

2018-09-24 09:38:48 - [MESSAGE][WARNING] - Timeout '0' is invalid. Using default page load timeout: '90'

2018-09-24 09:38:48 - [MESSAGE][PASSED] - Object 'Object Repository/Page_Shop Whats New/div_Makeup' is clickable

2018-09-24 09:38:48 - [TEST_STEP][PASSED] - click: Object: 'Object Repository/Page_Shop Makeup Setting Sprays and/div_Makeup' is clicked on

2018-09-24 09:38:48 - [MESSAGE][PASSED] - Object: 'Object Repository/Page_Shop Makeup Setting Sprays and/div_Makeup' is clicked on

2018-09-24 09:38:48 - [TEST_STEP][PASSED] - click: Object: 'Object Repository/Page_Shop Makeup Setting Sprays and/div_Complexion' is clicked on

2018-09-24 09:38:49 - [MESSAGE][PASSED] - Object: 'Object Repository/Page_Shop Makeup Setting Sprays and/div_Complexion' is clicked on

2018-09-24 09:38:49 - [TEST_STEP][PASSED] - delay: Delayed 1 second(s)

2018-09-24 09:38:50 - [MESSAGE][PASSED] - Delayed 1 second(s)

2018-09-24 09:38:50 - [TEST_STEP][PASSED] - waitForElementVisible: Object 'Object Repository/Page_Beauty Box Subscription for Wo/a_Complexion Sets  Palettes' is visible

2018-09-24 09:38:50 - [MESSAGE][WARNING] - Timeout '0' is invalid. Using default page load timeout: '90'

2018-09-24 09:38:50 - [MESSAGE][PASSED] - Object 'Object Repository/Page_Beauty Box Subscription for Wo/a_Complexion Sets  Palettes' is visible

2018-09-24 09:38:50 - [TEST_STEP][PASSED] - waitForElementClickable: Object 'Object Repository/Page_Beauty Box Subscription for Wo/a_Complexion Sets  Palettes' is clickable

2018-09-24 09:38:50 - [MESSAGE][WARNING] - Timeout '0' is invalid. Using default page load timeout: '90'

2018-09-24 09:38:50 - [MESSAGE][PASSED] - Object 'Object Repository/Page_Beauty Box Subscription for Wo/a_Complexion Sets  Palettes' is clickable

2018-09-24 09:38:50 - [TEST_STEP][PASSED] - click: Object: 'Object Repository/Page_Beauty Box Subscription for Wo/a_Complexion Sets  Palettes' is clicked on

2018-09-24 09:38:50 - [MESSAGE][PASSED] - Object: 'Object Repository/Page_Beauty Box Subscription for Wo/a_Complexion Sets  Palettes' is clicked on

2018-09-24 09:38:50 - [TEST_STEP][PASSED] - delay: Delayed 2 second(s)

2018-09-24 09:38:52 - [MESSAGE][PASSED] - Delayed 2 second(s)

2018-09-24 09:38:52 - [TEST_STEP][PASSED] - click: Object: 'Object Repository/Page_Shop Makeup Complexion Sets  M/svg_ 2018 Birchbox_icon__svg__' is clicked on

2018-09-24 09:38:52 - [MESSAGE][PASSED] - Object: 'Object Repository/Page_Shop Makeup Complexion Sets  M/svg_ 2018 Birchbox_icon__svg__' is clicked on

2018-09-24 09:38:52 - [TEST_STEP][PASSED] - waitForElementVisible: Object 'Object Repository/Page_Shop Whats New/div_Makeup' is visible

2018-09-24 09:38:52 - [MESSAGE][WARNING] - Timeout '0' is invalid. Using default page load timeout: '90'

2018-09-24 09:38:53 - [MESSAGE][PASSED] - Object 'Object Repository/Page_Shop Whats New/div_Makeup' is visible

2018-09-24 09:38:53 - [TEST_STEP][PASSED] - waitForElementClickable: Object 'Object Repository/Page_Shop Whats New/div_Makeup' is clickable

2018-09-24 09:38:53 - [MESSAGE][WARNING] - Timeout '0' is invalid. Using default page load timeout: '90'

2018-09-24 09:38:53 - [MESSAGE][PASSED] - Object 'Object Repository/Page_Shop Whats New/div_Makeup' is clickable

2018-09-24 09:38:53 - [TEST_STEP][PASSED] - click: Object: 'Object Repository/Page_Shop Makeup Complexion Sets  M/div_Makeup' is clicked on

2018-09-24 09:38:53 - [MESSAGE][PASSED] - Object: 'Object Repository/Page_Shop Makeup Complexion Sets  M/div_Makeup' is clicked on

2018-09-24 09:38:53 - [TEST_STEP][PASSED] - click: Object: 'Object Repository/Page_Shop Makeup Complexion Sets  M/div_Eye' is clicked on

2018-09-24 09:38:53 - [MESSAGE][PASSED] - Object: 'Object Repository/Page_Shop Makeup Complexion Sets  M/div_Eye' is clicked on

2018-09-24 09:38:53 - [TEST_STEP][PASSED] - waitForElementVisible: Object 'Object Repository/Page_Beauty Box Subscription for Wo/a_Mascaras' is visible

2018-09-24 09:38:53 - [MESSAGE][WARNING] - Timeout '0' is invalid. Using default page load timeout: '90'

2018-09-24 09:38:54 - [MESSAGE][PASSED] - Object 'Object Repository/Page_Beauty Box Subscription for Wo/a_Mascaras' is visible

2018-09-24 09:38:54 - [TEST_STEP][PASSED] - waitForElementClickable: Object 'Object Repository/Page_Beauty Box Subscription for Wo/a_Mascaras' is clickable

2018-09-24 09:38:54 - [MESSAGE][WARNING] - Timeout '0' is invalid. Using default page load timeout: '90'

2018-09-24 09:38:55 - [MESSAGE][PASSED] - Object 'Object Repository/Page_Beauty Box Subscription for Wo/a_Mascaras' is clickable

2018-09-24 09:38:55 - [TEST_STEP][PASSED] - click: Object: 'Object Repository/Page_Beauty Box Subscription for Wo/a_Mascaras' is clicked on

2018-09-24 09:38:55 - [MESSAGE][PASSED] - Object: 'Object Repository/Page_Beauty Box Subscription for Wo/a_Mascaras' is clicked on

2018-09-24 09:38:55 - [TEST_STEP][PASSED] - delay: Delayed 2 second(s)

2018-09-24 09:38:57 - [MESSAGE][PASSED] - Delayed 2 second(s)

2018-09-24 09:38:57 - [TEST_STEP][PASSED] - click: Object: 'Object Repository/Page_Shop Mascaras/svg_ 2018 Birchbox_icon__svg__' is clicked on

2018-09-24 09:38:57 - [MESSAGE][PASSED] - Object: 'Object Repository/Page_Shop Mascaras/svg_ 2018 Birchbox_icon__svg__' is clicked on

2018-09-24 09:38:57 - [TEST_STEP][PASSED] - waitForElementVisible: Object 'Object Repository/Page_Shop Whats New/div_Makeup' is visible

2018-09-24 09:38:57 - [MESSAGE][WARNING] - Timeout '0' is invalid. Using default page load timeout: '90'

2018-09-24 09:38:57 - [MESSAGE][PASSED] - Object 'Object Repository/Page_Shop Whats New/div_Makeup' is visible

2018-09-24 09:38:57 - [TEST_STEP][PASSED] - waitForElementClickable: Object 'Object Repository/Page_Shop Whats New/div_Makeup' is clickable

2018-09-24 09:38:57 - [MESSAGE][WARNING] - Timeout '0' is invalid. Using default page load timeout: '90'

2018-09-24 09:38:58 - [MESSAGE][PASSED] - Object 'Object Repository/Page_Shop Whats New/div_Makeup' is clickable

2018-09-24 09:38:58 - [TEST_STEP][PASSED] - click: Object: 'Object Repository/Page_Shop Mascaras/div_Makeup' is clicked on

2018-09-24 09:38:58 - [MESSAGE][PASSED] - Object: 'Object Repository/Page_Shop Mascaras/div_Makeup' is clicked on

2018-09-24 09:38:58 - [TEST_STEP][PASSED] - click: Object: 'Object Repository/Page_Shop Mascaras/div_Eye' is clicked on

2018-09-24 09:38:58 - [MESSAGE][PASSED] - Object: 'Object Repository/Page_Shop Mascaras/div_Eye' is clicked on

2018-09-24 09:38:58 - [TEST_STEP][PASSED] - delay: Delayed 1 second(s)

2018-09-24 09:38:59 - [MESSAGE][PASSED] - Delayed 1 second(s)

2018-09-24 09:38:59 - [TEST_STEP][PASSED] - waitForElementVisible: Object 'Object Repository/Page_Beauty Box Subscription for Wo/a_Brows' is visible

2018-09-24 09:38:59 - [MESSAGE][WARNING] - Timeout '0' is invalid. Using default page load timeout: '90'

2018-09-24 09:38:59 - [MESSAGE][PASSED] - Object 'Object Repository/Page_Beauty Box Subscription for Wo/a_Brows' is visible

2018-09-24 09:38:59 - [TEST_STEP][PASSED] - waitForElementClickable: Object 'Object Repository/Page_Beauty Box Subscription for Wo/a_Brows' is clickable

2018-09-24 09:38:59 - [MESSAGE][WARNING] - Timeout '0' is invalid. Using default page load timeout: '90'

2018-09-24 09:38:59 - [MESSAGE][PASSED] - Object 'Object Repository/Page_Beauty Box Subscription for Wo/a_Brows' is clickable

2018-09-24 09:38:59 - [TEST_STEP][PASSED] - click: Object: 'Object Repository/Page_Beauty Box Subscription for Wo/a_Brows' is clicked on

2018-09-24 09:38:59 - [MESSAGE][PASSED] - Object: 'Object Repository/Page_Beauty Box Subscription for Wo/a_Brows' is clicked on

2018-09-24 09:38:59 - [TEST_STEP][PASSED] - delay: Delayed 2 second(s)

2018-09-24 09:39:01 - [MESSAGE][PASSED] - Delayed 2 second(s)

2018-09-24 09:39:01 - [TEST_STEP][PASSED] - click: Object: 'Object Repository/Page_Shop Brow Makeup/svg_ 2018 Birchbox_icon__svg__' is clicked on

2018-09-24 09:39:02 - [MESSAGE][PASSED] - Object: 'Object Repository/Page_Shop Brow Makeup/svg_ 2018 Birchbox_icon__svg__' is clicked on

2018-09-24 09:39:02 - [TEST_STEP][PASSED] - waitForElementVisible: Object 'Object Repository/Page_Shop Whats New/div_Makeup' is visible

2018-09-24 09:39:02 - [MESSAGE][WARNING] - Timeout '0' is invalid. Using default page load timeout: '90'

2018-09-24 09:39:02 - [MESSAGE][PASSED] - Object 'Object Repository/Page_Shop Whats New/div_Makeup' is visible

2018-09-24 09:39:02 - [TEST_STEP][PASSED] - waitForElementClickable: Object 'Object Repository/Page_Shop Whats New/div_Makeup' is clickable

2018-09-24 09:39:02 - [MESSAGE][WARNING] - Timeout '0' is invalid. Using default page load timeout: '90'

2018-09-24 09:39:02 - [MESSAGE][PASSED] - Object 'Object Repository/Page_Shop Whats New/div_Makeup' is clickable

2018-09-24 09:39:02 - [TEST_STEP][PASSED] - click: Object: 'Object Repository/Page_Shop Brow Makeup/div_Makeup' is clicked on

2018-09-24 09:39:03 - [MESSAGE][PASSED] - Object: 'Object Repository/Page_Shop Brow Makeup/div_Makeup' is clicked on

2018-09-24 09:39:03 - [TEST_STEP][PASSED] - click: Object: 'Object Repository/Page_Shop Brow Makeup/div_Eye' is clicked on

2018-09-24 09:39:03 - [MESSAGE][PASSED] - Object: 'Object Repository/Page_Shop Brow Makeup/div_Eye' is clicked on

2018-09-24 09:39:03 - [TEST_STEP][PASSED] - delay: Delayed 1 second(s)

2018-09-24 09:39:04 - [MESSAGE][PASSED] - Delayed 1 second(s)

2018-09-24 09:39:04 - [TEST_STEP][PASSED] - waitForElementVisible: Object 'Object Repository/Page_Beauty Box Subscription for Wo/a_Eyeliners' is visible

2018-09-24 09:39:04 - [MESSAGE][WARNING] - Timeout '0' is invalid. Using default page load timeout: '90'

2018-09-24 09:39:04 - [MESSAGE][PASSED] - Object 'Object Repository/Page_Beauty Box Subscription for Wo/a_Eyeliners' is visible

2018-09-24 09:39:04 - [TEST_STEP][PASSED] - waitForElementClickable: Object 'Object Repository/Page_Beauty Box Subscription for Wo/a_Eyeliners' is clickable

2018-09-24 09:39:04 - [MESSAGE][WARNING] - Timeout '0' is invalid. Using default page load timeout: '90'

2018-09-24 09:39:04 - [MESSAGE][PASSED] - Object 'Object Repository/Page_Beauty Box Subscription for Wo/a_Eyeliners' is clickable

2018-09-24 09:39:04 - [TEST_STEP][PASSED] - click: Object: 'Object Repository/Page_Beauty Box Subscription for Wo/a_Eyeliners' is clicked on

2018-09-24 09:39:04 - [MESSAGE][PASSED] - Object: 'Object Repository/Page_Beauty Box Subscription for Wo/a_Eyeliners' is clicked on

2018-09-24 09:39:04 - [TEST_STEP][PASSED] - delay: Delayed 2 second(s)

2018-09-24 09:39:06 - [MESSAGE][PASSED] - Delayed 2 second(s)

2018-09-24 09:39:06 - [TEST_STEP][PASSED] - click: Object: 'Object Repository/Page_Shop Eyeliners/svg_ 2018 Birchbox_icon__svg__' is clicked on

2018-09-24 09:39:07 - [MESSAGE][PASSED] - Object: 'Object Repository/Page_Shop Eyeliners/svg_ 2018 Birchbox_icon__svg__' is clicked on

2018-09-24 09:39:07 - [TEST_STEP][PASSED] - waitForElementVisible: Object 'Object Repository/Page_Shop Whats New/div_Makeup' is visible

2018-09-24 09:39:07 - [MESSAGE][WARNING] - Timeout '0' is invalid. Using default page load timeout: '90'

2018-09-24 09:39:07 - [MESSAGE][PASSED] - Object 'Object Repository/Page_Shop Whats New/div_Makeup' is visible

2018-09-24 09:39:07 - [TEST_STEP][PASSED] - waitForElementClickable: Object 'Object Repository/Page_Shop Whats New/div_Makeup' is clickable

2018-09-24 09:39:07 - [MESSAGE][WARNING] - Timeout '0' is invalid. Using default page load timeout: '90'

2018-09-24 09:39:07 - [MESSAGE][PASSED] - Object 'Object Repository/Page_Shop Whats New/div_Makeup' is clickable

2018-09-24 09:39:07 - [TEST_STEP][PASSED] - click: Object: 'Object Repository/Page_Shop Eyeliners/div_Makeup' is clicked on

2018-09-24 09:39:07 - [MESSAGE][PASSED] - Object: 'Object Repository/Page_Shop Eyeliners/div_Makeup' is clicked on

2018-09-24 09:39:07 - [TEST_STEP][PASSED] - click: Object: 'Object Repository/Page_Shop Eyeliners/div_Eye' is clicked on

2018-09-24 09:39:08 - [MESSAGE][PASSED] - Object: 'Object Repository/Page_Shop Eyeliners/div_Eye' is clicked on

2018-09-24 09:39:08 - [TEST_STEP][PASSED] - delay: Delayed 1 second(s)

2018-09-24 09:39:09 - [MESSAGE][PASSED] - Delayed 1 second(s)

2018-09-24 09:39:09 - [TEST_STEP][PASSED] - waitForElementVisible: Object 'Object Repository/Page_Beauty Box Subscription for Wo/a_Eyeshadows' is visible

2018-09-24 09:39:09 - [MESSAGE][WARNING] - Timeout '0' is invalid. Using default page load timeout: '90'

2018-09-24 09:39:09 - [MESSAGE][PASSED] - Object 'Object Repository/Page_Beauty Box Subscription for Wo/a_Eyeshadows' is visible

2018-09-24 09:39:09 - [TEST_STEP][PASSED] - waitForElementClickable: Object 'Object Repository/Page_Beauty Box Subscription for Wo/a_Eyeshadows' is clickable

2018-09-24 09:39:09 - [MESSAGE][WARNING] - Timeout '0' is invalid. Using default page load timeout: '90'

2018-09-24 09:39:09 - [MESSAGE][PASSED] - Object 'Object Repository/Page_Beauty Box Subscription for Wo/a_Eyeshadows' is clickable

2018-09-24 09:39:09 - [TEST_STEP][PASSED] - click: Object: 'Object Repository/Page_Beauty Box Subscription for Wo/a_Eyeshadows' is clicked on

2018-09-24 09:39:09 - [MESSAGE][PASSED] - Object: 'Object Repository/Page_Beauty Box Subscription for Wo/a_Eyeshadows' is clicked on

2018-09-24 09:39:09 - [TEST_STEP][PASSED] - delay: Delayed 2 second(s)

2018-09-24 09:39:11 - [MESSAGE][PASSED] - Delayed 2 second(s)

2018-09-24 09:39:11 - [TEST_STEP][PASSED] - click: Object: 'Object Repository/Page_Shop Eyeshadows/svg_ 2018 Birchbox_icon__svg__' is clicked on

2018-09-24 09:39:11 - [MESSAGE][PASSED] - Object: 'Object Repository/Page_Shop Eyeshadows/svg_ 2018 Birchbox_icon__svg__' is clicked on

2018-09-24 09:39:11 - [TEST_STEP][PASSED] - waitForElementVisible: Object 'Object Repository/Page_Shop Whats New/div_Makeup' is visible

2018-09-24 09:39:11 - [MESSAGE][WARNING] - Timeout '0' is invalid. Using default page load timeout: '90'

2018-09-24 09:39:12 - [MESSAGE][PASSED] - Object 'Object Repository/Page_Shop Whats New/div_Makeup' is visible

2018-09-24 09:39:12 - [TEST_STEP][PASSED] - waitForElementClickable: Object 'Object Repository/Page_Shop Whats New/div_Makeup' is clickable

2018-09-24 09:39:12 - [MESSAGE][WARNING] - Timeout '0' is invalid. Using default page load timeout: '90'

2018-09-24 09:39:12 - [MESSAGE][PASSED] - Object 'Object Repository/Page_Shop Whats New/div_Makeup' is clickable

2018-09-24 09:39:12 - [TEST_STEP][PASSED] - click: Object: 'Object Repository/Page_Shop Eyeshadows/div_Makeup' is clicked on

2018-09-24 09:39:12 - [MESSAGE][PASSED] - Object: 'Object Repository/Page_Shop Eyeshadows/div_Makeup' is clicked on

2018-09-24 09:39:12 - [TEST_STEP][PASSED] - click: Object: 'Object Repository/Page_Shop Eyeshadows/div_Eye' is clicked on

2018-09-24 09:39:13 - [MESSAGE][PASSED] - Object: 'Object Repository/Page_Shop Eyeshadows/div_Eye' is clicked on

2018-09-24 09:39:13 - [TEST_STEP][PASSED] - waitForElementClickable: Object 'Object Repository/Page_Beauty Box Subscription for Wo/a_Eye Primers' is clickable

2018-09-24 09:39:13 - [MESSAGE][WARNING] - Timeout '0' is invalid. Using default page load timeout: '90'

2018-09-24 09:39:13 - [MESSAGE][PASSED] - Object 'Object Repository/Page_Beauty Box Subscription for Wo/a_Eye Primers' is clickable

2018-09-24 09:39:13 - [TEST_STEP][PASSED] - waitForElementVisible: Object 'Object Repository/Page_Beauty Box Subscription for Wo/a_Eye Primers' is visible

2018-09-24 09:39:13 - [MESSAGE][WARNING] - Timeout '0' is invalid. Using default page load timeout: '90'

2018-09-24 09:39:13 - [MESSAGE][PASSED] - Object 'Object Repository/Page_Beauty Box Subscription for Wo/a_Eye Primers' is visible

2018-09-24 09:39:13 - [TEST_STEP][FAILED] - click: Unable to click on object 'Object Repository/Page_Beauty Box Subscription for Wo/a_Eye Primers' (Root cause: org.openqa.selenium.WebDriverException: unknown error: Element <div class="SkylineCategoryBar__StyledCategory-bIlJTp dqXaUh">...</div> is not clickable at point (58, 644). Other element would receive the click: <div class="Drawer__MaskDiv-VGhMm utilities__cover___WKDvY gqjSAR" style="opacity: 0;"></div>
  (Session info: chrome=69.0.3497.100)
  (Driver info: chromedriver=2.35.528161 (5b82f2d2aae0ca24b877009200ced9065a772e73),platform=Windows NT 6.1.7601 SP1 x86_64) (WARNING: The server did not provide any stacktrace information)
Command duration or timeout: 0 milliseconds
Build info: version: '3.7.1', revision: '8a0099a', time: '2017-11-06T21:07:36.161Z'
System info: host: 'PLEMKTPLACE-08', ip: '10.241.184.32', os.name: 'Windows 7', os.arch: 'amd64', os.version: '6.1', java.version: '1.8.0_181'
Driver info: com.kms.katalon.selenium.driver.CChromeDriver
Capabilities {acceptInsecureCerts: false, acceptSslCerts: false, applicationCacheEnabled: false, browserConnectionEnabled: false, browserName: chrome, chrome: {chromedriverVersion: 2.35.528161 (5b82f2d2aae0ca..., userDataDir: C:\Users\vbrooks\AppData\Lo...}, cssSelectorsEnabled: true, databaseEnabled: false, handlesAlerts: true, hasTouchScreen: false, javascriptEnabled: true, locationContextEnabled: true, mobileEmulationEnabled: false, nativeEvents: true, networkConnectionEnabled: false, pageLoadStrategy: normal, platform: XP, platformName: XP, rotatable: false, setWindowRect: true, takesHeapSnapshot: true, takesScreenshot: true, unexpectedAlertBehaviour: , unhandledPromptBehavior: , version: 69.0.3497.100, webStorageEnabled: true}
Session ID: 5fdf4978f7a7fac2224539d199d0f170)

2018-09-24 09:39:14 - [MESSAGE][FAILED] - Unable to click on object 'Object Repository/Page_Beauty Box Subscription for Wo/a_Eye Primers' (Root cause: org.openqa.selenium.WebDriverException: unknown error: Element <div class="SkylineCategoryBar__StyledCategory-bIlJTp dqXaUh">...</div> is not clickable at point (58, 644). Other element would receive the click: <div class="Drawer__MaskDiv-VGhMm utilities__cover___WKDvY gqjSAR" style="opacity: 0;"></div>
  (Session info: chrome=69.0.3497.100)
  (Driver info: chromedriver=2.35.528161 (5b82f2d2aae0ca24b877009200ced9065a772e73),platform=Windows NT 6.1.7601 SP1 x86_64) (WARNING: The server did not provide any stacktrace information)
Command duration or timeout: 0 milliseconds
Build info: version: '3.7.1', revision: '8a0099a', time: '2017-11-06T21:07:36.161Z'
System info: host: 'PLEMKTPLACE-08', ip: '10.241.184.32', os.name: 'Windows 7', os.arch: 'amd64', os.version: '6.1', java.version: '1.8.0_181'
Driver info: com.kms.katalon.selenium.driver.CChromeDriver
Capabilities {acceptInsecureCerts: false, acceptSslCerts: false, applicationCacheEnabled: false, browserConnectionEnabled: false, browserName: chrome, chrome: {chromedriverVersion: 2.35.528161 (5b82f2d2aae0ca..., userDataDir: C:\Users\vbrooks\AppData\Lo...}, cssSelectorsEnabled: true, databaseEnabled: false, handlesAlerts: true, hasTouchScreen: false, javascriptEnabled: true, locationContextEnabled: true, mobileEmulationEnabled: false, nativeEvents: true, networkConnectionEnabled: false, pageLoadStrategy: normal, platform: XP, platformName: XP, rotatable: false, setWindowRect: true, takesHeapSnapshot: true, takesScreenshot: true, unexpectedAlertBehaviour: , unhandledPromptBehavior: , version: 69.0.3497.100, webStorageEnabled: true}
Session ID: 5fdf4978f7a7fac2224539d199d0f170)]]></system-out>
         <system-err><![CDATA[2018-09-24 09:38:11 - [TEST_CASE][FAILED] - Test Cases/US mobile test/Test all Shop top-level categories for Womens Shop (Makeup): Test Cases/US mobile test/Test all Shop top-level categories for Womens Shop (Makeup) FAILED because (of) (Stack trace: com.kms.katalon.core.exception.StepFailedException: Unable to click on object 'Object Repository/Page_Beauty Box Subscription for Wo/a_Eye Primers' (Root cause: org.openqa.selenium.WebDriverException: unknown error: Element <div class="SkylineCategoryBar__StyledCategory-bIlJTp dqXaUh">...</div> is not clickable at point (58, 644). Other element would receive the click: <div class="Drawer__MaskDiv-VGhMm utilities__cover___WKDvY gqjSAR" style="opacity: 0;"></div>
  (Session info: chrome=69.0.3497.100)
  (Driver info: chromedriver=2.35.528161 (5b82f2d2aae0ca24b877009200ced9065a772e73),platform=Windows NT 6.1.7601 SP1 x86_64) (WARNING: The server did not provide any stacktrace information)
Command duration or timeout: 0 milliseconds
Build info: version: '3.7.1', revision: '8a0099a', time: '2017-11-06T21:07:36.161Z'
System info: host: 'PLEMKTPLACE-08', ip: '10.241.184.32', os.name: 'Windows 7', os.arch: 'amd64', os.version: '6.1', java.version: '1.8.0_181'
Driver info: com.kms.katalon.selenium.driver.CChromeDriver
Capabilities {acceptInsecureCerts: false, acceptSslCerts: false, applicationCacheEnabled: false, browserConnectionEnabled: false, browserName: chrome, chrome: {chromedriverVersion: 2.35.528161 (5b82f2d2aae0ca..., userDataDir: C:\Users\vbrooks\AppData\Lo...}, cssSelectorsEnabled: true, databaseEnabled: false, handlesAlerts: true, hasTouchScreen: false, javascriptEnabled: true, locationContextEnabled: true, mobileEmulationEnabled: false, nativeEvents: true, networkConnectionEnabled: false, pageLoadStrategy: normal, platform: XP, platformName: XP, rotatable: false, setWindowRect: true, takesHeapSnapshot: true, takesScreenshot: true, unexpectedAlertBehaviour: , unhandledPromptBehavior: , version: 69.0.3497.100, webStorageEnabled: true}
Session ID: 5fdf4978f7a7fac2224539d199d0f170)
	at com.kms.katalon.core.keyword.internal.KeywordMain.stepFailed(KeywordMain.groovy:36)
	at com.kms.katalon.core.webui.keyword.internal.WebUIKeywordMain.stepFailed(WebUIKeywordMain.groovy:65)
	at com.kms.katalon.core.webui.keyword.internal.WebUIKeywordMain.runKeyword(WebUIKeywordMain.groovy:27)
	at com.kms.katalon.core.webui.keyword.builtin.ClickKeyword.click(ClickKeyword.groovy:86)
	at com.kms.katalon.core.webui.keyword.builtin.ClickKeyword.execute(ClickKeyword.groovy:67)
	at com.kms.katalon.core.keyword.internal.KeywordExecutor.executeKeywordForPlatform(KeywordExecutor.groovy:53)
	at com.kms.katalon.core.webui.keyword.WebUiBuiltInKeywords.click(WebUiBuiltInKeywords.groovy:616)
	at com.kms.katalon.core.webui.keyword.WebUiBuiltInKeywords$click$4.call(Unknown Source)
	at org.codehaus.groovy.runtime.callsite.CallSiteArray.defaultCall(CallSiteArray.java:48)
	at org.codehaus.groovy.runtime.callsite.AbstractCallSite.call(AbstractCallSite.java:113)
	at org.codehaus.groovy.runtime.callsite.AbstractCallSite.call(AbstractCallSite.java:125)
	at Script1536614250757.run(Script1536614250757.groovy:270)
	at com.kms.katalon.core.main.ScriptEngine.run(ScriptEngine.java:183)
	at com.kms.katalon.core.main.ScriptEngine.runScriptAsRawText(ScriptEngine.java:108)
	at com.kms.katalon.core.main.TestCaseExecutor.runScript(TestCaseExecutor.java:294)
	at com.kms.katalon.core.main.TestCaseExecutor.doExecute(TestCaseExecutor.java:285)
	at com.kms.katalon.core.main.TestCaseExecutor.processExecutionPhase(TestCaseExecutor.java:264)
	at com.kms.katalon.core.main.TestCaseExecutor.accessMainPhase(TestCaseExecutor.java:256)
	at com.kms.katalon.core.main.TestCaseExecutor.execute(TestCaseExecutor.java:200)
	at com.kms.katalon.core.main.TestSuiteExecutor.accessTestCaseMainPhase(TestSuiteExecutor.java:129)
	at com.kms.katalon.core.main.TestSuiteExecutor.accessTestSuiteMainPhase(TestSuiteExecutor.java:112)
	at com.kms.katalon.core.main.TestSuiteExecutor.execute(TestSuiteExecutor.java:81)
	at com.kms.katalon.core.main.TestCaseMain.startTestSuite(TestCaseMain.java:142)
	at com.kms.katalon.core.main.TestCaseMain$startTestSuite$0.call(Unknown Source)
	at org.codehaus.groovy.runtime.callsite.CallSiteArray.defaultCall(CallSiteArray.java:48)
	at org.codehaus.groovy.runtime.callsite.AbstractCallSite.call(AbstractCallSite.java:113)
	at org.codehaus.groovy.runtime.callsite.AbstractCallSite.call(AbstractCallSite.java:141)
	at TempTestSuite1537807070351.run(TempTestSuite1537807070351.groovy:36)
	at groovy.lang.GroovyShell.runScriptOrMainOrTestOrRunnable(GroovyShell.java:263)
	at groovy.lang.GroovyShell.run(GroovyShell.java:518)
	at groovy.lang.GroovyShell.run(GroovyShell.java:507)
	at groovy.ui.GroovyMain.processOnce(GroovyMain.java:653)
	at groovy.ui.GroovyMain.run(GroovyMain.java:384)
	at groovy.ui.GroovyMain.process(GroovyMain.java:370)
	at groovy.ui.GroovyMain.processArgs(GroovyMain.java:129)
	at groovy.ui.GroovyMain.main(GroovyMain.java:109)
	at sun.reflect.NativeMethodAccessorImpl.invoke0(Native Method)
	at sun.reflect.NativeMethodAccessorImpl.invoke(NativeMethodAccessorImpl.java:62)
	at sun.reflect.DelegatingMethodAccessorImpl.invoke(DelegatingMethodAccessorImpl.java:43)
	at java.lang.reflect.Method.invoke(Method.java:498)
	at org.codehaus.groovy.tools.GroovyStarter.rootLoader(GroovyStarter.java:109)
	at org.codehaus.groovy.tools.GroovyStarter.main(GroovyStarter.java:131)
)]]></system-err>
      </testcase>
      <testcase name="Test Cases/US mobile test/Test all Shop top-level categories for Womens Shop (Hair)" classname="Test Cases/US mobile test/Test all Shop top-level categories for Womens Shop (Hair)" status="FAILED">
         <failure type="FAILED" message="(Stack trace: com.kms.katalon.core.exception.StepFailedException: Unable to click on object 'Object Repository/Page_Beauty Box Subscription for Wo/a_Volumizers' (Root cause: org.openqa.selenium.WebDriverException: unknown error: Element &lt;a class=&quot;StyledLink-khUpca fgCKOS&quot; href=&quot;/category/11383&quot;>...&lt;/a> is not clickable at point (55, 647). Other element would receive the click: &lt;div class=&quot;Drawer__MaskDiv-VGhMm utilities__cover___WKDvY gqjSAR&quot; style=&quot;opacity: 0;&quot;>&lt;/div>
  (Session info: chrome=69.0.3497.100)
  (Driver info: chromedriver=2.35.528161 (5b82f2d2aae0ca24b877009200ced9065a772e73),platform=Windows NT 6.1.7601 SP1 x86_64) (WARNING: The server did not provide any stacktrace information)
Command duration or timeout: 0 milliseconds
Build info: version: '3.7.1', revision: '8a0099a', time: '2017-11-06T21:07:36.161Z'
System info: host: 'PLEMKTPLACE-08', ip: '10.241.184.32', os.name: 'Windows 7', os.arch: 'amd64', os.version: '6.1', java.version: '1.8.0_181'
Driver info: com.kms.katalon.selenium.driver.CChromeDriver
Capabilities {acceptInsecureCerts: false, acceptSslCerts: false, applicationCacheEnabled: false, browserConnectionEnabled: false, browserName: chrome, chrome: {chromedriverVersion: 2.35.528161 (5b82f2d2aae0ca..., userDataDir: C:\Users\vbrooks\AppData\Lo...}, cssSelectorsEnabled: true, databaseEnabled: false, handlesAlerts: true, hasTouchScreen: false, javascriptEnabled: true, locationContextEnabled: true, mobileEmulationEnabled: false, nativeEvents: true, networkConnectionEnabled: false, pageLoadStrategy: normal, platform: XP, platformName: XP, rotatable: false, setWindowRect: true, takesHeapSnapshot: true, takesScreenshot: true, unexpectedAlertBehaviour: , unhandledPromptBehavior: , version: 69.0.3497.100, webStorageEnabled: true}
Session ID: 5fdf4978f7a7fac2224539d199d0f170)
	at com.kms.katalon.core.keyword.internal.KeywordMain.stepFailed(KeywordMain.groovy:36)
	at com.kms.katalon.core.webui.keyword.internal.WebUIKeywordMain.stepFailed(WebUIKeywordMain.groovy:65)
	at com.kms.katalon.core.webui.keyword.internal.WebUIKeywordMain.runKeyword(WebUIKeywordMain.groovy:27)
	at com.kms.katalon.core.webui.keyword.builtin.ClickKeyword.click(ClickKeyword.groovy:86)
	at com.kms.katalon.core.webui.keyword.builtin.ClickKeyword.execute(ClickKeyword.groovy:67)
	at com.kms.katalon.core.keyword.internal.KeywordExecutor.executeKeywordForPlatform(KeywordExecutor.groovy:53)
	at com.kms.katalon.core.webui.keyword.WebUiBuiltInKeywords.click(WebUiBuiltInKeywords.groovy:616)
	at com.kms.katalon.core.webui.keyword.WebUiBuiltInKeywords$click$4.call(Unknown Source)
	at org.codehaus.groovy.runtime.callsite.CallSiteArray.defaultCall(CallSiteArray.java:48)
	at org.codehaus.groovy.runtime.callsite.AbstractCallSite.call(AbstractCallSite.java:113)
	at org.codehaus.groovy.runtime.callsite.AbstractCallSite.call(AbstractCallSite.java:125)
	at Script1536614341005.run(Script1536614341005.groovy:242)
	at com.kms.katalon.core.main.ScriptEngine.run(ScriptEngine.java:183)
	at com.kms.katalon.core.main.ScriptEngine.runScriptAsRawText(ScriptEngine.java:108)
	at com.kms.katalon.core.main.TestCaseExecutor.runScript(TestCaseExecutor.java:294)
	at com.kms.katalon.core.main.TestCaseExecutor.doExecute(TestCaseExecutor.java:285)
	at com.kms.katalon.core.main.TestCaseExecutor.processExecutionPhase(TestCaseExecutor.java:264)
	at com.kms.katalon.core.main.TestCaseExecutor.accessMainPhase(TestCaseExecutor.java:256)
	at com.kms.katalon.core.main.TestCaseExecutor.execute(TestCaseExecutor.java:200)
	at com.kms.katalon.core.main.TestSuiteExecutor.accessTestCaseMainPhase(TestSuiteExecutor.java:129)
	at com.kms.katalon.core.main.TestSuiteExecutor.accessTestSuiteMainPhase(TestSuiteExecutor.java:112)
	at com.kms.katalon.core.main.TestSuiteExecutor.execute(TestSuiteExecutor.java:81)
	at com.kms.katalon.core.main.TestCaseMain.startTestSuite(TestCaseMain.java:142)
	at com.kms.katalon.core.main.TestCaseMain$startTestSuite$0.call(Unknown Source)
	at org.codehaus.groovy.runtime.callsite.CallSiteArray.defaultCall(CallSiteArray.java:48)
	at org.codehaus.groovy.runtime.callsite.AbstractCallSite.call(AbstractCallSite.java:113)
	at org.codehaus.groovy.runtime.callsite.AbstractCallSite.call(AbstractCallSite.java:141)
	at TempTestSuite1537807070351.run(TempTestSuite1537807070351.groovy:36)
	at groovy.lang.GroovyShell.runScriptOrMainOrTestOrRunnable(GroovyShell.java:263)
	at groovy.lang.GroovyShell.run(GroovyShell.java:518)
	at groovy.lang.GroovyShell.run(GroovyShell.java:507)
	at groovy.ui.GroovyMain.processOnce(GroovyMain.java:653)
	at groovy.ui.GroovyMain.run(GroovyMain.java:384)
	at groovy.ui.GroovyMain.process(GroovyMain.java:370)
	at groovy.ui.GroovyMain.processArgs(GroovyMain.java:129)
	at groovy.ui.GroovyMain.main(GroovyMain.java:109)
	at sun.reflect.NativeMethodAccessorImpl.invoke0(Native Method)
	at sun.reflect.NativeMethodAccessorImpl.invoke(NativeMethodAccessorImpl.java:62)
	at sun.reflect.DelegatingMethodAccessorImpl.invoke(DelegatingMethodAccessorImpl.java:43)
	at java.lang.reflect.Method.invoke(Method.java:498)
	at org.codehaus.groovy.tools.GroovyStarter.rootLoader(GroovyStarter.java:109)
	at org.codehaus.groovy.tools.GroovyStarter.main(GroovyStarter.java:131)
)"/>
         <system-out><![CDATA[2018-09-24 09:39:14 - [TEST_CASE][FAILED] - Test Cases/US mobile test/Test all Shop top-level categories for Womens Shop (Hair): Test Cases/US mobile test/Test all Shop top-level categories for Womens Shop (Hair) FAILED because (of) (Stack trace: com.kms.katalon.core.exception.StepFailedException: Unable to click on object 'Object Repository/Page_Beauty Box Subscription for Wo/a_Volumizers' (Root cause: org.openqa.selenium.WebDriverException: unknown error: Element <a class="StyledLink-khUpca fgCKOS" href="/category/11383">...</a> is not clickable at point (55, 647). Other element would receive the click: <div class="Drawer__MaskDiv-VGhMm utilities__cover___WKDvY gqjSAR" style="opacity: 0;"></div>
  (Session info: chrome=69.0.3497.100)
  (Driver info: chromedriver=2.35.528161 (5b82f2d2aae0ca24b877009200ced9065a772e73),platform=Windows NT 6.1.7601 SP1 x86_64) (WARNING: The server did not provide any stacktrace information)
Command duration or timeout: 0 milliseconds
Build info: version: '3.7.1', revision: '8a0099a', time: '2017-11-06T21:07:36.161Z'
System info: host: 'PLEMKTPLACE-08', ip: '10.241.184.32', os.name: 'Windows 7', os.arch: 'amd64', os.version: '6.1', java.version: '1.8.0_181'
Driver info: com.kms.katalon.selenium.driver.CChromeDriver
Capabilities {acceptInsecureCerts: false, acceptSslCerts: false, applicationCacheEnabled: false, browserConnectionEnabled: false, browserName: chrome, chrome: {chromedriverVersion: 2.35.528161 (5b82f2d2aae0ca..., userDataDir: C:\Users\vbrooks\AppData\Lo...}, cssSelectorsEnabled: true, databaseEnabled: false, handlesAlerts: true, hasTouchScreen: false, javascriptEnabled: true, locationContextEnabled: true, mobileEmulationEnabled: false, nativeEvents: true, networkConnectionEnabled: false, pageLoadStrategy: normal, platform: XP, platformName: XP, rotatable: false, setWindowRect: true, takesHeapSnapshot: true, takesScreenshot: true, unexpectedAlertBehaviour: , unhandledPromptBehavior: , version: 69.0.3497.100, webStorageEnabled: true}
Session ID: 5fdf4978f7a7fac2224539d199d0f170)
	at com.kms.katalon.core.keyword.internal.KeywordMain.stepFailed(KeywordMain.groovy:36)
	at com.kms.katalon.core.webui.keyword.internal.WebUIKeywordMain.stepFailed(WebUIKeywordMain.groovy:65)
	at com.kms.katalon.core.webui.keyword.internal.WebUIKeywordMain.runKeyword(WebUIKeywordMain.groovy:27)
	at com.kms.katalon.core.webui.keyword.builtin.ClickKeyword.click(ClickKeyword.groovy:86)
	at com.kms.katalon.core.webui.keyword.builtin.ClickKeyword.execute(ClickKeyword.groovy:67)
	at com.kms.katalon.core.keyword.internal.KeywordExecutor.executeKeywordForPlatform(KeywordExecutor.groovy:53)
	at com.kms.katalon.core.webui.keyword.WebUiBuiltInKeywords.click(WebUiBuiltInKeywords.groovy:616)
	at com.kms.katalon.core.webui.keyword.WebUiBuiltInKeywords$click$4.call(Unknown Source)
	at org.codehaus.groovy.runtime.callsite.CallSiteArray.defaultCall(CallSiteArray.java:48)
	at org.codehaus.groovy.runtime.callsite.AbstractCallSite.call(AbstractCallSite.java:113)
	at org.codehaus.groovy.runtime.callsite.AbstractCallSite.call(AbstractCallSite.java:125)
	at Script1536614341005.run(Script1536614341005.groovy:242)
	at com.kms.katalon.core.main.ScriptEngine.run(ScriptEngine.java:183)
	at com.kms.katalon.core.main.ScriptEngine.runScriptAsRawText(ScriptEngine.java:108)
	at com.kms.katalon.core.main.TestCaseExecutor.runScript(TestCaseExecutor.java:294)
	at com.kms.katalon.core.main.TestCaseExecutor.doExecute(TestCaseExecutor.java:285)
	at com.kms.katalon.core.main.TestCaseExecutor.processExecutionPhase(TestCaseExecutor.java:264)
	at com.kms.katalon.core.main.TestCaseExecutor.accessMainPhase(TestCaseExecutor.java:256)
	at com.kms.katalon.core.main.TestCaseExecutor.execute(TestCaseExecutor.java:200)
	at com.kms.katalon.core.main.TestSuiteExecutor.accessTestCaseMainPhase(TestSuiteExecutor.java:129)
	at com.kms.katalon.core.main.TestSuiteExecutor.accessTestSuiteMainPhase(TestSuiteExecutor.java:112)
	at com.kms.katalon.core.main.TestSuiteExecutor.execute(TestSuiteExecutor.java:81)
	at com.kms.katalon.core.main.TestCaseMain.startTestSuite(TestCaseMain.java:142)
	at com.kms.katalon.core.main.TestCaseMain$startTestSuite$0.call(Unknown Source)
	at org.codehaus.groovy.runtime.callsite.CallSiteArray.defaultCall(CallSiteArray.java:48)
	at org.codehaus.groovy.runtime.callsite.AbstractCallSite.call(AbstractCallSite.java:113)
	at org.codehaus.groovy.runtime.callsite.AbstractCallSite.call(AbstractCallSite.java:141)
	at TempTestSuite1537807070351.run(TempTestSuite1537807070351.groovy:36)
	at groovy.lang.GroovyShell.runScriptOrMainOrTestOrRunnable(GroovyShell.java:263)
	at groovy.lang.GroovyShell.run(GroovyShell.java:518)
	at groovy.lang.GroovyShell.run(GroovyShell.java:507)
	at groovy.ui.GroovyMain.processOnce(GroovyMain.java:653)
	at groovy.ui.GroovyMain.run(GroovyMain.java:384)
	at groovy.ui.GroovyMain.process(GroovyMain.java:370)
	at groovy.ui.GroovyMain.processArgs(GroovyMain.java:129)
	at groovy.ui.GroovyMain.main(GroovyMain.java:109)
	at sun.reflect.NativeMethodAccessorImpl.invoke0(Native Method)
	at sun.reflect.NativeMethodAccessorImpl.invoke(NativeMethodAccessorImpl.java:62)
	at sun.reflect.DelegatingMethodAccessorImpl.invoke(DelegatingMethodAccessorImpl.java:43)
	at java.lang.reflect.Method.invoke(Method.java:498)
	at org.codehaus.groovy.tools.GroovyStarter.rootLoader(GroovyStarter.java:109)
	at org.codehaus.groovy.tools.GroovyStarter.main(GroovyStarter.java:131)
)

2018-09-24 09:39:14 - [TEST_STEP][NOT_RUN] - callTestCase: NOT_RUN: callTestCase

2018-09-24 09:39:14 - [MESSAGE][NOT_RUN] - NOT_RUN: callTestCase

2018-09-24 09:39:14 - [TEST_STEP][PASSED] - delay: Delayed 2 second(s)

2018-09-24 09:39:16 - [MESSAGE][PASSED] - Delayed 2 second(s)

2018-09-24 09:39:16 - [TEST_STEP][PASSED] - click: Object: 'Object Repository/Page_Beauty Box Subscription for Wo/svg_ 2018 Birchbox_icon__svg__' is clicked on

2018-09-24 09:39:16 - [MESSAGE][PASSED] - Object: 'Object Repository/Page_Beauty Box Subscription for Wo/svg_ 2018 Birchbox_icon__svg__' is clicked on

2018-09-24 09:39:16 - [TEST_STEP][PASSED] - delay: Delayed 1 second(s)

2018-09-24 09:39:17 - [MESSAGE][PASSED] - Delayed 1 second(s)

2018-09-24 09:39:17 - [TEST_STEP][PASSED] - click: Object: 'Object Repository/Page_Beauty Box Subscription for Wo/div_Hair' is clicked on

2018-09-24 09:39:17 - [MESSAGE][PASSED] - Object: 'Object Repository/Page_Beauty Box Subscription for Wo/div_Hair' is clicked on

2018-09-24 09:39:17 - [TEST_STEP][PASSED] - click: Object: 'Object Repository/Page_Beauty Box Subscription for Wo/div_Wash  Care' is clicked on

2018-09-24 09:39:18 - [MESSAGE][PASSED] - Object: 'Object Repository/Page_Beauty Box Subscription for Wo/div_Wash  Care' is clicked on

2018-09-24 09:39:18 - [TEST_STEP][PASSED] - delay: Delayed 1 second(s)

2018-09-24 09:39:19 - [MESSAGE][PASSED] - Delayed 1 second(s)

2018-09-24 09:39:19 - [TEST_STEP][PASSED] - click: Object: 'Object Repository/Page_Beauty Box Subscription for Wo/a_Shampoos' is clicked on

2018-09-24 09:39:19 - [MESSAGE][PASSED] - Object: 'Object Repository/Page_Beauty Box Subscription for Wo/a_Shampoos' is clicked on

2018-09-24 09:39:19 - [TEST_STEP][PASSED] - delay: Delayed 2 second(s)

2018-09-24 09:39:21 - [MESSAGE][PASSED] - Delayed 2 second(s)

2018-09-24 09:39:21 - [TEST_STEP][PASSED] - click: Object: 'Object Repository/Page_Shop Shampoos/svg_ 2018 Birchbox_icon__svg__' is clicked on

2018-09-24 09:39:22 - [MESSAGE][PASSED] - Object: 'Object Repository/Page_Shop Shampoos/svg_ 2018 Birchbox_icon__svg__' is clicked on

2018-09-24 09:39:22 - [TEST_STEP][PASSED] - click: Object: 'Object Repository/Page_Shop Shampoos/div_Hair' is clicked on

2018-09-24 09:39:22 - [MESSAGE][PASSED] - Object: 'Object Repository/Page_Shop Shampoos/div_Hair' is clicked on

2018-09-24 09:39:22 - [TEST_STEP][PASSED] - click: Object: 'Object Repository/Page_Shop Shampoos/div_Wash  Care' is clicked on

2018-09-24 09:39:22 - [MESSAGE][PASSED] - Object: 'Object Repository/Page_Shop Shampoos/div_Wash  Care' is clicked on

2018-09-24 09:39:22 - [TEST_STEP][PASSED] - delay: Delayed 1 second(s)

2018-09-24 09:39:23 - [MESSAGE][PASSED] - Delayed 1 second(s)

2018-09-24 09:39:23 - [TEST_STEP][PASSED] - waitForElementVisible: Object 'Object Repository/Page_Beauty Box Subscription for Wo/a_Conditioners' is visible

2018-09-24 09:39:23 - [MESSAGE][WARNING] - Timeout '0' is invalid. Using default page load timeout: '90'

2018-09-24 09:39:23 - [MESSAGE][PASSED] - Object 'Object Repository/Page_Beauty Box Subscription for Wo/a_Conditioners' is visible

2018-09-24 09:39:24 - [TEST_STEP][PASSED] - waitForElementClickable: Object 'Object Repository/Page_Beauty Box Subscription for Wo/a_Conditioners' is clickable

2018-09-24 09:39:24 - [MESSAGE][WARNING] - Timeout '0' is invalid. Using default page load timeout: '90'

2018-09-24 09:39:24 - [MESSAGE][PASSED] - Object 'Object Repository/Page_Beauty Box Subscription for Wo/a_Conditioners' is clickable

2018-09-24 09:39:24 - [TEST_STEP][PASSED] - click: Object: 'Object Repository/Page_Beauty Box Subscription for Wo/a_Conditioners' is clicked on

2018-09-24 09:39:24 - [MESSAGE][PASSED] - Object: 'Object Repository/Page_Beauty Box Subscription for Wo/a_Conditioners' is clicked on

2018-09-24 09:39:24 - [TEST_STEP][PASSED] - delay: Delayed 2 second(s)

2018-09-24 09:39:26 - [MESSAGE][PASSED] - Delayed 2 second(s)

2018-09-24 09:39:26 - [TEST_STEP][PASSED] - click: Object: 'Object Repository/Page_Shop Hair Conditioners/svg_ 2018 Birchbox_icon__svg__' is clicked on

2018-09-24 09:39:26 - [MESSAGE][PASSED] - Object: 'Object Repository/Page_Shop Hair Conditioners/svg_ 2018 Birchbox_icon__svg__' is clicked on

2018-09-24 09:39:26 - [TEST_STEP][PASSED] - delay: Delayed 1 second(s)

2018-09-24 09:39:27 - [MESSAGE][PASSED] - Delayed 1 second(s)

2018-09-24 09:39:27 - [TEST_STEP][PASSED] - click: Object: 'Object Repository/Page_Shop Hair Conditioners/div_Hair' is clicked on

2018-09-24 09:39:27 - [MESSAGE][PASSED] - Object: 'Object Repository/Page_Shop Hair Conditioners/div_Hair' is clicked on

2018-09-24 09:39:27 - [TEST_STEP][PASSED] - click: Object: 'Object Repository/Page_Shop Hair Conditioners/div_Wash  Care' is clicked on

2018-09-24 09:39:28 - [MESSAGE][PASSED] - Object: 'Object Repository/Page_Shop Hair Conditioners/div_Wash  Care' is clicked on

2018-09-24 09:39:28 - [TEST_STEP][PASSED] - delay: Delayed 1 second(s)

2018-09-24 09:39:29 - [MESSAGE][PASSED] - Delayed 1 second(s)

2018-09-24 09:39:29 - [TEST_STEP][PASSED] - waitForElementClickable: Object 'Object Repository/Page_Beauty Box Subscription for Wo/a_Cleansing Conditioners' is clickable

2018-09-24 09:39:29 - [MESSAGE][WARNING] - Timeout '0' is invalid. Using default page load timeout: '90'

2018-09-24 09:39:29 - [MESSAGE][PASSED] - Object 'Object Repository/Page_Beauty Box Subscription for Wo/a_Cleansing Conditioners' is clickable

2018-09-24 09:39:29 - [TEST_STEP][PASSED] - click: Object: 'Object Repository/Page_Beauty Box Subscription for Wo/a_Cleansing Conditioners' is clicked on

2018-09-24 09:39:29 - [MESSAGE][PASSED] - Object: 'Object Repository/Page_Beauty Box Subscription for Wo/a_Cleansing Conditioners' is clicked on

2018-09-24 09:39:29 - [TEST_STEP][PASSED] - delay: Delayed 2 second(s)

2018-09-24 09:39:31 - [MESSAGE][PASSED] - Delayed 2 second(s)

2018-09-24 09:39:31 - [TEST_STEP][PASSED] - click: Object: 'Object Repository/Page_Shop Hair Cleansing Conditione/svg_ 2018 Birchbox_icon__svg__' is clicked on

2018-09-24 09:39:31 - [MESSAGE][PASSED] - Object: 'Object Repository/Page_Shop Hair Cleansing Conditione/svg_ 2018 Birchbox_icon__svg__' is clicked on

2018-09-24 09:39:31 - [TEST_STEP][PASSED] - click: Object: 'Object Repository/Page_Shop Hair Cleansing Conditione/div_Hair' is clicked on

2018-09-24 09:39:32 - [MESSAGE][PASSED] - Object: 'Object Repository/Page_Shop Hair Cleansing Conditione/div_Hair' is clicked on

2018-09-24 09:39:32 - [TEST_STEP][PASSED] - click: Object: 'Object Repository/Page_Shop Hair Cleansing Conditione/div_Treat' is clicked on

2018-09-24 09:39:32 - [MESSAGE][PASSED] - Object: 'Object Repository/Page_Shop Hair Cleansing Conditione/div_Treat' is clicked on

2018-09-24 09:39:32 - [TEST_STEP][PASSED] - click: Object: 'Object Repository/Page_Beauty Box Subscription for Wo/a_Detanglers' is clicked on

2018-09-24 09:39:35 - [MESSAGE][PASSED] - Object: 'Object Repository/Page_Beauty Box Subscription for Wo/a_Detanglers' is clicked on

2018-09-24 09:39:35 - [TEST_STEP][PASSED] - delay: Delayed 2 second(s)

2018-09-24 09:39:37 - [MESSAGE][PASSED] - Delayed 2 second(s)

2018-09-24 09:39:37 - [TEST_STEP][PASSED] - click: Object: 'Object Repository/Page_Shop Hair Detanglers/svg_ 2018 Birchbox_icon__svg__' is clicked on

2018-09-24 09:39:37 - [MESSAGE][PASSED] - Object: 'Object Repository/Page_Shop Hair Detanglers/svg_ 2018 Birchbox_icon__svg__' is clicked on

2018-09-24 09:39:37 - [TEST_STEP][PASSED] - click: Object: 'Object Repository/Page_Shop Hair Detanglers/div_Hair' is clicked on

2018-09-24 09:39:38 - [MESSAGE][PASSED] - Object: 'Object Repository/Page_Shop Hair Detanglers/div_Hair' is clicked on

2018-09-24 09:39:38 - [TEST_STEP][PASSED] - waitForElementClickable: Object 'Object Repository/Page_Shop Hair Detanglers/div_Treat' is clickable

2018-09-24 09:39:38 - [MESSAGE][WARNING] - Timeout '0' is invalid. Using default page load timeout: '90'

2018-09-24 09:39:38 - [MESSAGE][PASSED] - Object 'Object Repository/Page_Shop Hair Detanglers/div_Treat' is clickable

2018-09-24 09:39:38 - [TEST_STEP][PASSED] - click: Object: 'Object Repository/Page_Shop Hair Detanglers/div_Treat' is clicked on

2018-09-24 09:39:38 - [MESSAGE][PASSED] - Object: 'Object Repository/Page_Shop Hair Detanglers/div_Treat' is clicked on

2018-09-24 09:39:38 - [TEST_STEP][PASSED] - delay: Delayed 1 second(s)

2018-09-24 09:39:39 - [MESSAGE][PASSED] - Delayed 1 second(s)

2018-09-24 09:39:39 - [TEST_STEP][PASSED] - click: Object: 'Object Repository/Page_Beauty Box Subscription for Wo/a_Leave-In Conditioners' is clicked on

2018-09-24 09:39:39 - [MESSAGE][PASSED] - Object: 'Object Repository/Page_Beauty Box Subscription for Wo/a_Leave-In Conditioners' is clicked on

2018-09-24 09:39:39 - [TEST_STEP][PASSED] - delay: Delayed 2 second(s)

2018-09-24 09:39:41 - [MESSAGE][PASSED] - Delayed 2 second(s)

2018-09-24 09:39:41 - [TEST_STEP][PASSED] - click: Object: 'Object Repository/Page_Shop Leave-In Conditioners/svg_ 2018 Birchbox_icon__svg__' is clicked on

2018-09-24 09:39:42 - [MESSAGE][PASSED] - Object: 'Object Repository/Page_Shop Leave-In Conditioners/svg_ 2018 Birchbox_icon__svg__' is clicked on

2018-09-24 09:39:42 - [TEST_STEP][PASSED] - click: Object: 'Object Repository/Page_Shop Leave-In Conditioners/div_Hair' is clicked on

2018-09-24 09:39:42 - [MESSAGE][PASSED] - Object: 'Object Repository/Page_Shop Leave-In Conditioners/div_Hair' is clicked on

2018-09-24 09:39:42 - [TEST_STEP][PASSED] - click: Object: 'Object Repository/Page_Shop Leave-In Conditioners/div_Treat' is clicked on

2018-09-24 09:39:42 - [MESSAGE][PASSED] - Object: 'Object Repository/Page_Shop Leave-In Conditioners/div_Treat' is clicked on

2018-09-24 09:39:42 - [TEST_STEP][PASSED] - delay: Delayed 1 second(s)

2018-09-24 09:39:43 - [MESSAGE][PASSED] - Delayed 1 second(s)

2018-09-24 09:39:43 - [TEST_STEP][PASSED] - waitForElementVisible: Object 'Object Repository/Page_Beauty Box Subscription for Wo/a_Oils' is visible

2018-09-24 09:39:43 - [MESSAGE][WARNING] - Timeout '0' is invalid. Using default page load timeout: '90'

2018-09-24 09:39:43 - [MESSAGE][PASSED] - Object 'Object Repository/Page_Beauty Box Subscription for Wo/a_Oils' is visible

2018-09-24 09:39:43 - [TEST_STEP][PASSED] - waitForElementClickable: Object 'Object Repository/Page_Beauty Box Subscription for Wo/a_Oils' is clickable

2018-09-24 09:39:43 - [MESSAGE][WARNING] - Timeout '0' is invalid. Using default page load timeout: '90'

2018-09-24 09:39:43 - [MESSAGE][PASSED] - Object 'Object Repository/Page_Beauty Box Subscription for Wo/a_Oils' is clickable

2018-09-24 09:39:43 - [TEST_STEP][PASSED] - click: Object: 'Object Repository/Page_Beauty Box Subscription for Wo/a_Oils' is clicked on

2018-09-24 09:39:44 - [MESSAGE][PASSED] - Object: 'Object Repository/Page_Beauty Box Subscription for Wo/a_Oils' is clicked on

2018-09-24 09:39:44 - [TEST_STEP][PASSED] - delay: Delayed 2 second(s)

2018-09-24 09:39:46 - [MESSAGE][PASSED] - Delayed 2 second(s)

2018-09-24 09:39:46 - [TEST_STEP][PASSED] - click: Object: 'Object Repository/Page_Shop Hair Oils/svg_ 2018 Birchbox_icon__svg__' is clicked on

2018-09-24 09:39:46 - [MESSAGE][PASSED] - Object: 'Object Repository/Page_Shop Hair Oils/svg_ 2018 Birchbox_icon__svg__' is clicked on

2018-09-24 09:39:46 - [TEST_STEP][PASSED] - click: Object: 'Object Repository/Page_Shop Hair Oils/div_Hair' is clicked on

2018-09-24 09:39:46 - [MESSAGE][PASSED] - Object: 'Object Repository/Page_Shop Hair Oils/div_Hair' is clicked on

2018-09-24 09:39:46 - [TEST_STEP][PASSED] - click: Object: 'Object Repository/Page_Shop Hair Oils/div_Treat' is clicked on

2018-09-24 09:39:47 - [MESSAGE][PASSED] - Object: 'Object Repository/Page_Shop Hair Oils/div_Treat' is clicked on

2018-09-24 09:39:47 - [TEST_STEP][PASSED] - delay: Delayed 2 second(s)

2018-09-24 09:39:49 - [MESSAGE][PASSED] - Delayed 2 second(s)

2018-09-24 09:39:49 - [TEST_STEP][PASSED] - click: Object: 'Object Repository/Page_Beauty Box Subscription for Wo/a_Masks' is clicked on

2018-09-24 09:39:49 - [MESSAGE][PASSED] - Object: 'Object Repository/Page_Beauty Box Subscription for Wo/a_Masks' is clicked on

2018-09-24 09:39:49 - [TEST_STEP][PASSED] - delay: Delayed 2 second(s)

2018-09-24 09:39:51 - [MESSAGE][PASSED] - Delayed 2 second(s)

2018-09-24 09:39:51 - [TEST_STEP][PASSED] - click: Object: 'Object Repository/Page_Shop Hair Masks/svg_ 2018 Birchbox_icon__svg__' is clicked on

2018-09-24 09:39:51 - [MESSAGE][PASSED] - Object: 'Object Repository/Page_Shop Hair Masks/svg_ 2018 Birchbox_icon__svg__' is clicked on

2018-09-24 09:39:51 - [TEST_STEP][PASSED] - click: Object: 'Object Repository/Page_Shop Hair Masks/div_Hair' is clicked on

2018-09-24 09:39:51 - [MESSAGE][PASSED] - Object: 'Object Repository/Page_Shop Hair Masks/div_Hair' is clicked on

2018-09-24 09:39:51 - [TEST_STEP][PASSED] - click: Object: 'Object Repository/Page_Shop Hair Masks/div_Treat' is clicked on

2018-09-24 09:39:52 - [MESSAGE][PASSED] - Object: 'Object Repository/Page_Shop Hair Masks/div_Treat' is clicked on

2018-09-24 09:39:52 - [TEST_STEP][PASSED] - delay: Delayed 1 second(s)

2018-09-24 09:39:53 - [MESSAGE][PASSED] - Delayed 1 second(s)

2018-09-24 09:39:53 - [TEST_STEP][PASSED] - click: Object: 'Object Repository/Page_Beauty Box Subscription for Wo/a_Pre-Shampoo Treatments' is clicked on

2018-09-24 09:39:53 - [MESSAGE][PASSED] - Object: 'Object Repository/Page_Beauty Box Subscription for Wo/a_Pre-Shampoo Treatments' is clicked on

2018-09-24 09:39:53 - [TEST_STEP][PASSED] - delay: Delayed 2 second(s)

2018-09-24 09:39:55 - [MESSAGE][PASSED] - Delayed 2 second(s)

2018-09-24 09:39:55 - [TEST_STEP][PASSED] - click: Object: 'Object Repository/Page_Shop Pre Shampoo Treatment/svg_ 2018 Birchbox_icon__svg__' is clicked on

2018-09-24 09:39:55 - [MESSAGE][PASSED] - Object: 'Object Repository/Page_Shop Pre Shampoo Treatment/svg_ 2018 Birchbox_icon__svg__' is clicked on

2018-09-24 09:39:55 - [TEST_STEP][PASSED] - click: Object: 'Object Repository/Page_Shop Pre Shampoo Treatment/div_Hair' is clicked on

2018-09-24 09:39:56 - [MESSAGE][PASSED] - Object: 'Object Repository/Page_Shop Pre Shampoo Treatment/div_Hair' is clicked on

2018-09-24 09:39:56 - [TEST_STEP][PASSED] - click: Object: 'Object Repository/Page_Shop Pre Shampoo Treatment/div_Treat' is clicked on

2018-09-24 09:39:56 - [MESSAGE][PASSED] - Object: 'Object Repository/Page_Shop Pre Shampoo Treatment/div_Treat' is clicked on

2018-09-24 09:39:56 - [TEST_STEP][PASSED] - delay: Delayed 1 second(s)

2018-09-24 09:39:57 - [MESSAGE][PASSED] - Delayed 1 second(s)

2018-09-24 09:39:57 - [TEST_STEP][PASSED] - click: Object: 'Object Repository/Page_Beauty Box Subscription for Wo/a_Scalp Treatments  Exfoliator' is clicked on

2018-09-24 09:39:57 - [MESSAGE][PASSED] - Object: 'Object Repository/Page_Beauty Box Subscription for Wo/a_Scalp Treatments  Exfoliator' is clicked on

2018-09-24 09:39:57 - [TEST_STEP][PASSED] - delay: Delayed 2 second(s)

2018-09-24 09:39:59 - [MESSAGE][PASSED] - Delayed 2 second(s)

2018-09-24 09:39:59 - [TEST_STEP][PASSED] - click: Object: 'Object Repository/Page_Shop Scalp Treatments and Scal/svg_ 2018 Birchbox_icon__svg__' is clicked on

2018-09-24 09:40:00 - [MESSAGE][PASSED] - Object: 'Object Repository/Page_Shop Scalp Treatments and Scal/svg_ 2018 Birchbox_icon__svg__' is clicked on

2018-09-24 09:40:00 - [TEST_STEP][PASSED] - waitForElementVisible: Object 'Object Repository/Page_Shop Scalp Treatments and Scal/div_Hair' is visible

2018-09-24 09:40:00 - [MESSAGE][WARNING] - Timeout '0' is invalid. Using default page load timeout: '90'

2018-09-24 09:40:00 - [MESSAGE][PASSED] - Object 'Object Repository/Page_Shop Scalp Treatments and Scal/div_Hair' is visible

2018-09-24 09:40:00 - [TEST_STEP][PASSED] - click: Object: 'Object Repository/Page_Shop Scalp Treatments and Scal/div_Hair' is clicked on

2018-09-24 09:40:00 - [MESSAGE][PASSED] - Object: 'Object Repository/Page_Shop Scalp Treatments and Scal/div_Hair' is clicked on

2018-09-24 09:40:00 - [TEST_STEP][PASSED] - click: Object: 'Object Repository/Page_Shop Scalp Treatments and Scal/div_Treat' is clicked on

2018-09-24 09:40:00 - [MESSAGE][PASSED] - Object: 'Object Repository/Page_Shop Scalp Treatments and Scal/div_Treat' is clicked on

2018-09-24 09:40:00 - [TEST_STEP][PASSED] - delay: Delayed 1 second(s)

2018-09-24 09:40:01 - [MESSAGE][PASSED] - Delayed 1 second(s)

2018-09-24 09:40:01 - [TEST_STEP][PASSED] - waitForElementClickable: Object 'Object Repository/Page_Beauty Box Subscription for Wo/a_Split End Treatments' is clickable

2018-09-24 09:40:01 - [MESSAGE][WARNING] - Timeout '0' is invalid. Using default page load timeout: '90'

2018-09-24 09:40:01 - [MESSAGE][PASSED] - Object 'Object Repository/Page_Beauty Box Subscription for Wo/a_Split End Treatments' is clickable

2018-09-24 09:40:01 - [TEST_STEP][PASSED] - click: Object: 'Object Repository/Page_Beauty Box Subscription for Wo/a_Split End Treatments' is clicked on

2018-09-24 09:40:02 - [MESSAGE][PASSED] - Object: 'Object Repository/Page_Beauty Box Subscription for Wo/a_Split End Treatments' is clicked on

2018-09-24 09:40:02 - [TEST_STEP][PASSED] - delay: Delayed 2 second(s)

2018-09-24 09:40:04 - [MESSAGE][PASSED] - Delayed 2 second(s)

2018-09-24 09:40:04 - [TEST_STEP][PASSED] - click: Object: 'Object Repository/Page_Shop Split End Treatments/svg_ 2018 Birchbox_icon__svg__' is clicked on

2018-09-24 09:40:04 - [MESSAGE][PASSED] - Object: 'Object Repository/Page_Shop Split End Treatments/svg_ 2018 Birchbox_icon__svg__' is clicked on

2018-09-24 09:40:04 - [TEST_STEP][PASSED] - click: Object: 'Object Repository/Page_Shop Split End Treatments/div_Hair' is clicked on

2018-09-24 09:40:04 - [MESSAGE][PASSED] - Object: 'Object Repository/Page_Shop Split End Treatments/div_Hair' is clicked on

2018-09-24 09:40:04 - [TEST_STEP][PASSED] - click: Object: 'Object Repository/Page_Shop Split End Treatments/div_Treat' is clicked on

2018-09-24 09:40:05 - [MESSAGE][PASSED] - Object: 'Object Repository/Page_Shop Split End Treatments/div_Treat' is clicked on

2018-09-24 09:40:05 - [TEST_STEP][PASSED] - delay: Delayed 1 second(s)

2018-09-24 09:40:06 - [MESSAGE][PASSED] - Delayed 1 second(s)

2018-09-24 09:40:06 - [TEST_STEP][PASSED] - click: Object: 'Object Repository/Page_Beauty Box Subscription for Wo/a_Color Treatments' is clicked on

2018-09-24 09:40:06 - [MESSAGE][PASSED] - Object: 'Object Repository/Page_Beauty Box Subscription for Wo/a_Color Treatments' is clicked on

2018-09-24 09:40:06 - [TEST_STEP][PASSED] - delay: Delayed 2 second(s)

2018-09-24 09:40:08 - [MESSAGE][PASSED] - Delayed 2 second(s)

2018-09-24 09:40:08 - [TEST_STEP][PASSED] - click: Object: 'Object Repository/Page_Shop Hair Color Treatments/svg_ 2018 Birchbox_icon__svg__' is clicked on

2018-09-24 09:40:08 - [MESSAGE][PASSED] - Object: 'Object Repository/Page_Shop Hair Color Treatments/svg_ 2018 Birchbox_icon__svg__' is clicked on

2018-09-24 09:40:08 - [TEST_STEP][PASSED] - click: Object: 'Object Repository/Page_Shop Hair Color Treatments/div_Hair' is clicked on

2018-09-24 09:40:09 - [MESSAGE][PASSED] - Object: 'Object Repository/Page_Shop Hair Color Treatments/div_Hair' is clicked on

2018-09-24 09:40:09 - [TEST_STEP][PASSED] - click: Object: 'Object Repository/Page_Shop Hair Color Treatments/div_Style' is clicked on

2018-09-24 09:40:09 - [MESSAGE][PASSED] - Object: 'Object Repository/Page_Shop Hair Color Treatments/div_Style' is clicked on

2018-09-24 09:40:09 - [TEST_STEP][PASSED] - click: Object: 'Object Repository/Page_Beauty Box Subscription for Wo/a_Texturizers' is clicked on

2018-09-24 09:40:10 - [MESSAGE][PASSED] - Object: 'Object Repository/Page_Beauty Box Subscription for Wo/a_Texturizers' is clicked on

2018-09-24 09:40:10 - [TEST_STEP][PASSED] - delay: Delayed 2 second(s)

2018-09-24 09:40:12 - [MESSAGE][PASSED] - Delayed 2 second(s)

2018-09-24 09:40:12 - [TEST_STEP][PASSED] - click: Object: 'Object Repository/Page_Shop Texturizers/svg_ 2018 Birchbox_icon__svg__' is clicked on

2018-09-24 09:40:13 - [MESSAGE][PASSED] - Object: 'Object Repository/Page_Shop Texturizers/svg_ 2018 Birchbox_icon__svg__' is clicked on

2018-09-24 09:40:13 - [TEST_STEP][PASSED] - click: Object: 'Object Repository/Page_Shop Texturizers/div_Hair' is clicked on

2018-09-24 09:40:13 - [MESSAGE][PASSED] - Object: 'Object Repository/Page_Shop Texturizers/div_Hair' is clicked on

2018-09-24 09:40:13 - [TEST_STEP][PASSED] - click: Object: 'Object Repository/Page_Shop Texturizers/div_Style' is clicked on

2018-09-24 09:40:14 - [MESSAGE][PASSED] - Object: 'Object Repository/Page_Shop Texturizers/div_Style' is clicked on

2018-09-24 09:40:14 - [TEST_STEP][PASSED] - delay: Delayed 1 second(s)

2018-09-24 09:40:15 - [MESSAGE][PASSED] - Delayed 1 second(s)

2018-09-24 09:40:15 - [TEST_STEP][PASSED] - click: Object: 'Object Repository/Page_Beauty Box Subscription for Wo/a_Blowout Creams  Sprays' is clicked on

2018-09-24 09:40:15 - [MESSAGE][PASSED] - Object: 'Object Repository/Page_Beauty Box Subscription for Wo/a_Blowout Creams  Sprays' is clicked on

2018-09-24 09:40:15 - [TEST_STEP][PASSED] - delay: Delayed 2 second(s)

2018-09-24 09:40:17 - [MESSAGE][PASSED] - Delayed 2 second(s)

2018-09-24 09:40:17 - [TEST_STEP][PASSED] - click: Object: 'Object Repository/Page_Shop Styling Cremes/svg_ 2018 Birchbox_icon__svg__' is clicked on

2018-09-24 09:40:17 - [MESSAGE][PASSED] - Object: 'Object Repository/Page_Shop Styling Cremes/svg_ 2018 Birchbox_icon__svg__' is clicked on

2018-09-24 09:40:17 - [TEST_STEP][PASSED] - click: Object: 'Object Repository/Page_Shop Styling Cremes/div_Hair' is clicked on

2018-09-24 09:40:18 - [MESSAGE][PASSED] - Object: 'Object Repository/Page_Shop Styling Cremes/div_Hair' is clicked on

2018-09-24 09:40:18 - [TEST_STEP][PASSED] - click: Object: 'Object Repository/Page_Shop Styling Cremes/div_Style' is clicked on

2018-09-24 09:40:18 - [MESSAGE][PASSED] - Object: 'Object Repository/Page_Shop Styling Cremes/div_Style' is clicked on

2018-09-24 09:40:18 - [TEST_STEP][PASSED] - delay: Delayed 1 second(s)

2018-09-24 09:40:19 - [MESSAGE][PASSED] - Delayed 1 second(s)

2018-09-24 09:40:19 - [TEST_STEP][PASSED] - click: Object: 'Object Repository/Page_Beauty Box Subscription for Wo/a_Hairsprays' is clicked on

2018-09-24 09:40:19 - [MESSAGE][PASSED] - Object: 'Object Repository/Page_Beauty Box Subscription for Wo/a_Hairsprays' is clicked on

2018-09-24 09:40:19 - [TEST_STEP][PASSED] - delay: Delayed 2 second(s)

2018-09-24 09:40:21 - [MESSAGE][PASSED] - Delayed 2 second(s)

2018-09-24 09:40:21 - [TEST_STEP][PASSED] - click: Object: 'Object Repository/Page_Shop Hairsprays/svg_ 2018 Birchbox_icon__svg__' is clicked on

2018-09-24 09:40:22 - [MESSAGE][PASSED] - Object: 'Object Repository/Page_Shop Hairsprays/svg_ 2018 Birchbox_icon__svg__' is clicked on

2018-09-24 09:40:22 - [TEST_STEP][PASSED] - click: Object: 'Object Repository/Page_Shop Hairsprays/div_Hair' is clicked on

2018-09-24 09:40:22 - [MESSAGE][PASSED] - Object: 'Object Repository/Page_Shop Hairsprays/div_Hair' is clicked on

2018-09-24 09:40:22 - [TEST_STEP][PASSED] - click: Object: 'Object Repository/Page_Shop Hairsprays/div_Style' is clicked on

2018-09-24 09:40:22 - [MESSAGE][PASSED] - Object: 'Object Repository/Page_Shop Hairsprays/div_Style' is clicked on

2018-09-24 09:40:22 - [TEST_STEP][PASSED] - delay: Delayed 1 second(s)

2018-09-24 09:40:23 - [MESSAGE][PASSED] - Delayed 1 second(s)

2018-09-24 09:40:23 - [TEST_STEP][PASSED] - waitForElementClickable: Object 'Object Repository/Page_Beauty Box Subscription for Wo/a_Wave Sprays' is clickable

2018-09-24 09:40:23 - [MESSAGE][WARNING] - Timeout '0' is invalid. Using default page load timeout: '90'

2018-09-24 09:40:23 - [MESSAGE][PASSED] - Object 'Object Repository/Page_Beauty Box Subscription for Wo/a_Wave Sprays' is clickable

2018-09-24 09:40:23 - [TEST_STEP][PASSED] - click: Object: 'Object Repository/Page_Beauty Box Subscription for Wo/a_Wave Sprays' is clicked on

2018-09-24 09:40:24 - [MESSAGE][PASSED] - Object: 'Object Repository/Page_Beauty Box Subscription for Wo/a_Wave Sprays' is clicked on

2018-09-24 09:40:24 - [TEST_STEP][PASSED] - delay: Delayed 2 second(s)

2018-09-24 09:40:26 - [MESSAGE][PASSED] - Delayed 2 second(s)

2018-09-24 09:40:26 - [TEST_STEP][PASSED] - click: Object: 'Object Repository/Page_Shop Wave Sprays/svg_ 2018 Birchbox_icon__svg__' is clicked on

2018-09-24 09:40:26 - [MESSAGE][PASSED] - Object: 'Object Repository/Page_Shop Wave Sprays/svg_ 2018 Birchbox_icon__svg__' is clicked on

2018-09-24 09:40:26 - [TEST_STEP][PASSED] - click: Object: 'Object Repository/Page_Shop Wave Sprays/div_Hair' is clicked on

2018-09-24 09:40:26 - [MESSAGE][PASSED] - Object: 'Object Repository/Page_Shop Wave Sprays/div_Hair' is clicked on

2018-09-24 09:40:26 - [TEST_STEP][PASSED] - click: Object: 'Object Repository/Page_Shop Wave Sprays/div_Style' is clicked on

2018-09-24 09:40:27 - [MESSAGE][PASSED] - Object: 'Object Repository/Page_Shop Wave Sprays/div_Style' is clicked on

2018-09-24 09:40:27 - [TEST_STEP][PASSED] - delay: Delayed 1 second(s)

2018-09-24 09:40:28 - [MESSAGE][PASSED] - Delayed 1 second(s)

2018-09-24 09:40:28 - [TEST_STEP][PASSED] - click: Object: 'Object Repository/Page_Beauty Box Subscription for Wo/a_Heat Protectants' is clicked on

2018-09-24 09:40:28 - [MESSAGE][PASSED] - Object: 'Object Repository/Page_Beauty Box Subscription for Wo/a_Heat Protectants' is clicked on

2018-09-24 09:40:28 - [TEST_STEP][PASSED] - delay: Delayed 2 second(s)

2018-09-24 09:40:30 - [MESSAGE][PASSED] - Delayed 2 second(s)

2018-09-24 09:40:30 - [TEST_STEP][PASSED] - click: Object: 'Object Repository/Page_Shop Hair Heat Protectants/svg_ 2018 Birchbox_icon__svg__' is clicked on

2018-09-24 09:40:30 - [MESSAGE][PASSED] - Object: 'Object Repository/Page_Shop Hair Heat Protectants/svg_ 2018 Birchbox_icon__svg__' is clicked on

2018-09-24 09:40:30 - [TEST_STEP][PASSED] - click: Object: 'Object Repository/Page_Shop Hair Heat Protectants/div_Hair' is clicked on

2018-09-24 09:40:31 - [MESSAGE][PASSED] - Object: 'Object Repository/Page_Shop Hair Heat Protectants/div_Hair' is clicked on

2018-09-24 09:40:31 - [TEST_STEP][PASSED] - click: Object: 'Object Repository/Page_Shop Hair Heat Protectants/div_Style' is clicked on

2018-09-24 09:40:31 - [MESSAGE][PASSED] - Object: 'Object Repository/Page_Shop Hair Heat Protectants/div_Style' is clicked on

2018-09-24 09:40:31 - [TEST_STEP][PASSED] - delay: Delayed 1 second(s)

2018-09-24 09:40:32 - [MESSAGE][PASSED] - Delayed 1 second(s)

2018-09-24 09:40:32 - [TEST_STEP][FAILED] - click: Unable to click on object 'Object Repository/Page_Beauty Box Subscription for Wo/a_Volumizers' (Root cause: org.openqa.selenium.WebDriverException: unknown error: Element <a class="StyledLink-khUpca fgCKOS" href="/category/11383">...</a> is not clickable at point (55, 647). Other element would receive the click: <div class="Drawer__MaskDiv-VGhMm utilities__cover___WKDvY gqjSAR" style="opacity: 0;"></div>
  (Session info: chrome=69.0.3497.100)
  (Driver info: chromedriver=2.35.528161 (5b82f2d2aae0ca24b877009200ced9065a772e73),platform=Windows NT 6.1.7601 SP1 x86_64) (WARNING: The server did not provide any stacktrace information)
Command duration or timeout: 0 milliseconds
Build info: version: '3.7.1', revision: '8a0099a', time: '2017-11-06T21:07:36.161Z'
System info: host: 'PLEMKTPLACE-08', ip: '10.241.184.32', os.name: 'Windows 7', os.arch: 'amd64', os.version: '6.1', java.version: '1.8.0_181'
Driver info: com.kms.katalon.selenium.driver.CChromeDriver
Capabilities {acceptInsecureCerts: false, acceptSslCerts: false, applicationCacheEnabled: false, browserConnectionEnabled: false, browserName: chrome, chrome: {chromedriverVersion: 2.35.528161 (5b82f2d2aae0ca..., userDataDir: C:\Users\vbrooks\AppData\Lo...}, cssSelectorsEnabled: true, databaseEnabled: false, handlesAlerts: true, hasTouchScreen: false, javascriptEnabled: true, locationContextEnabled: true, mobileEmulationEnabled: false, nativeEvents: true, networkConnectionEnabled: false, pageLoadStrategy: normal, platform: XP, platformName: XP, rotatable: false, setWindowRect: true, takesHeapSnapshot: true, takesScreenshot: true, unexpectedAlertBehaviour: , unhandledPromptBehavior: , version: 69.0.3497.100, webStorageEnabled: true}
Session ID: 5fdf4978f7a7fac2224539d199d0f170)

2018-09-24 09:40:33 - [MESSAGE][FAILED] - Unable to click on object 'Object Repository/Page_Beauty Box Subscription for Wo/a_Volumizers' (Root cause: org.openqa.selenium.WebDriverException: unknown error: Element <a class="StyledLink-khUpca fgCKOS" href="/category/11383">...</a> is not clickable at point (55, 647). Other element would receive the click: <div class="Drawer__MaskDiv-VGhMm utilities__cover___WKDvY gqjSAR" style="opacity: 0;"></div>
  (Session info: chrome=69.0.3497.100)
  (Driver info: chromedriver=2.35.528161 (5b82f2d2aae0ca24b877009200ced9065a772e73),platform=Windows NT 6.1.7601 SP1 x86_64) (WARNING: The server did not provide any stacktrace information)
Command duration or timeout: 0 milliseconds
Build info: version: '3.7.1', revision: '8a0099a', time: '2017-11-06T21:07:36.161Z'
System info: host: 'PLEMKTPLACE-08', ip: '10.241.184.32', os.name: 'Windows 7', os.arch: 'amd64', os.version: '6.1', java.version: '1.8.0_181'
Driver info: com.kms.katalon.selenium.driver.CChromeDriver
Capabilities {acceptInsecureCerts: false, acceptSslCerts: false, applicationCacheEnabled: false, browserConnectionEnabled: false, browserName: chrome, chrome: {chromedriverVersion: 2.35.528161 (5b82f2d2aae0ca..., userDataDir: C:\Users\vbrooks\AppData\Lo...}, cssSelectorsEnabled: true, databaseEnabled: false, handlesAlerts: true, hasTouchScreen: false, javascriptEnabled: true, locationContextEnabled: true, mobileEmulationEnabled: false, nativeEvents: true, networkConnectionEnabled: false, pageLoadStrategy: normal, platform: XP, platformName: XP, rotatable: false, setWindowRect: true, takesHeapSnapshot: true, takesScreenshot: true, unexpectedAlertBehaviour: , unhandledPromptBehavior: , version: 69.0.3497.100, webStorageEnabled: true}
Session ID: 5fdf4978f7a7fac2224539d199d0f170)]]></system-out>
         <system-err><![CDATA[2018-09-24 09:39:14 - [TEST_CASE][FAILED] - Test Cases/US mobile test/Test all Shop top-level categories for Womens Shop (Hair): Test Cases/US mobile test/Test all Shop top-level categories for Womens Shop (Hair) FAILED because (of) (Stack trace: com.kms.katalon.core.exception.StepFailedException: Unable to click on object 'Object Repository/Page_Beauty Box Subscription for Wo/a_Volumizers' (Root cause: org.openqa.selenium.WebDriverException: unknown error: Element <a class="StyledLink-khUpca fgCKOS" href="/category/11383">...</a> is not clickable at point (55, 647). Other element would receive the click: <div class="Drawer__MaskDiv-VGhMm utilities__cover___WKDvY gqjSAR" style="opacity: 0;"></div>
  (Session info: chrome=69.0.3497.100)
  (Driver info: chromedriver=2.35.528161 (5b82f2d2aae0ca24b877009200ced9065a772e73),platform=Windows NT 6.1.7601 SP1 x86_64) (WARNING: The server did not provide any stacktrace information)
Command duration or timeout: 0 milliseconds
Build info: version: '3.7.1', revision: '8a0099a', time: '2017-11-06T21:07:36.161Z'
System info: host: 'PLEMKTPLACE-08', ip: '10.241.184.32', os.name: 'Windows 7', os.arch: 'amd64', os.version: '6.1', java.version: '1.8.0_181'
Driver info: com.kms.katalon.selenium.driver.CChromeDriver
Capabilities {acceptInsecureCerts: false, acceptSslCerts: false, applicationCacheEnabled: false, browserConnectionEnabled: false, browserName: chrome, chrome: {chromedriverVersion: 2.35.528161 (5b82f2d2aae0ca..., userDataDir: C:\Users\vbrooks\AppData\Lo...}, cssSelectorsEnabled: true, databaseEnabled: false, handlesAlerts: true, hasTouchScreen: false, javascriptEnabled: true, locationContextEnabled: true, mobileEmulationEnabled: false, nativeEvents: true, networkConnectionEnabled: false, pageLoadStrategy: normal, platform: XP, platformName: XP, rotatable: false, setWindowRect: true, takesHeapSnapshot: true, takesScreenshot: true, unexpectedAlertBehaviour: , unhandledPromptBehavior: , version: 69.0.3497.100, webStorageEnabled: true}
Session ID: 5fdf4978f7a7fac2224539d199d0f170)
	at com.kms.katalon.core.keyword.internal.KeywordMain.stepFailed(KeywordMain.groovy:36)
	at com.kms.katalon.core.webui.keyword.internal.WebUIKeywordMain.stepFailed(WebUIKeywordMain.groovy:65)
	at com.kms.katalon.core.webui.keyword.internal.WebUIKeywordMain.runKeyword(WebUIKeywordMain.groovy:27)
	at com.kms.katalon.core.webui.keyword.builtin.ClickKeyword.click(ClickKeyword.groovy:86)
	at com.kms.katalon.core.webui.keyword.builtin.ClickKeyword.execute(ClickKeyword.groovy:67)
	at com.kms.katalon.core.keyword.internal.KeywordExecutor.executeKeywordForPlatform(KeywordExecutor.groovy:53)
	at com.kms.katalon.core.webui.keyword.WebUiBuiltInKeywords.click(WebUiBuiltInKeywords.groovy:616)
	at com.kms.katalon.core.webui.keyword.WebUiBuiltInKeywords$click$4.call(Unknown Source)
	at org.codehaus.groovy.runtime.callsite.CallSiteArray.defaultCall(CallSiteArray.java:48)
	at org.codehaus.groovy.runtime.callsite.AbstractCallSite.call(AbstractCallSite.java:113)
	at org.codehaus.groovy.runtime.callsite.AbstractCallSite.call(AbstractCallSite.java:125)
	at Script1536614341005.run(Script1536614341005.groovy:242)
	at com.kms.katalon.core.main.ScriptEngine.run(ScriptEngine.java:183)
	at com.kms.katalon.core.main.ScriptEngine.runScriptAsRawText(ScriptEngine.java:108)
	at com.kms.katalon.core.main.TestCaseExecutor.runScript(TestCaseExecutor.java:294)
	at com.kms.katalon.core.main.TestCaseExecutor.doExecute(TestCaseExecutor.java:285)
	at com.kms.katalon.core.main.TestCaseExecutor.processExecutionPhase(TestCaseExecutor.java:264)
	at com.kms.katalon.core.main.TestCaseExecutor.accessMainPhase(TestCaseExecutor.java:256)
	at com.kms.katalon.core.main.TestCaseExecutor.execute(TestCaseExecutor.java:200)
	at com.kms.katalon.core.main.TestSuiteExecutor.accessTestCaseMainPhase(TestSuiteExecutor.java:129)
	at com.kms.katalon.core.main.TestSuiteExecutor.accessTestSuiteMainPhase(TestSuiteExecutor.java:112)
	at com.kms.katalon.core.main.TestSuiteExecutor.execute(TestSuiteExecutor.java:81)
	at com.kms.katalon.core.main.TestCaseMain.startTestSuite(TestCaseMain.java:142)
	at com.kms.katalon.core.main.TestCaseMain$startTestSuite$0.call(Unknown Source)
	at org.codehaus.groovy.runtime.callsite.CallSiteArray.defaultCall(CallSiteArray.java:48)
	at org.codehaus.groovy.runtime.callsite.AbstractCallSite.call(AbstractCallSite.java:113)
	at org.codehaus.groovy.runtime.callsite.AbstractCallSite.call(AbstractCallSite.java:141)
	at TempTestSuite1537807070351.run(TempTestSuite1537807070351.groovy:36)
	at groovy.lang.GroovyShell.runScriptOrMainOrTestOrRunnable(GroovyShell.java:263)
	at groovy.lang.GroovyShell.run(GroovyShell.java:518)
	at groovy.lang.GroovyShell.run(GroovyShell.java:507)
	at groovy.ui.GroovyMain.processOnce(GroovyMain.java:653)
	at groovy.ui.GroovyMain.run(GroovyMain.java:384)
	at groovy.ui.GroovyMain.process(GroovyMain.java:370)
	at groovy.ui.GroovyMain.processArgs(GroovyMain.java:129)
	at groovy.ui.GroovyMain.main(GroovyMain.java:109)
	at sun.reflect.NativeMethodAccessorImpl.invoke0(Native Method)
	at sun.reflect.NativeMethodAccessorImpl.invoke(NativeMethodAccessorImpl.java:62)
	at sun.reflect.DelegatingMethodAccessorImpl.invoke(DelegatingMethodAccessorImpl.java:43)
	at java.lang.reflect.Method.invoke(Method.java:498)
	at org.codehaus.groovy.tools.GroovyStarter.rootLoader(GroovyStarter.java:109)
	at org.codehaus.groovy.tools.GroovyStarter.main(GroovyStarter.java:131)
)]]></system-err>
      </testcase>
      <testcase name="Test Cases/US mobile test/Test all Shop top-level categories for Womes Shop (Skin)" classname="Test Cases/US mobile test/Test all Shop top-level categories for Womes Shop (Skin)" status="FAILED">
         <failure type="FAILED" message="(Stack trace: com.kms.katalon.core.exception.StepFailedException: Unable to click on object 'Object Repository/Page_Beauty Box Subscription for Wo/a_Face Serums' (Root cause: org.openqa.selenium.WebDriverException: unknown error: Element &lt;a class=&quot;StyledLink-khUpca fgCKOS&quot; href=&quot;/category/4811&quot;>...&lt;/a> is not clickable at point (62, 671). Other element would receive the click: &lt;div class=&quot;Drawer__MaskDiv-VGhMm utilities__cover___WKDvY gqjSAR&quot; style=&quot;opacity: 0;&quot;>&lt;/div>
  (Session info: chrome=69.0.3497.100)
  (Driver info: chromedriver=2.35.528161 (5b82f2d2aae0ca24b877009200ced9065a772e73),platform=Windows NT 6.1.7601 SP1 x86_64) (WARNING: The server did not provide any stacktrace information)
Command duration or timeout: 0 milliseconds
Build info: version: '3.7.1', revision: '8a0099a', time: '2017-11-06T21:07:36.161Z'
System info: host: 'PLEMKTPLACE-08', ip: '10.241.184.32', os.name: 'Windows 7', os.arch: 'amd64', os.version: '6.1', java.version: '1.8.0_181'
Driver info: com.kms.katalon.selenium.driver.CChromeDriver
Capabilities {acceptInsecureCerts: false, acceptSslCerts: false, applicationCacheEnabled: false, browserConnectionEnabled: false, browserName: chrome, chrome: {chromedriverVersion: 2.35.528161 (5b82f2d2aae0ca..., userDataDir: C:\Users\vbrooks\AppData\Lo...}, cssSelectorsEnabled: true, databaseEnabled: false, handlesAlerts: true, hasTouchScreen: false, javascriptEnabled: true, locationContextEnabled: true, mobileEmulationEnabled: false, nativeEvents: true, networkConnectionEnabled: false, pageLoadStrategy: normal, platform: XP, platformName: XP, rotatable: false, setWindowRect: true, takesHeapSnapshot: true, takesScreenshot: true, unexpectedAlertBehaviour: , unhandledPromptBehavior: , version: 69.0.3497.100, webStorageEnabled: true}
Session ID: 5fdf4978f7a7fac2224539d199d0f170)
	at com.kms.katalon.core.keyword.internal.KeywordMain.stepFailed(KeywordMain.groovy:36)
	at com.kms.katalon.core.webui.keyword.internal.WebUIKeywordMain.stepFailed(WebUIKeywordMain.groovy:65)
	at com.kms.katalon.core.webui.keyword.internal.WebUIKeywordMain.runKeyword(WebUIKeywordMain.groovy:27)
	at com.kms.katalon.core.webui.keyword.builtin.ClickKeyword.click(ClickKeyword.groovy:86)
	at com.kms.katalon.core.webui.keyword.builtin.ClickKeyword.execute(ClickKeyword.groovy:67)
	at com.kms.katalon.core.keyword.internal.KeywordExecutor.executeKeywordForPlatform(KeywordExecutor.groovy:53)
	at com.kms.katalon.core.webui.keyword.WebUiBuiltInKeywords.click(WebUiBuiltInKeywords.groovy:616)
	at com.kms.katalon.core.webui.keyword.WebUiBuiltInKeywords$click$4.call(Unknown Source)
	at org.codehaus.groovy.runtime.callsite.CallSiteArray.defaultCall(CallSiteArray.java:48)
	at org.codehaus.groovy.runtime.callsite.AbstractCallSite.call(AbstractCallSite.java:113)
	at org.codehaus.groovy.runtime.callsite.AbstractCallSite.call(AbstractCallSite.java:125)
	at Script1536617663530.run(Script1536617663530.groovy:124)
	at com.kms.katalon.core.main.ScriptEngine.run(ScriptEngine.java:183)
	at com.kms.katalon.core.main.ScriptEngine.runScriptAsRawText(ScriptEngine.java:108)
	at com.kms.katalon.core.main.TestCaseExecutor.runScript(TestCaseExecutor.java:294)
	at com.kms.katalon.core.main.TestCaseExecutor.doExecute(TestCaseExecutor.java:285)
	at com.kms.katalon.core.main.TestCaseExecutor.processExecutionPhase(TestCaseExecutor.java:264)
	at com.kms.katalon.core.main.TestCaseExecutor.accessMainPhase(TestCaseExecutor.java:256)
	at com.kms.katalon.core.main.TestCaseExecutor.execute(TestCaseExecutor.java:200)
	at com.kms.katalon.core.main.TestSuiteExecutor.accessTestCaseMainPhase(TestSuiteExecutor.java:129)
	at com.kms.katalon.core.main.TestSuiteExecutor.accessTestSuiteMainPhase(TestSuiteExecutor.java:112)
	at com.kms.katalon.core.main.TestSuiteExecutor.execute(TestSuiteExecutor.java:81)
	at com.kms.katalon.core.main.TestCaseMain.startTestSuite(TestCaseMain.java:142)
	at com.kms.katalon.core.main.TestCaseMain$startTestSuite$0.call(Unknown Source)
	at org.codehaus.groovy.runtime.callsite.CallSiteArray.defaultCall(CallSiteArray.java:48)
	at org.codehaus.groovy.runtime.callsite.AbstractCallSite.call(AbstractCallSite.java:113)
	at org.codehaus.groovy.runtime.callsite.AbstractCallSite.call(AbstractCallSite.java:141)
	at TempTestSuite1537807070351.run(TempTestSuite1537807070351.groovy:36)
	at groovy.lang.GroovyShell.runScriptOrMainOrTestOrRunnable(GroovyShell.java:263)
	at groovy.lang.GroovyShell.run(GroovyShell.java:518)
	at groovy.lang.GroovyShell.run(GroovyShell.java:507)
	at groovy.ui.GroovyMain.processOnce(GroovyMain.java:653)
	at groovy.ui.GroovyMain.run(GroovyMain.java:384)
	at groovy.ui.GroovyMain.process(GroovyMain.java:370)
	at groovy.ui.GroovyMain.processArgs(GroovyMain.java:129)
	at groovy.ui.GroovyMain.main(GroovyMain.java:109)
	at sun.reflect.NativeMethodAccessorImpl.invoke0(Native Method)
	at sun.reflect.NativeMethodAccessorImpl.invoke(NativeMethodAccessorImpl.java:62)
	at sun.reflect.DelegatingMethodAccessorImpl.invoke(DelegatingMethodAccessorImpl.java:43)
	at java.lang.reflect.Method.invoke(Method.java:498)
	at org.codehaus.groovy.tools.GroovyStarter.rootLoader(GroovyStarter.java:109)
	at org.codehaus.groovy.tools.GroovyStarter.main(GroovyStarter.java:131)
)"/>
         <system-out><![CDATA[2018-09-24 09:40:33 - [TEST_CASE][FAILED] - Test Cases/US mobile test/Test all Shop top-level categories for Womes Shop (Skin): Test Cases/US mobile test/Test all Shop top-level categories for Womes Shop (Skin) FAILED because (of) (Stack trace: com.kms.katalon.core.exception.StepFailedException: Unable to click on object 'Object Repository/Page_Beauty Box Subscription for Wo/a_Face Serums' (Root cause: org.openqa.selenium.WebDriverException: unknown error: Element <a class="StyledLink-khUpca fgCKOS" href="/category/4811">...</a> is not clickable at point (62, 671). Other element would receive the click: <div class="Drawer__MaskDiv-VGhMm utilities__cover___WKDvY gqjSAR" style="opacity: 0;"></div>
  (Session info: chrome=69.0.3497.100)
  (Driver info: chromedriver=2.35.528161 (5b82f2d2aae0ca24b877009200ced9065a772e73),platform=Windows NT 6.1.7601 SP1 x86_64) (WARNING: The server did not provide any stacktrace information)
Command duration or timeout: 0 milliseconds
Build info: version: '3.7.1', revision: '8a0099a', time: '2017-11-06T21:07:36.161Z'
System info: host: 'PLEMKTPLACE-08', ip: '10.241.184.32', os.name: 'Windows 7', os.arch: 'amd64', os.version: '6.1', java.version: '1.8.0_181'
Driver info: com.kms.katalon.selenium.driver.CChromeDriver
Capabilities {acceptInsecureCerts: false, acceptSslCerts: false, applicationCacheEnabled: false, browserConnectionEnabled: false, browserName: chrome, chrome: {chromedriverVersion: 2.35.528161 (5b82f2d2aae0ca..., userDataDir: C:\Users\vbrooks\AppData\Lo...}, cssSelectorsEnabled: true, databaseEnabled: false, handlesAlerts: true, hasTouchScreen: false, javascriptEnabled: true, locationContextEnabled: true, mobileEmulationEnabled: false, nativeEvents: true, networkConnectionEnabled: false, pageLoadStrategy: normal, platform: XP, platformName: XP, rotatable: false, setWindowRect: true, takesHeapSnapshot: true, takesScreenshot: true, unexpectedAlertBehaviour: , unhandledPromptBehavior: , version: 69.0.3497.100, webStorageEnabled: true}
Session ID: 5fdf4978f7a7fac2224539d199d0f170)
	at com.kms.katalon.core.keyword.internal.KeywordMain.stepFailed(KeywordMain.groovy:36)
	at com.kms.katalon.core.webui.keyword.internal.WebUIKeywordMain.stepFailed(WebUIKeywordMain.groovy:65)
	at com.kms.katalon.core.webui.keyword.internal.WebUIKeywordMain.runKeyword(WebUIKeywordMain.groovy:27)
	at com.kms.katalon.core.webui.keyword.builtin.ClickKeyword.click(ClickKeyword.groovy:86)
	at com.kms.katalon.core.webui.keyword.builtin.ClickKeyword.execute(ClickKeyword.groovy:67)
	at com.kms.katalon.core.keyword.internal.KeywordExecutor.executeKeywordForPlatform(KeywordExecutor.groovy:53)
	at com.kms.katalon.core.webui.keyword.WebUiBuiltInKeywords.click(WebUiBuiltInKeywords.groovy:616)
	at com.kms.katalon.core.webui.keyword.WebUiBuiltInKeywords$click$4.call(Unknown Source)
	at org.codehaus.groovy.runtime.callsite.CallSiteArray.defaultCall(CallSiteArray.java:48)
	at org.codehaus.groovy.runtime.callsite.AbstractCallSite.call(AbstractCallSite.java:113)
	at org.codehaus.groovy.runtime.callsite.AbstractCallSite.call(AbstractCallSite.java:125)
	at Script1536617663530.run(Script1536617663530.groovy:124)
	at com.kms.katalon.core.main.ScriptEngine.run(ScriptEngine.java:183)
	at com.kms.katalon.core.main.ScriptEngine.runScriptAsRawText(ScriptEngine.java:108)
	at com.kms.katalon.core.main.TestCaseExecutor.runScript(TestCaseExecutor.java:294)
	at com.kms.katalon.core.main.TestCaseExecutor.doExecute(TestCaseExecutor.java:285)
	at com.kms.katalon.core.main.TestCaseExecutor.processExecutionPhase(TestCaseExecutor.java:264)
	at com.kms.katalon.core.main.TestCaseExecutor.accessMainPhase(TestCaseExecutor.java:256)
	at com.kms.katalon.core.main.TestCaseExecutor.execute(TestCaseExecutor.java:200)
	at com.kms.katalon.core.main.TestSuiteExecutor.accessTestCaseMainPhase(TestSuiteExecutor.java:129)
	at com.kms.katalon.core.main.TestSuiteExecutor.accessTestSuiteMainPhase(TestSuiteExecutor.java:112)
	at com.kms.katalon.core.main.TestSuiteExecutor.execute(TestSuiteExecutor.java:81)
	at com.kms.katalon.core.main.TestCaseMain.startTestSuite(TestCaseMain.java:142)
	at com.kms.katalon.core.main.TestCaseMain$startTestSuite$0.call(Unknown Source)
	at org.codehaus.groovy.runtime.callsite.CallSiteArray.defaultCall(CallSiteArray.java:48)
	at org.codehaus.groovy.runtime.callsite.AbstractCallSite.call(AbstractCallSite.java:113)
	at org.codehaus.groovy.runtime.callsite.AbstractCallSite.call(AbstractCallSite.java:141)
	at TempTestSuite1537807070351.run(TempTestSuite1537807070351.groovy:36)
	at groovy.lang.GroovyShell.runScriptOrMainOrTestOrRunnable(GroovyShell.java:263)
	at groovy.lang.GroovyShell.run(GroovyShell.java:518)
	at groovy.lang.GroovyShell.run(GroovyShell.java:507)
	at groovy.ui.GroovyMain.processOnce(GroovyMain.java:653)
	at groovy.ui.GroovyMain.run(GroovyMain.java:384)
	at groovy.ui.GroovyMain.process(GroovyMain.java:370)
	at groovy.ui.GroovyMain.processArgs(GroovyMain.java:129)
	at groovy.ui.GroovyMain.main(GroovyMain.java:109)
	at sun.reflect.NativeMethodAccessorImpl.invoke0(Native Method)
	at sun.reflect.NativeMethodAccessorImpl.invoke(NativeMethodAccessorImpl.java:62)
	at sun.reflect.DelegatingMethodAccessorImpl.invoke(DelegatingMethodAccessorImpl.java:43)
	at java.lang.reflect.Method.invoke(Method.java:498)
	at org.codehaus.groovy.tools.GroovyStarter.rootLoader(GroovyStarter.java:109)
	at org.codehaus.groovy.tools.GroovyStarter.main(GroovyStarter.java:131)
)

2018-09-24 09:40:33 - [TEST_STEP][NOT_RUN] - callTestCase: NOT_RUN: callTestCase

2018-09-24 09:40:33 - [MESSAGE][NOT_RUN] - NOT_RUN: callTestCase

2018-09-24 09:40:33 - [TEST_STEP][PASSED] - delay: Delayed 1 second(s)

2018-09-24 09:40:34 - [MESSAGE][PASSED] - Delayed 1 second(s)

2018-09-24 09:40:34 - [TEST_STEP][PASSED] - click: Object: 'Object Repository/Page_Beauty Box Subscription for Wo/svg_ 2018 Birchbox_icon__svg__' is clicked on

2018-09-24 09:40:34 - [MESSAGE][PASSED] - Object: 'Object Repository/Page_Beauty Box Subscription for Wo/svg_ 2018 Birchbox_icon__svg__' is clicked on

2018-09-24 09:40:34 - [TEST_STEP][PASSED] - delay: Delayed 2 second(s)

2018-09-24 09:40:36 - [MESSAGE][PASSED] - Delayed 2 second(s)

2018-09-24 09:40:36 - [TEST_STEP][PASSED] - click: Object: 'Object Repository/Page_Beauty Box Subscription for Wo/div_Skin' is clicked on

2018-09-24 09:40:36 - [MESSAGE][PASSED] - Object: 'Object Repository/Page_Beauty Box Subscription for Wo/div_Skin' is clicked on

2018-09-24 09:40:36 - [TEST_STEP][PASSED] - click: Object: 'Object Repository/Page_Beauty Box Subscription for Wo/div_Cleanse' is clicked on

2018-09-24 09:40:37 - [MESSAGE][PASSED] - Object: 'Object Repository/Page_Beauty Box Subscription for Wo/div_Cleanse' is clicked on

2018-09-24 09:40:37 - [TEST_STEP][PASSED] - delay: Delayed 1 second(s)

2018-09-24 09:40:38 - [MESSAGE][PASSED] - Delayed 1 second(s)

2018-09-24 09:40:38 - [TEST_STEP][PASSED] - click: Object: 'Object Repository/Page_Beauty Box Subscription for Wo/a_Cleansers' is clicked on

2018-09-24 09:40:38 - [MESSAGE][PASSED] - Object: 'Object Repository/Page_Beauty Box Subscription for Wo/a_Cleansers' is clicked on

2018-09-24 09:40:38 - [TEST_STEP][PASSED] - delay: Delayed 2 second(s)

2018-09-24 09:40:40 - [MESSAGE][PASSED] - Delayed 2 second(s)

2018-09-24 09:40:40 - [TEST_STEP][PASSED] - click: Object: 'Object Repository/Page_Shop Face Cleansers/svg_ 2018 Birchbox_icon__svg__' is clicked on

2018-09-24 09:40:41 - [MESSAGE][PASSED] - Object: 'Object Repository/Page_Shop Face Cleansers/svg_ 2018 Birchbox_icon__svg__' is clicked on

2018-09-24 09:40:41 - [TEST_STEP][PASSED] - click: Object: 'Object Repository/Page_Shop Face Cleansers/div_Skin' is clicked on

2018-09-24 09:40:41 - [MESSAGE][PASSED] - Object: 'Object Repository/Page_Shop Face Cleansers/div_Skin' is clicked on

2018-09-24 09:40:41 - [TEST_STEP][PASSED] - click: Object: 'Object Repository/Page_Shop Face Cleansers/div_Cleanse' is clicked on

2018-09-24 09:40:42 - [MESSAGE][PASSED] - Object: 'Object Repository/Page_Shop Face Cleansers/div_Cleanse' is clicked on

2018-09-24 09:40:42 - [TEST_STEP][PASSED] - delay: Delayed 1 second(s)

2018-09-24 09:40:43 - [MESSAGE][PASSED] - Delayed 1 second(s)

2018-09-24 09:40:43 - [TEST_STEP][PASSED] - waitForElementVisible: Object 'Object Repository/Page_Beauty Box Subscription for Wo/a_Makeup Removers  Wipes' is visible

2018-09-24 09:40:43 - [MESSAGE][WARNING] - Timeout '0' is invalid. Using default page load timeout: '90'

2018-09-24 09:40:43 - [MESSAGE][PASSED] - Object 'Object Repository/Page_Beauty Box Subscription for Wo/a_Makeup Removers  Wipes' is visible

2018-09-24 09:40:43 - [TEST_STEP][PASSED] - waitForElementClickable: Object 'Object Repository/Page_Beauty Box Subscription for Wo/a_Makeup Removers  Wipes' is clickable

2018-09-24 09:40:43 - [MESSAGE][WARNING] - Timeout '0' is invalid. Using default page load timeout: '90'

2018-09-24 09:40:43 - [MESSAGE][PASSED] - Object 'Object Repository/Page_Beauty Box Subscription for Wo/a_Makeup Removers  Wipes' is clickable

2018-09-24 09:40:43 - [TEST_STEP][PASSED] - click: Object: 'Object Repository/Page_Beauty Box Subscription for Wo/a_Makeup Removers  Wipes' is clicked on

2018-09-24 09:40:43 - [MESSAGE][PASSED] - Object: 'Object Repository/Page_Beauty Box Subscription for Wo/a_Makeup Removers  Wipes' is clicked on

2018-09-24 09:40:43 - [TEST_STEP][PASSED] - delay: Delayed 2 second(s)

2018-09-24 09:40:45 - [MESSAGE][PASSED] - Delayed 2 second(s)

2018-09-24 09:40:45 - [TEST_STEP][PASSED] - click: Object: 'Object Repository/Page_Shop Makeup Removers and Face/svg_ 2018 Birchbox_icon__svg___1' is clicked on

2018-09-24 09:40:46 - [MESSAGE][PASSED] - Object: 'Object Repository/Page_Shop Makeup Removers and Face/svg_ 2018 Birchbox_icon__svg___1' is clicked on

2018-09-24 09:40:46 - [TEST_STEP][PASSED] - click: Object: 'Object Repository/Page_Shop Makeup Removers and Face/div_Skin' is clicked on

2018-09-24 09:40:46 - [MESSAGE][PASSED] - Object: 'Object Repository/Page_Shop Makeup Removers and Face/div_Skin' is clicked on

2018-09-24 09:40:46 - [TEST_STEP][PASSED] - click: Object: 'Object Repository/Page_Shop Makeup Removers and Face/div_Cleanse' is clicked on

2018-09-24 09:40:47 - [MESSAGE][PASSED] - Object: 'Object Repository/Page_Shop Makeup Removers and Face/div_Cleanse' is clicked on

2018-09-24 09:40:47 - [TEST_STEP][PASSED] - delay: Delayed 1 second(s)

2018-09-24 09:40:48 - [MESSAGE][PASSED] - Delayed 1 second(s)

2018-09-24 09:40:48 - [TEST_STEP][PASSED] - click: Object: 'Object Repository/Page_Beauty Box Subscription for Wo/a_Tools' is clicked on

2018-09-24 09:40:48 - [MESSAGE][PASSED] - Object: 'Object Repository/Page_Beauty Box Subscription for Wo/a_Tools' is clicked on

2018-09-24 09:40:48 - [TEST_STEP][PASSED] - delay: Delayed 2 second(s)

2018-09-24 09:40:50 - [MESSAGE][PASSED] - Delayed 2 second(s)

2018-09-24 09:40:50 - [TEST_STEP][PASSED] - click: Object: 'Object Repository/Page_Shop Skincare Tools/svg_ 2018 Birchbox_icon__svg__' is clicked on

2018-09-24 09:40:50 - [MESSAGE][PASSED] - Object: 'Object Repository/Page_Shop Skincare Tools/svg_ 2018 Birchbox_icon__svg__' is clicked on

2018-09-24 09:40:50 - [TEST_STEP][PASSED] - click: Object: 'Object Repository/Page_Shop Skincare Tools/div_Skin' is clicked on

2018-09-24 09:40:51 - [MESSAGE][PASSED] - Object: 'Object Repository/Page_Shop Skincare Tools/div_Skin' is clicked on

2018-09-24 09:40:51 - [TEST_STEP][PASSED] - click: Object: 'Object Repository/Page_Shop Skincare Tools/div_Treat' is clicked on

2018-09-24 09:40:51 - [MESSAGE][PASSED] - Object: 'Object Repository/Page_Shop Skincare Tools/div_Treat' is clicked on

2018-09-24 09:40:51 - [TEST_STEP][PASSED] - delay: Delayed 1 second(s)

2018-09-24 09:40:52 - [MESSAGE][PASSED] - Delayed 1 second(s)

2018-09-24 09:40:52 - [TEST_STEP][PASSED] - click: Object: 'Object Repository/Page_Beauty Box Subscription for Wo/a_Exfoliators  Scrubs' is clicked on

2018-09-24 09:40:53 - [MESSAGE][PASSED] - Object: 'Object Repository/Page_Beauty Box Subscription for Wo/a_Exfoliators  Scrubs' is clicked on

2018-09-24 09:40:53 - [TEST_STEP][PASSED] - delay: Delayed 2 second(s)

2018-09-24 09:40:55 - [MESSAGE][PASSED] - Delayed 2 second(s)

2018-09-24 09:40:55 - [TEST_STEP][PASSED] - click: Object: 'Object Repository/Page_Shop Exfoliators/svg_ 2018 Birchbox_icon__svg__' is clicked on

2018-09-24 09:40:55 - [MESSAGE][PASSED] - Object: 'Object Repository/Page_Shop Exfoliators/svg_ 2018 Birchbox_icon__svg__' is clicked on

2018-09-24 09:40:55 - [TEST_STEP][PASSED] - click: Object: 'Object Repository/Page_Shop Exfoliators/div_Skin' is clicked on

2018-09-24 09:40:55 - [MESSAGE][PASSED] - Object: 'Object Repository/Page_Shop Exfoliators/div_Skin' is clicked on

2018-09-24 09:40:55 - [TEST_STEP][PASSED] - click: Object: 'Object Repository/Page_Shop Exfoliators/div_Treat' is clicked on

2018-09-24 09:40:56 - [MESSAGE][PASSED] - Object: 'Object Repository/Page_Shop Exfoliators/div_Treat' is clicked on

2018-09-24 09:40:56 - [TEST_STEP][PASSED] - delay: Delayed 1 second(s)

2018-09-24 09:40:57 - [MESSAGE][PASSED] - Delayed 1 second(s)

2018-09-24 09:40:57 - [TEST_STEP][PASSED] - click: Object: 'Object Repository/Page_Beauty Box Subscription for Wo/a_Face Masks  Sheet Masks' is clicked on

2018-09-24 09:40:57 - [MESSAGE][PASSED] - Object: 'Object Repository/Page_Beauty Box Subscription for Wo/a_Face Masks  Sheet Masks' is clicked on

2018-09-24 09:40:57 - [TEST_STEP][PASSED] - delay: Delayed 2 second(s)

2018-09-24 09:40:59 - [MESSAGE][PASSED] - Delayed 2 second(s)

2018-09-24 09:40:59 - [TEST_STEP][PASSED] - click: Object: 'Object Repository/Page_Shop Face Masks and Sheet Mask/svg_ 2018 Birchbox_icon__svg__' is clicked on

2018-09-24 09:40:59 - [MESSAGE][PASSED] - Object: 'Object Repository/Page_Shop Face Masks and Sheet Mask/svg_ 2018 Birchbox_icon__svg__' is clicked on

2018-09-24 09:40:59 - [TEST_STEP][PASSED] - click: Object: 'Object Repository/Page_Shop Face Masks and Sheet Mask/div_Skin' is clicked on

2018-09-24 09:40:59 - [MESSAGE][PASSED] - Object: 'Object Repository/Page_Shop Face Masks and Sheet Mask/div_Skin' is clicked on

2018-09-24 09:40:59 - [TEST_STEP][PASSED] - click: Object: 'Object Repository/Page_Shop Face Masks and Sheet Mask/div_Treat' is clicked on

2018-09-24 09:41:00 - [MESSAGE][PASSED] - Object: 'Object Repository/Page_Shop Face Masks and Sheet Mask/div_Treat' is clicked on

2018-09-24 09:41:00 - [TEST_STEP][PASSED] - delay: Delayed 1 second(s)

2018-09-24 09:41:01 - [MESSAGE][PASSED] - Delayed 1 second(s)

2018-09-24 09:41:01 - [TEST_STEP][PASSED] - waitForElementVisible: Object 'Object Repository/Page_Beauty Box Subscription for Wo/a_Peels' is visible

2018-09-24 09:41:01 - [MESSAGE][WARNING] - Timeout '0' is invalid. Using default page load timeout: '90'

2018-09-24 09:41:01 - [MESSAGE][PASSED] - Object 'Object Repository/Page_Beauty Box Subscription for Wo/a_Peels' is visible

2018-09-24 09:41:01 - [TEST_STEP][PASSED] - waitForElementClickable: Object 'Object Repository/Page_Beauty Box Subscription for Wo/a_Peels' is clickable

2018-09-24 09:41:01 - [MESSAGE][WARNING] - Timeout '0' is invalid. Using default page load timeout: '90'

2018-09-24 09:41:01 - [MESSAGE][PASSED] - Object 'Object Repository/Page_Beauty Box Subscription for Wo/a_Peels' is clickable

2018-09-24 09:41:01 - [TEST_STEP][PASSED] - click: Object: 'Object Repository/Page_Beauty Box Subscription for Wo/a_Peels' is clicked on

2018-09-24 09:41:01 - [MESSAGE][PASSED] - Object: 'Object Repository/Page_Beauty Box Subscription for Wo/a_Peels' is clicked on

2018-09-24 09:41:01 - [TEST_STEP][PASSED] - delay: Delayed 2 second(s)

2018-09-24 09:41:03 - [MESSAGE][PASSED] - Delayed 2 second(s)

2018-09-24 09:41:03 - [TEST_STEP][PASSED] - click: Object: 'Object Repository/Page_Shop Facial Peels/svg_ 2018 Birchbox_icon__svg__' is clicked on

2018-09-24 09:41:04 - [MESSAGE][PASSED] - Object: 'Object Repository/Page_Shop Facial Peels/svg_ 2018 Birchbox_icon__svg__' is clicked on

2018-09-24 09:41:04 - [TEST_STEP][PASSED] - click: Object: 'Object Repository/Page_Shop Facial Peels/div_Skin' is clicked on

2018-09-24 09:41:04 - [MESSAGE][PASSED] - Object: 'Object Repository/Page_Shop Facial Peels/div_Skin' is clicked on

2018-09-24 09:41:04 - [TEST_STEP][PASSED] - click: Object: 'Object Repository/Page_Shop Facial Peels/div_Treat' is clicked on

2018-09-24 09:41:04 - [MESSAGE][PASSED] - Object: 'Object Repository/Page_Shop Facial Peels/div_Treat' is clicked on

2018-09-24 09:41:04 - [TEST_STEP][PASSED] - delay: Delayed 1 second(s)

2018-09-24 09:41:05 - [MESSAGE][PASSED] - Delayed 1 second(s)

2018-09-24 09:41:05 - [TEST_STEP][PASSED] - click: Object: 'Object Repository/Page_Beauty Box Subscription for Wo/a_Toners  Mists' is clicked on

2018-09-24 09:41:06 - [MESSAGE][PASSED] - Object: 'Object Repository/Page_Beauty Box Subscription for Wo/a_Toners  Mists' is clicked on

2018-09-24 09:41:06 - [TEST_STEP][PASSED] - delay: Delayed 2 second(s)

2018-09-24 09:41:08 - [MESSAGE][PASSED] - Delayed 2 second(s)

2018-09-24 09:41:08 - [TEST_STEP][PASSED] - click: Object: 'Object Repository/Page_Toners  Mists/svg_ 2018 Birchbox_icon__svg__' is clicked on

2018-09-24 09:41:08 - [MESSAGE][PASSED] - Object: 'Object Repository/Page_Toners  Mists/svg_ 2018 Birchbox_icon__svg__' is clicked on

2018-09-24 09:41:08 - [TEST_STEP][PASSED] - click: Object: 'Object Repository/Page_Toners  Mists/div_Skin' is clicked on

2018-09-24 09:41:08 - [MESSAGE][PASSED] - Object: 'Object Repository/Page_Toners  Mists/div_Skin' is clicked on

2018-09-24 09:41:08 - [TEST_STEP][PASSED] - click: Object: 'Object Repository/Page_Toners  Mists/div_Treat' is clicked on

2018-09-24 09:41:09 - [MESSAGE][PASSED] - Object: 'Object Repository/Page_Toners  Mists/div_Treat' is clicked on

2018-09-24 09:41:09 - [TEST_STEP][FAILED] - click: Unable to click on object 'Object Repository/Page_Beauty Box Subscription for Wo/a_Face Serums' (Root cause: org.openqa.selenium.WebDriverException: unknown error: Element <a class="StyledLink-khUpca fgCKOS" href="/category/4811">...</a> is not clickable at point (62, 671). Other element would receive the click: <div class="Drawer__MaskDiv-VGhMm utilities__cover___WKDvY gqjSAR" style="opacity: 0;"></div>
  (Session info: chrome=69.0.3497.100)
  (Driver info: chromedriver=2.35.528161 (5b82f2d2aae0ca24b877009200ced9065a772e73),platform=Windows NT 6.1.7601 SP1 x86_64) (WARNING: The server did not provide any stacktrace information)
Command duration or timeout: 0 milliseconds
Build info: version: '3.7.1', revision: '8a0099a', time: '2017-11-06T21:07:36.161Z'
System info: host: 'PLEMKTPLACE-08', ip: '10.241.184.32', os.name: 'Windows 7', os.arch: 'amd64', os.version: '6.1', java.version: '1.8.0_181'
Driver info: com.kms.katalon.selenium.driver.CChromeDriver
Capabilities {acceptInsecureCerts: false, acceptSslCerts: false, applicationCacheEnabled: false, browserConnectionEnabled: false, browserName: chrome, chrome: {chromedriverVersion: 2.35.528161 (5b82f2d2aae0ca..., userDataDir: C:\Users\vbrooks\AppData\Lo...}, cssSelectorsEnabled: true, databaseEnabled: false, handlesAlerts: true, hasTouchScreen: false, javascriptEnabled: true, locationContextEnabled: true, mobileEmulationEnabled: false, nativeEvents: true, networkConnectionEnabled: false, pageLoadStrategy: normal, platform: XP, platformName: XP, rotatable: false, setWindowRect: true, takesHeapSnapshot: true, takesScreenshot: true, unexpectedAlertBehaviour: , unhandledPromptBehavior: , version: 69.0.3497.100, webStorageEnabled: true}
Session ID: 5fdf4978f7a7fac2224539d199d0f170)

2018-09-24 09:41:10 - [MESSAGE][FAILED] - Unable to click on object 'Object Repository/Page_Beauty Box Subscription for Wo/a_Face Serums' (Root cause: org.openqa.selenium.WebDriverException: unknown error: Element <a class="StyledLink-khUpca fgCKOS" href="/category/4811">...</a> is not clickable at point (62, 671). Other element would receive the click: <div class="Drawer__MaskDiv-VGhMm utilities__cover___WKDvY gqjSAR" style="opacity: 0;"></div>
  (Session info: chrome=69.0.3497.100)
  (Driver info: chromedriver=2.35.528161 (5b82f2d2aae0ca24b877009200ced9065a772e73),platform=Windows NT 6.1.7601 SP1 x86_64) (WARNING: The server did not provide any stacktrace information)
Command duration or timeout: 0 milliseconds
Build info: version: '3.7.1', revision: '8a0099a', time: '2017-11-06T21:07:36.161Z'
System info: host: 'PLEMKTPLACE-08', ip: '10.241.184.32', os.name: 'Windows 7', os.arch: 'amd64', os.version: '6.1', java.version: '1.8.0_181'
Driver info: com.kms.katalon.selenium.driver.CChromeDriver
Capabilities {acceptInsecureCerts: false, acceptSslCerts: false, applicationCacheEnabled: false, browserConnectionEnabled: false, browserName: chrome, chrome: {chromedriverVersion: 2.35.528161 (5b82f2d2aae0ca..., userDataDir: C:\Users\vbrooks\AppData\Lo...}, cssSelectorsEnabled: true, databaseEnabled: false, handlesAlerts: true, hasTouchScreen: false, javascriptEnabled: true, locationContextEnabled: true, mobileEmulationEnabled: false, nativeEvents: true, networkConnectionEnabled: false, pageLoadStrategy: normal, platform: XP, platformName: XP, rotatable: false, setWindowRect: true, takesHeapSnapshot: true, takesScreenshot: true, unexpectedAlertBehaviour: , unhandledPromptBehavior: , version: 69.0.3497.100, webStorageEnabled: true}
Session ID: 5fdf4978f7a7fac2224539d199d0f170)]]></system-out>
         <system-err><![CDATA[2018-09-24 09:40:33 - [TEST_CASE][FAILED] - Test Cases/US mobile test/Test all Shop top-level categories for Womes Shop (Skin): Test Cases/US mobile test/Test all Shop top-level categories for Womes Shop (Skin) FAILED because (of) (Stack trace: com.kms.katalon.core.exception.StepFailedException: Unable to click on object 'Object Repository/Page_Beauty Box Subscription for Wo/a_Face Serums' (Root cause: org.openqa.selenium.WebDriverException: unknown error: Element <a class="StyledLink-khUpca fgCKOS" href="/category/4811">...</a> is not clickable at point (62, 671). Other element would receive the click: <div class="Drawer__MaskDiv-VGhMm utilities__cover___WKDvY gqjSAR" style="opacity: 0;"></div>
  (Session info: chrome=69.0.3497.100)
  (Driver info: chromedriver=2.35.528161 (5b82f2d2aae0ca24b877009200ced9065a772e73),platform=Windows NT 6.1.7601 SP1 x86_64) (WARNING: The server did not provide any stacktrace information)
Command duration or timeout: 0 milliseconds
Build info: version: '3.7.1', revision: '8a0099a', time: '2017-11-06T21:07:36.161Z'
System info: host: 'PLEMKTPLACE-08', ip: '10.241.184.32', os.name: 'Windows 7', os.arch: 'amd64', os.version: '6.1', java.version: '1.8.0_181'
Driver info: com.kms.katalon.selenium.driver.CChromeDriver
Capabilities {acceptInsecureCerts: false, acceptSslCerts: false, applicationCacheEnabled: false, browserConnectionEnabled: false, browserName: chrome, chrome: {chromedriverVersion: 2.35.528161 (5b82f2d2aae0ca..., userDataDir: C:\Users\vbrooks\AppData\Lo...}, cssSelectorsEnabled: true, databaseEnabled: false, handlesAlerts: true, hasTouchScreen: false, javascriptEnabled: true, locationContextEnabled: true, mobileEmulationEnabled: false, nativeEvents: true, networkConnectionEnabled: false, pageLoadStrategy: normal, platform: XP, platformName: XP, rotatable: false, setWindowRect: true, takesHeapSnapshot: true, takesScreenshot: true, unexpectedAlertBehaviour: , unhandledPromptBehavior: , version: 69.0.3497.100, webStorageEnabled: true}
Session ID: 5fdf4978f7a7fac2224539d199d0f170)
	at com.kms.katalon.core.keyword.internal.KeywordMain.stepFailed(KeywordMain.groovy:36)
	at com.kms.katalon.core.webui.keyword.internal.WebUIKeywordMain.stepFailed(WebUIKeywordMain.groovy:65)
	at com.kms.katalon.core.webui.keyword.internal.WebUIKeywordMain.runKeyword(WebUIKeywordMain.groovy:27)
	at com.kms.katalon.core.webui.keyword.builtin.ClickKeyword.click(ClickKeyword.groovy:86)
	at com.kms.katalon.core.webui.keyword.builtin.ClickKeyword.execute(ClickKeyword.groovy:67)
	at com.kms.katalon.core.keyword.internal.KeywordExecutor.executeKeywordForPlatform(KeywordExecutor.groovy:53)
	at com.kms.katalon.core.webui.keyword.WebUiBuiltInKeywords.click(WebUiBuiltInKeywords.groovy:616)
	at com.kms.katalon.core.webui.keyword.WebUiBuiltInKeywords$click$4.call(Unknown Source)
	at org.codehaus.groovy.runtime.callsite.CallSiteArray.defaultCall(CallSiteArray.java:48)
	at org.codehaus.groovy.runtime.callsite.AbstractCallSite.call(AbstractCallSite.java:113)
	at org.codehaus.groovy.runtime.callsite.AbstractCallSite.call(AbstractCallSite.java:125)
	at Script1536617663530.run(Script1536617663530.groovy:124)
	at com.kms.katalon.core.main.ScriptEngine.run(ScriptEngine.java:183)
	at com.kms.katalon.core.main.ScriptEngine.runScriptAsRawText(ScriptEngine.java:108)
	at com.kms.katalon.core.main.TestCaseExecutor.runScript(TestCaseExecutor.java:294)
	at com.kms.katalon.core.main.TestCaseExecutor.doExecute(TestCaseExecutor.java:285)
	at com.kms.katalon.core.main.TestCaseExecutor.processExecutionPhase(TestCaseExecutor.java:264)
	at com.kms.katalon.core.main.TestCaseExecutor.accessMainPhase(TestCaseExecutor.java:256)
	at com.kms.katalon.core.main.TestCaseExecutor.execute(TestCaseExecutor.java:200)
	at com.kms.katalon.core.main.TestSuiteExecutor.accessTestCaseMainPhase(TestSuiteExecutor.java:129)
	at com.kms.katalon.core.main.TestSuiteExecutor.accessTestSuiteMainPhase(TestSuiteExecutor.java:112)
	at com.kms.katalon.core.main.TestSuiteExecutor.execute(TestSuiteExecutor.java:81)
	at com.kms.katalon.core.main.TestCaseMain.startTestSuite(TestCaseMain.java:142)
	at com.kms.katalon.core.main.TestCaseMain$startTestSuite$0.call(Unknown Source)
	at org.codehaus.groovy.runtime.callsite.CallSiteArray.defaultCall(CallSiteArray.java:48)
	at org.codehaus.groovy.runtime.callsite.AbstractCallSite.call(AbstractCallSite.java:113)
	at org.codehaus.groovy.runtime.callsite.AbstractCallSite.call(AbstractCallSite.java:141)
	at TempTestSuite1537807070351.run(TempTestSuite1537807070351.groovy:36)
	at groovy.lang.GroovyShell.runScriptOrMainOrTestOrRunnable(GroovyShell.java:263)
	at groovy.lang.GroovyShell.run(GroovyShell.java:518)
	at groovy.lang.GroovyShell.run(GroovyShell.java:507)
	at groovy.ui.GroovyMain.processOnce(GroovyMain.java:653)
	at groovy.ui.GroovyMain.run(GroovyMain.java:384)
	at groovy.ui.GroovyMain.process(GroovyMain.java:370)
	at groovy.ui.GroovyMain.processArgs(GroovyMain.java:129)
	at groovy.ui.GroovyMain.main(GroovyMain.java:109)
	at sun.reflect.NativeMethodAccessorImpl.invoke0(Native Method)
	at sun.reflect.NativeMethodAccessorImpl.invoke(NativeMethodAccessorImpl.java:62)
	at sun.reflect.DelegatingMethodAccessorImpl.invoke(DelegatingMethodAccessorImpl.java:43)
	at java.lang.reflect.Method.invoke(Method.java:498)
	at org.codehaus.groovy.tools.GroovyStarter.rootLoader(GroovyStarter.java:109)
	at org.codehaus.groovy.tools.GroovyStarter.main(GroovyStarter.java:131)
)]]></system-err>
      </testcase>
      <system-out><![CDATA[2018-09-24 09:37:52 - [TEST_SUITE][FAILED] - Full Sanity Test (US, mobile): Test Cases/US mobile test/Test all Shop top-level categories for Womens Shop (Makeup) FAILED because (of) (Stack trace: com.kms.katalon.core.exception.StepFailedException: Unable to click on object 'Object Repository/Page_Beauty Box Subscription for Wo/a_Eye Primers' (Root cause: org.openqa.selenium.WebDriverException: unknown error: Element <div class="SkylineCategoryBar__StyledCategory-bIlJTp dqXaUh">...</div> is not clickable at point (58, 644). Other element would receive the click: <div class="Drawer__MaskDiv-VGhMm utilities__cover___WKDvY gqjSAR" style="opacity: 0;"></div>
  (Session info: chrome=69.0.3497.100)
  (Driver info: chromedriver=2.35.528161 (5b82f2d2aae0ca24b877009200ced9065a772e73),platform=Windows NT 6.1.7601 SP1 x86_64) (WARNING: The server did not provide any stacktrace information)
Command duration or timeout: 0 milliseconds
Build info: version: '3.7.1', revision: '8a0099a', time: '2017-11-06T21:07:36.161Z'
System info: host: 'PLEMKTPLACE-08', ip: '10.241.184.32', os.name: 'Windows 7', os.arch: 'amd64', os.version: '6.1', java.version: '1.8.0_181'
Driver info: com.kms.katalon.selenium.driver.CChromeDriver
Capabilities {acceptInsecureCerts: false, acceptSslCerts: false, applicationCacheEnabled: false, browserConnectionEnabled: false, browserName: chrome, chrome: {chromedriverVersion: 2.35.528161 (5b82f2d2aae0ca..., userDataDir: C:\Users\vbrooks\AppData\Lo...}, cssSelectorsEnabled: true, databaseEnabled: false, handlesAlerts: true, hasTouchScreen: false, javascriptEnabled: true, locationContextEnabled: true, mobileEmulationEnabled: false, nativeEvents: true, networkConnectionEnabled: false, pageLoadStrategy: normal, platform: XP, platformName: XP, rotatable: false, setWindowRect: true, takesHeapSnapshot: true, takesScreenshot: true, unexpectedAlertBehaviour: , unhandledPromptBehavior: , version: 69.0.3497.100, webStorageEnabled: true}
Session ID: 5fdf4978f7a7fac2224539d199d0f170)
	at com.kms.katalon.core.keyword.internal.KeywordMain.stepFailed(KeywordMain.groovy:36)
	at com.kms.katalon.core.webui.keyword.internal.WebUIKeywordMain.stepFailed(WebUIKeywordMain.groovy:65)
	at com.kms.katalon.core.webui.keyword.internal.WebUIKeywordMain.runKeyword(WebUIKeywordMain.groovy:27)
	at com.kms.katalon.core.webui.keyword.builtin.ClickKeyword.click(ClickKeyword.groovy:86)
	at com.kms.katalon.core.webui.keyword.builtin.ClickKeyword.execute(ClickKeyword.groovy:67)
	at com.kms.katalon.core.keyword.internal.KeywordExecutor.executeKeywordForPlatform(KeywordExecutor.groovy:53)
	at com.kms.katalon.core.webui.keyword.WebUiBuiltInKeywords.click(WebUiBuiltInKeywords.groovy:616)
	at com.kms.katalon.core.webui.keyword.WebUiBuiltInKeywords$click$4.call(Unknown Source)
	at org.codehaus.groovy.runtime.callsite.CallSiteArray.defaultCall(CallSiteArray.java:48)
	at org.codehaus.groovy.runtime.callsite.AbstractCallSite.call(AbstractCallSite.java:113)
	at org.codehaus.groovy.runtime.callsite.AbstractCallSite.call(AbstractCallSite.java:125)
	at Script1536614250757.run(Script1536614250757.groovy:270)
	at com.kms.katalon.core.main.ScriptEngine.run(ScriptEngine.java:183)
	at com.kms.katalon.core.main.ScriptEngine.runScriptAsRawText(ScriptEngine.java:108)
	at com.kms.katalon.core.main.TestCaseExecutor.runScript(TestCaseExecutor.java:294)
	at com.kms.katalon.core.main.TestCaseExecutor.doExecute(TestCaseExecutor.java:285)
	at com.kms.katalon.core.main.TestCaseExecutor.processExecutionPhase(TestCaseExecutor.java:264)
	at com.kms.katalon.core.main.TestCaseExecutor.accessMainPhase(TestCaseExecutor.java:256)
	at com.kms.katalon.core.main.TestCaseExecutor.execute(TestCaseExecutor.java:200)
	at com.kms.katalon.core.main.TestSuiteExecutor.accessTestCaseMainPhase(TestSuiteExecutor.java:129)
	at com.kms.katalon.core.main.TestSuiteExecutor.accessTestSuiteMainPhase(TestSuiteExecutor.java:112)
	at com.kms.katalon.core.main.TestSuiteExecutor.execute(TestSuiteExecutor.java:81)
	at com.kms.katalon.core.main.TestCaseMain.startTestSuite(TestCaseMain.java:142)
	at com.kms.katalon.core.main.TestCaseMain$startTestSuite$0.call(Unknown Source)
	at org.codehaus.groovy.runtime.callsite.CallSiteArray.defaultCall(CallSiteArray.java:48)
	at org.codehaus.groovy.runtime.callsite.AbstractCallSite.call(AbstractCallSite.java:113)
	at org.codehaus.groovy.runtime.callsite.AbstractCallSite.call(AbstractCallSite.java:141)
	at TempTestSuite1537807070351.run(TempTestSuite1537807070351.groovy:36)
	at groovy.lang.GroovyShell.runScriptOrMainOrTestOrRunnable(GroovyShell.java:263)
	at groovy.lang.GroovyShell.run(GroovyShell.java:518)
	at groovy.lang.GroovyShell.run(GroovyShell.java:507)
	at groovy.ui.GroovyMain.processOnce(GroovyMain.java:653)
	at groovy.ui.GroovyMain.run(GroovyMain.java:384)
	at groovy.ui.GroovyMain.process(GroovyMain.java:370)
	at groovy.ui.GroovyMain.processArgs(GroovyMain.java:129)
	at groovy.ui.GroovyMain.main(GroovyMain.java:109)
	at sun.reflect.NativeMethodAccessorImpl.invoke0(Native Method)
	at sun.reflect.NativeMethodAccessorImpl.invoke(NativeMethodAccessorImpl.java:62)
	at sun.reflect.DelegatingMethodAccessorImpl.invoke(DelegatingMethodAccessorImpl.java:43)
	at java.lang.reflect.Method.invoke(Method.java:498)
	at org.codehaus.groovy.tools.GroovyStarter.rootLoader(GroovyStarter.java:109)
	at org.codehaus.groovy.tools.GroovyStarter.main(GroovyStarter.java:131)
)]]></system-out>
      <system-err><![CDATA[2018-09-24 09:37:52 - [TEST_SUITE][FAILED] - Full Sanity Test (US, mobile): Test Cases/US mobile test/Test all Shop top-level categories for Womens Shop (Makeup) FAILED because (of) (Stack trace: com.kms.katalon.core.exception.StepFailedException: Unable to click on object 'Object Repository/Page_Beauty Box Subscription for Wo/a_Eye Primers' (Root cause: org.openqa.selenium.WebDriverException: unknown error: Element <div class="SkylineCategoryBar__StyledCategory-bIlJTp dqXaUh">...</div> is not clickable at point (58, 644). Other element would receive the click: <div class="Drawer__MaskDiv-VGhMm utilities__cover___WKDvY gqjSAR" style="opacity: 0;"></div>
  (Session info: chrome=69.0.3497.100)
  (Driver info: chromedriver=2.35.528161 (5b82f2d2aae0ca24b877009200ced9065a772e73),platform=Windows NT 6.1.7601 SP1 x86_64) (WARNING: The server did not provide any stacktrace information)
Command duration or timeout: 0 milliseconds
Build info: version: '3.7.1', revision: '8a0099a', time: '2017-11-06T21:07:36.161Z'
System info: host: 'PLEMKTPLACE-08', ip: '10.241.184.32', os.name: 'Windows 7', os.arch: 'amd64', os.version: '6.1', java.version: '1.8.0_181'
Driver info: com.kms.katalon.selenium.driver.CChromeDriver
Capabilities {acceptInsecureCerts: false, acceptSslCerts: false, applicationCacheEnabled: false, browserConnectionEnabled: false, browserName: chrome, chrome: {chromedriverVersion: 2.35.528161 (5b82f2d2aae0ca..., userDataDir: C:\Users\vbrooks\AppData\Lo...}, cssSelectorsEnabled: true, databaseEnabled: false, handlesAlerts: true, hasTouchScreen: false, javascriptEnabled: true, locationContextEnabled: true, mobileEmulationEnabled: false, nativeEvents: true, networkConnectionEnabled: false, pageLoadStrategy: normal, platform: XP, platformName: XP, rotatable: false, setWindowRect: true, takesHeapSnapshot: true, takesScreenshot: true, unexpectedAlertBehaviour: , unhandledPromptBehavior: , version: 69.0.3497.100, webStorageEnabled: true}
Session ID: 5fdf4978f7a7fac2224539d199d0f170)
	at com.kms.katalon.core.keyword.internal.KeywordMain.stepFailed(KeywordMain.groovy:36)
	at com.kms.katalon.core.webui.keyword.internal.WebUIKeywordMain.stepFailed(WebUIKeywordMain.groovy:65)
	at com.kms.katalon.core.webui.keyword.internal.WebUIKeywordMain.runKeyword(WebUIKeywordMain.groovy:27)
	at com.kms.katalon.core.webui.keyword.builtin.ClickKeyword.click(ClickKeyword.groovy:86)
	at com.kms.katalon.core.webui.keyword.builtin.ClickKeyword.execute(ClickKeyword.groovy:67)
	at com.kms.katalon.core.keyword.internal.KeywordExecutor.executeKeywordForPlatform(KeywordExecutor.groovy:53)
	at com.kms.katalon.core.webui.keyword.WebUiBuiltInKeywords.click(WebUiBuiltInKeywords.groovy:616)
	at com.kms.katalon.core.webui.keyword.WebUiBuiltInKeywords$click$4.call(Unknown Source)
	at org.codehaus.groovy.runtime.callsite.CallSiteArray.defaultCall(CallSiteArray.java:48)
	at org.codehaus.groovy.runtime.callsite.AbstractCallSite.call(AbstractCallSite.java:113)
	at org.codehaus.groovy.runtime.callsite.AbstractCallSite.call(AbstractCallSite.java:125)
	at Script1536614250757.run(Script1536614250757.groovy:270)
	at com.kms.katalon.core.main.ScriptEngine.run(ScriptEngine.java:183)
	at com.kms.katalon.core.main.ScriptEngine.runScriptAsRawText(ScriptEngine.java:108)
	at com.kms.katalon.core.main.TestCaseExecutor.runScript(TestCaseExecutor.java:294)
	at com.kms.katalon.core.main.TestCaseExecutor.doExecute(TestCaseExecutor.java:285)
	at com.kms.katalon.core.main.TestCaseExecutor.processExecutionPhase(TestCaseExecutor.java:264)
	at com.kms.katalon.core.main.TestCaseExecutor.accessMainPhase(TestCaseExecutor.java:256)
	at com.kms.katalon.core.main.TestCaseExecutor.execute(TestCaseExecutor.java:200)
	at com.kms.katalon.core.main.TestSuiteExecutor.accessTestCaseMainPhase(TestSuiteExecutor.java:129)
	at com.kms.katalon.core.main.TestSuiteExecutor.accessTestSuiteMainPhase(TestSuiteExecutor.java:112)
	at com.kms.katalon.core.main.TestSuiteExecutor.execute(TestSuiteExecutor.java:81)
	at com.kms.katalon.core.main.TestCaseMain.startTestSuite(TestCaseMain.java:142)
	at com.kms.katalon.core.main.TestCaseMain$startTestSuite$0.call(Unknown Source)
	at org.codehaus.groovy.runtime.callsite.CallSiteArray.defaultCall(CallSiteArray.java:48)
	at org.codehaus.groovy.runtime.callsite.AbstractCallSite.call(AbstractCallSite.java:113)
	at org.codehaus.groovy.runtime.callsite.AbstractCallSite.call(AbstractCallSite.java:141)
	at TempTestSuite1537807070351.run(TempTestSuite1537807070351.groovy:36)
	at groovy.lang.GroovyShell.runScriptOrMainOrTestOrRunnable(GroovyShell.java:263)
	at groovy.lang.GroovyShell.run(GroovyShell.java:518)
	at groovy.lang.GroovyShell.run(GroovyShell.java:507)
	at groovy.ui.GroovyMain.processOnce(GroovyMain.java:653)
	at groovy.ui.GroovyMain.run(GroovyMain.java:384)
	at groovy.ui.GroovyMain.process(GroovyMain.java:370)
	at groovy.ui.GroovyMain.processArgs(GroovyMain.java:129)
	at groovy.ui.GroovyMain.main(GroovyMain.java:109)
	at sun.reflect.NativeMethodAccessorImpl.invoke0(Native Method)
	at sun.reflect.NativeMethodAccessorImpl.invoke(NativeMethodAccessorImpl.java:62)
	at sun.reflect.DelegatingMethodAccessorImpl.invoke(DelegatingMethodAccessorImpl.java:43)
	at java.lang.reflect.Method.invoke(Method.java:498)
	at org.codehaus.groovy.tools.GroovyStarter.rootLoader(GroovyStarter.java:109)
	at org.codehaus.groovy.tools.GroovyStarter.main(GroovyStarter.java:131)
)]]></system-err>
   </testsuite>
</testsuites>
